cpanm (App::cpanminus) 1.7014 on perl 5.018004 built for darwin-2level
Work directory is /Users/ether/.cpanm/work/1415990050.50326
You have make /usr/bin/make
You have LWP 6.08
You have /usr/bin/tar: bsdtar 2.8.3 - libarchive 2.8.3
You have /usr/bin/unzip
Checking if you have ExtUtils::MakeMaker 6.58 ... Yes (7.02)
Checking if you have ExtUtils::Install 1.46 ... Yes (2.04)
Searching CPAN on mirror http://mirrors.gossamer-threads.com/CPAN ...
Downloading index file http://mirrors.gossamer-threads.com/CPAN/modules/02packages.details.txt.gz ...
Uncompressing index file...
--> Working on CPAN
Fetching http://mirrors.gossamer-threads.com/CPAN/authors/id/A/AN/ANDK/CPAN-2.05.tar.gz
-> OK
Unpacking CPAN-2.05.tar.gz
Entering CPAN-2.05
Checking configure dependencies from META.json
Checking if you have ExtUtils::MakeMaker 0 ... Yes (7.02)
Configuring CPAN-2.05
Running Makefile.PL

Importing PAUSE public key into your GnuPG keychain... done!
(You may wish to trust it locally with 'gpg --lsign-key 450F89EC')
Checking if your kit is complete...
Looks good
Generating a Unix-style Makefile
Writing Makefile for CPAN
Writing MYMETA.yml and MYMETA.json
-> OK
Checking dependencies from MYMETA.json ...
Checking if you have CPAN::Meta::YAML 0 ... Yes (0.012)
Checking if you have Test::Harness 2.62 ... Yes (3.34)
Checking if you have IO::Compress::Base 0 ... Yes (2.066)
Checking if you have JSON::PP 0 ... Yes (2.27300)
Checking if you have Net::Ping 0 ... Yes (2.41)
Checking if you have File::HomeDir 0.69 ... Yes (1.00)
Checking if you have Digest::SHA 0 ... Yes (5.93)
Checking if you have YAML 0 ... Yes (1.12)
Checking if you have LWP::UserAgent 0 ... Yes (6.06)
Checking if you have Archive::Tar 0 ... Yes (2.02)
Checking if you have ExtUtils::MakeMaker 0 ... Yes (7.02)
Checking if you have CPAN::Meta 0 ... Yes (2.142690)
Checking if you have CPAN::Meta::Requirements 2.121 ... Yes (2.129)
Checking if you have Data::Dumper 0 ... Yes (2.154)
Checking if you have IO::Zlib 0 ... Yes (1.10)
Checking if you have Digest::MD5 0 ... Yes (2.53)
Checking if you have Net::FTP 0 ... Yes (3.02)
Checking if you have Module::Build 0 ... Yes (0.4210)
Checking if you have File::Which 0 ... Yes (1.09)
Checking if you have File::Spec 0 ... Yes (3.47)
Checking if you have Text::Glob 0 ... Yes (0.09)
Checking if you have Compress::Zlib 0 ... Yes (2.066)
Checking if you have File::Copy 0 ... Yes (2.26)
Checking if you have File::Temp 0 ... Yes (0.2304)
Checking if you have Parse::CPAN::Meta 0 ... Yes (1.4414)
Checking if you have Term::ReadKey 0 ... Yes (2.32)
Checking if you have Archive::Zip 0 ... Yes (1.39)
Checking if you have Text::Wrap 0 ... Yes (2013.0523)
Checking if you have Text::ParseWords 0 ... Yes (3.29)
Checking if you have Test::More 0 ... Yes (1.001009)
Checking if you have YAML::XS 0 ... Yes (0.52)
Checking if you have MIME::Base64 0 ... Yes (3.14)
Checking if you have Scalar::Util 0 ... Yes (1.41)
Checking if you have ExtUtils::CBuilder 0 ... Yes (0.280220)
Checking if you have HTTP::Tiny 0 ... Yes (0.050)
Checking if you have YAML::Syck 0 ... Yes (1.27)
Building and testing CPAN-2.05
cp scripts/cpan blib/script/cpan
"/Users/ether/perl5/perlbrew/perls/18.4/bin/perl" -MExtUtils::MY -e 'MY->fixin(shift)' -- blib/script/cpan
cp scripts/cpan-mirrors blib/script/cpan-mirrors
"/Users/ether/perl5/perlbrew/perls/18.4/bin/perl" -MExtUtils::MY -e 'MY->fixin(shift)' -- blib/script/cpan-mirrors
Manifying 1 pod document
Manifying 14 pod documents
PERL_DL_NONLAZY=1 "/Users/ether/perl5/perlbrew/perls/18.4/bin/perl" "-MExtUtils::Command::MM" "-MTest::Harness" "-e" "undef *Test::Harness::Switches; test_harness(0, 'blib/lib', 'blib/arch')" t/*.t
t/00signature.t ........ skipped: No Module::Signature found [INC = /Users/ether/.cpanm/work/1415990050.50326/CPAN-2.05/blib/lib /Users/ether/.cpanm/work/1415990050.50326/CPAN-2.05/blib/arch /Users/ether/.perlbrew/libs/18.4@std/lib/perl5/darwin-2level /Users/ether/.perlbrew/libs/18.4@std/lib/perl5/darwin-2level /Users/ether/.perlbrew/libs/18.4@std/lib/perl5 /Users/ether/.perlbrew/libs/18.4@std/lib/perl5/darwin-2level /Users/ether/.perlbrew/libs/18.4@std/lib/perl5 /Users/ether/perl5/perlbrew/perls/18.4/lib/site_perl/5.18.4/darwin-2level /Users/ether/perl5/perlbrew/perls/18.4/lib/site_perl/5.18.4 /Users/ether/perl5/perlbrew/perls/18.4/lib/5.18.4/darwin-2level /Users/ether/perl5/perlbrew/perls/18.4/lib/5.18.4 .]
t/10version.t .......... ok
t/02nox.t .............. ok
t/01loadme.t ........... ok
t/03pkgs.t ............. ok
t/14forkbomb.t ......... skipped: test only run when called with --doit
Can't locate CPAN/MyConfig.pm in @INC (you may need to install the CPAN::MyConfig module) (@INC contains: t /Users/ether/.cpanm/work/1415990050.50326/CPAN-2.05/blib/lib /Users/ether/.cpanm/work/1415990050.50326/CPAN-2.05/blib/arch /Users/ether/.perlbrew/libs/18.4@std/lib/perl5/darwin-2level /Users/ether/.perlbrew/libs/18.4@std/lib/perl5/darwin-2level /Users/ether/.perlbrew/libs/18.4@std/lib/perl5 /Users/ether/.cpanm/work/1415990050.50326/CPAN-2.05/blib/lib /Users/ether/.cpanm/work/1415990050.50326/CPAN-2.05/blib/arch /Users/ether/.perlbrew/libs/18.4@std/lib/perl5/darwin-2level /Users/ether/.perlbrew/libs/18.4@std/lib/perl5/darwin-2level /Users/ether/.perlbrew/libs/18.4@std/lib/perl5 /Users/ether/.perlbrew/libs/18.4@std/lib/perl5/darwin-2level /Users/ether/.perlbrew/libs/18.4@std/lib/perl5 /Users/ether/perl5/perlbrew/perls/18.4/lib/site_perl/5.18.4/darwin-2level /Users/ether/perl5/perlbrew/perls/18.4/lib/site_perl/5.18.4 /Users/ether/perl5/perlbrew/perls/18.4/lib/5.18.4/darwin-2level /Users/ether/perl5/perlbrew/perls/18.4/lib/5.18.4 .) at t/13tarzip.t line 11.
# Looks like your test exited with 2 before it could output anything.
t/13tarzip.t ........... 
Dubious, test returned 2 (wstat 512, 0x200)
Failed 4/4 subtests 
t/11mirroredby.t ....... ok

# Looks like you planned 28 tests but ran 1.
# Looks like your test exited with 2 just after 1.
t/12cpan.t ............. 
Dubious, test returned 2 (wstat 512, 0x200)
Failed 27/28 subtests 
t/41distribution.t ..... ok
t/43distroprefspref.t .. ok
t/44cpanmeta.t ......... ok

#   Failed test 'cmd[notest test CPAN::Test::Dummy::Perl5::Build::DepeFails]'
#   at t/31sessions.t line 552.
#                   'CPAN: LWP::UserAgent loaded ok (v6.06)
# CPAN: Time::HiRes loaded ok (v1.9726)
# CPAN: URI::URL loaded ok (v5.04)
# CPAN: YAML loaded ok (v1.12)
# Could not rename '/Users/ether/.cpanm/work/1415990050.50326/CPAN-2.05/t/dot-cpan/FTPstats.yml.50963' to '/Users/ether/.cpanm/work/1415990050.50326/CPAN-2.05/t/dot-cpan/FTPstats.yml': No such file or directory
# Reading '/Users/ether/.cpanm/work/1415990050.50326/CPAN-2.05/t/CPAN/authors/01mailrc.txt'
# CPAN: File::Which loaded ok (v1.09)
# ............................................................................DONE
# Reading '/Users/ether/.cpanm/work/1415990050.50326/CPAN-2.05/t/CPAN/modules/02packages.details.txt'
#   Database was generated on Tue, 03 Feb 1970 03:17:06 GMT
# Warning: This index file is 16355 days old.
#   Please check the host you chose as your CPAN mirror for staleness.
#   I'll continue but problems seem likely to happen.
# ............................................................................DONE
# Reading '/Users/ether/.cpanm/work/1415990050.50326/CPAN-2.05/t/CPAN/modules/03modlist.data'
# ............................................................................DONE
# '
#     doesn't match '/Running\sBuild\sfor[\s\S]+Skipping test because of notest pragma[\s\S]+Skipping test because of notest pragma[\s\S]+/'
##0(notest-test-dep)/0:{q['notest test CPAN::Test::Dummy::Perl5::Build::DepeFails']=>q["CPAN: LWP::UserAgent loaded ok (v6.06)\cJCPAN: Time::HiRes loaded ok (v1.9726)\cJCPAN: URI::URL loaded ok (v5.04)\cJCPAN: YAML loaded ok (v1.12)\cJCould not rename '/Users/ether/.cpanm/work/1415990050.50326/CPAN-2.05/t/dot-cpan/FTPstats.yml.50963' to '/Users/ether/.cpanm/work/1415990050.50326/CPAN-2.05/t/dot-cpan/FTPstats.yml': No such file or directory\cJReading '/Users/ether/.cpanm/work/1415990050.50326/CPAN-2.05/t/CPAN/authors/01mailrc.txt'\cJCPAN: File::Which loaded ok (v1.09)\cJ............................................................................DONE\cJReading '/Users/ether/.cpanm/work/1415990050.50326/CPAN-2.05/t/CPAN/modules/02packages.details.txt'\cJ  Database was generated on Tue, 03 Feb 1970 03:17:06 GMT\cJWarning: This index file is 16355 days old.\cJ  Please check the host you chose as your CPAN mirror for staleness.\cJ  I'll continue but problems seem likely to happen.\cG\cJ............................................................................DONE\cJReading '/Users/ether/.cpanm/work/1415990050.50326/CPAN-2.05/t/CPAN/modules/03modlist.data'\cJ............................................................................DONE\cJ"]}
t/50pod.t .............. ok
t/51pod.t .............. ok
t/04clean_load.t ....... ok
t/52podcover.t ......... ok
t/70_critic.t .......... skipped: Test::Perl::Critic only run when AUTHOR_TEST set
t/71_minimumversion.t .. skipped: running MinimumVersion test only run when AUTHOR_TEST set
t/60credentials.t ...... ok
t/42distroprefs.t ...... ok

#   Failed test 'cmd[get CPAN::Test::Dummy::Perl5::Make]'
#   at t/31sessions.t line 552.
#                   'CPAN: LWP::UserAgent loaded ok (v6.06)
# CPAN: Time::HiRes loaded ok (v1.9726)
# CPAN: URI::URL loaded ok (v5.04)
# Reading '/Users/ether/.cpanm/work/1415990050.50326/CPAN-2.05/t/CPAN/authors/01mailrc.txt'
# ............................................................................DONE
# Reading '/Users/ether/.cpanm/work/1415990050.50326/CPAN-2.05/t/CPAN/modules/02packages.details.txt'
#   Database was generated on Tue, 03 Feb 1970 03:17:06 GMT
# Warning: This index file is 16355 days old.
#   Please check the host you chose as your CPAN mirror for staleness.
#   I'll continue but problems seem likely to happen.
# ............................................................................DONE
# Reading '/Users/ether/.cpanm/work/1415990050.50326/CPAN-2.05/t/CPAN/modules/03modlist.data'
# ............................................................................DONE
# Running get for module 'CPAN::Test::Dummy::Perl5::Make'
# CPAN: Digest::SHA loaded ok (v5.93)
# Warning (usually harmless): 'YAML' not installed, cannot parse '/Users/ether/.cpanm/work/1415990050.50326/CPAN-2.05/t/dot-cpan/FTPstats.yml'
# CPAN: Compress::Zlib loaded ok (v2.066)
# Checksum for /Users/ether/.cpanm/work/1415990050.50326/CPAN-2.05/t/CPAN/authors/id/A/AN/ANDK/CPAN-Test-Dummy-Perl5-Make-1.05.tar.gz ok
# Scanning cache /Users/ether/.cpanm/work/1415990050.50326/CPAN-2.05/t/dot-cpan/build for sizes
# ............................................................................DONE
# CPAN: File::Temp loaded ok (v0.2304)
# 'YAML' not installed, will not store persistent state
# '
#     doesn't match '/(?sx:
#                      not.installed,.falling.back.*
#                      will.not.store.persistent.state)/'
##9(after we turned off yaml with dontload)/0:{q['get CPAN::Test::Dummy::Perl5::Make']=>q["CPAN: LWP::UserAgent loaded ok (v6.06)\cJCPAN: Time::HiRes loaded ok (v1.9726)\cJCPAN: URI::URL loaded ok (v5.04)\cJReading '/Users/ether/.cpanm/work/1415990050.50326/CPAN-2.05/t/CPAN/authors/01mailrc.txt'\cJ............................................................................DONE\cJReading '/Users/ether/.cpanm/work/1415990050.50326/CPAN-2.05/t/CPAN/modules/02packages.details.txt'\cJ  Database was generated on Tue, 03 Feb 1970 03:17:06 GMT\cJWarning: This index file is 16355 days old.\cJ  Please check the host you chose as your CPAN mirror for staleness.\cJ  I'll continue but problems seem likely to happen.\cG\cJ............................................................................DONE\cJReading '/Users/ether/.cpanm/work/1415990050.50326/CPAN-2.05/t/CPAN/modules/03modlist.data'\cJ............................................................................DONE\cJRunning get for module 'CPAN::Test::Dummy::Perl5::Make'\cJCPAN: Digest::SHA loaded ok (v5.93)\cJWarning (usually harmless): 'YAML' not installed, cannot parse '/Users/ether/.cpanm/work/1415990050.50326/CPAN-2.05/t/dot-cpan/FTPstats.yml'\cJCPAN: Compress::Zlib loaded ok (v2.066)\cJChecksum for /Users/ether/.cpanm/work/1415990050.50326/CPAN-2.05/t/CPAN/authors/id/A/AN/ANDK/CPAN-Test-Dummy-Perl5-Make-1.05.tar.gz ok\cJScanning cache /Users/ether/.cpanm/work/1415990050.50326/CPAN-2.05/t/dot-cpan/build for sizes\cJ............................................................................DONE\cJCPAN: File::Temp loaded ok (v0.2304)\cJ'YAML' not installed, will not store persistent state\cJ"]}

#   Failed test 'cmd[test CPAN::Test::Dummy::Perl5::Make::Features]'
#   at t/31sessions.t line 552.
#                   'Running test for module 'CPAN::Test::Dummy::Perl5::Make::Features'
# CPAN: Digest::SHA loaded ok (v5.93)
# CPAN: Compress::Zlib loaded ok (v2.066)
# Checksum for /Users/ether/.cpanm/work/1415990050.50326/CPAN-2.05/t/CPAN/authors/id/A/AN/ANDK/CPAN-Test-Dummy-Perl5-Make-Features-1.06.tar.gz ok
# Scanning cache /Users/ether/.cpanm/work/1415990050.50326/CPAN-2.05/t/dot-cpan/build for sizes
# ............................................................................DONE
# CPAN: File::Temp loaded ok (v0.2304)
# CPAN: Parse::CPAN::Meta loaded ok (v1.4414)
# CPAN: CPAN::Meta loaded ok (v2.142690)
# Configuring A/AN/ANDK/CPAN-Test-Dummy-Perl5-Make-Features-1.06.tar.gz with Makefile.PL
# Checking if your kit is complete...
# Looks good
# Generating a Unix-style Makefile
# Writing Makefile for CPAN::Test::Dummy::Perl5::Make::Features
# Writing MYMETA.yml and MYMETA.json
#   ANDK/CPAN-Test-Dummy-Perl5-Make-Features-1.06.tar.gz
#   /Users/ether/perl5/perlbrew/perls/18.4/bin/perl Makefile.PL -- OK
# Running make for A/AN/ANDK/CPAN-Test-Dummy-Perl5-Make-Features-1.06.tar.gz
# CPAN: Module::CoreList loaded ok (v5.20141020)
# Manifying 1 pod document
#   ANDK/CPAN-Test-Dummy-Perl5-Make-Features-1.06.tar.gz
#   /usr/bin/make -- OK
# Running make test
# PERL_DL_NONLAZY=1 "/Users/ether/perl5/perlbrew/perls/18.4/bin/perl" "-MExtUtils::Command::MM" "-MTest::Harness" "-e" "undef *Test::Harness::Switches; test_harness(0, 'blib/lib', 'blib/arch')" t/*.t
# t/00_load.t .. ok
# All tests successful.
# Files=1, Tests=2,  1 wallclock secs ( 0.02 usr +  0.01 sys =  0.03 CPU)
# Result: PASS
#   ANDK/CPAN-Test-Dummy-Perl5-Make-Features-1.06.tar.gz
#   /usr/bin/make test -- OK
# '
#     doesn't match '/(?sx:Builds.rice.+
#           ANDK/CPAN-Test-Dummy-Perl5-Build-\d.+
#           \./Build[ ]test[ ]--[ ]OK.+
#           ANDK/CPAN-Test-Dummy-Perl5-Make-Features-\d.+
#           make\S*[ ]test[ ]--[ ]OK)/'
##13(optional_features)/0:{q['dump $::x=6*6+9']=>q["CPAN: LWP::UserAgent loaded ok (v6.06)\cJCPAN: Time::HiRes loaded ok (v1.9726)\cJCPAN: URI::URL loaded ok (v5.04)\cJCPAN: YAML loaded ok (v1.12)\cJReading '/Users/ether/.cpanm/work/1415990050.50326/CPAN-2.05/t/CPAN/authors/01mailrc.txt'\cJReading 9 yaml files from /Users/ether/.cpanm/work/1415990050.50326/CPAN-2.05/t/dot-cpan/build/\cJ............................................................DONE\cJRestored the state of 6 (in 0.0722 secs)\cJ............................................................................DONE\cJReading '/Users/ether/.cpanm/work/1415990050.50326/CPAN-2.05/t/CPAN/modules/02packages.details.txt'\cJ  Database was generated on Tue, 03 Feb 1970 03:17:06 GMT\cJWarning: This index file is 16355 days old.\cJ  Please check the host you chose as your CPAN mirror for staleness.\cJ  I'll continue but problems seem likely to happen.\cG\cJ............................................................................DONE\cJReading '/Users/ether/.cpanm/work/1415990050.50326/CPAN-2.05/t/CPAN/modules/03modlist.data'\cJ............................................................................DONE\cJCPAN: Data::Dumper loaded ok (v2.154)\cJ\$VAR1 = 45;\cJ"]}
##13(optional_features)/1:{q['o conf build_dir']=>q['    build_dir          [/Users/ether/.cpanm/work/1415990050.50326/CPAN-2.05/t/dot-cpan/build]
Type \'o conf\' to view all configuration items

']}
##13(optional_features)/2:{q['o conf prefs_dir \'/Users/ether/.cpanm/work/1415990050.50326/CPAN-2.05/t/dot-cpan/prefs\'']=>q['    prefs_dir          [/Users/ether/.cpanm/work/1415990050.50326/CPAN-2.05/t/dot-cpan/prefs]
Please use \'o conf commit\' to make the config permanent!

']}
##13(optional_features)/3:{q['test CPAN::Test::Dummy::Perl5::Make::Features']=>q['Running test for module \'CPAN::Test::Dummy::Perl5::Make::Features\'
CPAN: Digest::SHA loaded ok (v5.93)
CPAN: Compress::Zlib loaded ok (v2.066)
Checksum for /Users/ether/.cpanm/work/1415990050.50326/CPAN-2.05/t/CPAN/authors/id/A/AN/ANDK/CPAN-Test-Dummy-Perl5-Make-Features-1.06.tar.gz ok
Scanning cache /Users/ether/.cpanm/work/1415990050.50326/CPAN-2.05/t/dot-cpan/build for sizes
............................................................................DONE
CPAN: File::Temp loaded ok (v0.2304)
CPAN: Parse::CPAN::Meta loaded ok (v1.4414)
CPAN: CPAN::Meta loaded ok (v2.142690)
Configuring A/AN/ANDK/CPAN-Test-Dummy-Perl5-Make-Features-1.06.tar.gz with Makefile.PL
Checking if your kit is complete...
Looks good
Generating a Unix-style Makefile
Writing Makefile for CPAN::Test::Dummy::Perl5::Make::Features
Writing MYMETA.yml and MYMETA.json
  ANDK/CPAN-Test-Dummy-Perl5-Make-Features-1.06.tar.gz
  /Users/ether/perl5/perlbrew/perls/18.4/bin/perl Makefile.PL -- OK
Running make for A/AN/ANDK/CPAN-Test-Dummy-Perl5-Make-Features-1.06.tar.gz
CPAN: Module::CoreList loaded ok (v5.20141020)
Manifying 1 pod document
  ANDK/CPAN-Test-Dummy-Perl5-Make-Features-1.06.tar.gz
  /usr/bin/make -- OK
Running make test
PERL_DL_NONLAZY=1 "/Users/ether/perl5/perlbrew/perls/18.4/bin/perl" "-MExtUtils::Command::MM" "-MTest::Harness" "-e" "undef *Test::Harness::Switches; test_harness(0, \'blib/lib\', \'blib/arch\')" t/*.t
t/00_load.t .. ok
All tests successful.
Files=1, Tests=2,  1 wallclock secs ( 0.02 usr +  0.01 sys =  0.03 CPU)
Result: PASS
  ANDK/CPAN-Test-Dummy-Perl5-Make-Features-1.06.tar.gz
  /usr/bin/make test -- OK
']}
# Looks like you failed 3 tests of 94.
t/31sessions.t ......... 
Dubious, test returned 3 (wstat 768, 0x300)
Failed 3/94 subtests 
# Looks like you planned 223 tests but ran 9.
t/30shell.t ............ 
Dubious, test returned 255 (wstat 65280, 0xff00)
Failed 214/223 subtests 

Test Summary Report
-------------------
t/13tarzip.t         (Wstat: 512 Tests: 0 Failed: 0)
  Non-zero exit status: 2
  Parse errors: Bad plan.  You planned 4 tests but ran 0.
t/12cpan.t           (Wstat: 512 Tests: 1 Failed: 0)
  Non-zero exit status: 2
  Parse errors: Bad plan.  You planned 28 tests but ran 1.
t/31sessions.t       (Wstat: 768 Tests: 94 Failed: 3)
  Failed tests:  3, 61, 85
  Non-zero exit status: 3
t/30shell.t          (Wstat: 65280 Tests: 9 Failed: 0)
  Non-zero exit status: 255
  Parse errors: Bad plan.  You planned 223 tests but ran 9.
Files=22, Tests=467, 243 wallclock secs ( 0.20 usr  0.07 sys + 36.38 cusr  4.46 csys = 41.11 CPU)
Result: FAIL
Failed 4/22 test programs. 3/467 subtests failed.
make: *** [test_dynamic] Error 255
-> FAIL Installing CPAN failed. See /Users/ether/.cpanm/work/1415990050.50326/build.log for details. Retry with --force to force install it.
