/usr/bin/perl.exe "-Iblib/lib" "-Iblib/arch" "-MExtUtils::Command::MM" "-e" "test_harness(0, 'blib/lib', 'blib/arch')" t/*.t t/compat/*.t
t/000-load........................Can't open perl script ""-I/cygdrive/c/Documents and Settings/johnt/My Documents/My Work/Test-Harness-3.09/blib/lib"": No such file or directory
 Dubious, test returned 2 (wstat 512, 0x200)
 No subtests run 
t/aggregator......................Can't open perl script ""-I/cygdrive/c/Documents and Settings/johnt/My Documents/My Work/Test-Harness-3.09/blib/lib"": No such file or directory
 Dubious, test returned 2 (wstat 512, 0x200)
 No subtests run 
t/bailout.........................Can't open perl script ""-I/cygdrive/c/Documents and Settings/johnt/My Documents/My Work/Test-Harness-3.09/blib/lib"": No such file or directory
 Dubious, test returned 2 (wstat 512, 0x200)
 No subtests run 
t/base............................Can't open perl script ""-I/cygdrive/c/Documents and Settings/johnt/My Documents/My Work/Test-Harness-3.09/blib/lib"": No such file or directory
 Dubious, test returned 2 (wstat 512, 0x200)
 No subtests run 
t/callbacks.......................Can't open perl script ""-I/cygdrive/c/Documents and Settings/johnt/My Documents/My Work/Test-Harness-3.09/blib/lib"": No such file or directory
 Dubious, test returned 2 (wstat 512, 0x200)
 No subtests run 
t/compat/env......................ok
t/compat/failure..................ok
t/compat/inc-propagation..........ok
t/compat/inc_taint................ok
t/compat/nonumbers................ok
t/compat/regression...............ok
t/compat/test-harness-compat......ok
t/compat/version..................Can't open perl script ""-I/cygdrive/c/Documents and Settings/johnt/My Documents/My Work/Test-Harness-3.09/blib/lib"": No such file or directory
 Dubious, test returned 2 (wstat 512, 0x200)
 No subtests run 
t/console.........................ok
t/errors..........................Can't open perl script ""-I/cygdrive/c/Documents and Settings/johnt/My Documents/My Work/Test-Harness-3.09/blib/lib"": No such file or directory
 Dubious, test returned 2 (wstat 512, 0x200)
 No subtests run 
t/grammar.........................ok
t/harness.........................ok
t/iterators.......................ok
t/multiplexer.....................ok
t/nofork-mux......................ok
t/nofork..........................Can't open perl script ""-I/cygdrive/c/Documents and Settings/johnt/My Documents/My Work/Test-Harness-3.09/blib/lib"": No such file or directory

#   Failed test 'status OK'
#   at t/nofork.t line 63.
#          got: 'Result: FAIL
# '
#     expected: 'Result: PASS
# '

#   Failed test 'ran with no fork'
#   at t/nofork.t line 65.
#          got: '
# '
#     expected: 'All tests successful.
# '
# Looks like you failed 2 tests of 4.
 Dubious, test returned 2 (wstat 512, 0x200)
 Failed 2/4 subtests 
t/parse...........................ok
t/premature-bailout...............Can't open perl script ""-I/cygdrive/c/Documents and Settings/johnt/My Documents/My Work/Test-Harness-3.09/blib/lib"": No such file or directory
 Dubious, test returned 2 (wstat 512, 0x200)
 No subtests run 
t/process.........................ok
t/prove...........................ok
t/proverc.........................ok
t/proverun........................ok
t/regression......................ok
t/results.........................Can't open perl script ""-I/cygdrive/c/Documents and Settings/johnt/My Documents/My Work/Test-Harness-3.09/blib/lib"": No such file or directory
 Dubious, test returned 2 (wstat 512, 0x200)
 No subtests run 
t/source..........................ok
t/spool...........................ok
t/state...........................ok
t/streams.........................Can't open perl script ""-I/cygdrive/c/Documents and Settings/johnt/My Documents/My Work/Test-Harness-3.09/blib/lib"": No such file or directory
 Dubious, test returned 2 (wstat 512, 0x200)
 No subtests run 
t/taint...........................ok
t/testargs........................ok
t/unicode.........................ok
t/utils...........................ok
t/yamlish-output..................Can't open perl script ""-I/cygdrive/c/Documents and Settings/johnt/My Documents/My Work/Test-Harness-3.09/blib/lib"": No such file or directory
 Dubious, test returned 2 (wstat 512, 0x200)
 No subtests run 
t/yamlish-writer..................ok
t/yamlish.........................ok

Test Summary Report
-------------------
t/000-load.t                  (Wstat: 512 Tests: 0 Failed: 0)
  Non-zero exit status: 2
  Parse errors: No plan found in TAP output
t/aggregator.t                (Wstat: 512 Tests: 0 Failed: 0)
  Non-zero exit status: 2
  Parse errors: No plan found in TAP output
t/bailout.t                   (Wstat: 512 Tests: 0 Failed: 0)
  Non-zero exit status: 2
  Parse errors: No plan found in TAP output
t/base.t                      (Wstat: 512 Tests: 0 Failed: 0)
  Non-zero exit status: 2
  Parse errors: No plan found in TAP output
t/callbacks.t                 (Wstat: 512 Tests: 0 Failed: 0)
  Non-zero exit status: 2
  Parse errors: No plan found in TAP output
t/compat/version.t            (Wstat: 512 Tests: 0 Failed: 0)
  Non-zero exit status: 2
  Parse errors: No plan found in TAP output
t/errors.t                    (Wstat: 512 Tests: 0 Failed: 0)
  Non-zero exit status: 2
  Parse errors: No plan found in TAP output
t/nofork.t                    (Wstat: 512 Tests: 4 Failed: 2)
  Failed tests:  3-4
  Non-zero exit status: 2
t/premature-bailout.t         (Wstat: 512 Tests: 0 Failed: 0)
  Non-zero exit status: 2
  Parse errors: No plan found in TAP output
t/results.t                   (Wstat: 512 Tests: 0 Failed: 0)
  Non-zero exit status: 2
  Parse errors: No plan found in TAP output
t/streams.t                   (Wstat: 512 Tests: 0 Failed: 0)
  Non-zero exit status: 2
  Parse errors: No plan found in TAP output
t/yamlish-output.t            (Wstat: 512 Tests: 0 Failed: 0)
  Non-zero exit status: 2
  Parse errors: No plan found in TAP output
Files=40, Tests=9804, 50 wallclock secs ( 2.86 usr  0.59 sys + 28.66 cusr 21.95 csys = 54.07 CPU)
Result: FAIL
Failed 12/40 test programs. 2/9804 subtests failed.
make: *** [test_dynamic] Error 255
