cp lib/Firefox/Marionette/Exception/StaleElement.pm blib\lib\Firefox\Marionette\Exception\StaleElement.pm
cp lib/Firefox/Marionette.pm blib\lib\Firefox\Marionette.pm
cp lib/Firefox/Marionette/Profile.pm blib\lib\Firefox\Marionette\Profile.pm
cp lib/Firefox/Marionette/Extension/HarExportTrigger.pm blib\lib\Firefox\Marionette\Extension\HarExportTrigger.pm
cp lib/Firefox/Marionette/Proxy.pm blib\lib\Firefox\Marionette\Proxy.pm
cp lib/Firefox/Marionette/Element/Rect.pm blib\lib\Firefox\Marionette\Element\Rect.pm
cp lib/Firefox/Marionette/Element.pm blib\lib\Firefox\Marionette\Element.pm
cp lib/Firefox/Marionette/Exception/NotFound.pm blib\lib\Firefox\Marionette\Exception\NotFound.pm
cp lib/Firefox/Marionette/Exception/InsecureCertificate.pm blib\lib\Firefox\Marionette\Exception\InsecureCertificate.pm
cp lib/Firefox/Marionette/Cookie.pm blib\lib\Firefox\Marionette\Cookie.pm
cp lib/Firefox/Marionette/Exception/NoSuchAlert.pm blib\lib\Firefox\Marionette\Exception\NoSuchAlert.pm
cp lib/Firefox/Marionette/Capabilities.pm blib\lib\Firefox\Marionette\Capabilities.pm
cp lib/Firefox/Marionette/Exception/Response.pm blib\lib\Firefox\Marionette\Exception\Response.pm
cp lib/Firefox/Marionette/Exception.pm blib\lib\Firefox\Marionette\Exception.pm
cp lib/Firefox/Marionette/Timeouts.pm blib\lib\Firefox\Marionette\Timeouts.pm
cp lib/Firefox/Marionette/Response.pm blib\lib\Firefox\Marionette\Response.pm
cp lib/Firefox/Marionette/Window/Rect.pm blib\lib\Firefox\Marionette\Window\Rect.pm
"C:\Strawberry\perl\bin\perl.exe" -MExtUtils::Command -e cp -- ssh-auth-cmd-marionette blib\script\ssh-auth-cmd-marionette
pl2bat.bat blib\script\ssh-auth-cmd-marionette
"C:\Strawberry\perl\bin\perl.exe" "-MExtUtils::Command::MM" "-MTest::Harness" "-e" "undef *Test::Harness::Switches; test_harness(0, 'blib\lib', 'blib\arch')" t/*.t
# Testing Firefox::Marionette 1.00_01
t/00.load.t ........ ok
# Version is 
# This firefox installation has 1 existing profiles
**** DEPRECATED - firefox_binary HAS BEEN REPLACED BY firefox **** at t/01-marionette.t line 444.
'C:\Strawberry\perl\bin\perl.exe --version' did not produce output that could be parsed.  Assuming modern Marionette is available at t/01-marionette.t line 449.
'C:\Strawberry\perl\bin\perl.exe --version' did not produce output that could be parsed.  Assuming modern Marionette is available at t/01-marionette.t line 449.
'C:\Strawberry\perl\bin\perl.exe --version' did not produce output that could be parsed.  Assuming modern Marionette is available at t/01-marionette.t line 449.
# TLS/Network seem okay
# Testing has been running for 4 seconds at t/01-marionette.t line 492
** "C:\PROGRA~2\MOZILL~1\firefox.exe" "-marionette" "-safe-mode" "-headless" "-profile" "C:\Users\Heinrich\AppData\Local\Temp\firefox_marionette_local_TIgl4kn5KjI\profile" "--no-remote" "--new-instance"
<< 50:{"applicationType":"gecko","marionetteProtocol":3}
>> 73:[0,1,"WebDriver:NewSession",{"capabilities":{"requiredCapabilities":{}}}]
<< 722:[1,1,null,{"sessionId":"684f7b28-0f0e-4b4d-bd32-2f36773a953c","capabilities":{"browserName":"firefox","browserVersion":"78.3.0","platformName":"windows","platformVersion":"6.1","acceptInsecureCerts":false,"pageLoadStrategy":"normal","setWindowRect":true,"timeouts":{"implicit":0,"pageLoad":300000,"script":30000},"strictFileInteractability":false,"unhandledPromptBehavior":"dismiss and notify","rotatable":false,"moz:accessibilityChecks":false,"moz:buildID":"20200914174320","moz:headless":true,"moz:processID":2312,"moz:profile":"C:\\Users\\Heinrich\\AppData\\Local\\Temp\\firefox_marionette_local_TIgl4kn5KjI\\profile","moz:shutdownTimeout":60000,"moz:useNonSpecCompliantPointerOrigin":false,"moz:webdriverClick":true}}]
>> 33:[0,2,"WebDriver:GetCapabilities"]
<< 671:[1,2,null,{"capabilities":{"browserName":"firefox","browserVersion":"78.3.0","platformName":"windows","platformVersion":"6.1","acceptInsecureCerts":false,"pageLoadStrategy":"normal","setWindowRect":true,"timeouts":{"implicit":0,"pageLoad":300000,"script":30000},"strictFileInteractability":false,"unhandledPromptBehavior":"dismiss and notify","rotatable":false,"moz:accessibilityChecks":false,"moz:buildID":"20200914174320","moz:headless":true,"moz:processID":2312,"moz:profile":"C:\\Users\\Heinrich\\AppData\\Local\\Temp\\firefox_marionette_local_TIgl4kn5KjI\\profile","moz:shutdownTimeout":60000,"moz:useNonSpecCompliantPointerOrigin":false,"moz:webdriverClick":true}}]
# Browser version is 78.3.0
# Operating System is windows 6.1
# Profile Directory is C:\Users\Heinrich\AppData\Local\Temp\firefox_marionette_local_TIgl4kn5KjI\profile
# Mozilla PID is 2312
# Firefox BuildID is 20200914174320
# Addons are disabled
>> 32:[0,3,"Marionette:GetWindowType"]
<< 40:[1,3,null,{"value":"navigator:browser"}]
>> 31:[0,4,"WebDriver:GetWindowRect"]
<< 50:[1,4,null,{"x":4,"y":4,"width":1366,"height":768}]
>> 70:[0,5,"WebDriver:SetWindowRect",{"x":3,"y":9,"width":326,"height":452}]
<< 49:[1,5,null,{"x":3,"y":9,"width":450,"height":452}]
>> 31:[0,6,"WebDriver:GetWindowRect"]
<< 49:[1,6,null,{"x":3,"y":9,"width":450,"height":452}]
>> 31:[0,7,"WebDriver:GetWindowRect"]
<< 49:[1,7,null,{"x":3,"y":9,"width":450,"height":452}]
>> 29:[0,8,"WebDriver:GetTimeouts"]
<< 58:[1,8,null,{"implicit":0,"pageLoad":300000,"script":30000}]
>> 80:[0,9,"WebDriver:SetTimeouts",{"pageLoad":45043,"script":48021,"implicit":41001}]
<< 25:[1,9,null,{"value":null}]
>> 30:[0,10,"WebDriver:GetTimeouts"]
<< 62:[1,10,null,{"implicit":41001,"pageLoad":45043,"script":48021}]
>> 81:[0,11,"WebDriver:SetTimeouts",{"pageLoad":45043,"script":48021,"implicit":41001}]
<< 26:[1,11,null,{"value":null}]
>> 171:[0,12,"WebDriver:ExecuteScript",{"args":[],"script":"window.open(\"https://duckduckgo.com\", \"_blank\");","value":"window.open(\"https://duckduckgo.com\", \"_blank\");"}]
<< 26:[1,12,null,{"value":null}]
>> 30:[0,13,"WebDriver:CloseWindow"]
<< 26:[1,13,null,["2147483651"]]
>> 32:[0,14,"WebDriver:DeleteSession"]
<< 26:[1,14,null,{"value":null}]
>> 74:[0,15,"WebDriver:NewSession",{"capabilities":{"requiredCapabilities":{}}}]
<< 723:[1,15,null,{"sessionId":"4fdfe6bc-5389-4c55-8894-40c96b27d4eb","capabilities":{"browserName":"firefox","browserVersion":"78.3.0","platformName":"windows","platformVersion":"6.1","acceptInsecureCerts":false,"pageLoadStrategy":"normal","setWindowRect":true,"timeouts":{"implicit":0,"pageLoad":300000,"script":30000},"strictFileInteractability":false,"unhandledPromptBehavior":"dismiss and notify","rotatable":false,"moz:accessibilityChecks":false,"moz:buildID":"20200914174320","moz:headless":true,"moz:processID":2312,"moz:profile":"C:\\Users\\Heinrich\\AppData\\Local\\Temp\\firefox_marionette_local_TIgl4kn5KjI\\profile","moz:shutdownTimeout":60000,"moz:useNonSpecCompliantPointerOrigin":false,"moz:webdriverClick":true}}]
>> 51:[0,16,"Marionette:Quit",{"flags":["eAttemptQuit"]}]
<< 32:[1,16,null,{"cause":"shutdown"}]
# Testing has been running for 14 seconds at t/01-marionette.t line 696
** "C:\PROGRA~2\MOZILL~1\firefox.exe" "-marionette" "-safe-mode" "-headless" "-profile" "C:\Users\Heinrich\AppData\Local\Temp\firefox_marionette_local_jVsv5AzfwJL\profile" "--no-remote" "--new-instance"
<< 50:{"applicationType":"gecko","marionetteProtocol":3}
>> 1020:[0,1,"WebDriver:NewSession",{"pageLoadStrategy":"eager","capabilities":{"requiredCapabilities":{"pageLoadStrategy":"eager","unhandledPromptBehavior":"accept and notify","moz:useNonSpecCompliantPointerOrigin":true,"acceptInsecureCerts":true,"moz:accessibilityChecks":true,"proxy":{"sslProxy":"proxy.example.org:4343","noProxy":["local.example.org"],"httpProxy":"localhost:50222","socksProxyVersion":5,"socksProxy":"socks.example.org:1081","socksVersion":5,"proxyType":"manual","ftpProxy":"ftp.example.org:2121"},"moz:webdriverClick":true,"strictFileInteractability":true}},"unhandledPromptBehavior":"accept and notify","moz:useNonSpecCompliantPointerOrigin":true,"moz:accessibilityChecks":true,"acceptInsecureCerts":true,"proxy":{"sslProxy":"proxy.example.org:4343","noProxy":["local.example.org"],"httpProxy":"localhost:50222","socksProxyVersion":5,"socksProxy":"socks.example.org:1081","socksVersion":5,"proxyType":"manual","ftpProxy":"ftp.example.org:2121"},"moz:webdriverClick":true,"strictFileInteractability":true}]
<< 1450:[1,1,null,{"sessionId":"2503f580-b40c-4868-baf1-a8c103b0e437","capabilities":{"browserName":"firefox","browserVersion":"78.3.0","platformName":"windows","platformVersion":"6.1","acceptInsecureCerts":true,"pageLoadStrategy":"eager","proxy":{"proxyType":"manual","ftpProxy":"ftp.example.org:2121","httpProxy":"localhost:50222","noProxy":["local.example.org"],"sslProxy":"proxy.example.org:4343","socksProxy":"socks.example.org:1081","socksVersion":5},"setWindowRect":true,"timeouts":{"implicit":0,"pageLoad":300000,"script":30000},"strictFileInteractability":true,"unhandledPromptBehavior":"accept and notify","rotatable":false,"moz:accessibilityChecks":true,"moz:buildID":"20200914174320","moz:headless":true,"moz:processID":6860,"moz:profile":"C:\\Users\\Heinrich\\AppData\\Local\\Temp\\firefox_marionette_local_jVsv5AzfwJL\\profile","moz:shutdownTimeout":60000,"moz:useNonSpecCompliantPointerOrigin":true,"moz:webdriverClick":true,"capabilities":{"requiredCapabilities":{"pageLoadStrategy":"eager","unhandledPromptBehavior":"accept and notify","moz:useNonSpecCompliantPointerOrigin":true,"acceptInsecureCerts":true,"moz:accessibilityChecks":true,"proxy":{"sslProxy":"proxy.example.org:4343","noProxy":["local.example.org"],"httpProxy":"localhost:50222","socksProxyVersion":5,"socksProxy":"socks.example.org:1081","socksVersion":5,"proxyType":"manual","ftpProxy":"ftp.example.org:2121"},"moz:webdriverClick":true,"strictFileInteractability":true}}}}]
>> 29:[0,2,"WebDriver:GetTimeouts"]
<< 58:[1,2,null,{"implicit":0,"pageLoad":300000,"script":30000}]
>> 78:[0,3,"WebDriver:SetTimeouts",{"script":4567,"implicit":6543,"pageLoad":54321}]
<< 25:[1,3,null,{"value":null}]
>> 33:[0,4,"WebDriver:GetCapabilities"]
<< 1400:[1,4,null,{"capabilities":{"browserName":"firefox","browserVersion":"78.3.0","platformName":"windows","platformVersion":"6.1","acceptInsecureCerts":true,"pageLoadStrategy":"eager","proxy":{"proxyType":"manual","ftpProxy":"ftp.example.org:2121","httpProxy":"localhost:50222","noProxy":["local.example.org"],"sslProxy":"proxy.example.org:4343","socksProxy":"socks.example.org:1081","socksVersion":5},"setWindowRect":true,"timeouts":{"implicit":6543,"pageLoad":54321,"script":4567},"strictFileInteractability":true,"unhandledPromptBehavior":"accept and notify","rotatable":false,"moz:accessibilityChecks":true,"moz:buildID":"20200914174320","moz:headless":true,"moz:processID":6860,"moz:profile":"C:\\Users\\Heinrich\\AppData\\Local\\Temp\\firefox_marionette_local_jVsv5AzfwJL\\profile","moz:shutdownTimeout":60000,"moz:useNonSpecCompliantPointerOrigin":true,"moz:webdriverClick":true,"capabilities":{"requiredCapabilities":{"pageLoadStrategy":"eager","unhandledPromptBehavior":"accept and notify","moz:useNonSpecCompliantPointerOrigin":true,"acceptInsecureCerts":true,"moz:accessibilityChecks":true,"proxy":{"sslProxy":"proxy.example.org:4343","noProxy":["local.example.org"],"httpProxy":"localhost:50222","socksProxyVersion":5,"socksProxy":"socks.example.org:1081","socksVersion":5,"proxyType":"manual","ftpProxy":"ftp.example.org:2121"},"moz:webdriverClick":true,"strictFileInteractability":true}}}}]
>> 33:[0,5,"WebDriver:GetCapabilities"]
<< 1400:[1,5,null,{"capabilities":{"browserName":"firefox","browserVersion":"78.3.0","platformName":"windows","platformVersion":"6.1","acceptInsecureCerts":true,"pageLoadStrategy":"eager","proxy":{"proxyType":"manual","ftpProxy":"ftp.example.org:2121","httpProxy":"localhost:50222","noProxy":["local.example.org"],"sslProxy":"proxy.example.org:4343","socksProxy":"socks.example.org:1081","socksVersion":5},"setWindowRect":true,"timeouts":{"implicit":6543,"pageLoad":54321,"script":4567},"strictFileInteractability":true,"unhandledPromptBehavior":"accept and notify","rotatable":false,"moz:accessibilityChecks":true,"moz:buildID":"20200914174320","moz:headless":true,"moz:processID":6860,"moz:profile":"C:\\Users\\Heinrich\\AppData\\Local\\Temp\\firefox_marionette_local_jVsv5AzfwJL\\profile","moz:shutdownTimeout":60000,"moz:useNonSpecCompliantPointerOrigin":true,"moz:webdriverClick":true,"capabilities":{"requiredCapabilities":{"pageLoadStrategy":"eager","unhandledPromptBehavior":"accept and notify","moz:useNonSpecCompliantPointerOrigin":true,"acceptInsecureCerts":true,"moz:accessibilityChecks":true,"proxy":{"sslProxy":"proxy.example.org:4343","noProxy":["local.example.org"],"httpProxy":"localhost:50222","socksProxyVersion":5,"socksProxy":"socks.example.org:1081","socksVersion":5,"proxyType":"manual","ftpProxy":"ftp.example.org:2121"},"moz:webdriverClick":true,"strictFileInteractability":true}}}}]
>> 50:[0,6,"Marionette:Quit",{"flags":["eAttemptQuit"]}]
<< 31:[1,6,null,{"cause":"shutdown"}]
# Testing has been running for 24 seconds at t/01-marionette.t line 870
** "C:\PROGRA~2\MOZILL~1\firefox.exe" "-marionette" "-safe-mode" "-headless" "-profile" "C:\Users\Heinrich\AppData\Local\Temp\firefox_marionette_local_HsyL11Iuy97\profile" "--no-remote" "--new-instance"
<< 50:{"applicationType":"gecko","marionetteProtocol":3}
>> 226:[0,1,"WebDriver:NewSession",{"capabilities":{"requiredCapabilities":{"proxy":{"proxyType":"pac","proxyAutoconfigUrl":"https://proxy.example.org"}}},"proxy":{"proxyType":"pac","proxyAutoconfigUrl":"https://proxy.example.org"}}]
<< 918:[1,1,null,{"sessionId":"67213105-39ab-4d64-a5c2-79f948d87576","capabilities":{"browserName":"firefox","browserVersion":"78.3.0","platformName":"windows","platformVersion":"6.1","acceptInsecureCerts":false,"pageLoadStrategy":"normal","proxy":{"proxyType":"pac","proxyAutoconfigUrl":"https://proxy.example.org"},"setWindowRect":true,"timeouts":{"implicit":0,"pageLoad":300000,"script":30000},"strictFileInteractability":false,"unhandledPromptBehavior":"dismiss and notify","rotatable":false,"moz:accessibilityChecks":false,"moz:buildID":"20200914174320","moz:headless":true,"moz:processID":8624,"moz:profile":"C:\\Users\\Heinrich\\AppData\\Local\\Temp\\firefox_marionette_local_HsyL11Iuy97\\profile","moz:shutdownTimeout":60000,"moz:useNonSpecCompliantPointerOrigin":false,"moz:webdriverClick":true,"capabilities":{"requiredCapabilities":{"proxy":{"proxyType":"pac","proxyAutoconfigUrl":"https://proxy.example.org"}}}}}]
>> 29:[0,2,"WebDriver:GetTimeouts"]
<< 58:[1,2,null,{"implicit":0,"pageLoad":300000,"script":30000}]
>> 76:[0,3,"WebDriver:SetTimeouts",{"script":30000,"implicit":0,"pageLoad":65432}]
<< 25:[1,3,null,{"value":null}]
>> 33:[0,4,"WebDriver:GetCapabilities"]
<< 866:[1,4,null,{"capabilities":{"browserName":"firefox","browserVersion":"78.3.0","platformName":"windows","platformVersion":"6.1","acceptInsecureCerts":false,"pageLoadStrategy":"normal","proxy":{"proxyType":"pac","proxyAutoconfigUrl":"https://proxy.example.org"},"setWindowRect":true,"timeouts":{"implicit":0,"pageLoad":65432,"script":30000},"strictFileInteractability":false,"unhandledPromptBehavior":"dismiss and notify","rotatable":false,"moz:accessibilityChecks":false,"moz:buildID":"20200914174320","moz:headless":true,"moz:processID":8624,"moz:profile":"C:\\Users\\Heinrich\\AppData\\Local\\Temp\\firefox_marionette_local_HsyL11Iuy97\\profile","moz:shutdownTimeout":60000,"moz:useNonSpecCompliantPointerOrigin":false,"moz:webdriverClick":true,"capabilities":{"requiredCapabilities":{"proxy":{"proxyType":"pac","proxyAutoconfigUrl":"https://proxy.example.org"}}}}}]
>> 50:[0,5,"Marionette:Quit",{"flags":["eAttemptQuit"]}]
<< 31:[1,5,null,{"cause":"shutdown"}]
# Testing has been running for 35 seconds at t/01-marionette.t line 893
** "C:\PROGRA~2\MOZILL~1\firefox.exe" "-marionette" "-safe-mode" "-headless" "-profile" "C:\Users\Heinrich\AppData\Local\Temp\firefox_marionette_local_gBDCM8nl6dE\profile" "--no-remote" "--new-instance"
<< 50:{"applicationType":"gecko","marionetteProtocol":3}
>> 352:[0,1,"WebDriver:NewSession",{"proxy":{"ftpProxy":"proxy.example.org:3128","httpProxy":"proxy.example.org:3128","sslProxy":"proxy.example.org:3128","proxyType":"manual"},"capabilities":{"requiredCapabilities":{"proxy":{"ftpProxy":"proxy.example.org:3128","httpProxy":"proxy.example.org:3128","sslProxy":"proxy.example.org:3128","proxyType":"manual"}}}}]
<< 1044:[1,1,null,{"sessionId":"eaf3b0de-b073-4083-9dc7-4ca1b7af2067","capabilities":{"browserName":"firefox","browserVersion":"78.3.0","platformName":"windows","platformVersion":"6.1","acceptInsecureCerts":false,"pageLoadStrategy":"normal","proxy":{"proxyType":"manual","ftpProxy":"proxy.example.org:3128","httpProxy":"proxy.example.org:3128","sslProxy":"proxy.example.org:3128"},"setWindowRect":true,"timeouts":{"implicit":0,"pageLoad":300000,"script":30000},"strictFileInteractability":false,"unhandledPromptBehavior":"dismiss and notify","rotatable":false,"moz:accessibilityChecks":false,"moz:buildID":"20200914174320","moz:headless":true,"moz:processID":8832,"moz:profile":"C:\\Users\\Heinrich\\AppData\\Local\\Temp\\firefox_marionette_local_gBDCM8nl6dE\\profile","moz:shutdownTimeout":60000,"moz:useNonSpecCompliantPointerOrigin":false,"moz:webdriverClick":true,"capabilities":{"requiredCapabilities":{"proxy":{"ftpProxy":"proxy.example.org:3128","httpProxy":"proxy.example.org:3128","sslProxy":"proxy.example.org:3128","proxyType":"manual"}}}}}]
>> 33:[0,2,"WebDriver:GetCapabilities"]
<< 993:[1,2,null,{"capabilities":{"browserName":"firefox","browserVersion":"78.3.0","platformName":"windows","platformVersion":"6.1","acceptInsecureCerts":false,"pageLoadStrategy":"normal","proxy":{"proxyType":"manual","ftpProxy":"proxy.example.org:3128","httpProxy":"proxy.example.org:3128","sslProxy":"proxy.example.org:3128"},"setWindowRect":true,"timeouts":{"implicit":0,"pageLoad":300000,"script":30000},"strictFileInteractability":false,"unhandledPromptBehavior":"dismiss and notify","rotatable":false,"moz:accessibilityChecks":false,"moz:buildID":"20200914174320","moz:headless":true,"moz:processID":8832,"moz:profile":"C:\\Users\\Heinrich\\AppData\\Local\\Temp\\firefox_marionette_local_gBDCM8nl6dE\\profile","moz:shutdownTimeout":60000,"moz:useNonSpecCompliantPointerOrigin":false,"moz:webdriverClick":true,"capabilities":{"requiredCapabilities":{"proxy":{"ftpProxy":"proxy.example.org:3128","httpProxy":"proxy.example.org:3128","sslProxy":"proxy.example.org:3128","proxyType":"manual"}}}}}]
>> 50:[0,3,"Marionette:Quit",{"flags":["eAttemptQuit"]}]
<< 31:[1,3,null,{"cause":"shutdown"}]
# Testing has been running for 45 seconds at t/01-marionette.t line 917
# WebDriver:Print command is supported for 78.3.0
# PDF::API2 tests are being run
# Testing has been running for 52 seconds at t/01-marionette.t line 1036
# Testing has been running for 68 seconds at t/01-marionette.t line 1061
** "C:\PROGRA~2\MOZILL~1\firefox.exe" "-marionette" "-headless" "-profile" "C:\Users\Heinrich\AppData\Local\Temp\firefox_marionette_local_MR7yXpYJSNz\profile" "--no-remote" "--new-instance" "--devtools"
<< 50:{"applicationType":"gecko","marionetteProtocol":3}
>> 73:[0,1,"WebDriver:NewSession",{"capabilities":{"requiredCapabilities":{}}}]
<< 722:[1,1,null,{"sessionId":"b0d47fa0-4f82-4f1e-9985-8f48877b1697","capabilities":{"browserName":"firefox","browserVersion":"78.3.0","platformName":"windows","platformVersion":"6.1","acceptInsecureCerts":false,"pageLoadStrategy":"normal","setWindowRect":true,"timeouts":{"implicit":0,"pageLoad":300000,"script":30000},"strictFileInteractability":false,"unhandledPromptBehavior":"dismiss and notify","rotatable":false,"moz:accessibilityChecks":false,"moz:buildID":"20200914174320","moz:headless":true,"moz:processID":8620,"moz:profile":"C:\\Users\\Heinrich\\AppData\\Local\\Temp\\firefox_marionette_local_MR7yXpYJSNz\\profile","moz:shutdownTimeout":60000,"moz:useNonSpecCompliantPointerOrigin":false,"moz:webdriverClick":true}}]
>> 177:[0,2,"Addon:Install",{"temporary":false,"path":"C:\\Users\\Heinrich\\AppData\\Local\\Temp\\firefox_marionette_local_MR7yXpYJSNz\\extension\\har_export_trigger-0.6.1-an+fx.xpi"}]
<< 54:[1,2,null,{"value":"harexporttrigger@getfirebug.com"}]
>> 29:[0,3,"Marionette:GetContext"]
<< 30:[1,3,null,{"value":"content"}]
>> 48:[0,4,"Marionette:SetContext",{"value":"chrome"}]
<< 25:[1,4,null,{"value":null}]
>> 1964:[0,5,"WebDriver:ExecuteScript",{"value":"if (typeof PerlFirefoxMarionette == \"undefined\" ) { PerlFirefoxMarionette = {}; } else { PerlFirefoxMarionette.headers.unregister(); } PerlFirefoxMarionette.headers = { observe: function(subject, topic, data) { this.onHeaderChanged(subject.QueryInterface(Components.interfaces.nsIHttpChannel), topic, data); }, register: function() { var observerService = Components.classes[\"@mozilla.org/observer-service;1\"].getService(Components.interfaces.nsIObserverService); observerService.addObserver(this, \"http-on-modify-request\", false); }, unregister: function() { var observerService = Components.classes[\"@mozilla.org/observer-service;1\"].getService(Components.interfaces.nsIObserverService); observerService.removeObserver(this, \"http-on-modify-request\"); }, onHeaderChanged: function(channel, topic, data) { channel.setRequestHeader(\"X-CPAN-Testing\", \"Firefox::Marionette 1.00_01\", true); } }; PerlFirefoxMarionette.headers.register(); ","script":"if (typeof PerlFirefoxMarionette == \"undefined\" ) { PerlFirefoxMarionette = {}; } else { PerlFirefoxMarionette.headers.unregister(); } PerlFirefoxMarionette.headers = { observe: function(subject, topic, data) { this.onHeaderChanged(subject.QueryInterface(Components.interfaces.nsIHttpChannel), topic, data); }, register: function() { var observerService = Components.classes[\"@mozilla.org/observer-service;1\"].getService(Components.interfaces.nsIObserverService); observerService.addObserver(this, \"http-on-modify-request\", false); }, unregister: function() { var observerService = Components.classes[\"@mozilla.org/observer-service;1\"].getService(Components.interfaces.nsIObserverService); observerService.removeObserver(this, \"http-on-modify-request\"); }, onHeaderChanged: function(channel, topic, data) { channel.setRequestHeader(\"X-CPAN-Testing\", \"Firefox::Marionette 1.00_01\", true); } }; PerlFirefoxMarionette.headers.register(); ","args":[]}]
<< 25:[1,5,null,{"value":null}]
>> 29:[0,6,"Marionette:GetContext"]
<< 29:[1,6,null,{"value":"chrome"}]
>> 49:[0,7,"Marionette:SetContext",{"value":"content"}]
<< 25:[1,7,null,{"value":null}]
>> 29:[0,8,"Marionette:GetContext"]
<< 30:[1,8,null,{"value":"content"}]
>> 48:[0,9,"Marionette:SetContext",{"value":"chrome"}]
<< 25:[1,9,null,{"value":null}]
>> 2085:[0,10,"WebDriver:ExecuteScript",{"args":[],"value":"if (typeof PerlFirefoxMarionette == \"undefined\" ) { PerlFirefoxMarionette = {}; } else { PerlFirefoxMarionette.headers.unregister(); } PerlFirefoxMarionette.headers = { observe: function(subject, topic, data) { this.onHeaderChanged(subject.QueryInterface(Components.interfaces.nsIHttpChannel), topic, data); }, register: function() { var observerService = Components.classes[\"@mozilla.org/observer-service;1\"].getService(Components.interfaces.nsIObserverService); observerService.addObserver(this, \"http-on-modify-request\", false); }, unregister: function() { var observerService = Components.classes[\"@mozilla.org/observer-service;1\"].getService(Components.interfaces.nsIObserverService); observerService.removeObserver(this, \"http-on-modify-request\"); }, onHeaderChanged: function(channel, topic, data) { channel.setRequestHeader(\"Accept-Language\", \"\", false); channel.setRequestHeader(\"X-CPAN-Testing\", \"Firefox::Marionette 1.00_01\", true); } }; PerlFirefoxMarionette.headers.register(); ","script":"if (typeof PerlFirefoxMarionette == \"undefined\" ) { PerlFirefoxMarionette = {}; } else { PerlFirefoxMarionette.headers.unregister(); } PerlFirefoxMarionette.headers = { observe: function(subject, topic, data) { this.onHeaderChanged(subject.QueryInterface(Components.interfaces.nsIHttpChannel), topic, data); }, register: function() { var observerService = Components.classes[\"@mozilla.org/observer-service;1\"].getService(Components.interfaces.nsIObserverService); observerService.addObserver(this, \"http-on-modify-request\", false); }, unregister: function() { var observerService = Components.classes[\"@mozilla.org/observer-service;1\"].getService(Components.interfaces.nsIObserverService); observerService.removeObserver(this, \"http-on-modify-request\"); }, onHeaderChanged: function(channel, topic, data) { channel.setRequestHeader(\"Accept-Language\", \"\", false); channel.setRequestHeader(\"X-CPAN-Testing\", \"Firefox::Marionette 1.00_01\", true); } }; PerlFirefoxMarionette.headers.register(); "}]
<< 26:[1,10,null,{"value":null}]
>> 30:[0,11,"Marionette:GetContext"]
<< 30:[1,11,null,{"value":"chrome"}]
>> 50:[0,12,"Marionette:SetContext",{"value":"content"}]
<< 26:[1,12,null,{"value":null}]
>> 34:[0,13,"WebDriver:GetCapabilities"]
<< 672:[1,13,null,{"capabilities":{"browserName":"firefox","browserVersion":"78.3.0","platformName":"windows","platformVersion":"6.1","acceptInsecureCerts":false,"pageLoadStrategy":"normal","setWindowRect":true,"timeouts":{"implicit":0,"pageLoad":300000,"script":30000},"strictFileInteractability":false,"unhandledPromptBehavior":"dismiss and notify","rotatable":false,"moz:accessibilityChecks":false,"moz:buildID":"20200914174320","moz:headless":true,"moz:processID":8620,"moz:profile":"C:\\Users\\Heinrich\\AppData\\Local\\Temp\\firefox_marionette_local_MR7yXpYJSNz\\profile","moz:shutdownTimeout":60000,"moz:useNonSpecCompliantPointerOrigin":false,"moz:webdriverClick":true}}]
>> 182:[0,14,"WebDriver:Navigate",{"url":"https://fastapi.metacpan.org/author/DDICK","sessionId":"b0d47fa0-4f82-4f1e-9985-8f48877b1697","value":"https://fastapi.metacpan.org/author/DDICK"}]
<< 26:[1,14,null,{"value":null}]
>> 213:[0,15,"WebDriver:ExecuteScript",{"args":[],"script":"if (document.readyState === \"complete\") { return 1; } else { return 0 }","value":"if (document.readyState === \"complete\") { return 1; } else { return 0 }"}]
<< 23:[1,15,null,{"value":1}]
>> 213:[0,16,"WebDriver:ExecuteScript",{"value":"if (document.readyState === \"complete\") { return 1; } else { return 0 }","script":"if (document.readyState === \"complete\") { return 1; } else { return 0 }","args":[]}]
<< 23:[1,16,null,{"value":1}]
# Testing has been running for 80 seconds at t/01-marionette.t line 1106
>> 51:[0,17,"Marionette:Quit",{"flags":["eAttemptQuit"]}]
<< 32:[1,17,null,{"cause":"shutdown"}]
# Switch to shadow root is broken:Failed to find element in t/01-marionette.t at line 1205
**** DEPRECATED METHOD - list HAS BEEN REPLACED BY find **** at t/01-marionette.t line 1215.
**** DEPRECATED METHOD - page_source HAS BEEN REPLACED BY html **** at t/01-marionette.t line 1268.
**** DEPRECATED METHOD - using find(..., BY_XPATH()) HAS BEEN REPLACED BY find **** at t/01-marionette.t line 1282.
**** DEPRECATED METHOD - find_element HAS BEEN REPLACED BY find **** at t/01-marionette.t line 1284.
**** DEPRECATED METHOD - find_by_class HAS BEEN REPLACED BY find_class **** at t/01-marionette.t line 1296.
**** DEPRECATED METHOD - find_by_class HAS BEEN REPLACED BY find_class **** at t/01-marionette.t line 1300.
**** DEPRECATED METHOD - using list HAS BEEN REPLACED BY find **** at t/01-marionette.t line 1300.
**** DEPRECATED METHOD - find_by_class HAS BEEN REPLACED BY find_class **** at t/01-marionette.t line 1306.
**** DEPRECATED METHOD - using find(..., BY_ID()) HAS BEEN REPLACED BY find_id **** at t/01-marionette.t line 1318.
**** DEPRECATED METHOD - list_by_id HAS BEEN REPLACED BY find_id **** at t/01-marionette.t line 1319.
**** DEPRECATED METHOD - find_by_id HAS BEEN REPLACED BY find_id **** at t/01-marionette.t line 1320.
**** DEPRECATED METHOD - find_by_class HAS BEEN REPLACED BY find_class **** at t/01-marionette.t line 1321.
**** DEPRECATED METHOD - using find_by_id HAS BEEN REPLACED BY find_id **** at t/01-marionette.t line 1321.
**** DEPRECATED METHOD - find_by_class HAS BEEN REPLACED BY find_class **** at t/01-marionette.t line 1325.
**** DEPRECATED METHOD - using list_by_id HAS BEEN REPLACED BY find_id **** at t/01-marionette.t line 1325.
**** DEPRECATED METHOD - find_by_class HAS BEEN REPLACED BY find_class **** at t/01-marionette.t line 1331.
**** DEPRECATED METHOD - using find_by_id HAS BEEN REPLACED BY find_id **** at t/01-marionette.t line 1331.
**** DEPRECATED METHOD - find_by_id HAS BEEN REPLACED BY find_id **** at t/01-marionette.t line 1343.
**** DEPRECATED METHOD - using find(..., BY_NAME()) HAS BEEN REPLACED BY find_name **** at t/01-marionette.t line 1349.
**** DEPRECATED METHOD - list_by_name HAS BEEN REPLACED BY find_name **** at t/01-marionette.t line 1350.
**** DEPRECATED METHOD - find_by_name HAS BEEN REPLACED BY find_name **** at t/01-marionette.t line 1351.
**** DEPRECATED METHOD - find_by_class HAS BEEN REPLACED BY find_class **** at t/01-marionette.t line 1352.
**** DEPRECATED METHOD - using find_by_name HAS BEEN REPLACED BY find_name **** at t/01-marionette.t line 1352.
**** DEPRECATED METHOD - find_by_class HAS BEEN REPLACED BY find_class **** at t/01-marionette.t line 1356.
**** DEPRECATED METHOD - using list_by_name HAS BEEN REPLACED BY find_name **** at t/01-marionette.t line 1356.
**** DEPRECATED METHOD - find_by_class HAS BEEN REPLACED BY find_class **** at t/01-marionette.t line 1362.
**** DEPRECATED METHOD - using find_by_name HAS BEEN REPLACED BY find_name **** at t/01-marionette.t line 1362.
**** DEPRECATED METHOD - find_by_name HAS BEEN REPLACED BY find_name **** at t/01-marionette.t line 1368.
**** DEPRECATED METHOD - using find(..., BY_TAG()) HAS BEEN REPLACED BY find_tag **** at t/01-marionette.t line 1380.
**** DEPRECATED METHOD - list_by_tag HAS BEEN REPLACED BY find_tag **** at t/01-marionette.t line 1381.
**** DEPRECATED METHOD - find_by_tag HAS BEEN REPLACED BY find_tag **** at t/01-marionette.t line 1382.
**** DEPRECATED METHOD - find_by_class HAS BEEN REPLACED BY find_class **** at t/01-marionette.t line 1383.
**** DEPRECATED METHOD - using find_by_tag HAS BEEN REPLACED BY find_tag **** at t/01-marionette.t line 1383.
**** DEPRECATED METHOD - find_by_class HAS BEEN REPLACED BY find_class **** at t/01-marionette.t line 1387.
**** DEPRECATED METHOD - using list_by_tag HAS BEEN REPLACED BY find_tag **** at t/01-marionette.t line 1387.
**** DEPRECATED METHOD - find_by_class HAS BEEN REPLACED BY find_class **** at t/01-marionette.t line 1393.
**** DEPRECATED METHOD - using find_by_tag HAS BEEN REPLACED BY find_tag **** at t/01-marionette.t line 1393.
**** DEPRECATED METHOD - find_by_tag HAS BEEN REPLACED BY find_tag **** at t/01-marionette.t line 1399.
**** DEPRECATED METHOD - using find(..., BY_CLASS()) HAS BEEN REPLACED BY find_class **** at t/01-marionette.t line 1411.
**** DEPRECATED METHOD - list_by_class HAS BEEN REPLACED BY find_class **** at t/01-marionette.t line 1412.
**** DEPRECATED METHOD - find_by_class HAS BEEN REPLACED BY find_class **** at t/01-marionette.t line 1413.
**** DEPRECATED METHOD - find_by_class HAS BEEN REPLACED BY find_class **** at t/01-marionette.t line 1414.
**** DEPRECATED METHOD - using find_by_class HAS BEEN REPLACED BY find_class **** at t/01-marionette.t line 1414.
**** DEPRECATED METHOD - find_by_class HAS BEEN REPLACED BY find_class **** at t/01-marionette.t line 1418.
**** DEPRECATED METHOD - using list_by_class HAS BEEN REPLACED BY find_class **** at t/01-marionette.t line 1418.
**** DEPRECATED METHOD - find_by_class HAS BEEN REPLACED BY find_class **** at t/01-marionette.t line 1424.
**** DEPRECATED METHOD - using find_by_class HAS BEEN REPLACED BY find_class **** at t/01-marionette.t line 1424.
**** DEPRECATED METHOD - using find(..., BY_SELECTOR()) HAS BEEN REPLACED BY find_selector **** at t/01-marionette.t line 1436.
**** DEPRECATED METHOD - list_by_selector HAS BEEN REPLACED BY find_selector **** at t/01-marionette.t line 1437.
**** DEPRECATED METHOD - find_by_selector HAS BEEN REPLACED BY find_selector **** at t/01-marionette.t line 1438.
**** DEPRECATED METHOD - find_by_class HAS BEEN REPLACED BY find_class **** at t/01-marionette.t line 1439.
**** DEPRECATED METHOD - using find_by_selector HAS BEEN REPLACED BY find_selector **** at t/01-marionette.t line 1439.
**** DEPRECATED METHOD - find_by_class HAS BEEN REPLACED BY find_class **** at t/01-marionette.t line 1443.
**** DEPRECATED METHOD - using list_by_selector HAS BEEN REPLACED BY find_selector **** at t/01-marionette.t line 1443.
**** DEPRECATED METHOD - find_by_class HAS BEEN REPLACED BY find_class **** at t/01-marionette.t line 1449.
**** DEPRECATED METHOD - using find_by_selector HAS BEEN REPLACED BY find_selector **** at t/01-marionette.t line 1449.
**** DEPRECATED METHOD - find_by_selector HAS BEEN REPLACED BY find_selector **** at t/01-marionette.t line 1455.
**** DEPRECATED METHOD - using find(..., BY_LINK()) HAS BEEN REPLACED BY find_link **** at t/01-marionette.t line 1467.
**** DEPRECATED METHOD - list_by_link HAS BEEN REPLACED BY find_link **** at t/01-marionette.t line 1468.
**** DEPRECATED METHOD - find_by_link HAS BEEN REPLACED BY find_link **** at t/01-marionette.t line 1469.
**** DEPRECATED METHOD - find_by_class HAS BEEN REPLACED BY find_class **** at t/01-marionette.t line 1474.
**** DEPRECATED METHOD - using find_by_link HAS BEEN REPLACED BY find_link **** at t/01-marionette.t line 1474.
**** DEPRECATED METHOD - find_by_class HAS BEEN REPLACED BY find_class **** at t/01-marionette.t line 1488.
**** DEPRECATED METHOD - using list_by_link HAS BEEN REPLACED BY find_link **** at t/01-marionette.t line 1488.
**** DEPRECATED METHOD - find_by_class HAS BEEN REPLACED BY find_class **** at t/01-marionette.t line 1501.
**** DEPRECATED METHOD - using find_by_link HAS BEEN REPLACED BY find_link **** at t/01-marionette.t line 1501.
**** DEPRECATED METHOD - find_by_link HAS BEEN REPLACED BY find_link **** at t/01-marionette.t line 1514.
**** DEPRECATED METHOD - using find(..., BY_PARTIAL()) HAS BEEN REPLACED BY find_partial **** at t/01-marionette.t line 1538.
**** DEPRECATED METHOD - list_by_partial HAS BEEN REPLACED BY find_partial **** at t/01-marionette.t line 1539.
**** DEPRECATED METHOD - find_by_partial HAS BEEN REPLACED BY find_partial **** at t/01-marionette.t line 1540.
**** DEPRECATED METHOD - find_by_class HAS BEEN REPLACED BY find_class **** at t/01-marionette.t line 1541.
**** DEPRECATED METHOD - using find_by_partial HAS BEEN REPLACED BY find_partial **** at t/01-marionette.t line 1541.
**** DEPRECATED METHOD - find_by_class HAS BEEN REPLACED BY find_class **** at t/01-marionette.t line 1545.
**** DEPRECATED METHOD - using list_by_partial HAS BEEN REPLACED BY find_partial **** at t/01-marionette.t line 1545.
**** DEPRECATED METHOD - find_by_class HAS BEEN REPLACED BY find_class **** at t/01-marionette.t line 1559.
**** DEPRECATED METHOD - using find_by_partial HAS BEEN REPLACED BY find_partial **** at t/01-marionette.t line 1559.
**** DEPRECATED METHOD - find_by_partial HAS BEEN REPLACED BY find_partial **** at t/01-marionette.t line 1573.
**** DEPRECATED METHOD - send_keys HAS BEEN REPLACED BY type **** at t/01-marionette.t line 1607.
**** DEPRECATED METHOD - find_elements HAS BEEN REPLACED BY find **** at t/01-marionette.t line 1625.
**** DEPRECATED METHOD - send_keys HAS BEEN REPLACED BY type **** at t/01-marionette.t line 1626.
# Possible no same-site support for 78.3.0
# Waiting for firefox to load after clicking back button
# Testing has been running for 100 seconds at t/01-marionette.t line 1788
# Testing has been running for 100 seconds at t/01-marionette.t line 2010
# Testing has been running for 108 seconds at t/01-marionette.t line 2113
# Testing has been running for 108 seconds at t/01-marionette.t line 2236
t/01-marionette.t .. ok
t/pod-coverage.t ... ok
t/pod.t ............ ok
All tests successful.

Test Summary Report
-------------------
t/01-marionette.t (Wstat: 0 Tests: 418 Failed: 0)
  TODO passed:   298
Files=4, Tests=455, 111 wallclock secs ( 0.14 usr +  0.03 sys =  0.17 CPU)
Result: PASS
