C/home/grape/perl5/lib/perl5/MSWin32-x86-multi-thread-64int/auto/share/dist/Alien-PCRE2/share/doc/pcre2/html/pcre2_match
_context_copy.html C:/home/grape/.cpanm/work/1501071099.1344/Alien-PCRE2-0.013000/blib/lib/auto/share/dist/Alien-PCRE2/s
hare/doc/pcre2/html/pcre2_match_context_copy.html
Alien::Build::Util> Alien::Build> cp C:/home/grape/.cpanm/work/1501071099.1344/Alien-PCRE2-0.013000/_alien/destdir_PvZr/
C/home/grape/perl5/lib/perl5/MSWin32-x86-multi-thread-64int/auto/share/dist/Alien-PCRE2/share/doc/pcre2/html/pcre2_match
_context_create.html C:/home/grape/.cpanm/work/1501071099.1344/Alien-PCRE2-0.013000/blib/lib/auto/share/dist/Alien-PCRE2
/share/doc/pcre2/html/pcre2_match_context_create.html
Alien::Build::Util> Alien::Build> cp C:/home/grape/.cpanm/work/1501071099.1344/Alien-PCRE2-0.013000/_alien/destdir_PvZr/
C/home/grape/perl5/lib/perl5/MSWin32-x86-multi-thread-64int/auto/share/dist/Alien-PCRE2/share/doc/pcre2/html/pcre2_match
_context_free.html C:/home/grape/.cpanm/work/1501071099.1344/Alien-PCRE2-0.013000/blib/lib/auto/share/dist/Alien-PCRE2/s
hare/doc/pcre2/html/pcre2_match_context_free.html
Alien::Build::Util> Alien::Build> cp C:/home/grape/.cpanm/work/1501071099.1344/Alien-PCRE2-0.013000/_alien/destdir_PvZr/
C/home/grape/perl5/lib/perl5/MSWin32-x86-multi-thread-64int/auto/share/dist/Alien-PCRE2/share/doc/pcre2/html/pcre2_match
_data_create.html C:/home/grape/.cpanm/work/1501071099.1344/Alien-PCRE2-0.013000/blib/lib/auto/share/dist/Alien-PCRE2/sh
are/doc/pcre2/html/pcre2_match_data_create.html
Alien::Build::Util> Alien::Build> cp C:/home/grape/.cpanm/work/1501071099.1344/Alien-PCRE2-0.013000/_alien/destdir_PvZr/
C/home/grape/perl5/lib/perl5/MSWin32-x86-multi-thread-64int/auto/share/dist/Alien-PCRE2/share/doc/pcre2/html/pcre2_match
_data_create_from_pattern.html C:/home/grape/.cpanm/work/1501071099.1344/Alien-PCRE2-0.013000/blib/lib/auto/share/dist/A
lien-PCRE2/share/doc/pcre2/html/pcre2_match_data_create_from_pattern.html
Alien::Build::Util> Alien::Build> cp C:/home/grape/.cpanm/work/1501071099.1344/Alien-PCRE2-0.013000/_alien/destdir_PvZr/
C/home/grape/perl5/lib/perl5/MSWin32-x86-multi-thread-64int/auto/share/dist/Alien-PCRE2/share/doc/pcre2/html/pcre2_match
_data_free.html C:/home/grape/.cpanm/work/1501071099.1344/Alien-PCRE2-0.013000/blib/lib/auto/share/dist/Alien-PCRE2/shar
e/doc/pcre2/html/pcre2_match_data_free.html
Alien::Build::Util> Alien::Build> cp C:/home/grape/.cpanm/work/1501071099.1344/Alien-PCRE2-0.013000/_alien/destdir_PvZr/
C/home/grape/perl5/lib/perl5/MSWin32-x86-multi-thread-64int/auto/share/dist/Alien-PCRE2/share/doc/pcre2/html/pcre2_patte
rn_info.html C:/home/grape/.cpanm/work/1501071099.1344/Alien-PCRE2-0.013000/blib/lib/auto/share/dist/Alien-PCRE2/share/d
oc/pcre2/html/pcre2_pattern_info.html
Alien::Build::Util> Alien::Build> cp C:/home/grape/.cpanm/work/1501071099.1344/Alien-PCRE2-0.013000/_alien/destdir_PvZr/
C/home/grape/perl5/lib/perl5/MSWin32-x86-multi-thread-64int/auto/share/dist/Alien-PCRE2/share/doc/pcre2/html/pcre2_seria
lize_decode.html C:/home/grape/.cpanm/work/1501071099.1344/Alien-PCRE2-0.013000/blib/lib/auto/share/dist/Alien-PCRE2/sha
re/doc/pcre2/html/pcre2_serialize_decode.html
Alien::Build::Util> Alien::Build> cp C:/home/grape/.cpanm/work/1501071099.1344/Alien-PCRE2-0.013000/_alien/destdir_PvZr/
C/home/grape/perl5/lib/perl5/MSWin32-x86-multi-thread-64int/auto/share/dist/Alien-PCRE2/share/doc/pcre2/html/pcre2_seria
lize_encode.html C:/home/grape/.cpanm/work/1501071099.1344/Alien-PCRE2-0.013000/blib/lib/auto/share/dist/Alien-PCRE2/sha
re/doc/pcre2/html/pcre2_serialize_encode.html
Alien::Build::Util> Alien::Build> cp C:/home/grape/.cpanm/work/1501071099.1344/Alien-PCRE2-0.013000/_alien/destdir_PvZr/
C/home/grape/perl5/lib/perl5/MSWin32-x86-multi-thread-64int/auto/share/dist/Alien-PCRE2/share/doc/pcre2/html/pcre2_seria
lize_free.html C:/home/grape/.cpanm/work/1501071099.1344/Alien-PCRE2-0.013000/blib/lib/auto/share/dist/Alien-PCRE2/share
/doc/pcre2/html/pcre2_serialize_free.html
Alien::Build::Util> Alien::Build> cp C:/home/grape/.cpanm/work/1501071099.1344/Alien-PCRE2-0.013000/_alien/destdir_PvZr/
C/home/grape/perl5/lib/perl5/MSWin32-x86-multi-thread-64int/auto/share/dist/Alien-PCRE2/share/doc/pcre2/html/pcre2_seria
lize_get_number_of_codes.html C:/home/grape/.cpanm/work/1501071099.1344/Alien-PCRE2-0.013000/blib/lib/auto/share/dist/Al
ien-PCRE2/share/doc/pcre2/html/pcre2_serialize_get_number_of_codes.html
Alien::Build::Util> Alien::Build> cp C:/home/grape/.cpanm/work/1501071099.1344/Alien-PCRE2-0.013000/_alien/destdir_PvZr/
C/home/grape/perl5/lib/perl5/MSWin32-x86-multi-thread-64int/auto/share/dist/Alien-PCRE2/share/doc/pcre2/html/pcre2_set_b
sr.html C:/home/grape/.cpanm/work/1501071099.1344/Alien-PCRE2-0.013000/blib/lib/auto/share/dist/Alien-PCRE2/share/doc/pc
re2/html/pcre2_set_bsr.html
Alien::Build::Util> Alien::Build> cp C:/home/grape/.cpanm/work/1501071099.1344/Alien-PCRE2-0.013000/_alien/destdir_PvZr/
C/home/grape/perl5/lib/perl5/MSWin32-x86-multi-thread-64int/auto/share/dist/Alien-PCRE2/share/doc/pcre2/html/pcre2_set_c
allout.html C:/home/grape/.cpanm/work/1501071099.1344/Alien-PCRE2-0.013000/blib/lib/auto/share/dist/Alien-PCRE2/share/do
c/pcre2/html/pcre2_set_callout.html
Alien::Build::Util> Alien::Build> cp C:/home/grape/.cpanm/work/1501071099.1344/Alien-PCRE2-0.013000/_alien/destdir_PvZr/
C/home/grape/perl5/lib/perl5/MSWin32-x86-multi-thread-64int/auto/share/dist/Alien-PCRE2/share/doc/pcre2/html/pcre2_set_c
haracter_tables.html C:/home/grape/.cpanm/work/1501071099.1344/Alien-PCRE2-0.013000/blib/lib/auto/share/dist/Alien-PCRE2
/share/doc/pcre2/html/pcre2_set_character_tables.html
Alien::Build::Util> Alien::Build> cp C:/home/grape/.cpanm/work/1501071099.1344/Alien-PCRE2-0.013000/_alien/destdir_PvZr/
C/home/grape/perl5/lib/perl5/MSWin32-x86-multi-thread-64int/auto/share/dist/Alien-PCRE2/share/doc/pcre2/html/pcre2_set_c
ompile_extra_options.html C:/home/grape/.cpanm/work/1501071099.1344/Alien-PCRE2-0.013000/blib/lib/auto/share/dist/Alien-
PCRE2/share/doc/pcre2/html/pcre2_set_compile_extra_options.html
Alien::Build::Util> Alien::Build> cp C:/home/grape/.cpanm/work/1501071099.1344/Alien-PCRE2-0.013000/_alien/destdir_PvZr/
C/home/grape/perl5/lib/perl5/MSWin32-x86-multi-thread-64int/auto/share/dist/Alien-PCRE2/share/doc/pcre2/html/pcre2_set_c
ompile_recursion_guard.html C:/home/grape/.cpanm/work/1501071099.1344/Alien-PCRE2-0.013000/blib/lib/auto/share/dist/Alie
n-PCRE2/share/doc/pcre2/html/pcre2_set_compile_recursion_guard.html
Alien::Build::Util> Alien::Build> cp C:/home/grape/.cpanm/work/1501071099.1344/Alien-PCRE2-0.013000/_alien/destdir_PvZr/
C/home/grape/perl5/lib/perl5/MSWin32-x86-multi-thread-64int/auto/share/dist/Alien-PCRE2/share/doc/pcre2/html/pcre2_set_d
epth_limit.html C:/home/grape/.cpanm/work/1501071099.1344/Alien-PCRE2-0.013000/blib/lib/auto/share/dist/Alien-PCRE2/shar
e/doc/pcre2/html/pcre2_set_depth_limit.html
Alien::Build::Util> Alien::Build> cp C:/home/grape/.cpanm/work/1501071099.1344/Alien-PCRE2-0.013000/_alien/destdir_PvZr/
C/home/grape/perl5/lib/perl5/MSWin32-x86-multi-thread-64int/auto/share/dist/Alien-PCRE2/share/doc/pcre2/html/pcre2_set_h
eap_limit.html C:/home/grape/.cpanm/work/1501071099.1344/Alien-PCRE2-0.013000/blib/lib/auto/share/dist/Alien-PCRE2/share
/doc/pcre2/html/pcre2_set_heap_limit.html
Alien::Build::Util> Alien::Build> cp C:/home/grape/.cpanm/work/1501071099.1344/Alien-PCRE2-0.013000/_alien/destdir_PvZr/
C/home/grape/perl5/lib/perl5/MSWin32-x86-multi-thread-64int/auto/share/dist/Alien-PCRE2/share/doc/pcre2/html/pcre2_set_m
atch_limit.html C:/home/grape/.cpanm/work/1501071099.1344/Alien-PCRE2-0.013000/blib/lib/auto/share/dist/Alien-PCRE2/shar
e/doc/pcre2/html/pcre2_set_match_limit.html
Alien::Build::Util> Alien::Build> cp C:/home/grape/.cpanm/work/1501071099.1344/Alien-PCRE2-0.013000/_alien/destdir_PvZr/
C/home/grape/perl5/lib/perl5/MSWin32-x86-multi-thread-64int/auto/share/dist/Alien-PCRE2/share/doc/pcre2/html/pcre2_set_m
ax_pattern_length.html C:/home/grape/.cpanm/work/1501071099.1344/Alien-PCRE2-0.013000/blib/lib/auto/share/dist/Alien-PCR
E2/share/doc/pcre2/html/pcre2_set_max_pattern_length.html
Alien::Build::Util> Alien::Build> cp C:/home/grape/.cpanm/work/1501071099.1344/Alien-PCRE2-0.013000/_alien/destdir_PvZr/
C/home/grape/perl5/lib/perl5/MSWin32-x86-multi-thread-64int/auto/share/dist/Alien-PCRE2/share/doc/pcre2/html/pcre2_set_n
ewline.html C:/home/grape/.cpanm/work/1501071099.1344/Alien-PCRE2-0.013000/blib/lib/auto/share/dist/Alien-PCRE2/share/do
c/pcre2/html/pcre2_set_newline.html
Alien::Build::Util> Alien::Build> cp C:/home/grape/.cpanm/work/1501071099.1344/Alien-PCRE2-0.013000/_alien/destdir_PvZr/
C/home/grape/perl5/lib/perl5/MSWin32-x86-multi-thread-64int/auto/share/dist/Alien-PCRE2/share/doc/pcre2/html/pcre2_set_o
ffset_limit.html C:/home/grape/.cpanm/work/1501071099.1344/Alien-PCRE2-0.013000/blib/lib/auto/share/dist/Alien-PCRE2/sha
re/doc/pcre2/html/pcre2_set_offset_limit.html
Alien::Build::Util> Alien::Build> cp C:/home/grape/.cpanm/work/1501071099.1344/Alien-PCRE2-0.013000/_alien/destdir_PvZr/
C/home/grape/perl5/lib/perl5/MSWin32-x86-multi-thread-64int/auto/share/dist/Alien-PCRE2/share/doc/pcre2/html/pcre2_set_p
arens_nest_limit.html C:/home/grape/.cpanm/work/1501071099.1344/Alien-PCRE2-0.013000/blib/lib/auto/share/dist/Alien-PCRE
2/share/doc/pcre2/html/pcre2_set_parens_nest_limit.html
Alien::Build::Util> Alien::Build> cp C:/home/grape/.cpanm/work/1501071099.1344/Alien-PCRE2-0.013000/_alien/destdir_PvZr/
C/home/grape/perl5/lib/perl5/MSWin32-x86-multi-thread-64int/auto/share/dist/Alien-PCRE2/share/doc/pcre2/html/pcre2_set_r
ecursion_limit.html C:/home/grape/.cpanm/work/1501071099.1344/Alien-PCRE2-0.013000/blib/lib/auto/share/dist/Alien-PCRE2/
share/doc/pcre2/html/pcre2_set_recursion_limit.html
Alien::Build::Util> Alien::Build> cp C:/home/grape/.cpanm/work/1501071099.1344/Alien-PCRE2-0.013000/_alien/destdir_PvZr/
C/home/grape/perl5/lib/perl5/MSWin32-x86-multi-thread-64int/auto/share/dist/Alien-PCRE2/share/doc/pcre2/html/pcre2_set_r
ecursion_memory_management.html C:/home/grape/.cpanm/work/1501071099.1344/Alien-PCRE2-0.013000/blib/lib/auto/share/dist/
Alien-PCRE2/share/doc/pcre2/html/pcre2_set_recursion_memory_management.html
Alien::Build::Util> Alien::Build> cp C:/home/grape/.cpanm/work/1501071099.1344/Alien-PCRE2-0.013000/_alien/destdir_PvZr/
C/home/grape/perl5/lib/perl5/MSWin32-x86-multi-thread-64int/auto/share/dist/Alien-PCRE2/share/doc/pcre2/html/pcre2_subst
itute.html C:/home/grape/.cpanm/work/1501071099.1344/Alien-PCRE2-0.013000/blib/lib/auto/share/dist/Alien-PCRE2/share/doc
/pcre2/html/pcre2_substitute.html
Alien::Build::Util> Alien::Build> cp C:/home/grape/.cpanm/work/1501071099.1344/Alien-PCRE2-0.013000/_alien/destdir_PvZr/
C/home/grape/perl5/lib/perl5/MSWin32-x86-multi-thread-64int/auto/share/dist/Alien-PCRE2/share/doc/pcre2/html/pcre2_subst
ring_copy_byname.html C:/home/grape/.cpanm/work/1501071099.1344/Alien-PCRE2-0.013000/blib/lib/auto/share/dist/Alien-PCRE
2/share/doc/pcre2/html/pcre2_substring_copy_byname.html
Alien::Build::Util> Alien::Build> cp C:/home/grape/.cpanm/work/1501071099.1344/Alien-PCRE2-0.013000/_alien/destdir_PvZr/
C/home/grape/perl5/lib/perl5/MSWin32-x86-multi-thread-64int/auto/share/dist/Alien-PCRE2/share/doc/pcre2/html/pcre2_subst
ring_copy_bynumber.html C:/home/grape/.cpanm/work/1501071099.1344/Alien-PCRE2-0.013000/blib/lib/auto/share/dist/Alien-PC
RE2/share/doc/pcre2/html/pcre2_substring_copy_bynumber.html
Alien::Build::Util> Alien::Build> cp C:/home/grape/.cpanm/work/1501071099.1344/Alien-PCRE2-0.013000/_alien/destdir_PvZr/
C/home/grape/perl5/lib/perl5/MSWin32-x86-multi-thread-64int/auto/share/dist/Alien-PCRE2/share/doc/pcre2/html/pcre2_subst
ring_free.html C:/home/grape/.cpanm/work/1501071099.1344/Alien-PCRE2-0.013000/blib/lib/auto/share/dist/Alien-PCRE2/share
/doc/pcre2/html/pcre2_substring_free.html
Alien::Build::Util> Alien::Build> cp C:/home/grape/.cpanm/work/1501071099.1344/Alien-PCRE2-0.013000/_alien/destdir_PvZr/
C/home/grape/perl5/lib/perl5/MSWin32-x86-multi-thread-64int/auto/share/dist/Alien-PCRE2/share/doc/pcre2/html/pcre2_subst
ring_get_byname.html C:/home/grape/.cpanm/work/1501071099.1344/Alien-PCRE2-0.013000/blib/lib/auto/share/dist/Alien-PCRE2
/share/doc/pcre2/html/pcre2_substring_get_byname.html
Alien::Build::Util> Alien::Build> cp C:/home/grape/.cpanm/work/1501071099.1344/Alien-PCRE2-0.013000/_alien/destdir_PvZr/
C/home/grape/perl5/lib/perl5/MSWin32-x86-multi-thread-64int/auto/share/dist/Alien-PCRE2/share/doc/pcre2/html/pcre2_subst
ring_get_bynumber.html C:/home/grape/.cpanm/work/1501071099.1344/Alien-PCRE2-0.013000/blib/lib/auto/share/dist/Alien-PCR
E2/share/doc/pcre2/html/pcre2_substring_get_bynumber.html
Alien::Build::Util> Alien::Build> cp C:/home/grape/.cpanm/work/1501071099.1344/Alien-PCRE2-0.013000/_alien/destdir_PvZr/
C/home/grape/perl5/lib/perl5/MSWin32-x86-multi-thread-64int/auto/share/dist/Alien-PCRE2/share/doc/pcre2/html/pcre2_subst
ring_length_byname.html C:/home/grape/.cpanm/work/1501071099.1344/Alien-PCRE2-0.013000/blib/lib/auto/share/dist/Alien-PC
RE2/share/doc/pcre2/html/pcre2_substring_length_byname.html
Alien::Build::Util> Alien::Build> cp C:/home/grape/.cpanm/work/1501071099.1344/Alien-PCRE2-0.013000/_alien/destdir_PvZr/
C/home/grape/perl5/lib/perl5/MSWin32-x86-multi-thread-64int/auto/share/dist/Alien-PCRE2/share/doc/pcre2/html/pcre2_subst
ring_length_bynumber.html C:/home/grape/.cpanm/work/1501071099.1344/Alien-PCRE2-0.013000/blib/lib/auto/share/dist/Alien-
PCRE2/share/doc/pcre2/html/pcre2_substring_length_bynumber.html
Alien::Build::Util> Alien::Build> cp C:/home/grape/.cpanm/work/1501071099.1344/Alien-PCRE2-0.013000/_alien/destdir_PvZr/
C/home/grape/perl5/lib/perl5/MSWin32-x86-multi-thread-64int/auto/share/dist/Alien-PCRE2/share/doc/pcre2/html/pcre2_subst
ring_list_free.html C:/home/grape/.cpanm/work/1501071099.1344/Alien-PCRE2-0.013000/blib/lib/auto/share/dist/Alien-PCRE2/
share/doc/pcre2/html/pcre2_substring_list_free.html
Alien::Build::Util> Alien::Build> cp C:/home/grape/.cpanm/work/1501071099.1344/Alien-PCRE2-0.013000/_alien/destdir_PvZr/
C/home/grape/perl5/lib/perl5/MSWin32-x86-multi-thread-64int/auto/share/dist/Alien-PCRE2/share/doc/pcre2/html/pcre2_subst
ring_list_get.html C:/home/grape/.cpanm/work/1501071099.1344/Alien-PCRE2-0.013000/blib/lib/auto/share/dist/Alien-PCRE2/s
hare/doc/pcre2/html/pcre2_substring_list_get.html
Alien::Build::Util> Alien::Build> cp C:/home/grape/.cpanm/work/1501071099.1344/Alien-PCRE2-0.013000/_alien/destdir_PvZr/
C/home/grape/perl5/lib/perl5/MSWin32-x86-multi-thread-64int/auto/share/dist/Alien-PCRE2/share/doc/pcre2/html/pcre2_subst
ring_nametable_scan.html C:/home/grape/.cpanm/work/1501071099.1344/Alien-PCRE2-0.013000/blib/lib/auto/share/dist/Alien-P
CRE2/share/doc/pcre2/html/pcre2_substring_nametable_scan.html
Alien::Build::Util> Alien::Build> cp C:/home/grape/.cpanm/work/1501071099.1344/Alien-PCRE2-0.013000/_alien/destdir_PvZr/
C/home/grape/perl5/lib/perl5/MSWin32-x86-multi-thread-64int/auto/share/dist/Alien-PCRE2/share/doc/pcre2/html/pcre2_subst
ring_number_from_name.html C:/home/grape/.cpanm/work/1501071099.1344/Alien-PCRE2-0.013000/blib/lib/auto/share/dist/Alien
-PCRE2/share/doc/pcre2/html/pcre2_substring_number_from_name.html
Alien::Build::Util> Alien::Build> cp C:/home/grape/.cpanm/work/1501071099.1344/Alien-PCRE2-0.013000/_alien/destdir_PvZr/
C/home/grape/perl5/lib/perl5/MSWin32-x86-multi-thread-64int/auto/share/dist/Alien-PCRE2/share/doc/pcre2/html/README.txt
C:/home/grape/.cpanm/work/1501071099.1344/Alien-PCRE2-0.013000/blib/lib/auto/share/dist/Alien-PCRE2/share/doc/pcre2/html
/README.txt
Alien::Build::Util> mkdir -p C:/home/grape/.cpanm/work/1501071099.1344/Alien-PCRE2-0.013000/blib/lib/auto/share/dist/Ali
en-PCRE2/share/man/man1
Alien::Build::Util> Alien::Build> cp C:/home/grape/.cpanm/work/1501071099.1344/Alien-PCRE2-0.013000/_alien/destdir_PvZr/
C/home/grape/perl5/lib/perl5/MSWin32-x86-multi-thread-64int/auto/share/dist/Alien-PCRE2/share/man/man1/pcre2-config.1 C:
/home/grape/.cpanm/work/1501071099.1344/Alien-PCRE2-0.013000/blib/lib/auto/share/dist/Alien-PCRE2/share/man/man1/pcre2-c
onfig.1
Alien::Build::Util> Alien::Build> cp C:/home/grape/.cpanm/work/1501071099.1344/Alien-PCRE2-0.013000/_alien/destdir_PvZr/
C/home/grape/perl5/lib/perl5/MSWin32-x86-multi-thread-64int/auto/share/dist/Alien-PCRE2/share/man/man1/pcre2grep.1 C:/ho
me/grape/.cpanm/work/1501071099.1344/Alien-PCRE2-0.013000/blib/lib/auto/share/dist/Alien-PCRE2/share/man/man1/pcre2grep.
1
Alien::Build::Util> Alien::Build> cp C:/home/grape/.cpanm/work/1501071099.1344/Alien-PCRE2-0.013000/_alien/destdir_PvZr/
C/home/grape/perl5/lib/perl5/MSWin32-x86-multi-thread-64int/auto/share/dist/Alien-PCRE2/share/man/man1/pcre2test.1 C:/ho
me/grape/.cpanm/work/1501071099.1344/Alien-PCRE2-0.013000/blib/lib/auto/share/dist/Alien-PCRE2/share/man/man1/pcre2test.
1
Alien::Build::Util> mkdir -p C:/home/grape/.cpanm/work/1501071099.1344/Alien-PCRE2-0.013000/blib/lib/auto/share/dist/Ali
en-PCRE2/share/man/man3
Alien::Build::Util> Alien::Build> cp C:/home/grape/.cpanm/work/1501071099.1344/Alien-PCRE2-0.013000/_alien/destdir_PvZr/
C/home/grape/perl5/lib/perl5/MSWin32-x86-multi-thread-64int/auto/share/dist/Alien-PCRE2/share/man/man3/pcre2.3 C:/home/g
rape/.cpanm/work/1501071099.1344/Alien-PCRE2-0.013000/blib/lib/auto/share/dist/Alien-PCRE2/share/man/man3/pcre2.3
Alien::Build::Util> Alien::Build> cp C:/home/grape/.cpanm/work/1501071099.1344/Alien-PCRE2-0.013000/_alien/destdir_PvZr/
C/home/grape/perl5/lib/perl5/MSWin32-x86-multi-thread-64int/auto/share/dist/Alien-PCRE2/share/man/man3/pcre2api.3 C:/hom
e/grape/.cpanm/work/1501071099.1344/Alien-PCRE2-0.013000/blib/lib/auto/share/dist/Alien-PCRE2/share/man/man3/pcre2api.3
Alien::Build::Util> Alien::Build> cp C:/home/grape/.cpanm/work/1501071099.1344/Alien-PCRE2-0.013000/_alien/destdir_PvZr/
C/home/grape/perl5/lib/perl5/MSWin32-x86-multi-thread-64int/auto/share/dist/Alien-PCRE2/share/man/man3/pcre2build.3 C:/h
ome/grape/.cpanm/work/1501071099.1344/Alien-PCRE2-0.013000/blib/lib/auto/share/dist/Alien-PCRE2/share/man/man3/pcre2buil
d.3
Alien::Build::Util> Alien::Build> cp C:/home/grape/.cpanm/work/1501071099.1344/Alien-PCRE2-0.013000/_alien/destdir_PvZr/
C/home/grape/perl5/lib/perl5/MSWin32-x86-multi-thread-64int/auto/share/dist/Alien-PCRE2/share/man/man3/pcre2callout.3 C:
/home/grape/.cpanm/work/1501071099.1344/Alien-PCRE2-0.013000/blib/lib/auto/share/dist/Alien-PCRE2/share/man/man3/pcre2ca
llout.3
Alien::Build::Util> Alien::Build> cp C:/home/grape/.cpanm/work/1501071099.1344/Alien-PCRE2-0.013000/_alien/destdir_PvZr/
C/home/grape/perl5/lib/perl5/MSWin32-x86-multi-thread-64int/auto/share/dist/Alien-PCRE2/share/man/man3/pcre2compat.3 C:/
home/grape/.cpanm/work/1501071099.1344/Alien-PCRE2-0.013000/blib/lib/auto/share/dist/Alien-PCRE2/share/man/man3/pcre2com
pat.3
Alien::Build::Util> Alien::Build> cp C:/home/grape/.cpanm/work/1501071099.1344/Alien-PCRE2-0.013000/_alien/destdir_PvZr/
C/home/grape/perl5/lib/perl5/MSWin32-x86-multi-thread-64int/auto/share/dist/Alien-PCRE2/share/man/man3/pcre2demo.3 C:/ho
me/grape/.cpanm/work/1501071099.1344/Alien-PCRE2-0.013000/blib/lib/auto/share/dist/Alien-PCRE2/share/man/man3/pcre2demo.
3
Alien::Build::Util> Alien::Build> cp C:/home/grape/.cpanm/work/1501071099.1344/Alien-PCRE2-0.013000/_alien/destdir_PvZr/
C/home/grape/perl5/lib/perl5/MSWin32-x86-multi-thread-64int/auto/share/dist/Alien-PCRE2/share/man/man3/pcre2jit.3 C:/hom
e/grape/.cpanm/work/1501071099.1344/Alien-PCRE2-0.013000/blib/lib/auto/share/dist/Alien-PCRE2/share/man/man3/pcre2jit.3
Alien::Build::Util> Alien::Build> cp C:/home/grape/.cpanm/work/1501071099.1344/Alien-PCRE2-0.013000/_alien/destdir_PvZr/
C/home/grape/perl5/lib/perl5/MSWin32-x86-multi-thread-64int/auto/share/dist/Alien-PCRE2/share/man/man3/pcre2limits.3 C:/
home/grape/.cpanm/work/1501071099.1344/Alien-PCRE2-0.013000/blib/lib/auto/share/dist/Alien-PCRE2/share/man/man3/pcre2lim
its.3
Alien::Build::Util> Alien::Build> cp C:/home/grape/.cpanm/work/1501071099.1344/Alien-PCRE2-0.013000/_alien/destdir_PvZr/
C/home/grape/perl5/lib/perl5/MSWin32-x86-multi-thread-64int/auto/share/dist/Alien-PCRE2/share/man/man3/pcre2matching.3 C
:/home/grape/.cpanm/work/1501071099.1344/Alien-PCRE2-0.013000/blib/lib/auto/share/dist/Alien-PCRE2/share/man/man3/pcre2m
atching.3
Alien::Build::Util> Alien::Build> cp C:/home/grape/.cpanm/work/1501071099.1344/Alien-PCRE2-0.013000/_alien/destdir_PvZr/
C/home/grape/perl5/lib/perl5/MSWin32-x86-multi-thread-64int/auto/share/dist/Alien-PCRE2/share/man/man3/pcre2partial.3 C:
/home/grape/.cpanm/work/1501071099.1344/Alien-PCRE2-0.013000/blib/lib/auto/share/dist/Alien-PCRE2/share/man/man3/pcre2pa
rtial.3
Alien::Build::Util> Alien::Build> cp C:/home/grape/.cpanm/work/1501071099.1344/Alien-PCRE2-0.013000/_alien/destdir_PvZr/
C/home/grape/perl5/lib/perl5/MSWin32-x86-multi-thread-64int/auto/share/dist/Alien-PCRE2/share/man/man3/pcre2pattern.3 C:
/home/grape/.cpanm/work/1501071099.1344/Alien-PCRE2-0.013000/blib/lib/auto/share/dist/Alien-PCRE2/share/man/man3/pcre2pa
ttern.3
Alien::Build::Util> Alien::Build> cp C:/home/grape/.cpanm/work/1501071099.1344/Alien-PCRE2-0.013000/_alien/destdir_PvZr/
C/home/grape/perl5/lib/perl5/MSWin32-x86-multi-thread-64int/auto/share/dist/Alien-PCRE2/share/man/man3/pcre2perform.3 C:
/home/grape/.cpanm/work/1501071099.1344/Alien-PCRE2-0.013000/blib/lib/auto/share/dist/Alien-PCRE2/share/man/man3/pcre2pe
rform.3
Alien::Build::Util> Alien::Build> cp C:/home/grape/.cpanm/work/1501071099.1344/Alien-PCRE2-0.013000/_alien/destdir_PvZr/
C/home/grape/perl5/lib/perl5/MSWin32-x86-multi-thread-64int/auto/share/dist/Alien-PCRE2/share/man/man3/pcre2posix.3 C:/h
ome/grape/.cpanm/work/1501071099.1344/Alien-PCRE2-0.013000/blib/lib/auto/share/dist/Alien-PCRE2/share/man/man3/pcre2posi
x.3
Alien::Build::Util> Alien::Build> cp C:/home/grape/.cpanm/work/1501071099.1344/Alien-PCRE2-0.013000/_alien/destdir_PvZr/
C/home/grape/perl5/lib/perl5/MSWin32-x86-multi-thread-64int/auto/share/dist/Alien-PCRE2/share/man/man3/pcre2sample.3 C:/
home/grape/.cpanm/work/1501071099.1344/Alien-PCRE2-0.013000/blib/lib/auto/share/dist/Alien-PCRE2/share/man/man3/pcre2sam
ple.3
Alien::Build::Util> Alien::Build> cp C:/home/grape/.cpanm/work/1501071099.1344/Alien-PCRE2-0.013000/_alien/destdir_PvZr/
C/home/grape/perl5/lib/perl5/MSWin32-x86-multi-thread-64int/auto/share/dist/Alien-PCRE2/share/man/man3/pcre2serialize.3
C:/home/grape/.cpanm/work/1501071099.1344/Alien-PCRE2-0.013000/blib/lib/auto/share/dist/Alien-PCRE2/share/man/man3/pcre2
serialize.3
Alien::Build::Util> Alien::Build> cp C:/home/grape/.cpanm/work/1501071099.1344/Alien-PCRE2-0.013000/_alien/destdir_PvZr/
C/home/grape/perl5/lib/perl5/MSWin32-x86-multi-thread-64int/auto/share/dist/Alien-PCRE2/share/man/man3/pcre2syntax.3 C:/
home/grape/.cpanm/work/1501071099.1344/Alien-PCRE2-0.013000/blib/lib/auto/share/dist/Alien-PCRE2/share/man/man3/pcre2syn
tax.3
Alien::Build::Util> Alien::Build> cp C:/home/grape/.cpanm/work/1501071099.1344/Alien-PCRE2-0.013000/_alien/destdir_PvZr/
C/home/grape/perl5/lib/perl5/MSWin32-x86-multi-thread-64int/auto/share/dist/Alien-PCRE2/share/man/man3/pcre2unicode.3 C:
/home/grape/.cpanm/work/1501071099.1344/Alien-PCRE2-0.013000/blib/lib/auto/share/dist/Alien-PCRE2/share/man/man3/pcre2un
icode.3
Alien::Build::Util> Alien::Build> cp C:/home/grape/.cpanm/work/1501071099.1344/Alien-PCRE2-0.013000/_alien/destdir_PvZr/
C/home/grape/perl5/lib/perl5/MSWin32-x86-multi-thread-64int/auto/share/dist/Alien-PCRE2/share/man/man3/pcre2_callout_enu
merate.3 C:/home/grape/.cpanm/work/1501071099.1344/Alien-PCRE2-0.013000/blib/lib/auto/share/dist/Alien-PCRE2/share/man/m
an3/pcre2_callout_enumerate.3
Alien::Build::Util> Alien::Build> cp C:/home/grape/.cpanm/work/1501071099.1344/Alien-PCRE2-0.013000/_alien/destdir_PvZr/
C/home/grape/perl5/lib/perl5/MSWin32-x86-multi-thread-64int/auto/share/dist/Alien-PCRE2/share/man/man3/pcre2_code_copy.3
 C:/home/grape/.cpanm/work/1501071099.1344/Alien-PCRE2-0.013000/blib/lib/auto/share/dist/Alien-PCRE2/share/man/man3/pcre
2_code_copy.3
Alien::Build::Util> Alien::Build> cp C:/home/grape/.cpanm/work/1501071099.1344/Alien-PCRE2-0.013000/_alien/destdir_PvZr/
C/home/grape/perl5/lib/perl5/MSWin32-x86-multi-thread-64int/auto/share/dist/Alien-PCRE2/share/man/man3/pcre2_code_copy_w
ith_tables.3 C:/home/grape/.cpanm/work/1501071099.1344/Alien-PCRE2-0.013000/blib/lib/auto/share/dist/Alien-PCRE2/share/m
an/man3/pcre2_code_copy_with_tables.3
Alien::Build::Util> Alien::Build> cp C:/home/grape/.cpanm/work/1501071099.1344/Alien-PCRE2-0.013000/_alien/destdir_PvZr/
C/home/grape/perl5/lib/perl5/MSWin32-x86-multi-thread-64int/auto/share/dist/Alien-PCRE2/share/man/man3/pcre2_code_free.3
 C:/home/grape/.cpanm/work/1501071099.1344/Alien-PCRE2-0.013000/blib/lib/auto/share/dist/Alien-PCRE2/share/man/man3/pcre
2_code_free.3
Alien::Build::Util> Alien::Build> cp C:/home/grape/.cpanm/work/1501071099.1344/Alien-PCRE2-0.013000/_alien/destdir_PvZr/
C/home/grape/perl5/lib/perl5/MSWin32-x86-multi-thread-64int/auto/share/dist/Alien-PCRE2/share/man/man3/pcre2_compile.3 C
:/home/grape/.cpanm/work/1501071099.1344/Alien-PCRE2-0.013000/blib/lib/auto/share/dist/Alien-PCRE2/share/man/man3/pcre2_
compile.3
Alien::Build::Util> Alien::Build> cp C:/home/grape/.cpanm/work/1501071099.1344/Alien-PCRE2-0.013000/_alien/destdir_PvZr/
C/home/grape/perl5/lib/perl5/MSWin32-x86-multi-thread-64int/auto/share/dist/Alien-PCRE2/share/man/man3/pcre2_compile_con
text_copy.3 C:/home/grape/.cpanm/work/1501071099.1344/Alien-PCRE2-0.013000/blib/lib/auto/share/dist/Alien-PCRE2/share/ma
n/man3/pcre2_compile_context_copy.3
Alien::Build::Util> Alien::Build> cp C:/home/grape/.cpanm/work/1501071099.1344/Alien-PCRE2-0.013000/_alien/destdir_PvZr/
C/home/grape/perl5/lib/perl5/MSWin32-x86-multi-thread-64int/auto/share/dist/Alien-PCRE2/share/man/man3/pcre2_compile_con
text_create.3 C:/home/grape/.cpanm/work/1501071099.1344/Alien-PCRE2-0.013000/blib/lib/auto/share/dist/Alien-PCRE2/share/
man/man3/pcre2_compile_context_create.3
Alien::Build::Util> Alien::Build> cp C:/home/grape/.cpanm/work/1501071099.1344/Alien-PCRE2-0.013000/_alien/destdir_PvZr/
C/home/grape/perl5/lib/perl5/MSWin32-x86-multi-thread-64int/auto/share/dist/Alien-PCRE2/share/man/man3/pcre2_compile_con
text_free.3 C:/home/grape/.cpanm/work/1501071099.1344/Alien-PCRE2-0.013000/blib/lib/auto/share/dist/Alien-PCRE2/share/ma
n/man3/pcre2_compile_context_free.3
Alien::Build::Util> Alien::Build> cp C:/home/grape/.cpanm/work/1501071099.1344/Alien-PCRE2-0.013000/_alien/destdir_PvZr/
C/home/grape/perl5/lib/perl5/MSWin32-x86-multi-thread-64int/auto/share/dist/Alien-PCRE2/share/man/man3/pcre2_config.3 C:
/home/grape/.cpanm/work/1501071099.1344/Alien-PCRE2-0.013000/blib/lib/auto/share/dist/Alien-PCRE2/share/man/man3/pcre2_c
onfig.3
Alien::Build::Util> Alien::Build> cp C:/home/grape/.cpanm/work/1501071099.1344/Alien-PCRE2-0.013000/_alien/destdir_PvZr/
C/home/grape/perl5/lib/perl5/MSWin32-x86-multi-thread-64int/auto/share/dist/Alien-PCRE2/share/man/man3/pcre2_dfa_match.3
 C:/home/grape/.cpanm/work/1501071099.1344/Alien-PCRE2-0.013000/blib/lib/auto/share/dist/Alien-PCRE2/share/man/man3/pcre
2_dfa_match.3
Alien::Build::Util> Alien::Build> cp C:/home/grape/.cpanm/work/1501071099.1344/Alien-PCRE2-0.013000/_alien/destdir_PvZr/
C/home/grape/perl5/lib/perl5/MSWin32-x86-multi-thread-64int/auto/share/dist/Alien-PCRE2/share/man/man3/pcre2_general_con
text_copy.3 C:/home/grape/.cpanm/work/1501071099.1344/Alien-PCRE2-0.013000/blib/lib/auto/share/dist/Alien-PCRE2/share/ma
n/man3/pcre2_general_context_copy.3
Alien::Build::Util> Alien::Build> cp C:/home/grape/.cpanm/work/1501071099.1344/Alien-PCRE2-0.013000/_alien/destdir_PvZr/
C/home/grape/perl5/lib/perl5/MSWin32-x86-multi-thread-64int/auto/share/dist/Alien-PCRE2/share/man/man3/pcre2_general_con
text_create.3 C:/home/grape/.cpanm/work/1501071099.1344/Alien-PCRE2-0.013000/blib/lib/auto/share/dist/Alien-PCRE2/share/
man/man3/pcre2_general_context_create.3
Alien::Build::Util> Alien::Build> cp C:/home/grape/.cpanm/work/1501071099.1344/Alien-PCRE2-0.013000/_alien/destdir_PvZr/
C/home/grape/perl5/lib/perl5/MSWin32-x86-multi-thread-64int/auto/share/dist/Alien-PCRE2/share/man/man3/pcre2_general_con
text_free.3 C:/home/grape/.cpanm/work/1501071099.1344/Alien-PCRE2-0.013000/blib/lib/auto/share/dist/Alien-PCRE2/share/ma
n/man3/pcre2_general_context_free.3
Alien::Build::Util> Alien::Build> cp C:/home/grape/.cpanm/work/1501071099.1344/Alien-PCRE2-0.013000/_alien/destdir_PvZr/
C/home/grape/perl5/lib/perl5/MSWin32-x86-multi-thread-64int/auto/share/dist/Alien-PCRE2/share/man/man3/pcre2_get_error_m
essage.3 C:/home/grape/.cpanm/work/1501071099.1344/Alien-PCRE2-0.013000/blib/lib/auto/share/dist/Alien-PCRE2/share/man/m
an3/pcre2_get_error_message.3
Alien::Build::Util> Alien::Build> cp C:/home/grape/.cpanm/work/1501071099.1344/Alien-PCRE2-0.013000/_alien/destdir_PvZr/
C/home/grape/perl5/lib/perl5/MSWin32-x86-multi-thread-64int/auto/share/dist/Alien-PCRE2/share/man/man3/pcre2_get_mark.3
C:/home/grape/.cpanm/work/1501071099.1344/Alien-PCRE2-0.013000/blib/lib/auto/share/dist/Alien-PCRE2/share/man/man3/pcre2
_get_mark.3
Alien::Build::Util> Alien::Build> cp C:/home/grape/.cpanm/work/1501071099.1344/Alien-PCRE2-0.013000/_alien/destdir_PvZr/
C/home/grape/perl5/lib/perl5/MSWin32-x86-multi-thread-64int/auto/share/dist/Alien-PCRE2/share/man/man3/pcre2_get_ovector
_count.3 C:/home/grape/.cpanm/work/1501071099.1344/Alien-PCRE2-0.013000/blib/lib/auto/share/dist/Alien-PCRE2/share/man/m
an3/pcre2_get_ovector_count.3
Alien::Build::Util> Alien::Build> cp C:/home/grape/.cpanm/work/1501071099.1344/Alien-PCRE2-0.013000/_alien/destdir_PvZr/
C/home/grape/perl5/lib/perl5/MSWin32-x86-multi-thread-64int/auto/share/dist/Alien-PCRE2/share/man/man3/pcre2_get_ovector
_pointer.3 C:/home/grape/.cpanm/work/1501071099.1344/Alien-PCRE2-0.013000/blib/lib/auto/share/dist/Alien-PCRE2/share/man
/man3/pcre2_get_ovector_pointer.3
Alien::Build::Util> Alien::Build> cp C:/home/grape/.cpanm/work/1501071099.1344/Alien-PCRE2-0.013000/_alien/destdir_PvZr/
C/home/grape/perl5/lib/perl5/MSWin32-x86-multi-thread-64int/auto/share/dist/Alien-PCRE2/share/man/man3/pcre2_get_startch
ar.3 C:/home/grape/.cpanm/work/1501071099.1344/Alien-PCRE2-0.013000/blib/lib/auto/share/dist/Alien-PCRE2/share/man/man3/
pcre2_get_startchar.3
Alien::Build::Util> Alien::Build> cp C:/home/grape/.cpanm/work/1501071099.1344/Alien-PCRE2-0.013000/_alien/destdir_PvZr/
C/home/grape/perl5/lib/perl5/MSWin32-x86-multi-thread-64int/auto/share/dist/Alien-PCRE2/share/man/man3/pcre2_jit_compile
.3 C:/home/grape/.cpanm/work/1501071099.1344/Alien-PCRE2-0.013000/blib/lib/auto/share/dist/Alien-PCRE2/share/man/man3/pc
re2_jit_compile.3
Alien::Build::Util> Alien::Build> cp C:/home/grape/.cpanm/work/1501071099.1344/Alien-PCRE2-0.013000/_alien/destdir_PvZr/
C/home/grape/perl5/lib/perl5/MSWin32-x86-multi-thread-64int/auto/share/dist/Alien-PCRE2/share/man/man3/pcre2_jit_free_un
used_memory.3 C:/home/grape/.cpanm/work/1501071099.1344/Alien-PCRE2-0.013000/blib/lib/auto/share/dist/Alien-PCRE2/share/
man/man3/pcre2_jit_free_unused_memory.3
Alien::Build::Util> Alien::Build> cp C:/home/grape/.cpanm/work/1501071099.1344/Alien-PCRE2-0.013000/_alien/destdir_PvZr/
C/home/grape/perl5/lib/perl5/MSWin32-x86-multi-thread-64int/auto/share/dist/Alien-PCRE2/share/man/man3/pcre2_jit_match.3
 C:/home/grape/.cpanm/work/1501071099.1344/Alien-PCRE2-0.013000/blib/lib/auto/share/dist/Alien-PCRE2/share/man/man3/pcre
2_jit_match.3
Alien::Build::Util> Alien::Build> cp C:/home/grape/.cpanm/work/1501071099.1344/Alien-PCRE2-0.013000/_alien/destdir_PvZr/
C/home/grape/perl5/lib/perl5/MSWin32-x86-multi-thread-64int/auto/share/dist/Alien-PCRE2/share/man/man3/pcre2_jit_stack_a
ssign.3 C:/home/grape/.cpanm/work/1501071099.1344/Alien-PCRE2-0.013000/blib/lib/auto/share/dist/Alien-PCRE2/share/man/ma
n3/pcre2_jit_stack_assign.3
Alien::Build::Util> Alien::Build> cp C:/home/grape/.cpanm/work/1501071099.1344/Alien-PCRE2-0.013000/_alien/destdir_PvZr/
C/home/grape/perl5/lib/perl5/MSWin32-x86-multi-thread-64int/auto/share/dist/Alien-PCRE2/share/man/man3/pcre2_jit_stack_c
reate.3 C:/home/grape/.cpanm/work/1501071099.1344/Alien-PCRE2-0.013000/blib/lib/auto/share/dist/Alien-PCRE2/share/man/ma
n3/pcre2_jit_stack_create.3
Alien::Build::Util> Alien::Build> cp C:/home/grape/.cpanm/work/1501071099.1344/Alien-PCRE2-0.013000/_alien/destdir_PvZr/
C/home/grape/perl5/lib/perl5/MSWin32-x86-multi-thread-64int/auto/share/dist/Alien-PCRE2/share/man/man3/pcre2_jit_stack_f
ree.3 C:/home/grape/.cpanm/work/1501071099.1344/Alien-PCRE2-0.013000/blib/lib/auto/share/dist/Alien-PCRE2/share/man/man3
/pcre2_jit_stack_free.3
Alien::Build::Util> Alien::Build> cp C:/home/grape/.cpanm/work/1501071099.1344/Alien-PCRE2-0.013000/_alien/destdir_PvZr/
C/home/grape/perl5/lib/perl5/MSWin32-x86-multi-thread-64int/auto/share/dist/Alien-PCRE2/share/man/man3/pcre2_maketables.
3 C:/home/grape/.cpanm/work/1501071099.1344/Alien-PCRE2-0.013000/blib/lib/auto/share/dist/Alien-PCRE2/share/man/man3/pcr
e2_maketables.3
Alien::Build::Util> Alien::Build> cp C:/home/grape/.cpanm/work/1501071099.1344/Alien-PCRE2-0.013000/_alien/destdir_PvZr/
C/home/grape/perl5/lib/perl5/MSWin32-x86-multi-thread-64int/auto/share/dist/Alien-PCRE2/share/man/man3/pcre2_match.3 C:/
home/grape/.cpanm/work/1501071099.1344/Alien-PCRE2-0.013000/blib/lib/auto/share/dist/Alien-PCRE2/share/man/man3/pcre2_ma
tch.3
Alien::Build::Util> Alien::Build> cp C:/home/grape/.cpanm/work/1501071099.1344/Alien-PCRE2-0.013000/_alien/destdir_PvZr/
C/home/grape/perl5/lib/perl5/MSWin32-x86-multi-thread-64int/auto/share/dist/Alien-PCRE2/share/man/man3/pcre2_match_conte
xt_copy.3 C:/home/grape/.cpanm/work/1501071099.1344/Alien-PCRE2-0.013000/blib/lib/auto/share/dist/Alien-PCRE2/share/man/
man3/pcre2_match_context_copy.3
Alien::Build::Util> Alien::Build> cp C:/home/grape/.cpanm/work/1501071099.1344/Alien-PCRE2-0.013000/_alien/destdir_PvZr/
C/home/grape/perl5/lib/perl5/MSWin32-x86-multi-thread-64int/auto/share/dist/Alien-PCRE2/share/man/man3/pcre2_match_conte
xt_create.3 C:/home/grape/.cpanm/work/1501071099.1344/Alien-PCRE2-0.013000/blib/lib/auto/share/dist/Alien-PCRE2/share/ma
n/man3/pcre2_match_context_create.3
Alien::Build::Util> Alien::Build> cp C:/home/grape/.cpanm/work/1501071099.1344/Alien-PCRE2-0.013000/_alien/destdir_PvZr/
C/home/grape/perl5/lib/perl5/MSWin32-x86-multi-thread-64int/auto/share/dist/Alien-PCRE2/share/man/man3/pcre2_match_conte
xt_free.3 C:/home/grape/.cpanm/work/1501071099.1344/Alien-PCRE2-0.013000/blib/lib/auto/share/dist/Alien-PCRE2/share/man/
man3/pcre2_match_context_free.3
Alien::Build::Util> Alien::Build> cp C:/home/grape/.cpanm/work/1501071099.1344/Alien-PCRE2-0.013000/_alien/destdir_PvZr/
C/home/grape/perl5/lib/perl5/MSWin32-x86-multi-thread-64int/auto/share/dist/Alien-PCRE2/share/man/man3/pcre2_match_data_
create.3 C:/home/grape/.cpanm/work/1501071099.1344/Alien-PCRE2-0.013000/blib/lib/auto/share/dist/Alien-PCRE2/share/man/m
an3/pcre2_match_data_create.3
Alien::Build::Util> Alien::Build> cp C:/home/grape/.cpanm/work/1501071099.1344/Alien-PCRE2-0.013000/_alien/destdir_PvZr/
C/home/grape/perl5/lib/perl5/MSWin32-x86-multi-thread-64int/auto/share/dist/Alien-PCRE2/share/man/man3/pcre2_match_data_
create_from_pattern.3 C:/home/grape/.cpanm/work/1501071099.1344/Alien-PCRE2-0.013000/blib/lib/auto/share/dist/Alien-PCRE
2/share/man/man3/pcre2_match_data_create_from_pattern.3
Alien::Build::Util> Alien::Build> cp C:/home/grape/.cpanm/work/1501071099.1344/Alien-PCRE2-0.013000/_alien/destdir_PvZr/
C/home/grape/perl5/lib/perl5/MSWin32-x86-multi-thread-64int/auto/share/dist/Alien-PCRE2/share/man/man3/pcre2_match_data_
free.3 C:/home/grape/.cpanm/work/1501071099.1344/Alien-PCRE2-0.013000/blib/lib/auto/share/dist/Alien-PCRE2/share/man/man
3/pcre2_match_data_free.3
Alien::Build::Util> Alien::Build> cp C:/home/grape/.cpanm/work/1501071099.1344/Alien-PCRE2-0.013000/_alien/destdir_PvZr/
C/home/grape/perl5/lib/perl5/MSWin32-x86-multi-thread-64int/auto/share/dist/Alien-PCRE2/share/man/man3/pcre2_pattern_inf
o.3 C:/home/grape/.cpanm/work/1501071099.1344/Alien-PCRE2-0.013000/blib/lib/auto/share/dist/Alien-PCRE2/share/man/man3/p
cre2_pattern_info.3
Alien::Build::Util> Alien::Build> cp C:/home/grape/.cpanm/work/1501071099.1344/Alien-PCRE2-0.013000/_alien/destdir_PvZr/
C/home/grape/perl5/lib/perl5/MSWin32-x86-multi-thread-64int/auto/share/dist/Alien-PCRE2/share/man/man3/pcre2_serialize_d
ecode.3 C:/home/grape/.cpanm/work/1501071099.1344/Alien-PCRE2-0.013000/blib/lib/auto/share/dist/Alien-PCRE2/share/man/ma
n3/pcre2_serialize_decode.3
Alien::Build::Util> Alien::Build> cp C:/home/grape/.cpanm/work/1501071099.1344/Alien-PCRE2-0.013000/_alien/destdir_PvZr/
C/home/grape/perl5/lib/perl5/MSWin32-x86-multi-thread-64int/auto/share/dist/Alien-PCRE2/share/man/man3/pcre2_serialize_e
ncode.3 C:/home/grape/.cpanm/work/1501071099.1344/Alien-PCRE2-0.013000/blib/lib/auto/share/dist/Alien-PCRE2/share/man/ma
n3/pcre2_serialize_encode.3
Alien::Build::Util> Alien::Build> cp C:/home/grape/.cpanm/work/1501071099.1344/Alien-PCRE2-0.013000/_alien/destdir_PvZr/
C/home/grape/perl5/lib/perl5/MSWin32-x86-multi-thread-64int/auto/share/dist/Alien-PCRE2/share/man/man3/pcre2_serialize_f
ree.3 C:/home/grape/.cpanm/work/1501071099.1344/Alien-PCRE2-0.013000/blib/lib/auto/share/dist/Alien-PCRE2/share/man/man3
/pcre2_serialize_free.3
Alien::Build::Util> Alien::Build> cp C:/home/grape/.cpanm/work/1501071099.1344/Alien-PCRE2-0.013000/_alien/destdir_PvZr/
C/home/grape/perl5/lib/perl5/MSWin32-x86-multi-thread-64int/auto/share/dist/Alien-PCRE2/share/man/man3/pcre2_serialize_g
et_number_of_codes.3 C:/home/grape/.cpanm/work/1501071099.1344/Alien-PCRE2-0.013000/blib/lib/auto/share/dist/Alien-PCRE2
/share/man/man3/pcre2_serialize_get_number_of_codes.3
Alien::Build::Util> Alien::Build> cp C:/home/grape/.cpanm/work/1501071099.1344/Alien-PCRE2-0.013000/_alien/destdir_PvZr/
C/home/grape/perl5/lib/perl5/MSWin32-x86-multi-thread-64int/auto/share/dist/Alien-PCRE2/share/man/man3/pcre2_set_bsr.3 C
:/home/grape/.cpanm/work/1501071099.1344/Alien-PCRE2-0.013000/blib/lib/auto/share/dist/Alien-PCRE2/share/man/man3/pcre2_
set_bsr.3
Alien::Build::Util> Alien::Build> cp C:/home/grape/.cpanm/work/1501071099.1344/Alien-PCRE2-0.013000/_alien/destdir_PvZr/
C/home/grape/perl5/lib/perl5/MSWin32-x86-multi-thread-64int/auto/share/dist/Alien-PCRE2/share/man/man3/pcre2_set_callout
.3 C:/home/grape/.cpanm/work/1501071099.1344/Alien-PCRE2-0.013000/blib/lib/auto/share/dist/Alien-PCRE2/share/man/man3/pc
re2_set_callout.3
Alien::Build::Util> Alien::Build> cp C:/home/grape/.cpanm/work/1501071099.1344/Alien-PCRE2-0.013000/_alien/destdir_PvZr/
C/home/grape/perl5/lib/perl5/MSWin32-x86-multi-thread-64int/auto/share/dist/Alien-PCRE2/share/man/man3/pcre2_set_charact
er_tables.3 C:/home/grape/.cpanm/work/1501071099.1344/Alien-PCRE2-0.013000/blib/lib/auto/share/dist/Alien-PCRE2/share/ma
n/man3/pcre2_set_character_tables.3
Alien::Build::Util> Alien::Build> cp C:/home/grape/.cpanm/work/1501071099.1344/Alien-PCRE2-0.013000/_alien/destdir_PvZr/
C/home/grape/perl5/lib/perl5/MSWin32-x86-multi-thread-64int/auto/share/dist/Alien-PCRE2/share/man/man3/pcre2_set_compile
_extra_options.3 C:/home/grape/.cpanm/work/1501071099.1344/Alien-PCRE2-0.013000/blib/lib/auto/share/dist/Alien-PCRE2/sha
re/man/man3/pcre2_set_compile_extra_options.3
Alien::Build::Util> Alien::Build> cp C:/home/grape/.cpanm/work/1501071099.1344/Alien-PCRE2-0.013000/_alien/destdir_PvZr/
C/home/grape/perl5/lib/perl5/MSWin32-x86-multi-thread-64int/auto/share/dist/Alien-PCRE2/share/man/man3/pcre2_set_compile
_recursion_guard.3 C:/home/grape/.cpanm/work/1501071099.1344/Alien-PCRE2-0.013000/blib/lib/auto/share/dist/Alien-PCRE2/s
hare/man/man3/pcre2_set_compile_recursion_guard.3
Alien::Build::Util> Alien::Build> cp C:/home/grape/.cpanm/work/1501071099.1344/Alien-PCRE2-0.013000/_alien/destdir_PvZr/
C/home/grape/perl5/lib/perl5/MSWin32-x86-multi-thread-64int/auto/share/dist/Alien-PCRE2/share/man/man3/pcre2_set_depth_l
imit.3 C:/home/grape/.cpanm/work/1501071099.1344/Alien-PCRE2-0.013000/blib/lib/auto/share/dist/Alien-PCRE2/share/man/man
3/pcre2_set_depth_limit.3
Alien::Build::Util> Alien::Build> cp C:/home/grape/.cpanm/work/1501071099.1344/Alien-PCRE2-0.013000/_alien/destdir_PvZr/
C/home/grape/perl5/lib/perl5/MSWin32-x86-multi-thread-64int/auto/share/dist/Alien-PCRE2/share/man/man3/pcre2_set_heap_li
mit.3 C:/home/grape/.cpanm/work/1501071099.1344/Alien-PCRE2-0.013000/blib/lib/auto/share/dist/Alien-PCRE2/share/man/man3
/pcre2_set_heap_limit.3
Alien::Build::Util> Alien::Build> cp C:/home/grape/.cpanm/work/1501071099.1344/Alien-PCRE2-0.013000/_alien/destdir_PvZr/
C/home/grape/perl5/lib/perl5/MSWin32-x86-multi-thread-64int/auto/share/dist/Alien-PCRE2/share/man/man3/pcre2_set_match_l
imit.3 C:/home/grape/.cpanm/work/1501071099.1344/Alien-PCRE2-0.013000/blib/lib/auto/share/dist/Alien-PCRE2/share/man/man
3/pcre2_set_match_limit.3
Alien::Build::Util> Alien::Build> cp C:/home/grape/.cpanm/work/1501071099.1344/Alien-PCRE2-0.013000/_alien/destdir_PvZr/
C/home/grape/perl5/lib/perl5/MSWin32-x86-multi-thread-64int/auto/share/dist/Alien-PCRE2/share/man/man3/pcre2_set_max_pat
tern_length.3 C:/home/grape/.cpanm/work/1501071099.1344/Alien-PCRE2-0.013000/blib/lib/auto/share/dist/Alien-PCRE2/share/
man/man3/pcre2_set_max_pattern_length.3
Alien::Build::Util> Alien::Build> cp C:/home/grape/.cpanm/work/1501071099.1344/Alien-PCRE2-0.013000/_alien/destdir_PvZr/
C/home/grape/perl5/lib/perl5/MSWin32-x86-multi-thread-64int/auto/share/dist/Alien-PCRE2/share/man/man3/pcre2_set_newline
.3 C:/home/grape/.cpanm/work/1501071099.1344/Alien-PCRE2-0.013000/blib/lib/auto/share/dist/Alien-PCRE2/share/man/man3/pc
re2_set_newline.3
Alien::Build::Util> Alien::Build> cp C:/home/grape/.cpanm/work/1501071099.1344/Alien-PCRE2-0.013000/_alien/destdir_PvZr/
C/home/grape/perl5/lib/perl5/MSWin32-x86-multi-thread-64int/auto/share/dist/Alien-PCRE2/share/man/man3/pcre2_set_offset_
limit.3 C:/home/grape/.cpanm/work/1501071099.1344/Alien-PCRE2-0.013000/blib/lib/auto/share/dist/Alien-PCRE2/share/man/ma
n3/pcre2_set_offset_limit.3
Alien::Build::Util> Alien::Build> cp C:/home/grape/.cpanm/work/1501071099.1344/Alien-PCRE2-0.013000/_alien/destdir_PvZr/
C/home/grape/perl5/lib/perl5/MSWin32-x86-multi-thread-64int/auto/share/dist/Alien-PCRE2/share/man/man3/pcre2_set_parens_
nest_limit.3 C:/home/grape/.cpanm/work/1501071099.1344/Alien-PCRE2-0.013000/blib/lib/auto/share/dist/Alien-PCRE2/share/m
an/man3/pcre2_set_parens_nest_limit.3
Alien::Build::Util> Alien::Build> cp C:/home/grape/.cpanm/work/1501071099.1344/Alien-PCRE2-0.013000/_alien/destdir_PvZr/
C/home/grape/perl5/lib/perl5/MSWin32-x86-multi-thread-64int/auto/share/dist/Alien-PCRE2/share/man/man3/pcre2_set_recursi
on_limit.3 C:/home/grape/.cpanm/work/1501071099.1344/Alien-PCRE2-0.013000/blib/lib/auto/share/dist/Alien-PCRE2/share/man
/man3/pcre2_set_recursion_limit.3
Alien::Build::Util> Alien::Build> cp C:/home/grape/.cpanm/work/1501071099.1344/Alien-PCRE2-0.013000/_alien/destdir_PvZr/
C/home/grape/perl5/lib/perl5/MSWin32-x86-multi-thread-64int/auto/share/dist/Alien-PCRE2/share/man/man3/pcre2_set_recursi
on_memory_management.3 C:/home/grape/.cpanm/work/1501071099.1344/Alien-PCRE2-0.013000/blib/lib/auto/share/dist/Alien-PCR
E2/share/man/man3/pcre2_set_recursion_memory_management.3
Alien::Build::Util> Alien::Build> cp C:/home/grape/.cpanm/work/1501071099.1344/Alien-PCRE2-0.013000/_alien/destdir_PvZr/
C/home/grape/perl5/lib/perl5/MSWin32-x86-multi-thread-64int/auto/share/dist/Alien-PCRE2/share/man/man3/pcre2_substitute.
3 C:/home/grape/.cpanm/work/1501071099.1344/Alien-PCRE2-0.013000/blib/lib/auto/share/dist/Alien-PCRE2/share/man/man3/pcr
e2_substitute.3
Alien::Build::Util> Alien::Build> cp C:/home/grape/.cpanm/work/1501071099.1344/Alien-PCRE2-0.013000/_alien/destdir_PvZr/
C/home/grape/perl5/lib/perl5/MSWin32-x86-multi-thread-64int/auto/share/dist/Alien-PCRE2/share/man/man3/pcre2_substring_c
opy_byname.3 C:/home/grape/.cpanm/work/1501071099.1344/Alien-PCRE2-0.013000/blib/lib/auto/share/dist/Alien-PCRE2/share/m
an/man3/pcre2_substring_copy_byname.3
Alien::Build::Util> Alien::Build> cp C:/home/grape/.cpanm/work/1501071099.1344/Alien-PCRE2-0.013000/_alien/destdir_PvZr/
C/home/grape/perl5/lib/perl5/MSWin32-x86-multi-thread-64int/auto/share/dist/Alien-PCRE2/share/man/man3/pcre2_substring_c
opy_bynumber.3 C:/home/grape/.cpanm/work/1501071099.1344/Alien-PCRE2-0.013000/blib/lib/auto/share/dist/Alien-PCRE2/share
/man/man3/pcre2_substring_copy_bynumber.3
Alien::Build::Util> Alien::Build> cp C:/home/grape/.cpanm/work/1501071099.1344/Alien-PCRE2-0.013000/_alien/destdir_PvZr/
C/home/grape/perl5/lib/perl5/MSWin32-x86-multi-thread-64int/auto/share/dist/Alien-PCRE2/share/man/man3/pcre2_substring_f
ree.3 C:/home/grape/.cpanm/work/1501071099.1344/Alien-PCRE2-0.013000/blib/lib/auto/share/dist/Alien-PCRE2/share/man/man3
/pcre2_substring_free.3
Alien::Build::Util> Alien::Build> cp C:/home/grape/.cpanm/work/1501071099.1344/Alien-PCRE2-0.013000/_alien/destdir_PvZr/
C/home/grape/perl5/lib/perl5/MSWin32-x86-multi-thread-64int/auto/share/dist/Alien-PCRE2/share/man/man3/pcre2_substring_g
et_byname.3 C:/home/grape/.cpanm/work/1501071099.1344/Alien-PCRE2-0.013000/blib/lib/auto/share/dist/Alien-PCRE2/share/ma
n/man3/pcre2_substring_get_byname.3
Alien::Build::Util> Alien::Build> cp C:/home/grape/.cpanm/work/1501071099.1344/Alien-PCRE2-0.013000/_alien/destdir_PvZr/
C/home/grape/perl5/lib/perl5/MSWin32-x86-multi-thread-64int/auto/share/dist/Alien-PCRE2/share/man/man3/pcre2_substring_g
et_bynumber.3 C:/home/grape/.cpanm/work/1501071099.1344/Alien-PCRE2-0.013000/blib/lib/auto/share/dist/Alien-PCRE2/share/
man/man3/pcre2_substring_get_bynumber.3
Alien::Build::Util> Alien::Build> cp C:/home/grape/.cpanm/work/1501071099.1344/Alien-PCRE2-0.013000/_alien/destdir_PvZr/
C/home/grape/perl5/lib/perl5/MSWin32-x86-multi-thread-64int/auto/share/dist/Alien-PCRE2/share/man/man3/pcre2_substring_l
ength_byname.3 C:/home/grape/.cpanm/work/1501071099.1344/Alien-PCRE2-0.013000/blib/lib/auto/share/dist/Alien-PCRE2/share
/man/man3/pcre2_substring_length_byname.3
Alien::Build::Util> Alien::Build> cp C:/home/grape/.cpanm/work/1501071099.1344/Alien-PCRE2-0.013000/_alien/destdir_PvZr/
C/home/grape/perl5/lib/perl5/MSWin32-x86-multi-thread-64int/auto/share/dist/Alien-PCRE2/share/man/man3/pcre2_substring_l
ength_bynumber.3 C:/home/grape/.cpanm/work/1501071099.1344/Alien-PCRE2-0.013000/blib/lib/auto/share/dist/Alien-PCRE2/sha
re/man/man3/pcre2_substring_length_bynumber.3
Alien::Build::Util> Alien::Build> cp C:/home/grape/.cpanm/work/1501071099.1344/Alien-PCRE2-0.013000/_alien/destdir_PvZr/
C/home/grape/perl5/lib/perl5/MSWin32-x86-multi-thread-64int/auto/share/dist/Alien-PCRE2/share/man/man3/pcre2_substring_l
ist_free.3 C:/home/grape/.cpanm/work/1501071099.1344/Alien-PCRE2-0.013000/blib/lib/auto/share/dist/Alien-PCRE2/share/man
/man3/pcre2_substring_list_free.3
Alien::Build::Util> Alien::Build> cp C:/home/grape/.cpanm/work/1501071099.1344/Alien-PCRE2-0.013000/_alien/destdir_PvZr/
C/home/grape/perl5/lib/perl5/MSWin32-x86-multi-thread-64int/auto/share/dist/Alien-PCRE2/share/man/man3/pcre2_substring_l
ist_get.3 C:/home/grape/.cpanm/work/1501071099.1344/Alien-PCRE2-0.013000/blib/lib/auto/share/dist/Alien-PCRE2/share/man/
man3/pcre2_substring_list_get.3
Alien::Build::Util> Alien::Build> cp C:/home/grape/.cpanm/work/1501071099.1344/Alien-PCRE2-0.013000/_alien/destdir_PvZr/
C/home/grape/perl5/lib/perl5/MSWin32-x86-multi-thread-64int/auto/share/dist/Alien-PCRE2/share/man/man3/pcre2_substring_n
ametable_scan.3 C:/home/grape/.cpanm/work/1501071099.1344/Alien-PCRE2-0.013000/blib/lib/auto/share/dist/Alien-PCRE2/shar
e/man/man3/pcre2_substring_nametable_scan.3
Alien::Build::Util> Alien::Build> cp C:/home/grape/.cpanm/work/1501071099.1344/Alien-PCRE2-0.013000/_alien/destdir_PvZr/
C/home/grape/perl5/lib/perl5/MSWin32-x86-multi-thread-64int/auto/share/dist/Alien-PCRE2/share/man/man3/pcre2_substring_n
umber_from_name.3 C:/home/grape/.cpanm/work/1501071099.1344/Alien-PCRE2-0.013000/blib/lib/auto/share/dist/Alien-PCRE2/sh
are/man/man3/pcre2_substring_number_from_name.3
Alien::Build::Plugin::Core::Gather> mkdir -p C:/home/grape/.cpanm/work/1501071099.1344/Alien-PCRE2-0.013000/blib/lib/aut
o/share/dist/Alien-PCRE2/_alien
"C:\Strawberry\perl\bin\perl.exe" "-MExtUtils::Command::MM" "-MTest::Harness" "-e" "undef *Test::Harness::Switches; test
_harness(0, 'blib\lib', 'blib\arch')" t/*.t
t/01_use.t ........... ok
t/02_pcre2_config.t .. 1/28

<<< DEBUG >>> in t/02_pcre2_config.t, have $pcre2_bin_dirs = '$VAR1 = [
          'C:\\home\\grape\\.cpanm\\work\\1501071099.1344\\Alien-PCRE2-0.013000\\blib\\lib\\auto\\share\\dist\\Alien-PCR
E2\\bin'
        ];
'



<<< DEBUG >>> in t/02_pcre2_config.t, have $pcre2_path = 'C:\home\grape\CPANM~1\work\150107~1.134\ALIEN-~1.013\blib\lib\
auto\share\dist\ALIEN-~1\bin\pcre2grep.EXE'



<<< DEBUG >>> in t/02_pcre2_config.t, have $pcre2_directory = 'C:\home\grape\CPANM~1\work\150107~1.134\ALIEN-~1.013\blib
\lib\auto\share\dist\ALIEN-~1\bin\'



<<< DEBUG >>> in t/02_pcre2_config.t, have WINDOWS HACK $pcre2_path = 'C:\home\grape\CPANM~1\work\150107~1.134\ALIEN-~1.
013\blib\lib\auto\share\dist\ALIEN-~1\bin\pcre2-config'



<<< DEBUG >>> in t/02_pcre2_config.t, have $sh_path = 'Use of uninitialized value $sh_path in print at t/02_pcre2_config
.t line 80.
'

t/02_pcre2_config.t .. ok
t/03_pcre2grep.t ..... 1/10
<<< DEBUG >>> in t/03_pcre2grep.t, have $run_object->out() = $VAR1 = 'pcre2grep version 10.30-DEV 2017-03-05
';


<<< DEBUG >>> in t/03_pcre2grep.t, have $run_object->err() = $VAR1 = '';


<<< DEBUG >>> in t/03_pcre2grep.t, have $version_split = $VAR1 = [
          '10',
          '30'
        ];


<<< DEBUG >>> in t/03_pcre2grep.t, have $version_split_0 = '10'

<<< DEBUG >>> in t/03_pcre2grep.t, have $run_object->out() = $VAR1 = 'Thursday, Thor\'s (Jupiter\'s) Day
';


<<< DEBUG >>> in t/03_pcre2grep.t, have $run_object->err() = $VAR1 = '';

t/03_pcre2grep.t ..... ok
t/04_xs.t ............ 2/? cannot unlink file for C:\home\grape\.cpanm\work\1501071099.1344\Alien-PCRE2-0.013000\testali
enfYaeF\auto\Foo\Foo.xs.dll: Permission denied at C:/Strawberry/perl/lib/File/Temp.pm line 784.
cannot remove directory for C:\home\grape\.cpanm\work\1501071099.1344\Alien-PCRE2-0.013000\testalienfYaeF\auto\Foo: Dire
ctory not empty at C:/Strawberry/perl/lib/File/Temp.pm line 784.
cannot remove directory for C:\home\grape\.cpanm\work\1501071099.1344\Alien-PCRE2-0.013000\testalienfYaeF\auto: Director
y not empty at C:/Strawberry/perl/lib/File/Temp.pm line 784.
cannot remove directory for C:/home/grape/.cpanm/work/1501071099.1344/Alien-PCRE2-0.013000/testalienfYaeF: Directory not
 empty at C:/Strawberry/perl/lib/File/Temp.pm line 784.
t/04_xs.t ............ ok
All tests successful.
Files=4, Tests=42,  9 wallclock secs ( 0.06 usr +  0.09 sys =  0.16 CPU)
Result: PASS
Files found in blib\arch: installing files in blib\lib into architecture dependent library tree
Installing C:\home\grape\perl5\lib\perl5\MSWin32-x86-multi-thread-64int\auto\Alien\PCRE2\PCRE2.txt
Installing C:\home\grape\perl5\lib\perl5\MSWin32-x86-multi-thread-64int\Alien\PCRE2.pm
Installing C:\home\grape\perl5\lib\perl5\MSWin32-x86-multi-thread-64int\Alien\PCRE2\Install\Files.pm
Installing C:\home\grape\perl5\lib\perl5\MSWin32-x86-multi-thread-64int\auto\share\dist\Alien-PCRE2\bin\pcre2-config
Installing C:\home\grape\perl5\lib\perl5\MSWin32-x86-multi-thread-64int\auto\share\dist\Alien-PCRE2\bin\pcre2grep.exe
Installing C:\home\grape\perl5\lib\perl5\MSWin32-x86-multi-thread-64int\auto\share\dist\Alien-PCRE2\bin\pcre2test.exe
Installing C:\home\grape\perl5\lib\perl5\MSWin32-x86-multi-thread-64int\auto\share\dist\Alien-PCRE2\include\pcre2.h
Installing C:\home\grape\perl5\lib\perl5\MSWin32-x86-multi-thread-64int\auto\share\dist\Alien-PCRE2\include\pcre2posix.h

Installing C:\home\grape\perl5\lib\perl5\MSWin32-x86-multi-thread-64int\auto\share\dist\Alien-PCRE2\lib\libpcre2-16.a
Installing C:\home\grape\perl5\lib\perl5\MSWin32-x86-multi-thread-64int\auto\share\dist\Alien-PCRE2\lib\libpcre2-16.la
Installing C:\home\grape\perl5\lib\perl5\MSWin32-x86-multi-thread-64int\auto\share\dist\Alien-PCRE2\lib\libpcre2-32.a
Installing C:\home\grape\perl5\lib\perl5\MSWin32-x86-multi-thread-64int\auto\share\dist\Alien-PCRE2\lib\libpcre2-32.la
Installing C:\home\grape\perl5\lib\perl5\MSWin32-x86-multi-thread-64int\auto\share\dist\Alien-PCRE2\lib\libpcre2-8.a
Installing C:\home\grape\perl5\lib\perl5\MSWin32-x86-multi-thread-64int\auto\share\dist\Alien-PCRE2\lib\libpcre2-8.la
Installing C:\home\grape\perl5\lib\perl5\MSWin32-x86-multi-thread-64int\auto\share\dist\Alien-PCRE2\lib\libpcre2-posix.a

Installing C:\home\grape\perl5\lib\perl5\MSWin32-x86-multi-thread-64int\auto\share\dist\Alien-PCRE2\lib\libpcre2-posix.l
a
Installing C:\home\grape\perl5\lib\perl5\MSWin32-x86-multi-thread-64int\auto\share\dist\Alien-PCRE2\lib\pkgconfig\libpcr
e2-16.pc
Installing C:\home\grape\perl5\lib\perl5\MSWin32-x86-multi-thread-64int\auto\share\dist\Alien-PCRE2\lib\pkgconfig\libpcr
e2-32.pc
Installing C:\home\grape\perl5\lib\perl5\MSWin32-x86-multi-thread-64int\auto\share\dist\Alien-PCRE2\lib\pkgconfig\libpcr
e2-8.pc
Installing C:\home\grape\perl5\lib\perl5\MSWin32-x86-multi-thread-64int\auto\share\dist\Alien-PCRE2\lib\pkgconfig\libpcr
e2-posix.pc
Installing C:\home\grape\perl5\lib\perl5\MSWin32-x86-multi-thread-64int\auto\share\dist\Alien-PCRE2\share\doc\pcre2\AUTH
ORS
Installing C:\home\grape\perl5\lib\perl5\MSWin32-x86-multi-thread-64int\auto\share\dist\Alien-PCRE2\share\doc\pcre2\Chan
geLog
Installing C:\home\grape\perl5\lib\perl5\MSWin32-x86-multi-thread-64int\auto\share\dist\Alien-PCRE2\share\doc\pcre2\COPY
ING
Installing C:\home\grape\perl5\lib\perl5\MSWin32-x86-multi-thread-64int\auto\share\dist\Alien-PCRE2\share\doc\pcre2\LICE
NCE
Installing C:\home\grape\perl5\lib\perl5\MSWin32-x86-multi-thread-64int\auto\share\dist\Alien-PCRE2\share\doc\pcre2\NEWS

Installing C:\home\grape\perl5\lib\perl5\MSWin32-x86-multi-thread-64int\auto\share\dist\Alien-PCRE2\share\doc\pcre2\pcre
2-config.txt
Installing C:\home\grape\perl5\lib\perl5\MSWin32-x86-multi-thread-64int\auto\share\dist\Alien-PCRE2\share\doc\pcre2\pcre
2.txt
Installing C:\home\grape\perl5\lib\perl5\MSWin32-x86-multi-thread-64int\auto\share\dist\Alien-PCRE2\share\doc\pcre2\pcre
2grep.txt
Installing C:\home\grape\perl5\lib\perl5\MSWin32-x86-multi-thread-64int\auto\share\dist\Alien-PCRE2\share\doc\pcre2\pcre
2test.txt
Installing C:\home\grape\perl5\lib\perl5\MSWin32-x86-multi-thread-64int\auto\share\dist\Alien-PCRE2\share\doc\pcre2\READ
ME
Installing C:\home\grape\perl5\lib\perl5\MSWin32-x86-multi-thread-64int\auto\share\dist\Alien-PCRE2\share\doc\pcre2\html
\index.html
Installing C:\home\grape\perl5\lib\perl5\MSWin32-x86-multi-thread-64int\auto\share\dist\Alien-PCRE2\share\doc\pcre2\html
\NON-AUTOTOOLS-BUILD.txt
Installing C:\home\grape\perl5\lib\perl5\MSWin32-x86-multi-thread-64int\auto\share\dist\Alien-PCRE2\share\doc\pcre2\html
\pcre2-config.html
Installing C:\home\grape\perl5\lib\perl5\MSWin32-x86-multi-thread-64int\auto\share\dist\Alien-PCRE2\share\doc\pcre2\html
\pcre2.html
Installing C:\home\grape\perl5\lib\perl5\MSWin32-x86-multi-thread-64int\auto\share\dist\Alien-PCRE2\share\doc\pcre2\html
\pcre2api.html
Installing C:\home\grape\perl5\lib\perl5\MSWin32-x86-multi-thread-64int\auto\share\dist\Alien-PCRE2\share\doc\pcre2\html
\pcre2build.html
Installing C:\home\grape\perl5\lib\perl5\MSWin32-x86-multi-thread-64int\auto\share\dist\Alien-PCRE2\share\doc\pcre2\html
\pcre2callout.html
Installing C:\home\grape\perl5\lib\perl5\MSWin32-x86-multi-thread-64int\auto\share\dist\Alien-PCRE2\share\doc\pcre2\html
\pcre2compat.html
Installing C:\home\grape\perl5\lib\perl5\MSWin32-x86-multi-thread-64int\auto\share\dist\Alien-PCRE2\share\doc\pcre2\html
\pcre2demo.html
Installing C:\home\grape\perl5\lib\perl5\MSWin32-x86-multi-thread-64int\auto\share\dist\Alien-PCRE2\share\doc\pcre2\html
\pcre2grep.html
Installing C:\home\grape\perl5\lib\perl5\MSWin32-x86-multi-thread-64int\auto\share\dist\Alien-PCRE2\share\doc\pcre2\html
\pcre2jit.html
Installing C:\home\grape\perl5\lib\perl5\MSWin32-x86-multi-thread-64int\auto\share\dist\Alien-PCRE2\share\doc\pcre2\html
\pcre2limits.html
Installing C:\home\grape\perl5\lib\perl5\MSWin32-x86-multi-thread-64int\auto\share\dist\Alien-PCRE2\share\doc\pcre2\html
\pcre2matching.html
Installing C:\home\grape\perl5\lib\perl5\MSWin32-x86-multi-thread-64int\auto\share\dist\Alien-PCRE2\share\doc\pcre2\html
\pcre2partial.html
Installing C:\home\grape\perl5\lib\perl5\MSWin32-x86-multi-thread-64int\auto\share\dist\Alien-PCRE2\share\doc\pcre2\html
\pcre2pattern.html
Installing C:\home\grape\perl5\lib\perl5\MSWin32-x86-multi-thread-64int\auto\share\dist\Alien-PCRE2\share\doc\pcre2\html
\pcre2perform.html
Installing C:\home\grape\perl5\lib\perl5\MSWin32-x86-multi-thread-64int\auto\share\dist\Alien-PCRE2\share\doc\pcre2\html
\pcre2posix.html
Installing C:\home\grape\perl5\lib\perl5\MSWin32-x86-multi-thread-64int\auto\share\dist\Alien-PCRE2\share\doc\pcre2\html
\pcre2sample.html
Installing C:\home\grape\perl5\lib\perl5\MSWin32-x86-multi-thread-64int\auto\share\dist\Alien-PCRE2\share\doc\pcre2\html
\pcre2serialize.html
Installing C:\home\grape\perl5\lib\perl5\MSWin32-x86-multi-thread-64int\auto\share\dist\Alien-PCRE2\share\doc\pcre2\html
\pcre2syntax.html
Installing C:\home\grape\perl5\lib\perl5\MSWin32-x86-multi-thread-64int\auto\share\dist\Alien-PCRE2\share\doc\pcre2\html
\pcre2test.html
Installing C:\home\grape\perl5\lib\perl5\MSWin32-x86-multi-thread-64int\auto\share\dist\Alien-PCRE2\share\doc\pcre2\html
\pcre2unicode.html
Installing C:\home\grape\perl5\lib\perl5\MSWin32-x86-multi-thread-64int\auto\share\dist\Alien-PCRE2\share\doc\pcre2\html
\pcre2_callout_enumerate.html
Installing C:\home\grape\perl5\lib\perl5\MSWin32-x86-multi-thread-64int\auto\share\dist\Alien-PCRE2\share\doc\pcre2\html
\pcre2_code_copy.html
Installing C:\home\grape\perl5\lib\perl5\MSWin32-x86-multi-thread-64int\auto\share\dist\Alien-PCRE2\share\doc\pcre2\html
\pcre2_code_copy_with_tables.html
Installing C:\home\grape\perl5\lib\perl5\MSWin32-x86-multi-thread-64int\auto\share\dist\Alien-PCRE2\share\doc\pcre2\html
\pcre2_code_free.html
Installing C:\home\grape\perl5\lib\perl5\MSWin32-x86-multi-thread-64int\auto\share\dist\Alien-PCRE2\share\doc\pcre2\html
\pcre2_compile.html
Installing C:\home\grape\perl5\lib\perl5\MSWin32-x86-multi-thread-64int\auto\share\dist\Alien-PCRE2\share\doc\pcre2\html
\pcre2_compile_context_copy.html
Installing C:\home\grape\perl5\lib\perl5\MSWin32-x86-multi-thread-64int\auto\share\dist\Alien-PCRE2\share\doc\pcre2\html
\pcre2_compile_context_create.html
Installing C:\home\grape\perl5\lib\perl5\MSWin32-x86-multi-thread-64int\auto\share\dist\Alien-PCRE2\share\doc\pcre2\html
\pcre2_compile_context_free.html
Installing C:\home\grape\perl5\lib\perl5\MSWin32-x86-multi-thread-64int\auto\share\dist\Alien-PCRE2\share\doc\pcre2\html
\pcre2_config.html
Installing C:\home\grape\perl5\lib\perl5\MSWin32-x86-multi-thread-64int\auto\share\dist\Alien-PCRE2\share\doc\pcre2\html
\pcre2_dfa_match.html
Installing C:\home\grape\perl5\lib\perl5\MSWin32-x86-multi-thread-64int\auto\share\dist\Alien-PCRE2\share\doc\pcre2\html
\pcre2_general_context_copy.html
Installing C:\home\grape\perl5\lib\perl5\MSWin32-x86-multi-thread-64int\auto\share\dist\Alien-PCRE2\share\doc\pcre2\html
\pcre2_general_context_create.html
Installing C:\home\grape\perl5\lib\perl5\MSWin32-x86-multi-thread-64int\auto\share\dist\Alien-PCRE2\share\doc\pcre2\html
\pcre2_general_context_free.html
Installing C:\home\grape\perl5\lib\perl5\MSWin32-x86-multi-thread-64int\auto\share\dist\Alien-PCRE2\share\doc\pcre2\html
\pcre2_get_error_message.html
Installing C:\home\grape\perl5\lib\perl5\MSWin32-x86-multi-thread-64int\auto\share\dist\Alien-PCRE2\share\doc\pcre2\html
\pcre2_get_mark.html
Installing C:\home\grape\perl5\lib\perl5\MSWin32-x86-multi-thread-64int\auto\share\dist\Alien-PCRE2\share\doc\pcre2\html
\pcre2_get_ovector_count.html
Installing C:\home\grape\perl5\lib\perl5\MSWin32-x86-multi-thread-64int\auto\share\dist\Alien-PCRE2\share\doc\pcre2\html
\pcre2_get_ovector_pointer.html
Installing C:\home\grape\perl5\lib\perl5\MSWin32-x86-multi-thread-64int\auto\share\dist\Alien-PCRE2\share\doc\pcre2\html
\pcre2_get_startchar.html
Installing C:\home\grape\perl5\lib\perl5\MSWin32-x86-multi-thread-64int\auto\share\dist\Alien-PCRE2\share\doc\pcre2\html
\pcre2_jit_compile.html
Installing C:\home\grape\perl5\lib\perl5\MSWin32-x86-multi-thread-64int\auto\share\dist\Alien-PCRE2\share\doc\pcre2\html
\pcre2_jit_free_unused_memory.html
Installing C:\home\grape\perl5\lib\perl5\MSWin32-x86-multi-thread-64int\auto\share\dist\Alien-PCRE2\share\doc\pcre2\html
\pcre2_jit_match.html
Installing C:\home\grape\perl5\lib\perl5\MSWin32-x86-multi-thread-64int\auto\share\dist\Alien-PCRE2\share\doc\pcre2\html
\pcre2_jit_stack_assign.html
Installing C:\home\grape\perl5\lib\perl5\MSWin32-x86-multi-thread-64int\auto\share\dist\Alien-PCRE2\share\doc\pcre2\html
\pcre2_jit_stack_create.html
Installing C:\home\grape\perl5\lib\perl5\MSWin32-x86-multi-thread-64int\auto\share\dist\Alien-PCRE2\share\doc\pcre2\html
\pcre2_jit_stack_free.html
Installing C:\home\grape\perl5\lib\perl5\MSWin32-x86-multi-thread-64int\auto\share\dist\Alien-PCRE2\share\doc\pcre2\html
\pcre2_maketables.html
Installing C:\home\grape\perl5\lib\perl5\MSWin32-x86-multi-thread-64int\auto\share\dist\Alien-PCRE2\share\doc\pcre2\html
\pcre2_match.html
Installing C:\home\grape\perl5\lib\perl5\MSWin32-x86-multi-thread-64int\auto\share\dist\Alien-PCRE2\share\doc\pcre2\html
\pcre2_match_context_copy.html
Installing C:\home\grape\perl5\lib\perl5\MSWin32-x86-multi-thread-64int\auto\share\dist\Alien-PCRE2\share\doc\pcre2\html
\pcre2_match_context_create.html
Installing C:\home\grape\perl5\lib\perl5\MSWin32-x86-multi-thread-64int\auto\share\dist\Alien-PCRE2\share\doc\pcre2\html
\pcre2_match_context_free.html
Installing C:\home\grape\perl5\lib\perl5\MSWin32-x86-multi-thread-64int\auto\share\dist\Alien-PCRE2\share\doc\pcre2\html
\pcre2_match_data_create.html
Installing C:\home\grape\perl5\lib\perl5\MSWin32-x86-multi-thread-64int\auto\share\dist\Alien-PCRE2\share\doc\pcre2\html
\pcre2_match_data_create_from_pattern.html
Installing C:\home\grape\perl5\lib\perl5\MSWin32-x86-multi-thread-64int\auto\share\dist\Alien-PCRE2\share\doc\pcre2\html
\pcre2_match_data_free.html
Installing C:\home\grape\perl5\lib\perl5\MSWin32-x86-multi-thread-64int\auto\share\dist\Alien-PCRE2\share\doc\pcre2\html
\pcre2_pattern_info.html
Installing C:\home\grape\perl5\lib\perl5\MSWin32-x86-multi-thread-64int\auto\share\dist\Alien-PCRE2\share\doc\pcre2\html
\pcre2_serialize_decode.html
Installing C:\home\grape\perl5\lib\perl5\MSWin32-x86-multi-thread-64int\auto\share\dist\Alien-PCRE2\share\doc\pcre2\html
\pcre2_serialize_encode.html
Installing C:\home\grape\perl5\lib\perl5\MSWin32-x86-multi-thread-64int\auto\share\dist\Alien-PCRE2\share\doc\pcre2\html
\pcre2_serialize_free.html
Installing C:\home\grape\perl5\lib\perl5\MSWin32-x86-multi-thread-64int\auto\share\dist\Alien-PCRE2\share\doc\pcre2\html
\pcre2_serialize_get_number_of_codes.html
Installing C:\home\grape\perl5\lib\perl5\MSWin32-x86-multi-thread-64int\auto\share\dist\Alien-PCRE2\share\doc\pcre2\html
\pcre2_set_bsr.html
Installing C:\home\grape\perl5\lib\perl5\MSWin32-x86-multi-thread-64int\auto\share\dist\Alien-PCRE2\share\doc\pcre2\html
\pcre2_set_callout.html
Installing C:\home\grape\perl5\lib\perl5\MSWin32-x86-multi-thread-64int\auto\share\dist\Alien-PCRE2\share\doc\pcre2\html
\pcre2_set_character_tables.html
Installing C:\home\grape\perl5\lib\perl5\MSWin32-x86-multi-thread-64int\auto\share\dist\Alien-PCRE2\share\doc\pcre2\html
\pcre2_set_compile_extra_options.html
Installing C:\home\grape\perl5\lib\perl5\MSWin32-x86-multi-thread-64int\auto\share\dist\Alien-PCRE2\share\doc\pcre2\html
\pcre2_set_compile_recursion_guard.html
Installing C:\home\grape\perl5\lib\perl5\MSWin32-x86-multi-thread-64int\auto\share\dist\Alien-PCRE2\share\doc\pcre2\html
\pcre2_set_depth_limit.html
Installing C:\home\grape\perl5\lib\perl5\MSWin32-x86-multi-thread-64int\auto\share\dist\Alien-PCRE2\share\doc\pcre2\html
\pcre2_set_heap_limit.html
Installing C:\home\grape\perl5\lib\perl5\MSWin32-x86-multi-thread-64int\auto\share\dist\Alien-PCRE2\share\doc\pcre2\html
\pcre2_set_match_limit.html
Installing C:\home\grape\perl5\lib\perl5\MSWin32-x86-multi-thread-64int\auto\share\dist\Alien-PCRE2\share\doc\pcre2\html
\pcre2_set_max_pattern_length.html
Installing C:\home\grape\perl5\lib\perl5\MSWin32-x86-multi-thread-64int\auto\share\dist\Alien-PCRE2\share\doc\pcre2\html
\pcre2_set_newline.html
Installing C:\home\grape\perl5\lib\perl5\MSWin32-x86-multi-thread-64int\auto\share\dist\Alien-PCRE2\share\doc\pcre2\html
\pcre2_set_offset_limit.html
Installing C:\home\grape\perl5\lib\perl5\MSWin32-x86-multi-thread-64int\auto\share\dist\Alien-PCRE2\share\doc\pcre2\html
\pcre2_set_parens_nest_limit.html
Installing C:\home\grape\perl5\lib\perl5\MSWin32-x86-multi-thread-64int\auto\share\dist\Alien-PCRE2\share\doc\pcre2\html
\pcre2_set_recursion_limit.html
Installing C:\home\grape\perl5\lib\perl5\MSWin32-x86-multi-thread-64int\auto\share\dist\Alien-PCRE2\share\doc\pcre2\html
\pcre2_set_recursion_memory_management.html
Installing C:\home\grape\perl5\lib\perl5\MSWin32-x86-multi-thread-64int\auto\share\dist\Alien-PCRE2\share\doc\pcre2\html
\pcre2_substitute.html
Installing C:\home\grape\perl5\lib\perl5\MSWin32-x86-multi-thread-64int\auto\share\dist\Alien-PCRE2\share\doc\pcre2\html
\pcre2_substring_copy_byname.html
Installing C:\home\grape\perl5\lib\perl5\MSWin32-x86-multi-thread-64int\auto\share\dist\Alien-PCRE2\share\doc\pcre2\html
\pcre2_substring_copy_bynumber.html
Installing C:\home\grape\perl5\lib\perl5\MSWin32-x86-multi-thread-64int\auto\share\dist\Alien-PCRE2\share\doc\pcre2\html
\pcre2_substring_free.html
Installing C:\home\grape\perl5\lib\perl5\MSWin32-x86-multi-thread-64int\auto\share\dist\Alien-PCRE2\share\doc\pcre2\html
\pcre2_substring_get_byname.html
Installing C:\home\grape\perl5\lib\perl5\MSWin32-x86-multi-thread-64int\auto\share\dist\Alien-PCRE2\share\doc\pcre2\html
\pcre2_substring_get_bynumber.html
Installing C:\home\grape\perl5\lib\perl5\MSWin32-x86-multi-thread-64int\auto\share\dist\Alien-PCRE2\share\doc\pcre2\html
\pcre2_substring_length_byname.html
Installing C:\home\grape\perl5\lib\perl5\MSWin32-x86-multi-thread-64int\auto\share\dist\Alien-PCRE2\share\doc\pcre2\html
\pcre2_substring_length_bynumber.html
Installing C:\home\grape\perl5\lib\perl5\MSWin32-x86-multi-thread-64int\auto\share\dist\Alien-PCRE2\share\doc\pcre2\html
\pcre2_substring_list_free.html
Installing C:\home\grape\perl5\lib\perl5\MSWin32-x86-multi-thread-64int\auto\share\dist\Alien-PCRE2\share\doc\pcre2\html
\pcre2_substring_list_get.html
Installing C:\home\grape\perl5\lib\perl5\MSWin32-x86-multi-thread-64int\auto\share\dist\Alien-PCRE2\share\doc\pcre2\html
\pcre2_substring_nametable_scan.html
Installing C:\home\grape\perl5\lib\perl5\MSWin32-x86-multi-thread-64int\auto\share\dist\Alien-PCRE2\share\doc\pcre2\html
\pcre2_substring_number_from_name.html
Installing C:\home\grape\perl5\lib\perl5\MSWin32-x86-multi-thread-64int\auto\share\dist\Alien-PCRE2\share\doc\pcre2\html
\README.txt
Installing C:\home\grape\perl5\lib\perl5\MSWin32-x86-multi-thread-64int\auto\share\dist\Alien-PCRE2\share\man\man1\pcre2
-config.1
Installing C:\home\grape\perl5\lib\perl5\MSWin32-x86-multi-thread-64int\auto\share\dist\Alien-PCRE2\share\man\man1\pcre2
grep.1
Installing C:\home\grape\perl5\lib\perl5\MSWin32-x86-multi-thread-64int\auto\share\dist\Alien-PCRE2\share\man\man1\pcre2
test.1
Installing C:\home\grape\perl5\lib\perl5\MSWin32-x86-multi-thread-64int\auto\share\dist\Alien-PCRE2\share\man\man3\pcre2
.3
Installing C:\home\grape\perl5\lib\perl5\MSWin32-x86-multi-thread-64int\auto\share\dist\Alien-PCRE2\share\man\man3\pcre2
api.3
Installing C:\home\grape\perl5\lib\perl5\MSWin32-x86-multi-thread-64int\auto\share\dist\Alien-PCRE2\share\man\man3\pcre2
build.3
Installing C:\home\grape\perl5\lib\perl5\MSWin32-x86-multi-thread-64int\auto\share\dist\Alien-PCRE2\share\man\man3\pcre2
callout.3
Installing C:\home\grape\perl5\lib\perl5\MSWin32-x86-multi-thread-64int\auto\share\dist\Alien-PCRE2\share\man\man3\pcre2
compat.3
Installing C:\home\grape\perl5\lib\perl5\MSWin32-x86-multi-thread-64int\auto\share\dist\Alien-PCRE2\share\man\man3\pcre2
demo.3
Installing C:\home\grape\perl5\lib\perl5\MSWin32-x86-multi-thread-64int\auto\share\dist\Alien-PCRE2\share\man\man3\pcre2
jit.3
Installing C:\home\grape\perl5\lib\perl5\MSWin32-x86-multi-thread-64int\auto\share\dist\Alien-PCRE2\share\man\man3\pcre2
limits.3
Installing C:\home\grape\perl5\lib\perl5\MSWin32-x86-multi-thread-64int\auto\share\dist\Alien-PCRE2\share\man\man3\pcre2
matching.3
Installing C:\home\grape\perl5\lib\perl5\MSWin32-x86-multi-thread-64int\auto\share\dist\Alien-PCRE2\share\man\man3\pcre2
partial.3
Installing C:\home\grape\perl5\lib\perl5\MSWin32-x86-multi-thread-64int\auto\share\dist\Alien-PCRE2\share\man\man3\pcre2
pattern.3
Installing C:\home\grape\perl5\lib\perl5\MSWin32-x86-multi-thread-64int\auto\share\dist\Alien-PCRE2\share\man\man3\pcre2
perform.3
Installing C:\home\grape\perl5\lib\perl5\MSWin32-x86-multi-thread-64int\auto\share\dist\Alien-PCRE2\share\man\man3\pcre2
posix.3
Installing C:\home\grape\perl5\lib\perl5\MSWin32-x86-multi-thread-64int\auto\share\dist\Alien-PCRE2\share\man\man3\pcre2
sample.3
Installing C:\home\grape\perl5\lib\perl5\MSWin32-x86-multi-thread-64int\auto\share\dist\Alien-PCRE2\share\man\man3\pcre2
serialize.3
Installing C:\home\grape\perl5\lib\perl5\MSWin32-x86-multi-thread-64int\auto\share\dist\Alien-PCRE2\share\man\man3\pcre2
syntax.3
Installing C:\home\grape\perl5\lib\perl5\MSWin32-x86-multi-thread-64int\auto\share\dist\Alien-PCRE2\share\man\man3\pcre2
unicode.3
Installing C:\home\grape\perl5\lib\perl5\MSWin32-x86-multi-thread-64int\auto\share\dist\Alien-PCRE2\share\man\man3\pcre2
_callout_enumerate.3
Installing C:\home\grape\perl5\lib\perl5\MSWin32-x86-multi-thread-64int\auto\share\dist\Alien-PCRE2\share\man\man3\pcre2
_code_copy.3
Installing C:\home\grape\perl5\lib\perl5\MSWin32-x86-multi-thread-64int\auto\share\dist\Alien-PCRE2\share\man\man3\pcre2
_code_copy_with_tables.3
Installing C:\home\grape\perl5\lib\perl5\MSWin32-x86-multi-thread-64int\auto\share\dist\Alien-PCRE2\share\man\man3\pcre2
_code_free.3
Installing C:\home\grape\perl5\lib\perl5\MSWin32-x86-multi-thread-64int\auto\share\dist\Alien-PCRE2\share\man\man3\pcre2
_compile.3
Installing C:\home\grape\perl5\lib\perl5\MSWin32-x86-multi-thread-64int\auto\share\dist\Alien-PCRE2\share\man\man3\pcre2
_compile_context_copy.3
Installing C:\home\grape\perl5\lib\perl5\MSWin32-x86-multi-thread-64int\auto\share\dist\Alien-PCRE2\share\man\man3\pcre2
_compile_context_create.3
Installing C:\home\grape\perl5\lib\perl5\MSWin32-x86-multi-thread-64int\auto\share\dist\Alien-PCRE2\share\man\man3\pcre2
_compile_context_free.3
Installing C:\home\grape\perl5\lib\perl5\MSWin32-x86-multi-thread-64int\auto\share\dist\Alien-PCRE2\share\man\man3\pcre2
_config.3
Installing C:\home\grape\perl5\lib\perl5\MSWin32-x86-multi-thread-64int\auto\share\dist\Alien-PCRE2\share\man\man3\pcre2
_dfa_match.3
Installing C:\home\grape\perl5\lib\perl5\MSWin32-x86-multi-thread-64int\auto\share\dist\Alien-PCRE2\share\man\man3\pcre2
_general_context_copy.3
Installing C:\home\grape\perl5\lib\perl5\MSWin32-x86-multi-thread-64int\auto\share\dist\Alien-PCRE2\share\man\man3\pcre2
_general_context_create.3
Installing C:\home\grape\perl5\lib\perl5\MSWin32-x86-multi-thread-64int\auto\share\dist\Alien-PCRE2\share\man\man3\pcre2
_general_context_free.3
Installing C:\home\grape\perl5\lib\perl5\MSWin32-x86-multi-thread-64int\auto\share\dist\Alien-PCRE2\share\man\man3\pcre2
_get_error_message.3
Installing C:\home\grape\perl5\lib\perl5\MSWin32-x86-multi-thread-64int\auto\share\dist\Alien-PCRE2\share\man\man3\pcre2
_get_mark.3
Installing C:\home\grape\perl5\lib\perl5\MSWin32-x86-multi-thread-64int\auto\share\dist\Alien-PCRE2\share\man\man3\pcre2
_get_ovector_count.3
Installing C:\home\grape\perl5\lib\perl5\MSWin32-x86-multi-thread-64int\auto\share\dist\Alien-PCRE2\share\man\man3\pcre2
_get_ovector_pointer.3
Installing C:\home\grape\perl5\lib\perl5\MSWin32-x86-multi-thread-64int\auto\share\dist\Alien-PCRE2\share\man\man3\pcre2
_get_startchar.3
Installing C:\home\grape\perl5\lib\perl5\MSWin32-x86-multi-thread-64int\auto\share\dist\Alien-PCRE2\share\man\man3\pcre2
_jit_compile.3
Installing C:\home\grape\perl5\lib\perl5\MSWin32-x86-multi-thread-64int\auto\share\dist\Alien-PCRE2\share\man\man3\pcre2
_jit_free_unused_memory.3
Installing C:\home\grape\perl5\lib\perl5\MSWin32-x86-multi-thread-64int\auto\share\dist\Alien-PCRE2\share\man\man3\pcre2
_jit_match.3
Installing C:\home\grape\perl5\lib\perl5\MSWin32-x86-multi-thread-64int\auto\share\dist\Alien-PCRE2\share\man\man3\pcre2
_jit_stack_assign.3
Installing C:\home\grape\perl5\lib\perl5\MSWin32-x86-multi-thread-64int\auto\share\dist\Alien-PCRE2\share\man\man3\pcre2
_jit_stack_create.3
Installing C:\home\grape\perl5\lib\perl5\MSWin32-x86-multi-thread-64int\auto\share\dist\Alien-PCRE2\share\man\man3\pcre2
_jit_stack_free.3
Installing C:\home\grape\perl5\lib\perl5\MSWin32-x86-multi-thread-64int\auto\share\dist\Alien-PCRE2\share\man\man3\pcre2
_maketables.3
Installing C:\home\grape\perl5\lib\perl5\MSWin32-x86-multi-thread-64int\auto\share\dist\Alien-PCRE2\share\man\man3\pcre2
_match.3
Installing C:\home\grape\perl5\lib\perl5\MSWin32-x86-multi-thread-64int\auto\share\dist\Alien-PCRE2\share\man\man3\pcre2
_match_context_copy.3
Installing C:\home\grape\perl5\lib\perl5\MSWin32-x86-multi-thread-64int\auto\share\dist\Alien-PCRE2\share\man\man3\pcre2
_match_context_create.3
Installing C:\home\grape\perl5\lib\perl5\MSWin32-x86-multi-thread-64int\auto\share\dist\Alien-PCRE2\share\man\man3\pcre2
_match_context_free.3
Installing C:\home\grape\perl5\lib\perl5\MSWin32-x86-multi-thread-64int\auto\share\dist\Alien-PCRE2\share\man\man3\pcre2
_match_data_create.3
Installing C:\home\grape\perl5\lib\perl5\MSWin32-x86-multi-thread-64int\auto\share\dist\Alien-PCRE2\share\man\man3\pcre2
_match_data_create_from_pattern.3
Installing C:\home\grape\perl5\lib\perl5\MSWin32-x86-multi-thread-64int\auto\share\dist\Alien-PCRE2\share\man\man3\pcre2
_match_data_free.3
Installing C:\home\grape\perl5\lib\perl5\MSWin32-x86-multi-thread-64int\auto\share\dist\Alien-PCRE2\share\man\man3\pcre2
_pattern_info.3
Installing C:\home\grape\perl5\lib\perl5\MSWin32-x86-multi-thread-64int\auto\share\dist\Alien-PCRE2\share\man\man3\pcre2
_serialize_decode.3
Installing C:\home\grape\perl5\lib\perl5\MSWin32-x86-multi-thread-64int\auto\share\dist\Alien-PCRE2\share\man\man3\pcre2
_serialize_encode.3
Installing C:\home\grape\perl5\lib\perl5\MSWin32-x86-multi-thread-64int\auto\share\dist\Alien-PCRE2\share\man\man3\pcre2
_serialize_free.3
Installing C:\home\grape\perl5\lib\perl5\MSWin32-x86-multi-thread-64int\auto\share\dist\Alien-PCRE2\share\man\man3\pcre2
_serialize_get_number_of_codes.3
Installing C:\home\grape\perl5\lib\perl5\MSWin32-x86-multi-thread-64int\auto\share\dist\Alien-PCRE2\share\man\man3\pcre2
_set_bsr.3
Installing C:\home\grape\perl5\lib\perl5\MSWin32-x86-multi-thread-64int\auto\share\dist\Alien-PCRE2\share\man\man3\pcre2
_set_callout.3
Installing C:\home\grape\perl5\lib\perl5\MSWin32-x86-multi-thread-64int\auto\share\dist\Alien-PCRE2\share\man\man3\pcre2
_set_character_tables.3
Installing C:\home\grape\perl5\lib\perl5\MSWin32-x86-multi-thread-64int\auto\share\dist\Alien-PCRE2\share\man\man3\pcre2
_set_compile_extra_options.3
Installing C:\home\grape\perl5\lib\perl5\MSWin32-x86-multi-thread-64int\auto\share\dist\Alien-PCRE2\share\man\man3\pcre2
_set_compile_recursion_guard.3
Installing C:\home\grape\perl5\lib\perl5\MSWin32-x86-multi-thread-64int\auto\share\dist\Alien-PCRE2\share\man\man3\pcre2
_set_depth_limit.3
Installing C:\home\grape\perl5\lib\perl5\MSWin32-x86-multi-thread-64int\auto\share\dist\Alien-PCRE2\share\man\man3\pcre2
_set_heap_limit.3
Installing C:\home\grape\perl5\lib\perl5\MSWin32-x86-multi-thread-64int\auto\share\dist\Alien-PCRE2\share\man\man3\pcre2
_set_match_limit.3
Installing C:\home\grape\perl5\lib\perl5\MSWin32-x86-multi-thread-64int\auto\share\dist\Alien-PCRE2\share\man\man3\pcre2
_set_max_pattern_length.3
Installing C:\home\grape\perl5\lib\perl5\MSWin32-x86-multi-thread-64int\auto\share\dist\Alien-PCRE2\share\man\man3\pcre2
_set_newline.3
Installing C:\home\grape\perl5\lib\perl5\MSWin32-x86-multi-thread-64int\auto\share\dist\Alien-PCRE2\share\man\man3\pcre2
_set_offset_limit.3
Installing C:\home\grape\perl5\lib\perl5\MSWin32-x86-multi-thread-64int\auto\share\dist\Alien-PCRE2\share\man\man3\pcre2
_set_parens_nest_limit.3
Installing C:\home\grape\perl5\lib\perl5\MSWin32-x86-multi-thread-64int\auto\share\dist\Alien-PCRE2\share\man\man3\pcre2
_set_recursion_limit.3
Installing C:\home\grape\perl5\lib\perl5\MSWin32-x86-multi-thread-64int\auto\share\dist\Alien-PCRE2\share\man\man3\pcre2
_set_recursion_memory_management.3
Installing C:\home\grape\perl5\lib\perl5\MSWin32-x86-multi-thread-64int\auto\share\dist\Alien-PCRE2\share\man\man3\pcre2
_substitute.3
Installing C:\home\grape\perl5\lib\perl5\MSWin32-x86-multi-thread-64int\auto\share\dist\Alien-PCRE2\share\man\man3\pcre2
_substring_copy_byname.3
Installing C:\home\grape\perl5\lib\perl5\MSWin32-x86-multi-thread-64int\auto\share\dist\Alien-PCRE2\share\man\man3\pcre2
_substring_copy_bynumber.3
Installing C:\home\grape\perl5\lib\perl5\MSWin32-x86-multi-thread-64int\auto\share\dist\Alien-PCRE2\share\man\man3\pcre2
_substring_free.3
Installing C:\home\grape\perl5\lib\perl5\MSWin32-x86-multi-thread-64int\auto\share\dist\Alien-PCRE2\share\man\man3\pcre2
_substring_get_byname.3
Installing C:\home\grape\perl5\lib\perl5\MSWin32-x86-multi-thread-64int\auto\share\dist\Alien-PCRE2\share\man\man3\pcre2
_substring_get_bynumber.3
Installing C:\home\grape\perl5\lib\perl5\MSWin32-x86-multi-thread-64int\auto\share\dist\Alien-PCRE2\share\man\man3\pcre2
_substring_length_byname.3
Installing C:\home\grape\perl5\lib\perl5\MSWin32-x86-multi-thread-64int\auto\share\dist\Alien-PCRE2\share\man\man3\pcre2
_substring_length_bynumber.3
Installing C:\home\grape\perl5\lib\perl5\MSWin32-x86-multi-thread-64int\auto\share\dist\Alien-PCRE2\share\man\man3\pcre2
_substring_list_free.3
Installing C:\home\grape\perl5\lib\perl5\MSWin32-x86-multi-thread-64int\auto\share\dist\Alien-PCRE2\share\man\man3\pcre2
_substring_list_get.3
Installing C:\home\grape\perl5\lib\perl5\MSWin32-x86-multi-thread-64int\auto\share\dist\Alien-PCRE2\share\man\man3\pcre2
_substring_nametable_scan.3
Installing C:\home\grape\perl5\lib\perl5\MSWin32-x86-multi-thread-64int\auto\share\dist\Alien-PCRE2\share\man\man3\pcre2
_substring_number_from_name.3
Installing C:\home\grape\perl5\lib\perl5\MSWin32-x86-multi-thread-64int\auto\share\dist\Alien-PCRE2\_alien\alien.json
Installing C:\home\grape\perl5\lib\perl5\MSWin32-x86-multi-thread-64int\auto\share\dist\Alien-PCRE2\_alien\alienfile
Appending installation info to C:\home\grape\perl5\lib\perl5\MSWin32-x86-multi-thread-64int/perllocal.pod
OK
Successfully installed Alien-PCRE2-0.013000
Installing C:\home\grape\perl5\lib\perl5\MSWin32-x86-multi-thread-64int\.meta\Alien-PCRE2-0.013000\install.json
Installing C:\home\grape\perl5\lib\perl5\MSWin32-x86-multi-thread-64int\.meta\Alien-PCRE2-0.013000\MYMETA.json
Running Makefile.PL
Configuring Alien-JPCRE2-0.008000 ... Alien::Build::Plugin::Probe::CBuilder> trying: cflags=-IC:/home/grape/perl5/lib/pe
rl5/MSWin32-x86-multi-thread-64int/auto/share/dist/Alien-PCRE2/include -DPCRE2_STATIC   libs=-LC:/home/grape/perl5/lib/p
erl5/MSWin32-x86-multi-thread-64int/auto/share/dist/Alien-PCRE2/lib -lpcre2-8
Alien::Build::Plugin::Probe::CBuilder> compile failed: error building xs.dll file from 'mytest.c' at C:\home\grape\perl5
\lib\perl5/ExtUtils/CBuilder/Platform/Windows.pm line 129.
Alien::Build::Plugin::Probe::CBuilder> compile failed: gcc -c -s -O2 -DWIN32  -DPERL_TEXTMODE_SCRIPTS -DPERL_IMPLICIT_CO
NTEXT -DPERL_IMPLICIT_SYS -DUSE_PERLIO -fwrapv -fno-strict-aliasing -mms-bitfields -IC:/home/grape/perl5/lib/perl5/MSWin
32-x86-multi-thread-64int/auto/share/dist/Alien-PCRE2/include -DPCRE2_STATIC -s -O2 -I"C:\Strawberry\perl\lib\CORE" -I"C
:\Strawberry\c\include" -o "mytest.o" "mytest.c"
mytest.c:1:22: fatal error: jpcre2.hpp: No such file or directory
 #include <jpcre2.hpp>
                      ^
compilation terminated.
Alien::Build> error in probe (will do a share install): error building xs.dll file from 'mytest.c' at C:\home\grape\perl
5\lib\perl5/ExtUtils/CBuilder/Platform/Windows.pm line 129.
Checking if your kit is complete...
Looks good
Generating a gmake-style Makefile
Writing Makefile for Alien::JPCRE2
Writing MYMETA.yml and MYMETA.json
OK
Checking dependencies from MYMETA.json ...
Checking if you have Env::ShellWords 0.01 ... Yes (0.01)
Checking if you have Sort::Versions 0 ... Yes (1.62)
Checking if you have IO::Socket::SSL 1.56 ... Yes (2.049)
Checking if you have URI::Escape 0 ... Yes (3.31)
Checking if you have Net::SSLeay 1.49 ... Yes (1.81)
Checking if you have HTTP::Tiny 0.044 ... Yes (0.070)
Checking if you have Archive::Tar 0 ... Yes (2.04)
Checking if you have Test2::Suite 0.000072 ... Yes (0.000072)
Checking if you have HTML::LinkExtor 0 ... Yes (3.69)
Checking if you have Alien::MSYS 0.07 ... Yes (0.08)
Checking if you have Alien::Build 0.25 ... Yes (0.74)
Checking if you have IO::Zlib 0 ... Yes (1.10)
Checking if you have Alien::gmake 0.11 ... Yes (0.20)
Checking if you have Alien::PCRE2 0 ... Yes (0.013000)
Checking if you have URI 0 ... Yes (1.71)
Checking if you have Alien::Build::MM 0.25 ... Yes (0.74)
Building and testing Alien-JPCRE2-0.008000 ... CreateProcess failed (2).
dmake.exe:  Error executing 'rem': No such file or directory
dmake.exe:  Error code -1, while making 'blibdirs'
FAIL
! Installing Alien::JPCRE2 failed. See C:\home\grape\.cpanm\work\1501071099.1344\build.log for details. Retry with --for
ce to force install it.
1 distribution installed

C:\home\grape>
