cpanm (App::cpanminus) 1.5021 on perl 5.018000 built for i686-linux
Work directory is /home/tai/.cpanm/work/1374616449.18565
You have make /usr/bin/make
You have LWP 6.05
You have /bin/tar: tar (GNU tar) 1.26
Copyright © 2011 Free Software Foundation, Inc.
License GPLv3+: GNU GPL version 3 or later <http://gnu.org/licenses/gpl.html>.
This is free software: you are free to change and redistribute it.
There is NO WARRANTY, to the extent permitted by law.

Written by John Gilmore and Jay Fenlason.
You have /usr/bin/unzip
Searching Method::Lexical on cpanmetadb ...
--> Working on Method::Lexical
Fetching http://www.cpan.org/authors/id/C/CH/CHOCOLATE/Method-Lexical-0.24.tar.gz
-> OK
Unpacking Method-Lexical-0.24.tar.gz
Entering Method-Lexical-0.24
Checking configure dependencies from META.yml
Checking if you have ExtUtils::MakeMaker 0 ... Yes (6.66)
Checking if you have B::Hooks::OP::Annotation 0.44 ... Yes (0.44)
Checking if you have ExtUtils::Depends 0.304 ... Yes (0.304)
Checking if you have B::Hooks::OP::Check 0.19 ... Yes (0.19)
Configuring Method-Lexical-0.24
Running Makefile.PL
Checking if your kit is complete...
Looks good
Writing Makefile for Method::Lexical
Writing MYMETA.yml and MYMETA.json
-> OK
Checking dependencies from MYMETA.json ...
Checking if you have ExtUtils::MakeMaker 0 ... Yes (6.66)
Checking if you have Devel::Pragma 0.54 ... Yes (0.54)
Checking if you have B::Hooks::EndOfScope 0.12 ... Yes (0.12)
Checking if you have B::Hooks::OP::Check 0.19 ... Yes (0.19)
Checking if you have B::Hooks::OP::Annotation 0.44 ... Yes (0.44)
Building and testing Method-Lexical-0.24
cp lib/Method/Lexical.pm blib/lib/Method/Lexical.pm
/home/tai/perl5/perlbrew/perls/perl-5.18.0/bin/perl /home/tai/.perlbrew/libs/perl-5.18.0@default/lib/perl5/ExtUtils/xsubpp  -typemap /home/tai/perl5/perlbrew/perls/perl-5.18.0/lib/5.18.0/ExtUtils/typemap  Lexical.xs > Lexical.xsc && mv Lexical.xsc Lexical.c
cc -c  -I/home/tai/.perlbrew/libs/perl-5.18.0@default/lib/perl5/i686-linux/B/Hooks/OP/Annotation/Install -I/home/tai/.perlbrew/libs/perl-5.18.0@default/lib/perl5/i686-linux/B/Hooks/OP/Check/Install -fno-strict-aliasing -pipe -fstack-protector -I/usr/local/include -D_LARGEFILE_SOURCE -D_FILE_OFFSET_BITS=64 -O3 -Wall -W   -DVERSION=\"0.24\" -DXS_VERSION=\"0.24\" -fPIC "-I/home/tai/perl5/perlbrew/perls/perl-5.18.0/lib/5.18.0/i686-linux/CORE"   Lexical.c
Lexical.xs: In function ‘method_lexical_data_list_new’:
Lexical.xs:189:30: warning: initialisation discards ‘const’ qualifier from pointer target type [enabled by default]
Lexical.xs:190:41: warning: initialisation discards ‘const’ qualifier from pointer target type [enabled by default]
Lexical.xs:192:28: warning: initialisation discards ‘const’ qualifier from pointer target type [enabled by default]
Lexical.xs: In function ‘method_lexical_data_list_free’:
Lexical.xs:204:9: warning: initialisation discards ‘const’ qualifier from pointer target type [enabled by default]
Lexical.xs:205:9: warning: initialisation discards ‘const’ qualifier from pointer target type [enabled by default]
Lexical.xs:206:9: warning: initialisation discards ‘const’ qualifier from pointer target type [enabled by default]
Lexical.xs: In function ‘method_lexical_get_super_stash’:
Lexical.xs:668:22: warning: initialisation discards ‘const’ qualifier from pointer target type [enabled by default]
Lexical.xs: In function ‘method_lexical_method_dynamic’:
Lexical.xs:847:16: warning: ‘stash’ may be used uninitialized in this function [-Wmaybe-uninitialized]
Lexical.xs:682:9: note: ‘stash’ was declared here
Running Mkbootstrap for Method::Lexical ()
chmod 644 Lexical.bs
rm -f blib/arch/auto/Method/Lexical/Lexical.so
cc  -shared -O2 -L/usr/local/lib -fstack-protector Lexical.o  -o blib/arch/auto/Method/Lexical/Lexical.so 	\
	     	\
	  
chmod 755 blib/arch/auto/Method/Lexical/Lexical.so
cp Lexical.bs blib/arch/auto/Method/Lexical/Lexical.bs
chmod 644 blib/arch/auto/Method/Lexical/Lexical.bs
Manifying blib/man3/Method::Lexical.3
PERL_DL_NONLAZY=1 /home/tai/perl5/perlbrew/perls/perl-5.18.0/bin/perl "-MExtUtils::Command::MM" "-e" "test_harness(0, 'blib/lib', 'blib/arch')" t/*.t
t/01_use.t .... ok
t/autoload.t .. ok
t/basic.t ..... ok
t/cache.t ..... ok
t/depth.t ..... ok
t/fail.t ...... ok
t/fqname.t .... ok
t/pod.t ....... ok
All tests successful.
Files=8, Tests=285,  3 wallclock secs ( 0.36 usr  0.05 sys +  1.80 cusr  0.23 csys =  2.44 CPU)
Result: PASS
Files found in blib/arch: installing files in blib/lib into architecture dependent library tree
Installing /home/tai/.perlbrew/libs/perl-5.18.0@default/lib/perl5/i686-linux/auto/Method/Lexical/Lexical.bs
Installing /home/tai/.perlbrew/libs/perl-5.18.0@default/lib/perl5/i686-linux/auto/Method/Lexical/Lexical.so
Installing /home/tai/.perlbrew/libs/perl-5.18.0@default/lib/perl5/i686-linux/Method/Lexical.pm
Installing /home/tai/.perlbrew/libs/perl-5.18.0@default/man/man3/Method::Lexical.3
Appending installation info to /home/tai/.perlbrew/libs/perl-5.18.0@default/lib/perl5/i686-linux/perllocal.pod
-> OK
Successfully installed Method-Lexical-0.24
Installing /home/tai/.perlbrew/libs/perl-5.18.0@default/lib/perl5/i686-linux/.meta/Method-Lexical-0.24/MYMETA.json
Installing /home/tai/.perlbrew/libs/perl-5.18.0@default/lib/perl5/i686-linux/.meta/Method-Lexical-0.24/install.json
1 distribution installed
