CPAN: Storable loaded ok (v2.20)
Going to read '/home/altreus/.cpan/Metadata'
  Database was generated on Sat, 26 Mar 2011 01:27:14 GMT
Running install for module 'Template'
CPAN: Data::Dumper loaded ok (v2.124)
'YAML' not installed, falling back to Data::Dumper and Storable to read prefs '/home/altreus/.cpan/prefs'
Running make for A/AB/ABW/Template-Toolkit-2.22.tar.gz
CPAN: Digest::SHA loaded ok (v5.47)
CPAN: Compress::Zlib loaded ok (v2.02)
Checksum for /home/altreus/.cpan/sources/authors/id/A/AB/ABW/Template-Toolkit-2.22.tar.gz ok
CPAN: Archive::Tar loaded ok (v1.52)
Template-Toolkit-2.22/
Template-Toolkit-2.22/bin/
Template-Toolkit-2.22/bin/README
Template-Toolkit-2.22/bin/tpage
Template-Toolkit-2.22/bin/tt-bench.pl
Template-Toolkit-2.22/bin/tt2inst
Template-Toolkit-2.22/bin/ttree
Template-Toolkit-2.22/Changes
Template-Toolkit-2.22/HACKING
Template-Toolkit-2.22/images/
Template-Toolkit-2.22/images/tt2power.gif
Template-Toolkit-2.22/images/ttdotorg.gif
Template-Toolkit-2.22/INSTALL
Template-Toolkit-2.22/lib/
Template-Toolkit-2.22/lib/Template/
Template-Toolkit-2.22/lib/Template/Base.pm
Template-Toolkit-2.22/lib/Template/Config.pm
Template-Toolkit-2.22/lib/Template/Constants.pm
Template-Toolkit-2.22/lib/Template/Context.pm
Template-Toolkit-2.22/lib/Template/Directive.pm
Template-Toolkit-2.22/lib/Template/Document.pm
Template-Toolkit-2.22/lib/Template/Exception.pm
Template-Toolkit-2.22/lib/Template/FAQ.pod
Template-Toolkit-2.22/lib/Template/Filters.pm
Template-Toolkit-2.22/lib/Template/Grammar.pm
Template-Toolkit-2.22/lib/Template/Iterator.pm
Template-Toolkit-2.22/lib/Template/Manual/
Template-Toolkit-2.22/lib/Template/Manual/Config.pod
Template-Toolkit-2.22/lib/Template/Manual/Credits.pod
Template-Toolkit-2.22/lib/Template/Manual/Directives.pod
Template-Toolkit-2.22/lib/Template/Manual/Filters.pod
Template-Toolkit-2.22/lib/Template/Manual/Internals.pod
Template-Toolkit-2.22/lib/Template/Manual/Intro.pod
Template-Toolkit-2.22/lib/Template/Manual/Plugins.pod
Template-Toolkit-2.22/lib/Template/Manual/Syntax.pod
Template-Toolkit-2.22/lib/Template/Manual/Variables.pod
Template-Toolkit-2.22/lib/Template/Manual/Views.pod
Template-Toolkit-2.22/lib/Template/Manual/VMethods.pod
Template-Toolkit-2.22/lib/Template/Manual.pod
Template-Toolkit-2.22/lib/Template/Modules.pod
Template-Toolkit-2.22/lib/Template/Namespace/
Template-Toolkit-2.22/lib/Template/Namespace/Constants.pm
Template-Toolkit-2.22/lib/Template/Parser.pm
Template-Toolkit-2.22/lib/Template/Plugin/
Template-Toolkit-2.22/lib/Template/Plugin/Assert.pm
Template-Toolkit-2.22/lib/Template/Plugin/CGI.pm
Template-Toolkit-2.22/lib/Template/Plugin/Datafile.pm
Template-Toolkit-2.22/lib/Template/Plugin/Date.pm
Template-Toolkit-2.22/lib/Template/Plugin/Directory.pm
Template-Toolkit-2.22/lib/Template/Plugin/Dumper.pm
Template-Toolkit-2.22/lib/Template/Plugin/File.pm
Template-Toolkit-2.22/lib/Template/Plugin/Filter.pm
Template-Toolkit-2.22/lib/Template/Plugin/Format.pm
Template-Toolkit-2.22/lib/Template/Plugin/HTML.pm
Template-Toolkit-2.22/lib/Template/Plugin/Image.pm
Template-Toolkit-2.22/lib/Template/Plugin/Iterator.pm
Template-Toolkit-2.22/lib/Template/Plugin/Math.pm
Template-Toolkit-2.22/lib/Template/Plugin/Pod.pm
Template-Toolkit-2.22/lib/Template/Plugin/Procedural.pm
Template-Toolkit-2.22/lib/Template/Plugin/Scalar.pm
Template-Toolkit-2.22/lib/Template/Plugin/String.pm
Template-Toolkit-2.22/lib/Template/Plugin/Table.pm
Template-Toolkit-2.22/lib/Template/Plugin/URL.pm
Template-Toolkit-2.22/lib/Template/Plugin/View.pm
Template-Toolkit-2.22/lib/Template/Plugin/Wrap.pm
Template-Toolkit-2.22/lib/Template/Plugin.pm
Template-Toolkit-2.22/lib/Template/Plugins.pm
Template-Toolkit-2.22/lib/Template/Provider.pm
Template-Toolkit-2.22/lib/Template/Service.pm
Template-Toolkit-2.22/lib/Template/Stash/
Template-Toolkit-2.22/lib/Template/Stash/Context.pm
Template-Toolkit-2.22/lib/Template/Stash/XS.pm
Template-Toolkit-2.22/lib/Template/Stash.pm
Template-Toolkit-2.22/lib/Template/Test.pm
Template-Toolkit-2.22/lib/Template/Toolkit.pod
Template-Toolkit-2.22/lib/Template/Tools/
Template-Toolkit-2.22/lib/Template/Tools/tpage.pod
Template-Toolkit-2.22/lib/Template/Tools/ttree.pod
Template-Toolkit-2.22/lib/Template/Tools.pod
Template-Toolkit-2.22/lib/Template/Tutorial/
Template-Toolkit-2.22/lib/Template/Tutorial/Datafile.pod
Template-Toolkit-2.22/lib/Template/Tutorial/Web.pod
Template-Toolkit-2.22/lib/Template/Tutorial.pod
Template-Toolkit-2.22/lib/Template/View.pm
Template-Toolkit-2.22/lib/Template/VMethods.pm
Template-Toolkit-2.22/lib/Template.pm
Template-Toolkit-2.22/Makefile.PL
Template-Toolkit-2.22/MANIFEST
Template-Toolkit-2.22/META.yml
Template-Toolkit-2.22/parser/
Template-Toolkit-2.22/parser/Grammar.pm.skel
Template-Toolkit-2.22/parser/Parser.yp
Template-Toolkit-2.22/parser/README
Template-Toolkit-2.22/parser/yc
Template-Toolkit-2.22/README
Template-Toolkit-2.22/t/
Template-Toolkit-2.22/t/args.t
Template-Toolkit-2.22/t/assert.t
Template-Toolkit-2.22/t/base.t
Template-Toolkit-2.22/t/binop.t
Template-Toolkit-2.22/t/block.t
Template-Toolkit-2.22/t/blocks.t
Template-Toolkit-2.22/t/capture.t
Template-Toolkit-2.22/t/case.t
Template-Toolkit-2.22/t/cgi.t
Template-Toolkit-2.22/t/chomp.t
Template-Toolkit-2.22/t/compile1.t
Template-Toolkit-2.22/t/compile2.t
Template-Toolkit-2.22/t/compile3.t
Template-Toolkit-2.22/t/compile4.t
Template-Toolkit-2.22/t/compile5.t
Template-Toolkit-2.22/t/config.t
Template-Toolkit-2.22/t/constants.t
Template-Toolkit-2.22/t/context.t
Template-Toolkit-2.22/t/datafile.t
Template-Toolkit-2.22/t/date.t
Template-Toolkit-2.22/t/debug.t
Template-Toolkit-2.22/t/directive.t
Template-Toolkit-2.22/t/directry.t
Template-Toolkit-2.22/t/document.t
Template-Toolkit-2.22/t/dumper.t
Template-Toolkit-2.22/t/error.t
Template-Toolkit-2.22/t/evalperl.t
Template-Toolkit-2.22/t/exception.t
Template-Toolkit-2.22/t/factory.t
Template-Toolkit-2.22/t/file.t
Template-Toolkit-2.22/t/fileline.t
Template-Toolkit-2.22/t/filter.t
Template-Toolkit-2.22/t/foreach.t
Template-Toolkit-2.22/t/format.t
Template-Toolkit-2.22/t/html.t
Template-Toolkit-2.22/t/image.t
Template-Toolkit-2.22/t/include.t
Template-Toolkit-2.22/t/iterator.t
Template-Toolkit-2.22/t/leak.t
Template-Toolkit-2.22/t/lib/
Template-Toolkit-2.22/t/lib/Template/
Template-Toolkit-2.22/t/lib/Template/Plugin/
Template-Toolkit-2.22/t/lib/Template/Plugin/ProcBar.pm
Template-Toolkit-2.22/t/lib/Template/Plugin/ProcFoo.pm
Template-Toolkit-2.22/t/lib/Template/Plugin/Simple.pm
Template-Toolkit-2.22/t/list.t
Template-Toolkit-2.22/t/macro.t
Template-Toolkit-2.22/t/math.t
Template-Toolkit-2.22/t/object.t
Template-Toolkit-2.22/t/output.t
Template-Toolkit-2.22/t/parser.t
Template-Toolkit-2.22/t/plugins.t
Template-Toolkit-2.22/t/plusfile.t
Template-Toolkit-2.22/t/pod.t
Template-Toolkit-2.22/t/prefix.t
Template-Toolkit-2.22/t/proc.t
Template-Toolkit-2.22/t/process.t
Template-Toolkit-2.22/t/provider.t
Template-Toolkit-2.22/t/README
Template-Toolkit-2.22/t/ref.t
Template-Toolkit-2.22/t/scalar.t
Template-Toolkit-2.22/t/service.t
Template-Toolkit-2.22/t/skel.t
Template-Toolkit-2.22/t/stash-xs-unicode.t
Template-Toolkit-2.22/t/stash-xs.t
Template-Toolkit-2.22/t/stash.t
Template-Toolkit-2.22/t/stashc.t
Template-Toolkit-2.22/t/stop.t
Template-Toolkit-2.22/t/strcat.t
Template-Toolkit-2.22/t/strict.t
Template-Toolkit-2.22/t/string.t
Template-Toolkit-2.22/t/switch.t
Template-Toolkit-2.22/t/table.t
Template-Toolkit-2.22/t/tags.t
Template-Toolkit-2.22/t/template.t
Template-Toolkit-2.22/t/test/
Template-Toolkit-2.22/t/test/dir/
Template-Toolkit-2.22/t/test/dir/file1
Template-Toolkit-2.22/t/test/dir/file2
Template-Toolkit-2.22/t/test/dir/sub_one/
Template-Toolkit-2.22/t/test/dir/sub_one/bar
Template-Toolkit-2.22/t/test/dir/sub_one/foo
Template-Toolkit-2.22/t/test/dir/sub_two/
Template-Toolkit-2.22/t/test/dir/sub_two/waz.html
Template-Toolkit-2.22/t/test/dir/sub_two/wiz.html
Template-Toolkit-2.22/t/test/dir/xyzfile
Template-Toolkit-2.22/t/test/lib/
Template-Toolkit-2.22/t/test/lib/after
Template-Toolkit-2.22/t/test/lib/badrawperl
Template-Toolkit-2.22/t/test/lib/barfed
Template-Toolkit-2.22/t/test/lib/before
Template-Toolkit-2.22/t/test/lib/blockdef
Template-Toolkit-2.22/t/test/lib/chomp
Template-Toolkit-2.22/t/test/lib/config
Template-Toolkit-2.22/t/test/lib/content
Template-Toolkit-2.22/t/test/lib/default
Template-Toolkit-2.22/t/test/lib/dos_newlines
Template-Toolkit-2.22/t/test/lib/error
Template-Toolkit-2.22/t/test/lib/footer
Template-Toolkit-2.22/t/test/lib/header
Template-Toolkit-2.22/t/test/lib/header.tt2
Template-Toolkit-2.22/t/test/lib/incblock
Template-Toolkit-2.22/t/test/lib/inner
Template-Toolkit-2.22/t/test/lib/menu
Template-Toolkit-2.22/t/test/lib/one/
Template-Toolkit-2.22/t/test/lib/one/foo
Template-Toolkit-2.22/t/test/lib/outer
Template-Toolkit-2.22/t/test/lib/process
Template-Toolkit-2.22/t/test/lib/README
Template-Toolkit-2.22/t/test/lib/simple2
Template-Toolkit-2.22/t/test/lib/trimme
Template-Toolkit-2.22/t/test/lib/two/
Template-Toolkit-2.22/t/test/lib/two/bar
Template-Toolkit-2.22/t/test/lib/two/foo
Template-Toolkit-2.22/t/test/lib/udata1
Template-Toolkit-2.22/t/test/lib/udata2
Template-Toolkit-2.22/t/test/lib/warning
Template-Toolkit-2.22/t/test/plugin/
Template-Toolkit-2.22/t/test/plugin/MyPlugs/
Template-Toolkit-2.22/t/test/plugin/MyPlugs/Bar.pm
Template-Toolkit-2.22/t/test/plugin/MyPlugs/Baz.pm
Template-Toolkit-2.22/t/test/plugin/MyPlugs/Foo.pm
Template-Toolkit-2.22/t/test/pod/
Template-Toolkit-2.22/t/test/pod/test1.pod
Template-Toolkit-2.22/t/test/src/
Template-Toolkit-2.22/t/test/src/bar/
Template-Toolkit-2.22/t/test/src/bar/baz
Template-Toolkit-2.22/t/test/src/bar/baz.txt
Template-Toolkit-2.22/t/test/src/baz
Template-Toolkit-2.22/t/test/src/benchmark
Template-Toolkit-2.22/t/test/src/blam
Template-Toolkit-2.22/t/test/src/complex
Template-Toolkit-2.22/t/test/src/divisionbyzero
Template-Toolkit-2.22/t/test/src/evalperl
Template-Toolkit-2.22/t/test/src/foo
Template-Toolkit-2.22/t/test/src/foobar
Template-Toolkit-2.22/t/test/src/golf
Template-Toolkit-2.22/t/test/src/leak1
Template-Toolkit-2.22/t/test/src/leak2
Template-Toolkit-2.22/t/test/src/metadata
Template-Toolkit-2.22/t/test/src/mywrap
Template-Toolkit-2.22/t/test/src/README
Template-Toolkit-2.22/t/test/src/recurse
Template-Toolkit-2.22/t/test/tmp/
Template-Toolkit-2.22/t/test/tmp/README
Template-Toolkit-2.22/t/text.t
Template-Toolkit-2.22/t/throw.t
Template-Toolkit-2.22/t/tiedhash.t
Template-Toolkit-2.22/t/try.t
Template-Toolkit-2.22/t/unicode.t
Template-Toolkit-2.22/t/url.t
Template-Toolkit-2.22/t/url2.t
Template-Toolkit-2.22/t/vars.t
Template-Toolkit-2.22/t/varsv1.t
Template-Toolkit-2.22/t/view.t
Template-Toolkit-2.22/t/vmethods/
Template-Toolkit-2.22/t/vmethods/hash.t
Template-Toolkit-2.22/t/vmethods/list.t
Template-Toolkit-2.22/t/vmethods/replace.t
Template-Toolkit-2.22/t/vmethods/text.t
Template-Toolkit-2.22/t/while.t
Template-Toolkit-2.22/t/wrap.t
Template-Toolkit-2.22/t/wrapper.t
Template-Toolkit-2.22/t/zz-pmv.t
Template-Toolkit-2.22/t/zz-pod-coverage.t
Template-Toolkit-2.22/t/zz-pod-kwalitee.t
Template-Toolkit-2.22/t/zz-stash-xs-leak.t
Template-Toolkit-2.22/TODO
Template-Toolkit-2.22/xs/
Template-Toolkit-2.22/xs/Makefile.PL
Template-Toolkit-2.22/xs/MANIFEST
Template-Toolkit-2.22/xs/ppport.h
Template-Toolkit-2.22/xs/README
Template-Toolkit-2.22/xs/Stash.xs
CPAN: File::Temp loaded ok (v0.22)

  CPAN.pm: Going to build A/AB/ABW/Template-Toolkit-2.22.tar.gz


The Template Toolkit requires that the AppConfig module (version 1.56
or later) first be installed.  This is used by
the 'ttree' program for reading command line options and configuration
files.  It is available from CPAN:

    http://www.cpan.org/authors/Andy_Wardley/


                    Template Toolkit Version 2.22
                    =============================

Using Unix defaults.
Run 'perl Makefile.PL TT_HELP' for a summary of options.


Template::Stash::XS
-------------------

The Template::Stash module is a core part of the Template Toolkit, 
implementing the magic for accessing data using the dot notation.

There is a high speed version, Template::Stash::XS, written in C.
This makes the Template Toolkit run about twice as fast as when using
the regular Template::Stash written in Perl.  If you've got a C
compiler on your system then you can elect to have the XS Stash built.
You can also specify that you want to use the XS Stash by default.

Note that as of version 2.15 the XS Stash now supports access to tied
hashes and arrays.

See 'perldoc Template::Config' for further details.

Do you want to build the XS Stash module? [y] Warning: prerequisite AppConfig 1.56 not found.

Checking if your kit is complete...
Looks good
Writing Makefile for Template

Configuration complete.  You should now run 'make', 'make test' and 
then 'make install'.   See the README file for further information.
Could not read '/home/altreus/.cpan/build/Template-Toolkit-2.22-DTL7VO/META.yml'. Falling back to other methods to determine prerequisites
---- Unsatisfied dependencies detected during ----
----     ABW/Template-Toolkit-2.22.tar.gz     ----
    AppConfig [requires]
Running make test
  Delayed until after prerequisites
Running make install
  Delayed until after prerequisites
Running install for module 'AppConfig'
'YAML' not installed, falling back to Data::Dumper and Storable to read prefs '/home/altreus/.cpan/prefs'
Running make for A/AB/ABW/AppConfig-1.66.tar.gz
Checksum for /home/altreus/.cpan/sources/authors/id/A/AB/ABW/AppConfig-1.66.tar.gz ok
AppConfig-1.66/
AppConfig-1.66/Changes
AppConfig-1.66/lib/
AppConfig-1.66/lib/AppConfig/
AppConfig-1.66/lib/AppConfig/Args.pm
AppConfig-1.66/lib/AppConfig/CGI.pm
AppConfig-1.66/lib/AppConfig/File.pm
AppConfig-1.66/lib/AppConfig/Getopt.pm
AppConfig-1.66/lib/AppConfig/State.pm
AppConfig-1.66/lib/AppConfig/Sys.pm
AppConfig-1.66/lib/AppConfig.pm
AppConfig-1.66/LICENSE
AppConfig-1.66/Makefile.PL
AppConfig-1.66/MANIFEST
AppConfig-1.66/META.yml
AppConfig-1.66/README
AppConfig-1.66/t/
AppConfig-1.66/t/99_author.t
AppConfig-1.66/t/appconfig.t
AppConfig-1.66/t/args.t
AppConfig-1.66/t/block.t
AppConfig-1.66/t/cgi.t
AppConfig-1.66/t/compact.t
AppConfig-1.66/t/const.t
AppConfig-1.66/t/default.t
AppConfig-1.66/t/file.t
AppConfig-1.66/t/flag.t
AppConfig-1.66/t/getopt.t
AppConfig-1.66/t/multi.t
AppConfig-1.66/t/novars.t
AppConfig-1.66/t/state.t
AppConfig-1.66/t/sys.t
AppConfig-1.66/TODO

  CPAN.pm: Going to build A/AB/ABW/AppConfig-1.66.tar.gz

Checking if your kit is complete...
Looks good
Writing Makefile for AppConfig
Could not read '/home/altreus/.cpan/build/AppConfig-1.66-7Ts7Tr/META.yml'. Falling back to other methods to determine prerequisites
cp lib/AppConfig/Args.pm blib/lib/AppConfig/Args.pm
cp lib/AppConfig/CGI.pm blib/lib/AppConfig/CGI.pm
cp lib/AppConfig/File.pm blib/lib/AppConfig/File.pm
cp lib/AppConfig.pm blib/lib/AppConfig.pm
cp lib/AppConfig/Getopt.pm blib/lib/AppConfig/Getopt.pm
cp lib/AppConfig/State.pm blib/lib/AppConfig/State.pm
cp lib/AppConfig/Sys.pm blib/lib/AppConfig/Sys.pm
Manifying blib/man3/AppConfig::Args.3pm
Manifying blib/man3/AppConfig::CGI.3pm
Manifying blib/man3/AppConfig::File.3pm
Manifying blib/man3/AppConfig::State.3pm
Manifying blib/man3/AppConfig::Getopt.3pm
Manifying blib/man3/AppConfig.3pm
Manifying blib/man3/AppConfig::Sys.3pm
  ABW/AppConfig-1.66.tar.gz
  /usr/bin/make -- OK
Warning (usually harmless): 'YAML' not installed, will not store persistent state
Running make test
PERL_DL_NONLAZY=1 /usr/bin/perl "-MExtUtils::Command::MM" "-e" "test_harness(0, 'blib/lib', 'blib/arch')" t/*.t
t/99_author.t .. skipped: Author tests not required for installation
t/appconfig.t .. ok
t/args.t ....... ok
t/block.t ...... ok
t/cgi.t ........ ok
t/compact.t .... ok
t/const.t ...... ok
t/default.t .... ok
t/file.t ....... ok
t/flag.t ....... ok
t/getopt.t ..... ok
t/multi.t ...... ok
t/novars.t ..... ok
t/state.t ...... ok
t/sys.t ........ ok
All tests successful.
Files=15, Tests=253,  1 wallclock secs ( 0.09 usr  0.03 sys +  0.46 cusr  0.03 csys =  0.61 CPU)
Result: PASS
  ABW/AppConfig-1.66.tar.gz
  /usr/bin/make test -- OK
Warning (usually harmless): 'YAML' not installed, will not store persistent state
Running make install
Prepending /home/altreus/.cpan/build/AppConfig-1.66-7Ts7Tr/blib/arch /home/altreus/.cpan/build/AppConfig-1.66-7Ts7Tr/blib/lib to PERL5LIB for 'install'
Installing /home/altreus/code/scratch/lib/perl5/AppConfig.pm
Installing /home/altreus/code/scratch/lib/perl5/AppConfig/CGI.pm
Installing /home/altreus/code/scratch/lib/perl5/AppConfig/Sys.pm
Installing /home/altreus/code/scratch/lib/perl5/AppConfig/Args.pm
Installing /home/altreus/code/scratch/lib/perl5/AppConfig/File.pm
Installing /home/altreus/code/scratch/lib/perl5/AppConfig/Getopt.pm
Installing /home/altreus/code/scratch/lib/perl5/AppConfig/State.pm
Installing /home/altreus/code/scratch/man/man3/AppConfig::Args.3pm
Installing /home/altreus/code/scratch/man/man3/AppConfig::Sys.3pm
Installing /home/altreus/code/scratch/man/man3/AppConfig::CGI.3pm
Installing /home/altreus/code/scratch/man/man3/AppConfig.3pm
Installing /home/altreus/code/scratch/man/man3/AppConfig::Getopt.3pm
Installing /home/altreus/code/scratch/man/man3/AppConfig::State.3pm
Installing /home/altreus/code/scratch/man/man3/AppConfig::File.3pm
Appending installation info to /home/altreus/code/scratch/lib/perl5/i486-linux-gnu-thread-multi/perllocal.pod
  ABW/AppConfig-1.66.tar.gz
  /usr/bin/make install  -- OK
Warning (usually harmless): 'YAML' not installed, will not store persistent state
Running make for A/AB/ABW/Template-Toolkit-2.22.tar.gz
  Has already been unwrapped into directory /home/altreus/.cpan/build/Template-Toolkit-2.22-DTL7VO

  CPAN.pm: Going to build A/AB/ABW/Template-Toolkit-2.22.tar.gz

cp lib/Template/Plugin/HTML.pm blib/lib/Template/Plugin/HTML.pm
cp lib/Template/Manual/Directives.pod blib/lib/Template/Manual/Directives.pod
cp lib/Template/Manual/Views.pod blib/lib/Template/Manual/Views.pod
cp lib/Template/Stash.pm blib/lib/Template/Stash.pm
cp lib/Template/Plugin/Format.pm blib/lib/Template/Plugin/Format.pm
cp lib/Template/Provider.pm blib/lib/Template/Provider.pm
cp lib/Template/Context.pm blib/lib/Template/Context.pm
cp lib/Template/Manual/Intro.pod blib/lib/Template/Manual/Intro.pod
cp lib/Template/Plugin/View.pm blib/lib/Template/Plugin/View.pm
cp lib/Template/Modules.pod blib/lib/Template/Modules.pod
cp lib/Template/Plugin/Procedural.pm blib/lib/Template/Plugin/Procedural.pm
cp lib/Template/Plugin/Iterator.pm blib/lib/Template/Plugin/Iterator.pm
cp lib/Template/Tools/ttree.pod blib/lib/Template/Tools/ttree.pod
cp lib/Template/Stash/Context.pm blib/lib/Template/Stash/Context.pm
cp lib/Template/Plugin/Datafile.pm blib/lib/Template/Plugin/Datafile.pm
cp lib/Template/Directive.pm blib/lib/Template/Directive.pm
cp lib/Template/Plugin/Directory.pm blib/lib/Template/Plugin/Directory.pm
cp lib/Template/Toolkit.pod blib/lib/Template/Toolkit.pod
cp lib/Template/Plugin/Scalar.pm blib/lib/Template/Plugin/Scalar.pm
cp lib/Template/Namespace/Constants.pm blib/lib/Template/Namespace/Constants.pm
cp lib/Template/Tutorial/Web.pod blib/lib/Template/Tutorial/Web.pod
cp lib/Template/Iterator.pm blib/lib/Template/Iterator.pm
cp lib/Template/Plugin/String.pm blib/lib/Template/Plugin/String.pm
cp lib/Template/Stash/XS.pm blib/lib/Template/Stash/XS.pm
cp lib/Template/Manual.pod blib/lib/Template/Manual.pod
cp lib/Template/Manual/Credits.pod blib/lib/Template/Manual/Credits.pod
cp lib/Template/View.pm blib/lib/Template/View.pm
cp lib/Template/Plugin/Filter.pm blib/lib/Template/Plugin/Filter.pm
cp lib/Template/Manual/Plugins.pod blib/lib/Template/Manual/Plugins.pod
cp lib/Template/Plugin/Dumper.pm blib/lib/Template/Plugin/Dumper.pm
cp lib/Template/Manual/VMethods.pod blib/lib/Template/Manual/VMethods.pod
cp lib/Template/Plugin/Date.pm blib/lib/Template/Plugin/Date.pm
cp lib/Template/Plugin/File.pm blib/lib/Template/Plugin/File.pm
cp lib/Template/Constants.pm blib/lib/Template/Constants.pm
cp lib/Template/Plugin/Assert.pm blib/lib/Template/Plugin/Assert.pm
cp lib/Template/Plugin/Image.pm blib/lib/Template/Plugin/Image.pm
cp lib/Template/Manual/Config.pod blib/lib/Template/Manual/Config.pod
cp lib/Template/Test.pm blib/lib/Template/Test.pm
cp lib/Template.pm blib/lib/Template.pm
cp lib/Template/VMethods.pm blib/lib/Template/VMethods.pm
cp lib/Template/Plugin/Table.pm blib/lib/Template/Plugin/Table.pm
cp lib/Template/Manual/Variables.pod blib/lib/Template/Manual/Variables.pod
cp lib/Template/Tools/tpage.pod blib/lib/Template/Tools/tpage.pod
cp lib/Template/Parser.pm blib/lib/Template/Parser.pm
cp lib/Template/Plugins.pm blib/lib/Template/Plugins.pm
cp lib/Template/Manual/Syntax.pod blib/lib/Template/Manual/Syntax.pod
cp lib/Template/Grammar.pm blib/lib/Template/Grammar.pm
cp lib/Template/Tutorial.pod blib/lib/Template/Tutorial.pod
cp lib/Template/Plugin.pm blib/lib/Template/Plugin.pm
cp lib/Template/Config.pm blib/lib/Template/Config.pm
cp lib/Template/FAQ.pod blib/lib/Template/FAQ.pod
cp lib/Template/Tools.pod blib/lib/Template/Tools.pod
cp lib/Template/Plugin/CGI.pm blib/lib/Template/Plugin/CGI.pm
cp lib/Template/Plugin/Wrap.pm blib/lib/Template/Plugin/Wrap.pm
cp lib/Template/Base.pm blib/lib/Template/Base.pm
cp lib/Template/Manual/Filters.pod blib/lib/Template/Manual/Filters.pod
cp lib/Template/Plugin/Math.pm blib/lib/Template/Plugin/Math.pm
cp lib/Template/Filters.pm blib/lib/Template/Filters.pm
cp lib/Template/Document.pm blib/lib/Template/Document.pm
cp lib/Template/Plugin/URL.pm blib/lib/Template/Plugin/URL.pm
cp lib/Template/Exception.pm blib/lib/Template/Exception.pm
cp lib/Template/Tutorial/Datafile.pod blib/lib/Template/Tutorial/Datafile.pod
cp lib/Template/Manual/Internals.pod blib/lib/Template/Manual/Internals.pod
cp lib/Template/Plugin/Pod.pm blib/lib/Template/Plugin/Pod.pm
cp lib/Template/Service.pm blib/lib/Template/Service.pm
cp bin/tpage blib/script/tpage
/usr/bin/perl -MExtUtils::MY -e 'MY->fixin(shift)' -- blib/script/tpage
cp bin/ttree blib/script/ttree
/usr/bin/perl -MExtUtils::MY -e 'MY->fixin(shift)' -- blib/script/ttree
Manifying blib/man1/tpage.1p
Manifying blib/man1/ttree.1p
Manifying blib/man3/Template::Manual::Views.3pm
Manifying blib/man3/Template::Manual::Directives.3pm
Manifying blib/man3/Template::Plugin::HTML.3pm
Manifying blib/man3/Template::Stash.3pm
Manifying blib/man3/Template::Context.3pm
Manifying blib/man3/Template::Manual::Intro.3pm
Manifying blib/man3/Template::Modules.3pm
Manifying blib/man3/Template::Plugin::Procedural.3pm
Manifying blib/man3/Template::Plugin::Iterator.3pm
Manifying blib/man3/Template::Tools::ttree.3pm
Manifying blib/man3/Template::Toolkit.3pm
Manifying blib/man3/Template::Plugin::Scalar.3pm
Manifying blib/man3/Template::Namespace::Constants.3pm
Manifying blib/man3/Template::Tutorial::Web.3pm
Manifying blib/man3/Template::Iterator.3pm
Manifying blib/man3/Template::Plugin::String.3pm
Manifying blib/man3/Template::Stash::XS.3pm
Manifying blib/man3/Template::Manual.3pm
Manifying blib/man3/Template::Manual::Credits.3pm
Manifying blib/man3/Template::View.3pm
Manifying blib/man3/Template::Plugin::Filter.3pm
Manifying blib/man3/Template::Manual::Plugins.3pm
Manifying blib/man3/Template::Plugin::Dumper.3pm
Manifying blib/man3/Template::Manual::VMethods.3pm
Manifying blib/man3/Template::Plugin::Date.3pm
Manifying blib/man3/Template::Plugin::File.3pm
Manifying blib/man3/Template::Constants.3pm
Manifying blib/man3/Template::Plugin::Assert.3pm
Manifying blib/man3/Template::Plugin::Image.3pm
Manifying blib/man3/Template::Manual::Config.3pm
Manifying blib/man3/Template::Test.3pm
Manifying blib/man3/Template.3pm
Manifying blib/man3/Template::VMethods.3pm
Manifying blib/man3/Template::Plugin::Table.3pm
Manifying blib/man3/Template::Provider.3pm
Manifying blib/man3/Template::Plugin::Format.3pm
Manifying blib/man3/Template::Plugin::View.3pm
Manifying blib/man3/Template::Stash::Context.3pm
Manifying blib/man3/Template::Directive.3pm
Manifying blib/man3/Template::Plugin::Datafile.3pm
Manifying blib/man3/Template::Plugin::Directory.3pm
Manifying blib/man3/Template::Plugin::Wrap.3pm
Manifying blib/man3/Template::Base.3pm
Manifying blib/man3/Template::Plugin::Math.3pm
Manifying blib/man3/Template::Filters.3pm
Manifying blib/man3/Template::Plugin::Pod.3pm
Manifying blib/man3/Template::Manual::Internals.3pm
Manifying blib/man3/Template::Service.3pm
Manifying blib/man3/Template::Manual::Variables.3pm
Manifying blib/man3/Template::Parser.3pm
Manifying blib/man3/Template::Tools::tpage.3pm
Manifying blib/man3/Template::Plugins.3pm
Manifying blib/man3/Template::Manual::Syntax.3pm
Manifying blib/man3/Template::Tutorial.3pm
Manifying blib/man3/Template::Grammar.3pm
Manifying blib/man3/Template::Plugin.3pm
Manifying blib/man3/Template::FAQ.3pm
Manifying blib/man3/Template::Config.3pm
Manifying blib/man3/Template::Plugin::CGI.3pm
Manifying blib/man3/Template::Tools.3pm
Manifying blib/man3/Template::Manual::Filters.3pm
Manifying blib/man3/Template::Document.3pm
Manifying blib/man3/Template::Plugin::URL.3pm
Manifying blib/man3/Template::Exception.3pm
Manifying blib/man3/Template::Tutorial::Datafile.3pm
  ABW/Template-Toolkit-2.22.tar.gz
  /usr/bin/make -- OK
Warning (usually harmless): 'YAML' not installed, will not store persistent state
Running make test
PERL_DL_NONLAZY=1 /usr/bin/perl "-MExtUtils::Command::MM" "-e" "test_harness(0, 'blib/lib', 'blib/arch')" t/args.t t/assert.t t/base.t t/binop.t t/block.t t/blocks.t t/capture.t t/case.t t/cgi.t t/chomp.t t/compile1.t t/compile2.t t/compile3.t t/compile4.t t/compile5.t t/config.t t/constants.t t/context.t t/datafile.t t/date.t t/debug.t t/directive.t t/directry.t t/document.t t/dumper.t t/error.t t/evalperl.t t/exception.t t/factory.t t/file.t t/fileline.t t/filter.t t/foreach.t t/format.t t/html.t t/image.t t/include.t t/iterator.t t/leak.t t/list.t t/macro.t t/math.t t/object.t t/output.t t/parser.t t/plugins.t t/plusfile.t t/pod.t t/prefix.t t/proc.t t/process.t t/provider.t t/ref.t t/scalar.t t/service.t t/skel.t t/stash-xs-unicode.t t/stash-xs.t t/stash.t t/stashc.t t/stop.t t/strcat.t t/strict.t t/string.t t/switch.t t/table.t t/tags.t t/template.t t/text.t t/throw.t t/tiedhash.t t/try.t t/unicode.t t/url.t t/url2.t t/vars.t t/varsv1.t t/view.t t/while.t t/wrap.t t/wrapper.t t/zz-pmv.t t/zz-pod-coverage.t t/zz-pod-kwalitee.t t/zz-stash-xs-leak.t t/vmethods/hash.t t/vmethods/list.t t/vmethods/replace.t t/vmethods/text.t
t/args.t .............. ok
t/assert.t ............ ok
t/base.t .............. ok
t/binop.t ............. ok
t/block.t ............. ok
t/blocks.t ............ ok
t/capture.t ........... ok
t/case.t .............. ok
t/cgi.t ............... ok
t/chomp.t ............. ok
t/compile1.t .......... ok
t/compile2.t .......... ok
t/compile3.t .......... ok
t/compile4.t .......... ok
t/compile5.t .......... ok
t/config.t ............ ok
t/constants.t ......... ok
t/context.t ........... ok
t/datafile.t .......... ok
t/date.t .............. ok
t/debug.t ............. ok
t/directive.t ......... ok
t/directry.t .......... ok
t/document.t .......... ok
t/dumper.t ............ ok
t/error.t ............. ok
t/evalperl.t .......... ok
t/exception.t ......... ok
t/factory.t ........... ok
t/file.t .............. ok
t/fileline.t .......... ok
t/filter.t ............ ok
t/foreach.t ........... ok
t/format.t ............ ok
t/html.t .............. ok
t/image.t ............. skipped: Neither Image::Info nor Image::Size installed
t/include.t ........... ok
t/iterator.t .......... ok
t/leak.t .............. ok
t/list.t .............. ok
t/macro.t ............. ok
t/math.t .............. ok
t/object.t ............ ok
t/output.t ............ ok
t/parser.t ............ ok
t/plugins.t ........... ok
t/plusfile.t .......... ok
t/pod.t ............... skipped: Pod::POM not installed
t/prefix.t ............ ok
t/proc.t .............. ok
t/process.t ........... ok
t/provider.t .......... ok
t/ref.t ............... ok
t/scalar.t ............ ok
t/service.t ........... ok
t/skel.t .............. ok
Couldn't load Template::Stash::XS 2.22:

Can't locate loadable object for module Template::Stash::XS in @INC (@INC contains: ./lib ../lib ../blib/lib ../blib/arch ./blib/lib ./blib/arch /home/altreus/.cpan/build/Template-Toolkit-2.22-DTL7VO/blib/lib /home/altreus/.cpan/build/Template-Toolkit-2.22-DTL7VO/blib/arch /home/altreus/code/scratch/lib/perl5/i486-linux-gnu-thread-multi /home/altreus/code/scratch/lib/perl5 /etc/perl /usr/local/lib/perl/5.10.1 /usr/local/share/perl/5.10.1 /usr/lib/perl5 /usr/share/perl5 /usr/lib/perl/5.10 /usr/share/perl/5.10 /usr/local/lib/site_perl .) at /usr/share/perl/5.10/Carp.pm line 31

BEGIN failed--compilation aborted at lib/Template/Stash/XS.pm line 31.
Compilation failed in require at t/stash-xs-unicode.t line 31.
failed to create context: failed to create context: failed to load Template/Stash/XS.pm: Attempt to reload Template/Stash/XS.pm aborted.
Compilation failed in require at lib/Template/Config.pm line 82, <DATA> line 1.

t/stash-xs-unicode.t .. 
Dubious, test returned 9 (wstat 2304, 0x900)
Failed 10/11 subtests 
Couldn't load Template::Stash::XS 2.22:

Can't locate loadable object for module Template::Stash::XS in @INC (@INC contains: ./lib ../lib ../blib/lib ../blib/arch ./blib/lib ./blib/arch /home/altreus/.cpan/build/Template-Toolkit-2.22-DTL7VO/blib/lib /home/altreus/.cpan/build/Template-Toolkit-2.22-DTL7VO/blib/arch /home/altreus/code/scratch/lib/perl5/i486-linux-gnu-thread-multi /home/altreus/code/scratch/lib/perl5 /etc/perl /usr/local/lib/perl/5.10.1 /usr/local/share/perl/5.10.1 /usr/lib/perl5 /usr/share/perl5 /usr/lib/perl/5.10 /usr/share/perl/5.10 /usr/local/lib/site_perl .) at /usr/share/perl/5.10/Carp.pm line 31

BEGIN failed--compilation aborted at lib/Template/Stash/XS.pm line 31.
Compilation failed in require at t/stash-xs.t line 25.
t/stash-xs.t .......... skipped: cannot load Template::Stash::XS
t/stash.t ............. ok
t/stashc.t ............ ok
t/stop.t .............. ok
t/strcat.t ............ ok
t/strict.t ............ ok
t/string.t ............ ok
t/switch.t ............ ok
t/table.t ............. ok
t/tags.t .............. ok
t/template.t .......... ok
t/text.t .............. ok
t/throw.t ............. ok
Couldn't load Template::Stash::XS 2.22:

Can't locate loadable object for module Template::Stash::XS in @INC (@INC contains: blib/lib blib/arch lib ../blib/lib ../blib/arch ../lib /home/altreus/.cpan/build/Template-Toolkit-2.22-DTL7VO/blib/lib /home/altreus/.cpan/build/Template-Toolkit-2.22-DTL7VO/blib/arch /home/altreus/code/scratch/lib/perl5/i486-linux-gnu-thread-multi /home/altreus/code/scratch/lib/perl5 /etc/perl /usr/local/lib/perl/5.10.1 /usr/local/share/perl/5.10.1 /usr/lib/perl5 /usr/share/perl5 /usr/lib/perl/5.10 /usr/share/perl/5.10 /usr/local/lib/site_perl .) at /usr/lib/perl/5.10/DynaLoader.pm line 31

BEGIN failed--compilation aborted at blib/lib/Template/Stash/XS.pm line 31.
Compilation failed in require at t/tiedhash.t line 27.
t/tiedhash.t .......... skipped: cannot load Template::Stash::XS
t/try.t ............... ok
t/unicode.t ........... ok
t/url.t ............... ok
t/url2.t .............. skipped: We can't agree on the right joint for the URL plugin
t/vars.t .............. ok
t/varsv1.t ............ ok
t/view.t .............. ok
t/vmethods/hash.t ..... ok
t/vmethods/list.t ..... ok
t/vmethods/replace.t .. ok
t/vmethods/text.t ..... ok
t/while.t ............. ok
t/wrap.t .............. ok
t/wrapper.t ........... ok
t/zz-pmv.t ............ skipped: These aren't the tests you're looking for... move along
t/zz-pod-coverage.t ... skipped: Author tests not required for installation
t/zz-pod-kwalitee.t ... skipped: Author tests not required for installation
t/zz-stash-xs-leak.t .. skipped: Internal test for abw, add the --abw flag to run

Test Summary Report
-------------------
t/stash-xs-unicode.t (Wstat: 2304 Tests: 1 Failed: 0)
  Non-zero exit status: 9
  Parse errors: Bad plan.  You planned 11 tests but ran 1.
Files=89, Tests=2572, 26 wallclock secs ( 0.69 usr  0.26 sys +  9.90 cusr  1.03 csys = 11.88 CPU)
Result: FAIL
Failed 1/89 test programs. 0/2572 subtests failed.
make: *** [test_dynamic] Error 255
  ABW/Template-Toolkit-2.22.tar.gz
  /usr/bin/make test -- NOT OK
//hint// to see the cpan-testers results for installing this module, try:
  reports ABW/Template-Toolkit-2.22.tar.gz
Warning (usually harmless): 'YAML' not installed, will not store persistent state
Running make install
  make test had returned bad status, won't install without force
