cpanm (App::cpanminus) 1.7001 on perl 5.018002 built for x86_64-linux
Work directory is /home/ron/.cpanm/work/1423354956.1302
You have make /usr/bin/make
You have LWP 6.08
You have /bin/tar: tar (GNU tar) 1.26
Copyright (C) 2011 Free Software Foundation, Inc.
License GPLv3+: GNU GPL version 3 or later <http://gnu.org/licenses/gpl.html>.
This is free software: you are free to change and redistribute it.
There is NO WARRANTY, to the extent permitted by law.

Written by John Gilmore and Jay Fenlason.
You have /usr/bin/unzip
Searching XML::LibXML on cpanmetadb ...
--> Working on XML::LibXML
Fetching http://www.cpan.org/authors/id/S/SH/SHLOMIF/XML-LibXML-2.0118.tar.gz
-> OK
Unpacking XML-LibXML-2.0118.tar.gz
Entering XML-LibXML-2.0118
Checking configure dependencies from META.json
Checking if you have ExtUtils::MakeMaker 0 ... Yes (6.98)
Configuring XML-LibXML-2.0118
Running Makefile.PL
enable native perl UTF8
running xml2-config...ok (2.8.0)
Checking for ability to link against xml2...yes
Checking if your kit is complete...
Looks good
Generating a Unix-style Makefile
Writing Makefile for XML::LibXML
Writing MYMETA.yml and MYMETA.json
-> OK
Checking dependencies from MYMETA.json ...
Checking if you have XML::NamespaceSupport 1.07 ... Yes (1.11)
Checking if you have warnings 0 ... Yes (1.18)
Checking if you have parent 0 ... Yes (0.225)
Checking if you have strict 0 ... Yes (1.07)
Checking if you have Test::More 0 ... Yes (1.001014)
Checking if you have base 0 ... Yes (2.18)
Checking if you have XML::SAX 0.11 ... Yes (0.99)
Checking if you have ExtUtils::MakeMaker 0 ... Yes (6.98)
Checking if you have vars 0 ... Yes (1.03)
Building and testing XML-LibXML-2.0118
cp lib/XML/LibXML/RegExp.pod blib/lib/XML/LibXML/RegExp.pod
cp lib/XML/LibXML/Error.pm blib/lib/XML/LibXML/Error.pm
cp lib/XML/LibXML/XPathExpression.pod blib/lib/XML/LibXML/XPathExpression.pod
cp lib/XML/LibXML/PI.pod blib/lib/XML/LibXML/PI.pod
cp lib/XML/LibXML/SAX.pm blib/lib/XML/LibXML/SAX.pm
cp lib/XML/LibXML/SAX/Generator.pm blib/lib/XML/LibXML/SAX/Generator.pm
cp lib/XML/LibXML/Namespace.pod blib/lib/XML/LibXML/Namespace.pod
cp lib/XML/LibXML/Comment.pod blib/lib/XML/LibXML/Comment.pod
cp lib/XML/LibXML/Schema.pod blib/lib/XML/LibXML/Schema.pod
cp lib/XML/LibXML/SAX/Builder.pm blib/lib/XML/LibXML/SAX/Builder.pm
cp lib/XML/LibXML/SAX/Parser.pm blib/lib/XML/LibXML/SAX/Parser.pm
cp lib/XML/LibXML/Dtd.pod blib/lib/XML/LibXML/Dtd.pod
cp lib/XML/LibXML/XPathContext.pm blib/lib/XML/LibXML/XPathContext.pm
cp lib/XML/LibXML/Parser.pod blib/lib/XML/LibXML/Parser.pod
cp lib/XML/LibXML/Attr.pod blib/lib/XML/LibXML/Attr.pod
cp lib/XML/LibXML/Number.pm blib/lib/XML/LibXML/Number.pm
cp lib/XML/LibXML/AttributeHash.pm blib/lib/XML/LibXML/AttributeHash.pm
cp lib/XML/LibXML/Node.pod blib/lib/XML/LibXML/Node.pod
cp lib/XML/LibXML/DocumentFragment.pod blib/lib/XML/LibXML/DocumentFragment.pod
cp lib/XML/LibXML/NodeList.pm blib/lib/XML/LibXML/NodeList.pm
cp lib/XML/LibXML/RelaxNG.pod blib/lib/XML/LibXML/RelaxNG.pod
cp lib/XML/LibXML/ErrNo.pm blib/lib/XML/LibXML/ErrNo.pm
cp lib/XML/LibXML/Pattern.pod blib/lib/XML/LibXML/Pattern.pod
cp lib/XML/LibXML/Devel.pm blib/lib/XML/LibXML/Devel.pm
cp lib/XML/LibXML/SAX.pod blib/lib/XML/LibXML/SAX.pod
cp lib/XML/LibXML/Literal.pm blib/lib/XML/LibXML/Literal.pm
cp lib/XML/LibXML/InputCallback.pod blib/lib/XML/LibXML/InputCallback.pod
cp LibXML.pm blib/lib/XML/LibXML.pm
cp lib/XML/LibXML/Common.pod blib/lib/XML/LibXML/Common.pod
cp LibXML.pod blib/lib/XML/LibXML.pod
cp lib/XML/LibXML/Element.pod blib/lib/XML/LibXML/Element.pod
cp lib/XML/LibXML/ErrNo.pod blib/lib/XML/LibXML/ErrNo.pod
cp lib/XML/LibXML/Error.pod blib/lib/XML/LibXML/Error.pod
cp lib/XML/LibXML/XPathContext.pod blib/lib/XML/LibXML/XPathContext.pod
cp lib/XML/LibXML/Document.pod blib/lib/XML/LibXML/Document.pod
cp lib/XML/LibXML/Boolean.pm blib/lib/XML/LibXML/Boolean.pm
cp lib/XML/LibXML/Reader.pod blib/lib/XML/LibXML/Reader.pod
cp lib/XML/LibXML/CDATASection.pod blib/lib/XML/LibXML/CDATASection.pod
cp lib/XML/LibXML/DOM.pod blib/lib/XML/LibXML/DOM.pod
cp lib/XML/LibXML/Text.pod blib/lib/XML/LibXML/Text.pod
cp lib/XML/LibXML/SAX/Builder.pod blib/lib/XML/LibXML/SAX/Builder.pod
cp lib/XML/LibXML/Common.pm blib/lib/XML/LibXML/Common.pm
cp lib/XML/LibXML/Reader.pm blib/lib/XML/LibXML/Reader.pm
Running Mkbootstrap for XML::LibXML ()
chmod 644 LibXML.bs
cc -c  -I/usr/include/libxml2 -fno-strict-aliasing -pipe -fstack-protector -I/usr/local/include -D_LARGEFILE_SOURCE -D_FILE_OFFSET_BITS=64 -O2   -DVERSION=\"2.0118\" -DXS_VERSION=\"2.0118\" -fPIC "-I/home/ron/perl5/perlbrew/perls/perl-5.18.2/lib/5.18.2/x86_64-linux/CORE"  -DHAVE_UTF8 Av_CharPtrPtr.c
/home/ron/perl5/perlbrew/perls/perl-5.18.2/bin/perl /home/ron/perl5/perlbrew/perls/perl-5.18.2/lib/site_perl/5.18.2/ExtUtils/xsubpp  -typemap /home/ron/perl5/perlbrew/perls/perl-5.18.2/lib/5.18.2/ExtUtils/typemap -typemap typemap  Devel.xs > Devel.xsc && mv Devel.xsc Devel.c
cc -c  -I/usr/include/libxml2 -fno-strict-aliasing -pipe -fstack-protector -I/usr/local/include -D_LARGEFILE_SOURCE -D_FILE_OFFSET_BITS=64 -O2   -DVERSION=\"2.0118\" -DXS_VERSION=\"2.0118\" -fPIC "-I/home/ron/perl5/perlbrew/perls/perl-5.18.2/lib/5.18.2/x86_64-linux/CORE"  -DHAVE_UTF8 Devel.c
/home/ron/perl5/perlbrew/perls/perl-5.18.2/bin/perl /home/ron/perl5/perlbrew/perls/perl-5.18.2/lib/site_perl/5.18.2/ExtUtils/xsubpp  -typemap /home/ron/perl5/perlbrew/perls/perl-5.18.2/lib/5.18.2/ExtUtils/typemap -typemap typemap  LibXML.xs > LibXML.xsc && mv LibXML.xsc LibXML.c
cc -c  -I/usr/include/libxml2 -fno-strict-aliasing -pipe -fstack-protector -I/usr/local/include -D_LARGEFILE_SOURCE -D_FILE_OFFSET_BITS=64 -O2   -DVERSION=\"2.0118\" -DXS_VERSION=\"2.0118\" -fPIC "-I/home/ron/perl5/perlbrew/perls/perl-5.18.2/lib/5.18.2/x86_64-linux/CORE"  -DHAVE_UTF8 LibXML.c
cc -c  -I/usr/include/libxml2 -fno-strict-aliasing -pipe -fstack-protector -I/usr/local/include -D_LARGEFILE_SOURCE -D_FILE_OFFSET_BITS=64 -O2   -DVERSION=\"2.0118\" -DXS_VERSION=\"2.0118\" -fPIC "-I/home/ron/perl5/perlbrew/perls/perl-5.18.2/lib/5.18.2/x86_64-linux/CORE"  -DHAVE_UTF8 dom.c
cc -c  -I/usr/include/libxml2 -fno-strict-aliasing -pipe -fstack-protector -I/usr/local/include -D_LARGEFILE_SOURCE -D_FILE_OFFSET_BITS=64 -O2   -DVERSION=\"2.0118\" -DXS_VERSION=\"2.0118\" -fPIC "-I/home/ron/perl5/perlbrew/perls/perl-5.18.2/lib/5.18.2/x86_64-linux/CORE"  -DHAVE_UTF8 perl-libxml-mm.c
cc -c  -I/usr/include/libxml2 -fno-strict-aliasing -pipe -fstack-protector -I/usr/local/include -D_LARGEFILE_SOURCE -D_FILE_OFFSET_BITS=64 -O2   -DVERSION=\"2.0118\" -DXS_VERSION=\"2.0118\" -fPIC "-I/home/ron/perl5/perlbrew/perls/perl-5.18.2/lib/5.18.2/x86_64-linux/CORE"  -DHAVE_UTF8 perl-libxml-sax.c
cc -c  -I/usr/include/libxml2 -fno-strict-aliasing -pipe -fstack-protector -I/usr/local/include -D_LARGEFILE_SOURCE -D_FILE_OFFSET_BITS=64 -O2   -DVERSION=\"2.0118\" -DXS_VERSION=\"2.0118\" -fPIC "-I/home/ron/perl5/perlbrew/perls/perl-5.18.2/lib/5.18.2/x86_64-linux/CORE"  -DHAVE_UTF8 xpath.c
rm -f blib/arch/auto/XML/LibXML/LibXML.so
LD_RUN_PATH="/usr/lib/x86_64-linux-gnu:/lib/x86_64-linux-gnu" cc  -shared -O2 -L/usr/local/lib -fstack-protector Av_CharPtrPtr.o Devel.o LibXML.o dom.o perl-libxml-mm.o perl-libxml-sax.o xpath.o  -o blib/arch/auto/XML/LibXML/LibXML.so 	\
	   -L/usr/lib -lxml2 -lz  	\
	  
chmod 755 blib/arch/auto/XML/LibXML/LibXML.so
/home/ron/perl5/perlbrew/perls/perl-5.18.2/bin/perl -MExtUtils::Command::MM -e 'cp_nonempty' -- LibXML.bs blib/arch/auto/XML/LibXML/LibXML.bs 644
Manifying blib/man3/XML::LibXML.3
Manifying blib/man3/XML::LibXML::Attr.3
Manifying blib/man3/XML::LibXML::AttributeHash.3
Manifying blib/man3/XML::LibXML::Boolean.3
Manifying blib/man3/XML::LibXML::CDATASection.3
Manifying blib/man3/XML::LibXML::Comment.3
Manifying blib/man3/XML::LibXML::Common.3
Manifying blib/man3/XML::LibXML::DOM.3
Manifying blib/man3/XML::LibXML::Devel.3
Manifying blib/man3/XML::LibXML::Document.3
Manifying blib/man3/XML::LibXML::DocumentFragment.3
Manifying blib/man3/XML::LibXML::Dtd.3
Manifying blib/man3/XML::LibXML::Element.3
Manifying blib/man3/XML::LibXML::ErrNo.3
Manifying blib/man3/XML::LibXML::Error.3
Manifying blib/man3/XML::LibXML::InputCallback.3
Manifying blib/man3/XML::LibXML::Literal.3
Manifying blib/man3/XML::LibXML::Namespace.3
Manifying blib/man3/XML::LibXML::Node.3
Manifying blib/man3/XML::LibXML::NodeList.3
Manifying blib/man3/XML::LibXML::Number.3
Manifying blib/man3/XML::LibXML::PI.3
Manifying blib/man3/XML::LibXML::Parser.3
Manifying blib/man3/XML::LibXML::Pattern.3
Manifying blib/man3/XML::LibXML::Reader.3
Manifying blib/man3/XML::LibXML::RegExp.3
Manifying blib/man3/XML::LibXML::RelaxNG.3
Manifying blib/man3/XML::LibXML::SAX.3
Manifying blib/man3/XML::LibXML::SAX::Builder.3
Manifying blib/man3/XML::LibXML::SAX::Generator.3
Manifying blib/man3/XML::LibXML::Schema.3
Manifying blib/man3/XML::LibXML::Text.3
Manifying blib/man3/XML::LibXML::XPathContext.3
Manifying blib/man3/XML::LibXML::XPathExpression.3
Running Mkbootstrap for XML::LibXML ()
chmod 644 LibXML.bs
PERL_DL_NONLAZY=1 /home/ron/perl5/perlbrew/perls/perl-5.18.2/bin/perl "-MExtUtils::Command::MM" "-MTest::Harness" "-e" "undef *Test::Harness::Switches; test_harness(0, 'blib/lib', 'blib/arch')" t/*.t
# 
# 
# Compiled against libxml2 version: 20800
# Running libxml2 version:          20800
# 
t/01basic.t ............................... ok
t/02parse.t ............................... ok
t/03doc.t ................................. ok
t/04node.t ................................ ok
t/05text.t ................................ ok
t/06elements.t ............................ ok
t/07dtd.t ................................. ok
t/08findnodes.t ........................... ok
t/09xpath.t ............................... ok
t/10ns.t .................................. ok
t/11memory.t .............................. skipped: developers only (set MEMORY_TEST=1 to run these tests)
t/12html.t ................................ ok
t/13dtd.t ................................. ok
t/14sax.t ................................. ok
t/15nodelist.t ............................ ok
t/16docnodes.t ............................ ok
t/17callbacks.t ........................... ok
t/18docfree.t ............................. ok
t/19die_on_invalid_utf8_rt_58848.t ........ ok
t/19encoding.t ............................ ok
t/20extras.t .............................. ok
t/21catalog.t ............................. ok
t/23rawfunctions.t ........................ ok
t/24c14n.t ................................ ok
t/25relaxng.t ............................. ok
t/26schema.t .............................. ok
t/27new_callbacks_simple.t ................ ok
t/28new_callbacks_multiple.t .............. ok
t/29id.t .................................. ok
t/30keep_blanks.t ......................... ok
t/30xpathcontext.t ........................ ok
t/31xpc_functions.t ....................... ok
t/32xpc_variables.t ....................... ok
t/35huge_mode.t ........................... ok
t/40reader.t .............................. ok
t/40reader_mem_error.t .................... ok
t/41xinclude.t ............................ ok
t/42common.t .............................. ok
t/43options.t ............................. ok
t/44extent.t .............................. ok
t/45regex.t ............................... ok
t/46err_column.t .......................... ok
t/47load_xml_callbacks.t .................. ok
t/48_memleak_rt_83744.t ................... ok
t/48_removeChild_crashes_rt_80395.t ....... ok
t/48_replaceNode_DTD_nodes_rT_80521.t ..... ok
t/48_RH5_double_free_rt83779.t ............ ok
t/48_rt55000.t ............................ ok
t/48_rt93429_recover_2_in_html_parsing.t .. ok
t/48_SAX_Builder_rt_91433.t ............... ok
t/48importing_nodes_IDs_rt_69520.t ........ ok
t/49_load_html.t .......................... ok
t/49callbacks_returning_undef.t ........... ok
t/49global_extent.t ....................... ok
t/50devel.t ............................... ok
t/51_parse_html_string_rt87089.t .......... ok
t/60error_prev_chain.t .................... ok
t/60struct_error.t ........................ ok
t/61error.t ............................... ok
t/62overload.t ............................ ok
t/71overloads.t ........................... ok
t/72destruction.t ......................... ok
t/80registryleak.t ........................ ok
t/90shared_clone_failed_rt_91800.t ........ skipped: no ithreads in this Perl
t/90stack.t ............................... ok
t/90threads.t ............................. skipped: no ithreads in this Perl
t/91unique_key.t .......................... ok
t/cpan-changes.t .......................... ok
t/pod.t ................................... ok
t/style-trailing-space.t .................. skipped: Test::TrailingSpace required for trailing space test.
All tests successful.
Files=70, Tests=2558,  5 wallclock secs ( 0.37 usr  0.08 sys +  3.58 cusr  0.38 csys =  4.41 CPU)
Result: PASS
Files found in blib/arch: installing files in blib/lib into architecture dependent library tree
Appending installation info to /home/ron/perl5/perlbrew/perls/perl-5.18.2/lib/5.18.2/x86_64-linux/perllocal.pod
-> OK
Successfully reinstalled XML-LibXML-2.0118
Installing /home/ron/perl5/perlbrew/perls/perl-5.18.2/lib/site_perl/5.18.2/x86_64-linux/.meta/XML-LibXML-2.0118/install.json
Expiring 3 work directories.
1 distribution installed
