p5-tcl-ptk % sudo port build p5.30-tcl-ptk
p5-tcl-ptk % cd work/*
Tcl-pTk-1.06 % sudo make test
PERL_DL_NONLAZY=1 "/opt/local/bin/perl5.30" "-MExtUtils::Command::MM" "-MTest::Harness" "-e" "undef *Test::Harness::Switches; test_harness(0, 'blib/lib', 'blib/arch')" t/*.t
t/after.t ..................... ok   
t/afterDestroy.t .............. ok   
t/afterIdle.t ................. ok   
t/balloon.t ................... ok   
t/balloon2.t .................. Balloon should appear over 'Balloon Text' button
t/balloon2.t .................. ok   
t/bgerror1.t .................. ok   
t/bgerror2.t .................. ok   
t/bgerror3.t .................. Error Dialog Should Show. This is expected
t/bgerror3.t .................. ok   
t/bind.t ...................... ok     
t/bindBreak.t ................. ok   
t/bitmapSubClass.t ............ ok   
t/browseEntry.t ............... ok   
t/browseEntry2.t .............. ok     
t/busy.t ...................... ok   
t/callback.t .................. ok     
t/callbackSet.t ............... ok   
t/canFind.t ................... ok   
t/canIndex.t .................. ok   
t/canScale.t .................. ok   
t/canvasFocusBusy.t ........... ok   
t/checkradio.t ................ ok   
t/cleanupCrashTest.t .......... ok   
t/command.t ................... ok   
t/configureReturn.t ........... ok     
t/dialog.t .................... ok   
t/dialogBox.t ................. ok   
t/dialogBoxGeom.t ............. ok   
t/dirtree.t ................... ok   
t/dndlocal.t .................. ok   
t/emptyMenuButtonSubclass.t ... ok   
t/emptyMenuSubclass.t ......... ok   
t/emptySubclass.t ............. ok   
t/entry.t ..................... ok   
t/entryPaste.t ................ ok   
t/entryValidate.t ............. ok   
t/fileevent.t ................. skipped: fileevent is unavailable, reason: Can't locate sys/ioctl.ph in @INC (did you run h2ph?) (@INC contains: /opt/local/var/macports/build/_Volumes_MiniHD_opt_github.com_macports_macports-ports_perl_p5-tcl-ptk/p5.30-tcl-ptk/work/Tcl-pTk-1.06/blib/lib /opt/local/var/macports/build/_Volumes_MiniHD_opt_github.com_macports_macports-ports_perl_p5-tcl-ptk/p5.30-tcl-ptk/work/Tcl-pTk-1.06/blib/arch /opt/local/lib/perl5/site_perl/5.30/darwin-thread-multi-2level /opt/local/lib/perl5/site_perl/5.30 /opt/local/lib/perl5/vendor_perl/5.30/darwin-thread-multi-2level /opt/local/lib/perl5/vendor_perl/5.30 /opt/local/lib/perl5/5.30/darwin-thread-multi-2level /opt/local/lib/perl5/5.30 .) at /opt/local/var/macports/build/_Volumes_MiniHD_opt_github.com_macports_macports-ports_perl_p5-tcl-ptk/p5.30-tcl-ptk/work/Tcl-pTk-1.06/blib/lib/Tcl/pTk/Widget.pm line 2139.
t/fileevent2.t ................ skipped: fileevent is unavailable, reason: Can't locate sys/ioctl.ph in @INC (did you run h2ph?) (@INC contains: /opt/local/var/macports/build/_Volumes_MiniHD_opt_github.com_macports_macports-ports_perl_p5-tcl-ptk/p5.30-tcl-ptk/work/Tcl-pTk-1.06/blib/lib /opt/local/var/macports/build/_Volumes_MiniHD_opt_github.com_macports_macports-ports_perl_p5-tcl-ptk/p5.30-tcl-ptk/work/Tcl-pTk-1.06/blib/arch /opt/local/lib/perl5/site_perl/5.30/darwin-thread-multi-2level /opt/local/lib/perl5/site_perl/5.30 /opt/local/lib/perl5/vendor_perl/5.30/darwin-thread-multi-2level /opt/local/lib/perl5/vendor_perl/5.30 /opt/local/lib/perl5/5.30/darwin-thread-multi-2level /opt/local/lib/perl5/5.30 .) at /opt/local/var/macports/build/_Volumes_MiniHD_opt_github.com_macports_macports-ports_perl_p5-tcl-ptk/p5.30-tcl-ptk/work/Tcl-pTk-1.06/blib/lib/Tcl/pTk/Widget.pm line 2139.
t/focusMethods.t .............. ok   
t/font.t ...................... 1/? Wide character in print at t/font.t line 86.
Wide character in print at t/font.t line 86.
Wide character in print at t/font.t line 86.
Wide character in print at t/font.t line 86.
Wide character in print at t/font.t line 86.
Wide character in print at t/font.t line 86.
Wide character in print at t/font.t line 86.
Wide character in print at t/font.t line 86.
Wide character in print at t/font.t line 86.
Wide character in print at t/font.t line 86.
Wide character in print at t/font.t line 86.
Wide character in print at t/font.t line 86.
Wide character in print at t/font.t line 86.
Wide character in print at t/font.t line 86.
t/font.t ...................... ok    
t/font2.t ..................... ok   
t/fontAttr.t .................. ok   
t/frameForeground.t ........... ok   
t/geomgr.t .................... ok     
t/hlist.t ..................... ok   
t/iconimage.t ................. ok   
t/imageLoad.t ................. ok   
t/itemStyle.t ................. ok   
t/labEntry.t .................. ok   
t/labEntryFacelift.t .......... ok   
t/labEntryParentChild.t ....... ok   
t/libLoad.t ................... ok   
t/listbox.t ................... ok   
t/mainloopMult.t .............. ok   
t/menub-cascade.t ............. ok   
t/menub_newMenu.t ............. ok   
t/menubarpath.t ............... ok   
t/menuitems.t ................. ok     
t/messageBox.t ................ ok   
t/moveResizeWindow.t .......... ok   
t/moveToplevelWindow.t ........ ok   
t/multMainWindow1.t ........... ok   
t/multMainWindow2.t ........... ok   
t/notebook.t .................. ok   
t/notebook2.t ................. ok   
t/onDestroy.t ................. ok   
t/optmenu.t ................... ok     
t/palette.t ................... ok   
t/pane.t ...................... skipped: BWidget Tcl package not available
t/patchTk.t ................... skipped: Not using Aqua Tk
t/photo.t ..................... ok     
t/photoGetImage.t ............. ok   
t/photoSubClass.t ............. ok   
t/progBar.t ................... ok   
t/protocol.t .................. ok   
t/ptk-compat.t ................ ok   
t/ptk-compat2.t ............... ok   
t/repeat.t .................... ok   
t/repeatSubReuse.t ............ ok   
t/scrolled.t .................. ok   
t/scrolledOptional.t .......... ok   
t/selection.t ................. ok   
t/slideMegaWidget.t ........... ok   
t/slideMegaWidget2.t .......... ok   
t/spreadsheetHideRows.t ....... ok   
t/table.t ..................... ok   
t/tableFacelift.t ............. ok   
t/tableMatrixCallbacks.t ...... ok     
t/tableMatrixCleanup.t ........ ok   
t/tableMatrixDebug.t .......... ok   
t/tableMatrixSpreadsheet.t .... ok   
t/tclVersion.t ................ ok   
t/text.t ...................... ok   
t/text2-old.t ................. ok   
t/text2.t ..................... ok   
t/text3.t ..................... ok     
t/textEdit.t .................. ok   
t/textRO.t .................... ok   
t/textSubwidget.t ............. ok   
t/textUndo.t .................. ok   
t/tileLabelFont.t ............. ok   
t/tileTree.t .................. ok   
t/tileWidget.t ................ ok   
t/tixTree.t ................... ok   
t/tk-mw.t ..................... ok   
t/tkFacelift_BEsubclass.t ..... ok   
t/tkFacelift_browseEntry.t .... ok   
t/tkFacelift_frameSubclass.t .. ok   
t/tkFacelift_mega1.t .......... ok   
t/tkFacelift_notebook.t ....... ok     
t/tkFacelift_simple.t ......... ok   
t/tkHijack_BEsubclass.t ....... ok   
t/tkHijack_bgerror1.t ......... ok   
t/tkHijack_bgerror2.t ......... ok   
t/tkHijack_bgerror3.t ......... ok   
t/tkHijack_mega1.t ............ ok   
t/tkHijack_simple.t ........... ok   
t/tkHijack_spreadsheet.t ...... ok   
t/trace.t ..................... ok   
t/tree.t ...................... ok   
t/ttkBrowseEntry.t ............ ok     
t/ttkEntryValidate.t .......... ok   
t/ttkTixNoteBook.t ............ ok     
t/unicode.t ................... ok   
t/virtualEv.t ................. ok   
t/widgetDelete.t .............. ok   
t/widgetName.t ................ ok   
t/wmForget.t .................. ok   
t/wmStackorder.t .............. ok     
t/xevent.t .................... ok   
t/zzPhoto.t ................... ok     
All tests successful.

Test Summary Report
-------------------
t/focusMethods.t            (Wstat: 0 Tests: 7 Failed: 0)
  TODO passed:   1-7
t/font.t                    (Wstat: 0 Tests: 13 Failed: 0)
  TODO passed:   11
t/fontAttr.t                (Wstat: 0 Tests: 8 Failed: 0)
  TODO passed:   1-8
t/wmStackorder.t            (Wstat: 0 Tests: 10 Failed: 0)
  TODO passed:   6-10
Files=130, Tests=597, 243 wallclock secs ( 0.53 usr  0.30 sys + 45.69 cusr 18.59 csys = 65.11 CPU)
Result: PASS
