cpanm (App::cpanminus) 1.7042 on perl 5.025003 built for darwin-2level
Work directory is /Users/ether/.cpanm/work/1470859735.82114
You have make /usr/bin/make
You have LWP 6.15
You have /usr/bin/tar: bsdtar 2.8.3 - libarchive 2.8.3
You have /usr/bin/unzip
Searching MouseX::App::Cmd on mirror http://mirrors.gossamer-threads.com/CPAN ...
--> Working on MouseX::App::Cmd
Fetching http://mirrors.gossamer-threads.com/CPAN/authors/id/E/ET/ETHER/MouseX-App-Cmd-0.30.tar.gz
-> OK
Unpacking MouseX-App-Cmd-0.30.tar.gz
Entering MouseX-App-Cmd-0.30
Checking configure dependencies from META.json
Checking if you have ExtUtils::MakeMaker 6.58 ... Yes (7.22)
Configuring MouseX-App-Cmd-0.30
Running Makefile.PL
Warning: prerequisite Mouse 0 not found.
Warning: prerequisite Mouse::Object 0 not found.
Warning: prerequisite MouseX::Getopt 0 not found.
Checking if your kit is complete...
Looks good
Generating a Unix-style Makefile
Writing Makefile for MouseX::App::Cmd
Writing MYMETA.yml and MYMETA.json
-> OK
Checking dependencies from MYMETA.json ...
Checking if you have Dist::Zilla::Plugin::Test::PodSpelling 0 ... Yes (2.007002)
Checking if you have Pod::Weaver::Plugin::StopWords 0 ... No
Checking if you have Dist::Zilla::Plugin::Test::EOL 0.14 ... Yes (0.19)
Checking if you have Dist::Zilla::Plugin::Git::GatherDir 2.016 ... Yes (2.039)
Checking if you have Dist::Zilla::Plugin::Git::Contributors 0.004 ... Yes (0.024)
Checking if you have strict 0 ... Yes (1.11)
Checking if you have Dist::Zilla::Plugin::Prereqs 0 ... Yes (6.007)
Checking if you have Dist::Zilla::Plugin::OurPkgVersion 0 ... Yes (0.10)
Checking if you have Dist::Zilla::Plugin::MetaTests 0 ... Yes (6.007)
Checking if you have Dist::Zilla::Plugin::CopyFilesFromRelease 0 ... Yes (0.006)
Checking if you have Dist::Zilla::Plugin::PromptIfStale 0 ... Yes (0.051)
Checking if you have Dist::Zilla::Plugin::Test::Perl::Critic 0 ... No
Checking if you have Pod::Coverage::TrustPod 0 ... Yes (0.100003)
Checking if you have Dist::Zilla::Plugin::Test::NoTabs 0.08 ... Yes (0.15)
Checking if you have Dist::Zilla::Plugin::MetaConfig 0 ... Yes (6.007)
Checking if you have Dist::Zilla::Plugin::CheckPrereqsIndexed 0 ... Yes (0.018)
Checking if you have Dist::Zilla::Plugin::Keywords 0.004 ... Yes (0.007)
Checking if you have Dist::Zilla::Plugin::MetaJSON 0 ... Yes (6.007)
Checking if you have Test::Spelling 0.12 ... Yes (0.20)
Checking if you have Dist::Zilla::Plugin::PodCoverageTests 0 ... Yes (6.007)
Checking if you have ExtUtils::MakeMaker 0 ... Yes (7.22)
Checking if you have Dist::Zilla::Plugin::Test::MinimumVersion 2.000003 ... Yes (2.000006)
Checking if you have Dist::Zilla::Plugin::Prereqs::AuthorDeps 0 ... Yes (0.006)
Checking if you have Dist::Zilla::Plugin::Git::CheckFor::MergeConflicts 0 ... Yes (0.013)
Checking if you have Dist::Zilla::Plugin::Test::Portability 0 ... Yes (2.000007)
Checking if you have Dist::Zilla::Plugin::Git::Remote::Check 0 ... Yes (0.2.0)
Checking if you have Test::Kwalitee 1.21 ... Yes (1.22)
Checking if you have Test::CPAN::Changes 0.19 ... Yes (0.400002)
Checking if you have Mouse 0 ... No
Checking if you have IPC::Open3 0 ... Yes (1.20)
Checking if you have Dist::Zilla::Plugin::AutoMetaResources 0 ... Yes (1.21)
Checking if you have Dist::Zilla::Plugin::PodSyntaxTests 0 ... Yes (6.007)
Checking if you have namespace::autoclean 0 ... Yes (0.28)
Checking if you have Dist::Zilla::Plugin::Git::CommitBuild 0 ... Yes (2.039)
Checking if you have Dist::Zilla::Plugin::MetaProvides::Package 1.15000002 ... Yes (2.004002)
Checking if you have Dist::Zilla::Plugin::Test::Kwalitee 0 ... Yes (2.12)
Checking if you have Test::CleanNamespaces 0.15 ... Yes (0.20)
Checking if you have Data::Dumper 0 ... Yes (2.161)
Checking if you have English 0 ... Yes (1.10)
Checking if you have warnings 0 ... Yes (1.37)
Checking if you have Dist::Zilla::Plugin::GitHub::Update 0 ... Yes (0.42)
Checking if you have Perl::Critic::Lax 0 ... No
Checking if you have Dist::Zilla::Plugin::GenerateFile::ShareDir 0 ... Yes (0.012)
Checking if you have MouseX::Getopt 0 ... No
Checking if you have Test::Output 0 ... Yes (1.03)
Checking if you have Dist::Zilla::Plugin::ConfirmRelease 0 ... Yes (6.007)
Checking if you have Dist::Zilla::Plugin::Run::AfterBuild 0.028 ... Yes (0.043)
Checking if you have Dist::Zilla::Plugin::License 0 ... Yes (6.007)
Checking if you have base 0 ... Yes (2.23)
Checking if you have Dist::Zilla::Plugin::AutoPrereqs 0 ... Yes (6.007)
Checking if you have Dist::Zilla::Plugin::CheckStrictVersion 0 ... Yes (0.001)
Checking if you have App::Cmd 0.321 ... Yes (0.331)
Checking if you have Dist::Zilla::Plugin::Git::NextVersion 0 ... Yes (2.039)
Checking if you have Dist::Zilla::Plugin::Test::CPAN::Changes 0.008 ... Yes (0.012)
Checking if you have Dist::Zilla::Plugin::Test::Compile 2.039 ... Yes (2.054)
Checking if you have Dist::Zilla::Plugin::MojibakeTests 0 ... Yes (0.8)
Checking if you have Dist::Zilla::Plugin::Manifest 0 ... Yes (6.007)
Checking if you have Test::Synopsis 0 ... Yes (0.15)
Checking if you have Getopt::Long::Descriptive 0.091 ... Yes (0.100)
Checking if you have Dist::Zilla::Plugin::RunExtraTests 0.024 ... Yes (0.029)
Checking if you have IO::Handle 0 ... Yes (1.36)
Checking if you have Dist::Zilla::Plugin::Readme 0 ... Yes (6.007)
Checking if you have File::Basename 0 ... Yes (2.85)
Checking if you have App::Cmd::Command 0 ... Yes (0.331)
Checking if you have Test::More 0.94 ... Yes (1.302047)
Checking if you have Dist::Zilla::Plugin::UploadToCPAN 0 ... Yes (6.007)
Checking if you have Dist::Zilla::Plugin::Authority 0 ... Yes (1.009)
Checking if you have Dist::Zilla::Plugin::MinimumPerl 1.006 ... Yes (1.006)
Checking if you have Dist::Zilla::Plugin::Test::Pod::No404s 0 ... Yes (1.003)
Checking if you have Perl::Critic::StricterSubs 0 ... No
Checking if you have Test::NoTabs 0 ... Yes (1.4)
Checking if you have Pod::Weaver::Section::Support 0 ... No
Checking if you have Dist::Zilla::Plugin::TestRelease 0 ... Yes (6.007)
Checking if you have Mouse::Object 0 ... No
Checking if you have Dist::Zilla::Plugin::Git::CheckFor::CorrectBranch 0.004 ... Yes (0.013)
Checking if you have Dist::Zilla::Plugin::Git::Commit 0 ... Yes (2.039)
Checking if you have Dist::Zilla::Plugin::Test::Synopsis 0 ... Yes (2.000007)
Checking if you have Test::Pod::Coverage 1.08 ... Yes (1.10)
Checking if you have Dist::Zilla::Plugin::MakeMaker 0 ... Yes (6.007)
Checking if you have Perl::Critic::Pulp 0 ... No
Checking if you have Test::Pod 1.41 ... Yes (1.51)
Checking if you have Dist::Zilla 5 ... Yes (6.007)
Checking if you have Dist::Zilla::Plugin::Git::Push 0 ... Yes (2.039)
Checking if you have Dist::Zilla::Plugin::Test::CleanNamespaces 0 ... Yes (0.006)
Checking if you have Dist::Zilla::Plugin::FileFinder::ByName 0 ... Yes (6.007)
Checking if you have Test::EOL 0 ... Yes (1.6)
Checking if you have Dist::Zilla::Plugin::Test::ChangesHasContent 0 ... Yes (0.010)
Checking if you have Test::CPAN::Meta 0 ... Yes (0.25)
Checking if you have Dist::Zilla::Plugin::InstallGuide 0 ... Yes (1.200007)
Checking if you have Dist::Zilla::Plugin::MetaYAML 0 ... Yes (6.007)
Checking if you have Dist::Zilla::Plugin::GithubMeta 0 ... Yes (0.54)
Checking if you have Perl::Critic::Bangs 0 ... No
Checking if you have lib 0 ... Yes (0.63)
Checking if you have File::Spec 0 ... Yes (3.64)
Checking if you have Dist::Zilla::Plugin::CheckIssues 0 ... Yes (0.010)
Checking if you have YAML 0 ... Yes (1.18)
Checking if you have Dist::Zilla::Plugin::CheckSelfDependency 0 ... Yes (0.011)
Checking if you have Dist::Zilla::Plugin::Git::Check 2.025 ... Yes (2.039)
Checking if you have Dist::Zilla::Plugin::ReadmeAnyFromPod 0.142180 ... Yes (0.161170)
Checking if you have Dist::Zilla::Plugin::Git::Tag 0 ... Yes (2.039)
Checking if you have Dist::Zilla::Plugin::Test::ReportPrereqs 0.019 ... Yes (0.025)
Checking if you have Dist::Zilla::Plugin::Git::Describe 0.004 ... Yes (0.007)
Checking if you have Dist::Zilla::Plugin::AuthorityFromModule 0.002 ... Yes (0.007)
Checking if you have Dist::Zilla::Plugin::NextRelease 4.300018 ... Yes (6.007)
Checking if you have Dist::Zilla::Plugin::PodWeaver 4.005 ... Yes (4.008)
==> Found dependencies: Pod::Weaver::Plugin::StopWords, Dist::Zilla::Plugin::Test::Perl::Critic, Mouse, Perl::Critic::Lax, MouseX::Getopt, Perl::Critic::StricterSubs, Pod::Weaver::Section::Support, Mouse::Object, Perl::Critic::Pulp, Perl::Critic::Bangs
Searching Pod::Weaver::Plugin::StopWords on mirror http://mirrors.gossamer-threads.com/CPAN ...
--> Working on Pod::Weaver::Plugin::StopWords
Fetching http://mirrors.gossamer-threads.com/CPAN/authors/id/R/RW/RWSTAUNER/Pod-Weaver-Plugin-StopWords-1.010.tar.gz
-> OK
Unpacking Pod-Weaver-Plugin-StopWords-1.010.tar.gz
Entering Pod-Weaver-Plugin-StopWords-1.010
Checking configure dependencies from META.json
Checking if you have ExtUtils::MakeMaker 6.58 ... Yes (7.22)
Configuring Pod-Weaver-Plugin-StopWords-1.010
Running Makefile.PL
Warning: prerequisite Test::MockObject 1.09 not found.
Checking if your kit is complete...
Looks good
Generating a Unix-style Makefile
Writing Makefile for Pod::Weaver::Plugin::StopWords
Writing MYMETA.yml and MYMETA.json
-> OK
Checking dependencies from MYMETA.json ...
Checking if you have warnings 0 ... Yes (1.37)
Checking if you have Software::License::Perl_5 0 ... Yes (0.103012)
Checking if you have PPI 0 ... Yes (1.221_02)
Checking if you have Pod::Elemental::Transformer::Pod5 0 ... Yes (0.103004)
Checking if you have lib 0 ... Yes (0.63)
Checking if you have File::Spec 0 ... Yes (3.64)
Checking if you have IO::Handle 0 ... Yes (1.36)
Checking if you have ExtUtils::MakeMaker 0 ... Yes (7.22)
Checking if you have Test::More 0.96 ... Yes (1.302047)
Checking if you have Pod::Elemental::Transformer::Nester 0 ... Yes (0.103004)
Checking if you have Exporter 0 ... Yes (5.72)
Checking if you have Pod::Weaver 3.101632 ... Yes (4.013)
Checking if you have Test::MockObject 1.09 ... No
Checking if you have Test::Differences 0.500 ... Yes (0.64)
Checking if you have Pod::Weaver::Role::Finalizer 0 ... Yes (4.013)
Checking if you have Pod::Elemental::Selectors 0 ... Yes (0.103004)
Checking if you have IPC::Open3 0 ... Yes (1.20)
Checking if you have File::Temp 0 ... Yes (0.2304)
Checking if you have strict 0 ... Yes (1.11)
Checking if you have Pod::Elemental 0.102360 ... Yes (0.103004)
Checking if you have namespace::autoclean 0 ... Yes (0.28)
Checking if you have Pod::Elemental::Element::Pod5::Command 0 ... Yes (0.103004)
Checking if you have Moose 0 ... Yes (2.1804)
==> Found dependencies: Test::MockObject
Searching Test::MockObject on mirror http://mirrors.gossamer-threads.com/CPAN ...
--> Working on Test::MockObject
Fetching http://mirrors.gossamer-threads.com/CPAN/authors/id/C/CH/CHROMATIC/Test-MockObject-1.20150527.tar.gz
-> OK
Unpacking Test-MockObject-1.20150527.tar.gz
Entering Test-MockObject-1.20150527
Checking configure dependencies from META.yml
Checking if you have ExtUtils::MakeMaker 6.58 ... Yes (7.22)
Configuring Test-MockObject-1.20150527
Running Makefile.PL
Warning: prerequisite UNIVERSAL::can 1.20110617 not found.
Warning: prerequisite UNIVERSAL::isa 1.20110614 not found.
Checking if your kit is complete...
Looks good
Generating a Unix-style Makefile
Writing Makefile for Test::MockObject
Writing MYMETA.yml and MYMETA.json
-> OK
Checking dependencies from MYMETA.json ...
Checking if you have Scalar::Util 0 ... Yes (1.45_01)
Checking if you have constant 0 ... Yes (1.33)
Checking if you have warnings 0 ... Yes (1.37)
Checking if you have overload 0 ... Yes (1.26)
Checking if you have fields 0 ... Yes (2.23)
Checking if you have UNIVERSAL::isa 1.20110614 ... No
Checking if you have Test::Exception 0.31 ... Yes (0.43)
Checking if you have CGI 4.15 ... Yes (4.32)
Checking if you have vars 0 ... Yes (1.03)
Checking if you have Test::More 0.98 ... Yes (1.302047)
Checking if you have ExtUtils::MakeMaker 0 ... Yes (7.22)
Checking if you have Devel::Peek 0 ... Yes (1.24)
Checking if you have UNIVERSAL::can 1.20110617 ... No
Checking if you have strict 0 ... Yes (1.11)
Checking if you have Test::Builder 0 ... Yes (1.302047)
Checking if you have Test::Warn 0.23 ... Yes (0.30)
Checking if you have base 0 ... Yes (2.23)
Checking if you have Carp 0 ... Yes (1.41)
==> Found dependencies: UNIVERSAL::isa, UNIVERSAL::can
Searching UNIVERSAL::isa on mirror http://mirrors.gossamer-threads.com/CPAN ...
--> Working on UNIVERSAL::isa
Fetching http://mirrors.gossamer-threads.com/CPAN/authors/id/E/ET/ETHER/UNIVERSAL-isa-1.20150614.tar.gz
-> OK
Unpacking UNIVERSAL-isa-1.20150614.tar.gz
Entering UNIVERSAL-isa-1.20150614
Checking configure dependencies from META.json
Checking if you have ExtUtils::MakeMaker 6.58 ... Yes (7.22)
Configuring UNIVERSAL-isa-1.20150614
Running Makefile.PL
Checking if your kit is complete...
Looks good
Generating a Unix-style Makefile
Writing Makefile for UNIVERSAL::isa
Writing MYMETA.yml and MYMETA.json
-> OK
Checking dependencies from MYMETA.json ...
Checking if you have warnings::register 0 ... Yes (1.04)
Checking if you have Test::More 0 ... Yes (1.302047)
Checking if you have ExtUtils::MakeMaker 0 ... Yes (7.22)
Checking if you have File::Spec 0 ... Yes (3.64)
Checking if you have strict 0 ... Yes (1.11)
Checking if you have warnings 0 ... Yes (1.37)
Checking if you have overload 0 ... Yes (1.26)
Checking if you have Scalar::Util 0 ... Yes (1.45_01)
Building and testing UNIVERSAL-isa-1.20150614
Manifying 1 pod document
PERL_DL_NONLAZY=1 "/Users/ether/perl5/perlbrew/perls/25.3/bin/perl5.25.3" "-MExtUtils::Command::MM" "-MTest::Harness" "-e" "undef *Test::Harness::Switches; test_harness(0, 'blib/lib', 'blib/arch')" t/*.t
t/basic.t .............. ok
t/warnings.t ........... ok
t/bugs.t ............... ok
# 
# Versions for all modules listed in MYMETA.json (including optional ones):
# 
# === Configure Requires ===
# 
#     Module              Want Have
#     ------------------- ---- ----
#     ExtUtils::MakeMaker  any 7.22
# 
# === Build Requires ===
# 
#     Module              Want Have
#     ------------------- ---- ----
#     ExtUtils::MakeMaker  any 7.22
# 
# === Test Requires ===
# 
#     Module              Want     Have
#     ------------------- ---- --------
#     ExtUtils::MakeMaker  any     7.22
#     File::Spec           any     3.64
#     Test::More           any 1.302047
#     overload             any     1.26
# 
# === Test Recommends ===
# 
#     Module         Want     Have
#     ---------- -------- --------
#     CGI             any     4.32
#     CPAN::Meta 2.120900 2.150009
# 
# === Runtime Requires ===
# 
#     Module             Want    Have
#     ------------------ ---- -------
#     Scalar::Util        any 1.45_01
#     strict              any    1.11
#     warnings            any    1.37
#     warnings::register  any    1.04
# 
# === Other Modules ===
# 
#     Module        Have
#     ------------- ----
#     Pod::Coverage 0.23
# 
t/00-report-prereqs.t .. ok
All tests successful.
Files=4, Tests=76,  0 wallclock secs ( 0.05 usr  0.02 sys +  0.46 cusr  0.05 csys =  0.58 CPU)
Result: PASS
Manifying 1 pod document
Installing /Users/ether/.perlbrew/libs/25.3@std/lib/perl5/UNIVERSAL/isa.pm
Installing /Users/ether/.perlbrew/libs/25.3@std/man/man3/UNIVERSAL::isa.0
Appending installation info to /Users/ether/.perlbrew/libs/25.3@std/lib/perl5/darwin-2level/perllocal.pod
-> OK
Successfully installed UNIVERSAL-isa-1.20150614
Installing /Users/ether/.perlbrew/libs/25.3@std/lib/perl5/darwin-2level/.meta/UNIVERSAL-isa-1.20150614/MYMETA.json
Installing /Users/ether/.perlbrew/libs/25.3@std/lib/perl5/darwin-2level/.meta/UNIVERSAL-isa-1.20150614/install.json
Searching UNIVERSAL::can on mirror http://mirrors.gossamer-threads.com/CPAN ...
--> Working on UNIVERSAL::can
Fetching http://mirrors.gossamer-threads.com/CPAN/authors/id/C/CH/CHROMATIC/UNIVERSAL-can-1.20140328.tar.gz
-> OK
Unpacking UNIVERSAL-can-1.20140328.tar.gz
Entering UNIVERSAL-can-1.20140328
Checking configure dependencies from META.yml
Checking if you have ExtUtils::MakeMaker 6.58 ... Yes (7.22)
Configuring UNIVERSAL-can-1.20140328
Running Makefile.PL
Checking if your kit is complete...
Looks good
Generating a Unix-style Makefile
Writing Makefile for UNIVERSAL::can
Writing MYMETA.yml and MYMETA.json
-> OK
Checking dependencies from MYMETA.json ...
Checking if you have vars 0 ... Yes (1.03)
Checking if you have Test::More 0 ... Yes (1.302047)
Checking if you have warnings::register 0 ... Yes (1.04)
Checking if you have Scalar::Util 0 ... Yes (1.45_01)
Checking if you have overload 0 ... Yes (1.26)
Checking if you have warnings 0 ... Yes (1.37)
Checking if you have strict 0 ... Yes (1.11)
Checking if you have lib 0 ... Yes (0.63)
Building and testing UNIVERSAL-can-1.20140328
Manifying 1 pod document
PERL_DL_NONLAZY=1 "/Users/ether/perl5/perlbrew/perls/25.3/bin/perl5.25.3" "-MExtUtils::Command::MM" "-MTest::Harness" "-e" "undef *Test::Harness::Switches; test_harness(0, 'blib/lib', 'blib/arch')" t/*.t
# Testing UNIVERSAL::can 1.20140328, Perl 5.025003, /Users/ether/perl5/perlbrew/perls/25.3/bin/perl5.25.3
t/00-load.t .................. ok
t/always_warn.t .............. ok
t/bugs.t ..................... ok
t/bad-input.t ................ ok
t/class.t .................... ok
t/deep-recursion.t ........... ok
t/isa-triggering-overload.t .. ok
t/object.t ................... ok
t/SUPER-can.t ................ ok
All tests successful.
Files=9, Tests=59,  1 wallclock secs ( 0.05 usr  0.03 sys +  0.63 cusr  0.10 csys =  0.81 CPU)
Result: PASS
Manifying 1 pod document
Installing /Users/ether/.perlbrew/libs/25.3@std/lib/perl5/UNIVERSAL/can.pm
Installing /Users/ether/.perlbrew/libs/25.3@std/man/man3/UNIVERSAL::can.0
Appending installation info to /Users/ether/.perlbrew/libs/25.3@std/lib/perl5/darwin-2level/perllocal.pod
-> OK
Successfully installed UNIVERSAL-can-1.20140328
Installing /Users/ether/.perlbrew/libs/25.3@std/lib/perl5/darwin-2level/.meta/UNIVERSAL-can-1.20140328/MYMETA.json
Installing /Users/ether/.perlbrew/libs/25.3@std/lib/perl5/darwin-2level/.meta/UNIVERSAL-can-1.20140328/install.json
Building and testing Test-MockObject-1.20150527
Manifying 2 pod documents
PERL_DL_NONLAZY=1 "/Users/ether/perl5/perlbrew/perls/25.3/bin/perl5.25.3" "-MExtUtils::Command::MM" "-MTest::Harness" "-e" "undef *Test::Harness::Switches; test_harness(0, 'blib/lib', 'blib/arch')" t/*.t
t/bugs.t ...................... ok
t/debugger.t .................. ok
Called UNIVERSAL::isa() as a function, not a method at /Users/ether/.perlbrew/libs/25.3@std/lib/perl5/UNIVERSAL/can.pm line 46.
Called UNIVERSAL::isa() as a function, not a method at /Users/ether/.perlbrew/libs/25.3@std/lib/perl5/UNIVERSAL/can.pm line 46.
Called UNIVERSAL::isa() as a function, not a method at /Users/ether/.perlbrew/libs/25.3@std/lib/perl5/UNIVERSAL/can.pm line 46.
Called UNIVERSAL::isa() as a function, not a method at /Users/ether/.perlbrew/libs/25.3@std/lib/perl5/UNIVERSAL/can.pm line 46.
t/debuggingwarnings.t ......... ok
Called UNIVERSAL::isa() as a function, not a method at /Users/ether/.perlbrew/libs/25.3@std/lib/perl5/UNIVERSAL/can.pm line 46.
Called UNIVERSAL::isa() as a function, not a method at /Users/ether/.perlbrew/libs/25.3@std/lib/perl5/UNIVERSAL/can.pm line 46.
Called UNIVERSAL::isa() as a function, not a method at /Users/ether/.perlbrew/libs/25.3@std/lib/perl5/UNIVERSAL/can.pm line 46.
Called UNIVERSAL::isa() as a function, not a method at /Users/ether/.perlbrew/libs/25.3@std/lib/perl5/UNIVERSAL/can.pm line 46.
t/debuggingwarningsextends.t .. ok
t/base.t ...................... ok
t/extends-bugs.t .............. ok
t/extends-fields.t ............ ok
t/ignore.t .................... ok
t/isa.t ....................... ok
t/extends.t ................... ok
t/nodefaultwarnings.t ......... ok
All tests successful.
Files=11, Tests=227,  0 wallclock secs ( 0.08 usr  0.03 sys +  0.93 cusr  0.13 csys =  1.17 CPU)
Result: PASS
Manifying 2 pod documents
Installing /Users/ether/.perlbrew/libs/25.3@std/lib/perl5/Test/MockObject.pm
Installing /Users/ether/.perlbrew/libs/25.3@std/lib/perl5/Test/README.pod
Installing /Users/ether/.perlbrew/libs/25.3@std/lib/perl5/Test/MockObject/Extends.pm
Installing /Users/ether/.perlbrew/libs/25.3@std/man/man3/Test::MockObject.0
Installing /Users/ether/.perlbrew/libs/25.3@std/man/man3/Test::MockObject::Extends.0
Appending installation info to /Users/ether/.perlbrew/libs/25.3@std/lib/perl5/darwin-2level/perllocal.pod
-> OK
Successfully installed Test-MockObject-1.20150527
Installing /Users/ether/.perlbrew/libs/25.3@std/lib/perl5/darwin-2level/.meta/Test-MockObject-1.20150527/MYMETA.json
Installing /Users/ether/.perlbrew/libs/25.3@std/lib/perl5/darwin-2level/.meta/Test-MockObject-1.20150527/install.json
Building and testing Pod-Weaver-Plugin-StopWords-1.010
Manifying 1 pod document
PERL_DL_NONLAZY=1 "/Users/ether/perl5/perlbrew/perls/25.3/bin/perl5.25.3" "-MExtUtils::Command::MM" "-MTest::Harness" "-e" "undef *Test::Harness::Switches; test_harness(0, 'blib/lib', 'blib/arch')" t/*.t
# 
# Versions for all modules listed in MYMETA.json (including optional ones):
# 
# === Configure Requires ===
# 
#     Module              Want Have
#     ------------------- ---- ----
#     ExtUtils::MakeMaker  any 7.22
# 
# === Build Requires ===
# 
#     Module              Want Have
#     ------------------- ---- ----
#     ExtUtils::MakeMaker  any 7.22
# 
# === Test Requires ===
# 
#     Module                                     Want       Have
#     -------------------------------------- -------- ----------
#     Exporter                                    any       5.72
#     ExtUtils::MakeMaker                         any       7.22
#     File::Spec                                  any       3.64
#     File::Temp                                  any     0.2304
#     IO::Handle                                  any       1.36
#     IPC::Open3                                  any       1.20
#     PPI                                         any   1.221_02
#     Pod::Elemental                         0.102360   0.103004
#     Pod::Elemental::Element::Pod5::Command      any   0.103004
#     Pod::Elemental::Selectors                   any   0.103004
#     Pod::Elemental::Transformer::Nester         any   0.103004
#     Pod::Elemental::Transformer::Pod5           any   0.103004
#     Software::License::Perl_5                   any   0.103012
#     Test::Differences                         0.500       0.64
#     Test::MockObject                           1.09 1.20150527
#     Test::More                                 0.96   1.302047
#     lib                                         any       0.63
# 
# === Test Recommends ===
# 
#     Module         Want     Have
#     ---------- -------- --------
#     CPAN::Meta 2.120900 2.150009
# 
# === Runtime Requires ===
# 
#     Module                           Want   Have
#     ---------------------------- -------- ------
#     Moose                             any 2.1804
#     Pod::Weaver                  3.101632  4.013
#     Pod::Weaver::Role::Finalizer      any  4.013
#     namespace::autoclean              any   0.28
#     strict                            any   1.11
#     warnings                          any   1.37
# 
# === Runtime Suggests ===
# 
#     Module     Want      Have
#     ---------- ---- ---------
#     Text::Wrap  any 2013.0523
# 
t/00-report-prereqs.t .. ok
t/00-compile.t ......... ok
t/basic.t .............. ok
t/ini-config.t ......... ok
All tests successful.
Files=4, Tests=57,  1 wallclock secs ( 0.04 usr  0.02 sys +  3.17 cusr  0.26 csys =  3.49 CPU)
Result: PASS
Manifying 1 pod document
Installing /Users/ether/.perlbrew/libs/25.3@std/lib/perl5/Pod/Weaver/Plugin/StopWords.pm
Installing /Users/ether/.perlbrew/libs/25.3@std/man/man3/Pod::Weaver::Plugin::StopWords.0
Appending installation info to /Users/ether/.perlbrew/libs/25.3@std/lib/perl5/darwin-2level/perllocal.pod
-> OK
Successfully installed Pod-Weaver-Plugin-StopWords-1.010
Installing /Users/ether/.perlbrew/libs/25.3@std/lib/perl5/darwin-2level/.meta/Pod-Weaver-Plugin-StopWords-1.010/MYMETA.json
Installing /Users/ether/.perlbrew/libs/25.3@std/lib/perl5/darwin-2level/.meta/Pod-Weaver-Plugin-StopWords-1.010/install.json
Searching Dist::Zilla::Plugin::Test::Perl::Critic on mirror http://mirrors.gossamer-threads.com/CPAN ...
--> Working on Dist::Zilla::Plugin::Test::Perl::Critic
Fetching http://mirrors.gossamer-threads.com/CPAN/authors/id/J/JQ/JQUELIN/Dist-Zilla-Plugin-Test-Perl-Critic-3.000.tar.gz
-> OK
Unpacking Dist-Zilla-Plugin-Test-Perl-Critic-3.000.tar.gz
Entering Dist-Zilla-Plugin-Test-Perl-Critic-3.000
Checking configure dependencies from META.json
Checking if you have ExtUtils::Install 1.46 ... Yes (2.04)
Checking if you have Module::Build 0.38 ... Yes (0.4218)
Configuring Dist-Zilla-Plugin-Test-Perl-Critic-3.000
Running Build.PL
Checking prerequisites...
  requires:
    !  Test::Perl::Critic is not installed

ERRORS/WARNINGS FOUND IN PREREQUISITES.  You may wish to install the versions
of the modules indicated above before proceeding with this installation

Created MYMETA.yml and MYMETA.json
Creating new 'Build' script for 'Dist-Zilla-Plugin-Test-Perl-Critic' version '3.000'
-> OK
Checking dependencies from MYMETA.json ...
Checking if you have namespace::autoclean 0 ... Yes (0.28)
Checking if you have autodie 0 ... Yes (2.29)
Checking if you have Moose 0 ... Yes (2.1804)
Checking if you have Test::DZil 0 ... Yes (6.007)
Checking if you have Moose::Util 0 ... Yes (2.1804)
Checking if you have IPC::Open3 0 ... Yes (1.20)
Checking if you have strict 0 ... Yes (1.11)
Checking if you have Test::More 0.94 ... Yes (1.302047)
Checking if you have Test::Perl::Critic 0 ... No
Checking if you have File::Path 0 ... Yes (2.12_01)
Checking if you have Module::Build 0.28 ... Yes (0.4218)
Checking if you have warnings 0 ... Yes (1.37)
Checking if you have Dist::Zilla::File::InMemory 0 ... Yes (6.007)
Checking if you have Dist::Zilla::Role::TextTemplate 0 ... Yes (6.007)
Checking if you have Dist::Zilla::Role::FileGatherer 0 ... Yes (6.007)
Checking if you have IO::Handle 0 ... Yes (1.36)
Checking if you have Data::Section 0.004 ... Yes (0.200006)
Checking if you have File::Spec 0 ... Yes (3.64)
==> Found dependencies: Test::Perl::Critic
Searching Test::Perl::Critic on mirror http://mirrors.gossamer-threads.com/CPAN ...
--> Working on Test::Perl::Critic
Fetching http://mirrors.gossamer-threads.com/CPAN/authors/id/T/TH/THALJEF/Test-Perl-Critic-1.03.tar.gz
-> OK
Unpacking Test-Perl-Critic-1.03.tar.gz
Entering Test-Perl-Critic-1.03
Checking configure dependencies from META.json
Checking if you have ExtUtils::Install 1.46 ... Yes (2.04)
Checking if you have Module::Build 0.4 ... Yes (0.4218)
Configuring Test-Perl-Critic-1.03
Running Build.PL
Checking prerequisites...
  requires:
    !  MCE is not installed

ERRORS/WARNINGS FOUND IN PREREQUISITES.  You may wish to install the versions
of the modules indicated above before proceeding with this installation

Created MYMETA.yml and MYMETA.json
Creating new 'Build' script for 'Test-Perl-Critic' version '1.03'
-> OK
Checking dependencies from MYMETA.json ...
Checking if you have English 0 ... Yes (1.10)
Checking if you have warnings 0 ... Yes (1.37)
Checking if you have MCE 1.52 ... No
Checking if you have Test::Builder 0 ... Yes (1.302047)
Checking if you have strict 0 ... Yes (1.11)
Checking if you have Perl::Critic 1.105 ... Yes (1.126)
Checking if you have Perl::Critic::Utils 1.105 ... Yes (1.126)
Checking if you have Test::More 0 ... Yes (1.302047)
Checking if you have Perl::Critic::Violation 1.105 ... Yes (1.126)
Checking if you have Carp 0 ... Yes (1.41)
==> Found dependencies: MCE
Searching MCE on mirror http://mirrors.gossamer-threads.com/CPAN ...
--> Working on MCE
Fetching http://mirrors.gossamer-threads.com/CPAN/authors/id/M/MA/MARIOROY/MCE-1.804.tar.gz
-> OK
Unpacking MCE-1.804.tar.gz
Entering MCE-1.804
Checking configure dependencies from META.json
Checking if you have ExtUtils::MakeMaker 6.58 ... Yes (7.22)
Configuring MCE-1.804
Running Makefile.PL
Checking if your kit is complete...
Looks good
Generating a Unix-style Makefile
Writing Makefile for MCE
Writing MYMETA.yml and MYMETA.json
-> OK
Checking dependencies from MYMETA.json ...
Checking if you have Scalar::Util 0 ... Yes (1.45_01)
Checking if you have constant 0 ... Yes (1.33)
Checking if you have warnings 0 ... Yes (1.37)
Checking if you have IO::Handle 0 ... Yes (1.36)
Checking if you have Symbol 0 ... Yes (1.07)
Checking if you have bytes 0 ... Yes (1.05)
Checking if you have ExtUtils::MakeMaker 0 ... Yes (7.22)
Checking if you have File::Path 0 ... Yes (2.12_01)
Checking if you have strict 0 ... Yes (1.11)
Checking if you have Storable 2.04 ... Yes (2.56)
Checking if you have base 0 ... Yes (2.23)
Checking if you have Fcntl 0 ... Yes (1.13)
Checking if you have Carp 0 ... Yes (1.41)
Checking if you have Getopt::Long 0 ... Yes (2.49)
Checking if you have Socket 0 ... Yes (2.023)
Checking if you have Time::HiRes 0 ... Yes (1.9739)
Building and testing MCE-1.804
Manifying 16 pod documents
PERL_DL_NONLAZY=1 "/Users/ether/perl5/perlbrew/perls/25.3/bin/perl5.25.3" "-MExtUtils::Command::MM" "-MTest::Harness" "-e" "undef *Test::Harness::Switches; test_harness(0, 'blib/lib', 'blib/arch')" t/*.t
t/00_required_signals.t .... ok
t/00_required_modules.t .... ok
t/01_load_mce.t ............ ok
t/01_load_signal_export.t .. ok
t/01_load_signal_arg.t ..... ok
t/01_load_signal_tag.t ..... ok
t/02_do_callback_args.t .... ok
t/03_chunk_size.t .......... ok
t/04_norm_que_local.t ...... ok
t/02_do_callback_result.t .. ok
t/03_user_args.t ........... ok
t/04_norm_que_manager.t .... ok
t/04_prio_que_local.t ...... ok
t/04_prio_que_manager.t .... ok
t/04_norm_que_worker.t ..... ok
t/04_prio_que_worker.t ..... ok
t/05_mce_grep.t ............ ok
t/05_mce_flow.t ............ ok
t/05_mce_loop.t ............ ok
t/05_mce_map.t ............. ok
t/05_mce_step.t ............ ok
t/06_nodata_flow.t ......... ok
t/05_mce_stream.t .......... ok
t/06_nodata_step.t ......... ok
All tests successful.
Files=24, Tests=306,  2 wallclock secs ( 0.16 usr  0.07 sys +  4.02 cusr  0.91 csys =  5.16 CPU)
Result: PASS
Manifying 16 pod documents
Installing /Users/ether/.perlbrew/libs/25.3@std/lib/perl5/MCE.pm
Installing /Users/ether/.perlbrew/libs/25.3@std/lib/perl5/MCE.pod
Installing /Users/ether/.perlbrew/libs/25.3@std/lib/perl5/MCE/Candy.pm
Installing /Users/ether/.perlbrew/libs/25.3@std/lib/perl5/MCE/Core.pod
Installing /Users/ether/.perlbrew/libs/25.3@std/lib/perl5/MCE/Examples.pod
Installing /Users/ether/.perlbrew/libs/25.3@std/lib/perl5/MCE/Flow.pm
Installing /Users/ether/.perlbrew/libs/25.3@std/lib/perl5/MCE/Grep.pm
Installing /Users/ether/.perlbrew/libs/25.3@std/lib/perl5/MCE/Loop.pm
Installing /Users/ether/.perlbrew/libs/25.3@std/lib/perl5/MCE/Map.pm
Installing /Users/ether/.perlbrew/libs/25.3@std/lib/perl5/MCE/Mutex.pm
Installing /Users/ether/.perlbrew/libs/25.3@std/lib/perl5/MCE/Queue.pm
Installing /Users/ether/.perlbrew/libs/25.3@std/lib/perl5/MCE/Relay.pm
Installing /Users/ether/.perlbrew/libs/25.3@std/lib/perl5/MCE/Signal.pm
Installing /Users/ether/.perlbrew/libs/25.3@std/lib/perl5/MCE/Step.pm
Installing /Users/ether/.perlbrew/libs/25.3@std/lib/perl5/MCE/Stream.pm
Installing /Users/ether/.perlbrew/libs/25.3@std/lib/perl5/MCE/Subs.pm
Installing /Users/ether/.perlbrew/libs/25.3@std/lib/perl5/MCE/Util.pm
Installing /Users/ether/.perlbrew/libs/25.3@std/lib/perl5/MCE/Core/Manager.pm
Installing /Users/ether/.perlbrew/libs/25.3@std/lib/perl5/MCE/Core/Validation.pm
Installing /Users/ether/.perlbrew/libs/25.3@std/lib/perl5/MCE/Core/Worker.pm
Installing /Users/ether/.perlbrew/libs/25.3@std/lib/perl5/MCE/Core/Input/Generator.pm
Installing /Users/ether/.perlbrew/libs/25.3@std/lib/perl5/MCE/Core/Input/Handle.pm
Installing /Users/ether/.perlbrew/libs/25.3@std/lib/perl5/MCE/Core/Input/Iterator.pm
Installing /Users/ether/.perlbrew/libs/25.3@std/lib/perl5/MCE/Core/Input/Request.pm
Installing /Users/ether/.perlbrew/libs/25.3@std/lib/perl5/MCE/Core/Input/Sequence.pm
Installing /Users/ether/.perlbrew/libs/25.3@std/man/man3/MCE.0
Installing /Users/ether/.perlbrew/libs/25.3@std/man/man3/MCE::Candy.0
Installing /Users/ether/.perlbrew/libs/25.3@std/man/man3/MCE::Core.0
Installing /Users/ether/.perlbrew/libs/25.3@std/man/man3/MCE::Examples.0
Installing /Users/ether/.perlbrew/libs/25.3@std/man/man3/MCE::Flow.0
Installing /Users/ether/.perlbrew/libs/25.3@std/man/man3/MCE::Grep.0
Installing /Users/ether/.perlbrew/libs/25.3@std/man/man3/MCE::Loop.0
Installing /Users/ether/.perlbrew/libs/25.3@std/man/man3/MCE::Map.0
Installing /Users/ether/.perlbrew/libs/25.3@std/man/man3/MCE::Mutex.0
Installing /Users/ether/.perlbrew/libs/25.3@std/man/man3/MCE::Queue.0
Installing /Users/ether/.perlbrew/libs/25.3@std/man/man3/MCE::Relay.0
Installing /Users/ether/.perlbrew/libs/25.3@std/man/man3/MCE::Signal.0
Installing /Users/ether/.perlbrew/libs/25.3@std/man/man3/MCE::Step.0
Installing /Users/ether/.perlbrew/libs/25.3@std/man/man3/MCE::Stream.0
Installing /Users/ether/.perlbrew/libs/25.3@std/man/man3/MCE::Subs.0
Installing /Users/ether/.perlbrew/libs/25.3@std/man/man3/MCE::Util.0
Appending installation info to /Users/ether/.perlbrew/libs/25.3@std/lib/perl5/darwin-2level/perllocal.pod
-> OK
Successfully installed MCE-1.804
Installing /Users/ether/.perlbrew/libs/25.3@std/lib/perl5/darwin-2level/.meta/MCE-1.804/MYMETA.json
Installing /Users/ether/.perlbrew/libs/25.3@std/lib/perl5/darwin-2level/.meta/MCE-1.804/install.json
Building and testing Test-Perl-Critic-1.03
Building Test-Perl-Critic
t/01_api.t ...... ok
t/00_compile.t .. ok
All tests successful.
Files=2, Tests=7,  1 wallclock secs ( 0.03 usr  0.01 sys +  1.35 cusr  0.22 csys =  1.61 CPU)
Result: PASS
Building Test-Perl-Critic
Installing /Users/ether/.perlbrew/libs/25.3@std/lib/perl5/Test/Perl/Critic.pm
-> OK
Successfully installed Test-Perl-Critic-1.03
Installing /Users/ether/.perlbrew/libs/25.3@std/lib/perl5/darwin-2level/.meta/Test-Perl-Critic-1.03/MYMETA.json
Installing /Users/ether/.perlbrew/libs/25.3@std/lib/perl5/darwin-2level/.meta/Test-Perl-Critic-1.03/install.json
Building and testing Dist-Zilla-Plugin-Test-Perl-Critic-3.000
Building Dist-Zilla-Plugin-Test-Perl-Critic
# 
# 
# Generated by Dist::Zilla::Plugin::ReportVersions::Tiny v1.10
# perl: 5.025003 (wanted 5.008) on darwin from /Users/ether/perl5/perlbrew/perls/25.3/bin/perl5.25.3
# 
# Data::Section                                 => 0.200006   (want 0.004)  
# Dist::Zilla::File::InMemory                   => 6.007      (want any version)
# Dist::Zilla::Role::FileGatherer               => 6.007      (want any version)
# Dist::Zilla::Role::TextTemplate               => 6.007      (want any version)
# File::Path                                    => 2.1201     (want any version)
# File::Spec                                    => 3.64       (want any version)
# IO::Handle                                    => 1.36       (want any version)
# IPC::Open3                                    => 1.20       (want any version)
# Module::Build                                 => 0.4218     (want 0.28)   
# Moose                                         => 2.1804     (want any version)
# Moose::Util                                   => 2.1804     (want any version)
# Test::DZil                                    => 6.007      (want any version)
# Test::More                                    => 1.302047   (want 0.94)   
# Test::Perl::Critic                            => 1.03       (want any version)
# autodie                                       => 2.29       (want any version)
# namespace::autoclean                          => 0.28       (want any version)
# strict                                        => 1.11       (want any version)
# warnings                                      => 1.37       (want any version)
# 
# Thanks for using my code.  I hope it works for you.
# If not, please try and include this output in the bug report.
# That will help me reproduce the issue and solve your problem.
# 
t/release-pod-coverage.t ...... skipped: these tests are for release candidate testing
t/00-compile.t ................ ok
t/release-pod-syntax.t ........ skipped: these tests are for release candidate testing
t/manifest.t .................. ok
t/000-report-versions-tiny.t .. ok
All tests successful.
Files=5, Tests=7,  1 wallclock secs ( 0.02 usr  0.01 sys +  3.26 cusr  0.31 csys =  3.60 CPU)
Result: PASS
Building Dist-Zilla-Plugin-Test-Perl-Critic
Installing /Users/ether/.perlbrew/libs/25.3@std/lib/perl5/Dist/Zilla/Plugin/CriticTests.pm
Installing /Users/ether/.perlbrew/libs/25.3@std/lib/perl5/Dist/Zilla/Plugin/Test/Perl/Critic.pm
-> OK
Successfully installed Dist-Zilla-Plugin-Test-Perl-Critic-3.000
Installing /Users/ether/.perlbrew/libs/25.3@std/lib/perl5/darwin-2level/.meta/Dist-Zilla-Plugin-Test-Perl-Critic-3.000/MYMETA.json
Installing /Users/ether/.perlbrew/libs/25.3@std/lib/perl5/darwin-2level/.meta/Dist-Zilla-Plugin-Test-Perl-Critic-3.000/install.json
Searching Mouse on mirror http://mirrors.gossamer-threads.com/CPAN ...
--> Working on Mouse
Fetching http://mirrors.gossamer-threads.com/CPAN/authors/id/S/SY/SYOHEX/Mouse-v2.4.5.tar.gz
-> OK
Unpacking Mouse-v2.4.5.tar.gz
Entering Mouse-v2.4.5
Checking configure dependencies from META.json
Checking if you have Module::Build 0.4005 ... Yes (0.4218)
Checking if you have Module::Build::XSUtil 0 ... No
Checking if you have Devel::PPPort 3.22 ... Yes (3.35)
Checking if you have ExtUtils::ParseXS 3.22 ... Yes (3.33)
Checking if you have ExtUtils::Install 1.46 ... Yes (2.04)
==> Found dependencies: Module::Build::XSUtil
Searching Module::Build::XSUtil on mirror http://mirrors.gossamer-threads.com/CPAN ...
--> Working on Module::Build::XSUtil
Fetching http://mirrors.gossamer-threads.com/CPAN/authors/id/H/HI/HIDEAKIO/Module-Build-XSUtil-0.16.tar.gz
-> OK
Unpacking Module-Build-XSUtil-0.16.tar.gz
Entering Module-Build-XSUtil-0.16
Checking configure dependencies from META.json
Checking if you have Module::Build 0.4005 ... Yes (0.4218)
Checking if you have ExtUtils::Install 1.46 ... Yes (2.04)
Configuring Module-Build-XSUtil-0.16
Running Build.PL
Created MYMETA.yml and MYMETA.json
Creating new 'Build' script for 'Module-Build-XSUtil' version '0.16'
cp META.json MYMETA.json
cp META.yml MYMETA.yml
-> OK
Checking dependencies from MYMETA.json ...
Checking if you have ExtUtils::CBuilder 0 ... Yes (0.280225)
Checking if you have Test::More 0.98 ... Yes (1.302047)
Checking if you have Cwd::Guard 0 ... No
Checking if you have Devel::CheckCompiler 0 ... No
Checking if you have Exporter 0 ... Yes (5.72)
Checking if you have Devel::PPPort 0 ... Yes (3.35)
Checking if you have File::Copy::Recursive 0 ... Yes (0.38)
Checking if you have parent 0 ... Yes (0.234)
Checking if you have File::Path 0 ... Yes (2.12_01)
Checking if you have Capture::Tiny 0 ... Yes (0.44)
Checking if you have XSLoader 0 ... Yes (0.22)
Checking if you have File::Spec::Functions 0 ... Yes (3.64)
Checking if you have File::Basename 0 ... Yes (2.85)
Checking if you have File::Temp 0 ... Yes (0.2304)
==> Found dependencies: Cwd::Guard, Devel::CheckCompiler
Searching Cwd::Guard on mirror http://mirrors.gossamer-threads.com/CPAN ...
--> Working on Cwd::Guard
Fetching http://mirrors.gossamer-threads.com/CPAN/authors/id/K/KA/KAZEBURO/Cwd-Guard-0.05.tar.gz
-> OK
Unpacking Cwd-Guard-0.05.tar.gz
Entering Cwd-Guard-0.05
Checking configure dependencies from META.json
Checking if you have Module::Build 0.38 ... Yes (0.4218)
Checking if you have ExtUtils::Install 1.46 ... Yes (2.04)
Configuring Cwd-Guard-0.05
Running Build.PL
Created MYMETA.yml and MYMETA.json
Creating new 'Build' script for 'Cwd-Guard' version '0.05'
cp META.json MYMETA.json
cp META.yml MYMETA.yml
-> OK
Checking dependencies from MYMETA.json ...
Checking if you have Test::More 0 ... Yes (1.302047)
Checking if you have if 0 ... Yes (0.0606)
Checking if you have Cwd 0 ... Yes (3.64)
Checking if you have Exporter 0 ... Yes (5.72)
Checking if you have parent 0 ... Yes (0.234)
Checking if you have Test::Requires 0 ... Yes (0.10)
Building and testing Cwd-Guard-0.05
Building Cwd-Guard
t/00_compile.t .. ok
t/01_basic.t .... ok
t/02_renamed.t .. skipped: Test requires module 'File::Spec::Link' but it's not found
All tests successful.
Files=3, Tests=6,  0 wallclock secs ( 0.03 usr  0.01 sys +  0.20 cusr  0.04 csys =  0.28 CPU)
Result: PASS
Building Cwd-Guard
Installing /Users/ether/.perlbrew/libs/25.3@std/lib/perl5/Cwd/Guard.pm
-> OK
Successfully installed Cwd-Guard-0.05
Installing /Users/ether/.perlbrew/libs/25.3@std/lib/perl5/darwin-2level/.meta/Cwd-Guard-0.05/MYMETA.json
Installing /Users/ether/.perlbrew/libs/25.3@std/lib/perl5/darwin-2level/.meta/Cwd-Guard-0.05/install.json
Searching Devel::CheckCompiler on mirror http://mirrors.gossamer-threads.com/CPAN ...
--> Working on Devel::CheckCompiler
Fetching http://mirrors.gossamer-threads.com/CPAN/authors/id/S/SY/SYOHEX/Devel-CheckCompiler-0.06.tar.gz
-> OK
Unpacking Devel-CheckCompiler-0.06.tar.gz
Entering Devel-CheckCompiler-0.06
Checking configure dependencies from META.json
Checking if you have ExtUtils::Install 1.46 ... Yes (2.04)
Checking if you have Module::Build 0.38 ... Yes (0.4218)
Configuring Devel-CheckCompiler-0.06
Running Build.PL
Created MYMETA.yml and MYMETA.json
Creating new 'Build' script for 'Devel-CheckCompiler' version '0.06'
cp META.json MYMETA.json
cp META.yml MYMETA.yml
-> OK
Checking dependencies from MYMETA.json ...
Checking if you have File::Temp 0 ... Yes (0.2304)
Checking if you have parent 0 ... Yes (0.234)
Checking if you have Test::Requires 0 ... Yes (0.10)
Checking if you have Exporter 0 ... Yes (5.72)
Checking if you have Test::More 0.98 ... Yes (1.302047)
Checking if you have ExtUtils::CBuilder 0 ... Yes (0.280225)
Building and testing Devel-CheckCompiler-0.06
Building Devel-CheckCompiler
t/00_compile.t ......... ok
Your system is not support C99(OS unsupported)
t/check_c99.t .......... ok
t/assert-c99.t ......... ok
Your system is not support C99(OS unsupported)
t/check_c99_or_exit.t .. ok
t/executable.t ......... ok
All tests successful.
Files=5, Tests=10,  1 wallclock secs ( 0.03 usr  0.01 sys +  0.83 cusr  0.12 csys =  0.99 CPU)
Result: PASS
Building Devel-CheckCompiler
Installing /Users/ether/.perlbrew/libs/25.3@std/lib/perl5/Devel/AssertC99.pm
Installing /Users/ether/.perlbrew/libs/25.3@std/lib/perl5/Devel/CheckCompiler.pm
-> OK
Successfully installed Devel-CheckCompiler-0.06
Installing /Users/ether/.perlbrew/libs/25.3@std/lib/perl5/darwin-2level/.meta/Devel-CheckCompiler-0.06/MYMETA.json
Installing /Users/ether/.perlbrew/libs/25.3@std/lib/perl5/darwin-2level/.meta/Devel-CheckCompiler-0.06/install.json
Building and testing Module-Build-XSUtil-0.16
Building Module-Build-XSUtil
t/01_build.t .... skipped: Will be fixed.
t/00_compile.t .. ok
All tests successful.
Files=2, Tests=1,  1 wallclock secs ( 0.02 usr  0.01 sys +  0.17 cusr  0.03 csys =  0.23 CPU)
Result: PASS
Building Module-Build-XSUtil
Installing /Users/ether/.perlbrew/libs/25.3@std/lib/perl5/Module/Build/XSUtil.pm
-> OK
Successfully installed Module-Build-XSUtil-0.16
Installing /Users/ether/.perlbrew/libs/25.3@std/lib/perl5/darwin-2level/.meta/Module-Build-XSUtil-0.16/MYMETA.json
Installing /Users/ether/.perlbrew/libs/25.3@std/lib/perl5/darwin-2level/.meta/Module-Build-XSUtil-0.16/install.json
Configuring Mouse-v2.4.5
Running Build.PL
Created MYMETA.yml and MYMETA.json
Creating new 'Build' script for 'Mouse' version 'v2.4.5'
cp META.json MYMETA.json
cp META.yml MYMETA.yml
-> OK
Checking dependencies from MYMETA.json ...
Checking if you have Test::More 0.88 ... Yes (1.302047)
Checking if you have Test::Fatal 0 ... Yes (0.014)
Checking if you have Try::Tiny 0 ... Yes (0.24)
Checking if you have Test::Output 0 ... Yes (1.03)
Checking if you have Test::LeakTrace 0 ... Yes (0.15)
Checking if you have XSLoader 0.02 ... Yes (0.22)
Checking if you have Scalar::Util 1.14 ... Yes (1.45_01)
Checking if you have Test::Exception 0 ... Yes (0.43)
Checking if you have Test::Requires 0 ... Yes (0.10)
Building and testing Mouse-v2.4.5
Building Mouse
Generate Mouse::Tiny ...
done.
xs-src/MouseAccessor.xs => xs-src/MouseAccessor.c
xs-src/MouseAttribute.xs => xs-src/MouseAttribute.c
xs-src/MouseTypeConstraints.xs => xs-src/MouseTypeConstraints.c
xs-src/MouseUtil.xs => xs-src/MouseUtil.c
cc -I. -Ixs-src -I/Users/ether/perl5/perlbrew/perls/25.3/lib/5.25.3/darwin-2level/CORE -Wall -W -Wno-comment -c -fno-common -DPERL_DARWIN -fno-strict-aliasing -pipe -fstack-protector -I/opt/local/include -O3 -o xs-src/MouseAccessor.o xs-src/MouseAccessor.c
In file included from xs-src/MouseAccessor.xs:1:
./mouse.h:110:60: warning: unused parameter 'vtbl' [-Wunused-parameter]
static inline MAGIC *MOUSE_get_magic(pTHX_ CV *cv, MGVTBL *vtbl)
                                                           ^
1 warning generated.
cc -I. -Ixs-src -I/Users/ether/perl5/perlbrew/perls/25.3/lib/5.25.3/darwin-2level/CORE -Wall -W -Wno-comment -c -fno-common -DPERL_DARWIN -fno-strict-aliasing -pipe -fstack-protector -I/opt/local/include -O3 -o xs-src/MouseAttribute.o xs-src/MouseAttribute.c
In file included from xs-src/MouseAttribute.xs:1:
./mouse.h:110:60: warning: unused parameter 'vtbl' [-Wunused-parameter]
static inline MAGIC *MOUSE_get_magic(pTHX_ CV *cv, MGVTBL *vtbl)
                                                           ^
1 warning generated.
cc -I. -Ixs-src -I/Users/ether/perl5/perlbrew/perls/25.3/lib/5.25.3/darwin-2level/CORE -Wall -W -Wno-comment -c -fno-common -DPERL_DARWIN -fno-strict-aliasing -pipe -fstack-protector -I/opt/local/include -O3 -o xs-src/MouseTypeConstraints.o xs-src/MouseTypeConstraints.c
In file included from xs-src/MouseTypeConstraints.xs:7:
./mouse.h:110:60: warning: unused parameter 'vtbl' [-Wunused-parameter]
static inline MAGIC *MOUSE_get_magic(pTHX_ CV *cv, MGVTBL *vtbl)
                                                           ^
1 warning generated.
cc -I. -Ixs-src -I/Users/ether/perl5/perlbrew/perls/25.3/lib/5.25.3/darwin-2level/CORE -Wall -W -Wno-comment -c -fno-common -DPERL_DARWIN -fno-strict-aliasing -pipe -fstack-protector -I/opt/local/include -O3 -o xs-src/MouseUtil.o xs-src/MouseUtil.c
In file included from xs-src/MouseUtil.xs:1:
./mouse.h:110:60: warning: unused parameter 'vtbl' [-Wunused-parameter]
static inline MAGIC *MOUSE_get_magic(pTHX_ CV *cv, MGVTBL *vtbl)
                                                           ^
1 warning generated.
cc -I. -Ixs-src -I/Users/ether/perl5/perlbrew/perls/25.3/lib/5.25.3/darwin-2level/CORE -DVERSION="v2.4.5" -DXS_VERSION="v2.4.5" -Wall -W -Wno-comment -c -fno-common -DPERL_DARWIN -fno-strict-aliasing -pipe -fstack-protector -I/opt/local/include -O3 -o lib/Mouse.o lib/Mouse.c
In file included from lib/Mouse.xs:2:
./mouse.h:110:60: warning: unused parameter 'vtbl' [-Wunused-parameter]
static inline MAGIC *MOUSE_get_magic(pTHX_ CV *cv, MGVTBL *vtbl)
                                                           ^
1 warning generated.
ExtUtils::Mkbootstrap::Mkbootstrap('blib/arch/auto/Mouse/Mouse.bs')
env MACOSX_DEPLOYMENT_TARGET=10.3 cc -bundle -undefined dynamic_lookup -L/opt/local/lib -fstack-protector -o blib/arch/auto/Mouse/Mouse.bundle lib/Mouse.o xs-src/MouseAccessor.o xs-src/MouseAttribute.o xs-src/MouseTypeConstraints.o xs-src/MouseUtil.o
xs tests.
Generate Mouse::Tiny ...
done.
xs-src/MouseAccessor.xs => xs-src/MouseAccessor.c
xs-src/MouseAttribute.xs => xs-src/MouseAttribute.c
xs-src/MouseTypeConstraints.xs => xs-src/MouseTypeConstraints.c
xs-src/MouseUtil.xs => xs-src/MouseUtil.c
cc -I. -Ixs-src -I/Users/ether/perl5/perlbrew/perls/25.3/lib/5.25.3/darwin-2level/CORE -Wall -W -Wno-comment -c -fno-common -DPERL_DARWIN -fno-strict-aliasing -pipe -fstack-protector -I/opt/local/include -O3 -o xs-src/MouseAccessor.o xs-src/MouseAccessor.c
In file included from xs-src/MouseAccessor.xs:1:
./mouse.h:110:60: warning: unused parameter 'vtbl' [-Wunused-parameter]
static inline MAGIC *MOUSE_get_magic(pTHX_ CV *cv, MGVTBL *vtbl)
                                                           ^
1 warning generated.
cc -I. -Ixs-src -I/Users/ether/perl5/perlbrew/perls/25.3/lib/5.25.3/darwin-2level/CORE -Wall -W -Wno-comment -c -fno-common -DPERL_DARWIN -fno-strict-aliasing -pipe -fstack-protector -I/opt/local/include -O3 -o xs-src/MouseAttribute.o xs-src/MouseAttribute.c
In file included from xs-src/MouseAttribute.xs:1:
./mouse.h:110:60: warning: unused parameter 'vtbl' [-Wunused-parameter]
static inline MAGIC *MOUSE_get_magic(pTHX_ CV *cv, MGVTBL *vtbl)
                                                           ^
1 warning generated.
cc -I. -Ixs-src -I/Users/ether/perl5/perlbrew/perls/25.3/lib/5.25.3/darwin-2level/CORE -Wall -W -Wno-comment -c -fno-common -DPERL_DARWIN -fno-strict-aliasing -pipe -fstack-protector -I/opt/local/include -O3 -o xs-src/MouseTypeConstraints.o xs-src/MouseTypeConstraints.c
In file included from xs-src/MouseTypeConstraints.xs:7:
./mouse.h:110:60: warning: unused parameter 'vtbl' [-Wunused-parameter]
static inline MAGIC *MOUSE_get_magic(pTHX_ CV *cv, MGVTBL *vtbl)
                                                           ^
1 warning generated.
cc -I. -Ixs-src -I/Users/ether/perl5/perlbrew/perls/25.3/lib/5.25.3/darwin-2level/CORE -Wall -W -Wno-comment -c -fno-common -DPERL_DARWIN -fno-strict-aliasing -pipe -fstack-protector -I/opt/local/include -O3 -o xs-src/MouseUtil.o xs-src/MouseUtil.c
In file included from xs-src/MouseUtil.xs:1:
./mouse.h:110:60: warning: unused parameter 'vtbl' [-Wunused-parameter]
static inline MAGIC *MOUSE_get_magic(pTHX_ CV *cv, MGVTBL *vtbl)
                                                           ^
1 warning generated.
env MACOSX_DEPLOYMENT_TARGET=10.3 cc -bundle -undefined dynamic_lookup -L/opt/local/lib -fstack-protector -o blib/arch/auto/Mouse/Mouse.bundle lib/Mouse.o xs-src/MouseAccessor.o xs-src/MouseAttribute.o xs-src/MouseTypeConstraints.o xs-src/MouseUtil.o
# Testing Mouse/v2.4.5 (XS)
# XS state: true
# ENV<PERL_ONLY>: false
# 
# Soft dependency versions:
#     Class::MOP: 2.1804
#     Moose: 2.1804
t/000-load.t ................................................... ok
t/000_recipes/002_schwartz_tutorial.t .......................... ok
t/000_recipes/basics-recipe10.t ................................ ok
t/000_recipes/moose_cookbook_basics_recipe2.t .................. ok
t/000_recipes/moose_cookbook_basics_recipe1.t .................. ok
t/000_recipes/moose_cookbook_basics_recipe3.t .................. ok
# HTTP::Headers, Params::Coerce & URI required for this test
t/000_recipes/moose_cookbook_basics_recipe5.t .................. ok
t/000_recipes/moose_cookbook_basics_recipe6.t .................. ok
t/000_recipes/moose_cookbook_extending_recipe3.t ............... ok
t/000_recipes/moose_cookbook_meta_recipe2.t .................... ok
t/000_recipes/moose_cookbook_meta_recipe3.t .................... ok
t/000_recipes/moose_cookbook_roles_recipe1.t ................... ok
t/000_recipes/moose_cookbook_roles_recipe2.t ................... ok
t/000_recipes/moose_cookbook_roles_recipe3.t ................... ok
t/001_mouse/001-strict-and-warnings.t .......................... ok
t/000_recipes/moose_cookbook_basics_recipe4.t .................. skipped: Regexp::Common & Locale::US required for this test
t/001_mouse/002-subclass.t ..................................... ok
t/001_mouse/006-unimport.t ..................................... ok
t/001_mouse/008-default.t ...................................... ok
t/001_mouse/010-required.t ..................................... ok
t/001_mouse/007-attributes.t ................................... ok
t/001_mouse/011-lazy.t ......................................... ok
t/001_mouse/013-predicate-and-clearer.t ........................ ok
t/001_mouse/014-build.t ........................................ ok
t/001_mouse/015-demolish.t ..................................... ok
t/001_mouse/016-trigger.t ...................................... ok
t/001_mouse/017-default-reference.t ............................ ok
t/001_mouse/018-multiattr-has.t ................................ ok
t/001_mouse/019-handles.t ...................................... ok
t/001_mouse/020-load-class.t ................................... ok
t/001_mouse/021-weak-ref.t ..................................... ok
t/001_mouse/022-init-arg.t ..................................... ok
t/001_mouse/023-builder.t ...................................... ok
t/001_mouse/025-more-isa.t ..................................... ok
t/001_mouse/026-auto-deref.t ................................... ok
t/001_mouse/027-modifiers.t .................................... ok
t/001_mouse/028-subclass-attr.t ................................ ok
t/001_mouse/029-new.t .......................................... ok
t/001_mouse/030-has-plus.t ..................................... ok
t/001_mouse/031-clone.t ........................................ ok
t/001_mouse/032-buildargs.t .................................... ok
t/001_mouse/033-requires.t ..................................... ok
t/001_mouse/034-apply_all_roles.t .............................. ok
t/001_mouse/035-apply-roles-to-roles.t ......................... ok
t/001_mouse/036-with-method-alias.t ............................ ok
t/001_mouse/037-dont-load-test-exception.t ..................... ok
t/001_mouse/039-subtype.t ...................................... ok
t/001_mouse/041-enum.t ......................................... ok
t/001_mouse/040-existing-subclass.t ............................ ok
t/001_mouse/042-override.t ..................................... ok
t/001_mouse/024-isa.t .......................................... ok
# derived from parameterized types #1
# derived from parameterized types #2
t/001_mouse/043-parameterized-type.t ........................... ok
t/001_mouse/044-attribute-metaclass.t .......................... ok
t/001_mouse/045-import-into_level.t ............................ ok
t/001_mouse/046-meta-add_attribute.t ........................... ok
t/001_mouse/047-attribute-metaclass-role.t ..................... ok
t/001_mouse/049-coercion-application-order.t ................... ok
t/001_mouse/050-inherited-immutable-constructor-bug.t .......... ok
t/001_mouse/052-undefined-type-in-union.t ...................... skipped: suspending
t/001_mouse/051_throw_error.t .................................. ok
t/001_mouse/053-extends-meta.t ................................. ok
t/001_mouse/055-exporter.t ..................................... ok
t/001_mouse/054-anon-leak.t .................................... ok
t/001_mouse/056-role-combine.t ................................. ok
t/001_mouse/057_subtype_without_where.t ........................ ok
t/001_mouse/060-threads.t ...................................... skipped: FIXME
t/001_mouse/058-accessor-leaks.t ............................... ok
t/001_mouse/059-weak-with-default.t ............................ ok
t/001_mouse/062-duck_type.t .................................... ok
t/001_mouse/061-metaclass-compatibility.t ...................... ok
t/001_mouse/063-meta-of-metaclasses.t .......................... ok
t/001_mouse/064-class-c3.t ..................................... ok
t/001_mouse/065-attr-mop.t ..................................... ok
t/001_mouse/066-magic.t ........................................ ok
t/001_mouse/067-traits.t ....................................... ok
t/001_mouse/069-add-modifier.t ................................. ok
t/001_mouse/068-strict-constructor.t ........................... ok
t/001_mouse/070-inherit-role-attr.t ............................ ok
t/001_mouse/071_tc_dualvar.t ................................... ok
t/001_mouse/072_tc_extra_args.t ................................ ok
t/001_mouse/073_errsv.t ........................................ ok
t/001_mouse/074_default_errsv.t ................................ ok
t/001_mouse/100-meta-class.t ................................... ok
t/001_mouse/101-meta-attribute.t ............................... ok
t/001_mouse/102-attr-default-with-instance.t ................... ok
t/001_mouse/103-attr-default-with-instance-leak.t .............. ok
t/001_mouse/301-bugs-non-mouse.t ............................... ok
t/001_mouse/400-define-role.t .................................. ok
t/001_mouse/401-meta-role.t .................................... ok
t/001_mouse/402-attribute-application.t ........................ ok
t/001_mouse/404-role-overrides.t ............................... ok
t/001_mouse/403-method-modifiers.t ............................. ok
t/001_mouse/600-tiny-tiny.t .................................... ok
t/001_mouse/601-tiny-mouse.t ................................... ok
t/001_mouse/602-mouse-tiny.t ................................... ok
t/001_mouse/801-coerce.t ....................................... ok
t/001_mouse/603-mouse-pureperl.t ............................... ok
t/001_mouse/802-coerce_multi_class.t ........................... ok
t/001_mouse/805-class_type.t ................................... ok
t/001_mouse/804-immutable-demolish.t ........................... ok
t/001_mouse/806-role_type.t .................................... ok
t/001_mouse/807-multi-roles.t .................................. ok
t/001_mouse/809-overwrite-builtin-subtype.t .................... ok
t/001_mouse/808-create_class.t ................................. ok
t/001_mouse/810-isa-or.t ....................................... ok
t/001_mouse/811-util-linear-isa.t .............................. ok
t/001_mouse/812-role-compatibility.t ........................... ok
t/001_mouse/813-compatibility-get_method_list.t ................ ok
t/001_mouse/814-subtype-as.t ................................... ok
t/001_mouse/900-version-strings.t .............................. ok
t/010_basics/001_basic_class_setup.t ........................... ok
t/010_basics/002_require_superclasses.t ........................ ok
t/010_basics/003_super_and_override.t .......................... ok
t/010_basics/005_override_augment_inner_super.t ................ ok
t/010_basics/004_inner_and_augment.t ........................... ok
t/010_basics/006_override_and_foreign_classes.t ................ ok
t/010_basics/007_always_strict_warnings.t ...................... ok
t/010_basics/008_wrapped_method_cxt_propagation.t .............. ok
t/010_basics/009_import_unimport.t ............................. ok
t/010_basics/010_method_modifier_with_regexp.t ................. ok
t/010_basics/011_moose_respects_type_constraints.t ............. ok
t/010_basics/013_create.t ...................................... ok
t/010_basics/014_create_anon.t ................................. ok
t/010_basics/015_buildargs.t ................................... ok
t/010_basics/017_error_handling.t .............................. ok
t/010_basics/018_methods.t ..................................... ok
t/010_basics/019-destruction.t ................................. ok
t/020_attributes/001_attribute_reader_generation.t ............. ok
t/010_basics/020-global-destruction.t .......................... ok
t/020_attributes/002_attribute_writer_generation.t ............. ok
t/020_attributes/003_attribute_accessor_generation.t ........... ok
t/020_attributes/004_attribute_triggers.t ...................... ok
t/020_attributes/005_attribute_does.t .......................... ok
t/020_attributes/006_attribute_required.t ...................... ok
t/020_attributes/007_attribute_custom_metaclass.t .............. ok
t/020_attributes/008_attribute_type_unions.t ................... ok
t/020_attributes/009_attribute_inherited_slot_specs.t .......... ok
t/020_attributes/011_more_attr_delegation.t .................... ok
t/020_attributes/012_misc_attribute_tests.t .................... ok
t/020_attributes/013_attr_dereference_test.t ................... ok
t/020_attributes/014_misc_attribute_coerce_lazy.t .............. ok
t/020_attributes/015_attribute_traits.t ........................ ok
t/020_attributes/016_attribute_traits_registered.t ............. ok
t/020_attributes/017_attribute_traits_n_meta.t ................. ok
t/020_attributes/018_no_init_arg.t ............................. ok
t/020_attributes/020_trigger_and_coerce.t ...................... ok
t/020_attributes/022_illegal_options_for_inheritance.t ......... ok
t/020_attributes/024_attribute_traits_parameterized.t .......... ok
t/020_attributes/026_attribute_without_any_methods.t ........... ok
t/020_attributes/025_chained_coercion.t ........................ ok
t/020_attributes/029_accessor_context.t ........................ ok
t/020_attributes/027_accessor_override_method.t ................ ok
t/020_attributes/030_non_alpha_attr_names.t .................... ok
t/020_attributes/032_delegation_arg_aliasing.t ................. ok
t/020_attributes/031_delegation_and_modifiers.t ................ ok
t/020_attributes/034_numeric_defaults.t ........................ ok
t/020_attributes/035_default_undef.t ........................... ok
t/020_attributes/036_clone_weak.t .............................. ok
t/030_roles/001_meta_role.t .................................... ok
t/030_roles/002_role.t ......................................... ok
t/030_roles/003_apply_role.t ................................... ok
t/030_roles/004_role_composition_errors.t ...................... ok
t/030_roles/005_role_conflict_detection.t ...................... ok
t/030_roles/008_role_conflict_edge_cases.t ..................... ok
t/030_roles/009_more_role_edge_cases.t ......................... ok
t/030_roles/010_run_time_role_composition.t .................... ok
t/030_roles/013_method_aliasing_in_composition.t ............... ok
t/030_roles/014_more_alias_and_exclude.t ....................... ok
t/030_roles/015_runtime_roles_and_attrs.t ...................... ok
t/030_roles/016_runtime_roles_and_nonmoose.t ................... ok
t/030_roles/017_extending_role_attrs.t ......................... ok
t/030_roles/018_runtime_roles_w_params.t ....................... ok
t/030_roles/020_role_composite.t ............................... ok
t/030_roles/031_roles_applied_in_create.t ...................... ok
t/030_roles/033_role_exclusion_and_alias_bug.t ................. ok
t/030_roles/019_build.t ........................................ ok
t/030_roles/034_create_role.t .................................. ok
t/030_roles/035_anonymous_roles.t .............................. ok
t/030_roles/036_free_anonymous_roles.t ......................... ok
t/030_roles/037_create_role_subclass.t ......................... ok
t/030_roles/041_empty_method_modifiers_meta_bug.t .............. ok
t/030_roles/042_compose_overloading.t .......................... ok
Due to a method name conflict in roles 'Role::Foo1' and 'Role::Foo2', the behavior of method 'foo' might be incompatible with Moose, check out BarSub at /Users/ether/.cpanm/work/1470859735.82114/Mouse-v2.4.5/blib/lib/Mouse/Meta/Role/Composite.pm line 162.
	Mouse::Meta::Role::Application::RoleSummation::apply_methods(Mouse::Meta::Role::Application::RoleSummation=HASH(0x7fab3b507af8), Mouse::Meta::Role::Composite=HASH(0x7fab3b4ab898), Mouse::Meta::Class=HASH(0x7fab3b4abe08)) called at /Users/ether/.cpanm/work/1470859735.82114/Mouse-v2.4.5/blib/lib/Mouse/Meta/Role/Application.pm line 72
	Mouse::Meta::Role::Application::apply(Mouse::Meta::Role::Application::RoleSummation=HASH(0x7fab3b507af8), Mouse::Meta::Role::Composite=HASH(0x7fab3b4ab898), Mouse::Meta::Class=HASH(0x7fab3b4abe08)) called at /Users/ether/.cpanm/work/1470859735.82114/Mouse-v2.4.5/blib/lib/Mouse/Meta/Role/Composite.pm line 107
	Mouse::Meta::Role::Composite::apply(Mouse::Meta::Role::Composite=HASH(0x7fab3b4ab898), Mouse::Meta::Class=HASH(0x7fab3b4abe08)) called at /Users/ether/.cpanm/work/1470859735.82114/Mouse-v2.4.5/blib/lib/Mouse/Util.pm line 336
	Mouse::Util::apply_all_roles("BarSub", "Role::Foo1", "Role::Foo2") called at /Users/ether/.cpanm/work/1470859735.82114/Mouse-v2.4.5/blib/lib/Mouse.pm line 40
	Mouse::with("Role::Foo1", "Role::Foo2") called at t/030_roles/role_conflict_and_inheritance.t line 21
t/030_roles/role_conflict_and_inheritance.t .................... ok
t/040_type_constraints/002_util_type_constraints_export.t ...... ok
t/040_type_constraints/005_util_type_coercion.t ................ ok
t/040_type_constraints/004_util_find_type_constraint.t ......... ok
t/040_type_constraints/003_util_std_type_constraints.t ......... ok
t/040_type_constraints/006_util_type_reloading.t ............... ok
t/040_type_constraints/007_util_more_type_coercion.t ........... ok
t/040_type_constraints/010_misc_type_tests.t ................... ok
t/040_type_constraints/009_union_types_and_coercions.t ......... ok
t/040_type_constraints/011_container_type_constraint.t ......... ok
t/040_type_constraints/015_enum.t .............................. ok
t/040_type_constraints/016_subtyping_parameterized_types.t ..... ok
t/040_type_constraints/017_subtyping_union_types.t ............. ok
t/040_type_constraints/018_custom_parameterized_types.t ........ ok
t/040_type_constraints/021_maybe_type_constraint.t ............. ok
t/040_type_constraints/022_custom_type_errors.t ................ ok
t/040_type_constraints/023_types_and_undef.t ................... ok
t/040_type_constraints/025_type_coersion_on_lazy_attributes.t .. ok
t/040_type_constraints/027_parameterize_from.t ................. ok
t/040_type_constraints/029_define_type_twice_throws.t .......... ok
t/040_type_constraints/031_subtype_auto_vivify_parent.t ........ ok
t/040_type_constraints/032_throw_error.t ....................... ok
t/040_type_constraints/034_duck_types.t ........................ ok
t/050_metaclasses/001_custom_attr_meta_with_roles.t ............ ok
t/050_metaclasses/002_custom_attr_meta_as_role.t ............... ok
t/050_metaclasses/004_moose_for_meta.t ......................... ok
t/050_metaclasses/011_init_meta.t .............................. ok
t/050_metaclasses/013_metaclass_traits.t ....................... ok
t/050_metaclasses/017_use_base_of_moose.t ...................... ok
t/050_metaclasses/020_metaclass_parameterized_traits.t ......... ok
t/050_metaclasses/021_export_with_prototype.t .................. ok
t/050_metaclasses/041_mnmcim.t ................................. ok
t/050_metaclasses/041_moose_nonmoose_chain_init_meta.t ......... ok
t/050_metaclasses/052_new_object_BUILD.t ....................... ok
t/050_metaclasses/051_metarole_on_anon.t ....................... ok
t/050_metaclasses/053_immutable_metaclass_compat_bug.t ......... ok
t/050_metaclasses/054_metaclass_compat_no_fixing_bug.t ......... ok
t/100_bugs/001_subtype_quote_bug.t ............................. ok
t/100_bugs/002_subtype_conflict_bug.t .......................... ok
t/100_bugs/003_Moose_Object_error.t ............................ ok
t/100_bugs/003_Mouse_Object_error.t ............................ ok
t/100_bugs/004_subclass_use_base_bug.t ......................... ok
t/100_bugs/005_inline_reader_bug.t ............................. ok
t/100_bugs/007_reader_precedence_bug.t ......................... ok
t/100_bugs/009_augment_recursion_bug.t ......................... ok
t/100_bugs/010_immutable_n_default_x2.t ........................ ok
t/100_bugs/013_lazybuild_required_undef.t ...................... ok
t/100_bugs/012_DEMOLISH_eats_mini.t ............................ ok
t/100_bugs/016_inheriting_from_roles.t ......................... ok
t/100_bugs/011_DEMOLISH_eats_exceptions.t ...................... ok
t/100_bugs/017_type_constraint_messages.t ...................... ok
t/100_bugs/019_moose_octal_defaults.t .......................... ok
t/100_bugs/020_super_recursion.t ............................... ok
t/100_bugs/022_role_caller.t ................................... ok
t/100_bugs/025_universal_methods_wrappable.t ................... ok
t/100_bugs/026_create_anon_recursion.t ......................... ok
t/100_bugs/027_constructor_object_overload.t ................... ok
t/100_bugs/029_instance_application_role_args.t ................ ok
t/100_bugs/030_coerce_without_coercion.t ....................... ok
t/101_issues/016_Bool.t ........................................ ok
t/200_examples/001_example.t ................................... ok
t/200_examples/004_example_w_DCS.t ............................. skipped: Declare::Constraints::Simple is required for this test
t/200_examples/003_example.t ................................... ok
t/200_examples/0071_Child_Parent_attr_inherit_imm.t ............ ok
t/200_examples/007_Child_Parent_attr_inherit.t ................. ok
t/200_examples/005_example_w_TestDeep.t ........................ ok
t/200_examples/008_record_set_iterator.t ....................... ok
t/300_immutable/001_immutable_moose.t .......................... ok
t/300_immutable/002_apply_roles_to_immutable.t ................. ok
t/300_immutable/003_immutable_meta_class.t ..................... ok
t/300_immutable/004_inlined_constructors_n_types.t ............. ok
t/300_immutable/005_multiple_demolish_inline.t ................. ok
t/300_immutable/007_immutable_trigger_from_constructor.t ....... ok
t/300_immutable/008_immutable_constructor_error.t .............. ok
t/300_immutable/009_buildargs.t ................................ ok
t/300_immutable/012_default_values.t ........................... ok
t/300_immutable/014_immutable_metaclass_with_traits.t .......... ok
t/300_immutable/013_immutable_roundtrip.t ...................... ok
t/300_immutable/016_inline_fallbacks.t ......................... ok
t/300_immutable/101-immutable-default.t ........................ ok
t/400_mouse_util/001_moose_util.t .............................. ok
t/400_mouse_util/002_moose_util_does_role.t .................... ok
t/400_mouse_util/007_apply_roles.t ............................. ok
t/500_test_moose/001_test_moose.t .............................. ok
t/500_test_moose/002_test_moose_does_ok.t ...................... ok
t/500_test_moose/003_test_moose_has_attribute_ok.t ............. ok
t/500_test_moose/004_test_moose_meta_ok.t ...................... ok
t/800_with_external/002-externals.t ............................ skipped: for release testing
t/500_test_moose/005_with_immutable.t .......................... ok
t/810_with_moose/500_moose_extends_mouse.t ..................... skipped: [TODO] a Moose class cannot extends a Mouse class
t/810_with_moose/501_moose_coerce_mouse.t ...................... skipped: [TODO] a Mouse class cannot extends a Moose class
t/900_mouse_bugs/001_immutable_types.t ......................... ok
t/900_mouse_bugs/002_does_role_should_search_parent.t .......... ok
t/900_mouse_bugs/003_RT50421.t ................................. ok
t/810_with_moose/201-squirrel.t ................................ ok
t/800_with_external/001-pod-coverage-moose.t ................... ok
t/900_mouse_bugs/005_large_int.t ............................... ok
t/900_mouse_bugs/004_RT54203.t ................................. ok
t/810_with_moose/202-squirrel-role.t ........................... ok
t/900_mouse_bugs/006_RT69939.t ................................. ok
t/900_mouse_bugs/007_RT56523.t ................................. ok
t/900_mouse_bugs/008_RT56837.t ................................. ok
t/900_mouse_bugs/009_RT57144.t ................................. ok
t/900_mouse_bugs/011_RT61852.t ................................. ok
t/900_mouse_bugs/010_use_mouse_before_tb2.t .................... ok
t/900_mouse_bugs/012_RT61906.t ................................. ok
t/900_mouse_bugs/013_RT73592_tied_.t ........................... ok
t/900_mouse_bugs/014_autoload.t ................................ ok
t/900_mouse_bugs/015_issue7_memleak.t .......................... ok
t/900_mouse_bugs/017_issue29.t ................................. skipped: This is a test for threads ()
t/900_mouse_bugs/016_issue17_memleak.t ......................... ok
t/900_mouse_bugs/018_issue41.t ................................. ok
t/900_mouse_bugs/RT75093.t ..................................... ok
t/990_deprecated/001-export_to_level.t ......................... ok
All tests successful.

Test Summary Report
-------------------
t/040_type_constraints/018_custom_parameterized_types.t      (Wstat: 0 Tests: 28 Failed: 0)
  TODO passed:   13, 19-20, 22
Files=296, Tests=6113,  9 wallclock secs ( 2.01 usr  1.29 sys + 37.41 cusr  5.08 csys = 45.79 CPU)
Result: PASS
pp tests.
# Testing Mouse/v2.4.5 (Pure Perl)
# XS state: false
# ENV<PERL_ONLY>: true
# 
# Soft dependency versions:
#     Class::MOP: 2.1804
#     Moose: 2.1804
t/000-load.t ................................................... ok
t/000_recipes/002_schwartz_tutorial.t .......................... ok
t/000_recipes/basics-recipe10.t ................................ ok
t/000_recipes/moose_cookbook_basics_recipe2.t .................. ok
t/000_recipes/moose_cookbook_basics_recipe1.t .................. ok
# HTTP::Headers, Params::Coerce & URI required for this test
t/000_recipes/moose_cookbook_basics_recipe5.t .................. ok
t/000_recipes/moose_cookbook_basics_recipe3.t .................. ok
t/000_recipes/moose_cookbook_basics_recipe6.t .................. ok
t/000_recipes/moose_cookbook_extending_recipe3.t ............... ok
t/000_recipes/moose_cookbook_meta_recipe2.t .................... ok
t/000_recipes/moose_cookbook_basics_recipe4.t .................. skipped: Regexp::Common & Locale::US required for this test
t/000_recipes/moose_cookbook_meta_recipe3.t .................... ok
t/000_recipes/moose_cookbook_roles_recipe1.t ................... ok
t/000_recipes/moose_cookbook_roles_recipe2.t ................... ok
t/001_mouse/001-strict-and-warnings.t .......................... ok
t/000_recipes/moose_cookbook_roles_recipe3.t ................... ok
t/001_mouse/002-subclass.t ..................................... ok
t/001_mouse/006-unimport.t ..................................... ok
t/001_mouse/007-attributes.t ................................... ok
t/001_mouse/008-default.t ...................................... ok
t/001_mouse/010-required.t ..................................... ok
t/001_mouse/011-lazy.t ......................................... ok
t/001_mouse/013-predicate-and-clearer.t ........................ ok
t/001_mouse/014-build.t ........................................ ok
t/001_mouse/015-demolish.t ..................................... ok
t/001_mouse/016-trigger.t ...................................... ok
t/001_mouse/017-default-reference.t ............................ ok
t/001_mouse/018-multiattr-has.t ................................ ok
t/001_mouse/019-handles.t ...................................... ok
t/001_mouse/020-load-class.t ................................... ok
t/001_mouse/021-weak-ref.t ..................................... ok
t/001_mouse/022-init-arg.t ..................................... ok
t/001_mouse/023-builder.t ...................................... ok
t/001_mouse/026-auto-deref.t ................................... ok
t/001_mouse/025-more-isa.t ..................................... ok
t/001_mouse/027-modifiers.t .................................... ok
t/001_mouse/028-subclass-attr.t ................................ ok
t/001_mouse/029-new.t .......................................... ok
t/001_mouse/030-has-plus.t ..................................... ok
t/001_mouse/031-clone.t ........................................ ok
t/001_mouse/032-buildargs.t .................................... ok
t/001_mouse/033-requires.t ..................................... ok
t/001_mouse/034-apply_all_roles.t .............................. ok
t/001_mouse/035-apply-roles-to-roles.t ......................... ok
t/001_mouse/036-with-method-alias.t ............................ ok
t/001_mouse/037-dont-load-test-exception.t ..................... ok
t/001_mouse/039-subtype.t ...................................... ok
t/001_mouse/041-enum.t ......................................... ok
t/001_mouse/040-existing-subclass.t ............................ ok
t/001_mouse/042-override.t ..................................... ok
# derived from parameterized types #1
# derived from parameterized types #2
t/001_mouse/043-parameterized-type.t ........................... ok
t/001_mouse/024-isa.t .......................................... ok
t/001_mouse/045-import-into_level.t ............................ ok
t/001_mouse/044-attribute-metaclass.t .......................... ok
t/001_mouse/046-meta-add_attribute.t ........................... ok
t/001_mouse/047-attribute-metaclass-role.t ..................... ok
t/001_mouse/049-coercion-application-order.t ................... ok
t/001_mouse/052-undefined-type-in-union.t ...................... skipped: suspending
t/001_mouse/050-inherited-immutable-constructor-bug.t .......... ok
t/001_mouse/051_throw_error.t .................................. ok
t/001_mouse/053-extends-meta.t ................................. ok
t/001_mouse/055-exporter.t ..................................... ok
t/001_mouse/054-anon-leak.t .................................... ok
t/001_mouse/056-role-combine.t ................................. ok
t/001_mouse/057_subtype_without_where.t ........................ ok
t/001_mouse/060-threads.t ...................................... skipped: FIXME
t/001_mouse/058-accessor-leaks.t ............................... ok
t/001_mouse/059-weak-with-default.t ............................ ok
t/001_mouse/062-duck_type.t .................................... ok
t/001_mouse/061-metaclass-compatibility.t ...................... ok
t/001_mouse/063-meta-of-metaclasses.t .......................... ok
t/001_mouse/064-class-c3.t ..................................... ok
t/001_mouse/065-attr-mop.t ..................................... ok
t/001_mouse/066-magic.t ........................................ ok
t/001_mouse/067-traits.t ....................................... ok
t/001_mouse/068-strict-constructor.t ........................... ok
t/001_mouse/069-add-modifier.t ................................. ok
t/001_mouse/070-inherit-role-attr.t ............................ ok
t/001_mouse/071_tc_dualvar.t ................................... ok
t/001_mouse/072_tc_extra_args.t ................................ ok
t/001_mouse/073_errsv.t ........................................ ok
t/001_mouse/074_default_errsv.t ................................ ok
t/001_mouse/100-meta-class.t ................................... ok
t/001_mouse/102-attr-default-with-instance.t ................... ok
t/001_mouse/101-meta-attribute.t ............................... ok
t/001_mouse/103-attr-default-with-instance-leak.t .............. ok
t/001_mouse/301-bugs-non-mouse.t ............................... ok
t/001_mouse/401-meta-role.t .................................... ok
t/001_mouse/400-define-role.t .................................. ok
t/001_mouse/402-attribute-application.t ........................ ok
t/001_mouse/403-method-modifiers.t ............................. ok
t/001_mouse/404-role-overrides.t ............................... ok
t/001_mouse/600-tiny-tiny.t .................................... ok
t/001_mouse/601-tiny-mouse.t ................................... ok
t/001_mouse/602-mouse-tiny.t ................................... ok
t/001_mouse/603-mouse-pureperl.t ............................... ok
t/001_mouse/801-coerce.t ....................................... ok
t/001_mouse/802-coerce_multi_class.t ........................... ok
t/001_mouse/804-immutable-demolish.t ........................... ok
t/001_mouse/805-class_type.t ................................... ok
t/001_mouse/806-role_type.t .................................... ok
t/001_mouse/807-multi-roles.t .................................. ok
t/001_mouse/809-overwrite-builtin-subtype.t .................... ok
t/001_mouse/808-create_class.t ................................. ok
t/001_mouse/810-isa-or.t ....................................... ok
t/001_mouse/811-util-linear-isa.t .............................. ok
t/001_mouse/812-role-compatibility.t ........................... ok
t/001_mouse/813-compatibility-get_method_list.t ................ ok
t/001_mouse/814-subtype-as.t ................................... ok
t/001_mouse/900-version-strings.t .............................. ok
t/010_basics/001_basic_class_setup.t ........................... ok
t/010_basics/002_require_superclasses.t ........................ ok
t/010_basics/003_super_and_override.t .......................... ok
t/010_basics/004_inner_and_augment.t ........................... ok
t/010_basics/005_override_augment_inner_super.t ................ ok
t/010_basics/006_override_and_foreign_classes.t ................ ok
t/010_basics/007_always_strict_warnings.t ...................... ok
t/010_basics/008_wrapped_method_cxt_propagation.t .............. ok
t/010_basics/009_import_unimport.t ............................. ok
t/010_basics/010_method_modifier_with_regexp.t ................. ok
t/010_basics/011_moose_respects_type_constraints.t ............. ok
t/010_basics/013_create.t ...................................... ok
t/010_basics/014_create_anon.t ................................. ok
t/010_basics/015_buildargs.t ................................... ok
t/010_basics/017_error_handling.t .............................. ok
t/010_basics/018_methods.t ..................................... ok
t/010_basics/019-destruction.t ................................. ok
t/020_attributes/001_attribute_reader_generation.t ............. ok
t/010_basics/020-global-destruction.t .......................... ok
t/020_attributes/002_attribute_writer_generation.t ............. ok
t/020_attributes/003_attribute_accessor_generation.t ........... ok
t/020_attributes/004_attribute_triggers.t ...................... ok
t/020_attributes/005_attribute_does.t .......................... ok
t/020_attributes/006_attribute_required.t ...................... ok
t/020_attributes/007_attribute_custom_metaclass.t .............. ok
t/020_attributes/008_attribute_type_unions.t ................... ok
t/020_attributes/009_attribute_inherited_slot_specs.t .......... ok
t/020_attributes/011_more_attr_delegation.t .................... ok
t/020_attributes/012_misc_attribute_tests.t .................... ok
t/020_attributes/013_attr_dereference_test.t ................... ok
t/020_attributes/014_misc_attribute_coerce_lazy.t .............. ok
t/020_attributes/015_attribute_traits.t ........................ ok
t/020_attributes/016_attribute_traits_registered.t ............. ok
t/020_attributes/018_no_init_arg.t ............................. ok
t/020_attributes/017_attribute_traits_n_meta.t ................. ok
t/020_attributes/020_trigger_and_coerce.t ...................... ok
t/020_attributes/022_illegal_options_for_inheritance.t ......... ok
t/020_attributes/024_attribute_traits_parameterized.t .......... ok
t/020_attributes/025_chained_coercion.t ........................ ok
t/020_attributes/026_attribute_without_any_methods.t ........... ok
t/020_attributes/027_accessor_override_method.t ................ ok
t/020_attributes/029_accessor_context.t ........................ ok
t/020_attributes/030_non_alpha_attr_names.t .................... ok
t/020_attributes/032_delegation_arg_aliasing.t ................. ok
t/020_attributes/031_delegation_and_modifiers.t ................ ok
t/020_attributes/035_default_undef.t ........................... ok
t/020_attributes/036_clone_weak.t .............................. ok
t/020_attributes/034_numeric_defaults.t ........................ ok
t/030_roles/001_meta_role.t .................................... ok
t/030_roles/002_role.t ......................................... ok
t/030_roles/003_apply_role.t ................................... ok
t/030_roles/004_role_composition_errors.t ...................... ok
t/030_roles/005_role_conflict_detection.t ...................... ok
t/030_roles/008_role_conflict_edge_cases.t ..................... ok
t/030_roles/009_more_role_edge_cases.t ......................... ok
t/030_roles/010_run_time_role_composition.t .................... ok
t/030_roles/013_method_aliasing_in_composition.t ............... ok
t/030_roles/014_more_alias_and_exclude.t ....................... ok
t/030_roles/015_runtime_roles_and_attrs.t ...................... ok
t/030_roles/016_runtime_roles_and_nonmoose.t ................... ok
t/030_roles/017_extending_role_attrs.t ......................... ok
t/030_roles/018_runtime_roles_w_params.t ....................... ok
t/030_roles/020_role_composite.t ............................... ok
t/030_roles/031_roles_applied_in_create.t ...................... ok
t/030_roles/019_build.t ........................................ ok
t/030_roles/033_role_exclusion_and_alias_bug.t ................. ok
t/030_roles/034_create_role.t .................................. ok
t/030_roles/035_anonymous_roles.t .............................. ok
t/030_roles/036_free_anonymous_roles.t ......................... ok
t/030_roles/037_create_role_subclass.t ......................... ok
t/030_roles/041_empty_method_modifiers_meta_bug.t .............. ok
t/030_roles/042_compose_overloading.t .......................... ok
Due to a method name conflict in roles 'Role::Foo1' and 'Role::Foo2', the behavior of method 'foo' might be incompatible with Moose, check out BarSub at /Users/ether/.cpanm/work/1470859735.82114/Mouse-v2.4.5/blib/lib/Mouse/Meta/Role/Composite.pm line 162.
	Mouse::Meta::Role::Application::RoleSummation::apply_methods(Mouse::Meta::Role::Application::RoleSummation=HASH(0x7fa35a030768), Mouse::Meta::Role::Composite=HASH(0x7fa35a046f08), Mouse::Meta::Class=HASH(0x7fa35a047478)) called at /Users/ether/.cpanm/work/1470859735.82114/Mouse-v2.4.5/blib/lib/Mouse/Meta/Role/Application.pm line 72
	Mouse::Meta::Role::Application::apply(Mouse::Meta::Role::Application::RoleSummation=HASH(0x7fa35a030768), Mouse::Meta::Role::Composite=HASH(0x7fa35a046f08), Mouse::Meta::Class=HASH(0x7fa35a047478)) called at /Users/ether/.cpanm/work/1470859735.82114/Mouse-v2.4.5/blib/lib/Mouse/Meta/Role/Composite.pm line 107
	Mouse::Meta::Role::Composite::apply(Mouse::Meta::Role::Composite=HASH(0x7fa35a046f08), Mouse::Meta::Class=HASH(0x7fa35a047478)) called at /Users/ether/.cpanm/work/1470859735.82114/Mouse-v2.4.5/blib/lib/Mouse/Util.pm line 336
	Mouse::Util::apply_all_roles("BarSub", "Role::Foo1", "Role::Foo2") called at /Users/ether/.cpanm/work/1470859735.82114/Mouse-v2.4.5/blib/lib/Mouse.pm line 40
	Mouse::with("Role::Foo1", "Role::Foo2") called at t/030_roles/role_conflict_and_inheritance.t line 21
t/030_roles/role_conflict_and_inheritance.t .................... ok
t/040_type_constraints/002_util_type_constraints_export.t ...... ok
t/040_type_constraints/004_util_find_type_constraint.t ......... ok
t/040_type_constraints/003_util_std_type_constraints.t ......... ok
t/040_type_constraints/005_util_type_coercion.t ................ ok
t/040_type_constraints/006_util_type_reloading.t ............... ok
t/040_type_constraints/007_util_more_type_coercion.t ........... ok
t/040_type_constraints/010_misc_type_tests.t ................... ok
t/040_type_constraints/009_union_types_and_coercions.t ......... ok
t/040_type_constraints/011_container_type_constraint.t ......... ok
t/040_type_constraints/015_enum.t .............................. ok
t/040_type_constraints/016_subtyping_parameterized_types.t ..... ok
t/040_type_constraints/017_subtyping_union_types.t ............. ok
t/040_type_constraints/018_custom_parameterized_types.t ........ ok
t/040_type_constraints/021_maybe_type_constraint.t ............. ok
t/040_type_constraints/022_custom_type_errors.t ................ ok
t/040_type_constraints/023_types_and_undef.t ................... ok
t/040_type_constraints/025_type_coersion_on_lazy_attributes.t .. ok
t/040_type_constraints/027_parameterize_from.t ................. ok
t/040_type_constraints/029_define_type_twice_throws.t .......... ok
t/040_type_constraints/031_subtype_auto_vivify_parent.t ........ ok
t/040_type_constraints/032_throw_error.t ....................... ok
t/040_type_constraints/034_duck_types.t ........................ ok
t/050_metaclasses/001_custom_attr_meta_with_roles.t ............ ok
t/050_metaclasses/002_custom_attr_meta_as_role.t ............... ok
t/050_metaclasses/004_moose_for_meta.t ......................... ok
t/050_metaclasses/011_init_meta.t .............................. ok
t/050_metaclasses/013_metaclass_traits.t ....................... ok
t/050_metaclasses/017_use_base_of_moose.t ...................... ok
t/050_metaclasses/020_metaclass_parameterized_traits.t ......... ok
t/050_metaclasses/021_export_with_prototype.t .................. ok
t/050_metaclasses/041_mnmcim.t ................................. ok
t/050_metaclasses/041_moose_nonmoose_chain_init_meta.t ......... ok
t/050_metaclasses/052_new_object_BUILD.t ....................... ok
t/050_metaclasses/051_metarole_on_anon.t ....................... ok
t/050_metaclasses/053_immutable_metaclass_compat_bug.t ......... ok
t/050_metaclasses/054_metaclass_compat_no_fixing_bug.t ......... ok
t/100_bugs/001_subtype_quote_bug.t ............................. ok
t/100_bugs/002_subtype_conflict_bug.t .......................... ok
t/100_bugs/003_Moose_Object_error.t ............................ ok
t/100_bugs/003_Mouse_Object_error.t ............................ ok
t/100_bugs/004_subclass_use_base_bug.t ......................... ok
t/100_bugs/005_inline_reader_bug.t ............................. ok
t/100_bugs/007_reader_precedence_bug.t ......................... ok
t/100_bugs/009_augment_recursion_bug.t ......................... ok
t/100_bugs/010_immutable_n_default_x2.t ........................ ok
t/100_bugs/012_DEMOLISH_eats_mini.t ............................ ok
t/100_bugs/013_lazybuild_required_undef.t ...................... ok
t/100_bugs/016_inheriting_from_roles.t ......................... ok
t/100_bugs/011_DEMOLISH_eats_exceptions.t ...................... ok
t/100_bugs/017_type_constraint_messages.t ...................... ok
t/100_bugs/019_moose_octal_defaults.t .......................... ok
t/100_bugs/020_super_recursion.t ............................... ok
t/100_bugs/022_role_caller.t ................................... ok
t/100_bugs/026_create_anon_recursion.t ......................... ok
t/100_bugs/025_universal_methods_wrappable.t ................... ok
t/100_bugs/027_constructor_object_overload.t ................... ok
t/100_bugs/029_instance_application_role_args.t ................ ok
t/100_bugs/030_coerce_without_coercion.t ....................... ok
t/101_issues/016_Bool.t ........................................ ok
t/200_examples/001_example.t ................................... ok
t/200_examples/004_example_w_DCS.t ............................. skipped: Declare::Constraints::Simple is required for this test
t/200_examples/003_example.t ................................... ok
t/200_examples/0071_Child_Parent_attr_inherit_imm.t ............ ok
t/200_examples/005_example_w_TestDeep.t ........................ ok
t/200_examples/007_Child_Parent_attr_inherit.t ................. ok
t/200_examples/008_record_set_iterator.t ....................... ok
t/300_immutable/001_immutable_moose.t .......................... ok
t/300_immutable/002_apply_roles_to_immutable.t ................. ok
t/300_immutable/003_immutable_meta_class.t ..................... ok
t/300_immutable/004_inlined_constructors_n_types.t ............. ok
t/300_immutable/005_multiple_demolish_inline.t ................. ok
t/300_immutable/007_immutable_trigger_from_constructor.t ....... ok
t/300_immutable/008_immutable_constructor_error.t .............. ok
t/300_immutable/009_buildargs.t ................................ ok
t/300_immutable/012_default_values.t ........................... ok
t/300_immutable/014_immutable_metaclass_with_traits.t .......... ok
t/300_immutable/013_immutable_roundtrip.t ...................... ok
t/300_immutable/016_inline_fallbacks.t ......................... ok
t/300_immutable/101-immutable-default.t ........................ ok
t/400_mouse_util/001_moose_util.t .............................. ok
t/400_mouse_util/002_moose_util_does_role.t .................... ok
t/500_test_moose/001_test_moose.t .............................. ok
t/400_mouse_util/007_apply_roles.t ............................. ok
t/500_test_moose/002_test_moose_does_ok.t ...................... ok
t/500_test_moose/003_test_moose_has_attribute_ok.t ............. ok
t/800_with_external/002-externals.t ............................ skipped: for release testing
t/500_test_moose/004_test_moose_meta_ok.t ...................... ok
t/500_test_moose/005_with_immutable.t .......................... ok
t/810_with_moose/500_moose_extends_mouse.t ..................... skipped: [TODO] a Moose class cannot extends a Mouse class
t/810_with_moose/501_moose_coerce_mouse.t ...................... skipped: [TODO] a Mouse class cannot extends a Moose class
t/900_mouse_bugs/002_does_role_should_search_parent.t .......... ok
t/900_mouse_bugs/001_immutable_types.t ......................... ok
t/900_mouse_bugs/003_RT50421.t ................................. ok
t/800_with_external/001-pod-coverage-moose.t ................... ok
t/810_with_moose/201-squirrel.t ................................ ok
t/810_with_moose/202-squirrel-role.t ........................... ok
t/900_mouse_bugs/004_RT54203.t ................................. ok
t/900_mouse_bugs/005_large_int.t ............................... ok
t/900_mouse_bugs/006_RT69939.t ................................. ok
t/900_mouse_bugs/007_RT56523.t ................................. ok
t/900_mouse_bugs/008_RT56837.t ................................. ok
t/900_mouse_bugs/009_RT57144.t ................................. ok
t/900_mouse_bugs/011_RT61852.t ................................. ok
t/900_mouse_bugs/012_RT61906.t ................................. ok
t/900_mouse_bugs/010_use_mouse_before_tb2.t .................... ok
t/900_mouse_bugs/013_RT73592_tied_.t ........................... ok
t/900_mouse_bugs/014_autoload.t ................................ ok
t/900_mouse_bugs/017_issue29.t ................................. skipped: This is a test for threads ()
t/900_mouse_bugs/015_issue7_memleak.t .......................... ok
t/900_mouse_bugs/016_issue17_memleak.t ......................... ok
t/900_mouse_bugs/018_issue41.t ................................. ok
t/900_mouse_bugs/RT75093.t ..................................... ok
t/990_deprecated/001-export_to_level.t ......................... ok
All tests successful.

Test Summary Report
-------------------
t/040_type_constraints/018_custom_parameterized_types.t      (Wstat: 0 Tests: 28 Failed: 0)
  TODO passed:   13, 19-20, 22
t/040_type_constraints/021_maybe_type_constraint.t           (Wstat: 0 Tests: 36 Failed: 0)
  TODO passed:   27
Files=296, Tests=6113, 11 wallclock secs ( 2.18 usr  1.45 sys + 44.51 cusr  6.02 csys = 54.16 CPU)
Result: PASS
Building Mouse
Generate Mouse::Tiny ...
done.
xs-src/MouseAccessor.xs => xs-src/MouseAccessor.c
xs-src/MouseAttribute.xs => xs-src/MouseAttribute.c
xs-src/MouseTypeConstraints.xs => xs-src/MouseTypeConstraints.c
xs-src/MouseUtil.xs => xs-src/MouseUtil.c
cc -I. -Ixs-src -I/Users/ether/perl5/perlbrew/perls/25.3/lib/5.25.3/darwin-2level/CORE -Wall -W -Wno-comment -c -fno-common -DPERL_DARWIN -fno-strict-aliasing -pipe -fstack-protector -I/opt/local/include -O3 -o xs-src/MouseAccessor.o xs-src/MouseAccessor.c
In file included from xs-src/MouseAccessor.xs:1:
./mouse.h:110:60: warning: unused parameter 'vtbl' [-Wunused-parameter]
static inline MAGIC *MOUSE_get_magic(pTHX_ CV *cv, MGVTBL *vtbl)
                                                           ^
1 warning generated.
cc -I. -Ixs-src -I/Users/ether/perl5/perlbrew/perls/25.3/lib/5.25.3/darwin-2level/CORE -Wall -W -Wno-comment -c -fno-common -DPERL_DARWIN -fno-strict-aliasing -pipe -fstack-protector -I/opt/local/include -O3 -o xs-src/MouseAttribute.o xs-src/MouseAttribute.c
In file included from xs-src/MouseAttribute.xs:1:
./mouse.h:110:60: warning: unused parameter 'vtbl' [-Wunused-parameter]
static inline MAGIC *MOUSE_get_magic(pTHX_ CV *cv, MGVTBL *vtbl)
                                                           ^
1 warning generated.
cc -I. -Ixs-src -I/Users/ether/perl5/perlbrew/perls/25.3/lib/5.25.3/darwin-2level/CORE -Wall -W -Wno-comment -c -fno-common -DPERL_DARWIN -fno-strict-aliasing -pipe -fstack-protector -I/opt/local/include -O3 -o xs-src/MouseTypeConstraints.o xs-src/MouseTypeConstraints.c
In file included from xs-src/MouseTypeConstraints.xs:7:
./mouse.h:110:60: warning: unused parameter 'vtbl' [-Wunused-parameter]
static inline MAGIC *MOUSE_get_magic(pTHX_ CV *cv, MGVTBL *vtbl)
                                                           ^
1 warning generated.
cc -I. -Ixs-src -I/Users/ether/perl5/perlbrew/perls/25.3/lib/5.25.3/darwin-2level/CORE -Wall -W -Wno-comment -c -fno-common -DPERL_DARWIN -fno-strict-aliasing -pipe -fstack-protector -I/opt/local/include -O3 -o xs-src/MouseUtil.o xs-src/MouseUtil.c
In file included from xs-src/MouseUtil.xs:1:
./mouse.h:110:60: warning: unused parameter 'vtbl' [-Wunused-parameter]
static inline MAGIC *MOUSE_get_magic(pTHX_ CV *cv, MGVTBL *vtbl)
                                                           ^
1 warning generated.
env MACOSX_DEPLOYMENT_TARGET=10.3 cc -bundle -undefined dynamic_lookup -L/opt/local/lib -fstack-protector -o blib/arch/auto/Mouse/Mouse.bundle lib/Mouse.o xs-src/MouseAccessor.o xs-src/MouseAttribute.o xs-src/MouseTypeConstraints.o xs-src/MouseUtil.o
Files found in blib/arch: installing files in blib/lib into architecture dependent library tree
Installing /Users/ether/.perlbrew/libs/25.3@std/lib/perl5/darwin-2level/auto/Mouse/Mouse.bs
Installing /Users/ether/.perlbrew/libs/25.3@std/lib/perl5/darwin-2level/auto/Mouse/Mouse.bundle
Installing /Users/ether/.perlbrew/libs/25.3@std/lib/perl5/darwin-2level/Mouse.pm
Installing /Users/ether/.perlbrew/libs/25.3@std/lib/perl5/darwin-2level/Squirrel.pm
Installing /Users/ether/.perlbrew/libs/25.3@std/lib/perl5/darwin-2level/ouse.pm
Installing /Users/ether/.perlbrew/libs/25.3@std/lib/perl5/darwin-2level/Mouse/Exporter.pm
Installing /Users/ether/.perlbrew/libs/25.3@std/lib/perl5/darwin-2level/Mouse/Object.pm
Installing /Users/ether/.perlbrew/libs/25.3@std/lib/perl5/darwin-2level/Mouse/PurePerl.pm
Installing /Users/ether/.perlbrew/libs/25.3@std/lib/perl5/darwin-2level/Mouse/Role.pm
Installing /Users/ether/.perlbrew/libs/25.3@std/lib/perl5/darwin-2level/Mouse/Spec.pm
Installing /Users/ether/.perlbrew/libs/25.3@std/lib/perl5/darwin-2level/Mouse/Tiny.pm
Installing /Users/ether/.perlbrew/libs/25.3@std/lib/perl5/darwin-2level/Mouse/Tiny.pod
Installing /Users/ether/.perlbrew/libs/25.3@std/lib/perl5/darwin-2level/Mouse/TypeRegistry.pm
Installing /Users/ether/.perlbrew/libs/25.3@std/lib/perl5/darwin-2level/Mouse/Util.pm
Installing /Users/ether/.perlbrew/libs/25.3@std/lib/perl5/darwin-2level/Mouse/XS.pod
Installing /Users/ether/.perlbrew/libs/25.3@std/lib/perl5/darwin-2level/Mouse/Meta/Attribute.pm
Installing /Users/ether/.perlbrew/libs/25.3@std/lib/perl5/darwin-2level/Mouse/Meta/Class.pm
Installing /Users/ether/.perlbrew/libs/25.3@std/lib/perl5/darwin-2level/Mouse/Meta/Method.pm
Installing /Users/ether/.perlbrew/libs/25.3@std/lib/perl5/darwin-2level/Mouse/Meta/Module.pm
Installing /Users/ether/.perlbrew/libs/25.3@std/lib/perl5/darwin-2level/Mouse/Meta/Role.pm
Installing /Users/ether/.perlbrew/libs/25.3@std/lib/perl5/darwin-2level/Mouse/Meta/TypeConstraint.pm
Installing /Users/ether/.perlbrew/libs/25.3@std/lib/perl5/darwin-2level/Mouse/Meta/Method/Accessor.pm
Installing /Users/ether/.perlbrew/libs/25.3@std/lib/perl5/darwin-2level/Mouse/Meta/Method/Constructor.pm
Installing /Users/ether/.perlbrew/libs/25.3@std/lib/perl5/darwin-2level/Mouse/Meta/Method/Delegation.pm
Installing /Users/ether/.perlbrew/libs/25.3@std/lib/perl5/darwin-2level/Mouse/Meta/Method/Destructor.pm
Installing /Users/ether/.perlbrew/libs/25.3@std/lib/perl5/darwin-2level/Mouse/Meta/Role/Application.pm
Installing /Users/ether/.perlbrew/libs/25.3@std/lib/perl5/darwin-2level/Mouse/Meta/Role/Composite.pm
Installing /Users/ether/.perlbrew/libs/25.3@std/lib/perl5/darwin-2level/Mouse/Meta/Role/Method.pm
Installing /Users/ether/.perlbrew/libs/25.3@std/lib/perl5/darwin-2level/Mouse/Util/MetaRole.pm
Installing /Users/ether/.perlbrew/libs/25.3@std/lib/perl5/darwin-2level/Mouse/Util/TypeConstraints.pm
Installing /Users/ether/.perlbrew/libs/25.3@std/lib/perl5/darwin-2level/Squirrel/Role.pm
Installing /Users/ether/.perlbrew/libs/25.3@std/lib/perl5/darwin-2level/Test/Mouse.pm
-> OK
Successfully installed Mouse-v2.4.5
Installing /Users/ether/.perlbrew/libs/25.3@std/lib/perl5/darwin-2level/.meta/Mouse-v2.4.5/MYMETA.json
Installing /Users/ether/.perlbrew/libs/25.3@std/lib/perl5/darwin-2level/.meta/Mouse-v2.4.5/install.json
Searching Perl::Critic::Lax on mirror http://mirrors.gossamer-threads.com/CPAN ...
--> Working on Perl::Critic::Lax
Fetching http://mirrors.gossamer-threads.com/CPAN/authors/id/R/RJ/RJBS/Perl-Critic-Lax-0.011.tar.gz
-> OK
Unpacking Perl-Critic-Lax-0.011.tar.gz
Entering Perl-Critic-Lax-0.011
Checking configure dependencies from META.json
Checking if you have ExtUtils::MakeMaker 6.58 ... Yes (7.22)
Configuring Perl-Critic-Lax-0.011
Running Makefile.PL
Checking if your kit is complete...
Looks good
Generating a Unix-style Makefile
Writing Makefile for Perl::Critic::Lax
Writing MYMETA.yml and MYMETA.json
-> OK
Checking dependencies from MYMETA.json ...
Checking if you have ExtUtils::MakeMaker 0 ... Yes (7.22)
Checking if you have Perl::Critic::Utils 0 ... Yes (1.126)
Checking if you have Test::More 0.96 ... Yes (1.302047)
Checking if you have parent 0 ... Yes (0.234)
Checking if you have Perl::Critic::TestUtils 0 ... Yes (1.126)
Checking if you have warnings 0 ... Yes (1.37)
Checking if you have Perl::Critic::Policy 0 ... Yes (1.126)
Checking if you have strict 0 ... Yes (1.11)
Building and testing Perl-Critic-Lax-0.011
Manifying 7 pod documents
PERL_DL_NONLAZY=1 "/Users/ether/perl5/perlbrew/perls/25.3/bin/perl5.25.3" "-MExtUtils::Command::MM" "-MTest::Harness" "-e" "undef *Test::Harness::Switches; test_harness(0, 'blib/lib', 'blib/arch')" t/*.t
# 
# 
# Generated by Dist::Zilla::Plugin::ReportVersions::Tiny v1.10
# perl: 5.025003 (wanted any version) on darwin from /Users/ether/perl5/perlbrew/perls/25.3/bin/perl5.25.3
# 
# ExtUtils::MakeMaker                           => 7.22       (want 6.30)   
# Perl::Critic::Policy                          => 1.126      (want any version)
# Perl::Critic::TestUtils                       => 1.126      (want any version)
# Perl::Critic::Utils                           => 1.126      (want any version)
# Test::More                                    => 1.302047   (want 0.96)   
# parent                                        => 0.234      (want any version)
# strict                                        => 1.11       (want any version)
# warnings                                      => 1.37       (want any version)
# 
# Thanks for using my code.  I hope it works for you.
# If not, please try and include this output in the bug report.
# That will help me reproduce the issue and solve your problem.
# 
t/000-report-versions-tiny.t .. ok
t/chmod-0xxx.t ................ ok
t/empty-after-or.t ............ ok
t/end-with-true.t ............. ok
t/eval-require.t .............. ok
t/map-linebreak.t ............. ok
t/use-before-pkg.t ............ ok
All tests successful.
Files=7, Tests=50,  3 wallclock secs ( 0.05 usr  0.02 sys +  7.22 cusr  0.75 csys =  8.04 CPU)
Result: PASS
Warning: unable to close filehandle GEN0 properly: No space left on device at /Users/ether/.perlbrew/libs/25.3@std/lib/perl5/ExtUtils/Command/MM.pm line 155.
Warning: unable to close filehandle GEN1 properly: No space left on device at /Users/ether/.perlbrew/libs/25.3@std/lib/perl5/ExtUtils/Command/MM.pm line 155.
Warning: unable to close filehandle GEN2 properly: No space left on device at /Users/ether/.perlbrew/libs/25.3@std/lib/perl5/ExtUtils/Command/MM.pm line 155.
Warning: unable to close filehandle GEN3 properly: No space left on device at /Users/ether/.perlbrew/libs/25.3@std/lib/perl5/ExtUtils/Command/MM.pm line 155.
Warning: unable to close filehandle GEN4 properly: No space left on device at /Users/ether/.perlbrew/libs/25.3@std/lib/perl5/ExtUtils/Command/MM.pm line 155.
Warning: unable to close filehandle GEN5 properly: No space left on device at /Users/ether/.perlbrew/libs/25.3@std/lib/perl5/ExtUtils/Command/MM.pm line 155.
Warning: unable to close filehandle GEN6 properly: No space left on device at /Users/ether/.perlbrew/libs/25.3@std/lib/perl5/ExtUtils/Command/MM.pm line 155.
Manifying 7 pod documents
!!!!!!!!!!!!!!!!!!!!!!!!!!!!!!!!!!!!!!!!!!!!!!!!!!!!!!!!!!!!!!!!!!!!!!!!
ERROR: Can't create '/Users/ether/.perlbrew/libs/25.3@std/lib/perl5/Perl/Critic/Policy/Lax'
mkdir /Users/ether/.perlbrew/libs/25.3@std/lib/perl5/Perl/Critic/Policy/Lax: No space left on device at /Users/ether/perl5/perlbrew/perls/25.3/lib/5.25.3/ExtUtils/Install.pm line 477.

!!!!!!!!!!!!!!!!!!!!!!!!!!!!!!!!!!!!!!!!!!!!!!!!!!!!!!!!!!!!!!!!!!!!!!!!
 at -e line 1.
make: *** [pure_site_install] Error 28
-> FAIL Installing Perl::Critic::Lax failed. See /Users/ether/.cpanm/work/1470859735.82114/build.log for details. Retry with --force to force install it.
Searching MouseX::Getopt on mirror http://mirrors.gossamer-threads.com/CPAN ...
--> Working on MouseX::Getopt
Fetching http://mirrors.gossamer-threads.com/CPAN/authors/id/G/GF/GFUJI/MouseX-Getopt-0.37.tar.gz
ERROR: Can't write to 'MouseX-Getopt-0.37.tar.gz-82114': No space left on device at /Users/ether/.per
