cpan[11]> install Net::SFTP                    
Running install for module 'Net::SFTP'
Running make for D/DB/DBROBINS/Net-SFTP-0.10.tar.gz
  Has already been unwrapped into directory /root/.cpan/build/Net-SFTP-0.10-kQ2Kbd
  Has already been made
Running make test
PERL_DL_NONLAZY=1 /usr/bin/perl "-MExtUtils::Command::MM" "-e" "test_harness(0, 'blib/lib', 'blib/arch')" t/*.t
t/01-load........Can't locate Net/SSH/Perl/Buffer.pm in @INC (@INC contains: /root/.cpan/build/Net-SFTP-0.10-kQ2Kbd/blib/lib /root/.cpan/build/Net-SFTP-0.10-kQ2Kbd/blib/arch /usr/lib64/perl5/site_perl/5.8.8/x86_64-linux-thread-multi /usr/lib64/perl5/site_perl/5.8.7/x86_64-linux-thread-multi /usr/lib64/perl5/site_perl/5.8.6/x86_64-linux-thread-multi /usr/lib64/perl5/site_perl/5.8.5/x86_64-linux-thread-multi /usr/lib/perl5/site_perl/5.8.8 /usr/lib/perl5/site_perl/5.8.7 /usr/lib/perl5/site_perl/5.8.6 /usr/lib/perl5/site_perl/5.8.5 /usr/lib/perl5/site_perl /usr/lib64/perl5/vendor_perl/5.8.8/x86_64-linux-thread-multi /usr/lib64/perl5/vendor_perl/5.8.7/x86_64-linux-thread-multi /usr/lib64/perl5/vendor_perl/5.8.6/x86_64-linux-thread-multi /usr/lib64/perl5/vendor_perl/5.8.5/x86_64-linux-thread-multi /usr/lib/perl5/vendor_perl/5.8.8 /usr/lib/perl5/vendor_perl/5.8.7 /usr/lib/perl5/vendor_perl/5.8.6 /usr/lib/perl5/vendor_perl/5.8.5 /usr/lib/perl5/vendor_perl /usr/lib64/perl5/5.8.8/x86_64-linux-thread-multi /usr/lib/perl5/5.8.8 .) at /root/.cpan/build/Net-SFTP-0.10-kQ2Kbd/blib/lib/Net/SFTP/Buffer.pm line 6.
BEGIN failed--compilation aborted at /root/.cpan/build/Net-SFTP-0.10-kQ2Kbd/blib/lib/Net/SFTP/Buffer.pm line 6.
Compilation failed in require at /root/.cpan/build/Net-SFTP-0.10-kQ2Kbd/blib/lib/Net/SFTP/Attributes.pm line 7.
BEGIN failed--compilation aborted at /root/.cpan/build/Net-SFTP-0.10-kQ2Kbd/blib/lib/Net/SFTP/Attributes.pm line 7.
Compilation failed in require at /root/.cpan/build/Net-SFTP-0.10-kQ2Kbd/blib/lib/Net/SFTP.pm line 8.
BEGIN failed--compilation aborted at /root/.cpan/build/Net-SFTP-0.10-kQ2Kbd/blib/lib/Net/SFTP.pm line 8.
Compilation failed in require at t/01-load.t line 5.
BEGIN failed--compilation aborted at t/01-load.t line 5.
t/01-load........ Dubious, test returned 2 (wstat 512, 0x200)
 Failed 1/1 subtests 
t/06-circular....Can't locate Net/SSH/Perl/Buffer.pm in @INC (@INC contains: /root/.cpan/build/Net-SFTP-0.10-kQ2Kbd/blib/lib /root/.cpan/build/Net-SFTP-0.10-kQ2Kbd/blib/arch /usr/lib64/perl5/site_perl/5.8.8/x86_64-linux-thread-multi /usr/lib64/perl5/site_perl/5.8.7/x86_64-linux-thread-multi /usr/lib64/perl5/site_perl/5.8.6/x86_64-linux-thread-multi /usr/lib64/perl5/site_perl/5.8.5/x86_64-linux-thread-multi /usr/lib/perl5/site_perl/5.8.8 /usr/lib/perl5/site_perl/5.8.7 /usr/lib/perl5/site_perl/5.8.6 /usr/lib/perl5/site_perl/5.8.5 /usr/lib/perl5/site_perl /usr/lib64/perl5/vendor_perl/5.8.8/x86_64-linux-thread-multi /usr/lib64/perl5/vendor_perl/5.8.7/x86_64-linux-thread-multi /usr/lib64/perl5/vendor_perl/5.8.6/x86_64-linux-thread-multi /usr/lib64/perl5/vendor_perl/5.8.5/x86_64-linux-thread-multi /usr/lib/perl5/vendor_perl/5.8.8 /usr/lib/perl5/vendor_perl/5.8.7 /usr/lib/perl5/vendor_perl/5.8.6 /usr/lib/perl5/vendor_perl/5.8.5 /usr/lib/perl5/vendor_perl /usr/lib64/perl5/5.8.8/x86_64-linux-thread-multi /usr/lib/perl5/5.8.8 .) at /root/.cpan/build/Net-SFTP-0.10-kQ2Kbd/blib/lib/Net/SFTP/Buffer.pm line 6.
BEGIN failed--compilation aborted at /root/.cpan/build/Net-SFTP-0.10-kQ2Kbd/blib/lib/Net/SFTP/Buffer.pm line 6.
Compilation failed in require at /root/.cpan/build/Net-SFTP-0.10-kQ2Kbd/blib/lib/Net/SFTP/Attributes.pm line 7.
BEGIN failed--compilation aborted at /root/.cpan/build/Net-SFTP-0.10-kQ2Kbd/blib/lib/Net/SFTP/Attributes.pm line 7.
Compilation failed in require at /root/.cpan/build/Net-SFTP-0.10-kQ2Kbd/blib/lib/Net/SFTP.pm line 8.
BEGIN failed--compilation aborted at /root/.cpan/build/Net-SFTP-0.10-kQ2Kbd/blib/lib/Net/SFTP.pm line 8.
Compilation failed in require at t/06-circular.t line 5.
BEGIN failed--compilation aborted at t/06-circular.t line 5.
t/06-circular.... Dubious, test returned 2 (wstat 512, 0x200)
 No subtests run 

Test Summary Report
-------------------
t/01-load    (Wstat: 512 Tests: 0 Failed: 0)
  Non-zero exit status: 2
  Parse errors: Bad plan.  You planned 1 tests but ran 0.
t/06-circular (Wstat: 512 Tests: 0 Failed: 0)
  Non-zero exit status: 2
  Parse errors: No plan found in TAP output
Files=2, Tests=0,  1 wallclock secs ( 0.06 usr  0.01 sys +  0.03 cusr  0.02 csys =  0.12 CPU)
Result: FAIL
Failed 2/2 test programs. 0/0 subtests failed.
make: *** [test_dynamic] Error 2
  DBROBINS/Net-SFTP-0.10.tar.gz
  /usr/bin/make test -- NOT OK
//hint// to see the cpan-testers results for installing this module, try:
  reports DBROBINS/Net-SFTP-0.10.tar.gz
Running make install
  make test had returned bad status, won't install without force
Failed during this command:
 DBROBINS/Net-SFTP-0.10.tar.gz                : make_test NO

                                                                                                                                        cpan[12]> install Net::SSH::Perl::Buffer
Running install for module 'Net::SSH::Perl::Buffer'
Running make for T/TU/TURNSTEP/Net-SSH-Perl-1.31.tar.gz
  Has already been unwrapped into directory /root/.cpan/build/Net-SSH-Perl-1.31-u16R14
  Has already been made
Running make test
PERL_DL_NONLAZY=1 /usr/bin/perl "-MExtUtils::Command::MM" "-e" "test_harness(0, 'blib/lib', 'blib/arch')" t/*.t
t/00-signature.....skipped: Set the environment variable TEST_SIGNATURE to enable this test
t/01-compile.......ok   
t/02-buffer........ok     
t/03-packet........skipped: Cannot test protocol 1 packets without Math::GMP
t/04-config........ok     
t/05-cipher........ok     
t/06-auth..........skipped: Test not enabled yet
t/06-circular......ok   
t/99-perlcritic....skipped: Set the environment variable TEST_CRITIC to enable this test
t/99-pod...........skipped: Set the environment variable TEST_AUTHOR to enable this test
t/99-spellcheck....skipped: Set the environment variable TEST_SPELL to enable this test
t/99-yaml..........skipped: Set the environment variable TEST_AUTHOR to enable this test
All tests successful.
Files=12, Tests=106,  1 wallclock secs ( 0.16 usr  0.05 sys +  0.75 cusr  0.21 csys =  1.17 CPU)
Result: PASS
  TURNSTEP/Net-SSH-Perl-1.31.tar.gz
  /usr/bin/make test -- OK
Running make install
Prepending /root/.cpan/build/Net-SSH-Perl-1.31-u16R14/blib/arch /root/.cpan/build/Net-SSH-Perl-1.31-u16R14/blib/lib to PERL5LIB for 'install'
Appending installation info to /usr/lib64/perl5/5.8.8/x86_64-linux-thread-multi/perllocal.pod
Installing /usr/lib/perl5/site_perl/5.8.8/Net/SSH/Perl.pm
Installing /usr/lib/perl5/site_perl/5.8.8/Net/SSH/Perl/AuthMgr.pm
Installing /usr/lib/perl5/site_perl/5.8.8/Net/SSH/Perl/Constants.pm
Installing /usr/lib/perl5/site_perl/5.8.8/Net/SSH/Perl/Cipher.pm
Installing /usr/lib/perl5/site_perl/5.8.8/Net/SSH/Perl/Config.pm
Installing /usr/lib/perl5/site_perl/5.8.8/Net/SSH/Perl/Auth.pm
Installing /usr/lib/perl5/site_perl/5.8.8/Net/SSH/Perl/ChannelMgr.pm
Installing /usr/lib/perl5/site_perl/5.8.8/Net/SSH/Perl/Packet.pm
Installing /usr/lib/perl5/site_perl/5.8.8/Net/SSH/Perl/SSH2.pm
Installing /usr/lib/perl5/site_perl/5.8.8/Net/SSH/Perl/SSH1.pm
Installing /usr/lib/perl5/site_perl/5.8.8/Net/SSH/Perl/Buffer.pm
Installing /usr/lib/perl5/site_perl/5.8.8/Net/SSH/Perl/Key.pm
Installing /usr/lib/perl5/site_perl/5.8.8/Net/SSH/Perl/Agent.pm
Installing /usr/lib/perl5/site_perl/5.8.8/Net/SSH/Perl/Util.pm
Installing /usr/lib/perl5/site_perl/5.8.8/Net/SSH/Perl/Channel.pm
Installing /usr/lib/perl5/site_perl/5.8.8/Net/SSH/Perl/Comp.pm
Installing /usr/lib/perl5/site_perl/5.8.8/Net/SSH/Perl/Mac.pm
Installing /usr/lib/perl5/site_perl/5.8.8/Net/SSH/Perl/Handle.pm
Installing /usr/lib/perl5/site_perl/5.8.8/Net/SSH/Perl/Kex.pm
Installing /usr/lib/perl5/site_perl/5.8.8/Net/SSH/Perl/Subsystem/Server.pm
Installing /usr/lib/perl5/site_perl/5.8.8/Net/SSH/Perl/Subsystem/Client.pm
Installing /usr/lib/perl5/site_perl/5.8.8/Net/SSH/Perl/Handle/SSH2.pm
Installing /usr/lib/perl5/site_perl/5.8.8/Net/SSH/Perl/Handle/SSH1.pm
Installing /usr/lib/perl5/site_perl/5.8.8/Net/SSH/Perl/Cipher/DES3.pm
Installing /usr/lib/perl5/site_perl/5.8.8/Net/SSH/Perl/Cipher/CBC.pm
Installing /usr/lib/perl5/site_perl/5.8.8/Net/SSH/Perl/Cipher/IDEA.pm
Installing /usr/lib/perl5/site_perl/5.8.8/Net/SSH/Perl/Cipher/RC4.pm
Installing /usr/lib/perl5/site_perl/5.8.8/Net/SSH/Perl/Cipher/DES.pm
Installing /usr/lib/perl5/site_perl/5.8.8/Net/SSH/Perl/Cipher/CFB.pm
Installing /usr/lib/perl5/site_perl/5.8.8/Net/SSH/Perl/Cipher/Blowfish.pm
Installing /usr/lib/perl5/site_perl/5.8.8/Net/SSH/Perl/Auth/Password.pm
Installing /usr/lib/perl5/site_perl/5.8.8/Net/SSH/Perl/Auth/KeyboardInt.pm
Installing /usr/lib/perl5/site_perl/5.8.8/Net/SSH/Perl/Auth/PublicKey.pm
Installing /usr/lib/perl5/site_perl/5.8.8/Net/SSH/Perl/Auth/Rhosts.pm
Installing /usr/lib/perl5/site_perl/5.8.8/Net/SSH/Perl/Auth/ChallengeResponse.pm
Installing /usr/lib/perl5/site_perl/5.8.8/Net/SSH/Perl/Auth/Rhosts_RSA.pm
Installing /usr/lib/perl5/site_perl/5.8.8/Net/SSH/Perl/Auth/RSA.pm
Installing /usr/lib/perl5/site_perl/5.8.8/Net/SSH/Perl/Key/RSA1.pm
Installing /usr/lib/perl5/site_perl/5.8.8/Net/SSH/Perl/Key/DSA.pm
Installing /usr/lib/perl5/site_perl/5.8.8/Net/SSH/Perl/Key/RSA.pm
Installing /usr/lib/perl5/site_perl/5.8.8/Net/SSH/Perl/Kex/DH1.pm
Installing /usr/lib/perl5/site_perl/5.8.8/Net/SSH/Perl/Comp/Zlib.pm
Installing /usr/lib/perl5/site_perl/5.8.8/Net/SSH/Perl/Util/Term.pm
Installing /usr/lib/perl5/site_perl/5.8.8/Net/SSH/Perl/Util/SSH1MP.pm
Installing /usr/lib/perl5/site_perl/5.8.8/Net/SSH/Perl/Util/Authfile.pm
Installing /usr/lib/perl5/site_perl/5.8.8/Net/SSH/Perl/Util/Hosts.pm
Installing /usr/lib/perl5/site_perl/5.8.8/Net/SSH/Perl/Util/SSH1Misc.pm
Installing /usr/lib/perl5/site_perl/5.8.8/Net/SSH/Perl/Util/SSH2MP.pm
Installing /usr/lib/perl5/site_perl/5.8.8/Net/SSH/Perl/Util/RSA.pm
Installing /usr/share/man/man3/Net::SSH::Perl::Constants.3pm
Installing /usr/share/man/man3/Net::SSH::Perl::Auth::PublicKey.3pm
Installing /usr/share/man/man3/Net::SSH::Perl::Auth::RSA.3pm
Installing /usr/share/man/man3/Net::SSH::Perl::Subsystem::Server.3pm
Installing /usr/share/man/man3/Net::SSH::Perl::Handle.3pm
Installing /usr/share/man/man3/Net::SSH::Perl::Key::RSA.3pm
Installing /usr/share/man/man3/Net::SSH::Perl::ChannelMgr.3pm
Installing /usr/share/man/man3/Net::SSH::Perl::Cipher.3pm
Installing /usr/share/man/man3/Net::SSH::Perl::Auth::KeyboardInt.3pm
Installing /usr/share/man/man3/Net::SSH::Perl::Cipher::CBC.3pm
Installing /usr/share/man/man3/Net::SSH::Perl::Key::RSA1.3pm
Installing /usr/share/man/man3/Net::SSH::Perl::Key.3pm
Installing /usr/share/man/man3/Net::SSH::Perl::Auth::Rhosts.3pm
Installing /usr/share/man/man3/Net::SSH::Perl::Config.3pm
Installing /usr/share/man/man3/Net::SSH::Perl::Cipher::RC4.3pm
Installing /usr/share/man/man3/Net::SSH::Perl::Channel.3pm
Installing /usr/share/man/man3/Net::SSH::Perl::Auth::Password.3pm
Installing /usr/share/man/man3/Net::SSH::Perl::Cipher::CFB.3pm
Installing /usr/share/man/man3/Net::SSH::Perl::Comp::Zlib.3pm
Installing /usr/share/man/man3/Net::SSH::Perl::Cipher::DES.3pm
Installing /usr/share/man/man3/Net::SSH::Perl::Auth::Rhosts_RSA.3pm
Installing /usr/share/man/man3/Net::SSH::Perl::Cipher::IDEA.3pm
Installing /usr/share/man/man3/Net::SSH::Perl::Kex::DH1.3pm
Installing /usr/share/man/man3/Net::SSH::Perl::Buffer.3pm
Installing /usr/share/man/man3/Net::SSH::Perl::SSH1.3pm
Installing /usr/share/man/man3/Net::SSH::Perl::Packet.3pm
Installing /usr/share/man/man3/Net::SSH::Perl::Mac.3pm
Installing /usr/share/man/man3/Net::SSH::Perl.3pm
Installing /usr/share/man/man3/Net::SSH::Perl::Comp.3pm
Installing /usr/share/man/man3/Net::SSH::Perl::Auth.3pm
Installing /usr/share/man/man3/Net::SSH::Perl::Cipher::DES3.3pm
Installing /usr/share/man/man3/Net::SSH::Perl::Subsystem::Client.3pm
Installing /usr/share/man/man3/Net::SSH::Perl::Util.3pm
Installing /usr/share/man/man3/Net::SSH::Perl::Agent.3pm
Installing /usr/share/man/man3/Net::SSH::Perl::Kex.3pm
Installing /usr/share/man/man3/Net::SSH::Perl::Key::DSA.3pm
Installing /usr/share/man/man3/Net::SSH::Perl::SSH2.3pm
Installing /usr/share/man/man3/Net::SSH::Perl::AuthMgr.3pm
Installing /usr/share/man/man3/Net::SSH::Perl::Cipher::Blowfish.3pm
Writing /usr/lib64/perl5/site_perl/5.8.8/x86_64-linux-thread-multi/auto/Net/SSH/Perl/.packlist
  TURNSTEP/Net-SSH-Perl-1.31.tar.gz
  /usr/bin/make install -j3 -- OK

                                                                                                                                        cpan[13]> install Net::SFTP             
Running install for module 'Net::SFTP'
Running make for D/DB/DBROBINS/Net-SFTP-0.10.tar.gz
  Has already been unwrapped into directory /root/.cpan/build/Net-SFTP-0.10-kQ2Kbd
  Has already been made
Running make test
PERL_DL_NONLAZY=1 /usr/bin/perl "-MExtUtils::Command::MM" "-e" "test_harness(0, 'blib/lib', 'blib/arch')" t/*.t
t/01-load........ok   
t/06-circular....ok   
All tests successful.
Files=2, Tests=2,  1 wallclock secs ( 0.05 usr  0.02 sys +  0.25 cusr  0.05 csys =  0.37 CPU)
Result: PASS
  DBROBINS/Net-SFTP-0.10.tar.gz
  /usr/bin/make test -- OK
Running make install
Prepending /root/.cpan/build/Net-SFTP-0.10-kQ2Kbd/blib/arch /root/.cpan/build/Net-SFTP-0.10-kQ2Kbd/blib/lib to PERL5LIB for 'install'
Appending installation info to /usr/lib64/perl5/5.8.8/x86_64-linux-thread-multi/perllocal.pod
Installing /usr/lib/perl5/site_perl/5.8.8/Net/SFTP.pm
Installing /usr/lib/perl5/site_perl/5.8.8/Net/SFTP/Constants.pm
Installing /usr/lib/perl5/site_perl/5.8.8/Net/SFTP/Buffer.pm
Installing /usr/lib/perl5/site_perl/5.8.8/Net/SFTP/Attributes.pm
Installing /usr/lib/perl5/site_perl/5.8.8/Net/SFTP/Util.pm
Installing /usr/share/man/man3/Net::SFTP::Attributes.3pm
Installing /usr/share/man/man3/Net::SFTP::Buffer.3pm
Installing /usr/share/man/man3/Net::SFTP::Util.3pm
Installing /usr/share/man/man3/Net::SFTP::Constants.3pm
Installing /usr/share/man/man3/Net::SFTP.3pm
Writing /usr/lib64/perl5/site_perl/5.8.8/x86_64-linux-thread-multi/auto/Net/SFTP/.packlist
  DBROBINS/Net-SFTP-0.10.tar.gz
  /usr/bin/make install -j3 -- OK

                                                                                                                                        cpan[14]> 
