$ ./Build test
t/00-load.t ....... Could not resolve -lMagickCore-6.Q16 at t/00-load.t line 6
Could not resolve -lMagickWand-6.Q16 at t/00-load.t line 6
Could not resolve -lMagick++-6.Q16 at t/00-load.t line 6
Could not resolve -lMagick++-6.Q16 at t/00-load.t line 6
Could not resolve -lMagickWand-6.Q16 at t/00-load.t line 6
Could not resolve -lMagickCore-6.Q16 at t/00-load.t line 6
Could not resolve -lMagickCore-6.Q16 at t/00-load.t line 6
Could not resolve -lMagickWand-6.Q16 at t/00-load.t line 6
Could not resolve -lMagick++-6.Q16 at t/00-load.t line 6
Could not resolve -lMagickCore-6.Q16 at t/00-load.t line 6
Could not resolve -lMagickWand-6.Q16 at t/00-load.t line 6
Could not resolve -lMagick++-6.Q16 at t/00-load.t line 6
t/00-load.t ....... 1/1 # Testing Alien::ImageMagick 0.02, Perl 5.012005, /home/jep/perl5/perlbrew/perls/perl-5.12.5-ext/bin/perl
t/00-load.t ....... ok
t/boilerplate.t ... ok
t/manifest.t ...... skipped: Author tests not required for installation
t/pod-coverage.t .. skipped: Test::Pod::Coverage 1.08 required for testing POD coverage
t/pod.t ........... skipped: Test::Pod 1.22 required for testing POD
All tests successful.

Test Summary Report
-------------------
t/boilerplate.t (Wstat: 0 Tests: 3 Failed: 0)
  TODO passed:   2-3
  Files=5, Tests=4,  0 wallclock secs ( 0.01 usr  0.02 sys +  0.09 cusr  0.02 csys =  0.14 CPU)
  Result: PASS
  Testing library (if applicable) ... Done
