
[MSG] [Fri Sep  2 09:50:30 2011] Trying to get 'http://mirror.uta.edu/CPAN/authors/id/A/AD/ADAMK/DBD-SQLite-1.33.tar.gz'
[MSG] [Fri Sep  2 09:50:36 2011] Trying to get 'http://mirror.uta.edu/CPAN/authors/id/A/AD/ADAMK/CHECKSUMS'
[MSG] [Fri Sep  2 09:50:38 2011] Checksum matches for 'DBD-SQLite-1.33.tar.gz'
[MSG] [Fri Sep  2 09:50:39 2011] Extracted 'DBD-SQLite-1.33/'
[MSG] [Fri Sep  2 09:50:39 2011] Extracted 'DBD-SQLite-1.33/META.yml'
[MSG] [Fri Sep  2 09:50:39 2011] Extracted 'DBD-SQLite-1.33/Makefile.PL'
[MSG] [Fri Sep  2 09:50:39 2011] Extracted 'DBD-SQLite-1.33/MANIFEST.SKIP'
[MSG] [Fri Sep  2 09:50:39 2011] Extracted 'DBD-SQLite-1.33/util/'
[MSG] [Fri Sep  2 09:50:39 2011] Extracted 'DBD-SQLite-1.33/util/getsqlite.pl'
[MSG] [Fri Sep  2 09:50:39 2011] Extracted 'DBD-SQLite-1.33/SQLite.xs'
[MSG] [Fri Sep  2 09:50:39 2011] Extracted 'DBD-SQLite-1.33/dbdimp.h'
[MSG] [Fri Sep  2 09:50:39 2011] Extracted 'DBD-SQLite-1.33/fts3_tokenizer.h'
[MSG] [Fri Sep  2 09:50:39 2011] Extracted 'DBD-SQLite-1.33/LICENSE'
[MSG] [Fri Sep  2 09:50:39 2011] Extracted 'DBD-SQLite-1.33/README'
[MSG] [Fri Sep  2 09:50:39 2011] Extracted 'DBD-SQLite-1.33/sqlite3ext.h'
[MSG] [Fri Sep  2 09:50:39 2011] Extracted 'DBD-SQLite-1.33/ppport.h'
[MSG] [Fri Sep  2 09:50:39 2011] Extracted 'DBD-SQLite-1.33/lib/'
[MSG] [Fri Sep  2 09:50:39 2011] Extracted 'DBD-SQLite-1.33/lib/DBD/'
[MSG] [Fri Sep  2 09:50:39 2011] Extracted 'DBD-SQLite-1.33/lib/DBD/SQLite.pm'
[MSG] [Fri Sep  2 09:50:39 2011] Extracted 'DBD-SQLite-1.33/lib/DBD/SQLite/'
[MSG] [Fri Sep  2 09:50:39 2011] Extracted 'DBD-SQLite-1.33/lib/DBD/SQLite/Cookbook.pod'
[MSG] [Fri Sep  2 09:50:39 2011] Extracted 'DBD-SQLite-1.33/SQLiteXS.h'
[MSG] [Fri Sep  2 09:50:39 2011] Extracted 'DBD-SQLite-1.33/sqlite3.c'
[MSG] [Fri Sep  2 09:50:39 2011] Extracted 'DBD-SQLite-1.33/xt/'
[MSG] [Fri Sep  2 09:50:39 2011] Extracted 'DBD-SQLite-1.33/xt/meta.t'
[MSG] [Fri Sep  2 09:50:39 2011] Extracted 'DBD-SQLite-1.33/xt/pmv.t'
[MSG] [Fri Sep  2 09:50:39 2011] Extracted 'DBD-SQLite-1.33/xt/pod.t'
[MSG] [Fri Sep  2 09:50:39 2011] Extracted 'DBD-SQLite-1.33/inc/'
[MSG] [Fri Sep  2 09:50:39 2011] Extracted 'DBD-SQLite-1.33/inc/Test/'
[MSG] [Fri Sep  2 09:50:39 2011] Extracted 'DBD-SQLite-1.33/inc/Test/NoWarnings/'
[MSG] [Fri Sep  2 09:50:39 2011] Extracted 'DBD-SQLite-1.33/inc/Test/NoWarnings/Warning.pm'
[MSG] [Fri Sep  2 09:50:39 2011] Extracted 'DBD-SQLite-1.33/inc/Test/NoWarnings.pm'
[MSG] [Fri Sep  2 09:50:39 2011] Extracted 'DBD-SQLite-1.33/dbdimp.c'
[MSG] [Fri Sep  2 09:50:39 2011] Extracted 'DBD-SQLite-1.33/MANIFEST'
[MSG] [Fri Sep  2 09:50:39 2011] Extracted 'DBD-SQLite-1.33/Changes'
[MSG] [Fri Sep  2 09:50:39 2011] Extracted 'DBD-SQLite-1.33/sqlite3.h'
[MSG] [Fri Sep  2 09:50:39 2011] Extracted 'DBD-SQLite-1.33/t/'
[MSG] [Fri Sep  2 09:50:39 2011] Extracted 'DBD-SQLite-1.33/t/07_error.t'
[MSG] [Fri Sep  2 09:50:39 2011] Extracted 'DBD-SQLite-1.33/t/rt_25924_user_defined_func_unicode.t'
[MSG] [Fri Sep  2 09:50:39 2011] Extracted 'DBD-SQLite-1.33/t/13_create_collation.t'
[MSG] [Fri Sep  2 09:50:39 2011] Extracted 'DBD-SQLite-1.33/t/43_fts3.t'
[MSG] [Fri Sep  2 09:50:39 2011] Extracted 'DBD-SQLite-1.33/t/rt_40594_nullable.t'
[MSG] [Fri Sep  2 09:50:39 2011] Extracted 'DBD-SQLite-1.33/t/28_schemachange.t'
[MSG] [Fri Sep  2 09:50:39 2011] Extracted 'DBD-SQLite-1.33/t/21_blobtext.t'
[MSG] [Fri Sep  2 09:50:39 2011] Extracted 'DBD-SQLite-1.33/t/12_unicode.t'
[MSG] [Fri Sep  2 09:50:39 2011] Extracted 'DBD-SQLite-1.33/t/rt_31324_full_names.t'
[MSG] [Fri Sep  2 09:50:39 2011] Extracted 'DBD-SQLite-1.33/t/rt_62370_diconnected_handles_operation.t'
[MSG] [Fri Sep  2 09:50:39 2011] Extracted 'DBD-SQLite-1.33/t/39_foreign_keys.t'
[MSG] [Fri Sep  2 09:50:39 2011] Extracted 'DBD-SQLite-1.33/t/rt_52573_manual_exclusive_lock.t'
[MSG] [Fri Sep  2 09:50:39 2011] Extracted 'DBD-SQLite-1.33/t/32_inactive_error.t'
[MSG] [Fri Sep  2 09:50:39 2011] Extracted 'DBD-SQLite-1.33/t/rt_27553_prepared_cache_and_analyze.t'
[MSG] [Fri Sep  2 09:50:39 2011] Extracted 'DBD-SQLite-1.33/t/10_create_aggregate.t'
[MSG] [Fri Sep  2 09:50:39 2011] Extracted 'DBD-SQLite-1.33/t/rt_29058_group_by.t'
[MSG] [Fri Sep  2 09:50:39 2011] Extracted 'DBD-SQLite-1.33/t/09_create_function.t'
[MSG] [Fri Sep  2 09:50:39 2011] Extracted 'DBD-SQLite-1.33/t/44_rtree.t'
[MSG] [Fri Sep  2 09:50:39 2011] Extracted 'DBD-SQLite-1.33/t/rt_36836_duplicate_key.t'
[MSG] [Fri Sep  2 09:50:39 2011] Extracted 'DBD-SQLite-1.33/t/08_busy.t'
[MSG] [Fri Sep  2 09:50:39 2011] Extracted 'DBD-SQLite-1.33/t/02_logon.t'
[MSG] [Fri Sep  2 09:50:39 2011] Extracted 'DBD-SQLite-1.33/t/45_savepoints.t'
[MSG] [Fri Sep  2 09:50:39 2011] Extracted 'DBD-SQLite-1.33/t/16_column_info.t'
[MSG] [Fri Sep  2 09:50:39 2011] Extracted 'DBD-SQLite-1.33/t/33_non_latin_path.t'
[MSG] [Fri Sep  2 09:50:39 2011] Extracted 'DBD-SQLite-1.33/t/rt_25371_asymmetric_unicode.t'
[MSG] [Fri Sep  2 09:50:39 2011] Extracted 'DBD-SQLite-1.33/t/17_createdrop.t'
[MSG] [Fri Sep  2 09:50:39 2011] Extracted 'DBD-SQLite-1.33/t/31_bind_weird_number_param.t'
[MSG] [Fri Sep  2 09:50:39 2011] Extracted 'DBD-SQLite-1.33/t/rt_29629_sqlite_where_length.t'
[MSG] [Fri Sep  2 09:50:39 2011] Extracted 'DBD-SQLite-1.33/t/40_multiple_statements.t'
[MSG] [Fri Sep  2 09:50:39 2011] Extracted 'DBD-SQLite-1.33/t/26_commit.t'
[MSG] [Fri Sep  2 09:50:39 2011] Extracted 'DBD-SQLite-1.33/t/rt_36838_unique_and_bus_error.t'
[MSG] [Fri Sep  2 09:50:39 2011] Extracted 'DBD-SQLite-1.33/t/04_insert.t'
[MSG] [Fri Sep  2 09:50:39 2011] Extracted 'DBD-SQLite-1.33/t/05_select.t'
[MSG] [Fri Sep  2 09:50:39 2011] Extracted 'DBD-SQLite-1.33/t/24_numrows.t'
[MSG] [Fri Sep  2 09:50:39 2011] Extracted 'DBD-SQLite-1.33/t/18_insertfetch.t'
[MSG] [Fri Sep  2 09:50:39 2011] Extracted 'DBD-SQLite-1.33/t/rt_32889_prepare_cached_reexecute.t'
[MSG] [Fri Sep  2 09:50:39 2011] Extracted 'DBD-SQLite-1.33/t/22_listfields.t'
[MSG] [Fri Sep  2 09:50:39 2011] Extracted 'DBD-SQLite-1.33/t/19_bindparam.t'
[MSG] [Fri Sep  2 09:50:39 2011] Extracted 'DBD-SQLite-1.33/t/rt_25460_numeric_aggregate.t'
[MSG] [Fri Sep  2 09:50:39 2011] Extracted 'DBD-SQLite-1.33/t/14_progress_handler.t'
[MSG] [Fri Sep  2 09:50:39 2011] Extracted 'DBD-SQLite-1.33/t/rt_53235_icu_compatibility.t'
[MSG] [Fri Sep  2 09:50:39 2011] Extracted 'DBD-SQLite-1.33/t/30_auto_rollback.t'
[MSG] [Fri Sep  2 09:50:39 2011] Extracted 'DBD-SQLite-1.33/t/36_hooks.t'
[MSG] [Fri Sep  2 09:50:39 2011] Extracted 'DBD-SQLite-1.33/t/rt_48393_debug_panic_with_commit.t'
[MSG] [Fri Sep  2 09:50:39 2011] Extracted 'DBD-SQLite-1.33/t/41_placeholders.t'
[MSG] [Fri Sep  2 09:50:39 2011] Extracted 'DBD-SQLite-1.33/t/20_blobs.t'
[MSG] [Fri Sep  2 09:50:39 2011] Extracted 'DBD-SQLite-1.33/t/06_tran.t'
[MSG] [Fri Sep  2 09:50:39 2011] Extracted 'DBD-SQLite-1.33/t/35_table_info.t'
[MSG] [Fri Sep  2 09:50:39 2011] Extracted 'DBD-SQLite-1.33/t/lib/'
[MSG] [Fri Sep  2 09:50:39 2011] Extracted 'DBD-SQLite-1.33/t/lib/Test.pm'
[MSG] [Fri Sep  2 09:50:39 2011] Extracted 'DBD-SQLite-1.33/t/03_create_table.t'
[MSG] [Fri Sep  2 09:50:39 2011] Extracted 'DBD-SQLite-1.33/t/25_chopblanks.t'
[MSG] [Fri Sep  2 09:50:39 2011] Extracted 'DBD-SQLite-1.33/t/27_metadata.t'
[MSG] [Fri Sep  2 09:50:39 2011] Extracted 'DBD-SQLite-1.33/t/01_compile.t'
[MSG] [Fri Sep  2 09:50:39 2011] Extracted 'DBD-SQLite-1.33/t/37_regexp.t'
[MSG] [Fri Sep  2 09:50:39 2011] Extracted 'DBD-SQLite-1.33/t/rt_50503_fts3.t'
[MSG] [Fri Sep  2 09:50:39 2011] Extracted 'DBD-SQLite-1.33/t/38_empty_statement.t'
[MSG] [Fri Sep  2 09:50:39 2011] Extracted 'DBD-SQLite-1.33/t/rt_21406_auto_finish.t'
[MSG] [Fri Sep  2 09:50:39 2011] Extracted 'DBD-SQLite-1.33/t/29_cppcomments.t'
[MSG] [Fri Sep  2 09:50:39 2011] Extracted 'DBD-SQLite-1.33/t/rt_15186_prepcached.t'
[MSG] [Fri Sep  2 09:50:39 2011] Extracted 'DBD-SQLite-1.33/t/42_primary_key_info.t'
[MSG] [Fri Sep  2 09:50:39 2011] Extracted 'DBD-SQLite-1.33/t/23_nulls.t'
[MSG] [Fri Sep  2 09:50:39 2011] Extracted 'DBD-SQLite-1.33/t/34_online_backup.t'
[MSG] [Fri Sep  2 09:50:39 2011] Extracted 'DBD-SQLite-1.33/t/15_ak_dbd.t'
[MSG] [Fri Sep  2 09:50:39 2011] Extracted 'DBD::SQLite' to '/home/zhangzg/.cpanplus/5.8.8/build/DBD-SQLite-1.33'
[MSG] [Fri Sep  2 09:50:41 2011] Checking if your kit is complete...
Looks good
Multiple copies of Driver.xst found in: /data/perllib/lib/x86_64-linux-thread-multi/auto/DBI/ /usr/lib64/perl5/vendor_perl/5.8.8/x86_64-linux-thread-multi/auto/DBI/ at /home/zhangzg/.cpanplus/5.8.8/build/DBD-SQLite-1.33/Makefile.PL line 331
Using DBI 1.609 (for perl 5.008008 on x86_64-linux-thread-multi) installed in /data/perllib/lib/x86_64-linux-thread-multi/auto/DBI/
Writing Makefile for DBD::SQLite
Writing MYMETA.yml and MYMETA.json

[MSG] [Fri Sep  2 09:50:41 2011] DEFAULT 'filter_prereqs' HANDLER RETURNING 'sub return value'
[MSG] [Fri Sep  2 09:51:02 2011] cp lib/DBD/SQLite.pm blib/lib/DBD/SQLite.pm
cp lib/DBD/SQLite/Cookbook.pod blib/lib/DBD/SQLite/Cookbook.pod
/usr/bin/perl -p -e "s/~DRIVER~/SQLite/g" /data/perllib/lib/x86_64-linux-thread-multi/auto/DBI/Driver.xst > SQLite.xsi
/usr/bin/perl /data/perllib/lib/ExtUtils/xsubpp  -typemap /usr/lib/perl5/5.8.8/ExtUtils/typemap  SQLite.xs > SQLite.xsc && mv SQLite.xsc SQLite.c
gcc -c  -I. -I/data/perllib/lib/x86_64-linux-thread-multi/auto/DBI -D_REENTRANT -D_GNU_SOURCE -fno-strict-aliasing -pipe -Wdeclaration-after-statement -I/usr/local/include -D_LARGEFILE_SOURCE -D_FILE_OFFSET_BITS=64 -I/usr/include/gdbm -O2   -DVERSION=\"1.33\" -DXS_VERSION=\"1.33\" -fPIC "-I/usr/lib64/perl5/5.8.8/x86_64-linux-thread-multi/CORE"  -DSQLITE_ENABLE_FTS3 -DSQLITE_ENABLE_FTS3_PARENTHESIS -DSQLITE_ENABLE_RTREE -DSQLITE_ENABLE_COLUMN_METADATA -DNDEBUG=1 -DHAVE_USLEEP=1 SQLite.c
SQLite.xs: In function ‘XS_DBD__SQLite__db_set_authorizer’:
SQLite.xs:160: warning: cast to pointer from integer of different size
gcc -c  -I. -I/data/perllib/lib/x86_64-linux-thread-multi/auto/DBI -D_REENTRANT -D_GNU_SOURCE -fno-strict-aliasing -pipe -Wdeclaration-after-statement -I/usr/local/include -D_LARGEFILE_SOURCE -D_FILE_OFFSET_BITS=64 -I/usr/include/gdbm -O2   -DVERSION=\"1.33\" -DXS_VERSION=\"1.33\" -fPIC "-I/usr/lib64/perl5/5.8.8/x86_64-linux-thread-multi/CORE"  -DSQLITE_ENABLE_FTS3 -DSQLITE_ENABLE_FTS3_PARENTHESIS -DSQLITE_ENABLE_RTREE -DSQLITE_ENABLE_COLUMN_METADATA -DNDEBUG=1 -DHAVE_USLEEP=1 dbdimp.c
gcc -c  -I. -I/data/perllib/lib/x86_64-linux-thread-multi/auto/DBI -D_REENTRANT -D_GNU_SOURCE -fno-strict-aliasing -pipe -Wdeclaration-after-statement -I/usr/local/include -D_LARGEFILE_SOURCE -D_FILE_OFFSET_BITS=64 -I/usr/include/gdbm -O2   -DVERSION=\"1.33\" -DXS_VERSION=\"1.33\" -fPIC "-I/usr/lib64/perl5/5.8.8/x86_64-linux-thread-multi/CORE"  -DSQLITE_ENABLE_FTS3 -DSQLITE_ENABLE_FTS3_PARENTHESIS -DSQLITE_ENABLE_RTREE -DSQLITE_ENABLE_COLUMN_METADATA -DNDEBUG=1 -DHAVE_USLEEP=1 sqlite3.c
Running Mkbootstrap for DBD::SQLite ()
chmod 644 SQLite.bs
rm -f blib/arch/auto/DBD/SQLite/SQLite.so
gcc  -shared -O2 -g -pipe -Wall -Wp,-D_FORTIFY_SOURCE=2 -fexceptions -fstack-protector --param=ssp-buffer-size=4 -m64 -mtune=generic SQLite.o dbdimp.o sqlite3.o  -o blib/arch/auto/DBD/SQLite/SQLite.so 	\
	     	\
	  
chmod 755 blib/arch/auto/DBD/SQLite/SQLite.so
cp SQLite.bs blib/arch/auto/DBD/SQLite/SQLite.bs
chmod 644 blib/arch/auto/DBD/SQLite/SQLite.bs
lib/DBD/SQLite.pm:617: Unknown command paragraph "=encoding utf-8"
Manifying blib/man3/DBD::SQLite.3pm
Manifying blib/man3/DBD::SQLite::Cookbook.3pm

[MSG] [Fri Sep  2 09:51:20 2011] MAKE TEST passed: PERL_DL_NONLAZY=1 /usr/bin/perl "-MExtUtils::Command::MM" "-e" "test_harness(0, 'blib/lib', 'blib/arch')" t/*.t
# $DBI::VERSION=1.609
# Compile Options:
#   ENABLE_COLUMN_METADATA
#   ENABLE_FTS3
#   ENABLE_FTS3_PARENTHESIS
#   ENABLE_RTREE
#   TEMP_STORE=1
#   THREADSAFE=1
t/01_compile.t .............................. ok
# sqlite_version=3.7.6.3
t/02_logon.t ................................ ok
t/03_create_table.t ......................... ok
t/04_insert.t ............................... ok
t/05_select.t ............................... ok
t/06_tran.t ................................. ok
t/07_error.t ................................ ok
t/08_busy.t ................................. ok
t/09_create_function.t ...................... ok
t/10_create_aggregate.t ..................... ok
t/12_unicode.t .............................. ok
t/13_create_collation.t ..................... ok
t/14_progress_handler.t ..................... ok
t/15_ak_dbd.t ............................... ok
t/16_column_info.t .......................... ok
t/17_createdrop.t ........................... ok
t/18_insertfetch.t .......................... ok
t/19_bindparam.t ............................ ok
t/20_blobs.t ................................ ok
t/21_blobtext.t ............................. ok
t/22_listfields.t ........................... ok
t/23_nulls.t ................................ ok
t/24_numrows.t .............................. ok
t/25_chopblanks.t ........................... ok
t/26_commit.t ............................... ok
t/27_metadata.t ............................. ok
t/28_schemachange.t ......................... ok
t/29_cppcomments.t .......................... ok
t/30_auto_rollback.t ........................ ok
t/31_bind_weird_number_param.t .............. ok
t/32_inactive_error.t ....................... ok
t/33_non_latin_path.t ....................... ok
t/34_online_backup.t ........................ ok
t/35_table_info.t ........................... ok
t/36_hooks.t ................................ ok
t/37_regexp.t ............................... ok
t/38_empty_statement.t ...................... ok
t/39_foreign_keys.t ......................... ok
t/40_multiple_statements.t .................. ok
t/41_placeholders.t ......................... ok
t/42_primary_key_info.t ..................... ok
t/43_fts3.t ................................. ok
t/44_rtree.t ................................ ok
t/45_savepoints.t ........................... ok
t/rt_15186_prepcached.t ..................... ok
t/rt_21406_auto_finish.t .................... ok
t/rt_25371_asymmetric_unicode.t ............. ok
t/rt_25460_numeric_aggregate.t .............. ok
t/rt_25924_user_defined_func_unicode.t ...... ok
t/rt_27553_prepared_cache_and_analyze.t ..... ok
t/rt_29058_group_by.t ....................... ok
t/rt_29629_sqlite_where_length.t ............ ok
t/rt_31324_full_names.t ..................... ok
t/rt_32889_prepare_cached_reexecute.t ....... ok
t/rt_36836_duplicate_key.t .................. ok
t/rt_36838_unique_and_bus_error.t ........... ok
t/rt_40594_nullable.t ....................... ok
t/rt_48393_debug_panic_with_commit.t ........ skipped: set $ENV{TEST_DBD_SQLITE_WITH_DEBUGGER} to enable this test
t/rt_50503_fts3.t ........................... ok
t/rt_52573_manual_exclusive_lock.t .......... ok
t/rt_53235_icu_compatibility.t .............. skipped: requires SQLite ICU plugin to be enabled
t/rt_62370_diconnected_handles_operation.t .. ok
All tests successful.
Files=62, Tests=1439, 18 wallclock secs ( 0.49 usr  1.13 sys +  4.66 cusr  5.52 csys = 11.80 CPU)
Result: PASS

[MSG] [Fri Sep  2 09:51:20 2011] Sending test report for 'DBD-SQLite-1.33'
[MSG] [Fri Sep  2 09:51:21 2011] DEFAULT 'munge_test_report' HANDLER RETURNING 'sub return value'
[MSG] [Fri Sep  2 09:51:21 2011] Successfully sent 'pass' report for 'DBD-SQLite-1.33'
[ERROR] [Fri Sep  2 09:56:13 2011] MAKE INSTALL failed: Bad file descriptor 