
cpan> ! system("echo %path:;=&echo.%")
C:\ProgramData\Oracle\Java\javapath
C:\WINDOWS\System32
C:\WINDOWS
C:\WINDOWS\System32\Wbem
C:\WINDOWS\System32\WindowsPowerShell\v1.0\
C:\Program Files\CMake\bin
C:\Program Files (x86)\Git\cmd
C:\Users\pfbader\Documents\00_None_Reg_Programs\pthreads-w32-2-9-1-release\Pre-built.2\dll\x86
C:\WINDOWS\system32
C:\Strawberry\c\bin
C:\Strawberry\perl\site\bin
C:\Strawberry\perl\bin
C:\Cygwin\bin
C:\Program Files (x86)\PuTTY
C:\Users\pfbader\MB2VSBIN
%USERPROFILE%\AppData\Local\Microsoft\WindowsApps

cpan> install pp
Database was generated on Wed, 04 Oct 2017 10:01:30 GMT

Running install for module 'pp'
Checksum for C:\STRAWB~1\cpan\sources\authors\id\R\RS\RSCHUPP\PAR-Packer-1.039.tar.gz ok
Scanning cache C:\STRAWB~1\cpan\build for sizes
............................................................................DONE
Configuring R/RS/RSCHUPP/PAR-Packer-1.039.tar.gz with Makefile.PL
Checking if your kit is complete...
Looks good
Generating a gmake-style Makefile
Writing Makefile for PAR::Packer
Writing MYMETA.yml and MYMETA.json
  RSCHUPP/PAR-Packer-1.039.tar.gz
  C:\Strawberry\perl\bin\perl.exe Makefile.PL -- OK
Running make for R/RS/RSCHUPP/PAR-Packer-1.039.tar.gz
---- Unsatisfied dependencies detected during ----
----      RSCHUPP/PAR-Packer-1.039.tar.gz     ----
    Module::Signature [requires,optional]
cp lib/PAR/Filter/PodStrip.pm blib\lib\PAR\Filter\PodStrip.pm
cp lib/PAR/Packer.pm blib\lib\PAR\Packer.pm
cp lib/PAR/Filter/PatchContent.pm blib\lib\PAR\Filter\PatchContent.pm
cp lib/PAR/StrippedPARL/Base.pm blib\lib\PAR\StrippedPARL\Base.pm
cp lib/PAR/Filter/Bytecode.pm blib\lib\PAR\Filter\Bytecode.pm
cp lib/PAR/Filter/Bleach.pm blib\lib\PAR\Filter\Bleach.pm
cp lib/PAR/Filter.pm blib\lib\PAR\Filter.pm
cp lib/App/Packer/PAR.pm blib\lib\App\Packer\PAR.pm
cp lib/PAR/Filter/Obfuscate.pm blib\lib\PAR\Filter\Obfuscate.pm
cp lib/pp.pm blib\lib\pp.pm
gmake[1]: Entering directory 'C:/STRAWB~1/cpan/build/PAR-Packer-1.039-1/myldr'
Makefile:861: warning: overriding recipe for target '.c.o'
Makefile:335: warning: ignoring old recipe for target '.c.o'
"C:\Strawberry\perl\bin\perl.exe" par_pl2c.pl my_par_pl < ..\script\par.pl > my_par_pl.c
"C:\Strawberry\perl\bin\perl.exe" sha1.c.PL
gcc -c -s -O2 -DWIN32 -D__USE_MINGW_ANSI_STDIO -DPERL_TEXTMODE_SCRIPTS -DPERL_IMPLICIT_CONTEXT -DPERL_IMPLICIT_SYS -DUSE_PERLIO -fwrapv -fno-strict-aliasing -mms-bitfields  -I"C:\STRAWB~1\perl\lib\CORE"  -DLDLIBPTHNAME=\"\" -DPARL_EXE=\"parl.exe\" -DPAR_PACKER_VERSION=\"1.039\" -s -O2 main.c
windres -i winres/pp.rc -o ppresource.coff --input-format=rc --output-format=coff --target=pe-i386
g++ main.o ppresource.coff -s   -s -L"C:\STRAWB~1\perl\lib\CORE" -L"C:\STRAWB~1\c\lib"  "C:\STRAWB~1\perl\lib\CORE\libperl526.a" "C:\STRAWB~1\c\i686-w64-mingw32\lib\libmoldname.a" "C:\STRAWB~1\c\i686-w64-mingw32\lib\libkernel32.a" "C:\STRAWB~1\c\i686-w64-mingw32\lib\libuser32.a" "C:\STRAWB~1\c\i686-w64-mingw32\lib\libgdi32.a" "C:\STRAWB~1\c\i686-w64-mingw32\lib\libwinspool.a" "C:\STRAWB~1\c\i686-w64-mingw32\lib\libcomdlg32.a" "C:\STRAWB~1\c\i686-w64-mingw32\lib\libadvapi32.a" "C:\STRAWB~1\c\i686-w64-mingw32\lib\libshell32.a" "C:\STRAWB~1\c\i686-w64-mingw32\lib\libole32.a" "C:\STRAWB~1\c\i686-w64-mingw32\lib\liboleaut32.a" "C:\STRAWB~1\c\i686-w64-mingw32\lib\libnetapi32.a" "C:\STRAWB~1\c\i686-w64-mingw32\lib\libuuid.a" "C:\STRAWB~1\c\i686-w64-mingw32\lib\libws2_32.a" "C:\STRAWB~1\c\i686-w64-mingw32\lib\libmpr.a" "C:\STRAWB~1\c\i686-w64-mingw32\lib\libwinmm.a" "C:\STRAWB~1\c\i686-w64-mingw32\lib\libversion.a" "C:\STRAWB~1\c\i686-w64-mingw32\lib\libodbc32.a" "C:\STRAWB~1\c\i686-w64-mingw32\lib\libodbccp32.a" "C:\STRAWB~1\c\i686-w64-mingw32\lib\libcomctl32.a"  -o par.exe
rem
"C:\Strawberry\perl\bin\perl.exe" encode_append.pl Dynamic.in par.exe Dynamic.pm
"C:\Strawberry\perl\bin\perl.exe" embed_files.pl -c 32768 par.exe "C:\STRAWB~1\perl\bin\perl526.dll" "C:\Strawberry\perl\bin\libgcc_s_dw2-1.dll" "C:\Strawberry\perl\bin\libwinpthread-1.dll" "C:\Strawberry\perl\bin\libstdc++-6.dll" > boot_embedded_files.c
# using "objdump" recusrively to find DLLs needed by par.exe
# embedding "par.exe" as "par.exe"
# embedding "C:\Strawberry\perl\bin/perl526.dll" as "perl526.dll"
# embedding "C:\Strawberry\perl\bin/libstdc++-6.dll" as "libstdc++-6.dll"
# embedding "C:\Strawberry\perl\bin/libgcc_s_dw2-1.dll" as "libgcc_s_dw2-1.dll"
# embedding "C:\Strawberry\perl\bin/libwinpthread-1.dll" as "libwinpthread-1.dll"
gcc -c -s -O2 -DWIN32 -D__USE_MINGW_ANSI_STDIO -DPERL_TEXTMODE_SCRIPTS -DPERL_IMPLICIT_CONTEXT -DPERL_IMPLICIT_SYS -DUSE_PERLIO -fwrapv -fno-strict-aliasing -mms-bitfields  -I"C:\STRAWB~1\perl\lib\CORE"  -DLDLIBPTHNAME=\"\" -DPARL_EXE=\"parl.exe\" -DPAR_PACKER_VERSION=\"1.039\" -s -O2 boot.c
In file included from mktmpdir.h:87:0,
                 from mktmpdir.c:1,
                 from boot.c:10:
sha1.c: In function 'sha_transform':
sha1.c:146:4: warning: right shift count >= width of type [-Wshift-count-overflow]
  T >>= 32;
    ^~~
boot.c: In function 'shell_quote':
boot.c:123:15: warning: initialization discards 'const' qualifier from pointer target type [-Wdiscarded-qualifiers]
     char *p = src;
               ^~~
g++ boot.o  -static-libgcc -s   -s -L"C:\STRAWB~1\perl\lib\CORE" -L"C:\STRAWB~1\c\lib"  "C:\STRAWB~1\perl\lib\CORE\libperl526.a" "C:\STRAWB~1\c\i686-w64-mingw32\lib\libmoldname.a" "C:\STRAWB~1\c\i686-w64-mingw32\lib\libkernel32.a" "C:\STRAWB~1\c\i686-w64-mingw32\lib\libuser32.a" "C:\STRAWB~1\c\i686-w64-mingw32\lib\libgdi32.a" "C:\STRAWB~1\c\i686-w64-mingw32\lib\libwinspool.a" "C:\STRAWB~1\c\i686-w64-mingw32\lib\libcomdlg32.a" "C:\STRAWB~1\c\i686-w64-mingw32\lib\libadvapi32.a" "C:\STRAWB~1\c\i686-w64-mingw32\lib\libshell32.a" "C:\STRAWB~1\c\i686-w64-mingw32\lib\libole32.a" "C:\STRAWB~1\c\i686-w64-mingw32\lib\liboleaut32.a" "C:\STRAWB~1\c\i686-w64-mingw32\lib\libnetapi32.a" "C:\STRAWB~1\c\i686-w64-mingw32\lib\libuuid.a" "C:\STRAWB~1\c\i686-w64-mingw32\lib\libws2_32.a" "C:\STRAWB~1\c\i686-w64-mingw32\lib\libmpr.a" "C:\STRAWB~1\c\i686-w64-mingw32\lib\libwinmm.a" "C:\STRAWB~1\c\i686-w64-mingw32\lib\libversion.a" "C:\STRAWB~1\c\i686-w64-mingw32\lib\libodbc32.a" "C:\STRAWB~1\c\i686-w64-mingw32\lib\libodbccp32.a" "C:\STRAWB~1\c\i686-w64-mingw32\lib\libcomctl32.a"  ppresource.coff -o boot.exe
rem
"C:\Strawberry\perl\bin\perl.exe" encode_append.pl Static.in boot.exe Static.pm
"C:\Strawberry\perl\bin\perl.exe" -Mblib=.. run_with_inc.pl boot.exe -q -B -Oparl.exe
[ODEBUG] [Explorer Probe] [`anonymous-namespace'::filter_holder_t::~filter_holder_t]#Destroying filter_holder_t at 10034608.[ODEBUG] [Explorer Probe] [`anonymous-namespace'::filter_holder_t::~filter_holder_t]#Destroying filter_holder_t at 10034650.[ODEBUG] [Explorer Probe] [`anonymous-namespace'::filter_holder_t::~filter_holder_t]#Destroying filter_holder_t at 10034608.[ODEBUG] [Explorer Probe] [`anonymous-namespace'::filter_holder_t::~filter_holder_t]#Destroying filter_holder_t at 10034650."C:\Strawberry\perl\bin\perl.exe" -MExtUtils::Command -e cp -- parl.exe ..\blib\script\parl.exe
rem ..\blib\script\parl.exe
"C:\Strawberry\perl\bin\perl.exe" -Mblib=.. run_with_inc.pl par.exe -q -B -Oparldyn.exe
[ODEBUG] [Explorer Probe] [`anonymous-namespace'::filter_holder_t::~filter_holder_t]#Destroying filter_holder_t at 101C4608.[ODEBUG] [Explorer Probe] [`anonymous-namespace'::filter_holder_t::~filter_holder_t]#Destroying filter_holder_t at 101C4650."C:\Strawberry\perl\bin\perl.exe" -MExtUtils::Command -e cp -- parldyn.exe ..\blib\script\parldyn.exe
rem ..\blib\script\parldyn.exe
gmake[1]: Leaving directory 'C:/STRAWB~1/cpan/build/PAR-Packer-1.039-1/myldr'
"C:\Strawberry\perl\bin\perl.exe" -MExtUtils::Command -e cp -- script/par.pl blib\script\par.pl
pl2bat.bat blib\script\par.pl
"C:\Strawberry\perl\bin\perl.exe" -MExtUtils::Command -e cp -- script/pp blib\script\pp
pl2bat.bat blib\script\pp
"C:\Strawberry\perl\bin\perl.exe" -MExtUtils::Command -e cp -- script/tkpp blib\script\tkpp
pl2bat.bat blib\script\tkpp
  RSCHUPP/PAR-Packer-1.039.tar.gz
  C:\STRAWB~1\c\bin\gmake.exe -- OK
Running make test
gmake[1]: Entering directory 'C:/STRAWB~1/cpan/build/PAR-Packer-1.039-1/myldr'
Makefile:861: warning: overriding recipe for target '.c.o'
Makefile:335: warning: ignoring old recipe for target '.c.o'
gmake[1]: Leaving directory 'C:/STRAWB~1/cpan/build/PAR-Packer-1.039-1/myldr'
gmake[1]: Entering directory 'C:/STRAWB~1/cpan/build/PAR-Packer-1.039-1/myldr'
Makefile:861: warning: overriding recipe for target '.c.o'
Makefile:335: warning: ignoring old recipe for target '.c.o'
No tests defined for myldr extension.
gmake[1]: Leaving directory 'C:/STRAWB~1/cpan/build/PAR-Packer-1.039-1/myldr'
"C:\Strawberry\perl\bin\perl.exe" "-MExtUtils::Command::MM" "-MTest::Harness" "-e" "undef *Test::Harness::Switches; test_harness(0, 'blib\lib', 'blib\arch')" t/*.t
t/00-pod.t ............... skipped: Set environment variable PERL_TEST_POD=1 to test POD
t/10-parl-generation.t ... 1/31 [ODEBUG] [Explorer Probe] [`anonymous-namespace'::filter_holder_t::~filter_holder_t]#Destroying filter_holder_t at 0F9F4608.[ODEBUG] [Explorer Probe] [`anonymous-namespace'::filter_holder_t::~filter_holder_t]#Destroying filter_holder_t at 0F9F4650.[ODEBUG] [Explorer Probe] [`anonymous-namespace'::filter_holder_t::~filter_holder_t]#Destroying filter_holder_t at 0F9F4608.[ODEBUG] [Explorer Probe] [`anonymous-namespace'::filter_holder_t::~filter_ht/10-parl-generation.t ... 15/31 [ODEBUG] [Explorer Probe] [`anonymous-namespace'::filter_holder_t::~filter_holder_t]#Destroying filter_holder_t at 0F694608.[ODEBUG] [Explorer Probe] [`anonymous-namespace'::filter_holder_t::~filter_holder_tt/10-parl-generation.t ... ok     694650.
t/20-pp.t ................ [ODEBUG] [Explorer Probe] [`anonymous-namespace'::filter_holder_t::~filter_holder_t]#Destroying filter_holder_t at 10124608.[ODEBUG] [Explorer Probe] [`anonymous-namespace'::filter_holder_t::~filter_holder_t]#Destroying filter_holder_t at 10124650.[ODEBUG] [Explorer Probe] [`anonymous-namespace'::filter_holder_t::~filter_holder_t]#Destroying filter_holder_t at 10124608.[ODEBUG] [Explorer Probe] [`anonymous-namespace'::filter_holder_t::~filter_holder_t]#Destroying filter_holder_t at 10124650.[ODEBUG] [Explorer Probe] [`anonymous-namespace'::filter_holder_t::~filter_holder_t]#Destroying filter_holder_t at 0F634608.[ODEBUG] [Explorer Probe] [`anonymous-namespace'::filter_holder_t::~filter_holder_t]#Destroying filter_holder_t at 0F634650.[ODEBUG] [Explorer Probe] [`anonymous-namespace'::filter_holder_t::~filter_holder_t]#Destroying filter_holder_t at 0F634608.[ODEBUG] [Explorer Probe] [`anonymous-namespace'::filter_holder_tt/20-pp.t ................ 1/34 [ODEBUG] [Explorer Probe] [`anonymous-namespace'::filter_holder_t::~filter_holder_t]#Destroying filter_holder_t at 0F6D4608.[ODEBUG] [Explorer Probe] [`anonymous-namespace'::filter_holder_t::~filter_holder_t]#Destroying filter_holder_t at 0F6D4650.[ODEBUG] [Explorer Probe] [`anonymous-namespace'::filter_holder_t::~filter_holder_t]#Destroying filter_holder_t at 0F6D4608.[ODEBUG] [Explorer Probe] [`anonymous-namespace'::filter_holder_t::~filter_holder_t]#Destroying filter_holder_t at 0F6D4650.[ODEBUG] [Explorer Probe] [`anonymous-namespace'::filter_holder_t::~filter_holder_t]#Destroying filter_holder_t at 0F904608.[ODEBUG] [Explorer Probe] [`anonymous-namespace'::filter_holder_t::~filter_holder_t]#Destroying filter_holder_t at 0F904650.[ODEBUG] [Explorer Probe] [`anonymous-namespace'::filter_holder_t::~filter_holder_t]#Destroying filter_holder_t at 0F904608.[ODEBUG] [Explorer Probe] [`anonymous-namespace'::filter_holt/20-pp.t ................ 2/34 [ODEBUG] [Explorer Probe] [`anonymous-namespace'::filter_holder_t::~filter_holder_t]#Destroying filter_holder_t at 0FCB4608.[ODEBUG] [Explorer Probe] [`anonymous-namespace'::filter_holder_t::~filter_holder_t]#Destroying filter_holder_t at 0FCB4650.[ODEBUG] [Explorer Probe] [`anonymous-namespace'::filter_holder_t::~filter_holder_t]#Destroying filter_holder_t at 0FCB4608.[ODEBUG] [Explorer Probe] [`anonymous-namespace'::filter_holder_t::~filter_holder_t]#Destroying filter_holder_t at 0FCB4650.[ODEBUG] [Explorer Probe] [`anonymous-namespace'::filter_holder_t::~filter_holder_t]#Destroying filter_holder_t at 0F994608.[ODEBUG] [Explorer Probe] [`anonymous-namespace'::filter_holder_t::~filter_holder_t]#Destroyt/20-pp.t ................ 5/34 [ODEBUG] [Explorer Probe] [`anonymous-namespace'::filter_holder_t::~filter_holder_t]#Destroying filter_holder_t at 0F604608.[ODEBUG] [Explorer Probe] [`anonymous-namespace'::filter_holder_t::~filter_holder_t]#Destroying filter_holder_t at 0F604650.[ODEBUG] [Explorer Probe] [`anonymous-namespace'::filter_holder_t::~filter_holder_t]#Destroying filter_holder_t at 0F604608.[ODEBUG] [Explorer Probe] [`anonymous-namespace'::filter_holder_t::~filter_holder_t]#Destroying filter_holder_t at 0F604650.[ODEBUG] [Explorer Probe] [`anonymous-namespace'::filter_holder_t::~filter_holder_t]#Destroying filter_holder_t at 0F6E4608.[ODEBUG] [Explorer Probe] [`anonymous-namespace'::filter_holder_t::~filter_holder_t]#Destroying filter_holder_t at 0F6E4650.[ODEBUG] [Explorer Probe] [`anonymous-namespace'::filter_holder_t::~filter_holder_t]#Destroying filter_holder_t at 0F6E4608.[ODEBUG] [Explorer Probe] [`anonymous-namespace'::filter_holder_t::~t/20-pp.t ................ 6/34 [ODEBUG] [Explorer Probe] [`anonymous-namespace'::filter_holder_t::~filter_holder_t]#Destroying filter_holder_t at 0FA34608.[ODEBUG] [Explorer Probe] [`anonymous-namespace'::filter_holder_t::~filter_holder_t]#Destroying filter_holder_t at 0FA34650.[ODEBUG] [Explorer Probe] [`anonymous-namespace'::filter_holder_t::~filter_holder_t]#Destroying filter_holder_t at 0FA34608.[ODEBUG] [Explorer Probe] [`anonymous-namespace'::filter_holder_t::~filter_holder_t]#Destroying filter_holder_t at 0FA34650.[ODEBUG] [Explorer Probe] [`anonymous-namespace'::filter_holder_t::~filter_holder_t]#Destroying filter_holder_t at 0F614608.[ODEBUG] [Explorer Probe] [`anonymous-namespace'::filter_holder_t::~filter_holder_t]#Destroying filter_holder_t at 0F614650.[ODEBUG] [Explorer Probe] [`anonymous-namespace'::filter_holder_t::~filter_holder_t]#Destroying filter_holder_t at 0F614608.[ODEBUG]t/20-pp.t ................ 10/34 [ODEBUG] [Explorer Probe] [`anonymous-namespace'::filter_holder_t::~filter_holder_t]#Destroying filter_holder_t at 0F744608.[ODEBUG] [Explorer Probe] [`anonymous-namespace'::filter_holder_t::~filter_holder_t]#Destroying filter_holder_t at 0F744650.[ODEBUG] [Explorer Probe] [`anonymous-namespace'::filter_holder_t::~filter_holder_t]#Destroying filter_holder_t at 0F744608.[ODEBUG] [Explorer Probe] [`anonymous-namespace'::filter_holder_t::~filter_holder_t]#Destroying filter_holder_t at 0F744650.[ODEBUG] [Explorer Probe] [`anonymous-namespace'::filter_holder_t::~filter_holder_t]#Destroying filter_holder_t at 10294608.[ODEBUG] [Explorer Probe] [`anonymous-namespace'::filter_holder_t::~filter_holder_t]#Destroying filter_holder_t at 10294650.[ODEBUG] [Explorer Probe] [`anonymous-namespace'::filter_holder_t::~filter_holder_t]#Destroying filter_holder_t at 10294608.[ODEBUGt/20-pp.t ................ 13/34 C:\Users\pfbader\AppData\Local\Temp\vCPR10lMX_ syntax OKfilter_holder_t at 10294650.
[ODEBUG] [Explorer Probe] [`anonymous-namespace'::filter_holder_t::~filter_holder_t]#Destroying filter_holder_t at 101C4608.[ODEBUG] [Explorer Probe] [`anonymous-namespace'::filter_holder_t::~filter_holder_t]#Destroying filter_holder_t at 101C4650.[ODEBUG] [Explorer Probe] [`anonymous-namespace'::filter_holder_t::~filter_holder_t]#Destroying filter_holder_t at 101C4608.[ODEBUG] [Explorer Probe] [`anonymous-namespace'::filter_holder_t::~filter_holder_t]#Destroying filter_holder_t at 101C4650.[ODEBUG] [Explorer Probe] [`anonymous-namespace'::filter_holder_t::~filter_holder_t]#Destroying filter_holder_t at 0F714608.[ODEBUG] [Explorer Probe] [`anonymous-namespace'::filter_holder_t::~filter_holder_t]#Destroying filter_holder_t at 0F714650.[ODEBUG] [Explorer Probe] [`anonymous-namespace'::filter_holder_t::~filter_holder_t]#Destroying filter_holder_t at 0F714608.[ODEBUG] [Explorer Probe] [`anonymous-nat/20-pp.t ................ 14/34 [ODEBUG] [Explorer Probe] [`anonymous-namespace'::filter_holder_t::~filter_holder_t]#Destroying filter_holder_t at 0F544608.[ODEBUG] [Explorer Probe] [`anonymous-namespace'::filter_holder_t::~filter_holder_t]#Destroying filter_holder_t at 0F544650.[ODEBUG] [Explorer Probe] [`anonymous-namespace'::filter_holder_t::~filter_holder_t]#Destroying filter_holder_t at 0F544608.[ODEBUG] [Explorer Probe] [`anonymous-namespace'::filter_holder_t::~filter_holder_t]#Destroying filter_holder_t at 0F544650.[ODEBUG] [Explorer Probe] [`anonymous-namespace'::filter_holder_t::~filter_holder_t]#Destroying filter_holder_t at 10214608.[ODEBUG] [Explorer Probe] [`anonymous-namespace'::filter_holder_t::~filter_holder_t]#Destroying filter_holder_t at 10214650.[ODEBUG] [Explorer Probe] [`anonymous-namespace'::filter_holder_t::~filter_holder_t]#Destroying filter_holder_t at 10214608.[ODEBUGt/20-pp.t ................ 15/34 [ODEBUG] [Explorer Probe] [`anonymous-namespace'::filter_holder_t::~filter_holder_t]#Destroying filter_holder_t at 0F954608.[ODEBUG] [Explorer Probe] [`anonymous-namespace'::filter_holder_t::~filter_holder_t]#Destroying filter_holder_t at 0F954650.[ODEBUG] [Explorer Probe] [`anonymous-namespace'::filter_holder_t::~filter_holder_t]#Destroying filter_holder_t at 0F954608.[ODEBUG] [Explorer Probe] [`anonymous-namespace'::filter_holder_t::~filter_holder_t]#Destroying filter_holder_t at 0F954650.[ODEBUG] [Explorer Probe] [`anonymous-namespace'::filter_holder_t::~filter_holder_t]#Destroying filter_holder_t at 0FDF4608.[ODEBUG] [Explorer Probe] [`anonymous-namespace'::filter_holder_t::~filter_holder_t]#Destroying filter_holder_t at 0FDF4650.[ODEBUG] [Explorer Probe] [`anonymous-namespace'::filter_holder_t::~filter_holder_t]#Destroying filter_holder_t at 0FDF4608.[ODEBUGt/20-pp.t ................ 16/34 [ODEBUG] [Explorer Probe] [`anonymous-namespace'::filter_holder_t::~filter_holder_t]#Destroying filter_holder_t at 0FCD4608.[ODEBUG] [Explorer Probe] [`anonymous-namespace'::filter_holder_t::~filter_holder_t]#Destroying filter_holder_t at 0FCD4650.[ODEBUG] [Explorer Probe] [`anonymous-namespace'::filter_holder_t::~filter_holder_t]#Destroying filter_holder_t at 0FCD4608.[ODEBUG] [Explorer Probe] [`anonymous-namespace'::filter_holder_t::~filter_holder_t]#Destroying filter_holder_t at 0FCD4650.[ODEBUG] [Explorer Probe] [`anonymous-namespace'::filter_holder_t::~filter_holder_t]#Destroying filter_holder_t at 0F9B4608.[ODEBUG] [Explorer Probe] [`anonymous-namespace'::filter_holder_t::~filter_holder_t]#Destroying filter_holder_t at 0F9B4650.[ODEBUG] [Explorer Probe] [`anonymous-namespace'::filter_holder_t::~filter_holder_t]#Destroying filter_holder_t at 0F9B4608.[ODEBUG] [Explorer Probe] [`anonymous-namespace'::filter_holder_t::~filter_holder_t]#Destroying filter_holder_t at 0F9B4650.[ODEBUG] [Explorer Probe] [`anonymous-namespace'::filter_holder_t::~filter_holder_t]#Destroying filter_holder_t at 0FB34608.[ODEBUG] [Explorer Probe] [`anonymous-namespace'::filter_holder_t::~filter_holder_t]#Destroying filter_holder_t at 0FB34650.[ODEBUG] [Explorer Probe] [`anonymous-namespace'::filter_holder_t::~filter_holder_t]#Destroying filter_holder_t at 0FB34608.[ODEBUG] [Explorer Probe] [`anonymous-namespace'::filter_holder_t::~filter_holder_t]#Destroying filter_holder_t at 0FB34650.[ODEBUG] [Explorer Probe] [`anonymous-namespace'::filter_holder_t::~filter_holder_t]#Destroying filter_holder_t at 10064608.[ODEBUG] [Explorer Probe] [`anonymous-namespace'::filter_holder_t::~filter_holder_t]#Destroying filter_holder_t at 10064650.[ODEBUG] [Explorer Probe] [`anonymous-namespacet/20-pp.t ................ 17/34 [ODEBUG] [Explorer Probe] [`anonymous-namespace'::filter_holder_t::~filter_holder_t]#Destroying filter_holder_t at 0FF54608.[ODEBUG] [Explorer Probe] [`anonymous-namespace'::filter_holder_t::~filter_holder_t]#Destroying filter_holder_t at 0FF54650.[ODEBUG] [Explorer Probe] [`anonymous-namespace'::filter_holder_t::~filter_holder_t]#Destroying filter_holder_t at 0FF54608.[ODEBUG] [Explorer Probe] [`anonymous-namespace'::filter_holder_t::~filter_holder_t]#Destroying filter_holder_t at 0FF54650.[ODEBUG] [Explorer Probe] [`anonymous-namespace'::filter_holder_t::~filter_holder_t]#Destroying filter_holder_t at 0FB54608.[ODEBUG] [Explorer Probe] [`anonymous-namespace'::filter_holder_t::~filter_holder_t]#Destroying filter_holder_t at 0FB54650.[ODEBUG] [Explorer Probe] [`anonymous-namespace'::filter_holder_t::~filter_holder_t]#Destroying filter_holder_t at 0FB54608.[ODEBUG] [Explorer Probe] [`anonymous-namespace'::filter_holder_t::~filter_holder_t]#Destroying filter_holder_t at 0FB54650.[ODEBUG] [Explorer Probe] [`anonymous-namespace'::filter_holder_t::~filter_holder_t]#Destroying filter_holder_t at 0FE94608.[ODEBUG] [Explorer Probe] [`anonymous-namespace'::filter_holder_t::~filter_holder_t]#Destroying filter_holder_t at 0FE94650.[ODEBUG] [Explorer Probe] [`anonymous-namespace'::filter_holder_t::~filter_holder_t]#Destroying filter_holder_t at 0FE94608.[ODEBUG] [Explorer Probe] [`anonymous-namespace'::filter_holder_t::~filter_holder_t]#Destroying filter_holder_t at 0FE94650.[ODEBUG] [Explorer Probe] [`anonymous-namespace'::filter_holder_t::~filter_holder_t]#Destroying filter_holder_t at 0F7B4608.[ODEBUG] [Explorer Probe] [`anonymous-namespace'::filter_holder_t::~filter_holder_t]#Destroying filter_holder_t at 0F7B4650.[ODEBUG] [Explorer Probe] [`anonymous-namespacet/20-pp.t ................ 18/34 [ODEBUG] [Explorer Probe] [`anonymous-namespace'::filter_holder_t::~filter_holder_t]#Destroying filter_holder_t at 0F6C4608.[ODEBUG] [Explorer Probe] [`anonymous-namespace'::filter_holder_t::~filter_holder_t]#Destroying filter_holder_t at 0F6C4650.[ODEBUG] [Explorer Probe] [`anonymous-namespace'::filter_holder_t::~filter_holder_t]#Destroying filter_holder_t at 0F6C4608.[ODEBUG] [Explorer Probe] [`anonymous-namespace'::filter_holder_t::~filter_holder_t]#Destroying filter_holder_t at 0F6C4650.[ODEBUG] [Explorer Probe] [`anonymous-namespace'::filter_holder_t::~filter_holder_t]#Destroying filter_holder_t at 0F5F4608.[ODEBUG] [Explorer Probe] [`anonymous-namespace'::filter_holder_t::~filter_holder_t]#Destroying filter_holder_t at 0F5F4650.[ODEBUG] [Explorer Probe] [`anonymous-namespace'::filter_holder_t::~filter_holder_t]#Destroying filter_holder_t at 0F5F4608.[ODEBUG] [Explorer Probe] [`anonymous-namespace'::filter_holder_t::~filter_holder_t]#Destroying filter_holder_t at 0F5F4650.[ODEBUG] [Explorer Probe] [`anonymous-namespace'::filter_holder_t::~filter_holder_t]#Destroying filter_holder_t at 10054608.[ODEBUG] [Explorer Probe] [`anonymous-namespace'::filter_holder_t::~filter_holder_t]#Destroying filter_holder_t at 10054650.[ODEBUG] [Explorer Probe] [`anonymous-namespace'::filter_holder_t::~filter_holder_t]#Destroying filter_holder_t at 10054608.[ODEBUG] [Explorer Probe] [`anonymous-namespace'::filter_holder_t::~filter_holder_t]#Destroying filter_holder_t at 10054650.[ODEBUG] [Explorer Probe] [`anonymous-namespace'::filter_holder_t::~filter_holder_t]#Destroying filter_holder_t at 0F904608.[ODEBUG] [Explorer Probe] [`anonymous-namespace'::filter_holder_t::~filter_holder_t]#Destroying filter_holder_t at 0F904650.[ODEBUG] [Explorer Probe] [`anonymous-namespacet/20-pp.t ................ 19/34 [ODEBUG] [Explorer Probe] [`anonymous-namespace'::filter_holder_t::~filter_holder_t]#Destroying filter_holder_t at 0F514608.[ODEBUG] [Explorer Probe] [`anonymous-namespace'::filter_holder_t::~filter_holder_t]#Destroying filter_holder_t at 0F514650.[ODEBUG] [Explorer Probe] [`anonymous-namespace'::filter_holder_t::~filter_holder_t]#Destroying filter_holder_t at 0F514608.[ODEBUG] [Explorer Probe] [`anonymous-namespace'::filter_holder_t::~filter_holder_t]#Destroying filter_holder_t at 0F514650.[ODEBUG] [Explorer Probe] [`anonymous-namespace'::filter_holder_t::~filter_holder_t]#Destroying filter_holder_t at 0F534608.[ODEBUG] [Explorer Probe] [`anonymous-namespace'::filter_holder_t::~filter_holder_t]#Destroying filter_holder_t at 0F534650.[ODEBUG] [Explorer Probe] [`anonymous-namespace'::filter_holder_t::~filter_holder_t]#Destroying filter_holder_t at 0F534608.[ODEBUG] [Explorer Probe] [`anonymous-namespace'::filter_holder_t::~filter_holder_t]#Destroying filter_holder_t at 0F534650.[ODEBUG] [Explorer Probe] [`anonymous-namespace'::filter_holder_t::~filter_holder_t]#Destroying filter_holder_t at 0FE64608.[ODEBUG] [Explorer Probe] [`anonymous-namespace'::filter_holder_t::~filter_holder_t]#Destroying filter_holder_t at 0FE64650.[ODEBUG] [Explorer Probe] [`anonymous-namespace'::filter_holder_t::~filter_holder_t]#Destroying filter_holder_t at 0FE64608.[ODEBUG] [Explorer Probe] [`anonymous-namespace'::filter_holder_t::~filter_holder_t]#Destroying filter_holder_t at 0FE64650.[ODEBUG] [Explorer Probe] [`anonymous-namespace'::filter_holder_t::~filter_holder_t]#Destroying filter_holder_t at 0FE54608.[ODEBUG] [Explorer Probe] [`anonymous-namespace'::filter_holder_t::~filter_holder_t]#Destroying filter_holder_t at 0FE54650.[ODEBUG] [Explorer Probe] [`anonymous-namespacet/20-pp.t ................ 20/34 [ODEBUG] [Explorer Probe] [`anonymous-namespace'::filter_holder_t::~filter_holder_t]#Destroying filter_holder_t at 0FDF4608.[ODEBUG] [Explorer Probe] [`anonymous-namespace'::filter_holder_t::~filter_holder_t]#Destroying filter_holder_t at 0FDF4650.[ODEBUG] [Explorer Probe] [`anonymous-namespace'::filter_holder_t::~filter_holder_t]#Destroying filter_holder_t at 0FDF4608.[ODEBUG] [Explorer Probe] [`anonymous-namespace'::filter_holder_t::~filter_holder_t]#Destroying filter_holder_t at 0FDF4650.[ODEBUG] [Explorer Probe] [`anonymous-namespace'::filter_holder_t::~filter_holder_t]#Destroying filter_holder_t at 0FED4608.[ODEBUG] [Explorer Probe] [`anonymous-namespace'::filter_holder_t::~filter_holder_t]#Destroying filter_holder_t at 0FED4650.[ODEBUG] [Explorer Probe] [`anonymous-namespace'::filter_holder_t::~filter_holder_t]#Destroying filter_holder_t at 0FED4608.[ODEBUG] [Explorer Probe] [`anonymous-namespace'::filter_holder_t::~filter_holder_t]#Destroying filter_holder_t at 0FED4650.[ODEBUG] [Explorer Probe] [`anonymous-namespace'::filter_holder_t::~filter_holder_t]#Destroying filter_holder_t at 10384608.[ODEBUG] [Explorer Probe] [`anonymous-namespace'::filter_holder_t::~filter_holder_t]#Destroying filter_holder_t at 10384650.[ODEBUG] [Explorer Probe] [`anonymous-namespace'::filter_holder_t::~filter_holder_t]#Destroying filter_holder_t at 10384608.[ODEBUG] [Explorer Probe] [`anonymous-namespace'::filter_holder_t::~filter_holder_t]#Destroying filter_holder_t at 10384650.[ODEBUG] [Explorer Probe] [`anonymous-namespace'::filter_holder_t::~filter_holder_t]#Destroying filter_holder_t at 10374608.[ODEBUG] [Explorer Probe] [`anonymous-namespace'::filter_holder_t::~filter_holder_t]#Destroying filter_holder_t at 10374650.[ODEBUG] [Explorer Probe] [`anonymous-namespacet/20-pp.t ................ 21/34 [ODEBUG] [Explorer Probe] [`anonymous-namespace'::filter_holder_t::~filter_holder_t]#Destroying filter_holder_t at 0FDF4608.[ODEBUG] [Explorer Probe] [`anonymous-namespace'::filter_holder_t::~filter_holder_t]#Destroying filter_holder_t at 0FDF4650.[ODEBUG] [Explorer Probe] [`anonymous-namespace'::filter_holder_t::~filter_holder_t]#Destroying filter_holder_t at 0FDF4608.[ODEBUG] [Explorer Probe] [`anonymous-namespace'::filter_holder_t::~filter_holder_t]#Destroying filter_holder_t at 0FDF4650.[ODEBUG] [Explorer Probe] [`anonymous-namespace'::filter_holder_t::~filter_holder_t]#Destroying filter_holder_t at 0FCD4608.[ODEBUG] [Explorer Probe] [`anonymous-namespace'::filter_holder_t::~filter_holder_t]#Destroying filter_holder_t at 0FCD4650.[ODEBUG] [Explorer Probe] [`anonymous-namespace'::filter_holder_t::~filter_holder_t]#Destroying filter_holder_t at 0FCD4608.[ODEBUG] [Explorer Probe] [`anonymous-namespace'::filter_holder_t::~filter_holder_t]#Destroying filter_holder_t at 0FCD4650.[ODEBUG] [Explorer Probe] [`anonymous-namespace'::filter_holder_t::~filter_holder_t]#Destroying filter_holder_t at 10184608.[ODEBUG] [Explorer Probe] [`anonymous-namespace'::filter_holder_t::~filter_holder_t]#Destroying filter_holder_t at 10184650.[ODEBUG] [Explorer Probe] [`anonymous-namespace'::filter_holder_t::~filter_holder_t]#Destroying filter_holder_t at 10184608.[ODEBUG] [Explorer Probe] [`anonymous-namespace'::filter_holder_t::~filter_holder_t]#Destroying filter_holder_t at 10184650.[ODEBUG] [Explorer Probe] [`anonymous-namespace'::filter_holder_t::~filter_holder_t]#Destroying filter_holder_t at 0FD74608.[ODEBUG] [Explorer Probe] [`anonymous-namespace'::filter_holder_t::~filter_holder_t]#Destroying filter_holder_t at 0FD74650.[ODEBUG] [Explorer Probe] [`anonymous-namespacet/20-pp.t ................ 22/34 [ODEBUG] [Explorer Probe] [`anonymous-namespace'::filter_holder_t::~filter_holder_t]#Destroying filter_holder_t at 0FE04608.[ODEBUG] [Explorer Probe] [`anonymous-namespace'::filter_holder_t::~filter_holder_t]#Destroying filter_holder_t at 0FE04650.[ODEBUG] [Explorer Probe] [`anonymous-namespace'::filter_holder_t::~filter_holder_t]#Destroying filter_holder_t at 0FE04608.[ODEBUG] [Explorer Probe] [`anonymous-namespace'::filter_holder_t::~filter_holder_t]#Destroying filter_holder_t at 0FE04650.[ODEBUG] [Explorer Probe] [`anonymous-namespace'::filter_holder_t::~filter_holder_t]#Destroying filter_holder_t at 0F4C4608.[ODEBUG] [Explorer Probe] [`anonymous-namespace'::filter_holder_t::~filter_holder_t]#Destroying filter_holder_t at 0F4C4650.[ODEBUG] [Explorer Probe] [`anonymous-namespace'::filter_holder_t::~filter_holder_t]#Destroying filter_holder_t at 0F4C4608.[ODEBUG] [Explorer Probe] [`anonymous-namespace'::filter_holder_t::~filter_holder_t]#Destroying filter_holder_t at 0F4C4650.[ODEBUG] [Explorer Probe] [`anonymous-namespace'::filter_holder_t::~filter_holder_t]#Destroying filter_holder_t at 0F944608.[ODEBUG] [Explorer Probe] [`anonymous-namespace'::filter_holder_t::~filter_holder_t]#Destroying filter_holder_t at 0F944650.[ODEBUG] [Explorer Probe] [`anonymous-namespace'::filter_holder_t::~filter_holder_t]#Destroying filter_holder_t at 0F944608.[ODEBUG] [Explorer Probe] [`anonymous-namespace'::filter_holder_t::~filter_holder_t]#Destroying filter_holder_t at 0F944650.[ODEBUG] [Explorer Probe] [`anonymous-namespace'::filter_holder_t::~filter_holder_t]#Destroying filter_holder_t at 10094608.[ODEBUG] [Explorer Probe] [`anonymous-namespace'::filter_holder_t::~filter_holder_t]#Destroying filter_holder_t at 10094650.[ODEBUG] [Explorer Probe] [`anonymous-namespacet/20-pp.t ................ 25/34 [ODEBUG] [Explorer Probe] [`anonymous-namespace'::filter_holder_t::~filter_holder_t]#Destroying filter_holder_t at 10374608.[ODEBUG] [Explorer Probe] [`anonymous-namespace'::filter_holder_t::~filter_holder_t]#Destroying filter_holder_t at 10374650.[ODEBUG] [Explorer Probe] [`anonymous-namespace'::filter_holder_t::~filter_holder_t]#Destroying filter_holder_t at 10374608.[ODEBUG] [Explorer Probe] [`anonymous-namespace'::filter_holder_t::~filter_holder_t]#Destroying filter_holder_t at 10374650.[ODEBUG] [Explorer Probe] [`anonymous-namespace'::filter_holder_t::~filter_holder_t]#Destroying filter_holder_t at 0F4A4608.[ODEBUG] [Explorer Probe] [`anonymous-namespace'::filter_holder_t::~filter_holder_t]#Destroying filter_holder_t at 0F4A4650.[ODEBUG] [Explorer Probe] [`anonymous-namespace'::filter_holder_t::~filter_holder_t]#Destroying filter_holder_t at 0F4A4608.[ODEBUG] [Explorer Probe] [`anonymous-namespace'::filter_holder_t::~filter_holder_t]#Destroying filter_holder_t at 0F4A4650.[ODEBUG] [Explorer Probe] [`anonymous-namespace'::filter_holder_t::~filter_holder_t]#Destroying filter_holder_t at 0FD34608.[ODEBUG] [Explorer Probe] [`anonymous-namespace'::filter_holder_t::~filter_holder_t]#Destroying filter_holder_t at 0FD34650.[ODEBUG] [Explorer Probe] [`anonymous-namespace'::filter_holder_t::~filter_holder_t]#Destroying filter_holder_t at 0FD34608.[ODEBUG] [Explorer Probe] [`anonymous-namespace'::filter_holder_t::~filter_holder_t]#Destroying filter_holder_t at 0FD34650.[ODEBUG] [Explorer Probe] [`anonymous-namespace'::filter_holder_t::~filter_holder_t]#Destroying filter_holder_t at 0F9E4608.[ODEBUG] [Explorer Probe] [`anonymous-namespace'::filter_holder_t::~filter_holder_t]#Destroying filter_holder_t at 0F9E4650.[ODEBUG] [Explorer Probe] [`anonymous-namespacet/20-pp.t ................ 26/34 [ODEBUG] [Explorer Probe] [`anonymous-namespace'::filter_holder_t::~filter_holder_t]#Destroying filter_holder_t at 0F8A4608.[ODEBUG] [Explorer Probe] [`anonymous-namespace'::filter_holder_t::~filter_holder_t]#Destroying filter_holder_t at 0F8A4650.[ODEBUG] [Explorer Probe] [`anonymous-namespace'::filter_holder_t::~filter_holder_t]#Destroying filter_holder_t at 0F8A4608.[ODEBUG] [Explorer Probe] [`anonymous-namespace'::filter_holder_t::~filter_holder_t]#Destroying filter_holder_t at 0F8A4650.[ODEBUG] [Explorer Probe] [`anonymous-namespace'::filter_holder_t::~filter_holder_t]#Destroying filter_holder_t at 0F834608.[ODEBUG] [Explorer Probe] [`anonymous-namespace'::filter_holder_t::~filter_holder_t]#Destroying filter_holder_t at 0F834650.[ODEBUG] [Explorer Probe] [`anonymous-namespace'::filter_holder_t::~filter_holder_t]#Destroying filter_holder_t at 0F834608.[ODEBUG] [Explorer Probe] [`anonymous-namespace'::filter_holder_t::~filter_holder_t]#Destroying filter_holder_t at 0F834650.[ODEBUG] [Explorer Probe] [`anonymous-namespace'::filter_holder_t::~filter_holder_t]#Destroying filter_holder_t at 0F474608.[ODEBUG] [Explorer Probe] [`anonymous-namespace'::filter_holder_t::~filter_holder_t]#Destroying filter_holder_t at 0F474650.[ODEBUG] [Explorer Probe] [`anonymous-namespace'::filter_holder_t::~filter_holder_t]#Destroying filter_holder_t at 0F474608.[ODEBUG] [Explorer Probe] [`anonymous-namespace'::filter_holder_t::~filter_holder_t]#Destroying filter_holder_t at 0F474650.[ODEBUG] [Explorer Probe] [`anonymous-namespace'::filter_holder_t::~filter_holder_t]#Destroying filter_holder_t at 101F4608.[ODEBUG] [Explorer Probe] [`anonymous-namespace'::filter_holder_t::~filter_holder_t]#Destroying filter_holder_t at 101F4650.[ODEBUG] [Explorer Probe] [`anonymous-namespace'::filter_holder_t::~filter_holder_t]#Destroying filter_holder_t at 101F4608.[ODEBUG] [Explorer Probe] [`anonymous-namespace'::filter_holder_t::~filter_holder_t]#Destroying filter_holder_t at 101F4650.[ODEBUG] [Explorer Probe] [`anonymous-namespace'::filter_holder_t::~filter_holder_t]#Destroying filter_holder_t at 0FE34608.[ODEBUG] [Explorer Probe] [`anonymous-namespace'::filter_holder_t::~filter_holder_t]#Destroying filter_holder_t at 0FE34650.[ODEBUG] [Explorer Probe] [`anonymous-namespace'::filter_holder_t::~filter_holder_t]#Destroying filter_holder_t at 0FE34608.[ODEBUG] [Explorer Probe] [`anonymous-namespace'::filter_holder_t::~filter_holder_t]#Destroying filter_holder_t at 0FE34650.[ODEBUG] [Explorer Probe] [`anonymous-namespace'::filter_holder_t::~filter_holder_t]#Destroying filter_holder_t at 10184608.[ODEBUG] [Explorer Probe] [`anonymous-namespace'::filter_holder_t::~filter_holder_t]#Destroying filter_holder_t at 10184650.[ODEBUG] [Explorer Probe] [`anonymous-namespace'::filter_holder_t::~filter_holder_t]#Destroying filter_holder_t at 10184608.[ODEBUG] [Explorer Probe] [`anonymous-namespace'::filter_holder_t::~filter_holder_t]#Destroying filter_holder_t at 10184650.[ODEBUG] [Explorer Probe] [`anonymous-namespace'::filter_holder_t::~filter_holder_t]#Destroying filter_holder_t at 0FA44608.[ODEBUG] [Explorer Probe] [`anonymous-namespace'::filter_holder_t::~filter_holder_t]#Destroying filter_holder_t at 0FA44650.[ODEBUG] [Explorer Probe] [`anonymous-namespace'::filter_holder_t::~filter_holder_t]#Destroying filter_holder_t at 0FA44608.[ODEBUG] [Explorer Probe] [`anonymous-namespace'::filter_holder_t::~filter_holder_t]#Destroying filter_holder_t at 0FA44650.[ODEBUG] [Explorer Probe] [`anonymous-namespace'::filter_holder_t::~filter_holder_t]#Destroying filter_holder_t at 0F594608.[ODEBUG] [Explorer Probe] [`anonymous-namespace'::filter_holder_t::~filter_holder_t]#Destroying filter_holder_t at 0F594650.[ODEBUG] [Explorer Probe] [`anonymous-namespace'::filter_holder_t::~filter_holder_t]#Destroying filter_holt/20-pp.t ................ 27/34 [ODEBUG] [Explorer Probe] [`anonymous-namespace'::filter_holder_t::~filter_holder_t]#Destroying filter_holder_t at 0FA74608.[ODEBUG] [Explorer Probe] [`anonymous-namespace'::filter_holder_t::~filter_holder_t]#Destroying filter_holder_t at 0FA74650.[ODEBUG] [Explorer Probe] [`anonymous-namespace'::filter_holder_t::~filter_holder_t]#Destroying filter_holder_t at 0FA74608.[ODEBUG] [Explorer Probe] [`anonymous-namespace'::filter_holder_t::~filter_holder_t]#Destroying filter_holder_t at 0FA74650.[ODEBUG] [Explorer Probe] [`anonymous-namespace'::filter_holder_t::~filter_holder_t]#Destroying filter_holder_t at 10164608.[ODEBUG] [Explorer Probe] [`anonymous-namespace'::filter_holder_t::~filter_holder_t]#Destroying filter_holder_t at 10164650.[ODEBUG] [Explorer Probe] [`anonymous-namespace'::filter_holder_t::~filter_holder_t]#Destroying filter_holder_t at 10164608.[ODEBUG] [Explorer Probe] [`anonymous-namespace'::filter_holder_t::~filter_holder_t]#Destroying filter_holder_t at 10164650.[ODEBUG] [Explorer Probe] [`anonymous-namespace'::filter_holder_t::~filter_holder_t]#Destroying filter_holder_t at 0FAC4608.[ODEBUG] [Explorer Probe] [`anonymous-namespace'::filter_holder_t::~filter_holder_t]#Destroying filter_holder_t at 0FAC4650.[ODEBUG] [Explorer Probe] [`anonymous-namespace'::filter_holder_t::~filter_holder_t]#Destroying filter_holder_t at 0FAC4608.[ODEBUG] [Explorer Probe] [`anonymous-namespace'::filter_holder_t::~filter_holder_t]#Destroying filter_holder_t at 0FAC4650.[ODEBUG] [Explorer Probe] [`anonymous-namespace'::filter_holder_t::~filter_holder_t]#Destroying filter_holder_t at 0FAF4608.[ODEBUG] [Explorer Probe] [`anonymous-namespace'::filter_holder_t::~filter_holder_t]#Destroying filter_holder_t at 0FAF4650.[ODEBUG] [Explorer Probe] [`anonymous-namespace'::filter_holder_t::~filter_holder_t]#Destroying filter_holder_t at 0FAF4608.[ODEBUG] [Explorer Probe] [`anonymous-namespace'::filter_holder_t::~filter_holder_t]#Destroying filter_holder_t at 0FAF4650.[ODEBUG] [Explorer Probe] [`anonymous-namespace'::filter_holder_t::~filter_holder_t]#Destroying filter_holder_t at 0F954608.[ODEBUG] [Explorer Probe] [`anonymous-namespace'::filter_holder_t::~filter_holder_t]#Destroying filter_holder_t at 0F954650.[ODEBUG] [Explorer Probe] [`anonymous-namespace'::filter_holder_t::~filter_holder_t]#Destroying filter_holder_t at 0F954608.[ODEBUG] [Explorer Probe] [`anonymous-namespace'::filter_holder_t::~filter_holder_t]#Destroying filter_holder_t at 0F954650.[ODEBUG] [Explorer Probe] [`anonymous-namespace'::filter_holder_t::~filter_holder_t]#Destroying filter_holder_t at 0F9C4608.[ODEBUG] [Explorer Probe] [`anonymous-namespace'::filter_holder_t::~filter_holder_t]#Destroying filter_holder_t at 0F9C4650.[ODEBUG] [Explorer Probe] [`anonymous-namespace'::filter_holder_t::~filter_holder_t]#Destroying filter_holder_t at 0F9C4608.[ODEBUG] [Explorer Probe] [`anonymous-namespace'::filter_holder_t::~filter_holder_t]#Destroying filter_holder_t at 0F9C4650.[ODEBUG] [Explorer Probe] [`anonymous-namespace'::filter_holder_t::~filter_holder_t]#Destroying filter_holder_t at 0FEB4608.[ODEBUG] [Explorer Probe] [`anonymous-namespace'::filter_holder_t::~filter_holder_t]#Destroying filter_holder_t at 0FEB4650.[ODEBUG] [Explorer Probe] [`anonymous-namespace'::filter_holder_t::~filter_holder_t]#Destroying filter_holder_t at 0FEB4608.[ODEBUG] [Explorer Probe] [`anonymous-namespace'::filter_holder_t::~filter_holder_t]#Destroying filter_holder_t at 0FEB4650.[ODEBUG] [Explorer Probe] [`anonymous-namespace'::filter_holder_t::~filter_holder_t]#Destroying filter_holder_t at 10044608.[ODEBUG] [Explorer Probe] [`anonymous-namespace'::filter_holder_t::~filter_holder_t]#Destroying filter_holder_t at 10044650.[ODEBUG] [Explorer Probe] [`anonymous-namespace'::filter_holder_t::~filter_holder_t]#Destroying filter_holder_t at 10044608.[ODEBUG] [Explorer Probe] [`anonymous-namespace'::filter_holder_t::~filter_holder_t]#Destroying filter_holder_t at 10044650.[ODEBUG] [Explorer Probe] [`anonymous-namespace'::filter_holder_t::~filter_holder_t]#Destroying filter_holder_t at 0FFB4608.[ODEBUG] [Explorer Probe] [`anonymous-namespace'::filter_holder_t::~filter_holder_t]#Destroying filter_holder_t at 0FFB4650.[ODEBUG] [Explorer Probe] [`anonymous-namespace'::filter_holder_t::~filter_holder_t]#Destroying filter_holder_t at 0FFB4608.[ODEBUG] [Explorer Probe] [`anonymous-namespace'::filter_holder_t::~filter_holder_t]#Destroying filter_holder_t at 0FFB4650.[ODEBUG] [Explorer Probe] [`anonymous-namespace'::filter_holder_t::~filter_holder_t]#Destroying filter_holder_t at 10224608.[ODEBUG] [Explorer Probe] [`anonymous-namespace'::filter_holder_t::~filter_holder_t]#Destroying filter_holder_t at 10224650.[ODEBUG] [Explorer Probe] [`anonymous-namespace'::filter_holder_t::~filter_holder_t]#Destroying filter_holder_t at 10224608.[ODEBUG] [Explorer Probe] [`anonymous-namespace'::filter_holder_t::~filter_holder_t]#Destroying filter_holder_t at 10224650.[ODEBUG] [Explorer Probe] [`anonymous-namespace'::filter_holder_t::~filter_holder_t]#Destroying filter_holder_t at 0FC94608.[ODEBUG] [Explorer Probe] [`anonymous-namespace'::filter_holder_t::~filter_holder_t]#Destroying filter_holder_t at 0FC94650.[ODEBUG] [Explorer Probe] [`anonymous-namespace'::filter_holder_t::~filter_holder_t]#Destroying filter_holder_t at 0FC94608.[ODEBUG] [Explorer Probe] [`anonymous-namespace'::filter_holder_t::~filter_holder_t]#Destroying filter_holder_t at 0FC94650.[ODEBUG] [Explorer Probe] [`anonymous-namespace'::filter_holder_t::~filter_holder_t]#Destroying filter_holder_t at 0F674608.[ODEBUG] [Explorer Probe] [`anonymous-namespace'::filter_holder_t::~filter_holder_t]#Destroying filter_holder_t at 0F674650.[ODEBUG] [Explorer Probe] [`anonymous-namespace'::filter_holder_t::~filter_holder_t]#Destroying filter_holder_t at 0F674608.[ODEBUG] [Explorer Probe] [`anonymous-namespace'::filter_holder_t::~filter_holder_t]#Destroying filter_holder_t at 0F674650.[ODEBUG] [Explorer Probe] [`anonymous-namespace'::filter_holder_t::~filter_holder_t]#Destroying filter_holder_t at 0FAF4608.[ODEBUG] [Explorer Probe] [`anonymous-namespace'::filter_holder_t::~filter_holder_t]#Destroying filter_holder_t at 0FAF4650.[ODEBUG] [Explorer Probe] [`anonymous-namespace'::filter_holder_t::~filter_holder_t]#Destroying filter_holder_t at 0FAF4608.[ODEBUG] [Explorer Probe] [`anonymous-namespace'::filter_holder_t::~filter_holder_t]#Destroying filter_holder_t at 0FAF4650.[ODEBUG] [Explorer Probe] [`anonymous-namespace'::filter_holder_t::~filter_holder_t]#Destroying filter_holder_t at 0FF24608.[ODEBUG] [Explorer Probe] [`anonymous-namespace'::filter_holder_t::~filter_holder_t]#Destroying filter_holder_t at 0FF24650.[ODEBUG] [Explorer Probe] [`anonymous-namespace'::filter_holder_t::~filter_holder_t]#Destroying filter_holder_t at 0FF24608.[ODEBUG] [Explorer Probe] [`anonymous-namespace'::filter_holder_t::~filter_holder_t]#Destroying filter_holder_t at 0FF24650.[ODEBUG] [Explorer Probe] [`anonymous-namespace'::filter_holder_t::~filter_holder_t]#Destroying filter_holder_t at 100B4608.[ODEBUG] [Explorer Probe] [`anonymous-namespace'::filter_holder_t::~filter_holder_t]#Destroying filter_holder_t at 100B4650.[ODEBUG] [Explorer Probe] [`anonymous-namespace'::filter_holder_t::~filter_holder_t]#Destroying filter_holder_t at 100B4608.[ODEBUG] [Explorer Probe] [`anonymous-namespace'::filter_holder_t::~filter_holder_t]#Destroying filter_holder_t at 100B4650.[ODEBUG] [Explorer Probe] [`anonymous-namespace'::filter_holder_t::~filter_holder_t]#Destroying filter_holder_t at 0FAC4608.[ODEBUG] [Explorer Probe] [`anonymous-namespace'::filter_holder_t::~filter_holder_t]#Destroying filter_holder_t at 0FAC4650.[ODEBUG] [Explorer Probe] [`anonymous-namespace'::filter_holder_t::~filter_holder_t]#Destroying filter_holder_t at 0FAC4608.[ODEBUG] [Explorer Probe] [`anonymous-namespace'::filter_holder_t::~filter_holder_t]#Destroying filter_holder_t at 0FAC4650.[ODEBUG] [Explorer Probe] [`anonymous-namespace'::filter_holder_t::~filter_holder_t]#Destroying filter_holder_t at 0F8E4608.[ODEBUG] [Explorer Probe] [`anonymous-namespace'::filter_holder_t::~filter_holder_t]#Destroying filter_holder_t at 0F8E4650.[ODEBUG] [Explorer Probe] [`anonymous-namespace'::filter_holder_t::~filter_holder_t]#Destroying filter_holder_t at 0F8E4608.[ODEBUG] [Explorer Probe] [`anonymous-namespace'::filter_holder_t::~filter_holder_t]#Destroying filter_holder_t at 0F8E4650.[ODEBUG] [Explorer Probe] [`anonymous-namespace'::filter_holder_t::~filter_holder_t]#Destroying filter_holder_t at 10284608.[ODEBUG] [Explorer Probe] [`anonymous-namespace'::filter_holder_t::~filter_holder_t]#Destroying filter_holder_t at 10284650.[ODEBUG] [Explorer Probe] [`anonymous-namespace'::filter_holder_t::~filter_holder_t]#Destroying filter_holder_t at 10284608.[ODEBUG] [Explorer Probe] [`anonymous-namespace'::filter_holder_t::~filter_holder_t]#Destroying filter_holder_t at 10284650.[ODEBUG] [Explorer Probe] [`anonymous-namespace'::filter_holder_t::~filter_holder_t]#Destroying filter_holder_t at 0F454608.[ODEBUG] [Explorer Probe] [`anonymous-namespace'::filter_holder_t::~filter_holder_t]#Destroying filter_holder_t at 0F454650.[ODEBUG] [Explorer Probe] [`anonymous-namespace'::filter_holder_t::~filter_holder_t]#Destroying filter_holder_t at 0F454608.[ODEBUG] [Explorer Probe] [`anonymous-namespace'::filter_holder_t::~filter_holder_t]#Destroying filter_holder_t at 0F454650.[ODEBUG] [Explorer Probe] [`anonymous-namespace'::filter_holder_t::~filter_holder_t]#Destroying filter_holder_t at 0F4E4608.[ODEBUG] [Explorer Probe] [`anonymous-namespace'::filter_holder_t::~filter_holder_t]#Destroying filter_holder_t at 0F4E4650.[ODEBUG] [Explorer Probe] [`anonymous-namespace'::filter_holder_t::~filter_holder_t]#Destroying filter_holder_t at 0F4E4608.[ODEBUG] [Explorer Probe] [`anonymous-namespace'::filter_holder_t::~filter_holder_t]#Destroying filter_holder_t at 0F4E4650.[ODEBUG] [Explorer Probe] [`anonymous-namespace'::filter_holder_t::~filter_holder_t]#Destroying filter_holder_t at 0F634608.[ODEBUG] [Explorer Probe] [`anonymous-namespace'::filter_holder_t::~filter_holder_t]#Destroying filter_holder_t at 0F634650.[ODEBUG] [Explorer Probe] [`anonymous-namespace'::filter_holder_t::~filter_holder_t]#Destroying filter_holder_t at 0F634608.[ODEBUG] [Explorer Probe] [`anonymous-namespace'::filter_holder_t::~filter_holder_t]#Destroying filter_holder_t at 0F634650.[ODEBUG] [Explorer Probe] [`anonymous-namespace'::filter_holder_t::~filter_holder_t]#Destroying filter_holder_t at 0F724608.[ODEBUG] [Explorer Probe] [`anonymous-namespace'::filter_holder_t::~filter_holder_t]#Destroying filter_holder_t at 0F724650.[ODEBUG] [Explorer Probe] [`anonymous-namespace'::filter_holder_t::~filter_holder_t]#Destroying filter_holder_t at 0F724608.[ODEBUG] [Explorer Probe] [`anonymous-namespace'::filter_holder_t::~filter_holder_t]#Destroying filter_holder_t at 0F724650.[ODEBUG] [Explorer Probe] [`anonymous-namespace'::filter_holder_t::~filter_holder_t]#Destroying filter_holder_t at 0F654608.[ODEBUG] [Explorer Probe] [`anonymous-namespace'::filter_holder_t::~filter_holder_t]#Destroying filter_holder_t at 0F654650.[ODEBUG] [Explorer Probe] [`anonymous-namespace'::filter_holder_t::~filter_holder_t]#Destroying filter_holder_t at 0F654608.[ODEBUG] [Explorer Probe] [`anonymous-namespace'::filter_holder_t::~filter_holder_t]#Destroying filter_holder_t at 0F654650.[ODEBUG] [Explorer Probe] [`anonymous-namespace'::filter_holder_t::~filter_holder_t]#Destroying filter_holder_t at 0FBB4608.[ODEBUG] [Explorer Probe] [`anonymous-namespace'::filter_holder_t::~filter_holder_t]#Destroying filter_holder_t at 0FBB4650.[ODEBUG] [Explorer Probe] [`anonymous-namespace'::filter_holder_t::~filter_holder_t]#Destroying filter_holder_t at 0FBB4608.[ODEBUG] [Explorer Probe] [`anonymous-namespace'::filter_holder_t::~filter_holder_t]#Destroying filter_holder_t at 0FBB4650.[ODEBUG] [Explorer Probe] [`anonymous-namespace'::filter_holder_t::~filter_holder_t]#Destroying filter_holder_t at 0F4C4608.[ODEBUG] [Explorer Probe] [`anonymous-namespace'::filter_holder_t::~filter_holder_t]#Destroying filter_holder_t at 0F4C4650.[ODEBUG] [Explorer Probe] [`anonymous-namespace'::filter_holder_t::~filter_holder_t]#Destroying filter_holder_t at 0F4C4608.[ODEBUG] [Explorer Probe] [`anonymous-namespace'::filter_holder_t::~filter_holder_t]#Destroying filter_holder_t at 0F4C4650.[ODEBUG] [Explorer Probe] [`anonymous-namespace'::filter_holder_t::~filter_holder_t]#Destroying filter_holder_t at 0F8F4608.[ODEBUG] [Explorer Probe] [`anonymous-namespace'::filter_holder_t::~filter_holder_t]#Destroying filter_holder_t at 0F8F4650.[ODEBUG] [Explorer Probe] [`anonymous-namespace'::filter_holder_t::~filter_holder_t]#Destroying filter_holder_t at 0F8F4608.[ODEBUG] [Explorer Probe] [`anonymous-namespace'::filter_holder_t::~filter_holder_t]#Destroying filter_holder_t at 0F8F4650.[ODEBUG] [Explorer Probe] [`anonymous-namespace'::filter_holder_t::~filter_holder_t]#Destroying filter_holder_t at 0FA54608.[ODEBUG] [Explorer Probe] [`anonymous-namespace'::filter_holder_t::~filter_holder_t]#Destroying filter_holder_t at 0FA54650.[ODEBUG] [Explorer Probe] [`anonymous-namespace'::filter_holder_t::~filter_holder_t]#Destroying filter_holder_t at 0FA54608.[ODEBUG] [Explorer Probe] [`anonymous-namespace'::filter_holder_t::~filter_holder_t]#Destroying filter_holder_t at 0FA54650.[ODEBUG] [Explorer Probe] [`anonymous-namespace'::filter_holder_t::~filter_holder_t]#Destroying filter_holder_t at 0FC14608.[ODEBUG] [Explorer Probe] [`anonymous-namespace'::filter_holder_t::~filter_holder_t]#Destroying filter_holder_t at 0FC14650.[ODEBUG] [Explorer Probe] [`anonymous-namespace'::filter_holder_t::~filter_holder_t]#Destroying filter_holder_t at 0FC14608.[ODEBUG] [Explorer Probe] [`anonymous-namespace'::filter_holder_t::~filter_holder_t]#Destroying filter_holder_t at 0FC14650.[ODEBUG] [Explorer Probe] [`anonymous-namespace'::filter_holder_t::~filter_holder_t]#Destroying filter_holder_t at 0F884608.[ODEBUG] [Explorer Probe] [`anonymous-namespace'::filter_holder_t::~filter_holder_t]#Destroying filter_holder_t at 0F884650.[ODEBUG] [Explorer Probe] [`anonymous-namespace'::filter_holder_t::~filter_holder_t]#Destroying filter_holder_t at 0F884608.[ODEBUG] [Explorer Probe] [`anonymous-namespace'::filter_holder_t::~filter_holder_t]#Destroying filter_holder_t at 0F884650.[ODEBUG] [Explorer Probe] [`anonymous-namespace'::filter_holder_t::~filter_holder_t]#Destroying filter_holder_t at 0FB94608.[ODEBUG] [Explorer Probe] [`anonymous-namespace'::filter_holder_t::~filter_holder_t]#Destroying filter_holder_t at 0FB94650.[ODEBUG] [Explorer Probe] [`anonymous-namespace'::filter_holder_t::~filter_holder_t]#Destrt/20-pp.t ................ 30/34 [ODEBUG] [Explorer Probe] [`anonymous-namespace'::filter_holder_t::~filter_holder_t]#Destroying filter_holder_t at 0F8C4608.[ODEBUG] [Explorer Probe] [`anonymous-namespace'::filter_holder_t::~filter_holder_t]#Destroying filter_holder_t at 0F8C4650.[ODEBUG] [Explorer Probe] [`anonymous-namespace'::filter_holder_t::~filter_holder_t]#Destroying filter_holder_t at 0F8C4608.[ODEBUG] [Explorer Probe] [`anonymous-namespace'::filter_holder_t::~filter_holder_t]#Destroying filter_holder_t at 0F8C4650.[ODEBUG] [Explorer Probe] [`anonymous-namespace'::filter_holder_t::~filter_holder_t]#Destroying filter_holder_t at 0FE64608.[ODEBUG] [Explorer Probe] [`anonymous-namespace'::filter_holder_t::~filter_holder_t]#Destroying filter_holder_t at 0FE64650.[ODEBUG] [Explorer Probe] [`anonymous-namespace'::filter_holder_t::~filter_holder_t]#Destroying filter_holder_t at 0FE64608.[ODEBUG] [Explorer Probe] [`anonymous-namespace'::filter_holder_t::~filter_holder_t]#Destroying filter_holder_t at 0FE64650.[ODEBUG] [Explorer Probe] [`anonymous-namespace'::filter_holder_t::~filter_holder_t]#Destroying filter_holder_t at 0F484608.[ODEBUG] [Explorer Probe] [`anonymous-namespace'::filter_holder_t::~filter_holder_t]#Destroying filter_holder_t at 0F484650.[ODEBUG] [Explorer Probe] [`anonymous-namespace'::filter_holder_t::~filter_holder_t]#Destroying filter_holder_t at 0F484608.[ODEBUG] [Explorer Probe] [`anonymous-namespace'::filter_holder_t::~filter_holder_t]#Destroying filter_holder_t at 0F484650.[ODEBUG] [Explorer Probe] [`anonymous-namespace'::filter_holder_t::~filter_holder_t]#Destroying filter_holder_t at 10044608.[ODEBUG] [Explorer Probe] [`anonymous-namespace'::filter_holder_t::~filter_holder_t]#Destroying filter_holder_t at 10044650.[ODEBUG] [Explorer Probe] [`anonymous-namespace'::filter_holder_t::~filter_holder_t]#Destroying filter_holder_t at 10044608.[ODEBUG] [Explorer Probe] [`anonymous-namespace'::filter_holder_t::~filter_holder_t]#Destroying filter_holder_t at 10044650.[ODEBUG] [Explorer Probe] [`anonymous-namespace'::filter_holder_t::~filter_holder_t]#Destroying filter_holder_t at 0F6B4608.[ODEBUG] [Explorer Probe] [`anonymous-namespace'::filter_holder_t::~filter_holder_t]#Destroying filter_holder_t at 0F6B4650.[ODEBUG] [Explorer Probe] [`anonymous-namespace'::filter_holder_t::~filter_holder_t]#Destroying filter_holder_t at 0FC14608.[ODEBUG] [Explorer Probe] [`anonymous-namespace'::filter_holder_t::~filter_holder_t]#Destroying filter_holder_t at 0FC14650.[ODEBUG] [Explorer Probe] [`anonymous-namespace'::filter_holder_t::~filter_holder_t]#Destroying filter_holder_t at 0F8A4608.[ODEBUG] [Explorer Probe] [`anonymous-namespace'::filter_holder_t::~filter_holder_t]#Destroying filter_holder_t at 0F8A4650.[ODEBUG] [Explorer Probe] [`anonymous-namespace'::filter_holder_t::~filter_holder_t]#Destroying filter_holder_t at 0F464608.[ODEBUG] [Explorer Probe] [`anonymous-namespace'::filter_holder_t::~filter_holder_t]#Destroying filter_holder_t at 0F464650.[ODEBUG] [Explorer Probe] [`anonymous-namespace'::filter_holder_t::~filter_holder_t]#Destroying filter_holder_t at 10004608.[ODEBUG] [Explorer Probe] [`anonymous-namespace'::filter_holder_t::~filter_holder_t]#Destroying filter_holder_t at 10004650.[ODEBUG] [Explorer Probe] [`anonymous-namespace'::filter_holder_t::~filter_holder_t]#Destroying filter_holder_t at 10004608.[ODEBUG] [Explorer Probe] [`anonymous-namespace'::filter_holder_t::~filter_holder_t]#Destroying filter_holder_t at 10004650.[ODEBUG] [Explorer Probe] [`anonymous-namespace'::filter_holder_t::~filter_holder_t]#Destroying filter_holder_t at 0FC54608.[ODEBUG] [Explorer Probe] [`anonymous-namespace'::filter_holder_t::~filter_holder_t]#Destroying filter_holder_t at 0FC54650.[ODEBUG] [Explorer Probe] [`anonymous-namespace'::filter_holder_t::~filter_holder_t]#Destroying filter_holder_t at 0FC54608.[ODEBUG] [Explorer Probe] [`anonymous-namespace'::filter_holder_t::~filter_holder_t]#Destroying filter_holder_t at 0FC54650.[ODEBUG] [Explorer Probe] [`anonymous-namespace'::filter_holder_t::~filter_holder_t]#Destroying filter_holder_t at 10154608.[ODEBUG] [Explorer Probe] [`anonymous-namespace'::filter_holder_t::~filter_holder_t]#Destroying filter_holder_t at 10154650.[ODEBUG] [Explorer Probe] [`anonymous-namespace'::filter_holder_t::~filter_holder_t]#Destroying filter_holder_t at 10154608.[ODEBUG] [Explorer Probe] [`anonymous-namespace'::filter_holder_t::~filter_holder_t]#Destroying filter_holder_t at 10154650.[ODEBUG] [Explorer Probe] [`anonymous-namespace'::filter_holder_t::~filter_holder_t]#Destroying filter_holder_t at 0F634608.[ODEBUG] [Explorer Probe] [`anonymous-namespace'::filter_holder_t::~filter_holder_t]#Destroying filter_holder_t at 0F634650.[ODEBUG] [Explorer Probe] [`anonymous-namespace'::filter_holder_t::~filter_holder_t]#Destroying filter_holder_t at 0F634608.[ODEBUG] [Explorer Probe] [`anonymous-namespace'::filter_holder_t::~filter_holder_t]#Destroying filter_holder_t at 0F634650.[ODEBUG] [Explorer Probe] [`anonymous-namespace'::filter_holder_t::~filter_holder_t]#Destroying filter_holder_t at 0FD64608.[ODEBUG] [Explorer Probe] [`anonymous-namespace'::filter_holder_t::~filter_holder_t]#Destroying filter_holder_t at 0FD64650.[ODEBUG] [Explorer Probe] [`anonymous-namespace'::filter_holder_t::~filter_holder_t]#Destroying filter_holder_t at 0F584608.[ODEBUG] [Explorer Probe] [`anonymous-namespace'::filter_holder_t::~filter_holder_t]#Destroying filter_holder_t at 0F584650.[ODEBUG] [Explorer Probe] [`anonymous-namespace'::filter_holder_t::~filter_holder_t]#Destroying filter_holder_t at 10374608.[ODEBUG] [Explorer Probe] [`anonymous-namespace'::filter_holder_t::~filter_holder_t]#Destroying filter_holder_t at 10374650.[ODEBUG] [Explorer Probe] [`anonymous-namespace'::filter_holder_t::~filter_holder_t]#Destroying filter_holder_t at 10094608.[ODEBUG] [Explorer Probe] [`anonymous-namt/20-pp.t ................ 31/34 [ODEBUG] [Explorer Probe] [`anonymous-namespace'::filter_holder_t::~filter_holder_t]#Destroying filter_holder_t at 0F5D4608.[ODEBUG] [Explorer Probe] [`anonymous-namespace'::filter_holder_t::~filter_holder_t]#Destroying filter_holder_t at 0F5D4650.[ODEBUG] [Explorer Probe] [`anonymous-namespace'::filter_holder_t::~filter_holder_t]#Destroying filter_holder_t at 0F5D4608.[ODEBUG] [Explorer Probe] [`anonymous-namespace'::filter_holder_t::~filter_holder_t]#Destroying filter_holder_t at 0F5D4650.[ODEBUG] [Explorer Probe] [`anonymous-namespace'::filter_holder_t::~filter_holder_t]#Destroying filter_holder_t at 0F924608.[ODEBUG] [Explorer Probe] [`anonymous-namespace'::filter_holder_t::~filter_holder_t]#Destroying filter_holder_t at 0F924650.[ODEBUG] [Explorer Probe] [`anonymous-namespace'::filter_holder_t::~filter_holder_t]#Destroying filter_holder_t at 0F924608.[ODEBUGt/20-pp.t ................ 32/34 [ODEBUG] [Explorer Probe] [`anonymous-namespace'::filter_holder_t::~filter_holder_t]#Destroying filter_holder_t at 10254608.[ODEBUG] [Explorer Probe] [`anonymous-namespace'::filter_holder_t::~filter_holder_t]#Destroying filter_holder_t at 10254650.[ODEBUG] [Explorer Probe] [`anonymous-namespace'::filter_holder_t::~filter_holder_t]#Destroying filter_holder_t at 10254608.[ODEBUG] [Explorer Probe] [`anonymous-namespace'::filter_holder_t::~filter_holder_t]#Destroying filter_holder_t at 10254650.[ODEBUG] [Explorer Probe] [`anonymous-namespace'::filter_holder_t::~filter_holder_t]#Destroying filter_holder_t at 0FE54608.[ODEBUG] [Explorer Probe] [`anonymous-namespace'::filter_holder_t::~filter_holder_t]#Destroying filter_holder_t at 0FE54650.[ODEBUG] [Explorer Probe] [`anonymous-namespace'::filter_holder_t::~filter_holder_t]#Destroying filter_holder_t at 0FE54608.[ODEBUG] [Explorer Probe] [`anonymous-namespace'::filter_holder_t::~filter_holder_t]#Destroying filter_holder_t at 0FE54650.[ODEBUG] [Explorer Probe] [`anonymous-namespace'::filter_holder_t::~filter_holder_t]#Destroying filter_holder_t at 0F484608.[ODEBUG] [Explorer Probe] [`anonymous-namespace'::filter_holder_t::~filter_holder_t]#Destroying filter_holder_t at 0F484650.[ODEBUG] [Explorer Probe] [`anonymous-namespace'::filter_holder_t::~filter_holder_t]#Destroying filter_holder_t at 0F484608.[ODEBUG] [Explorer Probe] [`anonymous-namespace'::filter_holder_t::~filter_holder_t]#Destroying filter_holder_t at 0F484650.[ODEBUG] [Explorer Probe] [`anonymous-namespace'::filter_holder_t::~filter_holder_t]#Destroying filter_holder_t at 10294608.[ODEBUG] [Explorer Probe] [`anonymous-namespace'::filter_holder_t::~filter_holder_t]#Destroying filter_holder_t at 10294650.[ODEBUG] [Explorer Probe] [`anonymous-namespace'::filter_holder_t::~filter_holder_t]#Destroying filter_holder_t at 10294608.[ODEBUG] [Explorer Probe] [`anonymous-namespace'::filter_holder_t::~filter_holder_t]#Destroying filter_holder_t at 10294650.[ODEBUG] [Explorer Probe] [`anonymous-namespace'::filter_holder_t::~filter_holder_t]#Destroying filter_holder_t at 0F7F4608.[ODEBUG] [Explorer Probe] [`anonymous-namespace'::filter_holder_t::~filter_holder_t]#Destroying filter_holder_t at 0F7F4650.[ODEBUG] [Explorer Probe] [`anonymous-namespace'::filter_holder_t::~filter_holder_t]#Destroying filter_holder_t at 0F7F4608.[ODEBUG] [Explorer Probe] [`anonymous-namespace'::filter_holder_t::~filter_holder_t]#Destroying filter_holder_t at 0F7F4650.[ODEBUG] [Explorer Probe] [`anonymous-namespace'::filter_holder_t::~filter_holder_t]#Destroying filter_holder_t at 0F4B4608.[ODEBUG] [Explorer Probe] [`anonymous-namespace'::filter_holder_t::~filter_holder_t]#Destroying filter_holder_t at 0F4B4650.[ODEBUG] [Explorer Probe] [`anonymous-namespace'::filter_holder_t::~filter_holder_t]#Destroying filter_holder_t at 0F4B4608.[ODEBUG] [Explorer Probe] [`anonymous-namespace'::filter_holder_t::~filter_holder_t]#Destroying filter_holder_t at 0F4B4650.[ODEBUG] [Explorer Probe] [`anonymous-namespace'::filter_holder_t::~filter_holder_t]#Destroying filter_holder_t at 0F5F4608.[ODEBUG] [Explorer Probe] [`anonymous-namespace'::filter_holder_t::~filter_holder_t]#Destroying filter_holder_t at 0F5F4650.[ODEBUG] [Explorer Probe] [`anonymous-namespace'::filter_holder_t::~filter_holder_t]#Destroying filter_holder_t at 0F5F4608.[ODEBUG] [Explorer Probe] [`anonymous-namespace'::filter_holder_t::~filter_holder_t]#Destroying filter_holder_t at 0F5F4650.[ODEBUG] [Explorer Probe] [`anonymous-namespace'::filter_holder_t::~filter_holder_t]#Destroying filter_holder_t at 0FE44608.[ODEBUG] [Explorer Probe] [`anonymous-namespace'::filter_holder_t::~filter_holder_t]#Destroying filter_holder_t at 0FE44650.[ODEBUG] [Explorer Probe] [`anonymous-namespace'::filter_holder_t::~filter_holder_t]#Destroying filter_holt/20-pp.t ................ 33/34 [ODEBUG] [Explorer Probe] [`anonymous-namespace'::filter_holder_t::~filter_holder_t]#Destroying filter_holder_t at 0FD14608.[ODEBUG] [Explorer Probe] [`anonymous-namespace'::filter_holder_t::~filter_holder_t]#Destroying filter_holder_t at 0FD14650.[ODEBUG] [Explorer Probe] [`anonymous-namespace'::filter_holder_t::~filter_holder_t]#Destroying filter_holder_t at 0FD14608.[ODEBUG] [Explorer Probe] [`anonymous-namespace'::filter_holder_t::~filter_holder_t]#Destroying filter_holder_t at 0FD14650.[ODEBUG] [Explorer Probe] [`anonymous-namespace'::filter_holder_t::~filter_holder_t]#Destroying filter_holder_t at 0FA64608.[ODEBUG] [Explorer Probe] [`anonymous-namespace'::filter_holder_t::~filter_holder_t]#Destroying filter_holder_t at 0FA64650.[ODEBUG] [Explorer Probe] [`anonymous-namespace'::filter_holder_t::~filter_holder_t]#Destroying filter_holder_t at 0FA64608.[ODEBUG] [Explorer Probe] [`anonymous-namespace'::filter_holder_t::~filter_holder_t]#Destroying filter_holder_t at 0FA64650.[ODEBUG] [Explorer Probe] [`anonymous-namespace'::filter_holder_t::~filter_holder_t]#Destroying filter_holder_t at 0FE94608.[ODEBUG] [Explorer Probe] [`anonymous-namespace'::filter_holder_t::~filter_holder_t]#Destroying filter_holder_t at 0FE94650.[ODEBUG] [Explorer Probe] [`anonymous-namespace'::filter_holder_t::~filter_holder_t]#Destroying filter_holder_t at 0FE94608.[ODEBUG] [Explorer Probe] [`anonymous-namespace'::filter_holder_t::~filter_holder_t]#Destroying filter_holder_t at 0FE94650.[ODEBUG] [Explorer Probe] [`anonymous-namespace'::filter_holder_t::~filter_holder_t]#Destroying filter_holder_t at 0FEC4608.[ODEBUG] [Explorer Probe] [`anonymous-namespace'::filter_holder_t::~filter_holder_t]#Destroying filter_holder_t at 0FEC4650.[ODEBUG] [Explorer Probe] [`anonymous-namespace'::filter_holder_t::~filter_holder_t]#Destroying filter_holder_t at 0FEC4608.[ODEBUG] [Explorer Probe] [`anonymous-namespace'::filter_holder_t::~filter_holder_t]#Destroying filter_holder_t at 0FEC4650.[ODEBUG] [Explorer Probe] [`anonymous-namespace'::filter_holder_t::~filter_holder_t]#Destroying filter_holder_t at 0FDD4608.[ODEBUG] [Explorer Probe] [`anonymous-namespace'::filter_holder_t::~filter_holder_t]#Destroying filter_holder_t at 0FDD4650.[ODEBUG] [Explorer Probe] [`anonymous-namespace'::filter_holder_t::~filter_holder_t]#Destroying filter_holder_t at 0FDD4608.[ODEBUG] [Explorer Probe] [`anonymous-namespace'::filter_holder_t::~filter_holder_t]#Destroying filter_holder_t at 0FDD4650.[ODEBUG] [Explorer Probe] [`anonymous-namespace'::filter_holder_t::~filter_holder_t]#Destroying filter_holder_t at 0FF04608.[ODEBUG] [Explorer Probe] [`anonymous-namespace'::filter_holder_t::~filter_holder_t]#Destroying filter_holder_t at 0FF04650.[ODEBUG] [Explorer Probe] [`anonymous-namespace'::filter_holder_t::~filter_holder_t]#Destroying filter_holder_t at 0FF04608.[ODEBUG] [Explorer Probe] [`anonymous-namespace'::filter_holder_t:t/20-pp.t ................ ok     er_holder_t at 0FF04650.
t/30-current_exec.t ...... # Please wait
[ODEBUG] [Explorer Probe] [`anonymous-namespace'::filter_holder_t::~filter_holder_t]#Destroying filter_holder_t at 0FF84608.[ODEBUG] [Explorer Probe] [`anonymous-namespace'::filter_holder_t::~filter_holder_t]#Destroying filter_holder_t at 0FF84650.[ODEBUG] [Explorer Probe] [`anonymous-namespace'::filter_holder_t::~filter_holder_t]#Destroying filter_holder_t at 0FF84608.[ODEBUG] [Explorer Probe] [`anonymous-namespace'::filter_holder_t::~filter_holder_t]#Destroying filter_holder_t at 0FF84650.[ODEBUG] [Explorer Probe] [`anonymous-namespace'::filter_holder_t::~filter_holder_t]#Destroying filter_holder_t at 10104608.[ODEBUG] [Explorer Probe] [`anonymous-namespace'::filter_holder_t::~filter_holder_t]#Destroying filter_holder_t at 10104650.[ODEBUG] [Explorer Probe] [`anonymous-namespace'::filter_holder_t::~filter_holder_t]#Destroying filter_holder_t at 10104608.[ODEBUG] [Explorer Probe] [`anonymous-nat/30-current_exec.t ...... 1/3 [ODEBUG] [Explorer Probe] [`anonymous-namespace'::filter_holder_t::~filter_holder_t]#Destroying filter_holder_t at 0F8B4608.[ODEBUG] [Explorer Probe] [`anonymous-namespace'::filter_holder_t::~filter_holder_t]#Destroying filter_holder_t at 0F8B4650.[ODEBUG] [Explorer Probe] [`anonymous-namespace'::filter_holder_t::~filter_holder_t]#Destroying filter_holder_t at 0F8B4608.[ODEBUG] [Explorer Probe] [`anonymous-namespace'::ft/30-current_exec.t ...... 2/3 [ODEBUG] [Explorer Probe] [`anonymous-namespace'::filter_holder_t::~filter_holder_t]#Destroying filter_holder_t at 103A4608.[ODEBUG] [Explorer Probe] [`anonymous-namespace'::filter_holder_t::~filter_holder_t]#Destroying filter_holder_t at 103A4650.[ODEBUG] [Explorer Probe] [`anonymous-namespace'::filter_holder_t::~filter_holder_t]#Destroying filter_holder_t at 103A4608.[ODEBUG] [Explorer Probe] [`anonymous-namespace'::ft/30-current_exec.t ...... ok   ]#Destroying filter_holder_t at 103A4650.
t/40-packer_cd_option.t .. [ODEBUG] [Explorer Probe] [`anonymous-namespace'::filter_holder_t::~filter_holder_t]#Destroying filter_holder_t at 10274608.[ODEBUG] [Explorer Probe] [`anonymous-namespace'::filter_holder_t::~filter_holder_t]#Destroying filter_holder_t at 10274650.[ODEBUG] [Explorer Probe] [`anonymous-namespace'::filter_holder_t::~filter_holder_t]#Destroying filter_holder_t at 10274608.[ODEBUG] [Explorer Probe] [`anonymous-namespace'::filter_holder_t::~filter_holder_t]#Destroying filter_holder_t at 10274650.[ODEBUG] [Explorer Probe] [`anonymous-namespace'::filter_holder_t::~filter_holder_t]#Destroying filter_holder_t at 0FB44608.[ODEBUG] [Explorer Probe] [`anonymous-namespace'::filter_holder_t::~filter_holder_t]#Destroying filter_holder_t at 0FB44650.[ODEBUG] [Explorer Probe] [`anonymous-namespace'::filter_holder_t::~filter_holder_t]#Destroying filter_holder_t at 0FB44608.[ODEBUG] [Expt/40-packer_cd_option.t .. 1/2 [ODEBUG] [Explorer Probe] [`anonymous-namespace'::filter_holder_t::~filter_holder_t]#Destroying filter_holder_t at 0FE24608.[ODEBUG] [Explorer Probe] [`anonymous-namespace'::filter_holder_t::~filter_holder_t]#Destroying filter_holder_t at 0FE24650.[ODEBUG] [Explorer Probe] [`anonymous-namespace'::filter_holder_t::~filter_holder_t]#Destroying filter_holder_t at 0FE24608.[ODEBUG] [Explorer Probe] [`anonymous-namespace'::filter_holder_t::~filter_holder_t]#Destroying filter_holder_t at 0FE24650.[ODEBUG] [Explorer Probe] [`anonymous-namespace'::filter_holder_t::~filter_holder_t]#Destroying filter_holder_t at 102E4608.[ODEBUG] [Explorer Probe] [`anonymous-namespace'::filter_holder_t::~filter_holder_t]#Destroying filter_holder_t at 102E4650.[ODEBUG] [Explorer Probe] [`anonymous-namespace'::filter_holder_t::~filter_holder_t]#Destroying filter_holder_t at 102E4608.[ODEBUG] t/40-packer_cd_option.t .. ok   espace'::filter_holder_t::~filter_holder_t]#Destroying filter_holder_t at 102E4650.
t/80-doublecolon.t ....... [ODEBUG] [Explorer Probe] [`anonymous-namespace'::filter_holder_t::~filter_holder_t]#Destroying filter_holder_t at 10304608.[ODEBUG] [Explorer Probe] [`anonymous-namespace'::filter_holder_t::~filter_holder_t]#Destroying filter_holder_t at 10304650.[ODEBUG] [Explorer Probe] [`anonymous-namespace'::filter_holder_t::~filter_holder_t]#Destroying filter_holder_t at 10304608.[ODEBUG] [Explorer Probe] [`anonymous-namespace'::filter_holder_t::~filter_holder_t]#Destroying filter_holder_t at 10304650.[ODEBUG] [Explorer Probe] [`anonymous-namespace'::filter_holder_t::~filter_holder_t]#Destroying filter_holder_t at 0F4D4608.[ODEBUG] [Explorer Probe] [`anonymous-namespace'::filter_holder_t::~filter_holder_t]#Destroying filter_holder_t at 0F4D4650.[ODEBUG] [Explorer Probe] [`anonymous-namespace'::filter_holder_t::~filter_holder_t]#Destroying filter_holder_t at 0F4D4608.[ODEBUG] [Expt/80-doublecolon.t ....... 1/8 [ODEBUG] [Explorer Probe] [`anonymous-namespace'::filter_holder_t::~filter_holder_t]#Destroying filter_holder_t at 0F864608.[ODEBUG] [Explorer Probe] [`anonymous-namespace'::filter_holder_t::~filter_holder_t]#Destroying filter_holder_t at 0F864650.[ODEBUG] [Explorer Probe] [`anonymous-namespace'::filter_holder_t::~filter_holder_t]#Destroying filter_holder_t at 0F864608.[ODEBUG] [Explorer Probe] [`anonymous-namespace'::filter_holder_t::~filter_holder_t]#Destroying filter_holder_t at 0F864650.[ODEBUG] [Explorer Probe] [`anonymous-namespace'::filter_holder_t::~filter_holder_t]#Destroying filter_holder_t at 10054608.[ODEBUG] [Explorer Probe] [`anonymous-namespace'::filter_holder_t::~filter_holder_t]#Destroying filter_holder_t at 10054650.[ODEBUG] [Explorer Probe] [`anonymous-namespace'::filter_holder_t::~filter_holder_t]#Destroying filter_holder_t at 10054608.[ODEBUG] t/80-doublecolon.t ....... 3/8 [ODEBUG] [Explorer Probe] [`anonymous-namespace'::filter_holder_t::~filter_holder_t]#Destroying filter_holder_t at 0FF14608.[ODEBUG] [Explorer Probe] [`anonymous-namespace'::filter_holder_t::~filter_holder_t]#Destroying filter_holder_t at 0FF14650.[ODEBUG] [Explorer Probe] [`anonymous-namespace'::filter_holder_t::~filter_holder_t]#Destroying filter_holder_t at 0FF14608.[ODEBUG] [Explorer Probe] [`anonymous-namespace'::filter_holder_t::~filter_holder_t]#Destroying filter_holder_t at 0FF14650.[ODEBUG] [Explorer Probe] [`anonymous-namespace'::filter_holder_t::~filter_holder_t]#Destroying filter_holder_t at 10224608.[ODEBUG] [Explorer Probe] [`anonymous-namespace'::filter_holder_t::~filter_holder_t]#Destroying filter_holder_t at 10224650.[ODEBUG] [Explorer Probe] [`anonymous-namespace'::filter_holder_t::~filter_holder_t]#Destroying filter_holder_t at 10224608.[ODEBUG] t/80-doublecolon.t ....... 5/8 [ODEBUG] [Explorer Probe] [`anonymous-namespace'::filter_holder_t::~filter_holder_t]#Destroying filter_holder_t at 0FF74608.[ODEBUG] [Explorer Probe] [`anonymous-namespace'::filter_holder_t::~filter_holder_t]#Destroying filter_holder_t at 0FF74650.[ODEBUG] [Explorer Probe] [`anonymous-namespace'::filter_holder_t::~filter_holder_t]#Destroying filter_holder_t at 0FF74608.[ODEBUG] [Explorer Probe] [`anonymous-namespace'::filter_holder_t::~filter_holder_t]#Destroying filter_holder_t at 0FF74650.[ODEBUG] [Explorer Probe] [`anonymous-namespace'::filter_holder_t::~filter_holder_t]#Destroying filter_holder_t at 0F504608.[ODEBUG] [Explorer Probe] [`anonymous-namespace'::filter_holder_t::~filter_holder_t]#Destroying filter_holder_t at 0F504650.[ODEBUG] [Explorer Probe] [`anonymous-namespace'::filter_holder_t::~filter_holder_t]#Destroying filter_holder_t at 0F504608.[ODEBUG] t/80-doublecolon.t ....... ok   espace'::filter_holder_t::~filter_holder_t]#Destroying filter_holder_t at 0F504650.
t/90-rt101800.t .......... [ODEBUG] [Explorer Probe] [`anonymous-namespace'::filter_holder_t::~filter_holder_t]#Destroying filter_holder_t at 0FCE4608.[ODEBUG] [Explorer Probe] [`anonymous-namespace'::filter_holder_t::~filter_holder_t]#Destroying filter_holder_t at 0FCE4650.[ODEBUG] [Explorer Probe] [`anonymous-namespace'::filter_holder_t::~filter_holder_t]#Destroying filter_holder_t at 0FCE4608.[ODEBUG] [Explorer Probe] [`anonymous-namespace'::filter_holder_t::~filter_holder_t]#Destroying filter_holder_t at 0FCE4650.[ODEBUG] [Explorer Probe] [`anonymous-namespace'::filter_holder_t::~filter_holder_t]#Destroying filter_holder_t at 0F614608.[ODEBUG] [Explorer Probe] [`anonymous-namespace'::filter_holder_t::~filter_holder_t]#Destroying filter_holder_t at 0F614650.[ODEBUG] [Explorer Probe] [`anonymous-namespace'::filter_holder_t::~filter_holder_t]#Destroying filter_holder_t at 0F614608.[ODEBUG] [Expt/90-rt101800.t .......... 1/18 # PAR_TEMP = C:\Users\pfbader\AppData\Local\Temp\xgnDu2Ewe6\par-70666261646572\cache-65dbc1a92ea0929cf4c9dcae98e8d14fca9c8c4a
t/90-rt101800.t .......... 2/18 # running C:\Users\pfbader\AppData\Local\Temp\xgnDu2Ewe6\packed.exe a second time
t/90-rt101800.t .......... 12/18 # running C:\Users\pfbader\AppData\Local\Temp\xgnDu2Ewe6\packed.exe a third time
t/90-rt101800.t .......... ok
t/90-rt103861.t .......... [ODEBUG] [Explorer Probe] [`anonymous-namespace'::filter_holder_t::~filter_holder_t]#Destroying filter_holder_t at 10104608.[ODEBUG] [Explorer Probe] [`anonymous-namespace'::filter_holder_t::~filter_holder_t]#Destroying filter_holder_t at 10104650.[ODEBUG] [Explorer Probe] [`anonymous-namespace'::filter_holder_t::~filter_holder_t]#Destroying filter_holder_t at 10104608.[ODEBUG] [Explorer Probe] [`anonymous-namespace'::filter_holder_t::~filter_holder_t]#Destroying filter_holder_t at 10104650.[ODEBUG] [Explorer Probe] [`anonymous-namespace'::filter_holder_t::~filter_holder_t]#Destroying filter_holder_t at 0F414608.[ODEBUG] [Explorer Probe] [`anonymous-namespace'::filter_holder_t::~filter_holder_t]#Destroying filter_holder_t at 0F414650.[ODEBUG] [Explorer Probe] [`anonymous-namespace'::filter_holder_t::~filter_holder_t]#Destroying filter_holder_t at 0F414608.[ODEBUG] [Expt/90-rt103861.t .......... ok   ce'::filter_holder_t::~filter_holder_t]#Destroying filter_holder_t at 0F414650.
t/90-rt104560.t .......... [ODEBUG] [Explorer Probe] [`anonymous-namespace'::filter_holder_t::~filter_holder_t]#Destroying filter_holder_t at 0F864608.[ODEBUG] [Explorer Probe] [`anonymous-namespace'::filter_holder_t::~filter_holder_t]#Destroying filter_holder_t at 0F864650.[ODEBUG] [Explorer Probe] [`anonymous-namespace'::filter_holder_t::~filter_holder_t]#Destroying filter_holder_t at 0F864608.[ODEBUG] [Explorer Probe] [`anonymous-namespace'::filter_holder_t::~filter_holder_t]#Destroying filter_holder_t at 0F864650.[ODEBUG] [Explorer Probe] [`anonymous-namespace'::filter_holder_t::~filter_holder_t]#Destroying filter_holder_t at 0F434608.[ODEBUG] [Explorer Probe] [`anonymous-namespace'::filter_holder_t::~filter_holder_t]#Destroying filter_holder_t at 0F434650.[ODEBUG] [Explorer Probe] [`anonymous-namespace'::filter_holder_t::~filter_holder_t]#Destroying filter_holder_t at 0F434608.[ODEBUG] [Expt/90-rt104560.t .......... ok   ce'::filter_holder_t::~filter_holder_t]#Destroying filter_holder_t at 0F434650.
t/90-rt104635.t .......... [ODEBUG] [Explorer Probe] [`anonymous-namespace'::filter_holder_t::~filter_holder_t]#Destroying filter_holder_t at 0F924608.[ODEBUG] [Explorer Probe] [`anonymous-namespace'::filter_holder_t::~filter_holder_t]#Destroying filter_holder_t at 0F924650.[ODEBUG] [Explorer Probe] [`anonymous-namespace'::filter_holder_t::~filter_holder_t]#Destroying filter_holder_t at 0F924608.[ODEBUG] [Explorer Probe] [`anonymous-namespace'::filter_holder_t::~filter_holder_t]#Destroying filter_holder_t at 0F924650.[ODEBUG] [Explorer Probe] [`anonymous-namespace'::filter_holder_t::~filter_holder_t]#Destroying filter_holder_t at 0F534608.[ODEBUG] [Explorer Probe] [`anonymous-namespace'::filter_holder_t::~filter_holder_t]#Destroying filter_holder_t at 0F534650.[ODEBUG] [Explorer Probe] [`anonymous-namespace'::filter_holder_t::~filter_holder_t]#Destroying filter_holder_t at 0F534608.[ODEBUG] [Expt/90-rt104635.t .......... ok   ce'::filter_holder_t::~filter_holder_t]#Destroying filter_holder_t at 0F534650.
t/90-rt59710.t ........... ok
All tests successful.
Files=11, Tests=110, 320 wallclock secs ( 0.09 usr +  0.05 sys =  0.14 CPU)
Result: PASS
  RSCHUPP/PAR-Packer-1.039.tar.gz
  C:\STRAWB~1\c\bin\gmake.exe test -- OK
Running make install
Makefile:861: warning: overriding recipe for target '.c.o'
gmake[1]: Entering directory 'C:/STRAWB~1/cpan/build/PAR-Packer-1.039-1/myldr'
Makefile:335: warning: ignoring old recipe for target '.c.o'
gmake[1]: Leaving directory 'C:/STRAWB~1/cpan/build/PAR-Packer-1.039-1/myldr'
Installing C:\STRAWB~1\perl\site\lib\pp.pm
Installing C:\STRAWB~1\perl\site\lib\App\Packer\PAR.pm
Installing C:\STRAWB~1\perl\site\lib\PAR\Filter.pm
Installing C:\STRAWB~1\perl\site\lib\PAR\Packer.pm
Installing C:\STRAWB~1\perl\site\lib\PAR\Filter\Bleach.pm
Installing C:\STRAWB~1\perl\site\lib\PAR\Filter\Bytecode.pm
Installing C:\STRAWB~1\perl\site\lib\PAR\Filter\Obfuscate.pm
Installing C:\STRAWB~1\perl\site\lib\PAR\Filter\PatchContent.pm
Installing C:\STRAWB~1\perl\site\lib\PAR\Filter\PodStrip.pm
Installing C:\STRAWB~1\perl\site\lib\PAR\StrippedPARL\Base.pm
Installing C:\STRAWB~1\perl\site\lib\PAR\StrippedPARL\Dynamic.pm
Installing C:\STRAWB~1\perl\site\lib\PAR\StrippedPARL\Static.pm
Installing C:\STRAWB~1\perl\site\bin\par.bat
Installing C:\STRAWB~1\perl\site\bin\par.pl
Installing C:\STRAWB~1\perl\site\bin\parl.exe
Installing C:\STRAWB~1\perl\site\bin\parldyn.exe
Installing C:\STRAWB~1\perl\site\bin\pp
Installing C:\STRAWB~1\perl\site\bin\pp.bat
Installing C:\STRAWB~1\perl\site\bin\tkpp
Installing C:\STRAWB~1\perl\site\bin\tkpp.bat
Appending installation info to C:\STRAWB~1\perl\lib/perllocal.pod
  RSCHUPP/PAR-Packer-1.039.tar.gz
  C:\STRAWB~1\c\bin\gmake.exe install UNINST=1 -- OK
Running install for module 'Module::Signature'
Checksum for C:\STRAWB~1\cpan\sources\authors\id\A\AU\AUDREYT\Module-Signature-0.81.tar.gz ok
Configuring A/AU/AUDREYT/Module-Signature-0.81.tar.gz with Makefile.PL
Checking if your kit is complete...
Looks good
Generating a gmake-style Makefile
Writing Makefile for Module::Signature
Writing MYMETA.yml and MYMETA.json
  AUDREYT/Module-Signature-0.81.tar.gz
  C:\Strawberry\perl\bin\perl.exe Makefile.PL -- OK
Running make for A/AU/AUDREYT/Module-Signature-0.81.tar.gz
cp lib/Module/Signature.pm blib\lib\Module\Signature.pm
"C:\Strawberry\perl\bin\perl.exe" "-Iinc" -MExtUtils::Command -e cp -- script/cpansign blib\script\cpansign
pl2bat.bat blib\script\cpansign
  AUDREYT/Module-Signature-0.81.tar.gz
  C:\STRAWB~1\c\bin\gmake.exe -- OK
Running make test
"C:\Strawberry\perl\bin\perl.exe" "-MExtUtils::Command::MM" "-MTest::Harness" "-e" "undef *Test::Harness::Switches; test_harness(0, 'inc', 'blib\lib', 'blib\arch')" t/*.t
t/0-signature.t .. skipped: Set the environment variable TEST_SIGNATURE to enable this test.
t/1-basic.t ...... ok
t/2-cygwin.t ..... skipped: Cygwin only tests
t/3-verify.t ..... 1/4
#   Failed test 'dir[t/test-datcrlf-signew]system[C:\Strawberry\perl\bin\perl.exe -I../../lib/ ../../script/cpansign -v]ret[256]out[]err[Error verifying signature: Could not find public key with KeyID ec8039f0a317c15d
# ]diff[]'
#   at t/3-verify.t line 20.
t/3-verify.t ..... 2/4
#   Failed test 'dir[t/test-datcrlf-sigold]system[C:\Strawberry\perl\bin\perl.exe -I../../lib/ ../../script/cpansign -v]ret[256]out[]err[Error verifying signature: Could not find public key with KeyID ec8039f0a317c15d
# ]diff[]'
#   at t/3-verify.t line 20.

t/3-verify.t ..... 3/4 #   Failed test 'dir[t/test-datlf-signew]system[C:\Strawberry\perl\bin\perl.exe -I../../lib/ ../../script/cpansign -v]ret[256]out[]err[Error verifying signature: Could not find public key with KeyID ec8039f0a317c15d
# ]diff[]'
#   at t/3-verify.t line 20.
t/3-verify.t ..... 4/4
#   Failed test 'dir[t/test-datlf-sigold]system[C:\Strawberry\perl\bin\perl.exe -I../../lib/ ../../script/cpansign -v]ret[256]out[]err[Error verifying signature: Could not find public key with KeyID ec8039f0a317c15d
# ]diff[]'
#   at t/3-verify.t line 20.
# Looks like you failed 4 tests of 4.
t/3-verify.t ..... Dubious, test returned 4 (wstat 1024, 0x400)
Failed 4/4 subtests

Test Summary Report
-------------------
t/3-verify.t   (Wstat: 1024 Tests: 4 Failed: 4)
  Failed tests:  1-4
  Non-zero exit status: 4
Files=4, Tests=6, 16 wallclock secs ( 0.05 usr +  0.03 sys =  0.08 CPU)
Result: FAIL
Failed 1/4 test programs. 4/6 subtests failed.
gmake: *** [Makefile:800: test_dynamic] Error 4
  AUDREYT/Module-Signature-0.81.tar.gz
  C:\STRAWB~1\c\bin\gmake.exe test -- NOT OK
//hint// to see the cpan-testers results for installing this module, try:
  reports AUDREYT/Module-Signature-0.81.tar.gz
Failed during this command:
 (optional) AUDREYT/Module-Signature-0.81.tar.gz: make_test NO

cpan>