cpanm (App::cpanminus) 1.7001 on perl 5.020000 built for x86_64-linux-thread-multi-ld
Work directory is ~/.cpanm/work/1431367841.12754
You have make /usr/bin/make
You have LWP 6.08
You have /bin/tar: tar (GNU tar) 1.28
Copyright (C) 2014 Free Software Foundation, Inc.
License GPLv3+: GNU GPL version 3 or later <http://gnu.org/licenses/gpl.html>.
This is free software: you are free to change and redistribute it.
There is NO WARRANTY, to the extent permitted by law.

Written by John Gilmore and Jay Fenlason.
You have /usr/bin/unzip
Searching Net::Async::Matrix on cpanmetadb ...
--> Working on Net::Async::Matrix
Fetching http://www.cpan.org/authors/id/P/PE/PEVANS/Net-Async-Matrix-0.17.tar.gz
-> OK
Unpacking Net-Async-Matrix-0.17.tar.gz
Entering Net-Async-Matrix-0.17
Checking configure dependencies from META.json
Checking if you have Module::Build 0.4004 ... Yes (0.4208)
Checking if you have Module::Build 0.36 ... Yes (0.4208)
Configuring Net-Async-Matrix-0.17
Running Build.PL
Checking prerequisites...
  requires:
    !  Future::Utils is not installed
    !  IO::Async::Notifier is not installed
    !  Net::Async::HTTP is not installed
    !  String::Tagged is not installed
    !  Struct::Dumb is not installed
  test_requires:
    !  Test::Async::HTTP is not installed
  recommends:
    *  Convert::Color::HTML is not installed
    *  String::Tagged::HTML is not installed

ERRORS/WARNINGS FOUND IN PREREQUISITES.  You may wish to install the versions
of the modules indicated above before proceeding with this installation

Created MYMETA.yml and MYMETA.json
Creating new 'Build' script for 'Net-Async-Matrix' version '0.17'
-> OK
Checking dependencies from MYMETA.json ...
Checking if you have Test::More 0.88 ... Yes (1.001002)
Checking if you have POSIX 0 ... Yes (1.38_03)
Checking if you have Future::Utils 0 ... No
Checking if you have JSON::MaybeXS 0 ... Yes (1.003005)
Checking if you have IO::Async::Notifier 0.63 ... No
Checking if you have Struct::Dumb 0 ... No
Checking if you have String::Tagged 0.12 ... No
Checking if you have List::Util 1.29 ... Yes (1.38)
Checking if you have Data::Dump 0 ... Yes (1.22)
Checking if you have URI 0 ... Yes (1.64)
Checking if you have Test::Async::HTTP 0.02 ... No
Checking if you have Net::Async::HTTP 0.36 ... No
==> Found dependencies: Future::Utils, IO::Async::Notifier, Struct::Dumb, String::Tagged, Test::Async::HTTP, Net::Async::HTTP
Searching Future::Utils on cpanmetadb ...
--> Working on Future::Utils
Fetching http://www.cpan.org/authors/id/P/PE/PEVANS/Future-0.32.tar.gz
-> OK
Unpacking Future-0.32.tar.gz
Entering Future-0.32
Checking configure dependencies from META.json
Checking if you have Module::Build 0.4004 ... Yes (0.4208)
Checking if you have Module::Build 0.36 ... Yes (0.4208)
Configuring Future-0.32
Running Build.PL
Checking prerequisites...
  test_requires:
    !  Test::Identity is not installed
    !  Test::Refcount is not installed

ERRORS/WARNINGS FOUND IN PREREQUISITES.  You may wish to install the versions
of the modules indicated above before proceeding with this installation

Created MYMETA.yml and MYMETA.json
Creating new 'Build' script for 'Future' version '0.32'
-> OK
Checking dependencies from MYMETA.json ...
Checking if you have Carp 1.25 ... Yes (1.3301)
Checking if you have Time::HiRes 0 ... Yes (1.9726)
Checking if you have Test::More 0.88 ... Yes (1.001002)
Checking if you have Test::Fatal 0 ... Yes (0.013)
Checking if you have Test::Builder::Module 0 ... Yes (1.001002)
Checking if you have Test::Refcount 0 ... No
Checking if you have Test::Identity 0 ... No
==> Found dependencies: Test::Refcount, Test::Identity
Searching Test::Refcount on cpanmetadb ...
--> Working on Test::Refcount
Fetching http://www.cpan.org/authors/id/P/PE/PEVANS/Test-Refcount-0.08.tar.gz
-> OK
Unpacking Test-Refcount-0.08.tar.gz
Entering Test-Refcount-0.08
Checking configure dependencies from META.json
Checking if you have Module::Build 0.36 ... Yes (0.4208)
Configuring Test-Refcount-0.08
Running Build.PL
Checking prerequisites...
  recommends:
    *  Devel::MAT is not installed

ERRORS/WARNINGS FOUND IN PREREQUISITES.  You may wish to install the versions
of the modules indicated above before proceeding with this installation

Created MYMETA.yml and MYMETA.json
Creating new 'Build' script for 'Test-Refcount' version '0.08'
-> OK
Checking dependencies from MYMETA.json ...
Checking if you have Test::Builder::Tester 0 ... Yes (1.23_002)
Checking if you have Test::Builder 0 ... Yes (1.001002)
Checking if you have Scalar::Util 0 ... Yes (1.38)
Checking if you have B 0 ... Yes (1.48)
Checking if you have Test::More 0 ... Yes (1.001002)
Building and testing Test-Refcount-0.08
Building Test-Refcount
t/00use.t ....... ok
t/01count.t ..... ok
t/02one.t ....... ok
t/03weak.t ...... ok
t/04reftypes.t .. ok
t/99pod.t ....... ok
All tests successful.
Files=6, Tests=21,  1 wallclock secs ( 0.04 usr  0.00 sys +  0.18 cusr  0.02 csys =  0.24 CPU)
Result: PASS
Building Test-Refcount
Installing /opt/perl5/perls/perl-5.20.0/lib/site_perl/5.20.0/Test/Refcount.pm
Installing /opt/perl5/perls/perl-5.20.0/man/man3/Test::Refcount.3
-> OK
Successfully installed Test-Refcount-0.08
Installing /opt/perl5/perls/perl-5.20.0/lib/site_perl/5.20.0/x86_64-linux-thread-multi-ld/.meta/Test-Refcount-0.08/MYMETA.json
Installing /opt/perl5/perls/perl-5.20.0/lib/site_perl/5.20.0/x86_64-linux-thread-multi-ld/.meta/Test-Refcount-0.08/install.json
Searching Test::Identity on cpanmetadb ...
--> Working on Test::Identity
Fetching http://www.cpan.org/authors/id/P/PE/PEVANS/Test-Identity-0.01.tar.gz
-> OK
Unpacking Test-Identity-0.01.tar.gz
Entering Test-Identity-0.01
Checking configure dependencies from META.yml
Checking if you have Module::Build 0.36 ... Yes (0.4208)
Checking if you have Module::Build 0.36 ... Yes (0.4208)
Configuring Test-Identity-0.01
Running Build.PL
Created MYMETA.yml and MYMETA.json
Creating new 'Build' script for 'Test-Identity' version '0.01'
-> OK
Checking dependencies from MYMETA.json ...
Checking if you have Scalar::Util 0 ... Yes (1.38)
Checking if you have Test::Builder::Tester 0 ... Yes (1.23_002)
Checking if you have Test::More 0 ... Yes (1.001002)
Building and testing Test-Identity-0.01
Building Test-Identity
t/00use.t ........ ok
t/01identical.t .. ok
t/99pod.t ........ ok
All tests successful.
Files=3, Tests=10,  0 wallclock secs ( 0.02 usr  0.00 sys +  0.08 cusr  0.01 csys =  0.11 CPU)
Result: PASS
Building Test-Identity
Installing /opt/perl5/perls/perl-5.20.0/lib/site_perl/5.20.0/Test/Identity.pm
Installing /opt/perl5/perls/perl-5.20.0/man/man3/Test::Identity.3
-> OK
Successfully installed Test-Identity-0.01
Installing /opt/perl5/perls/perl-5.20.0/lib/site_perl/5.20.0/x86_64-linux-thread-multi-ld/.meta/Test-Identity-0.01/MYMETA.json
Installing /opt/perl5/perls/perl-5.20.0/lib/site_perl/5.20.0/x86_64-linux-thread-multi-ld/.meta/Test-Identity-0.01/install.json
Building and testing Future-0.32
Building Future
t/00use.t ..................... ok
t/01future.t .................. ok
t/02cancel.t .................. ok
t/03then.t .................... ok
t/04else.t .................... ok
t/05then-else.t ............... ok
t/06followed_by.t ............. ok
t/09transform.t ............... ok
t/10wait_all.t ................ ok
t/11wait_any.t ................ ok
t/12needs_all.t ............... ok
t/13needs_any.t ............... ok
t/20subclass.t ................ ok
t/21debug.t ................... ok
t/22wrap_cb.t ................. ok
t/30utils-call.t .............. ok
t/31utils-call-with-escape.t .. ok
t/32utils-repeat.t ............ ok
t/33utils-repeat-generate.t ... ok
t/34utils-repeat-foreach.t .... ok
t/35utils-map-void.t .......... ok
t/36utils-map.t ............... ok
t/50test-future.t ............. ok
t/99pod.t ..................... ok
All tests successful.
Files=24, Tests=557,  1 wallclock secs ( 0.11 usr  0.01 sys +  0.89 cusr  0.07 csys =  1.08 CPU)
Result: PASS
Building Future
Installing /opt/perl5/perls/perl-5.20.0/lib/site_perl/5.20.0/Future.pm
Installing /opt/perl5/perls/perl-5.20.0/lib/site_perl/5.20.0/Test/Future.pm
Installing /opt/perl5/perls/perl-5.20.0/lib/site_perl/5.20.0/Future/Utils.pm
Installing /opt/perl5/perls/perl-5.20.0/lib/site_perl/5.20.0/Future/Phrasebook.pod
Installing /opt/perl5/perls/perl-5.20.0/man/man3/Future.3
Installing /opt/perl5/perls/perl-5.20.0/man/man3/Future::Phrasebook.3
Installing /opt/perl5/perls/perl-5.20.0/man/man3/Test::Future.3
Installing /opt/perl5/perls/perl-5.20.0/man/man3/Future::Utils.3
-> OK
Successfully installed Future-0.32
Installing /opt/perl5/perls/perl-5.20.0/lib/site_perl/5.20.0/x86_64-linux-thread-multi-ld/.meta/Future-0.32/MYMETA.json
Installing /opt/perl5/perls/perl-5.20.0/lib/site_perl/5.20.0/x86_64-linux-thread-multi-ld/.meta/Future-0.32/install.json
Searching IO::Async::Notifier on cpanmetadb ...
--> Working on IO::Async::Notifier
Fetching http://www.cpan.org/authors/id/P/PE/PEVANS/IO-Async-0.66.tar.gz
-> OK
Unpacking IO-Async-0.66.tar.gz
Entering IO-Async-0.66
Checking configure dependencies from META.json
Checking if you have Module::Build 0.4004 ... Yes (0.4208)
Checking if you have Module::Build 0.36 ... Yes (0.4208)
Configuring IO-Async-0.66
Running Build.PL
Checking prerequisites...
  requires:
    !  Struct::Dumb is not installed

ERRORS/WARNINGS FOUND IN PREREQUISITES.  You may wish to install the versions
of the modules indicated above before proceeding with this installation

Created MYMETA.yml and MYMETA.json
Creating new 'Build' script for 'IO-Async' version '0.66'
-> OK
Checking dependencies from MYMETA.json ...
Checking if you have Struct::Dumb 0 ... No
Checking if you have IO::Poll 0 ... Yes (0.09)
Checking if you have Future 0.26 ... Yes (0.32)
Checking if you have Future::Utils 0.18 ... Yes (0.32)
Checking if you have Time::HiRes 0 ... Yes (1.9726)
Checking if you have File::Temp 0 ... Yes (0.2304)
Checking if you have Test::More 0.88 ... Yes (1.001002)
Checking if you have File::stat 0 ... Yes (1.07)
Checking if you have Test::Fatal 0 ... Yes (0.013)
Checking if you have Socket 2.007 ... Yes (2.013)
Checking if you have Exporter 5.57 ... Yes (5.70)
Checking if you have Storable 0 ... Yes (2.49)
Checking if you have Test::Identity 0 ... Yes (0.01)
Checking if you have Test::Refcount 0 ... Yes (0.08)
==> Found dependencies: Struct::Dumb
Searching Struct::Dumb on cpanmetadb ...
--> Working on Struct::Dumb
Fetching http://www.cpan.org/authors/id/P/PE/PEVANS/Struct-Dumb-0.03.tar.gz
-> OK
Unpacking Struct-Dumb-0.03.tar.gz
Entering Struct-Dumb-0.03
Checking configure dependencies from META.json
Checking if you have Module::Build 0.36 ... Yes (0.4208)
Configuring Struct-Dumb-0.03
Running Build.PL
Created MYMETA.yml and MYMETA.json
Creating new 'Build' script for 'Struct-Dumb' version '0.03'
-> OK
Checking dependencies from MYMETA.json ...
Checking if you have Test::Fatal 0 ... Yes (0.013)
Checking if you have Test::More 0.88 ... Yes (1.001002)
Building and testing Struct-Dumb-0.03
Building Struct-Dumb
t/00use.t ....... ok
t/01point.t ..... ok
t/02scope.t ..... ok
t/03readonly.t .. ok
t/04named.t ..... ok
t/99pod.t ....... ok
All tests successful.
Files=6, Tests=18,  0 wallclock secs ( 0.03 usr  0.01 sys +  0.15 cusr  0.01 csys =  0.20 CPU)
Result: PASS
Building Struct-Dumb
Installing /opt/perl5/perls/perl-5.20.0/lib/site_perl/5.20.0/Struct/Dumb.pm
Installing /opt/perl5/perls/perl-5.20.0/man/man3/Struct::Dumb.3
-> OK
Successfully installed Struct-Dumb-0.03
Installing /opt/perl5/perls/perl-5.20.0/lib/site_perl/5.20.0/x86_64-linux-thread-multi-ld/.meta/Struct-Dumb-0.03/MYMETA.json
Installing /opt/perl5/perls/perl-5.20.0/lib/site_perl/5.20.0/x86_64-linux-thread-multi-ld/.meta/Struct-Dumb-0.03/install.json
Building and testing IO-Async-0.66
Building IO-Async
t/00use.t .................... ok
t/01timequeue.t .............. ok
t/02os.t ..................... ok
t/03loop-magic.t ............. ok
t/04notifier.t ............... ok
t/05notifier-loop.t .......... ok
t/06notifier-mixin.t ......... ok
t/07notifier-future.t ........ ok
t/10loop-poll-io.t ........... ok
t/10loop-select-io.t ......... ok
t/11loop-poll-timer.t ........ ok
t/11loop-select-timer.t ...... ok
t/12loop-poll-signal.t ....... ok
t/12loop-select-signal.t ..... ok
t/13loop-poll-idle.t ......... ok
t/13loop-select-idle.t ....... ok
t/14loop-poll-child.t ........ ok
t/14loop-select-child.t ...... ok
t/15loop-poll-control.t ...... ok
t/15loop-select-control.t .... ok
t/18loop-poll-legacy.t ....... ok
t/18loop-select-legacy.t ..... ok
t/19loop-future.t ............ ok
t/19test.t ................... ok
t/20handle.t ................. ok
t/21stream-1read.t ........... ok
t/21stream-2write.t .......... ok
t/21stream-3split.t .......... ok
t/21stream-4encoding.t ....... ok
t/22timer-absolute.t ......... ok
t/22timer-countdown.t ........ ok
t/22timer-periodic.t ......... ok
t/23signal.t ................. ok
t/24listener.t ............... ok
t/25socket.t ................. ok
t/26pid.t .................... ok
t/27file.t ................... ok
t/28filestream.t ............. ok
t/30loop-fork.t .............. ok
t/31loop-spawnchild.t ........ ok
t/32loop-spawnchild-setup.t .. ok
t/33process.t ................ ok
t/34process-handles.t ........ ok
t/35loop-openchild.t ......... ok
t/36loop-runchild.t .......... ok
t/37loop-child-root.t ........ skipped: not root
t/38loop-thread.t ............ ok
t/40channel.t ................ ok
t/41routine.t ................ ok
t/42function.t ............... ok
t/50resolver.t ............... ok
t/51loop-connect.t ........... ok
t/52loop-listen.t ............ ok
t/53loop-extend.t ............ ok
t/60protocol.t ............... ok
t/61protocol-stream.t ........ ok
t/62protocol-linestream.t .... ok
t/63handle-connect.t ......... ok
t/64handle-bind.t ............ ok
t/99pod.t .................... ok
All tests successful.
Files=60, Tests=1600, 101 wallclock secs ( 0.35 usr  0.06 sys +  9.23 cusr  0.74 csys = 10.38 CPU)
Result: PASS
Building IO-Async
Installing /opt/perl5/perls/perl-5.20.0/lib/site_perl/5.20.0/IO/Async.pm
Installing /opt/perl5/perls/perl-5.20.0/lib/site_perl/5.20.0/IO/Async/Listener.pm
Installing /opt/perl5/perls/perl-5.20.0/lib/site_perl/5.20.0/IO/Async/Test.pm
Installing /opt/perl5/perls/perl-5.20.0/lib/site_perl/5.20.0/IO/Async/Notifier.pm
Installing /opt/perl5/perls/perl-5.20.0/lib/site_perl/5.20.0/IO/Async/Process.pm
Installing /opt/perl5/perls/perl-5.20.0/lib/site_perl/5.20.0/IO/Async/Protocol.pm
Installing /opt/perl5/perls/perl-5.20.0/lib/site_perl/5.20.0/IO/Async/Stream.pm
Installing /opt/perl5/perls/perl-5.20.0/lib/site_perl/5.20.0/IO/Async/Loop.pm
Installing /opt/perl5/perls/perl-5.20.0/lib/site_perl/5.20.0/IO/Async/Handle.pm
Installing /opt/perl5/perls/perl-5.20.0/lib/site_perl/5.20.0/IO/Async/File.pm
Installing /opt/perl5/perls/perl-5.20.0/lib/site_perl/5.20.0/IO/Async/FileStream.pm
Installing /opt/perl5/perls/perl-5.20.0/lib/site_perl/5.20.0/IO/Async/Routine.pm
Installing /opt/perl5/perls/perl-5.20.0/lib/site_perl/5.20.0/IO/Async/Debug.pm
Installing /opt/perl5/perls/perl-5.20.0/lib/site_perl/5.20.0/IO/Async/ChildManager.pm
Installing /opt/perl5/perls/perl-5.20.0/lib/site_perl/5.20.0/IO/Async/MergePoint.pm
Installing /opt/perl5/perls/perl-5.20.0/lib/site_perl/5.20.0/IO/Async/Socket.pm
Installing /opt/perl5/perls/perl-5.20.0/lib/site_perl/5.20.0/IO/Async/Timer.pm
Installing /opt/perl5/perls/perl-5.20.0/lib/site_perl/5.20.0/IO/Async/Function.pm
Installing /opt/perl5/perls/perl-5.20.0/lib/site_perl/5.20.0/IO/Async/LoopTests.pm
Installing /opt/perl5/perls/perl-5.20.0/lib/site_perl/5.20.0/IO/Async/Signal.pm
Installing /opt/perl5/perls/perl-5.20.0/lib/site_perl/5.20.0/IO/Async/Future.pm
Installing /opt/perl5/perls/perl-5.20.0/lib/site_perl/5.20.0/IO/Async/OS.pm
Installing /opt/perl5/perls/perl-5.20.0/lib/site_perl/5.20.0/IO/Async/Resolver.pm
Installing /opt/perl5/perls/perl-5.20.0/lib/site_perl/5.20.0/IO/Async/Channel.pm
Installing /opt/perl5/perls/perl-5.20.0/lib/site_perl/5.20.0/IO/Async/PID.pm
Installing /opt/perl5/perls/perl-5.20.0/lib/site_perl/5.20.0/IO/Async/Internals/Connector.pm
Installing /opt/perl5/perls/perl-5.20.0/lib/site_perl/5.20.0/IO/Async/Internals/TimeQueue.pm
Installing /opt/perl5/perls/perl-5.20.0/lib/site_perl/5.20.0/IO/Async/Loop/Poll.pm
Installing /opt/perl5/perls/perl-5.20.0/lib/site_perl/5.20.0/IO/Async/Loop/Select.pm
Installing /opt/perl5/perls/perl-5.20.0/lib/site_perl/5.20.0/IO/Async/OS/MSWin32.pm
Installing /opt/perl5/perls/perl-5.20.0/lib/site_perl/5.20.0/IO/Async/OS/linux.pm
Installing /opt/perl5/perls/perl-5.20.0/lib/site_perl/5.20.0/IO/Async/OS/cygwin.pm
Installing /opt/perl5/perls/perl-5.20.0/lib/site_perl/5.20.0/IO/Async/Timer/Periodic.pm
Installing /opt/perl5/perls/perl-5.20.0/lib/site_perl/5.20.0/IO/Async/Timer/Countdown.pm
Installing /opt/perl5/perls/perl-5.20.0/lib/site_perl/5.20.0/IO/Async/Timer/Absolute.pm
Installing /opt/perl5/perls/perl-5.20.0/lib/site_perl/5.20.0/IO/Async/Protocol/LineStream.pm
Installing /opt/perl5/perls/perl-5.20.0/lib/site_perl/5.20.0/IO/Async/Protocol/Stream.pm
Installing /opt/perl5/perls/perl-5.20.0/man/man3/IO::Async::Stream.3
Installing /opt/perl5/perls/perl-5.20.0/man/man3/IO::Async::OS::cygwin.3
Installing /opt/perl5/perls/perl-5.20.0/man/man3/IO::Async::MergePoint.3
Installing /opt/perl5/perls/perl-5.20.0/man/man3/IO::Async::Loop::Poll.3
Installing /opt/perl5/perls/perl-5.20.0/man/man3/IO::Async::FileStream.3
Installing /opt/perl5/perls/perl-5.20.0/man/man3/IO::Async::Protocol.3
Installing /opt/perl5/perls/perl-5.20.0/man/man3/IO::Async::OS::MSWin32.3
Installing /opt/perl5/perls/perl-5.20.0/man/man3/IO::Async::PID.3
Installing /opt/perl5/perls/perl-5.20.0/man/man3/IO::Async::Timer::Absolute.3
Installing /opt/perl5/perls/perl-5.20.0/man/man3/IO::Async::OS.3
Installing /opt/perl5/perls/perl-5.20.0/man/man3/IO::Async::Protocol::Stream.3
Installing /opt/perl5/perls/perl-5.20.0/man/man3/IO::Async::Timer.3
Installing /opt/perl5/perls/perl-5.20.0/man/man3/IO::Async.3
Installing /opt/perl5/perls/perl-5.20.0/man/man3/IO::Async::Function.3
Installing /opt/perl5/perls/perl-5.20.0/man/man3/IO::Async::Notifier.3
Installing /opt/perl5/perls/perl-5.20.0/man/man3/IO::Async::Handle.3
Installing /opt/perl5/perls/perl-5.20.0/man/man3/IO::Async::Routine.3
Installing /opt/perl5/perls/perl-5.20.0/man/man3/IO::Async::Loop::Select.3
Installing /opt/perl5/perls/perl-5.20.0/man/man3/IO::Async::Listener.3
Installing /opt/perl5/perls/perl-5.20.0/man/man3/IO::Async::ChildManager.3
Installing /opt/perl5/perls/perl-5.20.0/man/man3/IO::Async::Process.3
Installing /opt/perl5/perls/perl-5.20.0/man/man3/IO::Async::LoopTests.3
Installing /opt/perl5/perls/perl-5.20.0/man/man3/IO::Async::Timer::Periodic.3
Installing /opt/perl5/perls/perl-5.20.0/man/man3/IO::Async::Signal.3
Installing /opt/perl5/perls/perl-5.20.0/man/man3/IO::Async::Socket.3
Installing /opt/perl5/perls/perl-5.20.0/man/man3/IO::Async::Timer::Countdown.3
Installing /opt/perl5/perls/perl-5.20.0/man/man3/IO::Async::Test.3
Installing /opt/perl5/perls/perl-5.20.0/man/man3/IO::Async::OS::linux.3
Installing /opt/perl5/perls/perl-5.20.0/man/man3/IO::Async::Loop.3
Installing /opt/perl5/perls/perl-5.20.0/man/man3/IO::Async::Protocol::LineStream.3
Installing /opt/perl5/perls/perl-5.20.0/man/man3/IO::Async::Resolver.3
Installing /opt/perl5/perls/perl-5.20.0/man/man3/IO::Async::Debug.3
Installing /opt/perl5/perls/perl-5.20.0/man/man3/IO::Async::File.3
Installing /opt/perl5/perls/perl-5.20.0/man/man3/IO::Async::Future.3
Installing /opt/perl5/perls/perl-5.20.0/man/man3/IO::Async::Channel.3
-> OK
Successfully installed IO-Async-0.66
Installing /opt/perl5/perls/perl-5.20.0/lib/site_perl/5.20.0/x86_64-linux-thread-multi-ld/.meta/IO-Async-0.66/MYMETA.json
Installing /opt/perl5/perls/perl-5.20.0/lib/site_perl/5.20.0/x86_64-linux-thread-multi-ld/.meta/IO-Async-0.66/install.json
Already tried Struct::Dumb. Skipping.
Searching String::Tagged on cpanmetadb ...
--> Working on String::Tagged
Fetching http://www.cpan.org/authors/id/P/PE/PEVANS/String-Tagged-0.12.tar.gz
-> OK
Unpacking String-Tagged-0.12.tar.gz
Entering String-Tagged-0.12
Checking configure dependencies from META.json
Checking if you have Module::Build 0.36 ... Yes (0.4208)
Configuring String-Tagged-0.12
Running Build.PL
Created MYMETA.yml and MYMETA.json
Creating new 'Build' script for 'String-Tagged' version '0.12'
-> OK
Checking dependencies from MYMETA.json ...
Checking if you have Test::Identity 0 ... Yes (0.01)
Checking if you have Test::More 0.88 ... Yes (1.001002)
Building and testing String-Tagged-0.12
Building String-Tagged
t/00use.t ................. ok
t/01plain.t ............... ok
t/02tags-conststr.t ....... ok
t/03tags-iter-limit.t ..... ok
t/04tags-appendstr.t ...... ok
t/05tags-delete.t ......... ok
t/06tags-substr.t ......... ok
t/07tags-range.t .......... ok
t/10debugprint.t .......... ok
t/11clone.t ............... ok
t/20merge-tags.t .......... ok
t/21merge-tags-anchors.t .. ok
t/30appendinsert.t ........ ok
t/31matches.t ............. ok
t/32split.t ............... ok
t/40operators.t ........... ok
t/50subclass.t ............ ok
t/99pod.t ................. ok
All tests successful.
Files=18, Tests=158,  1 wallclock secs ( 0.06 usr  0.01 sys +  0.45 cusr  0.05 csys =  0.57 CPU)
Result: PASS
Building String-Tagged
Installing /opt/perl5/perls/perl-5.20.0/lib/site_perl/5.20.0/String/Tagged.pm
Installing /opt/perl5/perls/perl-5.20.0/lib/site_perl/5.20.0/String/Tagged/Formatting.pod
Installing /opt/perl5/perls/perl-5.20.0/man/man3/String::Tagged.3
Installing /opt/perl5/perls/perl-5.20.0/man/man3/String::Tagged::Formatting.3
-> OK
Successfully installed String-Tagged-0.12
Installing /opt/perl5/perls/perl-5.20.0/lib/site_perl/5.20.0/x86_64-linux-thread-multi-ld/.meta/String-Tagged-0.12/MYMETA.json
Installing /opt/perl5/perls/perl-5.20.0/lib/site_perl/5.20.0/x86_64-linux-thread-multi-ld/.meta/String-Tagged-0.12/install.json
Searching Test::Async::HTTP on cpanmetadb ...
--> Working on Test::Async::HTTP
Fetching http://www.cpan.org/authors/id/P/PE/PEVANS/Test-Async-HTTP-0.02.tar.gz
-> OK
Unpacking Test-Async-HTTP-0.02.tar.gz
Entering Test-Async-HTTP-0.02
Checking configure dependencies from META.json
Checking if you have Module::Build 0.36 ... Yes (0.4208)
Configuring Test-Async-HTTP-0.02
Running Build.PL
Created MYMETA.yml and MYMETA.json
Creating new 'Build' script for 'Test-Async-HTTP' version '0.02'
-> OK
Checking dependencies from MYMETA.json ...
Checking if you have Test::Identity 0 ... Yes (0.01)
Checking if you have Test::More 0.88 ... Yes (1.001002)
Checking if you have Future 0 ... Yes (0.32)
Checking if you have HTTP::Response 0 ... Yes (6.04)
Checking if you have HTTP::Request 0 ... Yes (6.00)
Building and testing Test-Async-HTTP-0.02
Building Test-Async-HTTP
t/00use.t .............. ok
t/01request.t .......... ok
t/02request-content.t .. ok
t/03on_header.t ........ ok
t/04concurrent.t ....... ok
t/05convenience.t ...... ok
t/99pod.t .............. ok
All tests successful.
Files=7, Tests=43,  0 wallclock secs ( 0.04 usr  0.00 sys +  0.32 cusr  0.03 csys =  0.39 CPU)
Result: PASS
Building Test-Async-HTTP
Installing /opt/perl5/perls/perl-5.20.0/lib/site_perl/5.20.0/Test/Async/HTTP.pm
Installing /opt/perl5/perls/perl-5.20.0/man/man3/Test::Async::HTTP.3
-> OK
Successfully installed Test-Async-HTTP-0.02
Installing /opt/perl5/perls/perl-5.20.0/lib/site_perl/5.20.0/x86_64-linux-thread-multi-ld/.meta/Test-Async-HTTP-0.02/MYMETA.json
Installing /opt/perl5/perls/perl-5.20.0/lib/site_perl/5.20.0/x86_64-linux-thread-multi-ld/.meta/Test-Async-HTTP-0.02/install.json
Searching Net::Async::HTTP on cpanmetadb ...
--> Working on Net::Async::HTTP
Fetching http://www.cpan.org/authors/id/P/PE/PEVANS/Net-Async-HTTP-0.37.tar.gz
-> OK
Unpacking Net-Async-HTTP-0.37.tar.gz
Entering Net-Async-HTTP-0.37
Checking configure dependencies from META.json
Checking if you have Module::Build 0.36 ... Yes (0.4208)
Configuring Net-Async-HTTP-0.37
Running Build.PL
Created MYMETA.yml and MYMETA.json
Creating new 'Build' script for 'Net-Async-HTTP' version '0.37'
-> OK
Checking dependencies from MYMETA.json ...
Checking if you have Test::Identity 0 ... Yes (0.01)
Checking if you have Test::Refcount 0 ... Yes (0.08)
Checking if you have IO::Async::Loop 0.59 ... Yes (0.66)
Checking if you have HTTP::Request 0 ... Yes (6.00)
Checking if you have IO::Async::Stream 0.59 ... Yes (0.66)
Checking if you have HTTP::Request::Common 0 ... Yes (6.04)
Checking if you have Test::More 0.88 ... Yes (1.001002)
Checking if you have HTTP::Cookies 0 ... Yes (6.01)
Checking if you have URI 0 ... Yes (1.64)
Checking if you have IO::Async::Timer::Countdown 0 ... Yes (0.66)
Checking if you have List::Util 0 ... Yes (1.38)
Checking if you have Struct::Dumb 0 ... Yes (0.03)
Checking if you have IO::Async::Test 0 ... Yes (0.66)
Checking if you have Future 0.28 ... Yes (0.32)
Checking if you have Future::Utils 0.16 ... Yes (0.32)
Checking if you have HTTP::Response 0 ... Yes (6.04)
Building and testing Net-Async-HTTP-0.37
Building Net-Async-HTTP
t/00use.t ...................... ok
t/01request.t .................. ok
t/02uri.t ...................... ok
t/03future.t ................... ok
t/04fail.t ..................... ok
t/05redir.t .................... ok
t/06close.t .................... ok
t/07continue.t ................. ok
t/08prepareprocess.t ........... ok
t/09cookies.t .................. ok
t/10request-streaming.t ........ ok
t/11response-streaming.t ....... ok
t/12conn-persistence.t ......... ok
t/13conn-pipeline.t ............ ok
t/14conn-max.t ................. ok
t/15conn-errors.t .............. ok
t/16max-in-flight.t ............ ok
t/17on-write.t ................. ok
# Using optional dependency Compress::Raw::Zlib 2.065
t/18content-coding.t ........... ok
t/19idle.t ..................... ok
t/20local-connect.t ............ ok
t/21local-connect-ssl.t ........ skipped: No IO::Async::SSL
t/22local-connect-pipeline.t ... ok
t/23local-connect-redir.t ...... ok
t/24local-connect-redir-ssl.t .. skipped: No IO::Async::SSL
t/30timeout.t .................. ok
t/31cancel.t ................... ok
t/80cross-http.t ............... skipped: Net::Async::HTTP::Server 0.03 is not available
t/81cross-https.t .............. skipped: Net::Async::HTTP::Server 0.06 is not available
t/90rt75615.t .................. ok
t/90rt75616.t .................. ok
t/90rt92904.t .................. ok
t/90rt93232.t .................. ok
t/90rt99142.t .................. ok
t/91rt100066.t ................. ok
t/99pod.t ...................... ok
All tests successful.
Files=36, Tests=489,  5 wallclock secs ( 0.14 usr  0.03 sys +  4.20 cusr  0.38 csys =  4.75 CPU)
Result: PASS
Building Net-Async-HTTP
Installing /opt/perl5/perls/perl-5.20.0/lib/site_perl/5.20.0/Net/Async/HTTP.pm
Installing /opt/perl5/perls/perl-5.20.0/lib/site_perl/5.20.0/Net/Async/HTTP/Connection.pm
Installing /opt/perl5/perls/perl-5.20.0/lib/site_perl/5.20.0/Net/Async/HTTP/StallTimer.pm
Installing /opt/perl5/perls/perl-5.20.0/man/man3/Net::Async::HTTP.3
Installing /opt/perl5/perls/perl-5.20.0/man/man3/Net::Async::HTTP::Connection.3
-> OK
Successfully installed Net-Async-HTTP-0.37
Installing /opt/perl5/perls/perl-5.20.0/lib/site_perl/5.20.0/x86_64-linux-thread-multi-ld/.meta/Net-Async-HTTP-0.37/MYMETA.json
Installing /opt/perl5/perls/perl-5.20.0/lib/site_perl/5.20.0/x86_64-linux-thread-multi-ld/.meta/Net-Async-HTTP-0.37/install.json
Building and testing Net-Async-Matrix-0.17
Building Net-Async-Matrix
t/00use.t ............ ok
Can't locate JSON.pm in @INC (you may need to install the JSON module) (@INC contains: ~/.cpanm/work/1431367841.12754/Net-Async-Matrix-0.17/blib/lib ~/.cpanm/work/1431367841.12754/Net-Async-Matrix-0.17/blib/arch /opt/perl5/perls/perl-5.20.0/lib/site_perl/5.20.0/x86_64-linux-thread-multi-ld /opt/perl5/perls/perl-5.20.0/lib/site_perl/5.20.0 /opt/perl5/perls/perl-5.20.0/lib/5.20.0/x86_64-linux-thread-multi-ld /opt/perl5/perls/perl-5.20.0/lib/5.20.0 .) at t/Util.pm line 18.
BEGIN failed--compilation aborted at t/Util.pm line 18.
Compilation failed in require at t/01login.t line 8.
BEGIN failed--compilation aborted at t/01login.t line 8.
t/01login.t .......... 
Dubious, test returned 2 (wstat 512, 0x200)
No subtests run 
Can't locate JSON.pm in @INC (you may need to install the JSON module) (@INC contains: ~/.cpanm/work/1431367841.12754/Net-Async-Matrix-0.17/blib/lib ~/.cpanm/work/1431367841.12754/Net-Async-Matrix-0.17/blib/arch /opt/perl5/perls/perl-5.20.0/lib/site_perl/5.20.0/x86_64-linux-thread-multi-ld /opt/perl5/perls/perl-5.20.0/lib/site_perl/5.20.0 /opt/perl5/perls/perl-5.20.0/lib/5.20.0/x86_64-linux-thread-multi-ld /opt/perl5/perls/perl-5.20.0/lib/5.20.0 .) at t/Util.pm line 18.
BEGIN failed--compilation aborted at t/Util.pm line 18.
Compilation failed in require at t/02initial.t line 8.
BEGIN failed--compilation aborted at t/02initial.t line 8.
t/02initial.t ........ 
Dubious, test returned 2 (wstat 512, 0x200)
No subtests run 
Can't locate JSON.pm in @INC (you may need to install the JSON module) (@INC contains: ~/.cpanm/work/1431367841.12754/Net-Async-Matrix-0.17/blib/lib ~/.cpanm/work/1431367841.12754/Net-Async-Matrix-0.17/blib/arch /opt/perl5/perls/perl-5.20.0/lib/site_perl/5.20.0/x86_64-linux-thread-multi-ld /opt/perl5/perls/perl-5.20.0/lib/site_perl/5.20.0 /opt/perl5/perls/perl-5.20.0/lib/5.20.0/x86_64-linux-thread-multi-ld /opt/perl5/perls/perl-5.20.0/lib/5.20.0 .) at t/Util.pm line 18.
BEGIN failed--compilation aborted at t/Util.pm line 18.
Compilation failed in require at t/03events.t line 8.
BEGIN failed--compilation aborted at t/03events.t line 8.
t/03events.t ......... 
Dubious, test returned 2 (wstat 512, 0x200)
No subtests run 
Can't locate JSON.pm in @INC (you may need to install the JSON module) (@INC contains: ~/.cpanm/work/1431367841.12754/Net-Async-Matrix-0.17/blib/lib ~/.cpanm/work/1431367841.12754/Net-Async-Matrix-0.17/blib/arch /opt/perl5/perls/perl-5.20.0/lib/site_perl/5.20.0/x86_64-linux-thread-multi-ld /opt/perl5/perls/perl-5.20.0/lib/site_perl/5.20.0 /opt/perl5/perls/perl-5.20.0/lib/5.20.0/x86_64-linux-thread-multi-ld /opt/perl5/perls/perl-5.20.0/lib/5.20.0 .) at t/Util.pm line 18.
BEGIN failed--compilation aborted at t/Util.pm line 18.
Compilation failed in require at t/09upload.t line 8.
BEGIN failed--compilation aborted at t/09upload.t line 8.
t/09upload.t ......... 
Dubious, test returned 2 (wstat 512, 0x200)
No subtests run 
Can't locate JSON.pm in @INC (you may need to install the JSON module) (@INC contains: ~/.cpanm/work/1431367841.12754/Net-Async-Matrix-0.17/blib/lib ~/.cpanm/work/1431367841.12754/Net-Async-Matrix-0.17/blib/arch /opt/perl5/perls/perl-5.20.0/lib/site_perl/5.20.0/x86_64-linux-thread-multi-ld /opt/perl5/perls/perl-5.20.0/lib/site_perl/5.20.0 /opt/perl5/perls/perl-5.20.0/lib/5.20.0/x86_64-linux-thread-multi-ld /opt/perl5/perls/perl-5.20.0/lib/5.20.0 .) at t/Util.pm line 18.
BEGIN failed--compilation aborted at t/Util.pm line 18.
Compilation failed in require at t/10room-join.t line 8.
BEGIN failed--compilation aborted at t/10room-join.t line 8.
t/10room-join.t ...... 
Dubious, test returned 2 (wstat 512, 0x200)
No subtests run 
Can't locate JSON.pm in @INC (you may need to install the JSON module) (@INC contains: ~/.cpanm/work/1431367841.12754/Net-Async-Matrix-0.17/blib/lib ~/.cpanm/work/1431367841.12754/Net-Async-Matrix-0.17/blib/arch /opt/perl5/perls/perl-5.20.0/lib/site_perl/5.20.0/x86_64-linux-thread-multi-ld /opt/perl5/perls/perl-5.20.0/lib/site_perl/5.20.0 /opt/perl5/perls/perl-5.20.0/lib/5.20.0/x86_64-linux-thread-multi-ld /opt/perl5/perls/perl-5.20.0/lib/5.20.0 .) at t/Util.pm line 18.
BEGIN failed--compilation aborted at t/Util.pm line 18.
Compilation failed in require at t/11room-messages.t line 8.
BEGIN failed--compilation aborted at t/11room-messages.t line 8.
t/11room-messages.t .. 
Dubious, test returned 2 (wstat 512, 0x200)
No subtests run 
Can't locate JSON.pm in @INC (you may need to install the JSON module) (@INC contains: ~/.cpanm/work/1431367841.12754/Net-Async-Matrix-0.17/blib/lib ~/.cpanm/work/1431367841.12754/Net-Async-Matrix-0.17/blib/arch /opt/perl5/perls/perl-5.20.0/lib/site_perl/5.20.0/x86_64-linux-thread-multi-ld /opt/perl5/perls/perl-5.20.0/lib/site_perl/5.20.0 /opt/perl5/perls/perl-5.20.0/lib/5.20.0/x86_64-linux-thread-multi-ld /opt/perl5/perls/perl-5.20.0/lib/5.20.0 .) at t/Util.pm line 18.
BEGIN failed--compilation aborted at t/Util.pm line 18.
Compilation failed in require at t/15room-typing.t line 8.
BEGIN failed--compilation aborted at t/15room-typing.t line 8.
t/15room-typing.t .... 
Dubious, test returned 2 (wstat 512, 0x200)
No subtests run 
t/50utils-format.t ... ok
Can't locate JSON.pm in @INC (you may need to install the JSON module) (@INC contains: ~/.cpanm/work/1431367841.12754/Net-Async-Matrix-0.17/blib/lib ~/.cpanm/work/1431367841.12754/Net-Async-Matrix-0.17/blib/arch /opt/perl5/perls/perl-5.20.0/lib/site_perl/5.20.0/x86_64-linux-thread-multi-ld /opt/perl5/perls/perl-5.20.0/lib/site_perl/5.20.0 /opt/perl5/perls/perl-5.20.0/lib/5.20.0/x86_64-linux-thread-multi-ld /opt/perl5/perls/perl-5.20.0/lib/5.20.0 .) at t/Util.pm line 18.
BEGIN failed--compilation aborted at t/Util.pm line 18.
Compilation failed in require at t/70fail-initial.t line 8.
BEGIN failed--compilation aborted at t/70fail-initial.t line 8.
t/70fail-initial.t ... 
Dubious, test returned 2 (wstat 512, 0x200)
No subtests run 
Can't locate JSON.pm in @INC (you may need to install the JSON module) (@INC contains: ~/.cpanm/work/1431367841.12754/Net-Async-Matrix-0.17/blib/lib ~/.cpanm/work/1431367841.12754/Net-Async-Matrix-0.17/blib/arch /opt/perl5/perls/perl-5.20.0/lib/site_perl/5.20.0/x86_64-linux-thread-multi-ld /opt/perl5/perls/perl-5.20.0/lib/site_perl/5.20.0 /opt/perl5/perls/perl-5.20.0/lib/5.20.0/x86_64-linux-thread-multi-ld /opt/perl5/perls/perl-5.20.0/lib/5.20.0 .) at t/Util.pm line 18.
BEGIN failed--compilation aborted at t/Util.pm line 18.
Compilation failed in require at t/71restart.t line 8.
BEGIN failed--compilation aborted at t/71restart.t line 8.
t/71restart.t ........ 
Dubious, test returned 2 (wstat 512, 0x200)
No subtests run 
t/99pod.t ............ ok

Test Summary Report
-------------------
t/01login.t        (Wstat: 512 Tests: 0 Failed: 0)
  Non-zero exit status: 2
  Parse errors: No plan found in TAP output
t/02initial.t      (Wstat: 512 Tests: 0 Failed: 0)
  Non-zero exit status: 2
  Parse errors: No plan found in TAP output
t/03events.t       (Wstat: 512 Tests: 0 Failed: 0)
  Non-zero exit status: 2
  Parse errors: No plan found in TAP output
t/09upload.t       (Wstat: 512 Tests: 0 Failed: 0)
  Non-zero exit status: 2
  Parse errors: No plan found in TAP output
t/10room-join.t    (Wstat: 512 Tests: 0 Failed: 0)
  Non-zero exit status: 2
  Parse errors: No plan found in TAP output
t/11room-messages.t (Wstat: 512 Tests: 0 Failed: 0)
  Non-zero exit status: 2
  Parse errors: No plan found in TAP output
t/15room-typing.t  (Wstat: 512 Tests: 0 Failed: 0)
  Non-zero exit status: 2
  Parse errors: No plan found in TAP output
t/70fail-initial.t (Wstat: 512 Tests: 0 Failed: 0)
  Non-zero exit status: 2
  Parse errors: No plan found in TAP output
t/71restart.t      (Wstat: 512 Tests: 0 Failed: 0)
  Non-zero exit status: 2
  Parse errors: No plan found in TAP output
Files=12, Tests=12,  1 wallclock secs ( 0.04 usr  0.01 sys +  0.68 cusr  0.06 csys =  0.79 CPU)
Result: FAIL
Failed 9/12 test programs. 0/12 subtests failed.
-> FAIL Installing Net::Async::Matrix failed. See ~/.cpanm/work/1431367841.12754/build.log for details. Retry with --force to force install it.
Expiring 21 work directories.
8 distributions installed
