
C:\Users\burak\Desktop\version-0.7701>perl Makefile.PL
Set up gcc environment - 3.4.5 (mingw-vista special r3)
Testing if you have a C compiler
Checking if your kit is complete...
Looks good
Writing Makefile for version::vxs
Writing Makefile for version

C:\Users\burak\Desktop\version-0.7701>dmake
dmake:  Warning: -- Found file corresponding to virtual target [blib\lib\.exists].
dmake:  Warning: -- Found file corresponding to virtual target [blib\arch\.exists].
dmake:  Warning: -- Found file corresponding to virtual target [blib\lib\auto\version\.exists].
dmake:  Warning: -- Found file corresponding to virtual target [blib\arch\auto\version\.exists].
dmake:  Warning: -- Found file corresponding to virtual target [blib\bin\.exists].
dmake:  Warning: -- Found file corresponding to virtual target [blib\script\.exists].
dmake:  Warning: -- Found file corresponding to virtual target [blib\man1\.exists].
dmake:  Warning: -- Found file corresponding to virtual target [blib\man3\.exists].
cp lib/version/Internals.pod blib\lib/version/Internals.pod
cp lib/version.pm blib\lib/version.pm
cp lib/version.pod blib\lib/version.pod
dmake:  Warning: -- Found file corresponding to virtual target [..\blib\lib\version\.exists].
dmake:  Warning: -- Found file corresponding to virtual target [..\blib\lib\auto\version\vxs\.exists].
dmake:  Warning: -- Found file corresponding to virtual target [..\blib\arch\auto\version\vxs\.exists].
cp lib/version/vxs.pm ..\blib\lib\version\vxs.pm
gcc -c          -DNDEBUG -DWIN32 -D_CONSOLE -DNO_STRICT -DHAVE_DES_FCRYPT -DUSE_SITECUSTOMIZE -DPRIVLIB_LAST_IN_INC -DPERL_IMPLICI
T_CONTEXT -DPERL_IMPLICIT_SYS -DUSE_PERLIO -DPERL_MSVCRT_READFIX -DHASATTRIBUTE -fno-strict-aliasing -mms-bitfields -O2
-DVERSION=\"0.7701\"    -DXS_VERSION=\"0.7701\"  "-IC:\Perl\lib\CORE"   vutil.c
C:\Perl\bin\perl.exe C:\Perl\site\lib\ExtUtils\xsubpp  -typemap C:\Perl\lib\ExtUtils\typemap -typemap ../lib/version/typemap  vxs.
xs > vxs.xsc && C:\Perl\bin\perl.exe -MExtUtils::Command -e mv vxs.xsc vxs.c
gcc -c          -DNDEBUG -DWIN32 -D_CONSOLE -DNO_STRICT -DHAVE_DES_FCRYPT -DUSE_SITECUSTOMIZE -DPRIVLIB_LAST_IN_INC -DPERL_IMPLICI
T_CONTEXT -DPERL_IMPLICIT_SYS -DUSE_PERLIO -DPERL_MSVCRT_READFIX -DHASATTRIBUTE -fno-strict-aliasing -mms-bitfields -O2
-DVERSION=\"0.7701\"    -DXS_VERSION=\"0.7701\"  "-IC:\Perl\lib\CORE"   vxs.c
Running Mkbootstrap for version::vxs ()
C:\Perl\bin\perl.exe -MExtUtils::Command -e chmod 644 vxs.bs
C:\Perl\bin\perl.exe -MExtUtils::Mksymlists \
     -e "Mksymlists('NAME'=>\"version::vxs\", 'DLBASE' => 'vxs', 'DL_FUNCS' => {  }, 'FUNCLIST' => [], 'IMPORTS' => {  }, 'DL_VARS
' => []);"
Set up gcc environment - 3.4.5 (mingw-vista special r3)
dlltool --def vxs.def --output-exp dll.exp
g++ -o ..\blib\arch\auto\version\vxs\vxs.dll -Wl,--base-file -Wl,dll.base -mdll -L"C:\Perl\lib\CORE" vutil.o    vxs.o -Wl,--image-
base,0x12140000  C:\Perl\lib\CORE\perl510.lib -lkernel32 -luser32 -lgdi32 -lwinspool -lcomdlg32 -ladvapi32 -lshell32 -lole32 -lole
aut32 -lnetapi32 -luuid -lws2_32 -lmpr -lwinmm -lversion -lodbc32 -lodbccp32 -lmsvcrt dll.exp
dlltool --def vxs.def --base-file dll.base --output-exp dll.exp
g++ -o ..\blib\arch\auto\version\vxs\vxs.dll -mdll -L"C:\Perl\lib\CORE" vutil.o         vxs.o -Wl,--image-base,0x12140000  C:\Perl
\lib\CORE\perl510.lib -lkernel32 -luser32 -lgdi32 -lwinspool -lcomdlg32 -ladvapi32 -lshell32 -lole32 -loleaut32 -lnetapi32 -luuid
-lws2_32 -lmpr -lwinmm -lversion -lodbc32 -lodbccp32 -lmsvcrt dll.exp
C:\Perl\bin\perl.exe -MExtUtils::Command -e chmod 755 ..\blib\arch\auto\version\vxs\vxs.dll
C:\Perl\bin\perl.exe -MExtUtils::Command -e cp vxs.bs ..\blib\arch\auto\version\vxs\vxs.bs
C:\Perl\bin\perl.exe -MExtUtils::Command -e chmod 644 ..\blib\arch\auto\version\vxs\vxs.bs

C:\Users\burak\Desktop\version-0.7701>dmake test
C:\Perl\bin\perl.exe "-MExtUtils::Command::MM" "-e" "test_harness(0, 'blib\lib', 'blib\arch')" t/*.t
t/01base.t ..... ok
t/02derived.t .. ok
t/03require.t .. ok
All tests successful.
Files=3, Tests=1322,  3 wallclock secs ( 0.22 usr +  0.03 sys =  0.25 CPU)
Result: PASS
'No tests defined for version::vxs extension.'

C:\Users\burak\Desktop\version-0.7701>perl -Mblib -wle "use version::vxs; print version::vxs->new(420)->stringify"
420

C:\Users\burak\Desktop\version-0.7701>perl -Ilib -Ivperl -wle "BEGIN{require q{vpp.pm}} print version::vpp->new(420)->stringify"
v52.50.48

C:\Users\burak\Desktop\version-0.7701>perl -v

This is perl, v5.10.0 built for MSWin32-x86-multi-thread
(with 5 registered patches, see perl -V for more detail)

Copyright 1987-2007, Larry Wall

Binary build 1004 [287188] provided by ActiveState http://www.ActiveState.com
Built Sep  3 2008 13:16:37

Perl may be copied only under the terms of either the Artistic License or the
GNU General Public License, which may be found in the Perl 5 source kit.

Complete documentation for Perl, including FAQ lists, should be found on
this system using "man perl" or "perldoc perl".  If you have access to the
Internet, point your browser at http://www.perl.org/, the Perl Home Page.


C:\Users\burak\Desktop\version-0.7701>