
[dbolser@cricket ~]$ cat /etc/redhat-release
CentOS release 5.2 (Final)
[dbolser@cricket ~]$ yum list installed | grep -i perl
ImageMagick-perl.i386                    6.2.8.0-4.el5_1.1      installed
perl.i386                                4:5.8.8-15.el5_2.1     installed
perl-Archive-Tar.noarch                  1.30-1.fc6             installed
perl-Archive-Zip.noarch                  1.16-1.2.1             installed
perl-Authen-Radius.noarch                0.13-1.el5.centos      installed
perl-BSD-Resource.i386                   1.28-1.fc6.1           installed
perl-Bit-Vector.i386                     6.4-2.2.2.1            installed
perl-Carp-Clan.noarch                    5.3-1.2.1              installed
perl-Compress-Zlib.i386                  1.42-1.fc6             installed
perl-Convert-ASN1.noarch                 0.20-1.1               installed
perl-Convert-UU.noarch                   0.5201-1.el5.rf        installed
perl-Crypt-PasswdMD5.noarch              1.3-2.el5              installed
perl-Crypt-SSLeay.i386                   0.51-11.el5            installed
perl-Curses.i386                         1.24-1.el5.rf          installed
perl-DBD-MySQL.i386                      3.0007-1.fc6           installed
perl-DBD-Pg.i386                         1.49-1.fc6             installed
perl-DBI.i386                            1.605-1.el5.rf         installed
perl-Data-HexDump.noarch                 0.02-1.el5.centos      installed
perl-Date-Calc.i386                      5.4-1.2.2.1            installed
perl-DateManip.noarch                    5.44-1.2.1             installed
perl-Digest-HMAC.noarch                  1.01-15                installed
perl-Digest-SHA1.i386                    2.11-1.2.1             installed
perl-Geo-IP.i386                         1.31-1.el5.centos      installed
perl-Graph-Easy.noarch                   0.63-1.el5.rf          installed
perl-HTML-Parser.i386                    3.56-1.el5.rf          installed
perl-HTML-Tagset.noarch                  3.20-1.el5.rf          installed
perl-IO-Socket-INET6.noarch              2.51-2.fc6             installed
perl-IO-Socket-SSL.noarch                1.01-1.fc6             installed
perl-IO-String.noarch                    1.08-1.1.1             installed
perl-IO-Zlib.noarch                      1.04-4.2.1             installed
perl-IPC-Run.noarch                      0.80-3.el5             installed
perl-LDAP.noarch                         1:0.33-3.fc6           installed
perl-Mail-POP3Client.noarch              2.17-1.el5.centos      installed
perl-MailTools.noarch                    1.77-1.el5.centos      installed
perl-Mozilla-LDAP.i386                   1.5.2-4.el5            installed
perl-NKF.i386                            2.07-1.1.fc6           installed
perl-Net-DNS.i386                        0.59-3.el5             installed
perl-Net-Daemon.noarch                   0.43-1.el5.rf          installed
perl-Net-IMAP-Simple.noarch              1.17-1.el5.centos      installed
perl-Net-IMAP-Simple-SSL.noarch          1.3-1.el5.centos       installed
perl-Net-IP.noarch                       1.25-2.fc6             installed
perl-Net-SSLeay.i386                     1.30-4.fc6             installed
perl-Net-Telnet.noarch                   3.03-5                 installed
perl-Parse-RecDescent.noarch             1.94-6.el5             installed
perl-PlRPC.noarch                        0.2020-1.el5.rf        installed
perl-RTSP-Lite.noarch                    0.1-1.el5.rf           installed
perl-SGMLSpm.noarch                      1.03ii-16.2.1          installed
perl-SVG.noarch                          2.44-1.el5.rf          installed
perl-SVG-Parser.noarch                   1.03-1.el5.rf          installed
perl-Socket6.i386                        0.19-3.fc6             installed
perl-String-CRC32.i386                   1.4-2.fc6              installed
perl-Text-MediawikiFormat.noarch         0.05-1.el5.rf          installed
perl-TimeDate.noarch                     1:1.16-5.el5           installed
perl-URI.noarch                          1.35-3                 installed
perl-Wiki-Toolkit-Formatter-Mediawiki.no 0.02-1.el5.rf          installed
perl-XML-Dumper.noarch                   0.81-2.fc6             installed
perl-XML-Grove.noarch                    0.46alpha-29.1.1       installed
perl-XML-LibXML.i386                     1.58-5                 installed
perl-XML-LibXML-Common.i386              0.13-8.2.2             installed
perl-XML-NamespaceSupport.noarch         1.09-1.2.1             installed
perl-XML-Parser.i386                     2.36-1.el5.rf          installed
perl-XML-RegExp.noarch                   0.03-2.el5             installed
perl-XML-SAX.noarch                      0.16-1.el5.rf          installed
perl-XML-Simple.noarch                   2.14-4.fc6             installed
perl-XML-Twig.noarch                     3.26-1.fc6             installed
perl-libwww-perl.noarch                  5.805-1.1.1            installed
perl-libxml-perl.noarch                  0.08-1.2.1             installed
perl-suidperl.i386                       4:5.8.8-15.el5_2.1     installed
[dbolser@cricket ~]$ env
SSH_AGENT_PID=13668
HOSTNAME=cricket.compbio.dundee.ac.uk
DESKTOP_STARTUP_ID=
SHELL=/bin/bash
TERM=screen
HISTSIZE=10000
KDE_NO_IPV6=1
PERL5LIB=/homes/dbolser/perl/lib/perl5
GTK_RC_FILES=/etc/gtk/gtkrc:/homes/dbolser/.gtkrc-1.2-gnome2
CVSROOT=/homes/gjbcvs/barton
WINDOWID=52014661
QTDIR=/usr/lib/qt-3.3
QTINC=/usr/lib/qt-3.3/include
__GL_SYNC_DISPLAY_DEVICE=
__GL_SINGLE_THREADED=0
__GL_DEFAULT_LOG_ANISO=0
HISTFILESIZE=10000
USER=dbolser
LS_COLORS=no=00:fi=00:di=01;34:ln=01;36:pi=40;33:so=01;35:bd=40;33;01:cd=40;33;01:or=01;05;37;41:mi=01;05;37;41:ex=01;32:*.cmd=01;32:*.exe=01;32:*.com=01;32:*.btm=01;32:*.bat=01;32:*.sh=01;32:*.csh=01;32:*.tar=01;31:*.tgz=01;31:*.arj=01;31:*.taz=01;31:*.lzh=01;31:*.zip=01;31:*.z=01;31:*.Z=01;31:*.gz=01;31:*.bz2=01;31:*.bz=01;31:*.tz=01;31:*.rpm=01;31:*.cpio=01;31:*.jpg=01;35:*.gif=01;35:*.bmp=01;35:*.xbm=01;35:*.xpm=01;35:*.png=01;35:*.tif=01;35:
GNOME_KEYRING_SOCKET=/tmp/keyring-douWoZ/socket
SSH_AUTH_SOCK=/tmp/ssh-teuVs13631/agent.13631
TERMCAP=SC|screen|VT 100/ANSI X3.64 virtual terminal:\
        :DO=\E[%dB:LE=\E[%dD:RI=\E[%dC:UP=\E[%dA:bs:bt=\E[Z:\
        :cd=\E[J:ce=\E[K:cl=\E[H\E[J:cm=\E[%i%d;%dH:ct=\E[3g:\
        :do=^J:nd=\E[C:pt:rc=\E8:rs=\Ec:sc=\E7:st=\EH:up=\EM:\
        :le=^H:bl=^G:cr=^M:it#8:ho=\E[H:nw=\EE:ta=^I:is=\E)0:\
        :li#24:co#80:am:xn:xv:LP:sr=\EM:al=\E[L:AL=\E[%dL:\
        :cs=\E[%i%d;%dr:dl=\E[M:DL=\E[%dM:dc=\E[P:DC=\E[%dP:\
        :im=\E[4h:ei=\E[4l:mi:IC=\E[%d@:ks=\E[?1h\E=:\
        :ke=\E[?1l\E>:vi=\E[?25l:ve=\E[34h\E[?25h:vs=\E[34l:\
        :ti=\E[?1049h:te=\E[?1049l:us=\E[4m:ue=\E[24m:so=\E[3m:\
        :se=\E[23m:mb=\E[5m:md=\E[1m:mr=\E[7m:me=\E[m:ms:\
        :Co#8:pa#64:AF=\E[3%dm:AB=\E[4%dm:op=\E[39;49m:AX:\
        :vb=\Eg:G0:as=\E(0:ae=\E(B:\
        :ac=\140\140aaffggjjkkllmmnnooppqqrrssttuuvvwwxxyyzz{{||}}~~..--++,,hhII00:\
        :po=\E[5i:pf=\E[4i:Z0=\E[?3h:Z1=\E[?3l:k0=\E[10~:\
        :k1=\EOP:k2=\EOQ:k3=\EOR:k4=\EOS:k5=\E[15~:k6=\E[17~:\
        :k7=\E[18~:k8=\E[19~:k9=\E[20~:k;=\E[21~:F1=\E[23~:\
        :F2=\E[24~:F3=\EO2P:F4=\EO2Q:F5=\EO2R:F6=\EO2S:\
        :F7=\E[15;2~:F8=\E[17;2~:F9=\E[18;2~:FA=\E[19;2~:kb=:\
        :K2=\EOE:kB=\E[Z:kF=\E[1;2B:kR=\E[1;2A:*4=\E[3;2~:\
        :*7=\E[1;2F:#2=\E[1;2H:#3=\E[2;2~:#4=\E[1;2D:%c=\E[6;2~:\
        :%e=\E[5;2~:%i=\E[1;2C:kh=\E[1~:@1=\E[1~:kH=\E[4~:\
        :@7=\E[4~:kN=\E[6~:kP=\E[5~:kI=\E[2~:kD=\E[3~:ku=\EOA:\
        :kd=\EOB:kr=\EOC:kl=\EOD:km:
KDEDIR=/usr
SESSION_MANAGER=local/cricket.compbio.dundee.ac.uk:/tmp/.ICE-unix/13631
USERNAME=dbolser
MAIL=/var/spool/mail/dbolser
PATH=/opt/novell/groupwise/client/bin:/usr/local/jdk1.6.0_07/bin:/usr/local/jdk1.6.0_07/jre/bin:/opt/novell/groupwise/client/bin:/usr/local/jdk1.6.0_07/bin:/usr/local/jdk1.6.0_07/jre/bin:/usr/lib/qt-3.3/bin:/usr/kerberos/bin:/usr/local/bin:/usr/bin:/bin:/usr/X11R6/bin:/homes/dbolser/perl/bin:/homes/dbolser/bin
DESKTOP_SESSION=default
STY=4548.pts-1.cricket
GDM_XSERVER_LOCATION=local
INPUTRC=/etc/inputrc
PWD=/homes/dbolser
XMODIFIERS=@im=none
KDE_IS_PRELINKED=1
LANG=en_GB.UTF-8
PYTHONSTARTUP=/homes/dbolser/.pystart
GDMSESSION=default
SSH_ASKPASS=/usr/libexec/openssh/gnome-ssh-askpass
SHLVL=2
HOME=/homes/dbolser
GNOME_DESKTOP_SESSION_ID=Default
LOGNAME=dbolser
QTLIB=/usr/lib/qt-3.3/lib
CVS_RSH=ssh
WINDOW=0
__GL_FSAA_MODE=0
DBUS_SESSION_BUS_ADDRESS=unix:abstract=/tmp/dbus-z3dYCQzmRO,guid=36190749fb049e3449054d78acc11b00
LESSOPEN=|/usr/bin/lesspipe.sh %s
DISPLAY=:0.0
__GL_SYNC_TO_VBLANK=0
G_BROKEN_FILENAMES=1
COLORTERM=gnome-terminal
XAUTHORITY=/tmp/.gdm7YYQJU
_=/usr/bin/env
[dbolser@cricket ~]$ unset PERL5LIB
[dbolser@cricket ~]$ cd src/
[dbolser@cricket src]$ rm -rf local-lib-1.002000*
[dbolser@cricket src]$ wget http://search.cpan.org/CPAN/authors/id/M/MS/MSTROUT/local-lib-1.002000.tar.gz
--15:31:38--  http://search.cpan.org/CPAN/authors/id/M/MS/MSTROUT/local-lib-1.002000.tar.gz
Resolving search.cpan.org... 84.45.68.23
Connecting to search.cpan.org|84.45.68.23|:80... connected.
HTTP request sent, awaiting response... 302 Found
Location: http://www.mirrorservice.org/sites/ftp.funet.fi/pub/languages/perl/CPAN/authors/id/M/MS/MSTROUT/local-lib-1.002000.tar.gz [following]
--15:31:39--  http://www.mirrorservice.org/sites/ftp.funet.fi/pub/languages/perl/CPAN/authors/id/M/MS/MSTROUT/local-lib-1.002000.tar.gz
Resolving www.mirrorservice.org... 212.219.56.153, 212.219.56.133, 212.219.56.134, ...
Connecting to www.mirrorservice.org|212.219.56.153|:80... connected.
HTTP request sent, awaiting response... 200 OK
Length: 22778 (22K) [application/x-gzip]
Saving to: `local-lib-1.002000.tar.gz'

100%[=======================================>] 22,778      --.-K/s   in 0.05s

15:31:39 (412 KB/s) - `local-lib-1.002000.tar.gz' saved [22778/22778]

[dbolser@cricket src]$ tar zxfv local-lib-1.002000.tar.gz
local-lib-1.002000/
local-lib-1.002000/inc/
local-lib-1.002000/inc/Module/
local-lib-1.002000/inc/Module/Install.pm
local-lib-1.002000/inc/Module/Install/
local-lib-1.002000/inc/Module/Install/AutoInstall.pm
local-lib-1.002000/inc/Module/Install/Fetch.pm
local-lib-1.002000/inc/Module/Install/Can.pm
local-lib-1.002000/inc/Module/Install/WriteAll.pm
local-lib-1.002000/inc/Module/Install/Win32.pm
local-lib-1.002000/inc/Module/Install/Include.pm
local-lib-1.002000/inc/Module/Install/Makefile.pm
local-lib-1.002000/inc/Module/Install/Base.pm
local-lib-1.002000/inc/Module/Install/Metadata.pm
local-lib-1.002000/inc/Module/AutoInstall.pm
local-lib-1.002000/META.yml
local-lib-1.002000/t/
local-lib-1.002000/t/pipeline.t
local-lib-1.002000/t/var/
local-lib-1.002000/t/var/splat/
local-lib-1.002000/t/var/splat/.modulebuildrc
local-lib-1.002000/t/classmethod.t
local-lib-1.002000/lib/
local-lib-1.002000/lib/local/
local-lib-1.002000/lib/local/lib.pm
local-lib-1.002000/Makefile.PL
[dbolser@cricket src]$ cd local-lib-1.002000
[dbolser@cricket local-lib-1.002000]$ echo so far so good
so far so good
[dbolser@cricket local-lib-1.002000]$ echo but first...
but first...
[dbolser@cricket local-lib-1.002000]$ rm ~/perl5/*
rm: cannot remove directory `/homes/dbolser/perl5/bin': Is a directory
rm: cannot remove directory `/homes/dbolser/perl5/lib': Is a directory
rm: cannot remove directory `/homes/dbolser/perl5/man': Is a directory
[dbolser@cricket local-lib-1.002000]$ rm -rf ~/perl5/*
[dbolser@cricket local-lib-1.002000]$ rm -rf ~/perl/*
[dbolser@cricket local-lib-1.002000]$ echo right then...
right then...
[dbolser@cricket local-lib-1.002000]$ perl Makefile.PL --bootstrap
ExtUtils::MakeMaker version 6.31 required--this is only version 6.30.
BEGIN failed--compilation aborted.
CPAN version 1.8 required--this is only version 1.7602.
BEGIN failed--compilation aborted.
Prototype mismatch: sub ExtUtils::MakeMaker::prompt ($;$) vs none at -e line 9.
CPAN: Storable loaded ok
Going to read /homes/dbolser/.cpan/Metadata
  Database was generated on Mon, 03 Nov 2008 12:26:53 GMT
Running install for module ExtUtils::MakeMaker
Running make for M/MS/MSCHWERN/ExtUtils-MakeMaker-6.48.tar.gz
CPAN: Digest::MD5 loaded ok
CPAN: Compress::Zlib loaded ok
Checksum for /homes/dbolser/.cpan/sources/authors/id/M/MS/MSCHWERN/ExtUtils-MakeMaker-6.48.tar.gz ok
ExtUtils-MakeMaker-6.48/
ExtUtils-MakeMaker-6.48/bin/
ExtUtils-MakeMaker-6.48/bin/instmodsh
ExtUtils-MakeMaker-6.48/Changes
ExtUtils-MakeMaker-6.48/inc/
ExtUtils-MakeMaker-6.48/inc/ExtUtils/
ExtUtils-MakeMaker-6.48/inc/ExtUtils/Command.pm
ExtUtils-MakeMaker-6.48/inc/ExtUtils/Install.pm
ExtUtils-MakeMaker-6.48/inc/ExtUtils/Installed.pm
ExtUtils-MakeMaker-6.48/inc/ExtUtils/Manifest.pm
ExtUtils-MakeMaker-6.48/inc/ExtUtils/MANIFEST.SKIP
ExtUtils-MakeMaker-6.48/inc/ExtUtils/Packlist.pm
ExtUtils-MakeMaker-6.48/lib/
ExtUtils-MakeMaker-6.48/lib/ExtUtils/
ExtUtils-MakeMaker-6.48/lib/ExtUtils/Command/
ExtUtils-MakeMaker-6.48/lib/ExtUtils/Command/MM.pm
ExtUtils-MakeMaker-6.48/lib/ExtUtils/Liblist/
ExtUtils-MakeMaker-6.48/lib/ExtUtils/Liblist/Kid.pm
ExtUtils-MakeMaker-6.48/lib/ExtUtils/Liblist.pm
ExtUtils-MakeMaker-6.48/lib/ExtUtils/MakeMaker/
ExtUtils-MakeMaker-6.48/lib/ExtUtils/MakeMaker/bytes.pm
ExtUtils-MakeMaker-6.48/lib/ExtUtils/MakeMaker/Config.pm
ExtUtils-MakeMaker-6.48/lib/ExtUtils/MakeMaker/FAQ.pod
ExtUtils-MakeMaker-6.48/lib/ExtUtils/MakeMaker/Tutorial.pod
ExtUtils-MakeMaker-6.48/lib/ExtUtils/MakeMaker/vmsish.pm
ExtUtils-MakeMaker-6.48/lib/ExtUtils/MakeMaker.pm
ExtUtils-MakeMaker-6.48/lib/ExtUtils/Mkbootstrap.pm
ExtUtils-MakeMaker-6.48/lib/ExtUtils/Mksymlists.pm
ExtUtils-MakeMaker-6.48/lib/ExtUtils/MM.pm
ExtUtils-MakeMaker-6.48/lib/ExtUtils/MM_AIX.pm
ExtUtils-MakeMaker-6.48/lib/ExtUtils/MM_Any.pm
ExtUtils-MakeMaker-6.48/lib/ExtUtils/MM_BeOS.pm
ExtUtils-MakeMaker-6.48/lib/ExtUtils/MM_Cygwin.pm
ExtUtils-MakeMaker-6.48/lib/ExtUtils/MM_Darwin.pm
ExtUtils-MakeMaker-6.48/lib/ExtUtils/MM_DOS.pm
ExtUtils-MakeMaker-6.48/lib/ExtUtils/MM_MacOS.pm
ExtUtils-MakeMaker-6.48/lib/ExtUtils/MM_NW5.pm
ExtUtils-MakeMaker-6.48/lib/ExtUtils/MM_OS2.pm
ExtUtils-MakeMaker-6.48/lib/ExtUtils/MM_QNX.pm
ExtUtils-MakeMaker-6.48/lib/ExtUtils/MM_Unix.pm
ExtUtils-MakeMaker-6.48/lib/ExtUtils/MM_UWIN.pm
ExtUtils-MakeMaker-6.48/lib/ExtUtils/MM_VMS.pm
ExtUtils-MakeMaker-6.48/lib/ExtUtils/MM_VOS.pm
ExtUtils-MakeMaker-6.48/lib/ExtUtils/MM_Win32.pm
ExtUtils-MakeMaker-6.48/lib/ExtUtils/MM_Win95.pm
ExtUtils-MakeMaker-6.48/lib/ExtUtils/MY.pm
ExtUtils-MakeMaker-6.48/lib/ExtUtils/testlib.pm
ExtUtils-MakeMaker-6.48/Makefile.PL
ExtUtils-MakeMaker-6.48/MANIFEST
ExtUtils-MakeMaker-6.48/MANIFEST.SKIP
ExtUtils-MakeMaker-6.48/META.yml
ExtUtils-MakeMaker-6.48/NOTES
ExtUtils-MakeMaker-6.48/PATCHING
ExtUtils-MakeMaker-6.48/README
ExtUtils-MakeMaker-6.48/SIGNATURE
ExtUtils-MakeMaker-6.48/t/
ExtUtils-MakeMaker-6.48/t/00compile.t
ExtUtils-MakeMaker-6.48/t/backwards.t
ExtUtils-MakeMaker-6.48/t/basic.t
ExtUtils-MakeMaker-6.48/t/build_man.t
ExtUtils-MakeMaker-6.48/t/bytes.t
ExtUtils-MakeMaker-6.48/t/cd.t
ExtUtils-MakeMaker-6.48/t/config.t
ExtUtils-MakeMaker-6.48/t/dir_target.t
ExtUtils-MakeMaker-6.48/t/FIRST_MAKEFILE.t
ExtUtils-MakeMaker-6.48/t/fixin.t
ExtUtils-MakeMaker-6.48/t/hints.t
ExtUtils-MakeMaker-6.48/t/INST.t
ExtUtils-MakeMaker-6.48/t/INST_PREFIX.t
ExtUtils-MakeMaker-6.48/t/INSTALL_BASE.t
ExtUtils-MakeMaker-6.48/t/lib/
ExtUtils-MakeMaker-6.48/t/lib/MakeMaker/
ExtUtils-MakeMaker-6.48/t/lib/MakeMaker/Test/
ExtUtils-MakeMaker-6.48/t/lib/MakeMaker/Test/Setup/
ExtUtils-MakeMaker-6.48/t/lib/MakeMaker/Test/Setup/BFD.pm
ExtUtils-MakeMaker-6.48/t/lib/MakeMaker/Test/Setup/MPV.pm
ExtUtils-MakeMaker-6.48/t/lib/MakeMaker/Test/Setup/PL_FILES.pm
ExtUtils-MakeMaker-6.48/t/lib/MakeMaker/Test/Setup/Problem.pm
ExtUtils-MakeMaker-6.48/t/lib/MakeMaker/Test/Setup/Recurs.pm
ExtUtils-MakeMaker-6.48/t/lib/MakeMaker/Test/Setup/XS.pm
ExtUtils-MakeMaker-6.48/t/lib/MakeMaker/Test/Utils.pm
ExtUtils-MakeMaker-6.48/t/lib/Test/
ExtUtils-MakeMaker-6.48/t/lib/Test/Builder/
ExtUtils-MakeMaker-6.48/t/lib/Test/Builder/Module.pm
ExtUtils-MakeMaker-6.48/t/lib/Test/Builder.pm
ExtUtils-MakeMaker-6.48/t/lib/Test/More.pm
ExtUtils-MakeMaker-6.48/t/lib/Test/Simple.pm
ExtUtils-MakeMaker-6.48/t/lib/TieIn.pm
ExtUtils-MakeMaker-6.48/t/lib/TieOut.pm
ExtUtils-MakeMaker-6.48/t/Liblist.t
ExtUtils-MakeMaker-6.48/t/make.t
ExtUtils-MakeMaker-6.48/t/maketext_filter.t
ExtUtils-MakeMaker-6.48/t/metafile_data.t
ExtUtils-MakeMaker-6.48/t/metafile_file.t
ExtUtils-MakeMaker-6.48/t/min_perl_version.t
ExtUtils-MakeMaker-6.48/t/Mkbootstrap.t
ExtUtils-MakeMaker-6.48/t/MM_Any.t
ExtUtils-MakeMaker-6.48/t/MM_BeOS.t
ExtUtils-MakeMaker-6.48/t/MM_Cygwin.t
ExtUtils-MakeMaker-6.48/t/MM_NW5.t
ExtUtils-MakeMaker-6.48/t/MM_OS2.t
ExtUtils-MakeMaker-6.48/t/MM_Unix.t
ExtUtils-MakeMaker-6.48/t/MM_VMS.t
ExtUtils-MakeMaker-6.48/t/MM_Win32.t
ExtUtils-MakeMaker-6.48/t/oneliner.t
ExtUtils-MakeMaker-6.48/t/parse_version.t
ExtUtils-MakeMaker-6.48/t/PL_FILES.t
ExtUtils-MakeMaker-6.48/t/pm.t
ExtUtils-MakeMaker-6.48/t/postamble.t
ExtUtils-MakeMaker-6.48/t/prefixify.t
ExtUtils-MakeMaker-6.48/t/prereq.t
ExtUtils-MakeMaker-6.48/t/prereq_print.t
ExtUtils-MakeMaker-6.48/t/problems.t
ExtUtils-MakeMaker-6.48/t/prompt.t
ExtUtils-MakeMaker-6.48/t/recurs.t
ExtUtils-MakeMaker-6.48/t/revision.t
ExtUtils-MakeMaker-6.48/t/split_command.t
ExtUtils-MakeMaker-6.48/t/testlib.t
ExtUtils-MakeMaker-6.48/t/VERSION_FROM.t
ExtUtils-MakeMaker-6.48/t/vmsish.t
ExtUtils-MakeMaker-6.48/t/WriteEmptyMakefile.t
ExtUtils-MakeMaker-6.48/t/writemakefile_args.t
ExtUtils-MakeMaker-6.48/t/xs.t
ExtUtils-MakeMaker-6.48/TODO
Removing previously used /homes/dbolser/.cpan/build/ExtUtils-MakeMaker-6.48

  CPAN.pm: Going to build M/MS/MSCHWERN/ExtUtils-MakeMaker-6.48.tar.gz

Checking if your kit is complete...
Looks good
Using included version of ExtUtils::Manifest (1.54) as it is newer than the installed version (1.46).
Using included version of ExtUtils::Command (1.14) as it is newer than the installed version (1.09).
Using included version of ExtUtils::Installed (1.43) as it is newer than the installed version (0.08).
Using included version of ExtUtils::Packlist (1.43) as it is newer than the installed version (0.04).
Using included version of ExtUtils::Install (1.50) as it is newer than the installed version (1.33).
Writing Makefile for ExtUtils::MakeMaker
cp inc/ExtUtils/Manifest.pm blib/lib/ExtUtils/Manifest.pm
cp lib/ExtUtils/MM_VOS.pm blib/lib/ExtUtils/MM_VOS.pm
cp lib/ExtUtils/Mksymlists.pm blib/lib/ExtUtils/Mksymlists.pm
cp lib/ExtUtils/MM.pm blib/lib/ExtUtils/MM.pm
cp lib/ExtUtils/MM_UWIN.pm blib/lib/ExtUtils/MM_UWIN.pm
cp lib/ExtUtils/testlib.pm blib/lib/ExtUtils/testlib.pm
cp lib/ExtUtils/MM_Cygwin.pm blib/lib/ExtUtils/MM_Cygwin.pm
cp lib/ExtUtils/MakeMaker/vmsish.pm blib/lib/ExtUtils/MakeMaker/vmsish.pm
cp lib/ExtUtils/MM_DOS.pm blib/lib/ExtUtils/MM_DOS.pm
cp lib/ExtUtils/MM_Win95.pm blib/lib/ExtUtils/MM_Win95.pm
cp lib/ExtUtils/Liblist.pm blib/lib/ExtUtils/Liblist.pm
cp lib/ExtUtils/MM_AIX.pm blib/lib/ExtUtils/MM_AIX.pm
cp lib/ExtUtils/MM_Darwin.pm blib/lib/ExtUtils/MM_Darwin.pm
cp lib/ExtUtils/Liblist/Kid.pm blib/lib/ExtUtils/Liblist/Kid.pm
cp lib/ExtUtils/Mkbootstrap.pm blib/lib/ExtUtils/Mkbootstrap.pm
cp lib/ExtUtils/MakeMaker/FAQ.pod blib/lib/ExtUtils/MakeMaker/FAQ.pod
cp inc/ExtUtils/MANIFEST.SKIP blib/lib/ExtUtils/MANIFEST.SKIP
cp lib/ExtUtils/MakeMaker/bytes.pm blib/lib/ExtUtils/MakeMaker/bytes.pm
cp lib/ExtUtils/MM_NW5.pm blib/lib/ExtUtils/MM_NW5.pm
cp inc/ExtUtils/Command.pm blib/lib/ExtUtils/Command.pm
cp lib/ExtUtils/MakeMaker.pm blib/lib/ExtUtils/MakeMaker.pm
cp lib/ExtUtils/MM_OS2.pm blib/lib/ExtUtils/MM_OS2.pm
cp lib/ExtUtils/MM_Unix.pm blib/lib/ExtUtils/MM_Unix.pm
cp inc/ExtUtils/Installed.pm blib/lib/ExtUtils/Installed.pm
cp lib/ExtUtils/MM_Win32.pm blib/lib/ExtUtils/MM_Win32.pm
cp inc/ExtUtils/Packlist.pm blib/lib/ExtUtils/Packlist.pm
cp lib/ExtUtils/MY.pm blib/lib/ExtUtils/MY.pm
cp lib/ExtUtils/MM_MacOS.pm blib/lib/ExtUtils/MM_MacOS.pm
cp lib/ExtUtils/MM_VMS.pm blib/lib/ExtUtils/MM_VMS.pm
cp lib/ExtUtils/MM_BeOS.pm blib/lib/ExtUtils/MM_BeOS.pm
cp lib/ExtUtils/MakeMaker/Tutorial.pod blib/lib/ExtUtils/MakeMaker/Tutorial.pod
cp lib/ExtUtils/MM_QNX.pm blib/lib/ExtUtils/MM_QNX.pm
cp inc/ExtUtils/Install.pm blib/lib/ExtUtils/Install.pm
cp lib/ExtUtils/Command/MM.pm blib/lib/ExtUtils/Command/MM.pm
cp lib/ExtUtils/MakeMaker/Config.pm blib/lib/ExtUtils/MakeMaker/Config.pm
cp lib/ExtUtils/MM_Any.pm blib/lib/ExtUtils/MM_Any.pm
cp bin/instmodsh blib/script/instmodsh
/usr/bin/perl "-Iblib/arch" "-Iblib/lib" "-MExtUtils::MY" -e "MY->fixin(shift)" blib/script/instmodsh
Manifying blib/man1/instmodsh.1
Manifying blib/man3/ExtUtils::Manifest.3pm
Manifying blib/man3/ExtUtils::MM_VOS.3pm
Manifying blib/man3/ExtUtils::Mksymlists.3pm
Manifying blib/man3/ExtUtils::MM.3pm
Manifying blib/man3/ExtUtils::MM_UWIN.3pm
Manifying blib/man3/ExtUtils::testlib.3pm
Manifying blib/man3/ExtUtils::MM_DOS.3pm
Manifying blib/man3/ExtUtils::MM_Cygwin.3pm
Manifying blib/man3/ExtUtils::MakeMaker::vmsish.3pm
Manifying blib/man3/ExtUtils::MM_Win95.3pm
Manifying blib/man3/ExtUtils::Liblist.3pm
Manifying blib/man3/ExtUtils::MM_AIX.3pm
Manifying blib/man3/ExtUtils::MM_Darwin.3pm
Manifying blib/man3/ExtUtils::Mkbootstrap.3pm
Manifying blib/man3/ExtUtils::MakeMaker::FAQ.3pm
Manifying blib/man3/ExtUtils::MakeMaker::bytes.3pm
Manifying blib/man3/ExtUtils::MM_NW5.3pm
Manifying blib/man3/ExtUtils::Command.3pm
Manifying blib/man3/ExtUtils::MakeMaker.3pm
Manifying blib/man3/ExtUtils::MM_OS2.3pm
Manifying blib/man3/ExtUtils::MM_Unix.3pm
Manifying blib/man3/ExtUtils::Installed.3pm
Manifying blib/man3/ExtUtils::MM_Win32.3pm
Manifying blib/man3/ExtUtils::Packlist.3pm
Manifying blib/man3/ExtUtils::MY.3pm
Manifying blib/man3/ExtUtils::MM_MacOS.3pm
Manifying blib/man3/ExtUtils::MM_VMS.3pm
Manifying blib/man3/ExtUtils::MM_BeOS.3pm
Manifying blib/man3/ExtUtils::MakeMaker::Tutorial.3pm
Manifying blib/man3/ExtUtils::MM_QNX.3pm
Manifying blib/man3/ExtUtils::Command::MM.3pm
Manifying blib/man3/ExtUtils::Install.3pm
Manifying blib/man3/ExtUtils::MakeMaker::Config.3pm
Manifying blib/man3/ExtUtils::MM_Any.3pm
  /usr/bin/make  -- OK
Running make test
PERL_DL_NONLAZY=1 /usr/bin/perl "-Iblib/arch" "-Iblib/lib" "-MExtUtils::Command::MM" "-e" "test_harness(0, 'blib/lib', 'blib/arch')" t/*.t
t/00compile.............ok
        28/56 skipped: Test::Pod not installed
t/backwards.............ok
t/basic.................ok
        2/85 skipped: Test::YAML::Meta >= 0.11 required
t/build_man.............ok
t/bytes.................ok
t/cd....................ok
        1/4 skipped: VMS' cd requires vmspath which is only on VMS
t/config................ok
t/dir_target............ok
t/FIRST_MAKEFILE........ok
t/fixin.................ok
t/hints.................ok
t/INST..................ok
t/INST_PREFIX...........ok
t/INSTALL_BASE..........ok
t/Liblist...............ok
t/make..................ok
t/maketext_filter.......ok
t/metafile_data.........ok
t/metafile_file.........ok
        3/16 skipped: various reasons
t/min_perl_version......ok
t/Mkbootstrap...........ok
t/MM_Any................ok
t/MM_BeOS...............skipped
        all skipped: This is not BeOS
t/MM_Cygwin.............skipped
        all skipped: This is not cygwin
t/MM_NW5................skipped
        all skipped: This is not NW5
t/MM_OS2................skipped
        all skipped: This is not OS/2
t/MM_Unix...............ok
t/MM_VMS................skipped
        all skipped: This is not VMS
t/MM_Win32..............skipped
        all skipped: This is not Win32
t/oneliner..............ok
t/parse_version.........ok
        4/32 skipped: need version.pm
t/PL_FILES..............ok
t/pm....................ok
t/postamble.............ok
t/prefixify.............ok
        1/3 skipped: Test for DOSish prefixification
t/prereq................ok
t/prereq_print..........ok
t/problems..............ok
t/prompt................ok
t/recurs................ok
t/revision..............ok
t/split_command.........ok
t/testlib...............ok
t/VERSION_FROM..........ok
t/vmsish................ok
t/WriteEmptyMakefile....ok
t/writemakefile_args....ok
        8/30 skipped: Can't test version objects
t/xs....................skipped
        all skipped: ExtUtils::CBuilder not installed or couldn't find a compiler
All tests successful, 7 tests and 47 subtests skipped.
Files=48, Tests=666, 51 wallclock secs (10.86 cusr +  3.05 csys = 13.91 CPU)
  /usr/bin/make test -- OK
Running make install
Installing /homes/dbolser/perl5/lib/perl5/ExtUtils/Manifest.pm
Installing /homes/dbolser/perl5/lib/perl5/ExtUtils/MM_VOS.pm
Installing /homes/dbolser/perl5/lib/perl5/ExtUtils/Mksymlists.pm
Installing /homes/dbolser/perl5/lib/perl5/ExtUtils/MM.pm
Installing /homes/dbolser/perl5/lib/perl5/ExtUtils/MM_UWIN.pm
Installing /homes/dbolser/perl5/lib/perl5/ExtUtils/testlib.pm
Installing /homes/dbolser/perl5/lib/perl5/ExtUtils/MM_Cygwin.pm
Installing /homes/dbolser/perl5/lib/perl5/ExtUtils/MM_DOS.pm
Installing /homes/dbolser/perl5/lib/perl5/ExtUtils/MM_Win95.pm
Installing /homes/dbolser/perl5/lib/perl5/ExtUtils/Liblist.pm
Installing /homes/dbolser/perl5/lib/perl5/ExtUtils/MM_AIX.pm
Installing /homes/dbolser/perl5/lib/perl5/ExtUtils/MM_Darwin.pm
Installing /homes/dbolser/perl5/lib/perl5/ExtUtils/Mkbootstrap.pm
Installing /homes/dbolser/perl5/lib/perl5/ExtUtils/MANIFEST.SKIP
Installing /homes/dbolser/perl5/lib/perl5/ExtUtils/MM_NW5.pm
Installing /homes/dbolser/perl5/lib/perl5/ExtUtils/Command.pm
Installing /homes/dbolser/perl5/lib/perl5/ExtUtils/MakeMaker.pm
Installing /homes/dbolser/perl5/lib/perl5/ExtUtils/MM_OS2.pm
Installing /homes/dbolser/perl5/lib/perl5/ExtUtils/MM_Unix.pm
Installing /homes/dbolser/perl5/lib/perl5/ExtUtils/Installed.pm
Installing /homes/dbolser/perl5/lib/perl5/ExtUtils/MM_Win32.pm
Installing /homes/dbolser/perl5/lib/perl5/ExtUtils/Packlist.pm
Installing /homes/dbolser/perl5/lib/perl5/ExtUtils/MY.pm
Installing /homes/dbolser/perl5/lib/perl5/ExtUtils/MM_MacOS.pm
Installing /homes/dbolser/perl5/lib/perl5/ExtUtils/MM_VMS.pm
Installing /homes/dbolser/perl5/lib/perl5/ExtUtils/MM_BeOS.pm
Installing /homes/dbolser/perl5/lib/perl5/ExtUtils/MM_QNX.pm
Installing /homes/dbolser/perl5/lib/perl5/ExtUtils/Install.pm
Installing /homes/dbolser/perl5/lib/perl5/ExtUtils/MM_Any.pm
Installing /homes/dbolser/perl5/lib/perl5/ExtUtils/MakeMaker/vmsish.pm
Installing /homes/dbolser/perl5/lib/perl5/ExtUtils/MakeMaker/FAQ.pod
Installing /homes/dbolser/perl5/lib/perl5/ExtUtils/MakeMaker/bytes.pm
Installing /homes/dbolser/perl5/lib/perl5/ExtUtils/MakeMaker/Tutorial.pod
Installing /homes/dbolser/perl5/lib/perl5/ExtUtils/MakeMaker/Config.pm
Installing /homes/dbolser/perl5/lib/perl5/ExtUtils/Liblist/Kid.pm
Installing /homes/dbolser/perl5/lib/perl5/ExtUtils/Command/MM.pm
Installing /homes/dbolser/perl5/man/man1/instmodsh.1
Installing /homes/dbolser/perl5/man/man3/ExtUtils::Manifest.3pm
Installing /homes/dbolser/perl5/man/man3/ExtUtils::MM_VOS.3pm
Installing /homes/dbolser/perl5/man/man3/ExtUtils::Mksymlists.3pm
Installing /homes/dbolser/perl5/man/man3/ExtUtils::MM.3pm
Installing /homes/dbolser/perl5/man/man3/ExtUtils::MM_UWIN.3pm
Installing /homes/dbolser/perl5/man/man3/ExtUtils::testlib.3pm
Installing /homes/dbolser/perl5/man/man3/ExtUtils::MM_DOS.3pm
Installing /homes/dbolser/perl5/man/man3/ExtUtils::MM_Cygwin.3pm
Installing /homes/dbolser/perl5/man/man3/ExtUtils::MakeMaker::vmsish.3pm
Installing /homes/dbolser/perl5/man/man3/ExtUtils::MM_Win95.3pm
Installing /homes/dbolser/perl5/man/man3/ExtUtils::Liblist.3pm
Installing /homes/dbolser/perl5/man/man3/ExtUtils::MM_AIX.3pm
Installing /homes/dbolser/perl5/man/man3/ExtUtils::MM_Darwin.3pm
Installing /homes/dbolser/perl5/man/man3/ExtUtils::Mkbootstrap.3pm
Installing /homes/dbolser/perl5/man/man3/ExtUtils::MakeMaker::FAQ.3pm
Installing /homes/dbolser/perl5/man/man3/ExtUtils::MakeMaker::bytes.3pm
Installing /homes/dbolser/perl5/man/man3/ExtUtils::MM_NW5.3pm
Installing /homes/dbolser/perl5/man/man3/ExtUtils::Command.3pm
Installing /homes/dbolser/perl5/man/man3/ExtUtils::MakeMaker.3pm
Installing /homes/dbolser/perl5/man/man3/ExtUtils::MM_OS2.3pm
Installing /homes/dbolser/perl5/man/man3/ExtUtils::MM_Unix.3pm
Installing /homes/dbolser/perl5/man/man3/ExtUtils::Installed.3pm
Installing /homes/dbolser/perl5/man/man3/ExtUtils::MM_Win32.3pm
Installing /homes/dbolser/perl5/man/man3/ExtUtils::Packlist.3pm
Installing /homes/dbolser/perl5/man/man3/ExtUtils::MY.3pm
Installing /homes/dbolser/perl5/man/man3/ExtUtils::MM_MacOS.3pm
Installing /homes/dbolser/perl5/man/man3/ExtUtils::MM_VMS.3pm
Installing /homes/dbolser/perl5/man/man3/ExtUtils::MM_BeOS.3pm
Installing /homes/dbolser/perl5/man/man3/ExtUtils::MakeMaker::Tutorial.3pm
Installing /homes/dbolser/perl5/man/man3/ExtUtils::MM_QNX.3pm
Installing /homes/dbolser/perl5/man/man3/ExtUtils::Command::MM.3pm
Installing /homes/dbolser/perl5/man/man3/ExtUtils::Install.3pm
Installing /homes/dbolser/perl5/man/man3/ExtUtils::MakeMaker::Config.3pm
Installing /homes/dbolser/perl5/man/man3/ExtUtils::MM_Any.3pm
Installing /homes/dbolser/perl5/bin/instmodsh
Writing /homes/dbolser/perl5/lib/perl5/i386-linux-thread-multi/auto/ExtUtils/MakeMaker/.packlist
Appending installation info to /homes/dbolser/perl5/lib/perl5/i386-linux-thread-multi/perllocal.pod
  /usr/bin/make install  -- OK
Running install for module CPAN
Running make for A/AN/ANDK/CPAN-1.9301.tar.gz
Checksum for /homes/dbolser/.cpan/sources/authors/id/A/AN/ANDK/CPAN-1.9301.tar.gz ok
CPAN-1.9301/
CPAN-1.9301/t/
CPAN-1.9301/t/30shell.t
CPAN-1.9301/t/CPAN/
CPAN-1.9301/t/CPAN/authors/
CPAN-1.9301/t/CPAN/authors/id/
CPAN-1.9301/t/CPAN/authors/id/A/
CPAN-1.9301/t/CPAN/authors/id/A/AN/
CPAN-1.9301/t/CPAN/authors/id/A/AN/ANDK/
CPAN-1.9301/t/CPAN/authors/id/A/AN/ANDK/CPAN-Test-Dummy-Perl5-Make-Failearly-1.02.tar.gz
CPAN-1.9301/t/CPAN/authors/id/A/AN/ANDK/CPAN-Test-Dummy-Perl5-Make-Features-1.02.tar.gz
CPAN-1.9301/t/CPAN/authors/id/A/AN/ANDK/patches/
CPAN-1.9301/t/CPAN/authors/id/A/AN/ANDK/patches/CHECKSUMS
CPAN-1.9301/t/CPAN/authors/id/A/AN/ANDK/CPAN-Test-Dummy-Perl5-Make-Zip-1.03.zip
CPAN-1.9301/t/CPAN/authors/id/A/AN/ANDK/cpantestdummies/
CPAN-1.9301/t/CPAN/authors/id/A/AN/ANDK/cpantestdummies/CHECKSUMS
CPAN-1.9301/t/CPAN/authors/id/A/AN/ANDK/cpantestdummies/CPAN-Test-Dummy-Perl5-Make-Features-1.04.tar.gz
CPAN-1.9301/t/CPAN/authors/id/A/AN/ANDK/CHECKSUMS.2nd
CPAN-1.9301/t/CPAN/authors/id/A/AN/ANDK/CHECKSUMS
CPAN-1.9301/t/CPAN/authors/id/A/AN/ANDK/NotInChecksums-0.000.tar.gz
CPAN-1.9301/t/CPAN/authors/id/A/AN/ANDK/CPAN-Test-Dummy-Perl5-Build-1.03.tar.gz
CPAN-1.9301/t/CPAN/authors/id/A/AN/ANDK/CPAN-Test-Dummy-Perl5-Build-DepeFails-1.02.tar.gz
CPAN-1.9301/t/CPAN/authors/id/A/AN/ANDK/CPAN-Test-Dummy-Perl5-Make-CircDepeOne-1.00.tar.gz
CPAN-1.9301/t/CPAN/authors/id/A/AN/ANDK/CPAN-Test-Dummy-Perl5-Make-CircDepeThree-1.00.tar.gz
CPAN-1.9301/t/CPAN/authors/id/A/AN/ANDK/CPAN-Test-Dummy-Perl5-Make-1.05.tar.gz
CPAN-1.9301/t/CPAN/authors/id/A/AN/ANDK/CPAN-Test-Dummy-Perl5-BuildOrMake-1.02.tar.gz
CPAN-1.9301/t/CPAN/authors/id/A/AN/ANDK/CPAN-Test-Dummy-Perl5-Make-UnsatPrereq-1.00.tar.gz
CPAN-1.9301/t/CPAN/authors/id/A/AN/ANDK/CPAN-Test-Dummy-Perl5-Make-ConfReq-1.00.tar.gz
CPAN-1.9301/t/CPAN/authors/id/A/AN/ANDK/CPAN-Test-Dummy-Perl5-Build-Fails-1.03.tar.gz
CPAN-1.9301/t/CPAN/authors/id/A/AN/ANDK/CPAN-Test-Dummy-Perl5-Make-Expect-1.00.tar.gz
CPAN-1.9301/t/CPAN/authors/id/A/AN/ANDK/CPAN-Test-Dummy-Perl5-Make-CircDepeTwo-1.00.tar.gz
CPAN-1.9301/t/CPAN/authors/id/A/AN/CHECKSUMS
CPAN-1.9301/t/CPAN/authors/id/A/CHECKSUMS
CPAN-1.9301/t/CPAN/authors/id/CHECKSUMS
CPAN-1.9301/t/CPAN/authors/01mailrc.txt
CPAN-1.9301/t/CPAN/modules/
CPAN-1.9301/t/CPAN/modules/02packages.details.txt
CPAN-1.9301/t/CPAN/modules/03modlist.data
CPAN-1.9301/t/CPAN/CpanTestDummies-1.55.pm
CPAN-1.9301/t/CPAN/TestMirroredBy
CPAN-1.9301/t/CPAN/TestConfig.pm
CPAN-1.9301/t/CPAN/TestPatch.txt
CPAN-1.9301/t/03pkgs.t
CPAN-1.9301/t/11mirroredby.t
CPAN-1.9301/t/12cpan.t
CPAN-1.9301/t/01loadme.t
CPAN-1.9301/t/52podcover.t
CPAN-1.9301/t/02nox.t
CPAN-1.9301/t/10version.t
CPAN-1.9301/t/31sessions.t
CPAN-1.9301/t/13tarzip.t
CPAN-1.9301/t/60credentials.t
CPAN-1.9301/t/yaml_code.yml
CPAN-1.9301/t/00signature.t
CPAN-1.9301/t/41distribution.t
CPAN-1.9301/t/14forkbomb.t
CPAN-1.9301/t/30shell.coverage
CPAN-1.9301/t/42distroprefs.t
CPAN-1.9301/t/50pod.t
CPAN-1.9301/t/local_utils.pm
CPAN-1.9301/t/51pod.t
CPAN-1.9301/distroprefs/
CPAN-1.9301/distroprefs/AUDREYT.Module-Signature.yml
CPAN-1.9301/distroprefs/CMOORE.Archive-Any.yml
CPAN-1.9301/distroprefs/MAKAMAKA.JSON.yml
CPAN-1.9301/distroprefs/BRIANSKI.XML-Comma.yml
CPAN-1.9301/distroprefs/STEPANOV.IMDB-Film.yml
CPAN-1.9301/distroprefs/PIERS.sapnwrfc.yml
CPAN-1.9301/distroprefs/EESTABROO.IMAP-Admin.yml
CPAN-1.9301/distroprefs/DMUEY.File-Copy-Recursive.yml
CPAN-1.9301/distroprefs/BRYCE.SVG-Metadata.yml
CPAN-1.9301/distroprefs/MTHURN.Tk-Wizard.yml
CPAN-1.9301/distroprefs/FLORA.File-Extractor.yml
CPAN-1.9301/distroprefs/01.DISABLED.yml
CPAN-1.9301/distroprefs/ADAMK.Chart-Math-Axis.yml
CPAN-1.9301/distroprefs/ADAMK.Test-Inline.yml
CPAN-1.9301/distroprefs/NI-S.Tk.yml
CPAN-1.9301/distroprefs/DROLSKY.Alzabo.yml
CPAN-1.9301/distroprefs/BINGOS.POE-Component-Client-FTP.yml
CPAN-1.9301/distroprefs/RRWO.Graphics-ColorNames.yml
CPAN-1.9301/distroprefs/GBARR.libnet.dd
CPAN-1.9301/distroprefs/FOTANGO.Data-Structure-Util.yml
CPAN-1.9301/distroprefs/PHOENIX.Term-ReadPassword.yml
CPAN-1.9301/distroprefs/BTROTT.Crypt-DSA.yml
CPAN-1.9301/distroprefs/JROCKWAY.Chroniton.yml
CPAN-1.9301/distroprefs/MARKOV.MailTools.yml
CPAN-1.9301/distroprefs/LAMPRECHT.Tk-GraphItems.yml
CPAN-1.9301/distroprefs/DBRIAN.XML-SimpleObject.yml
CPAN-1.9301/distroprefs/MARKOV.Mail-IMAPClient.yml
CPAN-1.9301/distroprefs/SREZIC.Tk-HistEntry.yml
CPAN-1.9301/distroprefs/JOHNL.DBD-Informix.yml
CPAN-1.9301/distroprefs/SEANO.Sepia.yml
CPAN-1.9301/distroprefs/ZINCDEV.tk-zinc.yml
CPAN-1.9301/distroprefs/GEOFF.Apache-Test.yml
CPAN-1.9301/distroprefs/PHRED.Apache-Reload.yml
CPAN-1.9301/distroprefs/ERYQ.Convert-BinHex.yml
CPAN-1.9301/distroprefs/DRTECH.Config-Loader.yml
CPAN-1.9301/distroprefs/DSUGAL.Devel-Size.yml
CPAN-1.9301/distroprefs/SLANNING.Ogre.yml
CPAN-1.9301/distroprefs/ANDYA.TAP-Parser.yml
CPAN-1.9301/distroprefs/DOMM.Module-CPANTS-ProcessCPAN.yml
CPAN-1.9301/distroprefs/HDP.Perl-Version.yml
CPAN-1.9301/distroprefs/GIULIENK.Audio-Beep.yml
CPAN-1.9301/distroprefs/DLAND.Crypt-SSLeay.yml
CPAN-1.9301/distroprefs/JROBINSON.SQL-Translator.yml
CPAN-1.9301/distroprefs/ANDYA.File-Find-Parallel.yml
CPAN-1.9301/distroprefs/ERIC.OpenThought.yml
CPAN-1.9301/distroprefs/PAJAS.XML-LibXML.yml
CPAN-1.9301/distroprefs/KBROWN.SOAP.yml
CPAN-1.9301/distroprefs/OVID.Test-JSON.yml
CPAN-1.9301/distroprefs/ABELTJE.Test-Smoke.yml
CPAN-1.9301/distroprefs/KVAIL.Tk-Stderr.yml
CPAN-1.9301/distroprefs/KARASIK.IO-Lambda.yml
CPAN-1.9301/distroprefs/ARJAY.Compress-Bzip2.yml
CPAN-1.9301/distroprefs/CSOE.PDL.yml
CPAN-1.9301/distroprefs/DROLSKY.Params-Validate.yml
CPAN-1.9301/distroprefs/RSOD.IPC-Run.yml
CPAN-1.9301/distroprefs/AGENT.OpenResty.yml
CPAN-1.9301/distroprefs/KNORR.Net-MirrorDir.yml
CPAN-1.9301/distroprefs/MSERGEANT.DBD-SQLite.yml
CPAN-1.9301/distroprefs/ITYNDALL.Net-Amazon-Thumbnail.yml
CPAN-1.9301/distroprefs/NI-S.Tk-HTML.yml
CPAN-1.9301/distroprefs/DANKOGAI.Regexp-Optimizer.yml
CPAN-1.9301/distroprefs/INGY.YAML.yml
CPAN-1.9301/distroprefs/JPEACOCK.SVN-Notify-Mirror.yml
CPAN-1.9301/distroprefs/ZOOLEIKA.RDF-Simple.yml
CPAN-1.9301/distroprefs/DWHEELER.Params-CallbackRequest.yml
CPAN-1.9301/distroprefs/MARKSTOS.CGI-Session.yml
CPAN-1.9301/distroprefs/GOMOR.Net-Write.yml
CPAN-1.9301/distroprefs/DAMS.RT-Client-REST.yml
CPAN-1.9301/distroprefs/YOSHIDA.WebService-YouTube.yml
CPAN-1.9301/distroprefs/MSERGEANT.XML-Filter-XInclude.yml
CPAN-1.9301/distroprefs/SCHWIGON.Class-MethodMaker.yml
CPAN-1.9301/distroprefs/MBARBON.Alien-wxWidgets.yml
CPAN-1.9301/distroprefs/DDUMONT.Tk-ObjScanner.yml
CPAN-1.9301/distroprefs/NESTING.Unicode-Wrap.yml
CPAN-1.9301/distroprefs/YVES.Data-Dump-Streamer.yml
CPAN-1.9301/distroprefs/GBARR.libnet.yml
CPAN-1.9301/distroprefs/DSKOLL.MIME-tools.yml
CPAN-1.9301/distroprefs/BINGOS.POE-Component-CPAN-YACSmoke.yml
CPAN-1.9301/distroprefs/PARDUS.File-MimeInfo.yml
CPAN-1.9301/distroprefs/OLAF.Net-DNS.yml
CPAN-1.9301/distroprefs/JCRISTY.PerlMagick.yml
CPAN-1.9301/distroprefs/DCANTRELL.Devel-CheckOS.yml
CPAN-1.9301/distroprefs/SAMTREGAR.DBIx-Timeout.yml
CPAN-1.9301/distroprefs/KROW.DBIx-Password.yml
CPAN-1.9301/distroprefs/STEVAN.Class-MOP.yml
CPAN-1.9301/distroprefs/AMICHAUER.Unicode-Lite.yml
CPAN-1.9301/distroprefs/CLKAO.SVN-Mirror.yml
CPAN-1.9301/distroprefs/FABPOT.Plucene-Plugin-Analyzer-SnowballAnalyzer.yml
CPAN-1.9301/distroprefs/ROBIN.Want.yml
CPAN-1.9301/distroprefs/NIKIP.Authen-PAM.yml
CPAN-1.9301/distroprefs/GAAS.Data-Dump.yml
CPAN-1.9301/distroprefs/MSERGEANT.XML-Parser.yml
CPAN-1.9301/distroprefs/GAAS.Font-AFM.yml
CPAN-1.9301/distroprefs/KWILLIAMS.AI-Categorizer.yml
CPAN-1.9301/distroprefs/AVIF.Time-Duration.yml
CPAN-1.9301/distroprefs/AUDREYT.PDF-FromHTML.yml
CPAN-1.9301/distroprefs/CHANG-LIU.XML-Node.yml
CPAN-1.9301/distroprefs/GBARR.perl-ldap.yml
CPAN-1.9301/distroprefs/RBS.XML-AutoWriter.yml
CPAN-1.9301/distroprefs/CRISB.WWW-Curl.yml
CPAN-1.9301/distroprefs/ZOFFIX.LWP-UserAgent-ProxyHopper.yml
CPAN-1.9301/distroprefs/CHARTGRP.Chart.yml
CPAN-1.9301/distroprefs/FDALY.Test-Deep.yml
CPAN-1.9301/distroprefs/NICOLAW.WWW-Comic.yml
CPAN-1.9301/distroprefs/MAURICE.IPC-ShareLite.yml
CPAN-1.9301/distroprefs/EIJABB.MARC-Errorchecks.yml
CPAN-1.9301/distroprefs/00.README
CPAN-1.9301/distroprefs/PODMASTER.HTML-Scrubber.yml
CPAN-1.9301/distroprefs/LUSOL.Tk-Gauge.yml
CPAN-1.9301/distroprefs/ROODE.Readonly-XS.yml
CPAN-1.9301/distroprefs/PCIMPRICH.XML-SAX-ExpatXS.yml
CPAN-1.9301/distroprefs/CORION.List-Sliding-Changes.yml
CPAN-1.9301/distroprefs/02.NOREPORT.yml
CPAN-1.9301/distroprefs/MI.yml
CPAN-1.9301/distroprefs/RCAPUTO.POE.yml
CPAN-1.9301/distroprefs/MSCHILLI.RRDTool-OO.yml
CPAN-1.9301/distroprefs/HAYASHI.Term-ReadLine-Gnu.yml
CPAN-1.9301/distroprefs/LDS.Crypt-CBC.yml
CPAN-1.9301/distroprefs/SREZIC.Tk-Pod.yml
CPAN-1.9301/distroprefs/LUKEC.Socialtext-Resting.yml
CPAN-1.9301/distroprefs/DAXIM.Yahoo-Photos.yml
CPAN-1.9301/distroprefs/MIROD.XML-Twig.yml
CPAN-1.9301/distroprefs/KAWASAKI.Lingua-JA-Romanize-Japanese.yml
CPAN-1.9301/distroprefs/KANE.CPANPLUS.yml
CPAN-1.9301/distroprefs/WYANT.Astro-SpaceTrack.yml
CPAN-1.9301/distroprefs/TIMB.GoferTransport-http.yml
CPAN-1.9301/distroprefs/OWEN.PDF-Labels.yml
CPAN-1.9301/distroprefs/BTROTT.Convert-PEM.yml
CPAN-1.9301/distroprefs/DKWILSON.Tk-DKW.yml
CPAN-1.9301/distroprefs/RJBS.Email-Send.yml
CPAN-1.9301/distroprefs/CLACO.Class-Accessor-Grouped.yml
CPAN-1.9301/distroprefs/JOHNSCA.TkCarp.yml
CPAN-1.9301/distroprefs/DCONWAY.Parse-RecDescent.yml
CPAN-1.9301/distroprefs/TBONE.HTTP-File.yml
CPAN-1.9301/distroprefs/RICKM.DateTime-Format-Strptime.yml
CPAN-1.9301/distroprefs/GRICHTER.Embperl.yml
CPAN-1.9301/distroprefs/MLEHMANN.Gtk-Perl.yml
CPAN-1.9301/distroprefs/JKEGL.Test-Weaken.yml
CPAN-1.9301/distroprefs/ILYAZ.FreezeThaw.yml
CPAN-1.9301/distroprefs/CAPTTOFU.DBD-mysql.yml
CPAN-1.9301/distroprefs/TSCH.Cairo.yml
CPAN-1.9301/distroprefs/BYRNE.SOAP-Lite.yml
CPAN-1.9301/distroprefs/ROODE.Time-Format.yml
CPAN-1.9301/distroprefs/KWILLIAMS.Module-Build.yml
CPAN-1.9301/distroprefs/ANDK.CPAN-Test-Dummy-Perl5-Build-Fails.yml
CPAN-1.9301/distroprefs/YAMATO.QDBM_File.yml
CPAN-1.9301/distroprefs/JRENNIE.WordNet-QueryData.yml
CPAN-1.9301/distroprefs/CLKAO.App-CLI.yml
CPAN-1.9301/distroprefs/WRW.Barcode-Code128.yml
CPAN-1.9301/distroprefs/RJBS.MIME-Light.yml
CPAN-1.9301/distroprefs/HANJE.Syntax-Highlight-Engine-Kate.yml
CPAN-1.9301/distroprefs/METZZO.Java.yml
CPAN-1.9301/distroprefs/JV.Getopt-Long.yml
CPAN-1.9301/distroprefs/MSISK.HTML-TableExtract.yml
CPAN-1.9301/distroprefs/ARFREITAS.DTS.yml
CPAN-1.9301/distroprefs/YEWENBIN.Calendar.yml
CPAN-1.9301/distroprefs/ANDYA.Perl-Version.yml
CPAN-1.9301/distroprefs/CLKAO.IO-Digest.yml
CPAN-1.9301/distroprefs/VPIT.Variable-Magic.yml
CPAN-1.9301/distroprefs/BDFOY.Module-Release.yml
CPAN-1.9301/distroprefs/WYANT.Astro-satpass.yml
CPAN-1.9301/distroprefs/GTERMARS.Apache2-Filter-Minifier-JavaScript.yml
CPAN-1.9301/distroprefs/BLUEFEET.GIS-Distance.yml
CPAN-1.9301/distroprefs/CORDATA.Kwiki-Formatter-Emphasis.yml
CPAN-1.9301/distroprefs/MSERGEANT.DBIx-AnyDBD.yml
CPAN-1.9301/distroprefs/BTROTT.XML-FOAF.yml
CPAN-1.9301/distroprefs/ADAMK.Image-Delivery.yml
CPAN-1.9301/distroprefs/BTROTT.Crypt-OpenPGP.yml
CPAN-1.9301/distroprefs/YVES.Date-Simple.yml
CPAN-1.9301/distroprefs/JGMYERS.Encode-Detect.yml
CPAN-1.9301/distroprefs/ZOOLEIKA.SVG-Plot.yml
CPAN-1.9301/distroprefs/TIMB.DBI.yml
CPAN-1.9301/distroprefs/RJRAY.RPC-XML.yml
CPAN-1.9301/distroprefs/EBOHLMAN.Text-Query.yml
CPAN-1.9301/distroprefs/DMAKI.DateTime-X.yml
CPAN-1.9301/distroprefs/PETDANCE.WWW-Mechanize.yml
CPAN-1.9301/distroprefs/MRAMBERG.Catalyst-View-TT.yml
CPAN-1.9301/distroprefs/ATOURBIN.rpm-build-perl.yml
CPAN-1.9301/distroprefs/MAHEX.Image-Grab.yml
CPAN-1.9301/distroprefs/OVID.Class-Trait.yml
CPAN-1.9301/distroprefs/ABW.Template-Toolkit.yml
CPAN-1.9301/distroprefs/GRM.App-CamelPKI.yml
CPAN-1.9301/distroprefs/CERNEY.Tk-IDElayout.yml
CPAN-1.9301/distroprefs/DROLSKY.Devel-StackTrace.yml
CPAN-1.9301/distroprefs/DMAKI.File-Extract.yml
CPAN-1.9301/distroprefs/DUNNIGANJ.Tk-CursorControl.yml
CPAN-1.9301/distroprefs/JESSE.Jifty-DBI.yml
CPAN-1.9301/distroprefs/ILYAZ.Term-ReadLine-Perl.yml
CPAN-1.9301/distroprefs/RYBSKEJ.forks.yml
CPAN-1.9301/distroprefs/HORROCKS.PersistentPerl.yml
CPAN-1.9301/distroprefs/YSAS.SWF-Builder.yml
CPAN-1.9301/distroprefs/JSTENZEL.Getopt-ArgvFile.yml
CPAN-1.9301/distroprefs/JMASON.Mail-SpamAssassin.yml
CPAN-1.9301/distroprefs/RDF.Clone.yml
CPAN-1.9301/distroprefs/BWARFIELD.GDGraph.yml
CPAN-1.9301/distroprefs/ABH.XML-RSS.yml
CPAN-1.9301/distroprefs/DROLSKY.DateTime-Locale.yml
CPAN-1.9301/distroprefs/INGY.YAML.dd
CPAN-1.9301/distroprefs/DJBERG.Tk-JListbox.yml
CPAN-1.9301/distroprefs/CHISEL.Zucchini.yml
CPAN-1.9301/distroprefs/MLEHMANN.AnyEvent.yml
CPAN-1.9301/distroprefs/TODDR.Net-Jabber-Bot.yml
CPAN-1.9301/distroprefs/MLEHMANN.Coro.yml
CPAN-1.9301/distroprefs/DCOPPIT.Mail-Mbox-MessageParser.yml
CPAN-1.9301/distroprefs/MLEHMANN.EV.yml
CPAN-1.9301/distroprefs/SHEVEK.Mail-Karmasphere-Client.yml
CPAN-1.9301/distroprefs/SCHWERN.Class-Fields.yml
CPAN-1.9301/distroprefs/MIKER.IPtables-IPv4-DBTarpit.yml
CPAN-1.9301/distroprefs/RCLAMP.Devel-Caller.yml
CPAN-1.9301/distroprefs/OVID.HOP-Parser.yml
CPAN-1.9301/distroprefs/FLUFFY.Class-MethodMaker.yml
CPAN-1.9301/distroprefs/JESSE.HTTP-Server-Simple.yml
CPAN-1.9301/distroprefs/MJEVANS.DBD-ODBC.yml
CPAN-1.9301/distroprefs/LICHTKIND.Kephra.yml
CPAN-1.9301/distroprefs/CHOCOLATE.Scalar-Util-Clone.yml
CPAN-1.9301/distroprefs/OVID.Perl6-Caller.yml
CPAN-1.9301/distroprefs/DOM.OpenGuides.yml
CPAN-1.9301/distroprefs/HMBRAND.Tk-Clock.yml
CPAN-1.9301/distroprefs/ANDREWF.LaTeX-Driver.yml
CPAN-1.9301/distroprefs/BRADFITZ.Danga-Socket.yml
CPAN-1.9301/distroprefs/MRAMBERG.MojoMojo.yml
CPAN-1.9301/distroprefs/ADAMK.Test-ClassAPI.yml
CPAN-1.9301/distroprefs/RIZEN.Config-JSON.yml
CPAN-1.9301/distroprefs/DJKERNEN.Mail-IMAPClient.yml
CPAN-1.9301/distroprefs/NEELY.Data-Serializer.yml
CPAN-1.9301/distroprefs/PDCAWLEY.Class-Inner.yml
CPAN-1.9301/distroprefs/VKON.Tcl.yml
CPAN-1.9301/distroprefs/SREZIC.Tk-Autoscroll.yml
CPAN-1.9301/distroprefs/DHARRIS.DB_File-Lock.yml
CPAN-1.9301/distroprefs/RKINYON.DBM-Deep.yml
CPAN-1.9301/distroprefs/ILMARI.DBIx-Class-Schema-Loader.yml
CPAN-1.9301/distroprefs/DAGOLDEN.Term-Title.yml
CPAN-1.9301/distroprefs/MLEHMANN.IO-AIO.yml
CPAN-1.9301/distroprefs/JAYK.Catalyst-Authen-S-D-C.yml
CPAN-1.9301/distroprefs/RHOOPER.HTTP-Lite.yml
CPAN-1.9301/distroprefs/PEVANS.IPC-PerlSSH.yml
CPAN-1.9301/distroprefs/ACG.Scrabble-Dict.yml
CPAN-1.9301/distroprefs/DMAKI.Xango.yml
CPAN-1.9301/distroprefs/KASEI.Class-Accessor.yml
CPAN-1.9301/distroprefs/CLAESJAC.JavaScript.yml
CPAN-1.9301/distroprefs/MIYAGAWA.Net-IDN-Nameprep.yml
CPAN-1.9301/distroprefs/NEILW.Inline-CPP.yml
CPAN-1.9301/distroprefs/ILYAZ.Term-ReadLine-Perl.dd
CPAN-1.9301/distroprefs/BDFOY.Test-HTTPStatus.yml
CPAN-1.9301/distroprefs/AUDREYT.YAML-Syck.yml
CPAN-1.9301/distroprefs/MARKOV.Mail-Box.yml
CPAN-1.9301/distroprefs/BTROTT.Crypt-DH.yml
CPAN-1.9301/distroprefs/DBROBINS.Net-SSH-Perl.yml
CPAN-1.9301/distroprefs/VMAN.Net-Libdnet.yml
CPAN-1.9301/distroprefs/LOCAL.trailing_dot_distros.yml
CPAN-1.9301/distroprefs/ACH.Tk-Contrib.yml
CPAN-1.9301/distroprefs/JJORE.Carp-Clan.yml
CPAN-1.9301/distroprefs/TSCH.Gtk2.yml
CPAN-1.9301/distroprefs/OVID.TAPx-Parser.yml
CPAN-1.9301/distroprefs/BINGOS.POE-Component-SmokeBox-Recent.yml
CPAN-1.9301/distroprefs/TLOWERY.DBI-Shell.yml
CPAN-1.9301/distroprefs/TKEEFER.Gantry.yml
CPAN-1.9301/distroprefs/RMUHLE.classes.yml
CPAN-1.9301/distroprefs/NUFFIN.Catalyst-Plugin-Session.yml
CPAN-1.9301/distroprefs/JDIEPEN.Audio-LADSPA.yml
CPAN-1.9301/distroprefs/BINGOS.POE-Component-Server-SimpleContent.yml
CPAN-1.9301/distroprefs/KCLARK.SQL-Translator.yml
CPAN-1.9301/distroprefs/JHOBLITT.DateTime-Format-ISO8601.yml
CPAN-1.9301/distroprefs/FHOXH.Test-Reporter.yml
CPAN-1.9301/distroprefs/GAAS.libwww.yml
CPAN-1.9301/distroprefs/ADAMK.PPI.yml
CPAN-1.9301/distroprefs/JJORE.AI-Prolog.yml
CPAN-1.9301/distroprefs/RCSEEGE.Tk-JComboBox.yml
CPAN-1.9301/distroprefs/MIYAGAWA.Catalyst-View-JSON.yml
CPAN-1.9301/distroprefs/DAGOLDEN.CPAN-Reporter.yml
CPAN-1.9301/distroprefs/ANDYA.Test-Harness.yml
CPAN-1.9301/distroprefs/ESUMMERS.MARC-Charset.yml
CPAN-1.9301/distroprefs/HMBRAND.Spreadsheet-Read.yml
CPAN-1.9301/distroprefs/RUZ.DBIx-SearchBuilder.yml
CPAN-1.9301/distroprefs/BRADFITZ.Perlbal.yml
CPAN-1.9301/distroprefs/BOBTFISH.Text-Markdown.yml
CPAN-1.9301/distroprefs/PETERW.SVG-Parser.yml
CPAN-1.9301/distroprefs/REDTREE.PDF-API2-Simple.yml
CPAN-1.9301/distroprefs/SANKO.Net-BitTorrent.yml
CPAN-1.9301/distroprefs/QANTINS.BitTorrent.yml
CPAN-1.9301/distroprefs/LZE.HTML-Menu-TreeView.yml
CPAN-1.9301/distroprefs/AGRUNDMA.POE-Loop-EV.yml
CPAN-1.9301/distroprefs/RRA.PGP-Sign.yml
CPAN-1.9301/distroprefs/DONEILL.MIME-tools.yml
CPAN-1.9301/distroprefs/GRAY.IO-AIO-Util.yml
CPAN-1.9301/distroprefs/MLEHMANN.PApp.yml
CPAN-1.9301/distroprefs/MJD.Text-Template.yml
CPAN-1.9301/distroprefs/TJENNESS.Tk-TextANSIColor.yml
CPAN-1.9301/distroprefs/DROLSKY.Class-MOP.yml
CPAN-1.9301/distroprefs/INGY.Inline.yml
CPAN-1.9301/distroprefs/JMGDOC.OpenOffice-OODoc.yml
CPAN-1.9301/distroprefs/MSCHWERN.Test-Simple.yml
CPAN-1.9301/distroprefs/VKON.Tcl-Tk.yml
CPAN-1.9301/distroprefs/PETDANCE.HTML-Tidy.yml
CPAN-1.9301/distroprefs/ILYAZ.Math-Pari.yml
CPAN-1.9301/distroprefs/MJCARMAN.Tie-Tk-Text.yml
CPAN-1.9301/distroprefs/NKH.PerlBuildSystem.yml
CPAN-1.9301/distroprefs/RBERJON.JSON-Any.yml
CPAN-1.9301/distroprefs/NODINE.Text-Restructured.yml
CPAN-1.9301/distroprefs/RCLAMP.POE-Component-Server-HTTP.yml
CPAN-1.9301/distroprefs/GRANTM.XML-SAX.yml
CPAN-1.9301/distroprefs/MARKOV.CPAN-Site.yml
CPAN-1.9301/distroprefs/ROBIN.PadWalker.yml
CPAN-1.9301/distroprefs/SCHWERN.Exporter-Lite.yml
CPAN-1.9301/distroprefs/MIYAGAWA.Plagger.yml
CPAN-1.9301/distroprefs/WITTROCK.Tk-PathEntry.yml
CPAN-1.9301/distroprefs/TELS.Devel-Size.yml
CPAN-1.9301/distroprefs/LEAKIN.File-Rsync.yml
CPAN-1.9301/distroprefs/YANICK.XML-XPathScript.yml
CPAN-1.9301/distroprefs/RONAN.Transform-Canvas.yml
CPAN-1.9301/distroprefs/TELS.Math-BigInt-GMP.yml
CPAN-1.9301/distroprefs/ASCOPE.Net-Google.yml
CPAN-1.9301/distroprefs/DMARTIN.Unix-SavedIDs.yml
CPAN-1.9301/distroprefs/DURIST.WWW-Babelfish.yml
CPAN-1.9301/distroprefs/DMAKI.Class-DBI-Plugin-DateTime.yml
CPAN-1.9301/distroprefs/JPIERCE.IO-Pager.yml
CPAN-1.9301/distroprefs/KRUSCOE.Tie-DxHash.yml
CPAN-1.9301/distroprefs/GBROCK.Tk-StayOnTop.yml
CPAN-1.9301/distroprefs/SCHUBIGER.DateTime-Format.yml
CPAN-1.9301/distroprefs/STAS.libapreq.yml
CPAN-1.9301/distroprefs/ANDK.CPAN-Test-Dummy-Perl5-Make-Expect.yml
CPAN-1.9301/distroprefs/LBROCARD.Test-WWW-Mechanize-Catalyst.yml
CPAN-1.9301/distroprefs/JENDA.Mail-Sender.yml
CPAN-1.9301/distroprefs/BSMITH.Devel-EvalContext.yml
CPAN-1.9301/distroprefs/GOZER.mod_perl.yml
CPAN-1.9301/distroprefs/MInoinc.yml
CPAN-1.9301/distroprefs/RKOBES.PPM-Make.yml
CPAN-1.9301/distroprefs/RJBS.Data-UUID.yml
CPAN-1.9301/distroprefs/DOWENS.JSON-DWIW.yml
CPAN-1.9301/distroprefs/JPRIT.Event.yml
CPAN-1.9301/distroprefs/ZEV.Test-Dependencies.yml
CPAN-1.9301/distroprefs/URI.File-Slurp.yml
CPAN-1.9301/distroprefs/SZABGAB.Spreadsheet-ParseExcel.yml
CPAN-1.9301/distroprefs/FLORA.Net_SSLeay.yml
CPAN-1.9301/distroprefs/MIYAGAWA.XML-Atom.yml
CPAN-1.9301/distroprefs/MTHURN.I18N-Charset.yml
CPAN-1.9301/distroprefs/BINGOS.POE-Component-Client-NSCA.yml
CPAN-1.9301/distroprefs/MJD.Devel-Trace.yml
CPAN-1.9301/distroprefs/TIMB.Apache-Status-DBI.yml
CPAN-1.9301/distroprefs/JOSEPHW.XML-Writer.yml
CPAN-1.9301/distroprefs/BINGOS.POE-Component-Server-SimpleHTTP.yml
CPAN-1.9301/distroprefs/MSERGEANT.CDB_File.yml
CPAN-1.9301/distroprefs/BINGOS.POE-Component-Server-NSCA.yml
CPAN-1.9301/distroprefs/EWILHELM.Math-Vec.yml
CPAN-1.9301/distroprefs/GIRAFFED.Curses.yml
CPAN-1.9301/distroprefs/MSERGEANT.AxKit.yml
CPAN-1.9301/distroprefs/NUFFIN.Devel-Events.yml
CPAN-1.9301/distroprefs/BDFOY.Business-ISBN.yml
CPAN-1.9301/distroprefs/SWALTERS.typesafety.yml
CPAN-1.9301/lib/
CPAN-1.9301/lib/CPAN/
CPAN-1.9301/lib/CPAN/API/
CPAN-1.9301/lib/CPAN/API/HOWTO.pod
CPAN-1.9301/lib/CPAN/Distroprefs.pm
CPAN-1.9301/lib/CPAN/Nox.pm
CPAN-1.9301/lib/CPAN/Kwalify/
CPAN-1.9301/lib/CPAN/Kwalify/distroprefs.dd
CPAN-1.9301/lib/CPAN/Kwalify/distroprefs.yml
CPAN-1.9301/lib/CPAN/Queue.pm
CPAN-1.9301/lib/CPAN/Tarzip.pm
CPAN-1.9301/lib/CPAN/Admin.pm
CPAN-1.9301/lib/CPAN/Debug.pm
CPAN-1.9301/lib/CPAN/FirstTime.pm
CPAN-1.9301/lib/CPAN/Version.pm
CPAN-1.9301/lib/CPAN/DeferedCode.pm
CPAN-1.9301/lib/CPAN/Kwalify.pm
CPAN-1.9301/lib/CPAN/HandleConfig.pm
CPAN-1.9301/lib/CPAN.pm
CPAN-1.9301/megainstall.txt
CPAN-1.9301/ChangeLog.old
CPAN-1.9301/scripts/
CPAN-1.9301/scripts/cpan
CPAN-1.9301/inc/
CPAN-1.9301/inc/Test/
CPAN-1.9301/inc/Test/More.pm
CPAN-1.9301/inc/Test/Builder.pm
CPAN-1.9301/ChangeLog
CPAN-1.9301/MANIFEST.SKIP
CPAN-1.9301/Makefile.PL
CPAN-1.9301/PAUSE2007.pub
CPAN-1.9301/MANIFEST
CPAN-1.9301/SIGNATURE
CPAN-1.9301/Changes.old
CPAN-1.9301/Changes
CPAN-1.9301/README
CPAN-1.9301/PAUSE2003.pub
CPAN-1.9301/META.yml
CPAN-1.9301/Todo
CPAN-1.9301/SlayMakefile
CPAN-1.9301/PAUSE2005.pub
Removing previously used /homes/dbolser/.cpan/build/CPAN-1.9301

  CPAN.pm: Going to build A/AN/ANDK/CPAN-1.9301.tar.gz

Importing PAUSE public key into your GnuPG keychain... done!
(You may wish to trust it locally with 'gpg --lsign-key 450F89EC')
Checking if your kit is complete...
Looks good
Warning: prerequisite Test::Harness 2.62 not found. We have 2.56.
Writing Makefile for CPAN
---- Unsatisfied dependencies detected during [A/AN/ANDK/CPAN-1.9301.tar.gz] -----
    Test::Harness
Shall I follow them and prepend them to the queue
of modules we are processing right now? [yes] yes
Running make test
  Delayed until after prerequisites
Running make install
  Delayed until after prerequisites
Running install for module Test::Harness
Running make for A/AN/ANDYA/Test-Harness-3.14.tar.gz
Checksum for /homes/dbolser/.cpan/sources/authors/id/A/AN/ANDYA/Test-Harness-3.14.tar.gz ok
Test-Harness-3.14/
Test-Harness-3.14/Build.PL
Test-Harness-3.14/Changes
Test-Harness-3.14/Changes-2.64
Test-Harness-3.14/HACKING.pod
Test-Harness-3.14/MANIFEST
Test-Harness-3.14/META.yml
Test-Harness-3.14/Makefile.PL
Test-Harness-3.14/README
Test-Harness-3.14/bin/
Test-Harness-3.14/bin/prove
Test-Harness-3.14/examples/
Test-Harness-3.14/examples/README
Test-Harness-3.14/examples/analyze_tests.pl
Test-Harness-3.14/examples/bin/
Test-Harness-3.14/examples/bin/forked_tests.pl
Test-Harness-3.14/examples/bin/test_html.pl
Test-Harness-3.14/examples/bin/tprove_gtk
Test-Harness-3.14/examples/harness-hook/
Test-Harness-3.14/examples/harness-hook/hook.pl
Test-Harness-3.14/examples/harness-hook/lib/
Test-Harness-3.14/examples/harness-hook/lib/Harness/
Test-Harness-3.14/examples/harness-hook/lib/Harness/Hook.pm
Test-Harness-3.14/examples/my_exec
Test-Harness-3.14/examples/silent-harness.pl
Test-Harness-3.14/examples/t/
Test-Harness-3.14/examples/t/10-stuff.t
Test-Harness-3.14/examples/t/ruby.t
Test-Harness-3.14/examples/test_urls.txt
Test-Harness-3.14/inc/
Test-Harness-3.14/inc/MyBuilder.pm
Test-Harness-3.14/lib/
Test-Harness-3.14/lib/App/
Test-Harness-3.14/lib/App/Prove/
Test-Harness-3.14/lib/App/Prove/State/
Test-Harness-3.14/lib/App/Prove/State/Result/
Test-Harness-3.14/lib/App/Prove/State/Result/Test.pm
Test-Harness-3.14/lib/App/Prove/State/Result.pm
Test-Harness-3.14/lib/App/Prove/State.pm
Test-Harness-3.14/lib/App/Prove.pm
Test-Harness-3.14/lib/TAP/
Test-Harness-3.14/lib/TAP/Base.pm
Test-Harness-3.14/lib/TAP/Formatter/
Test-Harness-3.14/lib/TAP/Formatter/Color.pm
Test-Harness-3.14/lib/TAP/Formatter/Console/
Test-Harness-3.14/lib/TAP/Formatter/Console/ParallelSession.pm
Test-Harness-3.14/lib/TAP/Formatter/Console/Session.pm
Test-Harness-3.14/lib/TAP/Formatter/Console.pm
Test-Harness-3.14/lib/TAP/Harness.pm
Test-Harness-3.14/lib/TAP/Object.pm
Test-Harness-3.14/lib/TAP/Parser/
Test-Harness-3.14/lib/TAP/Parser/Aggregator.pm
Test-Harness-3.14/lib/TAP/Parser/Grammar.pm
Test-Harness-3.14/lib/TAP/Parser/Iterator/
Test-Harness-3.14/lib/TAP/Parser/Iterator/Array.pm
Test-Harness-3.14/lib/TAP/Parser/Iterator/Process.pm
Test-Harness-3.14/lib/TAP/Parser/Iterator/Stream.pm
Test-Harness-3.14/lib/TAP/Parser/Iterator.pm
Test-Harness-3.14/lib/TAP/Parser/IteratorFactory.pm
Test-Harness-3.14/lib/TAP/Parser/Multiplexer.pm
Test-Harness-3.14/lib/TAP/Parser/Result/
Test-Harness-3.14/lib/TAP/Parser/Result/Bailout.pm
Test-Harness-3.14/lib/TAP/Parser/Result/Comment.pm
Test-Harness-3.14/lib/TAP/Parser/Result/Plan.pm
Test-Harness-3.14/lib/TAP/Parser/Result/Pragma.pm
Test-Harness-3.14/lib/TAP/Parser/Result/Test.pm
Test-Harness-3.14/lib/TAP/Parser/Result/Unknown.pm
Test-Harness-3.14/lib/TAP/Parser/Result/Version.pm
Test-Harness-3.14/lib/TAP/Parser/Result/YAML.pm
Test-Harness-3.14/lib/TAP/Parser/Result.pm
Test-Harness-3.14/lib/TAP/Parser/ResultFactory.pm
Test-Harness-3.14/lib/TAP/Parser/Scheduler/
Test-Harness-3.14/lib/TAP/Parser/Scheduler/Job.pm
Test-Harness-3.14/lib/TAP/Parser/Scheduler/Spinner.pm
Test-Harness-3.14/lib/TAP/Parser/Scheduler.pm
Test-Harness-3.14/lib/TAP/Parser/Source/
Test-Harness-3.14/lib/TAP/Parser/Source/Perl.pm
Test-Harness-3.14/lib/TAP/Parser/Source.pm
Test-Harness-3.14/lib/TAP/Parser/Utils.pm
Test-Harness-3.14/lib/TAP/Parser/YAMLish/
Test-Harness-3.14/lib/TAP/Parser/YAMLish/Reader.pm
Test-Harness-3.14/lib/TAP/Parser/YAMLish/Writer.pm
Test-Harness-3.14/lib/TAP/Parser.pm
Test-Harness-3.14/lib/Test/
Test-Harness-3.14/lib/Test/Harness.pm
Test-Harness-3.14/perlcriticrc
Test-Harness-3.14/t/
Test-Harness-3.14/t/000-load.t
Test-Harness-3.14/t/aggregator.t
Test-Harness-3.14/t/bailout.t
Test-Harness-3.14/t/base.t
Test-Harness-3.14/t/callbacks.t
Test-Harness-3.14/t/compat/
Test-Harness-3.14/t/compat/env.t
Test-Harness-3.14/t/compat/failure.t
Test-Harness-3.14/t/compat/inc-propagation.t
Test-Harness-3.14/t/compat/inc_taint.t
Test-Harness-3.14/t/compat/nonumbers.t
Test-Harness-3.14/t/compat/regression.t
Test-Harness-3.14/t/compat/test-harness-compat.t
Test-Harness-3.14/t/compat/version.t
Test-Harness-3.14/t/console.t
Test-Harness-3.14/t/data/
Test-Harness-3.14/t/data/catme.1
Test-Harness-3.14/t/data/proverc
Test-Harness-3.14/t/data/sample.yml
Test-Harness-3.14/t/errors.t
Test-Harness-3.14/t/glob-to-regexp.t
Test-Harness-3.14/t/grammar.t
Test-Harness-3.14/t/harness-subclass.t
Test-Harness-3.14/t/harness.t
Test-Harness-3.14/t/iterators.t
Test-Harness-3.14/t/lib/
Test-Harness-3.14/t/lib/App/
Test-Harness-3.14/t/lib/App/Prove/
Test-Harness-3.14/t/lib/App/Prove/Plugin/
Test-Harness-3.14/t/lib/App/Prove/Plugin/Dummy.pm
Test-Harness-3.14/t/lib/Dev/
Test-Harness-3.14/t/lib/Dev/Null.pm
Test-Harness-3.14/t/lib/EmptyParser.pm
Test-Harness-3.14/t/lib/IO/
Test-Harness-3.14/t/lib/IO/c55Capture.pm
Test-Harness-3.14/t/lib/MyCustom.pm
Test-Harness-3.14/t/lib/MyGrammar.pm
Test-Harness-3.14/t/lib/MyIterator.pm
Test-Harness-3.14/t/lib/MyIteratorFactory.pm
Test-Harness-3.14/t/lib/MyPerlSource.pm
Test-Harness-3.14/t/lib/MyResult.pm
Test-Harness-3.14/t/lib/MyResultFactory.pm
Test-Harness-3.14/t/lib/MySource.pm
Test-Harness-3.14/t/lib/NOP.pm
Test-Harness-3.14/t/lib/NoFork.pm
Test-Harness-3.14/t/lib/TAP/
Test-Harness-3.14/t/lib/TAP/Parser/
Test-Harness-3.14/t/lib/TAP/Parser/SubclassTest.pm
Test-Harness-3.14/t/lib/Test/
Test-Harness-3.14/t/lib/Test/Builder/
Test-Harness-3.14/t/lib/Test/Builder/Module.pm
Test-Harness-3.14/t/lib/Test/Builder.pm
Test-Harness-3.14/t/lib/Test/More.pm
Test-Harness-3.14/t/lib/Test/Simple.pm
Test-Harness-3.14/t/lib/if.pm
Test-Harness-3.14/t/multiplexer.t
Test-Harness-3.14/t/nofork-mux.t
Test-Harness-3.14/t/nofork.t
Test-Harness-3.14/t/object.t
Test-Harness-3.14/t/parse.t
Test-Harness-3.14/t/parser-config.t
Test-Harness-3.14/t/parser-subclass.t
Test-Harness-3.14/t/premature-bailout.t
Test-Harness-3.14/t/process.t
Test-Harness-3.14/t/prove.t
Test-Harness-3.14/t/proveenv.t
Test-Harness-3.14/t/proverc.t
Test-Harness-3.14/t/proverun.t
Test-Harness-3.14/t/regression.t
Test-Harness-3.14/t/results.t
Test-Harness-3.14/t/sample-tests/
Test-Harness-3.14/t/sample-tests/bailout
Test-Harness-3.14/t/sample-tests/bignum
Test-Harness-3.14/t/sample-tests/bignum_many
Test-Harness-3.14/t/sample-tests/combined
Test-Harness-3.14/t/sample-tests/combined_compat
Test-Harness-3.14/t/sample-tests/delayed
Test-Harness-3.14/t/sample-tests/descriptive
Test-Harness-3.14/t/sample-tests/descriptive_trailing
Test-Harness-3.14/t/sample-tests/die
Test-Harness-3.14/t/sample-tests/die_head_end
Test-Harness-3.14/t/sample-tests/die_last_minute
Test-Harness-3.14/t/sample-tests/die_unfinished
Test-Harness-3.14/t/sample-tests/duplicates
Test-Harness-3.14/t/sample-tests/echo
Test-Harness-3.14/t/sample-tests/empty
Test-Harness-3.14/t/sample-tests/escape_eol
Test-Harness-3.14/t/sample-tests/escape_hash
Test-Harness-3.14/t/sample-tests/head_end
Test-Harness-3.14/t/sample-tests/head_fail
Test-Harness-3.14/t/sample-tests/inc_taint
Test-Harness-3.14/t/sample-tests/junk_before_plan
Test-Harness-3.14/t/sample-tests/lone_not_bug
Test-Harness-3.14/t/sample-tests/no_nums
Test-Harness-3.14/t/sample-tests/no_output
Test-Harness-3.14/t/sample-tests/out_err_mix
Test-Harness-3.14/t/sample-tests/out_of_order
Test-Harness-3.14/t/sample-tests/schwern
Test-Harness-3.14/t/sample-tests/schwern-todo-quiet
Test-Harness-3.14/t/sample-tests/segfault
Test-Harness-3.14/t/sample-tests/sequence_misparse
Test-Harness-3.14/t/sample-tests/shbang_misparse
Test-Harness-3.14/t/sample-tests/simple
Test-Harness-3.14/t/sample-tests/simple_fail
Test-Harness-3.14/t/sample-tests/simple_yaml
Test-Harness-3.14/t/sample-tests/skip
Test-Harness-3.14/t/sample-tests/skip_nomsg
Test-Harness-3.14/t/sample-tests/skipall
Test-Harness-3.14/t/sample-tests/skipall_nomsg
Test-Harness-3.14/t/sample-tests/skipall_v13
Test-Harness-3.14/t/sample-tests/space_after_plan
Test-Harness-3.14/t/sample-tests/stdout_stderr
Test-Harness-3.14/t/sample-tests/strict
Test-Harness-3.14/t/sample-tests/switches
Test-Harness-3.14/t/sample-tests/taint
Test-Harness-3.14/t/sample-tests/taint_warn
Test-Harness-3.14/t/sample-tests/todo
Test-Harness-3.14/t/sample-tests/todo_inline
Test-Harness-3.14/t/sample-tests/todo_misparse
Test-Harness-3.14/t/sample-tests/too_many
Test-Harness-3.14/t/sample-tests/version_good
Test-Harness-3.14/t/sample-tests/version_late
Test-Harness-3.14/t/sample-tests/version_old
Test-Harness-3.14/t/sample-tests/vms_nit
Test-Harness-3.14/t/sample-tests/with_comments
Test-Harness-3.14/t/scheduler.t
Test-Harness-3.14/t/source.t
Test-Harness-3.14/t/source_tests/
Test-Harness-3.14/t/source_tests/harness
Test-Harness-3.14/t/source_tests/harness_badtap
Test-Harness-3.14/t/source_tests/harness_complain
Test-Harness-3.14/t/source_tests/harness_directives
Test-Harness-3.14/t/source_tests/harness_failure
Test-Harness-3.14/t/source_tests/source
Test-Harness-3.14/t/spool.t
Test-Harness-3.14/t/state.t
Test-Harness-3.14/t/state_results.t
Test-Harness-3.14/t/streams.t
Test-Harness-3.14/t/subclass_tests/
Test-Harness-3.14/t/subclass_tests/non_perl_source
Test-Harness-3.14/t/subclass_tests/perl_source
Test-Harness-3.14/t/taint.t
Test-Harness-3.14/t/testargs.t
Test-Harness-3.14/t/unicode.t
Test-Harness-3.14/t/utils.t
Test-Harness-3.14/t/yamlish-output.t
Test-Harness-3.14/t/yamlish-writer.t
Test-Harness-3.14/t/yamlish.t
Test-Harness-3.14/xt/
Test-Harness-3.14/xt/author/
Test-Harness-3.14/xt/author/pod-coverage.t
Test-Harness-3.14/xt/author/pod.t
Test-Harness-3.14/xt/author/stdin.t
Test-Harness-3.14/xt/perls/
Test-Harness-3.14/xt/perls/harness_perl.t
Test-Harness-3.14/xt/perls/sample-tests/
Test-Harness-3.14/xt/perls/sample-tests/perl_version
Removing previously used /homes/dbolser/.cpan/build/Test-Harness-3.14

  CPAN.pm: Going to build A/AN/ANDYA/Test-Harness-3.14.tar.gz

Checking if your kit is complete...
Looks good
Writing Makefile for Test::Harness
cp lib/TAP/Parser/Result/Pragma.pm blib/lib/TAP/Parser/Result/Pragma.pm
cp lib/App/Prove/State/Result.pm blib/lib/App/Prove/State/Result.pm
cp lib/TAP/Parser/Iterator/Array.pm blib/lib/TAP/Parser/Iterator/Array.pm
cp lib/TAP/Base.pm blib/lib/TAP/Base.pm
cp lib/TAP/Formatter/Console/ParallelSession.pm blib/lib/TAP/Formatter/Console/ParallelSession.pm
cp lib/TAP/Parser/Result.pm blib/lib/TAP/Parser/Result.pm
cp lib/TAP/Formatter/Console/Session.pm blib/lib/TAP/Formatter/Console/Session.pm
cp lib/TAP/Parser/Result/YAML.pm blib/lib/TAP/Parser/Result/YAML.pm
cp lib/TAP/Parser/Scheduler/Job.pm blib/lib/TAP/Parser/Scheduler/Job.pm
cp lib/TAP/Parser.pm blib/lib/TAP/Parser.pm
cp lib/TAP/Parser/IteratorFactory.pm blib/lib/TAP/Parser/IteratorFactory.pm
cp lib/TAP/Parser/Iterator.pm blib/lib/TAP/Parser/Iterator.pm
cp lib/TAP/Formatter/Color.pm blib/lib/TAP/Formatter/Color.pm
cp lib/TAP/Parser/Iterator/Process.pm blib/lib/TAP/Parser/Iterator/Process.pm
cp lib/TAP/Parser/Grammar.pm blib/lib/TAP/Parser/Grammar.pm
cp HACKING.pod blib/lib/Test/HACKING.pod
cp lib/Test/Harness.pm blib/lib/Test/Harness.pm
cp lib/TAP/Parser/ResultFactory.pm blib/lib/TAP/Parser/ResultFactory.pm
cp lib/TAP/Parser/Utils.pm blib/lib/TAP/Parser/Utils.pm
cp lib/TAP/Parser/Result/Bailout.pm blib/lib/TAP/Parser/Result/Bailout.pm
cp lib/TAP/Object.pm blib/lib/TAP/Object.pm
cp lib/TAP/Parser/Multiplexer.pm blib/lib/TAP/Parser/Multiplexer.pm
cp lib/TAP/Parser/Result/Version.pm blib/lib/TAP/Parser/Result/Version.pm
cp lib/TAP/Parser/YAMLish/Writer.pm blib/lib/TAP/Parser/YAMLish/Writer.pm
cp lib/TAP/Parser/Result/Unknown.pm blib/lib/TAP/Parser/Result/Unknown.pm
cp lib/TAP/Parser/YAMLish/Reader.pm blib/lib/TAP/Parser/YAMLish/Reader.pm
cp lib/TAP/Parser/Scheduler.pm blib/lib/TAP/Parser/Scheduler.pm
cp lib/TAP/Parser/Result/Plan.pm blib/lib/TAP/Parser/Result/Plan.pm
cp lib/TAP/Parser/Source/Perl.pm blib/lib/TAP/Parser/Source/Perl.pm
cp lib/TAP/Parser/Result/Test.pm blib/lib/TAP/Parser/Result/Test.pm
cp lib/App/Prove/State/Result/Test.pm blib/lib/App/Prove/State/Result/Test.pm
cp lib/TAP/Parser/Result/Comment.pm blib/lib/TAP/Parser/Result/Comment.pm
cp lib/TAP/Parser/Source.pm blib/lib/TAP/Parser/Source.pm
cp lib/TAP/Formatter/Console.pm blib/lib/TAP/Formatter/Console.pm
cp lib/TAP/Parser/Iterator/Stream.pm blib/lib/TAP/Parser/Iterator/Stream.pm
cp lib/App/Prove.pm blib/lib/App/Prove.pm
cp lib/App/Prove/State.pm blib/lib/App/Prove/State.pm
cp lib/TAP/Harness.pm blib/lib/TAP/Harness.pm
cp lib/TAP/Parser/Aggregator.pm blib/lib/TAP/Parser/Aggregator.pm
cp lib/TAP/Parser/Scheduler/Spinner.pm blib/lib/TAP/Parser/Scheduler/Spinner.pm
cp bin/prove blib/script/prove
/usr/bin/perl "-MExtUtils::MY" -e "MY->fixin(shift)" blib/script/prove
Manifying blib/man1/prove.1
Manifying blib/man3/TAP::Parser::Result::Pragma.3pm
Manifying blib/man3/TAP::Parser::Iterator::Array.3pm
Manifying blib/man3/App::Prove::State::Result.3pm
Manifying blib/man3/TAP::Base.3pm
Manifying blib/man3/TAP::Formatter::Console::ParallelSession.3pm
Manifying blib/man3/TAP::Parser::Result.3pm
Manifying blib/man3/TAP::Formatter::Console::Session.3pm
Manifying blib/man3/TAP::Parser::Scheduler::Job.3pm
Manifying blib/man3/TAP::Parser::Result::YAML.3pm
Manifying blib/man3/TAP::Parser.3pm
Manifying blib/man3/TAP::Parser::IteratorFactory.3pm
Manifying blib/man3/TAP::Parser::Iterator.3pm
Manifying blib/man3/TAP::Formatter::Color.3pm
Manifying blib/man3/TAP::Parser::Iterator::Process.3pm
Manifying blib/man3/TAP::Parser::Grammar.3pm
Manifying blib/man3/Test::HACKING.3pm
Manifying blib/man3/Test::Harness.3pm
Manifying blib/man3/TAP::Parser::Result::Bailout.3pm
Manifying blib/man3/TAP::Parser::Utils.3pm
Manifying blib/man3/TAP::Parser::ResultFactory.3pm
Manifying blib/man3/TAP::Parser::Multiplexer.3pm
Manifying blib/man3/TAP::Object.3pm
Manifying blib/man3/TAP::Parser::YAMLish::Writer.3pm
Manifying blib/man3/TAP::Parser::Result::Version.3pm
Manifying blib/man3/TAP::Parser::Result::Unknown.3pm
Manifying blib/man3/TAP::Parser::YAMLish::Reader.3pm
Manifying blib/man3/TAP::Parser::Scheduler.3pm
Manifying blib/man3/TAP::Parser::Result::Plan.3pm
Manifying blib/man3/TAP::Parser::Source::Perl.3pm
Manifying blib/man3/TAP::Parser::Result::Test.3pm
Manifying blib/man3/App::Prove::State::Result::Test.3pm
Manifying blib/man3/TAP::Formatter::Console.3pm
Manifying blib/man3/TAP::Parser::Source.3pm
Manifying blib/man3/TAP::Parser::Result::Comment.3pm
Manifying blib/man3/TAP::Parser::Iterator::Stream.3pm
Manifying blib/man3/App::Prove::State.3pm
Manifying blib/man3/App::Prove.3pm
Manifying blib/man3/TAP::Harness.3pm
Manifying blib/man3/TAP::Parser::Aggregator.3pm
Manifying blib/man3/TAP::Parser::Scheduler::Spinner.3pm
  /usr/bin/make  -- OK
Running make test
PERL_DL_NONLAZY=1 /usr/bin/perl "-Iblib/lib" "-Iblib/arch" "-MExtUtils::Command::MM" "-e" "test_harness(0, 'blib/lib', 'blib/arch')" t/*.t t/compat/*.t
t/000-load......................1/78 # Testing Test::Harness 3.14, Perl 5.008008, /usr/bin/perl
t/000-load......................ok
t/aggregator....................ok
t/bailout.......................ok
t/base..........................ok
t/callbacks.....................ok
t/compat/env....................ok
t/compat/failure................ok
t/compat/inc-propagation........ok
t/compat/inc_taint..............ok
t/compat/nonumbers..............ok
t/compat/regression.............ok
t/compat/test-harness-compat....ok
t/compat/version................ok
t/console.......................ok
t/errors........................ok
t/glob-to-regexp................ok
t/grammar.......................ok
t/harness-subclass..............ok
t/harness.......................ok
t/iterators.....................ok
t/multiplexer...................ok
t/nofork-mux....................ok
t/nofork........................ok
t/object........................ok
t/parse.........................ok
t/parser-config.................ok
t/parser-subclass...............ok
t/premature-bailout.............ok
t/process.......................ok
t/prove.........................ok
t/proveenv......................ok
t/proverc.......................ok
t/proverun......................ok
t/regression....................ok
t/results.......................ok
t/scheduler.....................ok
t/source........................ok
t/spool.........................ok
t/state.........................ok
t/state_results.................ok
t/streams.......................ok
t/taint.........................ok
t/testargs......................ok
t/unicode.......................ok
t/utils.........................ok
t/yamlish-output................ok
t/yamlish-writer................ok
t/yamlish.......................ok
All tests successful.
Files=48, Tests=10962, 11 wallclock secs ( 1.42 usr  0.09 sys +  5.82 cusr  1.38 csys =  8.71 CPU)
Result: PASS
  /usr/bin/make test -- OK
Running make install
Installing /homes/dbolser/perl5/lib/perl5/Test/HACKING.pod
Installing /homes/dbolser/perl5/lib/perl5/Test/Harness.pm
Installing /homes/dbolser/perl5/lib/perl5/TAP/Base.pm
Installing /homes/dbolser/perl5/lib/perl5/TAP/Parser.pm
Installing /homes/dbolser/perl5/lib/perl5/TAP/Object.pm
Installing /homes/dbolser/perl5/lib/perl5/TAP/Harness.pm
Installing /homes/dbolser/perl5/lib/perl5/TAP/Parser/Result.pm
Installing /homes/dbolser/perl5/lib/perl5/TAP/Parser/IteratorFactory.pm
Installing /homes/dbolser/perl5/lib/perl5/TAP/Parser/Iterator.pm
Installing /homes/dbolser/perl5/lib/perl5/TAP/Parser/Grammar.pm
Installing /homes/dbolser/perl5/lib/perl5/TAP/Parser/ResultFactory.pm
Installing /homes/dbolser/perl5/lib/perl5/TAP/Parser/Utils.pm
Installing /homes/dbolser/perl5/lib/perl5/TAP/Parser/Multiplexer.pm
Installing /homes/dbolser/perl5/lib/perl5/TAP/Parser/Scheduler.pm
Installing /homes/dbolser/perl5/lib/perl5/TAP/Parser/Source.pm
Installing /homes/dbolser/perl5/lib/perl5/TAP/Parser/Aggregator.pm
Installing /homes/dbolser/perl5/lib/perl5/TAP/Parser/Result/Pragma.pm
Installing /homes/dbolser/perl5/lib/perl5/TAP/Parser/Result/YAML.pm
Installing /homes/dbolser/perl5/lib/perl5/TAP/Parser/Result/Bailout.pm
Installing /homes/dbolser/perl5/lib/perl5/TAP/Parser/Result/Version.pm
Installing /homes/dbolser/perl5/lib/perl5/TAP/Parser/Result/Unknown.pm
Installing /homes/dbolser/perl5/lib/perl5/TAP/Parser/Result/Plan.pm
Installing /homes/dbolser/perl5/lib/perl5/TAP/Parser/Result/Test.pm
Installing /homes/dbolser/perl5/lib/perl5/TAP/Parser/Result/Comment.pm
Installing /homes/dbolser/perl5/lib/perl5/TAP/Parser/Iterator/Array.pm
Installing /homes/dbolser/perl5/lib/perl5/TAP/Parser/Iterator/Process.pm
Installing /homes/dbolser/perl5/lib/perl5/TAP/Parser/Iterator/Stream.pm
Installing /homes/dbolser/perl5/lib/perl5/TAP/Parser/Scheduler/Job.pm
Installing /homes/dbolser/perl5/lib/perl5/TAP/Parser/Scheduler/Spinner.pm
Installing /homes/dbolser/perl5/lib/perl5/TAP/Parser/YAMLish/Writer.pm
Installing /homes/dbolser/perl5/lib/perl5/TAP/Parser/YAMLish/Reader.pm
Installing /homes/dbolser/perl5/lib/perl5/TAP/Parser/Source/Perl.pm
Installing /homes/dbolser/perl5/lib/perl5/TAP/Formatter/Color.pm
Installing /homes/dbolser/perl5/lib/perl5/TAP/Formatter/Console.pm
Installing /homes/dbolser/perl5/lib/perl5/TAP/Formatter/Console/ParallelSession.pm
Installing /homes/dbolser/perl5/lib/perl5/TAP/Formatter/Console/Session.pm
Installing /homes/dbolser/perl5/lib/perl5/App/Prove.pm
Installing /homes/dbolser/perl5/lib/perl5/App/Prove/State.pm
Installing /homes/dbolser/perl5/lib/perl5/App/Prove/State/Result.pm
Installing /homes/dbolser/perl5/lib/perl5/App/Prove/State/Result/Test.pm
Installing /homes/dbolser/perl5/man/man1/prove.1
Installing /homes/dbolser/perl5/man/man3/TAP::Parser::Result::Pragma.3pm
Installing /homes/dbolser/perl5/man/man3/TAP::Parser::Iterator::Array.3pm
Installing /homes/dbolser/perl5/man/man3/App::Prove::State::Result.3pm
Installing /homes/dbolser/perl5/man/man3/TAP::Base.3pm
Installing /homes/dbolser/perl5/man/man3/TAP::Formatter::Console::ParallelSession.3pm
Installing /homes/dbolser/perl5/man/man3/TAP::Parser::Result.3pm
Installing /homes/dbolser/perl5/man/man3/TAP::Formatter::Console::Session.3pm
Installing /homes/dbolser/perl5/man/man3/TAP::Parser::Scheduler::Job.3pm
Installing /homes/dbolser/perl5/man/man3/TAP::Parser::Result::YAML.3pm
Installing /homes/dbolser/perl5/man/man3/TAP::Parser.3pm
Installing /homes/dbolser/perl5/man/man3/TAP::Parser::IteratorFactory.3pm
Installing /homes/dbolser/perl5/man/man3/TAP::Parser::Iterator.3pm
Installing /homes/dbolser/perl5/man/man3/TAP::Formatter::Color.3pm
Installing /homes/dbolser/perl5/man/man3/TAP::Parser::Iterator::Process.3pm
Installing /homes/dbolser/perl5/man/man3/TAP::Parser::Grammar.3pm
Installing /homes/dbolser/perl5/man/man3/Test::HACKING.3pm
Installing /homes/dbolser/perl5/man/man3/Test::Harness.3pm
Installing /homes/dbolser/perl5/man/man3/TAP::Parser::Result::Bailout.3pm
Installing /homes/dbolser/perl5/man/man3/TAP::Parser::Utils.3pm
Installing /homes/dbolser/perl5/man/man3/TAP::Parser::ResultFactory.3pm
Installing /homes/dbolser/perl5/man/man3/TAP::Parser::Multiplexer.3pm
Installing /homes/dbolser/perl5/man/man3/TAP::Object.3pm
Installing /homes/dbolser/perl5/man/man3/TAP::Parser::YAMLish::Writer.3pm
Installing /homes/dbolser/perl5/man/man3/TAP::Parser::Result::Version.3pm
Installing /homes/dbolser/perl5/man/man3/TAP::Parser::Result::Unknown.3pm
Installing /homes/dbolser/perl5/man/man3/TAP::Parser::YAMLish::Reader.3pm
Installing /homes/dbolser/perl5/man/man3/TAP::Parser::Scheduler.3pm
Installing /homes/dbolser/perl5/man/man3/TAP::Parser::Result::Plan.3pm
Installing /homes/dbolser/perl5/man/man3/TAP::Parser::Source::Perl.3pm
Installing /homes/dbolser/perl5/man/man3/TAP::Parser::Result::Test.3pm
Installing /homes/dbolser/perl5/man/man3/App::Prove::State::Result::Test.3pm
Installing /homes/dbolser/perl5/man/man3/TAP::Formatter::Console.3pm
Installing /homes/dbolser/perl5/man/man3/TAP::Parser::Source.3pm
Installing /homes/dbolser/perl5/man/man3/TAP::Parser::Result::Comment.3pm
Installing /homes/dbolser/perl5/man/man3/TAP::Parser::Iterator::Stream.3pm
Installing /homes/dbolser/perl5/man/man3/App::Prove::State.3pm
Installing /homes/dbolser/perl5/man/man3/App::Prove.3pm
Installing /homes/dbolser/perl5/man/man3/TAP::Harness.3pm
Installing /homes/dbolser/perl5/man/man3/TAP::Parser::Aggregator.3pm
Installing /homes/dbolser/perl5/man/man3/TAP::Parser::Scheduler::Spinner.3pm
Installing /homes/dbolser/perl5/bin/prove
Writing /homes/dbolser/perl5/lib/perl5/i386-linux-thread-multi/auto/Test/Harness/.packlist
Appending installation info to /homes/dbolser/perl5/lib/perl5/i386-linux-thread-multi/perllocal.pod
  /usr/bin/make install  -- OK
Running make for A/AN/ANDK/CPAN-1.9301.tar.gz
Checksum for /homes/dbolser/.cpan/sources/authors/id/A/AN/ANDK/CPAN-1.9301.tar.gz ok
CPAN-1.9301/
CPAN-1.9301/t/
CPAN-1.9301/t/30shell.t
CPAN-1.9301/t/CPAN/
CPAN-1.9301/t/CPAN/authors/
CPAN-1.9301/t/CPAN/authors/id/
CPAN-1.9301/t/CPAN/authors/id/A/
CPAN-1.9301/t/CPAN/authors/id/A/AN/
CPAN-1.9301/t/CPAN/authors/id/A/AN/ANDK/
CPAN-1.9301/t/CPAN/authors/id/A/AN/ANDK/CPAN-Test-Dummy-Perl5-Make-Failearly-1.02.tar.gz
CPAN-1.9301/t/CPAN/authors/id/A/AN/ANDK/CPAN-Test-Dummy-Perl5-Make-Features-1.02.tar.gz
CPAN-1.9301/t/CPAN/authors/id/A/AN/ANDK/patches/
CPAN-1.9301/t/CPAN/authors/id/A/AN/ANDK/patches/CHECKSUMS
CPAN-1.9301/t/CPAN/authors/id/A/AN/ANDK/CPAN-Test-Dummy-Perl5-Make-Zip-1.03.zip
CPAN-1.9301/t/CPAN/authors/id/A/AN/ANDK/cpantestdummies/
CPAN-1.9301/t/CPAN/authors/id/A/AN/ANDK/cpantestdummies/CHECKSUMS
CPAN-1.9301/t/CPAN/authors/id/A/AN/ANDK/cpantestdummies/CPAN-Test-Dummy-Perl5-Make-Features-1.04.tar.gz
CPAN-1.9301/t/CPAN/authors/id/A/AN/ANDK/CHECKSUMS.2nd
CPAN-1.9301/t/CPAN/authors/id/A/AN/ANDK/CHECKSUMS
CPAN-1.9301/t/CPAN/authors/id/A/AN/ANDK/NotInChecksums-0.000.tar.gz
CPAN-1.9301/t/CPAN/authors/id/A/AN/ANDK/CPAN-Test-Dummy-Perl5-Build-1.03.tar.gz
CPAN-1.9301/t/CPAN/authors/id/A/AN/ANDK/CPAN-Test-Dummy-Perl5-Build-DepeFails-1.02.tar.gz
CPAN-1.9301/t/CPAN/authors/id/A/AN/ANDK/CPAN-Test-Dummy-Perl5-Make-CircDepeOne-1.00.tar.gz
CPAN-1.9301/t/CPAN/authors/id/A/AN/ANDK/CPAN-Test-Dummy-Perl5-Make-CircDepeThree-1.00.tar.gz
CPAN-1.9301/t/CPAN/authors/id/A/AN/ANDK/CPAN-Test-Dummy-Perl5-Make-1.05.tar.gz
CPAN-1.9301/t/CPAN/authors/id/A/AN/ANDK/CPAN-Test-Dummy-Perl5-BuildOrMake-1.02.tar.gz
CPAN-1.9301/t/CPAN/authors/id/A/AN/ANDK/CPAN-Test-Dummy-Perl5-Make-UnsatPrereq-1.00.tar.gz
CPAN-1.9301/t/CPAN/authors/id/A/AN/ANDK/CPAN-Test-Dummy-Perl5-Make-ConfReq-1.00.tar.gz
CPAN-1.9301/t/CPAN/authors/id/A/AN/ANDK/CPAN-Test-Dummy-Perl5-Build-Fails-1.03.tar.gz
CPAN-1.9301/t/CPAN/authors/id/A/AN/ANDK/CPAN-Test-Dummy-Perl5-Make-Expect-1.00.tar.gz
CPAN-1.9301/t/CPAN/authors/id/A/AN/ANDK/CPAN-Test-Dummy-Perl5-Make-CircDepeTwo-1.00.tar.gz
CPAN-1.9301/t/CPAN/authors/id/A/AN/CHECKSUMS
CPAN-1.9301/t/CPAN/authors/id/A/CHECKSUMS
CPAN-1.9301/t/CPAN/authors/id/CHECKSUMS
CPAN-1.9301/t/CPAN/authors/01mailrc.txt
CPAN-1.9301/t/CPAN/modules/
CPAN-1.9301/t/CPAN/modules/02packages.details.txt
CPAN-1.9301/t/CPAN/modules/03modlist.data
CPAN-1.9301/t/CPAN/CpanTestDummies-1.55.pm
CPAN-1.9301/t/CPAN/TestMirroredBy
CPAN-1.9301/t/CPAN/TestConfig.pm
CPAN-1.9301/t/CPAN/TestPatch.txt
CPAN-1.9301/t/03pkgs.t
CPAN-1.9301/t/11mirroredby.t
CPAN-1.9301/t/12cpan.t
CPAN-1.9301/t/01loadme.t
CPAN-1.9301/t/52podcover.t
CPAN-1.9301/t/02nox.t
CPAN-1.9301/t/10version.t
CPAN-1.9301/t/31sessions.t
CPAN-1.9301/t/13tarzip.t
CPAN-1.9301/t/60credentials.t
CPAN-1.9301/t/yaml_code.yml
CPAN-1.9301/t/00signature.t
CPAN-1.9301/t/41distribution.t
CPAN-1.9301/t/14forkbomb.t
CPAN-1.9301/t/30shell.coverage
CPAN-1.9301/t/42distroprefs.t
CPAN-1.9301/t/50pod.t
CPAN-1.9301/t/local_utils.pm
CPAN-1.9301/t/51pod.t
CPAN-1.9301/distroprefs/
CPAN-1.9301/distroprefs/AUDREYT.Module-Signature.yml
CPAN-1.9301/distroprefs/CMOORE.Archive-Any.yml
CPAN-1.9301/distroprefs/MAKAMAKA.JSON.yml
CPAN-1.9301/distroprefs/BRIANSKI.XML-Comma.yml
CPAN-1.9301/distroprefs/STEPANOV.IMDB-Film.yml
CPAN-1.9301/distroprefs/PIERS.sapnwrfc.yml
CPAN-1.9301/distroprefs/EESTABROO.IMAP-Admin.yml
CPAN-1.9301/distroprefs/DMUEY.File-Copy-Recursive.yml
CPAN-1.9301/distroprefs/BRYCE.SVG-Metadata.yml
CPAN-1.9301/distroprefs/MTHURN.Tk-Wizard.yml
CPAN-1.9301/distroprefs/FLORA.File-Extractor.yml
CPAN-1.9301/distroprefs/01.DISABLED.yml
CPAN-1.9301/distroprefs/ADAMK.Chart-Math-Axis.yml
CPAN-1.9301/distroprefs/ADAMK.Test-Inline.yml
CPAN-1.9301/distroprefs/NI-S.Tk.yml
CPAN-1.9301/distroprefs/DROLSKY.Alzabo.yml
CPAN-1.9301/distroprefs/BINGOS.POE-Component-Client-FTP.yml
CPAN-1.9301/distroprefs/RRWO.Graphics-ColorNames.yml
CPAN-1.9301/distroprefs/GBARR.libnet.dd
CPAN-1.9301/distroprefs/FOTANGO.Data-Structure-Util.yml
CPAN-1.9301/distroprefs/PHOENIX.Term-ReadPassword.yml
CPAN-1.9301/distroprefs/BTROTT.Crypt-DSA.yml
CPAN-1.9301/distroprefs/JROCKWAY.Chroniton.yml
CPAN-1.9301/distroprefs/MARKOV.MailTools.yml
CPAN-1.9301/distroprefs/LAMPRECHT.Tk-GraphItems.yml
CPAN-1.9301/distroprefs/DBRIAN.XML-SimpleObject.yml
CPAN-1.9301/distroprefs/MARKOV.Mail-IMAPClient.yml
CPAN-1.9301/distroprefs/SREZIC.Tk-HistEntry.yml
CPAN-1.9301/distroprefs/JOHNL.DBD-Informix.yml
CPAN-1.9301/distroprefs/SEANO.Sepia.yml
CPAN-1.9301/distroprefs/ZINCDEV.tk-zinc.yml
CPAN-1.9301/distroprefs/GEOFF.Apache-Test.yml
CPAN-1.9301/distroprefs/PHRED.Apache-Reload.yml
CPAN-1.9301/distroprefs/ERYQ.Convert-BinHex.yml
CPAN-1.9301/distroprefs/DRTECH.Config-Loader.yml
CPAN-1.9301/distroprefs/DSUGAL.Devel-Size.yml
CPAN-1.9301/distroprefs/SLANNING.Ogre.yml
CPAN-1.9301/distroprefs/ANDYA.TAP-Parser.yml
CPAN-1.9301/distroprefs/DOMM.Module-CPANTS-ProcessCPAN.yml
CPAN-1.9301/distroprefs/HDP.Perl-Version.yml
CPAN-1.9301/distroprefs/GIULIENK.Audio-Beep.yml
CPAN-1.9301/distroprefs/DLAND.Crypt-SSLeay.yml
CPAN-1.9301/distroprefs/JROBINSON.SQL-Translator.yml
CPAN-1.9301/distroprefs/ANDYA.File-Find-Parallel.yml
CPAN-1.9301/distroprefs/ERIC.OpenThought.yml
CPAN-1.9301/distroprefs/PAJAS.XML-LibXML.yml
CPAN-1.9301/distroprefs/KBROWN.SOAP.yml
CPAN-1.9301/distroprefs/OVID.Test-JSON.yml
CPAN-1.9301/distroprefs/ABELTJE.Test-Smoke.yml
CPAN-1.9301/distroprefs/KVAIL.Tk-Stderr.yml
CPAN-1.9301/distroprefs/KARASIK.IO-Lambda.yml
CPAN-1.9301/distroprefs/ARJAY.Compress-Bzip2.yml
CPAN-1.9301/distroprefs/CSOE.PDL.yml
CPAN-1.9301/distroprefs/DROLSKY.Params-Validate.yml
CPAN-1.9301/distroprefs/RSOD.IPC-Run.yml
CPAN-1.9301/distroprefs/AGENT.OpenResty.yml
CPAN-1.9301/distroprefs/KNORR.Net-MirrorDir.yml
CPAN-1.9301/distroprefs/MSERGEANT.DBD-SQLite.yml
CPAN-1.9301/distroprefs/ITYNDALL.Net-Amazon-Thumbnail.yml
CPAN-1.9301/distroprefs/NI-S.Tk-HTML.yml
CPAN-1.9301/distroprefs/DANKOGAI.Regexp-Optimizer.yml
CPAN-1.9301/distroprefs/INGY.YAML.yml
CPAN-1.9301/distroprefs/JPEACOCK.SVN-Notify-Mirror.yml
CPAN-1.9301/distroprefs/ZOOLEIKA.RDF-Simple.yml
CPAN-1.9301/distroprefs/DWHEELER.Params-CallbackRequest.yml
CPAN-1.9301/distroprefs/MARKSTOS.CGI-Session.yml
CPAN-1.9301/distroprefs/GOMOR.Net-Write.yml
CPAN-1.9301/distroprefs/DAMS.RT-Client-REST.yml
CPAN-1.9301/distroprefs/YOSHIDA.WebService-YouTube.yml
CPAN-1.9301/distroprefs/MSERGEANT.XML-Filter-XInclude.yml
CPAN-1.9301/distroprefs/SCHWIGON.Class-MethodMaker.yml
CPAN-1.9301/distroprefs/MBARBON.Alien-wxWidgets.yml
CPAN-1.9301/distroprefs/DDUMONT.Tk-ObjScanner.yml
CPAN-1.9301/distroprefs/NESTING.Unicode-Wrap.yml
CPAN-1.9301/distroprefs/YVES.Data-Dump-Streamer.yml
CPAN-1.9301/distroprefs/GBARR.libnet.yml
CPAN-1.9301/distroprefs/DSKOLL.MIME-tools.yml
CPAN-1.9301/distroprefs/BINGOS.POE-Component-CPAN-YACSmoke.yml
CPAN-1.9301/distroprefs/PARDUS.File-MimeInfo.yml
CPAN-1.9301/distroprefs/OLAF.Net-DNS.yml
CPAN-1.9301/distroprefs/JCRISTY.PerlMagick.yml
CPAN-1.9301/distroprefs/DCANTRELL.Devel-CheckOS.yml
CPAN-1.9301/distroprefs/SAMTREGAR.DBIx-Timeout.yml
CPAN-1.9301/distroprefs/KROW.DBIx-Password.yml
CPAN-1.9301/distroprefs/STEVAN.Class-MOP.yml
CPAN-1.9301/distroprefs/AMICHAUER.Unicode-Lite.yml
CPAN-1.9301/distroprefs/CLKAO.SVN-Mirror.yml
CPAN-1.9301/distroprefs/FABPOT.Plucene-Plugin-Analyzer-SnowballAnalyzer.yml
CPAN-1.9301/distroprefs/ROBIN.Want.yml
CPAN-1.9301/distroprefs/NIKIP.Authen-PAM.yml
CPAN-1.9301/distroprefs/GAAS.Data-Dump.yml
CPAN-1.9301/distroprefs/MSERGEANT.XML-Parser.yml
CPAN-1.9301/distroprefs/GAAS.Font-AFM.yml
CPAN-1.9301/distroprefs/KWILLIAMS.AI-Categorizer.yml
CPAN-1.9301/distroprefs/AVIF.Time-Duration.yml
CPAN-1.9301/distroprefs/AUDREYT.PDF-FromHTML.yml
CPAN-1.9301/distroprefs/CHANG-LIU.XML-Node.yml
CPAN-1.9301/distroprefs/GBARR.perl-ldap.yml
CPAN-1.9301/distroprefs/RBS.XML-AutoWriter.yml
CPAN-1.9301/distroprefs/CRISB.WWW-Curl.yml
CPAN-1.9301/distroprefs/ZOFFIX.LWP-UserAgent-ProxyHopper.yml
CPAN-1.9301/distroprefs/CHARTGRP.Chart.yml
CPAN-1.9301/distroprefs/FDALY.Test-Deep.yml
CPAN-1.9301/distroprefs/NICOLAW.WWW-Comic.yml
CPAN-1.9301/distroprefs/MAURICE.IPC-ShareLite.yml
CPAN-1.9301/distroprefs/EIJABB.MARC-Errorchecks.yml
CPAN-1.9301/distroprefs/00.README
CPAN-1.9301/distroprefs/PODMASTER.HTML-Scrubber.yml
CPAN-1.9301/distroprefs/LUSOL.Tk-Gauge.yml
CPAN-1.9301/distroprefs/ROODE.Readonly-XS.yml
CPAN-1.9301/distroprefs/PCIMPRICH.XML-SAX-ExpatXS.yml
CPAN-1.9301/distroprefs/CORION.List-Sliding-Changes.yml
CPAN-1.9301/distroprefs/02.NOREPORT.yml
CPAN-1.9301/distroprefs/MI.yml
CPAN-1.9301/distroprefs/RCAPUTO.POE.yml
CPAN-1.9301/distroprefs/MSCHILLI.RRDTool-OO.yml
CPAN-1.9301/distroprefs/HAYASHI.Term-ReadLine-Gnu.yml
CPAN-1.9301/distroprefs/LDS.Crypt-CBC.yml
CPAN-1.9301/distroprefs/SREZIC.Tk-Pod.yml
CPAN-1.9301/distroprefs/LUKEC.Socialtext-Resting.yml
CPAN-1.9301/distroprefs/DAXIM.Yahoo-Photos.yml
CPAN-1.9301/distroprefs/MIROD.XML-Twig.yml
CPAN-1.9301/distroprefs/KAWASAKI.Lingua-JA-Romanize-Japanese.yml
CPAN-1.9301/distroprefs/KANE.CPANPLUS.yml
CPAN-1.9301/distroprefs/WYANT.Astro-SpaceTrack.yml
CPAN-1.9301/distroprefs/TIMB.GoferTransport-http.yml
CPAN-1.9301/distroprefs/OWEN.PDF-Labels.yml
CPAN-1.9301/distroprefs/BTROTT.Convert-PEM.yml
CPAN-1.9301/distroprefs/DKWILSON.Tk-DKW.yml
CPAN-1.9301/distroprefs/RJBS.Email-Send.yml
CPAN-1.9301/distroprefs/CLACO.Class-Accessor-Grouped.yml
CPAN-1.9301/distroprefs/JOHNSCA.TkCarp.yml
CPAN-1.9301/distroprefs/DCONWAY.Parse-RecDescent.yml
CPAN-1.9301/distroprefs/TBONE.HTTP-File.yml
CPAN-1.9301/distroprefs/RICKM.DateTime-Format-Strptime.yml
CPAN-1.9301/distroprefs/GRICHTER.Embperl.yml
CPAN-1.9301/distroprefs/MLEHMANN.Gtk-Perl.yml
CPAN-1.9301/distroprefs/JKEGL.Test-Weaken.yml
CPAN-1.9301/distroprefs/ILYAZ.FreezeThaw.yml
CPAN-1.9301/distroprefs/CAPTTOFU.DBD-mysql.yml
CPAN-1.9301/distroprefs/TSCH.Cairo.yml
CPAN-1.9301/distroprefs/BYRNE.SOAP-Lite.yml
CPAN-1.9301/distroprefs/ROODE.Time-Format.yml
CPAN-1.9301/distroprefs/KWILLIAMS.Module-Build.yml
CPAN-1.9301/distroprefs/ANDK.CPAN-Test-Dummy-Perl5-Build-Fails.yml
CPAN-1.9301/distroprefs/YAMATO.QDBM_File.yml
CPAN-1.9301/distroprefs/JRENNIE.WordNet-QueryData.yml
CPAN-1.9301/distroprefs/CLKAO.App-CLI.yml
CPAN-1.9301/distroprefs/WRW.Barcode-Code128.yml
CPAN-1.9301/distroprefs/RJBS.MIME-Light.yml
CPAN-1.9301/distroprefs/HANJE.Syntax-Highlight-Engine-Kate.yml
CPAN-1.9301/distroprefs/METZZO.Java.yml
CPAN-1.9301/distroprefs/JV.Getopt-Long.yml
CPAN-1.9301/distroprefs/MSISK.HTML-TableExtract.yml
CPAN-1.9301/distroprefs/ARFREITAS.DTS.yml
CPAN-1.9301/distroprefs/YEWENBIN.Calendar.yml
CPAN-1.9301/distroprefs/ANDYA.Perl-Version.yml
CPAN-1.9301/distroprefs/CLKAO.IO-Digest.yml
CPAN-1.9301/distroprefs/VPIT.Variable-Magic.yml
CPAN-1.9301/distroprefs/BDFOY.Module-Release.yml
CPAN-1.9301/distroprefs/WYANT.Astro-satpass.yml
CPAN-1.9301/distroprefs/GTERMARS.Apache2-Filter-Minifier-JavaScript.yml
CPAN-1.9301/distroprefs/BLUEFEET.GIS-Distance.yml
CPAN-1.9301/distroprefs/CORDATA.Kwiki-Formatter-Emphasis.yml
CPAN-1.9301/distroprefs/MSERGEANT.DBIx-AnyDBD.yml
CPAN-1.9301/distroprefs/BTROTT.XML-FOAF.yml
CPAN-1.9301/distroprefs/ADAMK.Image-Delivery.yml
CPAN-1.9301/distroprefs/BTROTT.Crypt-OpenPGP.yml
CPAN-1.9301/distroprefs/YVES.Date-Simple.yml
CPAN-1.9301/distroprefs/JGMYERS.Encode-Detect.yml
CPAN-1.9301/distroprefs/ZOOLEIKA.SVG-Plot.yml
CPAN-1.9301/distroprefs/TIMB.DBI.yml
CPAN-1.9301/distroprefs/RJRAY.RPC-XML.yml
CPAN-1.9301/distroprefs/EBOHLMAN.Text-Query.yml
CPAN-1.9301/distroprefs/DMAKI.DateTime-X.yml
CPAN-1.9301/distroprefs/PETDANCE.WWW-Mechanize.yml
CPAN-1.9301/distroprefs/MRAMBERG.Catalyst-View-TT.yml
CPAN-1.9301/distroprefs/ATOURBIN.rpm-build-perl.yml
CPAN-1.9301/distroprefs/MAHEX.Image-Grab.yml
CPAN-1.9301/distroprefs/OVID.Class-Trait.yml
CPAN-1.9301/distroprefs/ABW.Template-Toolkit.yml
CPAN-1.9301/distroprefs/GRM.App-CamelPKI.yml
CPAN-1.9301/distroprefs/CERNEY.Tk-IDElayout.yml
CPAN-1.9301/distroprefs/DROLSKY.Devel-StackTrace.yml
CPAN-1.9301/distroprefs/DMAKI.File-Extract.yml
CPAN-1.9301/distroprefs/DUNNIGANJ.Tk-CursorControl.yml
CPAN-1.9301/distroprefs/JESSE.Jifty-DBI.yml
CPAN-1.9301/distroprefs/ILYAZ.Term-ReadLine-Perl.yml
CPAN-1.9301/distroprefs/RYBSKEJ.forks.yml
CPAN-1.9301/distroprefs/HORROCKS.PersistentPerl.yml
CPAN-1.9301/distroprefs/YSAS.SWF-Builder.yml
CPAN-1.9301/distroprefs/JSTENZEL.Getopt-ArgvFile.yml
CPAN-1.9301/distroprefs/JMASON.Mail-SpamAssassin.yml
CPAN-1.9301/distroprefs/RDF.Clone.yml
CPAN-1.9301/distroprefs/BWARFIELD.GDGraph.yml
CPAN-1.9301/distroprefs/ABH.XML-RSS.yml
CPAN-1.9301/distroprefs/DROLSKY.DateTime-Locale.yml
CPAN-1.9301/distroprefs/INGY.YAML.dd
CPAN-1.9301/distroprefs/DJBERG.Tk-JListbox.yml
CPAN-1.9301/distroprefs/CHISEL.Zucchini.yml
CPAN-1.9301/distroprefs/MLEHMANN.AnyEvent.yml
CPAN-1.9301/distroprefs/TODDR.Net-Jabber-Bot.yml
CPAN-1.9301/distroprefs/MLEHMANN.Coro.yml
CPAN-1.9301/distroprefs/DCOPPIT.Mail-Mbox-MessageParser.yml
CPAN-1.9301/distroprefs/MLEHMANN.EV.yml
CPAN-1.9301/distroprefs/SHEVEK.Mail-Karmasphere-Client.yml
CPAN-1.9301/distroprefs/SCHWERN.Class-Fields.yml
CPAN-1.9301/distroprefs/MIKER.IPtables-IPv4-DBTarpit.yml
CPAN-1.9301/distroprefs/RCLAMP.Devel-Caller.yml
CPAN-1.9301/distroprefs/OVID.HOP-Parser.yml
CPAN-1.9301/distroprefs/FLUFFY.Class-MethodMaker.yml
CPAN-1.9301/distroprefs/JESSE.HTTP-Server-Simple.yml
CPAN-1.9301/distroprefs/MJEVANS.DBD-ODBC.yml
CPAN-1.9301/distroprefs/LICHTKIND.Kephra.yml
CPAN-1.9301/distroprefs/CHOCOLATE.Scalar-Util-Clone.yml
CPAN-1.9301/distroprefs/OVID.Perl6-Caller.yml
CPAN-1.9301/distroprefs/DOM.OpenGuides.yml
CPAN-1.9301/distroprefs/HMBRAND.Tk-Clock.yml
CPAN-1.9301/distroprefs/ANDREWF.LaTeX-Driver.yml
CPAN-1.9301/distroprefs/BRADFITZ.Danga-Socket.yml
CPAN-1.9301/distroprefs/MRAMBERG.MojoMojo.yml
CPAN-1.9301/distroprefs/ADAMK.Test-ClassAPI.yml
CPAN-1.9301/distroprefs/RIZEN.Config-JSON.yml
CPAN-1.9301/distroprefs/DJKERNEN.Mail-IMAPClient.yml
CPAN-1.9301/distroprefs/NEELY.Data-Serializer.yml
CPAN-1.9301/distroprefs/PDCAWLEY.Class-Inner.yml
CPAN-1.9301/distroprefs/VKON.Tcl.yml
CPAN-1.9301/distroprefs/SREZIC.Tk-Autoscroll.yml
CPAN-1.9301/distroprefs/DHARRIS.DB_File-Lock.yml
CPAN-1.9301/distroprefs/RKINYON.DBM-Deep.yml
CPAN-1.9301/distroprefs/ILMARI.DBIx-Class-Schema-Loader.yml
CPAN-1.9301/distroprefs/DAGOLDEN.Term-Title.yml
CPAN-1.9301/distroprefs/MLEHMANN.IO-AIO.yml
CPAN-1.9301/distroprefs/JAYK.Catalyst-Authen-S-D-C.yml
CPAN-1.9301/distroprefs/RHOOPER.HTTP-Lite.yml
CPAN-1.9301/distroprefs/PEVANS.IPC-PerlSSH.yml
CPAN-1.9301/distroprefs/ACG.Scrabble-Dict.yml
CPAN-1.9301/distroprefs/DMAKI.Xango.yml
CPAN-1.9301/distroprefs/KASEI.Class-Accessor.yml
CPAN-1.9301/distroprefs/CLAESJAC.JavaScript.yml
CPAN-1.9301/distroprefs/MIYAGAWA.Net-IDN-Nameprep.yml
CPAN-1.9301/distroprefs/NEILW.Inline-CPP.yml
CPAN-1.9301/distroprefs/ILYAZ.Term-ReadLine-Perl.dd
CPAN-1.9301/distroprefs/BDFOY.Test-HTTPStatus.yml
CPAN-1.9301/distroprefs/AUDREYT.YAML-Syck.yml
CPAN-1.9301/distroprefs/MARKOV.Mail-Box.yml
CPAN-1.9301/distroprefs/BTROTT.Crypt-DH.yml
CPAN-1.9301/distroprefs/DBROBINS.Net-SSH-Perl.yml
CPAN-1.9301/distroprefs/VMAN.Net-Libdnet.yml
CPAN-1.9301/distroprefs/LOCAL.trailing_dot_distros.yml
CPAN-1.9301/distroprefs/ACH.Tk-Contrib.yml
CPAN-1.9301/distroprefs/JJORE.Carp-Clan.yml
CPAN-1.9301/distroprefs/TSCH.Gtk2.yml
CPAN-1.9301/distroprefs/OVID.TAPx-Parser.yml
CPAN-1.9301/distroprefs/BINGOS.POE-Component-SmokeBox-Recent.yml
CPAN-1.9301/distroprefs/TLOWERY.DBI-Shell.yml
CPAN-1.9301/distroprefs/TKEEFER.Gantry.yml
CPAN-1.9301/distroprefs/RMUHLE.classes.yml
CPAN-1.9301/distroprefs/NUFFIN.Catalyst-Plugin-Session.yml
CPAN-1.9301/distroprefs/JDIEPEN.Audio-LADSPA.yml
CPAN-1.9301/distroprefs/BINGOS.POE-Component-Server-SimpleContent.yml
CPAN-1.9301/distroprefs/KCLARK.SQL-Translator.yml
CPAN-1.9301/distroprefs/JHOBLITT.DateTime-Format-ISO8601.yml
CPAN-1.9301/distroprefs/FHOXH.Test-Reporter.yml
CPAN-1.9301/distroprefs/GAAS.libwww.yml
CPAN-1.9301/distroprefs/ADAMK.PPI.yml
CPAN-1.9301/distroprefs/JJORE.AI-Prolog.yml
CPAN-1.9301/distroprefs/RCSEEGE.Tk-JComboBox.yml
CPAN-1.9301/distroprefs/MIYAGAWA.Catalyst-View-JSON.yml
CPAN-1.9301/distroprefs/DAGOLDEN.CPAN-Reporter.yml
CPAN-1.9301/distroprefs/ANDYA.Test-Harness.yml
CPAN-1.9301/distroprefs/ESUMMERS.MARC-Charset.yml
CPAN-1.9301/distroprefs/HMBRAND.Spreadsheet-Read.yml
CPAN-1.9301/distroprefs/RUZ.DBIx-SearchBuilder.yml
CPAN-1.9301/distroprefs/BRADFITZ.Perlbal.yml
CPAN-1.9301/distroprefs/BOBTFISH.Text-Markdown.yml
CPAN-1.9301/distroprefs/PETERW.SVG-Parser.yml
CPAN-1.9301/distroprefs/REDTREE.PDF-API2-Simple.yml
CPAN-1.9301/distroprefs/SANKO.Net-BitTorrent.yml
CPAN-1.9301/distroprefs/QANTINS.BitTorrent.yml
CPAN-1.9301/distroprefs/LZE.HTML-Menu-TreeView.yml
CPAN-1.9301/distroprefs/AGRUNDMA.POE-Loop-EV.yml
CPAN-1.9301/distroprefs/RRA.PGP-Sign.yml
CPAN-1.9301/distroprefs/DONEILL.MIME-tools.yml
CPAN-1.9301/distroprefs/GRAY.IO-AIO-Util.yml
CPAN-1.9301/distroprefs/MLEHMANN.PApp.yml
CPAN-1.9301/distroprefs/MJD.Text-Template.yml
CPAN-1.9301/distroprefs/TJENNESS.Tk-TextANSIColor.yml
CPAN-1.9301/distroprefs/DROLSKY.Class-MOP.yml
CPAN-1.9301/distroprefs/INGY.Inline.yml
CPAN-1.9301/distroprefs/JMGDOC.OpenOffice-OODoc.yml
CPAN-1.9301/distroprefs/MSCHWERN.Test-Simple.yml
CPAN-1.9301/distroprefs/VKON.Tcl-Tk.yml
CPAN-1.9301/distroprefs/PETDANCE.HTML-Tidy.yml
CPAN-1.9301/distroprefs/ILYAZ.Math-Pari.yml
CPAN-1.9301/distroprefs/MJCARMAN.Tie-Tk-Text.yml
CPAN-1.9301/distroprefs/NKH.PerlBuildSystem.yml
CPAN-1.9301/distroprefs/RBERJON.JSON-Any.yml
CPAN-1.9301/distroprefs/NODINE.Text-Restructured.yml
CPAN-1.9301/distroprefs/RCLAMP.POE-Component-Server-HTTP.yml
CPAN-1.9301/distroprefs/GRANTM.XML-SAX.yml
CPAN-1.9301/distroprefs/MARKOV.CPAN-Site.yml
CPAN-1.9301/distroprefs/ROBIN.PadWalker.yml
CPAN-1.9301/distroprefs/SCHWERN.Exporter-Lite.yml
CPAN-1.9301/distroprefs/MIYAGAWA.Plagger.yml
CPAN-1.9301/distroprefs/WITTROCK.Tk-PathEntry.yml
CPAN-1.9301/distroprefs/TELS.Devel-Size.yml
CPAN-1.9301/distroprefs/LEAKIN.File-Rsync.yml
CPAN-1.9301/distroprefs/YANICK.XML-XPathScript.yml
CPAN-1.9301/distroprefs/RONAN.Transform-Canvas.yml
CPAN-1.9301/distroprefs/TELS.Math-BigInt-GMP.yml
CPAN-1.9301/distroprefs/ASCOPE.Net-Google.yml
CPAN-1.9301/distroprefs/DMARTIN.Unix-SavedIDs.yml
CPAN-1.9301/distroprefs/DURIST.WWW-Babelfish.yml
CPAN-1.9301/distroprefs/DMAKI.Class-DBI-Plugin-DateTime.yml
CPAN-1.9301/distroprefs/JPIERCE.IO-Pager.yml
CPAN-1.9301/distroprefs/KRUSCOE.Tie-DxHash.yml
CPAN-1.9301/distroprefs/GBROCK.Tk-StayOnTop.yml
CPAN-1.9301/distroprefs/SCHUBIGER.DateTime-Format.yml
CPAN-1.9301/distroprefs/STAS.libapreq.yml
CPAN-1.9301/distroprefs/ANDK.CPAN-Test-Dummy-Perl5-Make-Expect.yml
CPAN-1.9301/distroprefs/LBROCARD.Test-WWW-Mechanize-Catalyst.yml
CPAN-1.9301/distroprefs/JENDA.Mail-Sender.yml
CPAN-1.9301/distroprefs/BSMITH.Devel-EvalContext.yml
CPAN-1.9301/distroprefs/GOZER.mod_perl.yml
CPAN-1.9301/distroprefs/MInoinc.yml
CPAN-1.9301/distroprefs/RKOBES.PPM-Make.yml
CPAN-1.9301/distroprefs/RJBS.Data-UUID.yml
CPAN-1.9301/distroprefs/DOWENS.JSON-DWIW.yml
CPAN-1.9301/distroprefs/JPRIT.Event.yml
CPAN-1.9301/distroprefs/ZEV.Test-Dependencies.yml
CPAN-1.9301/distroprefs/URI.File-Slurp.yml
CPAN-1.9301/distroprefs/SZABGAB.Spreadsheet-ParseExcel.yml
CPAN-1.9301/distroprefs/FLORA.Net_SSLeay.yml
CPAN-1.9301/distroprefs/MIYAGAWA.XML-Atom.yml
CPAN-1.9301/distroprefs/MTHURN.I18N-Charset.yml
CPAN-1.9301/distroprefs/BINGOS.POE-Component-Client-NSCA.yml
CPAN-1.9301/distroprefs/MJD.Devel-Trace.yml
CPAN-1.9301/distroprefs/TIMB.Apache-Status-DBI.yml
CPAN-1.9301/distroprefs/JOSEPHW.XML-Writer.yml
CPAN-1.9301/distroprefs/BINGOS.POE-Component-Server-SimpleHTTP.yml
CPAN-1.9301/distroprefs/MSERGEANT.CDB_File.yml
CPAN-1.9301/distroprefs/BINGOS.POE-Component-Server-NSCA.yml
CPAN-1.9301/distroprefs/EWILHELM.Math-Vec.yml
CPAN-1.9301/distroprefs/GIRAFFED.Curses.yml
CPAN-1.9301/distroprefs/MSERGEANT.AxKit.yml
CPAN-1.9301/distroprefs/NUFFIN.Devel-Events.yml
CPAN-1.9301/distroprefs/BDFOY.Business-ISBN.yml
CPAN-1.9301/distroprefs/SWALTERS.typesafety.yml
CPAN-1.9301/lib/
CPAN-1.9301/lib/CPAN/
CPAN-1.9301/lib/CPAN/API/
CPAN-1.9301/lib/CPAN/API/HOWTO.pod
CPAN-1.9301/lib/CPAN/Distroprefs.pm
CPAN-1.9301/lib/CPAN/Nox.pm
CPAN-1.9301/lib/CPAN/Kwalify/
CPAN-1.9301/lib/CPAN/Kwalify/distroprefs.dd
CPAN-1.9301/lib/CPAN/Kwalify/distroprefs.yml
CPAN-1.9301/lib/CPAN/Queue.pm
CPAN-1.9301/lib/CPAN/Tarzip.pm
CPAN-1.9301/lib/CPAN/Admin.pm
CPAN-1.9301/lib/CPAN/Debug.pm
CPAN-1.9301/lib/CPAN/FirstTime.pm
CPAN-1.9301/lib/CPAN/Version.pm
CPAN-1.9301/lib/CPAN/DeferedCode.pm
CPAN-1.9301/lib/CPAN/Kwalify.pm
CPAN-1.9301/lib/CPAN/HandleConfig.pm
CPAN-1.9301/lib/CPAN.pm
CPAN-1.9301/megainstall.txt
CPAN-1.9301/ChangeLog.old
CPAN-1.9301/scripts/
CPAN-1.9301/scripts/cpan
CPAN-1.9301/inc/
CPAN-1.9301/inc/Test/
CPAN-1.9301/inc/Test/More.pm
CPAN-1.9301/inc/Test/Builder.pm
CPAN-1.9301/ChangeLog
CPAN-1.9301/MANIFEST.SKIP
CPAN-1.9301/Makefile.PL
CPAN-1.9301/PAUSE2007.pub
CPAN-1.9301/MANIFEST
CPAN-1.9301/SIGNATURE
CPAN-1.9301/Changes.old
CPAN-1.9301/Changes
CPAN-1.9301/README
CPAN-1.9301/PAUSE2003.pub
CPAN-1.9301/META.yml
CPAN-1.9301/Todo
CPAN-1.9301/SlayMakefile
CPAN-1.9301/PAUSE2005.pub
Removing previously used /homes/dbolser/.cpan/build/CPAN-1.9301

  CPAN.pm: Going to build A/AN/ANDK/CPAN-1.9301.tar.gz

Importing PAUSE public key into your GnuPG keychain... done!
(You may wish to trust it locally with 'gpg --lsign-key 450F89EC')
Checking if your kit is complete...
Looks good
Writing Makefile for CPAN
cp lib/CPAN.pm blib/lib/CPAN.pm
cp lib/CPAN/Tarzip.pm blib/lib/CPAN/Tarzip.pm
cp lib/CPAN/Admin.pm blib/lib/CPAN/Admin.pm
cp lib/CPAN/Debug.pm blib/lib/CPAN/Debug.pm
cp lib/CPAN/HandleConfig.pm blib/lib/CPAN/HandleConfig.pm
cp lib/CPAN/Queue.pm blib/lib/CPAN/Queue.pm
cp lib/CPAN/Distroprefs.pm blib/lib/CPAN/Distroprefs.pm
cp lib/CPAN/Kwalify/distroprefs.yml blib/lib/CPAN/Kwalify/distroprefs.yml
cp lib/CPAN/Version.pm blib/lib/CPAN/Version.pm
cp lib/CPAN/Kwalify.pm blib/lib/CPAN/Kwalify.pm
cp lib/CPAN/DeferedCode.pm blib/lib/CPAN/DeferedCode.pm
cp lib/CPAN/API/HOWTO.pod blib/lib/CPAN/API/HOWTO.pod
cp lib/CPAN/Kwalify/distroprefs.dd blib/lib/CPAN/Kwalify/distroprefs.dd
cp lib/CPAN/Nox.pm blib/lib/CPAN/Nox.pm
cp lib/CPAN/FirstTime.pm blib/lib/CPAN/FirstTime.pm
cp scripts/cpan blib/script/cpan
/usr/bin/perl "-MExtUtils::MY" -e "MY->fixin(shift)" blib/script/cpan
Manifying blib/man1/cpan.1
Manifying blib/man3/CPAN.3pm
Manifying blib/man3/CPAN::Admin.3pm
Manifying blib/man3/CPAN::Tarzip.3pm
Manifying blib/man3/CPAN::Debug.3pm
Manifying blib/man3/CPAN::HandleConfig.3pm
Manifying blib/man3/CPAN::Queue.3pm
Manifying blib/man3/CPAN::Distroprefs.3pm
Manifying blib/man3/CPAN::Version.3pm
Manifying blib/man3/CPAN::Kwalify.3pm
Manifying blib/man3/CPAN::API::HOWTO.3pm
Manifying blib/man3/CPAN::Nox.3pm
Manifying blib/man3/CPAN::FirstTime.3pm
  /usr/bin/make  -- OK
Running make test
PERL_DL_NONLAZY=1 /usr/bin/perl "-MExtUtils::Command::MM" "-e" "test_harness(0, 'blib/lib', 'blib/arch')" t/*.t
t/00signature.......skipped: No Module::Signature found [INC = /homes/dbolser/.cpan/build/CPAN-1.9301/blib/lib /homes/dbolser/.cpan/build/CPAN-1.9301/blib/arch /homes/dbolser/perl5/lib/perl5/i386-linux-thread-multi /homes/dbolser/perl5/lib/perl5 /homes/dbolser/perl5/lib/perl5/i386-linux-thread-multi /usr/lib/perl5/site_perl/5.8.8/i386-linux-thread-multi /usr/lib/perl5/site_perl/5.8.7/i386-linux-thread-multi /usr/lib/perl5/site_perl/5.8.6/i386-linux-thread-multi /usr/lib/perl5/site_perl/5.8.5/i386-linux-thread-multi /usr/lib/perl5/site_perl/5.8.8 /usr/lib/perl5/site_perl/5.8.7 /usr/lib/perl5/site_perl/5.8.6 /usr/lib/perl5/site_perl/5.8.5 /usr/lib/perl5/site_perl /usr/lib/perl5/vendor_perl/5.8.8/i386-linux-thread-multi /usr/lib/perl5/vendor_perl/5.8.7/i386-linux-thread-multi /usr/lib/perl5/vendor_perl/5.8.6/i386-linux-thread-multi /usr/lib/perl5/vendor_perl/5.8.5/i386-linux-thread-multi /usr/lib/perl5/vendor_perl/5.8.8 /usr/lib/perl5/vendor_perl/5.8.7 /usr/lib/perl5/vendor_perl/5.8.6 /usr/lib/perl5/vendor_perl/5.8.5 /usr/lib/perl5/vendor_perl /usr/lib/perl5/5.8.8/i386-linux-thread-multi /usr/lib/perl5/5.8.8 .]
t/01loadme..........ok
t/02nox.............ok
t/03pkgs............ok
t/10version.........ok
t/11mirroredby......ok
t/12cpan............ok
t/13tarzip..........ok
t/14forkbomb........skipped: test only run when called with --doit
t/30shell...........skipped: no Expect, maybe try env CPAN_RUN_SHELL_TEST_WITHOUT_EXPECT=1
t/31sessions........skipped: Module::Build not installed
t/41distribution....ok
t/42distroprefs.....skipped: YAML required
t/50pod.............skipped: Test::Pod 1.00 required for testing POD
t/51pod.............ok
t/52podcover........skipped: Test::Pod::Coverage 0.18 required for testing pod coverage
t/60credentials.....ok
All tests successful.
Files=17, Tests=204,  4 wallclock secs ( 0.09 usr  0.03 sys +  2.06 cusr  0.31 csys =  2.49 CPU)
Result: PASS
  /usr/bin/make test -- OK
Running make install
Installing /homes/dbolser/perl5/lib/perl5/CPAN.pm
Installing /homes/dbolser/perl5/lib/perl5/CPAN/Tarzip.pm
Installing /homes/dbolser/perl5/lib/perl5/CPAN/Admin.pm
Installing /homes/dbolser/perl5/lib/perl5/CPAN/Debug.pm
Installing /homes/dbolser/perl5/lib/perl5/CPAN/HandleConfig.pm
Installing /homes/dbolser/perl5/lib/perl5/CPAN/Queue.pm
Installing /homes/dbolser/perl5/lib/perl5/CPAN/Distroprefs.pm
Installing /homes/dbolser/perl5/lib/perl5/CPAN/Version.pm
Installing /homes/dbolser/perl5/lib/perl5/CPAN/Kwalify.pm
Installing /homes/dbolser/perl5/lib/perl5/CPAN/DeferedCode.pm
Installing /homes/dbolser/perl5/lib/perl5/CPAN/Nox.pm
Installing /homes/dbolser/perl5/lib/perl5/CPAN/FirstTime.pm
Installing /homes/dbolser/perl5/lib/perl5/CPAN/Kwalify/distroprefs.yml
Installing /homes/dbolser/perl5/lib/perl5/CPAN/Kwalify/distroprefs.dd
Installing /homes/dbolser/perl5/lib/perl5/CPAN/API/HOWTO.pod
Installing /homes/dbolser/perl5/man/man1/cpan.1
Installing /homes/dbolser/perl5/man/man3/CPAN.3pm
Installing /homes/dbolser/perl5/man/man3/CPAN::Admin.3pm
Installing /homes/dbolser/perl5/man/man3/CPAN::Tarzip.3pm
Installing /homes/dbolser/perl5/man/man3/CPAN::Debug.3pm
Installing /homes/dbolser/perl5/man/man3/CPAN::HandleConfig.3pm
Installing /homes/dbolser/perl5/man/man3/CPAN::Queue.3pm
Installing /homes/dbolser/perl5/man/man3/CPAN::Distroprefs.3pm
Installing /homes/dbolser/perl5/man/man3/CPAN::Version.3pm
Installing /homes/dbolser/perl5/man/man3/CPAN::Kwalify.3pm
Installing /homes/dbolser/perl5/man/man3/CPAN::API::HOWTO.3pm
Installing /homes/dbolser/perl5/man/man3/CPAN::Nox.3pm
Installing /homes/dbolser/perl5/man/man3/CPAN::FirstTime.3pm
Installing /homes/dbolser/perl5/bin/cpan
Writing /homes/dbolser/perl5/lib/perl5/i386-linux-thread-multi/auto/CPAN/.packlist
Appending installation info to /homes/dbolser/perl5/lib/perl5/i386-linux-thread-multi/perllocal.pod
  /usr/bin/make install  -- OK
Dispatching deprecated method 'CPAN::Config::load' to CPAN::HandleConfig
Dispatching deprecated method 'CPAN::Config::commit' to CPAN::HandleConfig
Unknown config variable 'links'
commit: wrote '/homes/dbolser/.cpan/CPAN/MyConfig.pm'
*** Module::AutoInstall version 1.03
*** Checking for Perl dependencies...
[Core Features]
- ExtUtils::MakeMaker ...loaded. (6.48 >= 6.31)
- ExtUtils::CBuilder  ...missing.
- ExtUtils::ParseXS   ...missing.
- Module::Build       ...missing. (would need 0.28)
- CPAN                ...loaded. (1.9301 >= 1.80)
==> Auto-install the 3 mandatory module(s) from CPAN? [y] y
*** Dependencies will be installed the next time you type 'make'.
    (You may need to do that as the 'root' user.)
*** Module::AutoInstall configuration finished.
*** Installing dependencies...
*** Installing ExtUtils::CBuilder...
CPAN: Storable loaded ok (v2.15)
Going to read /homes/dbolser/.cpan/Metadata
  Database was generated on Mon, 03 Nov 2008 12:26:53 GMT
Running install for module 'ExtUtils::CBuilder'
Running make for K/KW/KWILLIAMS/ExtUtils-CBuilder-0.24.tar.gz

  CPAN: checksum security checks disabled because Digest::SHA not installed.
  Please consider installing the Digest::SHA module.

CPAN: Time::HiRes loaded ok (v1.86)
CPAN: Compress::Zlib loaded ok (v1.42)
ExtUtils-CBuilder-0.24/
ExtUtils-CBuilder-0.24/bleadcheck.pl
ExtUtils-CBuilder-0.24/Build.PL
ExtUtils-CBuilder-0.24/Changes
ExtUtils-CBuilder-0.24/INSTALL
ExtUtils-CBuilder-0.24/lib/
ExtUtils-CBuilder-0.24/lib/ExtUtils/
ExtUtils-CBuilder-0.24/lib/ExtUtils/CBuilder/
ExtUtils-CBuilder-0.24/lib/ExtUtils/CBuilder/Base.pm
ExtUtils-CBuilder-0.24/lib/ExtUtils/CBuilder/Platform/
ExtUtils-CBuilder-0.24/lib/ExtUtils/CBuilder/Platform/aix.pm
ExtUtils-CBuilder-0.24/lib/ExtUtils/CBuilder/Platform/cygwin.pm
ExtUtils-CBuilder-0.24/lib/ExtUtils/CBuilder/Platform/darwin.pm
ExtUtils-CBuilder-0.24/lib/ExtUtils/CBuilder/Platform/dec_osf.pm
ExtUtils-CBuilder-0.24/lib/ExtUtils/CBuilder/Platform/os2.pm
ExtUtils-CBuilder-0.24/lib/ExtUtils/CBuilder/Platform/Unix.pm
ExtUtils-CBuilder-0.24/lib/ExtUtils/CBuilder/Platform/VMS.pm
ExtUtils-CBuilder-0.24/lib/ExtUtils/CBuilder/Platform/Windows.pm
ExtUtils-CBuilder-0.24/lib/ExtUtils/CBuilder.pm
ExtUtils-CBuilder-0.24/Makefile.PL
ExtUtils-CBuilder-0.24/MANIFEST
ExtUtils-CBuilder-0.24/META.yml
ExtUtils-CBuilder-0.24/README
ExtUtils-CBuilder-0.24/SIGNATURE
ExtUtils-CBuilder-0.24/t/
ExtUtils-CBuilder-0.24/t/01-basic.t
ExtUtils-CBuilder-0.24/t/02-link.t
CPAN: File::Temp loaded ok (v0.16)

  CPAN.pm: Going to build K/KW/KWILLIAMS/ExtUtils-CBuilder-0.24.tar.gz

Checking if your kit is complete...
Looks good
Writing Makefile for ExtUtils::CBuilder
Could not read '/homes/dbolser/.cpan/build/ExtUtils-CBuilder-0.24-kQCYmF/META.yml'. Falling back to other methods to determine prerequisites
cp lib/ExtUtils/CBuilder.pm blib/lib/ExtUtils/CBuilder.pm
cp lib/ExtUtils/CBuilder/Platform/Windows.pm blib/lib/ExtUtils/CBuilder/Platform/Windows.pm
cp lib/ExtUtils/CBuilder/Platform/aix.pm blib/lib/ExtUtils/CBuilder/Platform/aix.pm
cp bleadcheck.pl blib/lib/ExtUtils/bleadcheck.pl
cp lib/ExtUtils/CBuilder/Platform/cygwin.pm blib/lib/ExtUtils/CBuilder/Platform/cygwin.pm
cp lib/ExtUtils/CBuilder/Platform/VMS.pm blib/lib/ExtUtils/CBuilder/Platform/VMS.pm
cp lib/ExtUtils/CBuilder/Platform/Unix.pm blib/lib/ExtUtils/CBuilder/Platform/Unix.pm
cp lib/ExtUtils/CBuilder/Platform/darwin.pm blib/lib/ExtUtils/CBuilder/Platform/darwin.pm
cp lib/ExtUtils/CBuilder/Platform/os2.pm blib/lib/ExtUtils/CBuilder/Platform/os2.pm
cp lib/ExtUtils/CBuilder/Platform/dec_osf.pm blib/lib/ExtUtils/CBuilder/Platform/dec_osf.pm
cp lib/ExtUtils/CBuilder/Base.pm blib/lib/ExtUtils/CBuilder/Base.pm
Manifying blib/man3/ExtUtils::CBuilder::Platform::Windows.3pm
Manifying blib/man3/ExtUtils::CBuilder.3pm
  KWILLIAMS/ExtUtils-CBuilder-0.24.tar.gz
  /usr/bin/make -- OK
Warning (usually harmless): 'YAML' not installed, will not store persistent state
Running make test
PERL_DL_NONLAZY=1 /usr/bin/perl "-MExtUtils::Command::MM" "-e" "test_harness(0, 'blib/lib', 'blib/arch')" t/*.t
t/01-basic....ok
t/02-link.....ok
All tests successful.
Files=2, Tests=16,  1 wallclock secs ( 0.03 usr  0.00 sys +  0.25 cusr  0.08 csys =  0.36 CPU)
Result: PASS
  KWILLIAMS/ExtUtils-CBuilder-0.24.tar.gz
  /usr/bin/make test -- OK
Warning (usually harmless): 'YAML' not installed, will not store persistent state
Running make install
Prepending /homes/dbolser/.cpan/build/ExtUtils-CBuilder-0.24-kQCYmF/blib/arch /homes/dbolser/.cpan/build/ExtUtils-CBuilder-0.24-kQCYmF/blib/lib to PERL5LIB for 'install'
Installing /homes/dbolser/perl5/lib/perl5/ExtUtils/CBuilder.pm
Installing /homes/dbolser/perl5/lib/perl5/ExtUtils/bleadcheck.pl
Installing /homes/dbolser/perl5/lib/perl5/ExtUtils/CBuilder/Base.pm
Installing /homes/dbolser/perl5/lib/perl5/ExtUtils/CBuilder/Platform/Windows.pm
Installing /homes/dbolser/perl5/lib/perl5/ExtUtils/CBuilder/Platform/aix.pm
Installing /homes/dbolser/perl5/lib/perl5/ExtUtils/CBuilder/Platform/cygwin.pm
Installing /homes/dbolser/perl5/lib/perl5/ExtUtils/CBuilder/Platform/VMS.pm
Installing /homes/dbolser/perl5/lib/perl5/ExtUtils/CBuilder/Platform/Unix.pm
Installing /homes/dbolser/perl5/lib/perl5/ExtUtils/CBuilder/Platform/darwin.pm
Installing /homes/dbolser/perl5/lib/perl5/ExtUtils/CBuilder/Platform/os2.pm
Installing /homes/dbolser/perl5/lib/perl5/ExtUtils/CBuilder/Platform/dec_osf.pm
Installing /homes/dbolser/perl5/man/man3/ExtUtils::CBuilder::Platform::Windows.3pm
Installing /homes/dbolser/perl5/man/man3/ExtUtils::CBuilder.3pm
Writing /homes/dbolser/perl5/lib/perl5/i386-linux-thread-multi/auto/ExtUtils/CBuilder/.packlist
Appending installation info to /homes/dbolser/perl5/lib/perl5/i386-linux-thread-multi/perllocal.pod
  KWILLIAMS/ExtUtils-CBuilder-0.24.tar.gz
  /usr/bin/make install  -- OK
Warning (usually harmless): 'YAML' not installed, will not store persistent state
*** ExtUtils::CBuilder successfully installed.
*** Installing ExtUtils::ParseXS...
Running install for module 'ExtUtils::ParseXS'
Running make for K/KW/KWILLIAMS/ExtUtils-ParseXS-2.19.tar.gz
CPAN: checksum security checks disabled because Digest::SHA not installed.
ExtUtils-ParseXS-2.19/
ExtUtils-ParseXS-2.19/Build.PL
ExtUtils-ParseXS-2.19/Changes
ExtUtils-ParseXS-2.19/INSTALL
ExtUtils-ParseXS-2.19/lib/
ExtUtils-ParseXS-2.19/lib/ExtUtils/
ExtUtils-ParseXS-2.19/lib/ExtUtils/ParseXS.pm
ExtUtils-ParseXS-2.19/lib/ExtUtils/xsubpp
ExtUtils-ParseXS-2.19/Makefile.PL
ExtUtils-ParseXS-2.19/MANIFEST
ExtUtils-ParseXS-2.19/META.yml
ExtUtils-ParseXS-2.19/README
ExtUtils-ParseXS-2.19/t/
ExtUtils-ParseXS-2.19/t/basic.t
ExtUtils-ParseXS-2.19/t/XSTest.pm
ExtUtils-ParseXS-2.19/t/XSTest.xs

  CPAN.pm: Going to build K/KW/KWILLIAMS/ExtUtils-ParseXS-2.19.tar.gz

Checking if your kit is complete...
Looks good
Writing Makefile for ExtUtils::ParseXS
Could not read '/homes/dbolser/.cpan/build/ExtUtils-ParseXS-2.19-E164I9/META.yml'. Falling back to other methods to determine prerequisites
cp lib/ExtUtils/ParseXS.pm blib/lib/ExtUtils/ParseXS.pm
cp lib/ExtUtils/xsubpp blib/lib/ExtUtils/xsubpp
Manifying blib/man3/ExtUtils::ParseXS.3pm
  KWILLIAMS/ExtUtils-ParseXS-2.19.tar.gz
  /usr/bin/make -- OK
Warning (usually harmless): 'YAML' not installed, will not store persistent state
Running make test
PERL_DL_NONLAZY=1 /usr/bin/perl "-MExtUtils::Command::MM" "-e" "test_harness(0, 'blib/lib', 'blib/arch')" t/*.t
t/basic....ok
All tests successful.
Files=1, Tests=10,  1 wallclock secs ( 0.02 usr  0.00 sys +  0.37 cusr  0.08 csys =  0.47 CPU)
Result: PASS
  KWILLIAMS/ExtUtils-ParseXS-2.19.tar.gz
  /usr/bin/make test -- OK
Warning (usually harmless): 'YAML' not installed, will not store persistent state
Running make install
Prepending /homes/dbolser/.cpan/build/ExtUtils-ParseXS-2.19-E164I9/blib/arch /homes/dbolser/.cpan/build/ExtUtils-ParseXS-2.19-E164I9/blib/lib to PERL5LIB for 'install'
Installing /homes/dbolser/perl5/lib/perl5/ExtUtils/ParseXS.pm
Installing /homes/dbolser/perl5/lib/perl5/ExtUtils/xsubpp
Installing /homes/dbolser/perl5/man/man3/ExtUtils::ParseXS.3pm
Writing /homes/dbolser/perl5/lib/perl5/i386-linux-thread-multi/auto/ExtUtils/ParseXS/.packlist
Appending installation info to /homes/dbolser/perl5/lib/perl5/i386-linux-thread-multi/perllocal.pod
  KWILLIAMS/ExtUtils-ParseXS-2.19.tar.gz
  /usr/bin/make install  -- OK
Warning (usually harmless): 'YAML' not installed, will not store persistent state
*** ExtUtils::ParseXS successfully installed.
*** Installing Module::Build...
Running install for module 'Module::Build'
Running make for K/KW/KWILLIAMS/Module-Build-0.30.tar.gz
CPAN: checksum security checks disabled because Digest::SHA not installed.
Module-Build-0.30/
Module-Build-0.30/Build.PL
Module-Build-0.30/Changes
Module-Build-0.30/contrib/
Module-Build-0.30/contrib/bash_completion.module-build
Module-Build-0.30/INSTALL
Module-Build-0.30/lib/
Module-Build-0.30/lib/Module/
Module-Build-0.30/lib/Module/Build/
Module-Build-0.30/lib/Module/Build/API.pod
Module-Build-0.30/lib/Module/Build/Authoring.pod
Module-Build-0.30/lib/Module/Build/Base.pm
Module-Build-0.30/lib/Module/Build/Compat.pm
Module-Build-0.30/lib/Module/Build/Config.pm
Module-Build-0.30/lib/Module/Build/Cookbook.pm
Module-Build-0.30/lib/Module/Build/Dumper.pm
Module-Build-0.30/lib/Module/Build/ModuleInfo.pm
Module-Build-0.30/lib/Module/Build/Notes.pm
Module-Build-0.30/lib/Module/Build/Platform/
Module-Build-0.30/lib/Module/Build/Platform/aix.pm
Module-Build-0.30/lib/Module/Build/Platform/Amiga.pm
Module-Build-0.30/lib/Module/Build/Platform/cygwin.pm
Module-Build-0.30/lib/Module/Build/Platform/darwin.pm
Module-Build-0.30/lib/Module/Build/Platform/Default.pm
Module-Build-0.30/lib/Module/Build/Platform/EBCDIC.pm
Module-Build-0.30/lib/Module/Build/Platform/MacOS.pm
Module-Build-0.30/lib/Module/Build/Platform/MPEiX.pm
Module-Build-0.30/lib/Module/Build/Platform/os2.pm
Module-Build-0.30/lib/Module/Build/Platform/RiscOS.pm
Module-Build-0.30/lib/Module/Build/Platform/Unix.pm
Module-Build-0.30/lib/Module/Build/Platform/VMS.pm
Module-Build-0.30/lib/Module/Build/Platform/VOS.pm
Module-Build-0.30/lib/Module/Build/Platform/Windows.pm
Module-Build-0.30/lib/Module/Build/PodParser.pm
Module-Build-0.30/lib/Module/Build/PPMMaker.pm
Module-Build-0.30/lib/Module/Build/Version.pm
Module-Build-0.30/lib/Module/Build/YAML.pm
Module-Build-0.30/lib/Module/Build.pm
Module-Build-0.30/Makefile.PL
Module-Build-0.30/MANIFEST
Module-Build-0.30/META.yml
Module-Build-0.30/README
Module-Build-0.30/scripts/
Module-Build-0.30/scripts/config_data
Module-Build-0.30/SIGNATURE
Module-Build-0.30/t/
Module-Build-0.30/t/basic.t
Module-Build-0.30/t/bundled/
Module-Build-0.30/t/bundled/Tie/
Module-Build-0.30/t/bundled/Tie/CPHash.pm
Module-Build-0.30/t/compat.t
Module-Build-0.30/t/destinations.t
Module-Build-0.30/t/ext.t
Module-Build-0.30/t/extend.t
Module-Build-0.30/t/files.t
Module-Build-0.30/t/help.t
Module-Build-0.30/t/install.t
Module-Build-0.30/t/lib/
Module-Build-0.30/t/lib/DistGen.pm
Module-Build-0.30/t/lib/MBTest.pm
Module-Build-0.30/t/manifypods.t
Module-Build-0.30/t/mbyaml.t
Module-Build-0.30/t/metadata.t
Module-Build-0.30/t/metadata2.t
Module-Build-0.30/t/moduleinfo.t
Module-Build-0.30/t/new_from_context.t
Module-Build-0.30/t/notes.t
Module-Build-0.30/t/par.t
Module-Build-0.30/t/parents.t
Module-Build-0.30/t/pod_parser.t
Module-Build-0.30/t/ppm.t
Module-Build-0.30/t/runthrough.t
Module-Build-0.30/t/script_dist.t
Module-Build-0.30/t/signature.t
Module-Build-0.30/t/test_file_exts.t
Module-Build-0.30/t/test_type.t
Module-Build-0.30/t/test_types.t
Module-Build-0.30/t/tilde.t
Module-Build-0.30/t/use_tap_harness.t
Module-Build-0.30/t/versions.t
Module-Build-0.30/t/xs.t

  CPAN.pm: Going to build K/KW/KWILLIAMS/Module-Build-0.30.tar.gz

# running Build.PL
/usr/bin/perl Build.PL
Checking whether your kit is complete...
Looks good

Checking prerequisites...
 * Optional prerequisite Module::Signature is not installed
 * Optional prerequisite version is not installed
 * Optional prerequisite Pod::Readme is not installed

ERRORS/WARNINGS FOUND IN PREREQUISITES.  You may wish to install the versions
of the modules indicated above before proceeding with this installation

Checking features:
  manpage_support....enabled
  YAML_support.......disabled
    - YAML is not installed
  C_support..........enabled
  HTML_support.......enabled

Creating new 'Build' script for 'Module-Build' version '0.30'
Could not read '/homes/dbolser/.cpan/build/Module-Build-0.30-THg60M/META.yml'. Falling back to other methods to determine prerequisites
Warning: PREREQ_PM mentions Test::Harness more than once, last mention wins at /homes/dbolser/perl5/lib/perl5/CPAN.pm line 8855, <GEN11> line 1.
/usr/bin/perl Build --makefile_env_macros 1
Copying lib/Module/Build/Version.pm -> blib/lib/Module/Build/Version.pm
Copying lib/Module/Build/Platform/darwin.pm -> blib/lib/Module/Build/Platform/darwin.pm
Copying lib/Module/Build/Platform/MacOS.pm -> blib/lib/Module/Build/Platform/MacOS.pm
Copying lib/Module/Build/Notes.pm -> blib/lib/Module/Build/Notes.pm
Copying lib/Module/Build/Dumper.pm -> blib/lib/Module/Build/Dumper.pm
Copying lib/Module/Build/Compat.pm -> blib/lib/Module/Build/Compat.pm
Copying lib/Module/Build/Platform/RiscOS.pm -> blib/lib/Module/Build/Platform/RiscOS.pm
Copying lib/Module/Build/PodParser.pm -> blib/lib/Module/Build/PodParser.pm
Copying lib/Module/Build/Platform/VOS.pm -> blib/lib/Module/Build/Platform/VOS.pm
Copying lib/Module/Build/Platform/Windows.pm -> blib/lib/Module/Build/Platform/Windows.pm
Copying lib/Module/Build/Platform/Unix.pm -> blib/lib/Module/Build/Platform/Unix.pm
Copying lib/Module/Build/ModuleInfo.pm -> blib/lib/Module/Build/ModuleInfo.pm
Copying lib/Module/Build/Platform/Amiga.pm -> blib/lib/Module/Build/Platform/Amiga.pm
Copying lib/Module/Build/Config.pm -> blib/lib/Module/Build/Config.pm
Copying lib/Module/Build/Platform/os2.pm -> blib/lib/Module/Build/Platform/os2.pm
Copying lib/Module/Build/Base.pm -> blib/lib/Module/Build/Base.pm
Copying lib/Module/Build/Platform/VMS.pm -> blib/lib/Module/Build/Platform/VMS.pm
Copying lib/Module/Build/Platform/MPEiX.pm -> blib/lib/Module/Build/Platform/MPEiX.pm
Copying lib/Module/Build/Platform/cygwin.pm -> blib/lib/Module/Build/Platform/cygwin.pm
Copying lib/Module/Build/Platform/EBCDIC.pm -> blib/lib/Module/Build/Platform/EBCDIC.pm
Copying lib/Module/Build.pm -> blib/lib/Module/Build.pm
Copying lib/Module/Build/PPMMaker.pm -> blib/lib/Module/Build/PPMMaker.pm
Copying lib/Module/Build/Platform/aix.pm -> blib/lib/Module/Build/Platform/aix.pm
Copying lib/Module/Build/Cookbook.pm -> blib/lib/Module/Build/Cookbook.pm
Copying lib/Module/Build/Platform/Default.pm -> blib/lib/Module/Build/Platform/Default.pm
Copying lib/Module/Build/YAML.pm -> blib/lib/Module/Build/YAML.pm
Copying lib/Module/Build/Authoring.pod -> blib/lib/Module/Build/Authoring.pod
Copying lib/Module/Build/API.pod -> blib/lib/Module/Build/API.pod
Copying scripts/config_data -> blib/script/config_data
Deleting blib/script/config_data.bak
Writing config notes to blib/lib/Module/Build/ConfigData.pm
Manifying blib/script/config_data -> blib/bindoc/config_data.1
Manifying blib/lib/Module/Build/Platform/Unix.pm -> blib/libdoc/Module::Build::Platform::Unix.3pm
Manifying blib/lib/Module/Build/Platform/EBCDIC.pm -> blib/libdoc/Module::Build::Platform::EBCDIC.3pm
Manifying blib/lib/Module/Build/Platform/MacOS.pm -> blib/libdoc/Module::Build::Platform::MacOS.3pm
Manifying blib/lib/Module/Build.pm -> blib/libdoc/Module::Build.3pm
Manifying blib/lib/Module/Build/Platform/Amiga.pm -> blib/libdoc/Module::Build::Platform::Amiga.3pm
Manifying blib/lib/Module/Build/ConfigData.pm -> blib/libdoc/Module::Build::ConfigData.3pm
Manifying blib/lib/Module/Build/Platform/cygwin.pm -> blib/libdoc/Module::Build::Platform::cygwin.3pm
Manifying blib/lib/Module/Build/Notes.pm -> blib/libdoc/Module::Build::Notes.3pm
Manifying blib/lib/Module/Build/ModuleInfo.pm -> blib/libdoc/Module::Build::ModuleInfo.3pm
Manifying blib/lib/Module/Build/YAML.pm -> blib/libdoc/Module::Build::YAML.3pm
Manifying blib/lib/Module/Build/Platform/MPEiX.pm -> blib/libdoc/Module::Build::Platform::MPEiX.3pm
Manifying blib/lib/Module/Build/PPMMaker.pm -> blib/libdoc/Module::Build::PPMMaker.3pm
Manifying blib/lib/Module/Build/Platform/Windows.pm -> blib/libdoc/Module::Build::Platform::Windows.3pm
Manifying blib/lib/Module/Build/Platform/VOS.pm -> blib/libdoc/Module::Build::Platform::VOS.3pm
Manifying blib/lib/Module/Build/Platform/Default.pm -> blib/libdoc/Module::Build::Platform::Default.3pm
Manifying blib/lib/Module/Build/API.pod -> blib/libdoc/Module::Build::API.3pm
Manifying blib/lib/Module/Build/Platform/RiscOS.pm -> blib/libdoc/Module::Build::Platform::RiscOS.3pm
Manifying blib/lib/Module/Build/Cookbook.pm -> blib/libdoc/Module::Build::Cookbook.3pm
Manifying blib/lib/Module/Build/Platform/aix.pm -> blib/libdoc/Module::Build::Platform::aix.3pm
Manifying blib/lib/Module/Build/Platform/darwin.pm -> blib/libdoc/Module::Build::Platform::darwin.3pm
Manifying blib/lib/Module/Build/Platform/os2.pm -> blib/libdoc/Module::Build::Platform::os2.3pm
Manifying blib/lib/Module/Build/Platform/VMS.pm -> blib/libdoc/Module::Build::Platform::VMS.3pm
Manifying blib/lib/Module/Build/Base.pm -> blib/libdoc/Module::Build::Base.3pm
Manifying blib/lib/Module/Build/Authoring.pod -> blib/libdoc/Module::Build::Authoring.3pm
Manifying blib/lib/Module/Build/Compat.pm -> blib/libdoc/Module::Build::Compat.3pm
  KWILLIAMS/Module-Build-0.30.tar.gz
  /usr/bin/make -- OK
Warning (usually harmless): 'YAML' not installed, will not store persistent state
Running make test
/usr/bin/perl Build --makefile_env_macros 1 test
t/basic...............ok
t/compat..............ok
t/destinations........ok
t/ext.................ok
t/extend..............ok
t/files...............ok
t/help................ok
t/install.............ok
t/manifypods..........ok
t/mbyaml..............ok
t/metadata............ok
t/metadata2...........ok
t/moduleinfo..........ok
t/new_from_context....ok
t/notes...............ok
t/par.................skipped: PAR::Dist 0.17 or up not installed to check .par's.
t/parents.............ok
t/pod_parser..........ok
t/ppm.................ok
t/runthrough..........ok
t/script_dist.........ok
t/signature...........skipped: $ENV{TEST_SIGNATURE} is not set
t/test_file_exts......ok
t/test_type...........ok
t/test_types..........ok
t/tilde...............ok
t/use_tap_harness.....ok
t/versions............ok
t/xs..................ok
All tests successful.
Files=29, Tests=995, 81 wallclock secs ( 0.35 usr  0.06 sys + 18.55 cusr  6.72 csys = 25.68 CPU)
Result: PASS
  KWILLIAMS/Module-Build-0.30.tar.gz
  /usr/bin/make test -- OK
Warning (usually harmless): 'YAML' not installed, will not store persistent state
Running make install
Prepending /homes/dbolser/.cpan/build/Module-Build-0.30-THg60M/blib/arch /homes/dbolser/.cpan/build/Module-Build-0.30-THg60M/blib/lib to PERL5LIB for 'install'
/usr/bin/perl Build --makefile_env_macros 1 install
Installing /homes/dbolser/perl5/man/man1/config_data.1
Installing /homes/dbolser/perl5/lib/perl5/Module/Build.pm
Installing /homes/dbolser/perl5/lib/perl5/Module/Build/Version.pm
Installing /homes/dbolser/perl5/lib/perl5/Module/Build/Notes.pm
Installing /homes/dbolser/perl5/lib/perl5/Module/Build/Dumper.pm
Installing /homes/dbolser/perl5/lib/perl5/Module/Build/Compat.pm
Installing /homes/dbolser/perl5/lib/perl5/Module/Build/PodParser.pm
Installing /homes/dbolser/perl5/lib/perl5/Module/Build/ModuleInfo.pm
Installing /homes/dbolser/perl5/lib/perl5/Module/Build/Config.pm
Installing /homes/dbolser/perl5/lib/perl5/Module/Build/Base.pm
Installing /homes/dbolser/perl5/lib/perl5/Module/Build/PPMMaker.pm
Installing /homes/dbolser/perl5/lib/perl5/Module/Build/Cookbook.pm
Installing /homes/dbolser/perl5/lib/perl5/Module/Build/YAML.pm
Installing /homes/dbolser/perl5/lib/perl5/Module/Build/Authoring.pod
Installing /homes/dbolser/perl5/lib/perl5/Module/Build/API.pod
Installing /homes/dbolser/perl5/lib/perl5/Module/Build/ConfigData.pm
Installing /homes/dbolser/perl5/lib/perl5/Module/Build/Platform/darwin.pm
Installing /homes/dbolser/perl5/lib/perl5/Module/Build/Platform/MacOS.pm
Installing /homes/dbolser/perl5/lib/perl5/Module/Build/Platform/RiscOS.pm
Installing /homes/dbolser/perl5/lib/perl5/Module/Build/Platform/VOS.pm
Installing /homes/dbolser/perl5/lib/perl5/Module/Build/Platform/Windows.pm
Installing /homes/dbolser/perl5/lib/perl5/Module/Build/Platform/Unix.pm
Installing /homes/dbolser/perl5/lib/perl5/Module/Build/Platform/Amiga.pm
Installing /homes/dbolser/perl5/lib/perl5/Module/Build/Platform/os2.pm
Installing /homes/dbolser/perl5/lib/perl5/Module/Build/Platform/VMS.pm
Installing /homes/dbolser/perl5/lib/perl5/Module/Build/Platform/MPEiX.pm
Installing /homes/dbolser/perl5/lib/perl5/Module/Build/Platform/cygwin.pm
Installing /homes/dbolser/perl5/lib/perl5/Module/Build/Platform/EBCDIC.pm
Installing /homes/dbolser/perl5/lib/perl5/Module/Build/Platform/aix.pm
Installing /homes/dbolser/perl5/lib/perl5/Module/Build/Platform/Default.pm
Installing /homes/dbolser/perl5/man/man3/Module::Build::Platform::Unix.3pm
Installing /homes/dbolser/perl5/man/man3/Module::Build::Platform::EBCDIC.3pm
Installing /homes/dbolser/perl5/man/man3/Module::Build::Platform::MacOS.3pm
Installing /homes/dbolser/perl5/man/man3/Module::Build.3pm
Installing /homes/dbolser/perl5/man/man3/Module::Build::Platform::Amiga.3pm
Installing /homes/dbolser/perl5/man/man3/Module::Build::ConfigData.3pm
Installing /homes/dbolser/perl5/man/man3/Module::Build::Platform::cygwin.3pm
Installing /homes/dbolser/perl5/man/man3/Module::Build::Notes.3pm
Installing /homes/dbolser/perl5/man/man3/Module::Build::ModuleInfo.3pm
Installing /homes/dbolser/perl5/man/man3/Module::Build::YAML.3pm
Installing /homes/dbolser/perl5/man/man3/Module::Build::Platform::MPEiX.3pm
Installing /homes/dbolser/perl5/man/man3/Module::Build::PPMMaker.3pm
Installing /homes/dbolser/perl5/man/man3/Module::Build::Platform::Windows.3pm
Installing /homes/dbolser/perl5/man/man3/Module::Build::Platform::VOS.3pm
Installing /homes/dbolser/perl5/man/man3/Module::Build::Platform::Default.3pm
Installing /homes/dbolser/perl5/man/man3/Module::Build::API.3pm
Installing /homes/dbolser/perl5/man/man3/Module::Build::Platform::RiscOS.3pm
Installing /homes/dbolser/perl5/man/man3/Module::Build::Cookbook.3pm
Installing /homes/dbolser/perl5/man/man3/Module::Build::Platform::aix.3pm
Installing /homes/dbolser/perl5/man/man3/Module::Build::Platform::darwin.3pm
Installing /homes/dbolser/perl5/man/man3/Module::Build::Platform::os2.3pm
Installing /homes/dbolser/perl5/man/man3/Module::Build::Platform::VMS.3pm
Installing /homes/dbolser/perl5/man/man3/Module::Build::Base.3pm
Installing /homes/dbolser/perl5/man/man3/Module::Build::Authoring.3pm
Installing /homes/dbolser/perl5/man/man3/Module::Build::Compat.3pm
Installing /homes/dbolser/perl5/bin/config_data
Writing /homes/dbolser/perl5/lib/perl5/i386-linux-thread-multi/auto/Module/Build/.packlist
  KWILLIAMS/Module-Build-0.30.tar.gz
  /usr/bin/make install  -- OK
Warning (usually harmless): 'YAML' not installed, will not store persistent state
*** Module::Build successfully installed.
*** Module::AutoInstall installation finished.
Writing Makefile for local::lib
[dbolser@cricket local-lib-1.002000]$ make test && make install
make: *** No rule to make target `test'.  Stop.
[dbolser@cricket local-lib-1.002000]$ echo WTJFC?
WTJFC?
[dbolser@cricket local-lib-1.002000]$ perl Makefile.PL --bootstrap
Prototype mismatch: sub ExtUtils::MakeMaker::prompt ($;$) vs none at -e line 9.
Dispatching deprecated method 'CPAN::Config::load' to CPAN::HandleConfig
*** Module::AutoInstall version 1.03
*** Checking for Perl dependencies...
[Core Features]
- ExtUtils::MakeMaker ...loaded. (6.48 >= 6.31)
- ExtUtils::CBuilder  ...loaded. (0.24)
- ExtUtils::ParseXS   ...loaded. (2.19)
- Module::Build       ...loaded. (0.3 >= 0.28)
- CPAN                ...loaded. (1.9301 >= 1.80)
*** Module::AutoInstall configuration finished.
Writing Makefile for local::lib
[dbolser@cricket local-lib-1.002000]$ make test && make install
cp lib/local/lib.pm blib/lib/local/lib.pm
PERL_DL_NONLAZY=1 /usr/bin/perl "-MExtUtils::Command::MM" "-e" "test_harness(0, 'inc', 'blib/lib', 'blib/arch')" t/classmethod.t t/pipeline.t
t/classmethod....Name "File::Spec::rel2abs" used only once: possible typo at t/classmethod.t line 20.
t/classmethod....ok 1/0Attempting to create directory t/var/splat
Attempting to create file t/var/splat/.modulebuildrc
t/classmethod....ok
t/pipeline.......ok
All tests successful.
Files=2, Tests=6,  0 wallclock secs ( 0.06 cusr +  0.03 csys =  0.09 CPU)
Manifying blib/man3/local::lib.3pm
Installing /homes/dbolser/perl5/lib/perl5/local/lib.pm
Installing /homes/dbolser/perl5/man/man3/local::lib.3pm
Writing /homes/dbolser/perl5/lib/perl5/i386-linux-thread-multi/auto/local/lib/.packlist
Appending installation info to /homes/dbolser/perl5/lib/perl5/i386-linux-thread-multi/perllocal.pod
[dbolser@cricket local-lib-1.002000]$ echo OMJFC!
OMJFC!
[dbolser@cricket local-lib-1.002000]$