Loading CPAN...
Installing Mouse from CPAN...
Going to read '\\tsclient\C\minicpan\authors\01mailrc.txt.gz'
............................................................................DONE
Going to read '\\tsclient\C\minicpan\modules\02packages.details.txt.gz'
  Database was generated on Sat, 10 Jul 2010 18:26:59 GMT
............................................................................DONE
Going to read '\\tsclient\C\minicpan\modules\03modlist.data.gz'
............................................................................DONE
$ENV{PATH} = 'C:\strawberry\c\bin;C:\strawberry\perl\site\bin;C:\strawberry\perl\bin;C:\WINDOWS\system32;C:\WINDOWS;C:\WINDOWS\System32\Wbem;C:\Program Files\SlikSvn\bin\;C:\Program Files\Git\cmd;C:\Program Files\TortoiseSVN\bin;C:\buildsb\perl\site\bin'
Running install for module 'Mouse'
Running make for G/GF/GFUJI/Mouse-0.62.tar.gz
Checksum for \\tsclient\C\minicpan\authors\id\G\GF\GFUJI\Mouse-0.62.tar.gz ok

  CPAN.pm: Going to build G/GF/GFUJI/Mouse-0.62.tar.gz

Generate Mouse::Tiny ...
done.
Mouse configured with XS.
NOTE: You can try --pp option to configure Mouse with Pure Perl.
Writing ppport.h
Checking if your kit is complete...
Looks good
Writing Makefile for Mouse
---- Unsatisfied dependencies detected during ----
----          GFUJI/Mouse-0.62.tar.gz         ----
    Test::Requires [requires]
  Ignoring dependencies on modules ARRAY(0x397fbc4), ARRAY(0x397fa64)
cp lib/Mouse/Tiny.pod blib\lib\Mouse\Tiny.pod
cp lib/Mouse/TypeRegistry.pm blib\lib\Mouse\TypeRegistry.pm
cp lib/Mouse/Meta/Role/Composite.pm blib\lib\Mouse\Meta\Role\Composite.pm
cp lib/Mouse/Meta/Role/Method.pm blib\lib\Mouse\Meta\Role\Method.pm
cp lib/Mouse/Meta/Method/Delegation.pm blib\lib\Mouse\Meta\Method\Delegation.pm
cp lib/Mouse/XS.pod blib\lib\Mouse\XS.pod
cp lib/Mouse/Meta/Method/Destructor.pm blib\lib\Mouse\Meta\Method\Destructor.pm
cp lib/Mouse.pm blib\lib\Mouse.pm
cp lib/Mouse/Meta/Class.pm blib\lib\Mouse\Meta\Class.pm
cp lib/Squirrel/Role.pm blib\lib\Squirrel\Role.pm
cp lib/Mouse/Meta/Method.pm blib\lib\Mouse\Meta\Method.pm
cp lib/Test/Mouse.pm blib\lib\Test\Mouse.pm
cp lib/Mouse/Tiny.pm blib\lib\Mouse\Tiny.pm
cp lib/Mouse/Meta/Attribute.pm blib\lib\Mouse\Meta\Attribute.pm
cp lib/Mouse/Meta/TypeConstraint.pm blib\lib\Mouse\Meta\TypeConstraint.pm
cp lib/Mouse/Meta/Method/Accessor.pm blib\lib\Mouse\Meta\Method\Accessor.pm
cp lib/Mouse/Meta/Role.pm blib\lib\Mouse\Meta\Role.pm
cp lib/Mouse/Util/TypeConstraints.pm blib\lib\Mouse\Util\TypeConstraints.pm
cp lib/Mouse/Spec.pm blib\lib\Mouse\Spec.pm
cp lib/Mouse/Role.pm blib\lib\Mouse\Role.pm
cp lib/Squirrel.pm blib\lib\Squirrel.pm
cp lib/Mouse/Util/MetaRole.pm blib\lib\Mouse\Util\MetaRole.pm
cp lib/Mouse/Meta/Method/Constructor.pm blib\lib\Mouse\Meta\Method\Constructor.pm
cp lib/Mouse/Exporter.pm blib\lib\Mouse\Exporter.pm
cp lib/Mouse/PurePerl.pm blib\lib\Mouse\PurePerl.pm
cp lib/ouse.pm blib\lib\ouse.pm
cp lib/Mouse/Object.pm blib\lib\Mouse\Object.pm
cp lib/Mouse/Meta/Module.pm blib\lib\Mouse\Meta\Module.pm
cp lib/Mouse/Util.pm blib\lib\Mouse\Util.pm
C:\strawberry\perl\bin\perl.exe "-Iinc" C:\strawberry\perl\lib\ExtUtils\xsubpp  -typemap C:\strawberry\perl\lib\ExtUtils\typemap  xs-src\Mouse.xs > xs-src\Mouse.xsc && C:\strawberry\perl\bin\perl.exe "-Iinc" -MExtUtils::Command -e "mv" -- xs-src\Mouse.xsc xs-src\Mouse.c
gcc -c  "-I." "-I." 	-s -O2 -DWIN32 -DHAVE_DES_FCRYPT  -DUSE_SITECUSTOMIZE -DPERL_IMPLICIT_CONTEXT -DPERL_IMPLICIT_SYS -fno-strict-aliasing -DPERL_MSVCRT_READFIX -Wall -W -Wno-comment -s -O2 	  -DVERSION=\"0.62\" 	-DXS_VERSION=\"0.62\" -o xs-src\Mouse.o  "-IC:\strawberry\perl\lib\CORE"  -DUSE_PPPORT xs-src\Mouse.c
C:\strawberry\perl\bin\perl.exe "-Iinc" C:\strawberry\perl\lib\ExtUtils\xsubpp  -typemap C:\strawberry\perl\lib\ExtUtils\typemap  xs-src\MouseAccessor.xs > xs-src\MouseAccessor.xsc && C:\strawberry\perl\bin\perl.exe "-Iinc" -MExtUtils::Command -e "mv" -- xs-src\MouseAccessor.xsc xs-src\MouseAccessor.c
gcc -c  "-I." "-I." 	-s -O2 -DWIN32 -DHAVE_DES_FCRYPT  -DUSE_SITECUSTOMIZE -DPERL_IMPLICIT_CONTEXT -DPERL_IMPLICIT_SYS -fno-strict-aliasing -DPERL_MSVCRT_READFIX -Wall -W -Wno-comment -s -O2 	  -DVERSION=\"0.62\" 	-DXS_VERSION=\"0.62\" -o xs-src\MouseAccessor.o  "-IC:\strawberry\perl\lib\CORE"  -DUSE_PPPORT xs-src\MouseAccessor.c
C:\strawberry\perl\bin\perl.exe "-Iinc" C:\strawberry\perl\lib\ExtUtils\xsubpp  -typemap C:\strawberry\perl\lib\ExtUtils\typemap  xs-src\MouseAttribute.xs > xs-src\MouseAttribute.xsc && C:\strawberry\perl\bin\perl.exe "-Iinc" -MExtUtils::Command -e "mv" -- xs-src\MouseAttribute.xsc xs-src\MouseAttribute.c
gcc -c  "-I." "-I." 	-s -O2 -DWIN32 -DHAVE_DES_FCRYPT  -DUSE_SITECUSTOMIZE -DPERL_IMPLICIT_CONTEXT -DPERL_IMPLICIT_SYS -fno-strict-aliasing -DPERL_MSVCRT_READFIX -Wall -W -Wno-comment -s -O2 	  -DVERSION=\"0.62\" 	-DXS_VERSION=\"0.62\" -o xs-src\MouseAttribute.o  "-IC:\strawberry\perl\lib\CORE"  -DUSE_PPPORT xs-src\MouseAttribute.c
C:\strawberry\perl\bin\perl.exe "-Iinc" C:\strawberry\perl\lib\ExtUtils\xsubpp  -typemap C:\strawberry\perl\lib\ExtUtils\typemap  xs-src\MouseTypeConstraints.xs > xs-src\MouseTypeConstraints.xsc && C:\strawberry\perl\bin\perl.exe "-Iinc" -MExtUtils::Command -e "mv" -- xs-src\MouseTypeConstraints.xsc xs-src\MouseTypeConstraints.c
gcc -c  "-I." "-I." 	-s -O2 -DWIN32 -DHAVE_DES_FCRYPT  -DUSE_SITECUSTOMIZE -DPERL_IMPLICIT_CONTEXT -DPERL_IMPLICIT_SYS -fno-strict-aliasing -DPERL_MSVCRT_READFIX -Wall -W -Wno-comment -s -O2 	  -DVERSION=\"0.62\" 	-DXS_VERSION=\"0.62\" -o xs-src\MouseTypeConstraints.o  "-IC:\strawberry\perl\lib\CORE"  -DUSE_PPPORT xs-src\MouseTypeConstraints.c
C:\strawberry\perl\bin\perl.exe "-Iinc" C:\strawberry\perl\lib\ExtUtils\xsubpp  -typemap C:\strawberry\perl\lib\ExtUtils\typemap  xs-src\MouseUtil.xs > xs-src\MouseUtil.xsc && C:\strawberry\perl\bin\perl.exe "-Iinc" -MExtUtils::Command -e "mv" -- xs-src\MouseUtil.xsc xs-src\MouseUtil.c
gcc -c  "-I." "-I." 	-s -O2 -DWIN32 -DHAVE_DES_FCRYPT  -DUSE_SITECUSTOMIZE -DPERL_IMPLICIT_CONTEXT -DPERL_IMPLICIT_SYS -fno-strict-aliasing -DPERL_MSVCRT_READFIX -Wall -W -Wno-comment -s -O2 	  -DVERSION=\"0.62\" 	-DXS_VERSION=\"0.62\" -o xs-src\MouseUtil.o  "-IC:\strawberry\perl\lib\CORE"  -DUSE_PPPORT xs-src\MouseUtil.c
Running Mkbootstrap for Mouse ()
C:\strawberry\perl\bin\perl.exe "-Iinc" -MExtUtils::Command -e "chmod" -- 644 Mouse.bs
C:\strawberry\perl\bin\perl.exe "-Iinc" -MExtUtils::Mksymlists \
     -e "Mksymlists('NAME'=>\"Mouse\", 'DLBASE' => 'Mouse', 'DL_FUNCS' => {  }, 'FUNCLIST' => [], 'IMPORTS' => {  }, 'DL_VARS' => []);"
dlltool --def Mouse.def --output-exp dll.exp
g++ -o blib\arch\auto\Mouse\Mouse.dll -Wl,--base-file -Wl,dll.base -mdll -s -L"C:\strawberry\perl\lib\CORE" -L"C:\strawberry\c\lib" xs-src/Mouse.o 	xs-src/MouseAccessor.o 	xs-src/MouseAttribute.o 	xs-src/MouseTypeConstraints.o 	xs-src/MouseUtil.o -Wl,--image-base,0x28410000  C:\strawberry\perl\lib\CORE\libperl510.a -lmoldname -lkernel32 -luser32 -lgdi32 -lwinspool -lcomdlg32 -ladvapi32 -lshell32 -lole32 -loleaut32 -lnetapi32 -luuid -lws2_32 -lmpr -lwinmm -lversion -lodbc32 -lodbccp32 dll.exp
dlltool --def Mouse.def --base-file dll.base --output-exp dll.exp
g++ -o blib\arch\auto\Mouse\Mouse.dll -mdll -s -L"C:\strawberry\perl\lib\CORE" -L"C:\strawberry\c\lib" xs-src/Mouse.o 	xs-src/MouseAccessor.o 	xs-src/MouseAttribute.o 	xs-src/MouseTypeConstraints.o 	xs-src/MouseUtil.o -Wl,--image-base,0x28410000  C:\strawberry\perl\lib\CORE\libperl510.a -lmoldname -lkernel32 -luser32 -lgdi32 -lwinspool -lcomdlg32 -ladvapi32 -lshell32 -lole32 -loleaut32 -lnetapi32 -luuid -lws2_32 -lmpr -lwinmm -lversion -lodbc32 -lodbccp32 dll.exp 
C:\strawberry\perl\bin\perl.exe "-Iinc" -MExtUtils::Command -e "chmod" -- 755 blib\arch\auto\Mouse\Mouse.dll
C:\strawberry\perl\bin\perl.exe "-Iinc" -MExtUtils::Command -e "cp" -- Mouse.bs blib\arch\auto\Mouse\Mouse.bs
C:\strawberry\perl\bin\perl.exe "-Iinc" -MExtUtils::Command -e "chmod" -- 644 blib\arch\auto\Mouse\Mouse.bs
  GFUJI/Mouse-0.62.tar.gz
  C:\strawberry\c\bin\dmake.EXE -- OK
Running make test
C:\strawberry\perl\bin\perl.exe "-MExtUtils::Command::MM" "-e" "test_harness(0, 'inc', 'blib\lib', 'blib\arch')" t/*.t t/*/*.t
t/000-load.t ................................................... ok
t/000_recipes/002_schwartz_tutorial.t .......................... ok
t/000_recipes/basics-recipe10.t ................................ ok
t/000_recipes/moose_cookbook_basics_recipe1.t .................. ok
t/000_recipes/moose_cookbook_basics_recipe2.t .................. ok
t/000_recipes/moose_cookbook_basics_recipe3.t .................. ok
t/000_recipes/moose_cookbook_basics_recipe4.t .................. skipped: Regexp::Common & Locale::US required for this test
t/000_recipes/moose_cookbook_basics_recipe5.t .................. ok
t/000_recipes/moose_cookbook_basics_recipe6.t .................. ok
t/000_recipes/moose_cookbook_extending_recipe3.t ............... ok
t/000_recipes/moose_cookbook_meta_recipe2.t .................... ok
t/000_recipes/moose_cookbook_meta_recipe3.t .................... ok
t/000_recipes/moose_cookbook_roles_recipe1.t ................... ok
t/000_recipes/moose_cookbook_roles_recipe2.t ................... ok
t/000_recipes/moose_cookbook_roles_recipe3.t ................... ok
t/001_mouse/001-strict-and-warnings.t .......................... ok
t/001_mouse/002-subclass.t ..................................... ok
t/001_mouse/006-unimport.t ..................................... ok
t/001_mouse/007-attributes.t ................................... ok
t/001_mouse/008-default.t ...................................... ok
t/001_mouse/010-required.t ..................................... ok
t/001_mouse/011-lazy.t ......................................... ok
t/001_mouse/013-predicate-and-clearer.t ........................ ok
t/001_mouse/014-build.t ........................................ ok
t/001_mouse/015-demolish.t ..................................... ok
t/001_mouse/016-trigger.t ...................................... ok
t/001_mouse/017-default-reference.t ............................ ok
t/001_mouse/018-multiattr-has.t ................................ ok
t/001_mouse/019-handles.t ...................................... ok
t/001_mouse/020-load-class.t ................................... ok
t/001_mouse/021-weak-ref.t ..................................... ok
t/001_mouse/022-init-arg.t ..................................... ok
t/001_mouse/023-builder.t ...................................... ok
t/001_mouse/024-isa.t .......................................... ok
t/001_mouse/025-more-isa.t ..................................... ok
t/001_mouse/026-auto-deref.t ................................... ok
t/001_mouse/027-modifiers.t .................................... ok
t/001_mouse/028-subclass-attr.t ................................ ok
t/001_mouse/029-new.t .......................................... ok
t/001_mouse/030-has-plus.t ..................................... ok
t/001_mouse/031-clone.t ........................................ ok
t/001_mouse/032-buildargs.t .................................... ok
t/001_mouse/033-requires.t ..................................... ok
t/001_mouse/034-apply_all_roles.t .............................. ok
t/001_mouse/035-apply-roles-to-roles.t ......................... ok
t/001_mouse/036-with-method-alias.t ............................ ok
t/001_mouse/037-dont-load-test-exception.t ..................... ok
t/001_mouse/039-subtype.t ...................................... ok
t/001_mouse/040-existing-subclass.t ............................ skipped: Test::Output is required for this test
t/001_mouse/041-enum.t ......................................... ok
t/001_mouse/042-override.t ..................................... ok
t/001_mouse/043-parameterized-type.t ........................... ok
t/001_mouse/044-attribute-metaclass.t .......................... ok
t/001_mouse/045-import-into_level.t ............................ ok
t/001_mouse/046-meta-add_attribute.t ........................... ok
t/001_mouse/047-attribute-metaclass-role.t ..................... ok
t/001_mouse/049-coercion-application-order.t ................... ok
t/001_mouse/050-inherited-immutable-constructor-bug.t .......... ok
t/001_mouse/051_throw_error.t .................................. ok
t/001_mouse/052-undefined-type-in-union.t ...................... skipped: suspending
t/001_mouse/053-extends-meta.t ................................. ok
t/001_mouse/054-anon-leak.t .................................... skipped: Test::LeakTrace 0.10 is required for this test
t/001_mouse/055-exporter.t ..................................... ok
t/001_mouse/056-role-combine.t ................................. ok
t/001_mouse/057_subtype_without_where.t ........................ ok
t/001_mouse/058-accessor-leaks.t ............................... skipped: Test::LeakTrace 0.10 is required for this test
t/001_mouse/059-weak-with-default.t ............................ ok
t/001_mouse/060-threads.t ...................................... ok
t/001_mouse/061-metaclass-compatibility.t ...................... ok
t/001_mouse/062-duck_type.t .................................... ok
t/001_mouse/063-meta-of-metaclasses.t .......................... ok
t/001_mouse/064-class-c3.t ..................................... ok
t/001_mouse/065-attr-mop.t ..................................... ok
t/001_mouse/066-magic.t ........................................ ok
t/001_mouse/067-traits.t ....................................... ok
t/001_mouse/068-strict-constructor.t ........................... ok
t/001_mouse/100-meta-class.t ................................... ok
t/001_mouse/101-meta-attribute.t ............................... ok
t/001_mouse/301-bugs-non-mouse.t ............................... ok
t/001_mouse/400-define-role.t .................................. ok
t/001_mouse/401-meta-role.t .................................... ok
t/001_mouse/402-attribute-application.t ........................ ok
t/001_mouse/403-method-modifiers.t ............................. ok
t/001_mouse/404-role-overrides.t ............................... ok
t/001_mouse/600-tiny-tiny.t .................................... ok
t/001_mouse/601-tiny-mouse.t ................................... ok
t/001_mouse/602-mouse-tiny.t ................................... ok
t/001_mouse/603-mouse-pureperl.t ............................... ok
t/001_mouse/801-coerce.t ....................................... ok
t/001_mouse/802-coerce_multi_class.t ........................... ok
t/001_mouse/804-immutable-demolish.t ........................... ok
t/001_mouse/805-class_type.t ................................... ok
t/001_mouse/806-role_type.t .................................... ok
t/001_mouse/807-multi-roles.t .................................. ok
t/001_mouse/808-create_class.t ................................. ok
t/001_mouse/809-overwrite-builtin-subtype.t .................... ok
t/001_mouse/810-isa-or.t ....................................... ok
t/001_mouse/811-util-linear-isa.t .............................. ok
t/001_mouse/812-role-compatibility.t ........................... ok
t/001_mouse/813-compatibility-get_method_list.t ................ ok
t/001_mouse/814-subtype-as.t ................................... ok
t/010_basics/001_basic_class_setup.t ........................... ok
t/010_basics/002_require_superclasses.t ........................ ok
t/010_basics/003_super_and_override.t .......................... ok
t/010_basics/004_inner_and_augment.t ........................... ok
t/010_basics/005_override_augment_inner_super.t ................ ok
t/010_basics/006_override_and_foreign_classes.t ................ ok
t/010_basics/007_always_strict_warnings.t ...................... ok
t/010_basics/008_wrapped_method_cxt_propagation.t .............. ok
t/010_basics/009_import_unimport.t ............................. ok
t/010_basics/010_method_modifier_with_regexp.t ................. ok
t/010_basics/011_moose_respects_type_constraints.t ............. ok
t/010_basics/013_create.t ...................................... ok
t/010_basics/014_create_anon.t ................................. ok
t/010_basics/015_buildargs.t ................................... ok
t/010_basics/017_error_handling.t .............................. ok
t/010_basics/018_methods.t ..................................... ok
t/010_basics/019-destruction.t ................................. ok
t/010_basics/020-global-destruction.t .......................... ok
t/020_attributes/002_attribute_writer_generation.t ............. ok
t/020_attributes/003_attribute_accessor_generation.t ........... ok
t/020_attributes/005_attribute_does.t .......................... ok
t/020_attributes/006_attribute_required.t ...................... ok
t/020_attributes/007_attribute_custom_metaclass.t .............. ok
t/020_attributes/008_attribute_type_unions.t ................... ok
t/020_attributes/011_more_attr_delegation.t .................... ok
t/020_attributes/012_misc_attribute_tests.t .................... ok
t/020_attributes/013_attr_dereference_test.t ................... ok
t/020_attributes/014_misc_attribute_coerce_lazy.t .............. ok
t/020_attributes/015_attribute_traits.t ........................ ok
t/020_attributes/016_attribute_traits_registered.t ............. ok
t/020_attributes/017_attribute_traits_n_meta.t ................. ok
t/020_attributes/018_no_init_arg.t ............................. ok
t/020_attributes/020_trigger_and_coerce.t ...................... ok
t/020_attributes/024_attribute_traits_parameterized.t .......... ok
t/020_attributes/025_chained_coercion.t ........................ ok
t/020_attributes/026_attribute_without_any_methods.t ........... ok
t/020_attributes/029_accessor_context.t ........................ ok
t/020_attributes/030_non_alpha_attr_names.t .................... ok
t/030_roles/001_meta_role.t .................................... ok
t/030_roles/002_role.t ......................................... ok
t/030_roles/003_apply_role.t ................................... ok
t/030_roles/004_role_composition_errors.t ...................... ok
t/030_roles/005_role_conflict_detection.t ...................... ok
t/030_roles/008_role_conflict_edge_cases.t ..................... ok
t/030_roles/009_more_role_edge_cases.t ......................... ok
t/030_roles/010_run_time_role_composition.t .................... ok
t/030_roles/013_method_aliasing_in_composition.t ............... ok
t/030_roles/014_more_alias_and_exclude.t ....................... ok
t/030_roles/015_runtime_roles_and_attrs.t ...................... ok
t/030_roles/016_runtime_roles_and_nonmoose.t ................... ok
t/030_roles/017_extending_role_attrs.t ......................... ok
t/030_roles/018_runtime_roles_w_params.t ....................... ok
t/030_roles/019_build.t ........................................ skipped: Test::Output is required for this test
t/030_roles/031_roles_applied_in_create.t ...................... ok
t/030_roles/033_role_exclusion_and_alias_bug.t ................. ok
t/030_roles/034_create_role.t .................................. ok
t/030_roles/035_anonymous_roles.t .............................. ok
t/030_roles/036_free_anonymous_roles.t ......................... ok
t/030_roles/037_create_role_subclass.t ......................... ok
t/030_roles/041_empty_method_modifiers_meta_bug.t .............. ok
t/030_roles/042_compose_overloading.t .......................... ok
t/040_type_constraints/003_util_std_type_constraints.t ......... ok
t/040_type_constraints/004_util_find_type_constraint.t ......... ok
t/040_type_constraints/005_util_type_coercion.t ................ ok
t/040_type_constraints/007_util_more_type_coercion.t ........... ok
t/040_type_constraints/009_union_types_and_coercions.t ......... ok
t/040_type_constraints/010_misc_type_tests.t ................... ok
t/040_type_constraints/015_enum.t .............................. ok
t/040_type_constraints/017_subtyping_union_types.t ............. ok
t/040_type_constraints/022_custom_type_errors.t ................ ok
t/040_type_constraints/023_types_and_undef.t ................... ok
t/040_type_constraints/025_type_coersion_on_lazy_attributes.t .. ok
t/040_type_constraints/029_define_type_twice_throws.t .......... ok
t/050_metaclasses/001_custom_attr_meta_with_roles.t ............ ok
t/050_metaclasses/002_custom_attr_meta_as_role.t ............... ok
t/050_metaclasses/011_init_meta.t .............................. ok
t/050_metaclasses/013_metaclass_traits.t ....................... ok
t/050_metaclasses/017_use_base_of_moose.t ...................... ok
t/050_metaclasses/020_metaclass_parameterized_traits.t ......... ok
t/050_metaclasses/041_moose_nonmoose_chain_init_meta.t ......... ok
t/050_metaclasses/051_metarole_on_anon.t ....................... ok
t/100_bugs/001_subtype_quote_bug.t ............................. ok
t/100_bugs/002_subtype_conflict_bug.t .......................... ok
t/100_bugs/003_Moose_Object_error.t ............................ ok
t/100_bugs/004_subclass_use_base_bug.t ......................... ok
t/100_bugs/005_inline_reader_bug.t ............................. ok
t/100_bugs/007_reader_precedence_bug.t ......................... ok
t/100_bugs/009_augment_recursion_bug.t ......................... ok
t/100_bugs/010_immutable_n_default_x2.t ........................ ok
t/100_bugs/011_DEMOLISH_eats_exceptions.t ...................... ok
t/100_bugs/012_DEMOLISH_eats_mini.t ............................ ok
t/100_bugs/013_lazybuild_required_undef.t ...................... ok
t/100_bugs/016_inheriting_from_roles.t ......................... ok
t/100_bugs/017_type_constraint_messages.t ...................... ok
t/100_bugs/019_moose_octal_defaults.t .......................... ok
t/100_bugs/020_super_recursion.t ............................... ok
t/100_bugs/022_role_caller.t ................................... ok
t/100_bugs/025_universal_methods_wrappable.t ................... ok
t/100_bugs/026_create_anon_recursion.t ......................... ok
t/100_bugs/027_constructor_object_overload.t ................... ok
t/200_examples/001_example.t ................................... ok
t/200_examples/003_example.t ................................... ok
t/200_examples/004_example_w_DCS.t ............................. skipped: Declare::Constraints::Simple is required for this test
t/200_examples/005_example_w_TestDeep.t ........................ ok
t/200_examples/0071_Child_Parent_attr_inherit_imm.t ............ ok
t/200_examples/007_Child_Parent_attr_inherit.t ................. ok
t/200_examples/008_record_set_iterator.t ....................... ok
t/300_immutable/001_immutable_moose.t .......................... ok
t/300_immutable/004_inlined_constructors_n_types.t ............. ok
t/300_immutable/005_multiple_demolish_inline.t ................. ok
t/300_immutable/007_immutable_trigger_from_constructor.t ....... ok
t/300_immutable/008_immutable_constructor_error.t .............. ok
t/300_immutable/009_buildargs.t ................................ ok
t/300_immutable/101-immutable-default.t ........................ ok
t/400_mouse_util/002_mouse_util_does_role.t .................... ok
t/800_with_external/001-pod-coverage-moose.t ................... ok
t/800_with_external/002-externals.t ............................ skipped: for release testing
t/810_with_moose/201-squirrel.t ................................ ok
t/810_with_moose/202-squirrel-role.t ........................... ok
t/810_with_moose/500_moose_extends_mouse.t ..................... skipped: [TODO] a Moose class cannot extends a Mouse class
t/810_with_moose/501_moose_coerce_mouse.t ...................... skipped: [TODO] a Mouse class cannot extends a Moose class
t/900_mouse_bugs/001_immutable_types.t ......................... ok
t/900_mouse_bugs/002_does_role_should_search_parent.t .......... ok
t/900_mouse_bugs/003_RT50421.t ................................. ok
t/900_mouse_bugs/004_RT54203.t ................................. ok
t/900_mouse_bugs/005_large_int.t ............................... ok
t/900_mouse_bugs/006_RT69939.t ................................. ok
t/900_mouse_bugs/007_RT56523.t ................................. ok
t/900_mouse_bugs/008_RT56837.t ................................. ok
t/900_mouse_bugs/009_RT57144.t ................................. ok
t/990_deprecated/001-export_to_level.t ......................... ok
t/990_deprecated/044-attribute-metaclass.t ..................... ok
t/990_deprecated/047-attribute-metaclass-role.t ................ ok
All tests successful.

Test Summary Report
-------------------
t/000_recipes/moose_cookbook_roles_recipe1.t                 (Wstat: 0 Tests: 63 Failed: 0)
  TODO passed:   5
t/030_roles/001_meta_role.t                                  (Wstat: 0 Tests: 26 Failed: 0)
  TODO passed:   13
t/030_roles/042_compose_overloading.t                        (Wstat: 0 Tests: 1 Failed: 0)
  TODO passed:   1
t/100_bugs/025_universal_methods_wrappable.t                 (Wstat: 0 Tests: 2 Failed: 0)
  TODO passed:   1-2
Files=234, Tests=5025, 31 wallclock secs ( 1.66 usr +  0.47 sys =  2.13 CPU)
Result: PASS
  GFUJI/Mouse-0.62.tar.gz
Tests succeeded but one dependency not OK (Test::Requires)
  GFUJI/Mouse-0.62.tar.gz
  [dependencies] -- NA
Running make install
  make test had returned bad status, won't install without force
Completed install of Mouse
