cpan> install HTML::Formatter
Database was generated on Wed, 13 Apr 2011 17:57:32 GMT
Running install for module 'HTML::Formatter'
Running make for N/NI/NIGELM/HTML-Format-2.05.tar.gz
Checksum for C:\strawberry\cpan\sources\authors\id\N\NI\NIGELM\HTML-Format-2.05.
tar.gz ok
Scanning cache C:\strawberry\cpan\build for sizes
............................................................................DONE


  CPAN.pm: Going to build N/NI/NIGELM/HTML-Format-2.05.tar.gz

Checking if your kit is complete...
Looks good
Warning: prerequisite perl 5.004 not found.
Writing Makefile for HTML::Format
(C:\strawberry\perl\bin\perl.exe Makefile.PL exited with 0)
CPAN::Reporter: Makefile.PL result is 'pass', No errors.
cp lib/HTML/Formatter.pm blib\lib\HTML\Formatter.pm
cp lib/HTML/FormatText.pm blib\lib\HTML\FormatText.pm
cp lib/HTML/FormatPS.pm blib\lib\HTML\FormatPS.pm
cp lib/HTML/FormatRTF.pm blib\lib\HTML\FormatRTF.pm
(C:\strawberry\c\bin\dmake.EXE exited with 0)
CPAN::Reporter: dmake result is 'pass', No errors.
  NIGELM/HTML-Format-2.05.tar.gz
  C:\strawberry\c\bin\dmake.EXE -- OK
Running make test
C:\strawberry\perl\bin\perl.exe "-MExtUtils::Command::MM" "-e" "test_harness(0,
'blib\lib', 'blib\arch')" t/*.t
t/00-compile.t ............... ok
# Testing with Perl 5.012002, C:\STRAWB~1\perl\bin\perl.exe
#     Carp version is 1.17
#     Data::Dumper version is 2.128
#     English version is 1.04
#     ExtUtils::MakeMaker version is 6.56
#     File::Find version is 1.15
#     File::Slurp version is 9999.13
#     File::Spec version is 3.33
#     File::Temp version is 0.22
#     Font::Metrics::Courier version is undefined
#     Font::Metrics::CourierBold version is undefined
#     Font::Metrics::CourierBoldOblique version is undefined
#     Font::Metrics::CourierOblique version is undefined
#     Font::Metrics::Helvetica version is undefined
#     Font::Metrics::HelveticaBold version is undefined
#     Font::Metrics::HelveticaBoldOblique version is undefined
#     Font::Metrics::HelveticaOblique version is undefined
#     Font::Metrics::TimesBold version is undefined
#     Font::Metrics::TimesBoldItalic version is undefined
#     Font::Metrics::TimesItalic version is undefined
#     Font::Metrics::TimesRoman version is undefined
#     HTML::Element version is 4.1
#     HTML::TreeBuilder version is 4.1
#     Scalar::Util version is 1.23
#     Test::More version is 0.96
#     integer version is 1.00
#     vars version is 1.01
t/000-report-versions.t ...... ok
t/01_ps.t .................... ok
t/02_rtf.t ................... ok
t/03_text.t .................. ok
t/author-critic.t ............ skipped: these tests are for testing by the autho
r
t/release-dist-manifest.t .... skipped: these tests are for release candidate te
sting
t/release-distmeta.t ......... skipped: these tests are for release candidate te
sting
t/release-eol.t .............. skipped: these tests are for release candidate te
sting
t/release-has-version.t ...... skipped: these tests are for release candidate te
sting
t/release-minimum-version.t .. skipped: these tests are for release candidate te
sting
t/release-no-tabs.t .......... skipped: these tests are for release candidate te
sting
t/release-pod-spell.t ........ skipped: these tests are for release candidate te
sting
t/release-pod-syntax.t ....... skipped: these tests are for release candidate te
sting
t/release-portability.t ...... skipped: these tests are for release candidate te
sting
t/release-synopsis.t ......... skipped: these tests are for release candidate te
sting
t/release-unused-vars.t ...... skipped: these tests are for release candidate te
sting
All tests successful.
Files=17, Tests=40,  3 wallclock secs ( 0.16 usr +  0.08 sys =  0.23 CPU)
Result: PASS
(C:\strawberry\c\bin\dmake.EXE test exited with 0)
CPAN::Reporter: Test result is 'pass', All tests successful.
CPAN::Reporter: preparing a CPAN Testers report for HTML-Format-2.05
CPAN::Reporter: sending test report with 'pass' via Metabase
  NIGELM/HTML-Format-2.05.tar.gz
  C:\strawberry\c\bin\dmake.EXE test -- OK
Running make install
Prepending C:\strawberry\cpan\build\HTML-Format-2.05-A1dA7u/blib/arch C:\strawbe
rry\cpan\build\HTML-Format-2.05-A1dA7u/blib/lib to PERL5LIB for 'install'
Installing C:\strawberry\perl\site\lib\HTML\FormatPS.pm
Installing C:\strawberry\perl\site\lib\HTML\FormatRTF.pm
Installing C:\strawberry\perl\site\lib\HTML\Formatter.pm
Installing C:\strawberry\perl\site\lib\HTML\FormatText.pm
Appending installation info to C:\strawberry\perl\lib/perllocal.pod
dmake.EXE:  Warning: -- Target [install] was made but the time stamp has not bee
n updated.
  NIGELM/HTML-Format-2.05.tar.gz
  C:\strawberry\c\bin\dmake.EXE install UNINST=1 -- OK


cpan>