Running Mkbootstrap for Gnu ()
chmod 644 "Gnu.bs"
"/opt/perl/bin/perl" -MExtUtils::Command::MM -e 'cp_nonempty' -- Gnu.bs blib/arch/auto/Term/ReadLine/Gnu/Gnu.bs 644
cc -c  -I/usr/local/opt/readline/include -fno-common -DPERL_DARWIN -mmacosx-version-min=10.11 -fno-strict-aliasing -pipe -fstack-protector-strong -I/usr/local/include -DPERL_USE_SAFE_PUTENV -O3   -DVERSION=\"1.31\" -DXS_VERSION=\"1.31\"  "-I/opt/perl/lib/5.24.0/darwin-2level/CORE"  -DHAVE_STRING_H -DTRG_READLINE_VERSION=0x0603 Gnu.c 
rm -f blib/arch/auto/Term/ReadLine/Gnu/Gnu.bundle
LD_RUN_PATH="/usr/local/opt/readline/lib:/usr/lib" cc  -L/usr/local/opt/readline/lib  -mmacosx-version-min=10.11 -bundle -undefined dynamic_lookup -L/usr/local/lib -fstack-protector-strong -o blib/arch/auto/Term/ReadLine/Gnu/Gnu.bundle  Gnu.o  \
	   -L/usr/local/opt/readline/lib -lreadline -ltermcap   \
	  
chmod 755 blib/arch/auto/Term/ReadLine/Gnu/Gnu.bundle
Skip blib/lib/Term/ReadLine/Gnu/XS.pm (unchanged)
Skip blib/lib/Term/ReadLine/Gnu.pm (unchanged)
cp eg/perlsh blib/script/perlsh
"/opt/perl/bin/perl" -MExtUtils::MY -e 'MY->fixin(shift)' -- blib/script/perlsh
PERL_DL_NONLAZY=1 "/opt/perl/bin/perl" "-MExtUtils::Command::MM" "-MTest::Harness" "-e" "undef *Test::Harness::Switches; test_harness(1, 'blib/lib', 'blib/arch')" t/*.t
t/00checkver.t ... 
1..4
# Running under perl version 5.024000 for darwin
# Current time local: Mon May 23 14:46:29 2016
# Current time GMT:   Mon May 23 13:46:29 2016
# Using Test.pm version 1.28
# I'm testing Term::ReadLine::Gnu version 1.31
ok 1
ok 2
ok 3
# OS: darwin
# Perl version: 5.024000
# GNU Readline Library version: 6.3, 0x603
# $TERM=xterm-256color
ok 4
ok
t/callback.t ..... 
1..7
ok 1	loading
ok 2
ok 3
ok 4	# skipped since Tk is not available.
ok 5	# skipped since Tk is not available.
ok 6	# skipped since Tk is not available.
ok 7	# skipped since Tk is not available.
ok
t/history.t ...... 
1..84
ok 1
ok 2
ok 3
ok 4
# 2.3.1 Initializing History and State Management
ok 5
ok 6
ok 7
ok 8
ok 9
ok 10
ok 11
ok 12
ok 13
ok 14
ok 15
ok 16
ok 17
# 2.3.2 History List Management
ok 18
ok 19
ok 20
ok 21
ok 22
ok 23
ok 24
ok 25
ok 26
ok 27
# 2.3.3 Information About the History List
ok 28
ok 29
ok 30
ok 31
# 2.3.4 Moving Around the History List
ok 32
ok 33
ok 34
ok 35
ok 36
ok 37
ok 38
ok 39
ok 40
ok 41
ok 42
ok 43
# 2.3.5 Searching the History List
ok 44
ok 45
ok 46
ok 47
ok 48
ok 49
ok 50
ok 51
ok 52
ok 53
ok 54
ok 55
ok 56
ok 57
ok 58
ok 59
ok 60
ok 61
ok 62
# 2.3.6 Managing the History File
ok 63
ok 64
ok 65
ok 66
ok 67
ok 68
ok 69
# 2.3.7 History Expansion
ok 70
ok 71
ok 72
ok 73	get_history_event
ok 74	
ok 75	
ok 76	
ok 77
ok 78
ok 79
ok 80
ok 81
# 2.4 History Variables
ok 82
ok 83
ok 84
ok
t/readline.t ..... 
1..140
# Testing Term::ReadLine::Gnu version 1.31
ok 1	loading
ok 2	new
ok 3	ReadLine method
ok 4	Features method
ok 5	Attrib method
# 2.3 Readline Variables
ok 6	readline_version
ok 7	rl_version
ok 8	
ok 9	
ok 10	
ok 11	
ok 12	
ok 13	num_chars_to_read
ok 14	pending_input
ok 15	dispatching
ok 16	
ok 17	
ok 18	display_prompt
ok 19	already_prompted
ok 20	gnu_readline_p
ok 21	
ok 22	readline_name
ok 23	prefer_envwin_size
ok 24	
ok 25	startup_hook
ok 26	
ok 27	
ok 28	
ok 29	
ok 30	
ok 31	
ok 32	
ok 33	
ok 34	executing_keymap
ok 35	binding_keymap
ok 36	executing_macro
ok 37	executing_key
ok 38	executing_keyseq
ok 39	key_sequence_length
ok 40	readline_state
ok 41	explicit_arg
ok 42	numeric_arg
ok 43	editing_mode
# 2.4 Readline Convenience Functions
# 2.4.1 Naming a Function
ok 44	add_defun
ok 45	
ok 46	
ok 47	
# 2.4.2 Selecting a Keymap
ok 48	bind_key
ok 49	
ok 50	
ok 51	
# 2.4.3 Binding Keys
ok 52	keymap binding
ok 53	macro binding
ok 54	function binding
ok 55	rl_read_init_file
ok 56	
ok 57	
ok 58	unbind_key
ok 59	add_funmap_entry
# 2.4.4 Associating Function Names and Bindings
ok 60	invoking_keyseqs
# 2.4.5 Allowing Undoing
# 2.4.6 Redisplay
# 2.4.7 Modifying Text
# 2.4.8 Character Input
# 2.4.9 Terminal Management
# 2.4.10 Utility Functions
# 2.4.11 Miscellaneous Functions
# 2.4.12 Alternate Interface
# 2.5 Readline Signal Handling
ok 61	catch_signals
ok 62	catch_sigwinch
ok 63	change_environment
ok 64	set/get_screen_size
# 2.6 Custom Completers
# 2.6.1 How Completing Works
# 2.6.2 Completion Functions
# 2.6.3 Completion Variables
ok 65	
ok 66	
ok 67	
ok 68	
ok 69	char_is_quoted_p
ok 70	
ok 71	
ok 72	
ok 73	
ok 74	
ok 75	
ok 76	
ok 77	
ok 78	
ok 79	
ok 80	
ok 81	
ok 82	special_prefixes
ok 83	
ok 84	
ok 85	
ok 86	
ok 87	
ok 88	
ok 89	
ok 90	
ok 91	
ok 92	
ok 93	
ok 94	
ok 95	completion_type
ok 96	
ok 97	
ok 98	accept-line is bound to \C-m
ok 99	forward-char is bound to \C-f
ok 100	backward-char is bound to \C-b
ok 101	forward-word is bound to \M-f
ok 102	backward-word is bound to \M-b
ok 103	end-of-line is bound to \C-e
ok 104	beginning-of-line is bound to \C-a
ok 105	backward-delete-char is bound to \C-h
ok 106	delete-char is bound to \C-d
ok 107	complete is bound to \C-i
ok 108	self insert
ok 109	cursor move
ok 110	custom commands
ok 111	undo
ok 112	macro
ok 113	ornaments
ok 114	operate_and_get_next 1
ok 115	operate_and_get_next 2
ok 116	operate_and_get_next 3
ok 117	operate_and_get_next 4
# test history expansion
ok 118	history 1
ok 119	history 2
ok 120	history 3
# test custom completion function
ok 121	insert completion
ok 122	default completion
ok 123	username completion
ok 124	list completion
ok 125	filename completion
ok 126	null completion 1
ok 127	null completion 2
ok 128	list & file completion
ok 129	ingore_some_completion
ok 130	filename_quoting_function
ok 131	filename_dequoting_function
ok 132	directory_completion_hook
ok 133	filename_list
# test rl_startup_hook, rl_pre_input_hook
ok 134	startup_hook
ok 135	pre_input_hook
# test redisplay_function
ok 136	redisplay_function
ok 137
# test rl_display_match_list
ok 138
# test rl_completion_display_matches_hook
ok 139
# test ornaments
ok 140
# end of non-interactive test
ok
t/utf8_binary.t .. 
1..5
# Running under perl version 5.024000 for darwin
# Current time local: Mon May 23 14:46:29 2016
# Current time GMT:   Mon May 23 13:46:29 2016
# Using Test.pm version 1.28
# I'm testing Term::ReadLine::Gnu version 1.31
ok 1
The locale 'en_US.utf8' is not supported. Skipped...
ok 2
ok 3
ok 4
ok 5
ok
t/utf8_text.t .... 
1..4
# Running under perl version 5.024000 for darwin
# Current time local: Mon May 23 14:46:29 2016
# Current time GMT:   Mon May 23 13:46:29 2016
# Using Test.pm version 1.28
# I'm testing Term::ReadLine::Gnu version 1.31
ok 1
#i: unix:perlio:encoding(utf8):utf8
#o: unix:perlio:encoding(utf8):utf8
ok 2
#i: unix:perlio:encoding(utf8):utf8
#o: unix:perlio:encoding(utf8):utf8
[4mæ¼¢å­—> [24mæ¼¢å­—1
æ¼¢å­—1
$VAR1 = "\x{6f22}\x{5b57}1";
$VAR2 = "\x{6f22}\x{5b57}1";
ok 3
ok 4
ok
All tests successful.
Files=6, Tests=244,  1 wallclock secs ( 0.04 usr  0.01 sys +  0.23 cusr  0.04 csys =  0.32 CPU)
Result: PASS
