cpanm (App::cpanminus) 1.7039 on perl 5.008001 built for darwin-2level
Work directory is /Users/ether/.cpanm/work/1443220556.69252
You have make /usr/bin/make
You have LWP 6.13
You have /usr/bin/tar: bsdtar 2.8.3 - libarchive 2.8.3
You have /usr/bin/unzip
Searching Dist::Zilla::Plugin::Breaks on mirror http://mirrors.gossamer-threads.com/CPAN ...
Downloading index file http://mirrors.gossamer-threads.com/CPAN/modules/02packages.details.txt.gz ...
--> Working on Dist::Zilla::Plugin::Breaks
Fetching http://mirrors.gossamer-threads.com/CPAN/authors/id/E/ET/ETHER/Dist-Zilla-Plugin-Breaks-0.003.tar.gz
-> OK
Unpacking Dist-Zilla-Plugin-Breaks-0.003.tar.gz
Entering Dist-Zilla-Plugin-Breaks-0.003
Checking configure dependencies from META.json
Checking if you have ExtUtils::MakeMaker 6.58 ... Yes (7.10)
Checking if you have Module::Build::Tiny 0.037 ... No
==> Found dependencies: Module::Build::Tiny
Searching Module::Build::Tiny on mirror http://mirrors.gossamer-threads.com/CPAN ...
--> Working on Module::Build::Tiny
Fetching http://mirrors.gossamer-threads.com/CPAN/authors/id/L/LE/LEONT/Module-Build-Tiny-0.039.tar.gz
-> OK
Unpacking Module-Build-Tiny-0.039.tar.gz
Entering Module-Build-Tiny-0.039
Checking configure dependencies from META.json
Checking if you have ExtUtils::Install 0 ... Yes (1.54)
Checking if you have ExtUtils::Helpers 0.020 ... No
Checking if you have strict 0 ... Yes (1.03)
Checking if you have File::Find 0 ... Yes (1.05)
Checking if you have Pod::Man 0 ... Yes (2.28)
Checking if you have File::Basename 0 ... Yes (2.72)
Checking if you have Exporter 5.57 ... Yes (5.72)
Checking if you have CPAN::Meta 0 ... Yes (2.150005)
Checking if you have warnings 0 ... Yes (1.03)
Checking if you have JSON::PP 2 ... Yes (2.27203)
Checking if you have Getopt::Long 2.36 ... No (2.34 < 2.36)
Checking if you have TAP::Harness::Env 0 ... Yes (3.35)
Checking if you have ExtUtils::ParseXS 0 ... Yes (3.30)
Checking if you have ExtUtils::Config 0.003 ... No
Checking if you have File::Path 0 ... Yes (2.11)
Checking if you have DynaLoader 0 ... Yes (1.04)
Checking if you have ExtUtils::InstallPaths 0.002 ... No
Checking if you have File::Spec::Functions 0 ... Yes (3.47)
Checking if you have ExtUtils::CBuilder 0 ... Yes (0.280223)
==> Found dependencies: ExtUtils::Helpers, Getopt::Long, ExtUtils::Config, ExtUtils::InstallPaths
Searching ExtUtils::Helpers on mirror http://mirrors.gossamer-threads.com/CPAN ...
--> Working on ExtUtils::Helpers
Fetching http://mirrors.gossamer-threads.com/CPAN/authors/id/L/LE/LEONT/ExtUtils-Helpers-0.022.tar.gz
-> OK
Unpacking ExtUtils-Helpers-0.022.tar.gz
Entering ExtUtils-Helpers-0.022
Checking configure dependencies from META.json
Checking if you have ExtUtils::MakeMaker 6.58 ... Yes (7.10)
Configuring ExtUtils-Helpers-0.022
Running Makefile.PL
Warning: prerequisite Text::ParseWords 3.24 not found. We have 3.21.
Checking if your kit is complete...
Looks good
Generating a Unix-style Makefile
Writing Makefile for ExtUtils::Helpers
Writing MYMETA.yml and MYMETA.json
-> OK
Checking dependencies from MYMETA.json ...
Checking if you have Module::Load 0 ... Yes (0.32)
Checking if you have strict 0 ... Yes (1.03)
Checking if you have Exporter 5.57 ... Yes (5.72)
Checking if you have File::Basename 0 ... Yes (2.72)
Checking if you have Text::ParseWords 3.24 ... No (3.21 < 3.24)
Checking if you have warnings 0 ... Yes (1.03)
Checking if you have File::Spec::Functions 0 ... Yes (3.47)
Checking if you have Carp 0 ... Yes (1.36)
Checking if you have File::Copy 0 ... Yes (2.06)
==> Found dependencies: Text::ParseWords
Searching Text::ParseWords on mirror http://mirrors.gossamer-threads.com/CPAN ...
--> Working on Text::ParseWords
Fetching http://mirrors.gossamer-threads.com/CPAN/authors/id/C/CH/CHORNY/Text-ParseWords-3.30.tar.gz
-> OK
Unpacking Text-ParseWords-3.30.tar.gz
Entering Text-ParseWords-3.30
Checking configure dependencies from META.json
Checking if you have ExtUtils::MakeMaker 6.58 ... Yes (7.10)
Configuring Text-ParseWords-3.30
Running Makefile.PL
Checking if your kit is complete...
Looks good
Generating a Unix-style Makefile
Writing Makefile for Text::ParseWords
Writing MYMETA.yml and MYMETA.json
-> OK
Checking dependencies from MYMETA.json ...
Checking if you have ExtUtils::MakeMaker 0 ... Yes (7.10)
Building Text-ParseWords-3.30
cp lib/Text/ParseWords.pm blib/lib/Text/ParseWords.pm
Manifying 1 pod document
Manifying 1 pod document
Installing /Users/ether/.perlbrew/libs/8.1@std/lib/perl5/Text/ParseWords.pm
Installing /Users/ether/.perlbrew/libs/8.1@std/man/man3/Text::ParseWords.0
Appending installation info to /Users/ether/.perlbrew/libs/8.1@std/lib/perl5/darwin-2level/perllocal.pod
-> OK
Successfully installed Text-ParseWords-3.30 (upgraded from 3.21)
Installing /Users/ether/.perlbrew/libs/8.1@std/lib/perl5/darwin-2level/.meta/Text-ParseWords-3.30/MYMETA.json
Installing /Users/ether/.perlbrew/libs/8.1@std/lib/perl5/darwin-2level/.meta/Text-ParseWords-3.30/install.json
Building ExtUtils-Helpers-0.022
cp lib/ExtUtils/Helpers/Unix.pm blib/lib/ExtUtils/Helpers/Unix.pm
cp lib/ExtUtils/Helpers/Windows.pm blib/lib/ExtUtils/Helpers/Windows.pm
cp lib/ExtUtils/Helpers.pm blib/lib/ExtUtils/Helpers.pm
cp lib/ExtUtils/Helpers/VMS.pm blib/lib/ExtUtils/Helpers/VMS.pm
Manifying 4 pod documents
Manifying 4 pod documents
Installing /Users/ether/.perlbrew/libs/8.1@std/lib/perl5/ExtUtils/Helpers.pm
Installing /Users/ether/.perlbrew/libs/8.1@std/lib/perl5/ExtUtils/Helpers/Unix.pm
Installing /Users/ether/.perlbrew/libs/8.1@std/lib/perl5/ExtUtils/Helpers/VMS.pm
Installing /Users/ether/.perlbrew/libs/8.1@std/lib/perl5/ExtUtils/Helpers/Windows.pm
Installing /Users/ether/.perlbrew/libs/8.1@std/man/man3/ExtUtils::Helpers.0
Installing /Users/ether/.perlbrew/libs/8.1@std/man/man3/ExtUtils::Helpers::Unix.0
Installing /Users/ether/.perlbrew/libs/8.1@std/man/man3/ExtUtils::Helpers::VMS.0
Installing /Users/ether/.perlbrew/libs/8.1@std/man/man3/ExtUtils::Helpers::Windows.0
Appending installation info to /Users/ether/.perlbrew/libs/8.1@std/lib/perl5/darwin-2level/perllocal.pod
-> OK
Successfully installed ExtUtils-Helpers-0.022
Installing /Users/ether/.perlbrew/libs/8.1@std/lib/perl5/darwin-2level/.meta/ExtUtils-Helpers-0.022/MYMETA.json
Installing /Users/ether/.perlbrew/libs/8.1@std/lib/perl5/darwin-2level/.meta/ExtUtils-Helpers-0.022/install.json
Searching Getopt::Long on mirror http://mirrors.gossamer-threads.com/CPAN ...
--> Working on Getopt::Long
Fetching http://mirrors.gossamer-threads.com/CPAN/authors/id/J/JV/JV/Getopt-Long-2.47.tar.gz
-> OK
Unpacking Getopt-Long-2.47.tar.gz
Entering Getopt-Long-2.47
Checking configure dependencies from META.json
Checking if you have ExtUtils::MakeMaker 6.58 ... Yes (7.10)
Configuring Getopt-Long-2.47
Running Makefile.PL

Checking if your kit is complete...
Looks good
Generating a Unix-style Makefile
Writing Makefile for Getopt::Long
Writing MYMETA.yml and MYMETA.json
-> OK
Checking dependencies from MYMETA.json ...
Checking if you have ExtUtils::MakeMaker 0 ... Yes (7.10)
Checking if you have Pod::Usage 1.14 ... Yes (1.16)
Building Getopt-Long-2.47
cp lib/newgetopt.pl blib/lib/newgetopt.pl
cp lib/Getopt/Long.pm blib/lib/Getopt/Long.pm
Manifying 1 pod document
Manifying 1 pod document
Installing /Users/ether/.perlbrew/libs/8.1@std/lib/perl5/newgetopt.pl
Installing /Users/ether/.perlbrew/libs/8.1@std/lib/perl5/Getopt/Long.pm
Installing /Users/ether/.perlbrew/libs/8.1@std/man/man3/Getopt::Long.0
Appending installation info to /Users/ether/.perlbrew/libs/8.1@std/lib/perl5/darwin-2level/perllocal.pod
-> OK
Successfully installed Getopt-Long-2.47 (upgraded from 2.34)
Installing /Users/ether/.perlbrew/libs/8.1@std/lib/perl5/darwin-2level/.meta/Getopt-Long-2.47/MYMETA.json
Installing /Users/ether/.perlbrew/libs/8.1@std/lib/perl5/darwin-2level/.meta/Getopt-Long-2.47/install.json
Searching ExtUtils::Config on mirror http://mirrors.gossamer-threads.com/CPAN ...
--> Working on ExtUtils::Config
Fetching http://mirrors.gossamer-threads.com/CPAN/authors/id/L/LE/LEONT/ExtUtils-Config-0.008.tar.gz
-> OK
Unpacking ExtUtils-Config-0.008.tar.gz
Entering ExtUtils-Config-0.008
Checking configure dependencies from META.json
Checking if you have ExtUtils::MakeMaker 6.58 ... Yes (7.10)
Configuring ExtUtils-Config-0.008
Running Makefile.PL
Checking if your kit is complete...
Looks good
Generating a Unix-style Makefile
Writing Makefile for ExtUtils::Config
Writing MYMETA.yml and MYMETA.json
-> OK
Checking dependencies from MYMETA.json ...
Checking if you have strict 0 ... Yes (1.03)
Checking if you have warnings 0 ... Yes (1.03)
Checking if you have ExtUtils::MakeMaker 0 ... Yes (7.10)
Checking if you have Data::Dumper 0 ... Yes (2.121)
Building ExtUtils-Config-0.008
cp lib/ExtUtils/Config.pm blib/lib/ExtUtils/Config.pm
Manifying 1 pod document
Manifying 1 pod document
Installing /Users/ether/.perlbrew/libs/8.1@std/lib/perl5/ExtUtils/Config.pm
Installing /Users/ether/.perlbrew/libs/8.1@std/man/man3/ExtUtils::Config.0
Appending installation info to /Users/ether/.perlbrew/libs/8.1@std/lib/perl5/darwin-2level/perllocal.pod
-> OK
Successfully installed ExtUtils-Config-0.008
Installing /Users/ether/.perlbrew/libs/8.1@std/lib/perl5/darwin-2level/.meta/ExtUtils-Config-0.008/MYMETA.json
Installing /Users/ether/.perlbrew/libs/8.1@std/lib/perl5/darwin-2level/.meta/ExtUtils-Config-0.008/install.json
Searching ExtUtils::InstallPaths on mirror http://mirrors.gossamer-threads.com/CPAN ...
--> Working on ExtUtils::InstallPaths
Fetching http://mirrors.gossamer-threads.com/CPAN/authors/id/L/LE/LEONT/ExtUtils-InstallPaths-0.011.tar.gz
-> OK
Unpacking ExtUtils-InstallPaths-0.011.tar.gz
Entering ExtUtils-InstallPaths-0.011
Checking configure dependencies from META.json
Checking if you have ExtUtils::MakeMaker 6.58 ... Yes (7.10)
Configuring ExtUtils-InstallPaths-0.011
Running Makefile.PL
Checking if your kit is complete...
Looks good
Generating a Unix-style Makefile
Writing Makefile for ExtUtils::InstallPaths
Writing MYMETA.yml and MYMETA.json
-> OK
Checking dependencies from MYMETA.json ...
Checking if you have strict 0 ... Yes (1.03)
Checking if you have warnings 0 ... Yes (1.03)
Checking if you have ExtUtils::MakeMaker 0 ... Yes (7.10)
Checking if you have File::Spec 0 ... Yes (3.47)
Checking if you have Carp 0 ... Yes (1.36)
Checking if you have ExtUtils::Config 0.002 ... Yes (0.008)
Building ExtUtils-InstallPaths-0.011
cp lib/ExtUtils/InstallPaths.pm blib/lib/ExtUtils/InstallPaths.pm
Manifying 1 pod document
Manifying 1 pod document
Installing /Users/ether/.perlbrew/libs/8.1@std/lib/perl5/ExtUtils/InstallPaths.pm
Installing /Users/ether/.perlbrew/libs/8.1@std/man/man3/ExtUtils::InstallPaths.0
Appending installation info to /Users/ether/.perlbrew/libs/8.1@std/lib/perl5/darwin-2level/perllocal.pod
-> OK
Successfully installed ExtUtils-InstallPaths-0.011
Installing /Users/ether/.perlbrew/libs/8.1@std/lib/perl5/darwin-2level/.meta/ExtUtils-InstallPaths-0.011/MYMETA.json
Installing /Users/ether/.perlbrew/libs/8.1@std/lib/perl5/darwin-2level/.meta/ExtUtils-InstallPaths-0.011/install.json
Configuring Module-Build-Tiny-0.039
Running Build.PL
Creating new 'Build' script for 'Module-Build-Tiny' version '0.039'
-> OK
Checking dependencies from MYMETA.json ...
Checking if you have ExtUtils::Helpers 0.020 ... Yes (0.022)
Checking if you have ExtUtils::Install 0 ... Yes (1.54)
Checking if you have strict 0 ... Yes (1.03)
Checking if you have File::Find 0 ... Yes (1.05)
Checking if you have Pod::Man 0 ... Yes (2.28)
Checking if you have Exporter 5.57 ... Yes (5.72)
Checking if you have File::Basename 0 ... Yes (2.72)
Checking if you have CPAN::Meta 0 ... Yes (2.150005)
Checking if you have JSON::PP 2 ... Yes (2.27203)
Checking if you have warnings 0 ... Yes (1.03)
Checking if you have Getopt::Long 2.36 ... Yes (2.47)
Checking if you have TAP::Harness::Env 0 ... Yes (3.35)
Checking if you have ExtUtils::ParseXS 0 ... Yes (3.30)
Checking if you have ExtUtils::Config 0.003 ... Yes (0.008)
Checking if you have File::Path 0 ... Yes (2.11)
Checking if you have DynaLoader 0 ... Yes (1.04)
Checking if you have ExtUtils::InstallPaths 0.002 ... Yes (0.011)
Checking if you have File::Spec::Functions 0 ... Yes (3.47)
Checking if you have ExtUtils::CBuilder 0 ... Yes (0.280223)
Building Module-Build-Tiny-0.039
cp lib/Module/Build/Tiny.pm blib/lib/Module/Build/Tiny.pm
Installing /Users/ether/.perlbrew/libs/8.1@std/lib/perl5/Module/Build/Tiny.pm
-> OK
Successfully installed Module-Build-Tiny-0.039
Installing /Users/ether/.perlbrew/libs/8.1@std/lib/perl5/darwin-2level/.meta/Module-Build-Tiny-0.039/MYMETA.json
Installing /Users/ether/.perlbrew/libs/8.1@std/lib/perl5/darwin-2level/.meta/Module-Build-Tiny-0.039/install.json
Configuring Dist-Zilla-Plugin-Breaks-0.003
Running Build.PL
Congratulations, your toolchain understands 'configure_requires'!

Creating new 'Build' script for 'Dist-Zilla-Plugin-Breaks' version '0.003'
-> OK
Checking dependencies from MYMETA.json ...
Checking if you have strict 0 ... Yes (1.03)
Checking if you have Moose 0 ... No
Checking if you have namespace::autoclean 0 ... No
Checking if you have Test::More 0 ... Yes (1.001014)
Checking if you have warnings 0 ... Yes (1.03)
Checking if you have if 0 ... Yes (0.03)
Checking if you have Dist::Zilla::Plugin::MetaResources 4.300039 ... No
Checking if you have Path::Tiny 0 ... No
Checking if you have Test::Deep 0 ... Yes (0.117)
Checking if you have Test::Fatal 0 ... Yes (0.014)
Checking if you have ExtUtils::MakeMaker 0 ... Yes (7.10)
Checking if you have CPAN::Meta::Requirements 0 ... Yes (2.127)
Checking if you have File::Spec 0 ... Yes (3.47)
Checking if you have Dist::Zilla::Role::MetaProvider 0 ... No
Checking if you have Carp 0 ... Yes (1.36)
Checking if you have Test::DZil 0 ... No
==> Found dependencies: Moose, namespace::autoclean, Dist::Zilla::Plugin::MetaResources, Path::Tiny, Dist::Zilla::Role::MetaProvider, Test::DZil
Searching Moose on mirror http://mirrors.gossamer-threads.com/CPAN ...
--> Working on Moose
Fetching http://mirrors.gossamer-threads.com/CPAN/authors/id/E/ET/ETHER/Moose-2.1603.tar.gz
-> OK
Unpacking Moose-2.1603.tar.gz
Entering Moose-2.1603
Checking configure dependencies from META.json
Checking if you have ExtUtils::MakeMaker 6.58 ... Yes (7.10)
Checking if you have Dist::CheckConflicts 0.02 ... Yes (0.11)
Checking if you have File::Spec 0 ... Yes (3.47)
Checking if you have ExtUtils::CBuilder 0.27 ... Yes (0.280223)
Configuring Moose-2.1603
Running Makefile.PL
Warning: prerequisite Class::Load 0.09 not found.
Warning: prerequisite Class::Load::XS 0.01 not found.
Warning: prerequisite Devel::GlobalDestruction 0 not found.
Warning: prerequisite Devel::OverloadInfo 0.004 not found.
Warning: prerequisite Devel::StackTrace 1.33 not found.
Warning: prerequisite Eval::Closure 0.04 not found.
Warning: prerequisite MRO::Compat 0.05 not found.
Warning: prerequisite Module::Runtime::Conflicts 0.002 not found.
Warning: prerequisite Package::DeprecationManager 0.11 not found.
Warning: prerequisite Package::Stash 0.32 not found.
Warning: prerequisite Package::Stash::XS 0.24 not found.
Warning: prerequisite Sub::Identify 0 not found.
Warning: prerequisite Sub::Name 0.05 not found.
Warning: prerequisite Task::Weaken 0 not found.
Checking if your kit is complete...
Looks good
Generating a Unix-style Makefile
Writing Makefile for Moose
Writing MYMETA.yml and MYMETA.json
-> OK
Checking dependencies from MYMETA.json ...
Checking if you have Eval::Closure 0.04 ... No
Checking if you have strict 1.03 ... Yes (1.03)
Checking if you have Devel::StackTrace 1.33 ... No
Checking if you have List::Util 1.35 ... Yes (1.42)
Checking if you have warnings 1.03 ... Yes (1.03)
Checking if you have Scalar::Util 1.19 ... Yes (1.42)
Checking if you have Class::Load 0.09 ... No
Checking if you have ExtUtils::MakeMaker 0 ... Yes (7.10)
Checking if you have Task::Weaken 0 ... No
Checking if you have Module::Runtime 0.014 ... Yes (0.014)
Checking if you have Try::Tiny 0.17 ... Yes (0.22)
Checking if you have Devel::OverloadInfo 0.004 ... No
Checking if you have Module::Runtime::Conflicts 0.002 ... No
Checking if you have Test::Warnings 0.016 ... Yes (0.021)
Checking if you have MRO::Compat 0.05 ... No
Checking if you have Sub::Identify 0 ... No
Checking if you have Package::Stash::XS 0.24 ... No
Checking if you have List::MoreUtils 0.28 ... Yes (0.413)
Checking if you have Test::More 0.88 ... Yes (1.001014)
Checking if you have Package::DeprecationManager 0.11 ... No
Checking if you have Sub::Name 0.05 ... No
Checking if you have Class::Load::XS 0.01 ... No
Checking if you have Package::Stash 0.32 ... No
Checking if you have parent 0.223 ... Yes (0.234)
Checking if you have Test::Fatal 0.001 ... Yes (0.014)
Checking if you have CPAN::Meta::Check 0.007 ... Yes (0.012)
Checking if you have Test::Requires 0.05 ... Yes (0.10)
Checking if you have CPAN::Meta::Requirements 0 ... Yes (2.127)
Checking if you have Dist::CheckConflicts 0.02 ... Yes (0.11)
Checking if you have Sub::Exporter 0.980 ... Yes (0.987)
Checking if you have Data::OptList 0.107 ... Yes (0.109)
Checking if you have Test::CleanNamespaces 0.13 ... No
Checking if you have File::Spec 0 ... Yes (3.47)
Checking if you have Carp 1.22 ... Yes (1.36)
Checking if you have Params::Util 1.00 ... Yes (1.07)
Checking if you have Devel::GlobalDestruction 0 ... No
==> Found dependencies: Eval::Closure, Devel::StackTrace, Class::Load, Task::Weaken, Devel::OverloadInfo, Module::Runtime::Conflicts, MRO::Compat, Sub::Identify, Package::Stash::XS, Package::DeprecationManager, Sub::Name, Class::Load::XS, Package::Stash, Test::CleanNamespaces, Devel::GlobalDestruction
Searching Eval::Closure on mirror http://mirrors.gossamer-threads.com/CPAN ...
--> Working on Eval::Closure
Fetching http://mirrors.gossamer-threads.com/CPAN/authors/id/D/DO/DOY/Eval-Closure-0.13.tar.gz
-> OK
Unpacking Eval-Closure-0.13.tar.gz
Entering Eval-Closure-0.13
Checking configure dependencies from META.json
Checking if you have ExtUtils::MakeMaker 6.58 ... Yes (7.10)
Configuring Eval-Closure-0.13
Running Makefile.PL
Checking if your kit is complete...
Looks good
Generating a Unix-style Makefile
Writing Makefile for Eval::Closure
Writing MYMETA.yml and MYMETA.json
-> OK
Checking dependencies from MYMETA.json ...
Checking if you have strict 0 ... Yes (1.03)
Checking if you have Exporter 0 ... Yes (5.72)
Checking if you have overload 0 ... Yes (1.01)
Checking if you have Test::More 0.88 ... Yes (1.001014)
Checking if you have constant 0 ... Yes (1.04)
Checking if you have warnings 0 ... Yes (1.03)
Checking if you have B 0 ... Yes (1.02)
Checking if you have Test::Fatal 0 ... Yes (0.014)
Checking if you have Scalar::Util 0 ... Yes (1.42)
Checking if you have ExtUtils::MakeMaker 0 ... Yes (7.10)
Checking if you have IPC::Open3 0 ... Yes (1.0105)
Checking if you have IO::Handle 0 ... Yes (1.23)
Checking if you have Test::Requires 0 ... Yes (0.10)
Checking if you have File::Spec 0 ... Yes (3.47)
Checking if you have Try::Tiny 0 ... Yes (0.22)
Checking if you have Carp 0 ... Yes (1.36)
Building and testing Eval-Closure-0.13
cp lib/Eval/Closure.pm blib/lib/Eval/Closure.pm
Manifying 1 pod document
PERL_DL_NONLAZY=1 "/Users/ether/perl5/perlbrew/perls/8.1/bin/perl" "-MExtUtils::Command::MM" "-MTest::Harness" "-e" "undef *Test::Harness::Switches; test_harness(0, 'blib/lib', 'blib/arch')" t/*.t
t/canonicalize-source.t .. ok
t/close-over-nonref.t .... skipped: Test requires module 'Devel::LexAlias' but it's not found
t/basic.t ................ ok
t/close-over.t ........... skipped: Test requires module 'PadWalker' but it's not found
t/00-compile.t ........... ok
t/compiling-package.t .... ok
t/debugger.t ............. ok
t/description.t .......... ok
t/errors.t ............... ok
t/lexical-subs.t ......... skipped: this test requires 5.18
t/memoize.t .............. skipped: Test requires module 'Test::Output' but it's not found
All tests successful.
Files=11, Tests=32,  0 wallclock secs ( 0.04 usr  0.03 sys +  0.30 cusr  0.06 csys =  0.43 CPU)
Result: PASS
Manifying 1 pod document
Installing /Users/ether/.perlbrew/libs/8.1@std/lib/perl5/Eval/Closure.pm
Installing /Users/ether/.perlbrew/libs/8.1@std/man/man3/Eval::Closure.0
Appending installation info to /Users/ether/.perlbrew/libs/8.1@std/lib/perl5/darwin-2level/perllocal.pod
-> OK
Successfully installed Eval-Closure-0.13
Installing /Users/ether/.perlbrew/libs/8.1@std/lib/perl5/darwin-2level/.meta/Eval-Closure-0.13/MYMETA.json
Installing /Users/ether/.perlbrew/libs/8.1@std/lib/perl5/darwin-2level/.meta/Eval-Closure-0.13/install.json
Searching Devel::StackTrace on mirror http://mirrors.gossamer-threads.com/CPAN ...
--> Working on Devel::StackTrace
Fetching http://mirrors.gossamer-threads.com/CPAN/authors/id/D/DR/DROLSKY/Devel-StackTrace-2.00.tar.gz
-> OK
Unpacking Devel-StackTrace-2.00.tar.gz
Entering Devel-StackTrace-2.00
Checking configure dependencies from META.json
Checking if you have ExtUtils::MakeMaker 6.58 ... Yes (7.10)
Configuring Devel-StackTrace-2.00
Running Makefile.PL
Checking if your kit is complete...
Looks good
Generating a Unix-style Makefile
Writing Makefile for Devel::StackTrace
Writing MYMETA.yml and MYMETA.json
-> OK
Checking dependencies from MYMETA.json ...
Checking if you have Scalar::Util 0 ... Yes (1.42)
Checking if you have strict 0 ... Yes (1.03)
Checking if you have ExtUtils::MakeMaker 0 ... Yes (7.10)
Checking if you have IPC::Open3 0 ... Yes (1.0105)
Checking if you have IO::Handle 0 ... Yes (1.23)
Checking if you have overload 0 ... Yes (1.01)
Checking if you have base 0 ... Yes (2.03)
Checking if you have Test::More 0.88 ... Yes (1.001014)
Checking if you have warnings 0 ... Yes (1.03)
Checking if you have File::Spec 0 ... Yes (3.47)
Checking if you have bytes 0 ... Yes (1.01)
Building and testing Devel-StackTrace-2.00
cp lib/Devel/StackTrace/Frame.pm blib/lib/Devel/StackTrace/Frame.pm
cp lib/Devel/StackTrace.pm blib/lib/Devel/StackTrace.pm
Manifying 2 pod documents
PERL_DL_NONLAZY=1 "/Users/ether/perl5/perlbrew/perls/8.1/bin/perl" "-MExtUtils::Command::MM" "-MTest::Harness" "-e" "undef *Test::Harness::Switches; test_harness(0, 'blib/lib', 'blib/arch')" t/*.t
t/03-message.t ............. ok
t/02-bad-utf8.t ............ skipped: These tests require Perl 5.8.8+
t/01-basic.t ............... ok
t/05-back-compat.t ......... ok
t/04-indent.t .............. ok
t/00-compile.t ............. ok
t/06-dollar-at.t ........... ok
t/author-eol.t ............. skipped: these tests are for testing by the author
t/07-no-args.t ............. ok
t/08-filter-early.t ........ ok
t/09-skip-frames.t ......... ok
t/author-pod-spell.t ....... skipped: these tests are for testing by the author
t/author-no-tabs.t ......... skipped: these tests are for testing by the author
t/release-cpan-changes.t ... skipped: these tests are for release candidate testing
t/release-pod-coverage.t ... skipped: these tests are for release candidate testing
t/release-pod-linkcheck.t .. skipped: these tests are for release candidate testing
t/release-pod-syntax.t ..... skipped: these tests are for release candidate testing
t/release-pod-no404s.t ..... skipped: these tests are for release candidate testing
t/release-portability.t .... skipped: these tests are for release candidate testing
# 
# Versions for all modules listed in MYMETA.json (including optional ones):
# 
# === Configure Requires ===
# 
#     Module              Want Have
#     ------------------- ---- ----
#     ExtUtils::MakeMaker  any 7.10
# 
# === Test Requires ===
# 
#     Module              Want     Have
#     ------------------- ---- --------
#     ExtUtils::MakeMaker  any     7.10
#     File::Spec           any     3.47
#     IO::Handle           any     1.23
#     IPC::Open3           any   1.0105
#     Test::More          0.88 1.001014
#     base                 any     2.03
#     bytes                any     1.01
# 
# === Test Recommends ===
# 
#     Module         Want     Have
#     ---------- -------- --------
#     CPAN::Meta 2.120900 2.150005
# 
# === Runtime Requires ===
# 
#     Module       Want Have
#     ------------ ---- ----
#     File::Spec    any 3.47
#     Scalar::Util  any 1.42
#     overload      any 1.01
#     strict        any 1.03
#     warnings      any 1.03
# 
t/00-report-prereqs.t ...... ok
t/release-synopsis.t ....... skipped: these tests are for release candidate testing
All tests successful.
Files=21, Tests=64,  0 wallclock secs ( 0.07 usr  0.05 sys +  0.79 cusr  0.13 csys =  1.04 CPU)
Result: PASS
Manifying 2 pod documents
Installing /Users/ether/.perlbrew/libs/8.1@std/lib/perl5/Devel/StackTrace.pm
Installing /Users/ether/.perlbrew/libs/8.1@std/lib/perl5/Devel/StackTrace/Frame.pm
Installing /Users/ether/.perlbrew/libs/8.1@std/man/man3/Devel::StackTrace.0
Installing /Users/ether/.perlbrew/libs/8.1@std/man/man3/Devel::StackTrace::Frame.0
Appending installation info to /Users/ether/.perlbrew/libs/8.1@std/lib/perl5/darwin-2level/perllocal.pod
-> OK
Successfully installed Devel-StackTrace-2.00
Installing /Users/ether/.perlbrew/libs/8.1@std/lib/perl5/darwin-2level/.meta/Devel-StackTrace-2.00/MYMETA.json
Installing /Users/ether/.perlbrew/libs/8.1@std/lib/perl5/darwin-2level/.meta/Devel-StackTrace-2.00/install.json
Searching Class::Load on mirror http://mirrors.gossamer-threads.com/CPAN ...
--> Working on Class::Load
Fetching http://mirrors.gossamer-threads.com/CPAN/authors/id/E/ET/ETHER/Class-Load-0.23.tar.gz
-> OK
Unpacking Class-Load-0.23.tar.gz
Entering Class-Load-0.23
Checking configure dependencies from META.json
Checking if you have ExtUtils::MakeMaker 6.58 ... Yes (7.10)
Configuring Class-Load-0.23
Running Makefile.PL
Warning: prerequisite Package::Stash 0.14 not found.
Checking if your kit is complete...
Looks good
Generating a Unix-style Makefile
Writing Makefile for Class::Load
Writing MYMETA.yml and MYMETA.json
-> OK
Checking dependencies from MYMETA.json ...
Checking if you have strict 0 ... Yes (1.03)
Checking if you have Exporter 0 ... Yes (5.72)
Checking if you have base 0 ... Yes (2.03)
Checking if you have Test::More 0.88 ... Yes (1.001014)
Checking if you have warnings 0 ... Yes (1.03)
Checking if you have constant 0 ... Yes (1.04)
Checking if you have Package::Stash 0.14 ... No
Checking if you have Test::Fatal 0 ... Yes (0.014)
Checking if you have Scalar::Util 0 ... Yes (1.42)
Checking if you have ExtUtils::MakeMaker 0 ... Yes (7.10)
Checking if you have Test::Requires 0 ... Yes (0.10)
Checking if you have Data::OptList 0 ... Yes (0.109)
Checking if you have Module::Runtime 0.012 ... Yes (0.014)
Checking if you have File::Spec 0 ... Yes (3.47)
Checking if you have Try::Tiny 0 ... Yes (0.22)
Checking if you have version 0 ... Yes (0.9912)
Checking if you have Module::Implementation 0.04 ... Yes (0.09)
Checking if you have Carp 0 ... Yes (1.36)
Checking if you have lib 0 ... Yes (0.5565)
==> Found dependencies: Package::Stash
Searching Package::Stash on mirror http://mirrors.gossamer-threads.com/CPAN ...
--> Working on Package::Stash
Fetching http://mirrors.gossamer-threads.com/CPAN/authors/id/D/DO/DOY/Package-Stash-0.37.tar.gz
-> OK
Unpacking Package-Stash-0.37.tar.gz
Entering Package-Stash-0.37
Checking configure dependencies from META.json
Checking if you have ExtUtils::MakeMaker 6.58 ... Yes (7.10)
Checking if you have Dist::CheckConflicts 0.02 ... Yes (0.11)
Checking if you have Text::ParseWords 0 ... Yes (3.30)
Checking if you have Config 0 ... Yes (undef)
Checking if you have File::Spec 0 ... Yes (3.47)
Configuring Package-Stash-0.37
Running Makefile.PL
Warning: prerequisite Package::Stash::XS 0.26 not found.
Checking if your kit is complete...
Looks good
Generating a Unix-style Makefile
Writing Makefile for Package::Stash
Writing MYMETA.yml and MYMETA.json
-> OK
Checking dependencies from MYMETA.json ...
Checking if you have strict 0 ... Yes (1.03)
Checking if you have Package::Stash::XS 0.26 ... No
Checking if you have base 0 ... Yes (2.03)
Checking if you have Test::More 0.88 ... Yes (1.001014)
Checking if you have constant 0 ... Yes (1.04)
Checking if you have warnings 0 ... Yes (1.03)
Checking if you have Getopt::Long 0 ... Yes (2.47)
Checking if you have B 0 ... Yes (1.02)
Checking if you have Symbol 0 ... Yes (1.05)
Checking if you have Test::Fatal 0 ... Yes (0.014)
Checking if you have Scalar::Util 0 ... Yes (1.42)
Checking if you have ExtUtils::MakeMaker 0 ... Yes (7.10)
Checking if you have IPC::Open3 0 ... Yes (1.0105)
Checking if you have IO::Handle 0 ... Yes (1.23)
Checking if you have Test::Requires 0 ... Yes (0.10)
Checking if you have Dist::CheckConflicts 0.02 ... Yes (0.11)
Checking if you have File::Spec 0 ... Yes (3.47)
Checking if you have Module::Implementation 0.06 ... Yes (0.09)
Checking if you have Carp 0 ... Yes (1.36)
Checking if you have lib 0 ... Yes (0.5565)
==> Found dependencies: Package::Stash::XS
Searching Package::Stash::XS on mirror http://mirrors.gossamer-threads.com/CPAN ...
--> Working on Package::Stash::XS
Fetching http://mirrors.gossamer-threads.com/CPAN/authors/id/D/DO/DOY/Package-Stash-XS-0.28.tar.gz
-> OK
Unpacking Package-Stash-XS-0.28.tar.gz
Entering Package-Stash-XS-0.28
Checking configure dependencies from META.json
Checking if you have ExtUtils::MakeMaker 6.58 ... Yes (7.10)
Configuring Package-Stash-XS-0.28
Running Makefile.PL
Checking if your kit is complete...
Looks good
Generating a Unix-style Makefile
Writing Makefile for Package::Stash::XS
Writing MYMETA.yml and MYMETA.json
-> OK
Checking dependencies from MYMETA.json ...
Checking if you have Test::Fatal 0 ... Yes (0.014)
Checking if you have File::Temp 0 ... Yes (0.22)
Checking if you have Scalar::Util 0 ... Yes (1.42)
Checking if you have strict 0 ... Yes (1.03)
Checking if you have File::Find 0 ... Yes (1.05)
Checking if you have Test::Requires 0 ... Yes (0.10)
Checking if you have base 0 ... Yes (2.03)
Checking if you have Test::More 0.88 ... Yes (1.001014)
Checking if you have warnings 0 ... Yes (1.03)
Checking if you have constant 0 ... Yes (1.04)
Checking if you have B 0 ... Yes (1.02)
Checking if you have Symbol 0 ... Yes (1.05)
Checking if you have XSLoader 0 ... Yes (0.02)
Building and testing Package-Stash-XS-0.28
cp lib/Package/Stash/XS.pm blib/lib/Package/Stash/XS.pm
Running Mkbootstrap for Package::Stash::XS ()
chmod 644 "XS.bs"
"/Users/ether/perl5/perlbrew/perls/8.1/bin/perl" "/Users/ether/.perlbrew/libs/8.1@std/lib/perl5/ExtUtils/xsubpp"  -typemap "/Users/ether/perl5/perlbrew/perls/8.1/lib/5.8.1/ExtUtils/typemap" -typemap "typemap"  XS.xs > XS.xsc && mv XS.xsc XS.c
cc -c   -fno-common -DPERL_DARWIN -fno-strict-aliasing -I/opt/local/include -O3   -DVERSION=\"0.28\" -DXS_VERSION=\"0.28\"  "-I/Users/ether/perl5/perlbrew/perls/8.1/lib/5.8.1/darwin-2level/CORE"   XS.c
XS.xs:601:14: warning: using the result of an assignment as a condition without parentheses [-Wparentheses]
    if (slot = hv_fetch_ent((HV*)SvRV(self), name_key, 0, name_hash)) {
        ~~~~~^~~~~~~~~~~~~~~~~~~~~~~~~~~~~~~~~~~~~~~~~~~~~~~~~~~~~~~
XS.xs:601:14: note: place parentheses around the assignment to silence this warning
    if (slot = hv_fetch_ent((HV*)SvRV(self), name_key, 0, name_hash)) {
             ^
        (                                                           )
XS.xs:601:14: note: use '==' to turn this assignment into an equality comparison
    if (slot = hv_fetch_ent((HV*)SvRV(self), name_key, 0, name_hash)) {
             ^
             ==
XS.xs:854:24: warning: incompatible pointer types passing 'HE *' (aka 'struct he *') to parameter of type 'const char *' [-Wincompatible-pointer-types]
            if (strnEQ(entry, "::ISA::CACHE::", len)) {
                       ^~~~~
/Users/ether/perl5/perlbrew/perls/8.1/lib/5.8.1/darwin-2level/CORE/handy.h:265:35: note: expanded from macro 'strnEQ'
#define strnEQ(s1,s2,l) (!strncmp(s1,s2,l))
                                  ^
/usr/include/string.h:94:26: note: passing argument to parameter here
int      strncmp(const char *, const char *, size_t);
                             ^
XS.xs:977:39: warning: passing 'const char *' to parameter of type 'char *' discards qualifiers [-Wincompatible-pointer-types]
        valid_module_regex = pregcomp(vmre, vmre + strlen(vmre), &fakepmop);
                                      ^~~~
/Users/ether/perl5/perlbrew/perls/8.1/lib/5.8.1/darwin-2level/CORE/proto.h:597:49: note: passing argument to parameter 'exp' here
PERL_CALLCONV regexp*   Perl_pregcomp(pTHX_ char* exp, char* xend, PMOP* pm);
                                                  ^
XS.xs:977:45: warning: passing 'const char *' to parameter of type 'char *' discards qualifiers [-Wincompatible-pointer-types]
        valid_module_regex = pregcomp(vmre, vmre + strlen(vmre), &fakepmop);
                                            ^~~~~~~~~~~~~~~~~~~
/Users/ether/perl5/perlbrew/perls/8.1/lib/5.8.1/darwin-2level/CORE/proto.h:597:60: note: passing argument to parameter 'xend' here
PERL_CALLCONV regexp*   Perl_pregcomp(pTHX_ char* exp, char* xend, PMOP* pm);
                                                             ^
4 warnings generated.
rm -f blib/arch/auto/Package/Stash/XS/XS.bundle
env MACOSX_DEPLOYMENT_TARGET=10.3 cc  -bundle -undefined dynamic_lookup -L/opt/local/lib XS.o  -o blib/arch/auto/Package/Stash/XS/XS.bundle 	\
	     	\
	  
chmod 755 blib/arch/auto/Package/Stash/XS/XS.bundle
"/Users/ether/perl5/perlbrew/perls/8.1/bin/perl" -MExtUtils::Command::MM -e 'cp_nonempty' -- XS.bs blib/arch/auto/Package/Stash/XS/XS.bs 644
Manifying 1 pod document
Running Mkbootstrap for Package::Stash::XS ()
chmod 644 "XS.bs"
PERL_DL_NONLAZY=1 "/Users/ether/perl5/perlbrew/perls/8.1/bin/perl" "-MExtUtils::Command::MM" "-MTest::Harness" "-e" "undef *Test::Harness::Switches; test_harness(0, 'blib/lib', 'blib/arch')" t/*.t
t/anon-basic.t ........... skipped: Test requires module 'Package::Anon' but it's not found
t/anon.t ................. skipped: Test requires module 'Package::Anon' but it's not found
t/bare-anon-basic.t ...... skipped: This isn't really going to work yet, probably
t/addsub.t ............... ok
t/bare-anon.t ............ skipped: This isn't really going to work yet, probably
t/00-compile.t ........... ok
t/compile-time.t ......... ok
t/edge-cases.t ........... ok
t/basic.t ................ ok
t/extension.t ............ ok
t/get.t .................. ok
t/io.t ................... ok
t/isa.t .................. ok
t/magic.t ................ ok
t/paamayim_nekdotayim.t .. ok
t/scalar-values.t ........ ok
t/stash-deletion.t ....... ok
t/synopsis.t ............. ok
t/warnings.t ............. ok
All tests successful.
Files=19, Tests=266,  1 wallclock secs ( 0.10 usr  0.04 sys +  0.67 cusr  0.11 csys =  0.92 CPU)
Result: PASS
Manifying 1 pod document
Files found in blib/arch: installing files in blib/lib into architecture dependent library tree
Installing /Users/ether/.perlbrew/libs/8.1@std/lib/perl5/darwin-2level/auto/Package/Stash/XS/XS.bundle
Installing /Users/ether/.perlbrew/libs/8.1@std/lib/perl5/darwin-2level/Package/Stash/XS.pm
Installing /Users/ether/.perlbrew/libs/8.1@std/man/man3/Package::Stash::XS.0
Appending installation info to /Users/ether/.perlbrew/libs/8.1@std/lib/perl5/darwin-2level/perllocal.pod
-> OK
Successfully installed Package-Stash-XS-0.28
Installing /Users/ether/.perlbrew/libs/8.1@std/lib/perl5/darwin-2level/.meta/Package-Stash-XS-0.28/MYMETA.json
Installing /Users/ether/.perlbrew/libs/8.1@std/lib/perl5/darwin-2level/.meta/Package-Stash-XS-0.28/install.json
Building and testing Package-Stash-0.37
cp lib/Package/Stash.pm blib/lib/Package/Stash.pm
cp lib/Package/Stash/Conflicts.pm blib/lib/Package/Stash/Conflicts.pm
cp lib/Package/Stash/PP.pm blib/lib/Package/Stash/PP.pm
cp bin/package-stash-conflicts blib/script/package-stash-conflicts
"/Users/ether/perl5/perlbrew/perls/8.1/bin/perl" -MExtUtils::MY -e 'MY->fixin(shift)' -- blib/script/package-stash-conflicts
Manifying 1 pod document
Manifying 2 pod documents
PERL_DL_NONLAZY=1 "/Users/ether/perl5/perlbrew/perls/8.1/bin/perl" "-MExtUtils::Command::MM" "-MTest::Harness" "-e" "undef *Test::Harness::Switches; test_harness(0, 'blib/lib', 'blib/arch')" t/*.t t/impl-selection/*.t
t/addsub.t ....................... ok
t/anon-basic.t ................... skipped: Anonymous stashes in PP need at least perl 5.14
t/anon.t ......................... skipped: Anonymous stashes in PP need at least perl 5.14
t/bare-anon-basic.t .............. skipped: Anonymous stashes in PP need at least perl 5.14
t/bare-anon.t .................... skipped: Anonymous stashes in PP need at least perl 5.14
t/compile-time.t ................. ok
t/edge-cases.t ................... ok
t/basic.t ........................ ok
t/extension.t .................... ok
t/get.t .......................... ok
t/impl-selection/bug-rt-78272.t .. ok
t/impl-selection/choice.t ........ ok
t/impl-selection/basic-pp.t ...... ok
t/impl-selection/basic-xs.t ...... ok
t/00-compile.t ................... ok
t/impl-selection/env.t ........... ok
t/impl-selection/var.t ........... ok
t/io.t ........................... ok
t/isa.t .......................... ok
t/magic.t ........................ ok
t/paamayim_nekdotayim.t .......... ok
t/scalar-values.t ................ ok
t/stash-deletion.t ............... ok
t/synopsis.t ..................... ok
t/warnings-taint.t ............... ok
t/warnings.t ..................... ok
All tests successful.
Files=26, Tests=552,  1 wallclock secs ( 0.16 usr  0.07 sys +  1.22 cusr  0.20 csys =  1.65 CPU)
Result: PASS
Manifying 1 pod document
Manifying 2 pod documents
Installing /Users/ether/.perlbrew/libs/8.1@std/lib/perl5/Package/Stash.pm
Installing /Users/ether/.perlbrew/libs/8.1@std/lib/perl5/Package/Stash/Conflicts.pm
Installing /Users/ether/.perlbrew/libs/8.1@std/lib/perl5/Package/Stash/PP.pm
Installing /Users/ether/.perlbrew/libs/8.1@std/man/man1/package-stash-conflicts.0
Installing /Users/ether/.perlbrew/libs/8.1@std/man/man3/Package::Stash.0
Installing /Users/ether/.perlbrew/libs/8.1@std/man/man3/Package::Stash::PP.0
Installing /Users/ether/.perlbrew/libs/8.1@std/bin/package-stash-conflicts
Appending installation info to /Users/ether/.perlbrew/libs/8.1@std/lib/perl5/darwin-2level/perllocal.pod
-> OK
Successfully installed Package-Stash-0.37
Installing /Users/ether/.perlbrew/libs/8.1@std/lib/perl5/darwin-2level/.meta/Package-Stash-0.37/MYMETA.json
Installing /Users/ether/.perlbrew/libs/8.1@std/lib/perl5/darwin-2level/.meta/Package-Stash-0.37/install.json
Building and testing Class-Load-0.23
cp lib/Class/Load/PP.pm blib/lib/Class/Load/PP.pm
cp lib/Class/Load.pm blib/lib/Class/Load.pm
Manifying 1 pod document
PERL_DL_NONLAZY=1 "/Users/ether/perl5/perlbrew/perls/8.1/bin/perl" "-MExtUtils::Command::MM" "-MTest::Harness" "-e" "undef *Test::Harness::Switches; test_harness(0, 'blib/lib', 'blib/arch')" t/*.t
# Using PP implementation
t/000-load.t .................... ok
t/002-try-load-class.t .......... ok
t/003-load-class.t .............. ok
t/001-is-class-loaded.t ......... ok
t/004-load-double.t ............. ok
t/006-returned-error.t .......... ok
t/005-load-optional.t ........... ok
t/008-gvstash-bug.t ............. ok
t/007-first-existing.t .......... ok
t/011-without-xs.t .............. skipped: Test requires module 'Test::Without::Module' but it's not found
t/012-without-implementation.t .. skipped: Test requires module 'Test::Without::Module' but it's not found
t/009-invalid-module-name.t ..... ok
t/010-isa-false-positive.t ...... ok
t/014-weird-constants.t ......... ok
t/013-errors.t .................. ok
# 
# Versions for all modules listed in MYMETA.json (including optional ones):
# 
# === Configure Requires ===
# 
#     Module              Want Have
#     ------------------- ---- ----
#     ExtUtils::MakeMaker  any 7.10
# 
# === Build Requires ===
# 
#     Module              Want Have
#     ------------------- ---- ----
#     ExtUtils::MakeMaker  any 7.10
# 
# === Test Requires ===
# 
#     Module              Want     Have
#     ------------------- ---- --------
#     ExtUtils::MakeMaker  any     7.10
#     File::Spec           any     3.47
#     Test::Fatal          any    0.014
#     Test::More          0.88 1.001014
#     Test::Requires       any     0.10
#     constant             any     1.04
#     lib                  any   0.5565
#     version              any   0.9912
# 
# === Test Recommends ===
# 
#     Module         Want     Have
#     ---------- -------- --------
#     CPAN::Meta 2.120900 2.150005
# 
# === Runtime Requires ===
# 
#     Module                  Want  Have
#     ---------------------- ----- -----
#     Carp                     any  1.36
#     Data::OptList            any 0.109
#     Exporter                 any  5.72
#     Module::Implementation  0.04  0.09
#     Module::Runtime        0.012 0.014
#     Package::Stash          0.14  0.37
#     Scalar::Util             any  1.42
#     Try::Tiny                any  0.22
#     base                     any  2.03
#     strict                   any  1.03
#     warnings                 any  1.03
# 
t/00-report-prereqs.t ........... ok
All tests successful.
Files=16, Tests=125,  1 wallclock secs ( 0.08 usr  0.04 sys +  1.03 cusr  0.12 csys =  1.27 CPU)
Result: PASS
Manifying 1 pod document
Installing /Users/ether/.perlbrew/libs/8.1@std/lib/perl5/Class/Load.pm
Installing /Users/ether/.perlbrew/libs/8.1@std/lib/perl5/Class/Load/PP.pm
Installing /Users/ether/.perlbrew/libs/8.1@std/man/man3/Class::Load.0
Appending installation info to /Users/ether/.perlbrew/libs/8.1@std/lib/perl5/darwin-2level/perllocal.pod
-> OK
Successfully installed Class-Load-0.23
Installing /Users/ether/.perlbrew/libs/8.1@std/lib/perl5/darwin-2level/.meta/Class-Load-0.23/MYMETA.json
Installing /Users/ether/.perlbrew/libs/8.1@std/lib/perl5/darwin-2level/.meta/Class-Load-0.23/install.json
Searching Task::Weaken on mirror http://mirrors.gossamer-threads.com/CPAN ...
--> Working on Task::Weaken
Fetching http://mirrors.gossamer-threads.com/CPAN/authors/id/A/AD/ADAMK/Task-Weaken-1.04.tar.gz
-> OK
Unpacking Task-Weaken-1.04.tar.gz
Entering Task-Weaken-1.04
Checking configure dependencies from META.yml
Checking if you have ExtUtils::MakeMaker 6.58 ... Yes (7.10)
Configuring Task-Weaken-1.04
Running Makefile.PL
Checking if your kit is complete...
Looks good
Generating a Unix-style Makefile
Writing Makefile for Task::Weaken
Writing MYMETA.yml and MYMETA.json
-> OK
Checking dependencies from MYMETA.json ...
Checking if you have Test::More 0.42 ... Yes (1.001014)
Checking if you have Scalar::Util 1.14 ... Yes (1.42)
Checking if you have ExtUtils::MakeMaker 0 ... Yes (7.10)
Checking if you have File::Spec 0.80 ... Yes (3.47)
Building and testing Task-Weaken-1.04
cp lib/Task/Weaken.pm blib/lib/Task/Weaken.pm
Manifying 1 pod document
PERL_DL_NONLAZY=1 "/Users/ether/perl5/perlbrew/perls/8.1/bin/perl" "-MExtUtils::Command::MM" "-MTest::Harness" "-e" "undef *Test::Harness::Switches; test_harness(0, 'inc', 'blib/lib', 'blib/arch')" t/*.t
t/01_compile.t .. ok
t/02_weaken.t ... ok
All tests successful.
Files=2, Tests=21,  0 wallclock secs ( 0.01 usr  0.01 sys +  0.04 cusr  0.00 csys =  0.06 CPU)
Result: PASS
Manifying 1 pod document
Installing /Users/ether/.perlbrew/libs/8.1@std/lib/perl5/Task/Weaken.pm
Installing /Users/ether/.perlbrew/libs/8.1@std/man/man3/Task::Weaken.0
Appending installation info to /Users/ether/.perlbrew/libs/8.1@std/lib/perl5/darwin-2level/perllocal.pod
-> OK
Successfully installed Task-Weaken-1.04
Installing /Users/ether/.perlbrew/libs/8.1@std/lib/perl5/darwin-2level/.meta/Task-Weaken-1.04/MYMETA.json
Installing /Users/ether/.perlbrew/libs/8.1@std/lib/perl5/darwin-2level/.meta/Task-Weaken-1.04/install.json
Searching Devel::OverloadInfo on mirror http://mirrors.gossamer-threads.com/CPAN ...
--> Working on Devel::OverloadInfo
Fetching http://mirrors.gossamer-threads.com/CPAN/authors/id/I/IL/ILMARI/Devel-OverloadInfo-0.004.tar.gz
-> OK
Unpacking Devel-OverloadInfo-0.004.tar.gz
Entering Devel-OverloadInfo-0.004
Checking configure dependencies from META.json
Checking if you have ExtUtils::MakeMaker 6.58 ... Yes (7.10)
Configuring Devel-OverloadInfo-0.004
Running Makefile.PL
Warning: prerequisite MRO::Compat 0 not found.
Warning: prerequisite Sub::Identify 0 not found.
Checking if your kit is complete...
Looks good
Generating a Unix-style Makefile
Writing Makefile for Devel::OverloadInfo
Writing MYMETA.yml and MYMETA.json
-> OK
Checking dependencies from MYMETA.json ...
Checking if you have Test::Fatal 0 ... Yes (0.014)
Checking if you have MRO::Compat 0 ... No
Checking if you have Scalar::Util 0 ... Yes (1.42)
Checking if you have Sub::Identify 0 ... No
Checking if you have strict 0 ... Yes (1.03)
Checking if you have ExtUtils::MakeMaker 0 ... Yes (7.10)
Checking if you have Exporter 5.57 ... Yes (5.72)
Checking if you have overload 0 ... Yes (1.01)
Checking if you have base 0 ... Yes (2.03)
Checking if you have Test::More 0.88 ... Yes (1.001014)
Checking if you have warnings 0 ... Yes (1.03)
Checking if you have Package::Stash 0.14 ... Yes (0.37)
Checking if you have parent 0 ... Yes (0.234)
==> Found dependencies: MRO::Compat, Sub::Identify
Searching MRO::Compat on mirror http://mirrors.gossamer-threads.com/CPAN ...
--> Working on MRO::Compat
Fetching http://mirrors.gossamer-threads.com/CPAN/authors/id/B/BO/BOBTFISH/MRO-Compat-0.12.tar.gz
-> OK
Unpacking MRO-Compat-0.12.tar.gz
Entering MRO-Compat-0.12
Checking configure dependencies from META.yml
Checking if you have ExtUtils::MakeMaker 6.59 ... Yes (7.10)
Configuring MRO-Compat-0.12
Running Makefile.PL
Warning: prerequisite Class::C3 0.24 not found.
Checking if your kit is complete...
Looks good
Generating a Unix-style Makefile
Writing Makefile for MRO::Compat
Writing MYMETA.yml and MYMETA.json
-> OK
Checking dependencies from MYMETA.json ...
Checking if you have Test::More 0.47 ... Yes (1.001014)
Checking if you have ExtUtils::MakeMaker 0 ... Yes (7.10)
Checking if you have Class::C3 0.24 ... No
==> Found dependencies: Class::C3
Searching Class::C3 on mirror http://mirrors.gossamer-threads.com/CPAN ...
--> Working on Class::C3
Fetching http://mirrors.gossamer-threads.com/CPAN/authors/id/H/HA/HAARG/Class-C3-0.28.tar.gz
-> OK
Unpacking Class-C3-0.28.tar.gz
Entering Class-C3-0.28
Checking configure dependencies from META.json
Checking if you have ExtUtils::MakeMaker 6.58 ... Yes (7.10)
Checking if you have ExtUtils::CBuilder 0.27 ... Yes (0.280223)
Configuring Class-C3-0.28
Running Makefile.PL
Warning: prerequisite Algorithm::C3 0.07 not found.
Warning: prerequisite Class::C3::XS 0.13 not found.
Checking if your kit is complete...
Looks good
Generating a Unix-style Makefile
Writing Makefile for Class::C3
Writing MYMETA.yml and MYMETA.json
-> OK
Checking dependencies from MYMETA.json ...
Checking if you have Test::More 0.47 ... Yes (1.001014)
Checking if you have Scalar::Util 0 ... Yes (1.42)
Checking if you have Algorithm::C3 0.07 ... No
Checking if you have Class::C3::XS 0.13 ... No
==> Found dependencies: Algorithm::C3, Class::C3::XS
Searching Algorithm::C3 on mirror http://mirrors.gossamer-threads.com/CPAN ...
--> Working on Algorithm::C3
Fetching http://mirrors.gossamer-threads.com/CPAN/authors/id/H/HA/HAARG/Algorithm-C3-0.10.tar.gz
-> OK
Unpacking Algorithm-C3-0.10.tar.gz
Entering Algorithm-C3-0.10
Checking configure dependencies from META.json
Checking if you have ExtUtils::MakeMaker 6.58 ... Yes (7.10)
Configuring Algorithm-C3-0.10
Running Makefile.PL
Checking if your kit is complete...
Looks good
Generating a Unix-style Makefile
Writing Makefile for Algorithm::C3
Writing MYMETA.yml and MYMETA.json
-> OK
Checking dependencies from MYMETA.json ...
Checking if you have Test::More 0.47 ... Yes (1.001014)
Checking if you have Carp 0.01 ... Yes (1.36)
Building and testing Algorithm-C3-0.10
cp lib/Algorithm/C3.pm blib/lib/Algorithm/C3.pm
Manifying 1 pod document
PERL_DL_NONLAZY=1 "/Users/ether/perl5/perlbrew/perls/8.1/bin/perl" "-MExtUtils::Command::MM" "-MTest::Harness" "-e" "undef *Test::Harness::Switches; test_harness(0, 'blib/lib', 'blib/arch')" t/*.t
t/000_load.t ..................... ok
t/001_merge.t .................... ok
t/002_merge.t .................... ok
t/003_merge.t .................... ok
t/004_merge.t .................... ok
t/005_order_disagreement.t ....... ok
t/006_complex_merge.t ............ ok
t/007_cached_merge.t ............. ok
t/008_cached_merge_unordered.t ... ok
t/009_dbic_merge.t ............... ok
t/010_complex_merge_classless.t .. ok
t/011_infinite_loop.t ............ ok
All tests successful.
Files=12, Tests=77,  0 wallclock secs ( 0.05 usr  0.03 sys +  0.30 cusr  0.05 csys =  0.43 CPU)
Result: PASS
Manifying 1 pod document
Installing /Users/ether/.perlbrew/libs/8.1@std/lib/perl5/Algorithm/C3.pm
Installing /Users/ether/.perlbrew/libs/8.1@std/man/man3/Algorithm::C3.0
Appending installation info to /Users/ether/.perlbrew/libs/8.1@std/lib/perl5/darwin-2level/perllocal.pod
-> OK
Successfully installed Algorithm-C3-0.10
Installing /Users/ether/.perlbrew/libs/8.1@std/lib/perl5/darwin-2level/.meta/Algorithm-C3-0.10/MYMETA.json
Installing /Users/ether/.perlbrew/libs/8.1@std/lib/perl5/darwin-2level/.meta/Algorithm-C3-0.10/install.json
Searching Class::C3::XS on mirror http://mirrors.gossamer-threads.com/CPAN ...
--> Working on Class::C3::XS
Fetching http://mirrors.gossamer-threads.com/CPAN/authors/id/F/FL/FLORA/Class-C3-XS-0.13.tar.gz
-> OK
Unpacking Class-C3-XS-0.13.tar.gz
Entering Class-C3-XS-0.13
Checking configure dependencies from META.yml
Checking if you have ExtUtils::MakeMaker 6.58 ... Yes (7.10)
Configuring Class-C3-XS-0.13
Running Makefile.PL
Checking if your kit is complete...
Looks good
Generating a Unix-style Makefile
Writing Makefile for Class::C3::XS
Writing MYMETA.yml and MYMETA.json
-> OK
Checking dependencies from MYMETA.json ...
Checking if you have Test::More 0.47 ... Yes (1.001014)
Checking if you have ExtUtils::MakeMaker 0 ... Yes (7.10)
Building and testing Class-C3-XS-0.13
cp lib/Class/C3/XS.pm blib/lib/Class/C3/XS.pm
Running Mkbootstrap for Class::C3::XS ()
chmod 644 "XS.bs"
"/Users/ether/perl5/perlbrew/perls/8.1/bin/perl" "-Iinc" "/Users/ether/.perlbrew/libs/8.1@std/lib/perl5/ExtUtils/xsubpp"  -typemap "/Users/ether/perl5/perlbrew/perls/8.1/lib/5.8.1/ExtUtils/typemap"  XS.xs > XS.xsc && mv XS.xsc XS.c
cc -c   -fno-common -DPERL_DARWIN -fno-strict-aliasing -I/opt/local/include -O3   -DVERSION=\"0.13\" -DXS_VERSION=\"0.13\"  "-I/Users/ether/perl5/perlbrew/perls/8.1/lib/5.8.1/darwin-2level/CORE"   XS.c
rm -f blib/arch/auto/Class/C3/XS/XS.bundle
env MACOSX_DEPLOYMENT_TARGET=10.3 cc  -bundle -undefined dynamic_lookup -L/opt/local/lib XS.o  -o blib/arch/auto/Class/C3/XS/XS.bundle 	\
	     	\
	  
chmod 755 blib/arch/auto/Class/C3/XS/XS.bundle
"/Users/ether/perl5/perlbrew/perls/8.1/bin/perl" "-Iinc" -MExtUtils::Command::MM -e 'cp_nonempty' -- XS.bs blib/arch/auto/Class/C3/XS/XS.bs 644
Manifying 1 pod document
Running Mkbootstrap for Class::C3::XS ()
chmod 644 "XS.bs"
PERL_DL_NONLAZY=1 "/Users/ether/perl5/perlbrew/perls/8.1/bin/perl" "-MExtUtils::Command::MM" "-MTest::Harness" "-e" "undef *Test::Harness::Switches; test_harness(0, 'inc', 'blib/lib', 'blib/arch')" t/*.t
t/00_load.t ........................ ok
t/01_MRO.t ......................... ok
t/03_MRO.t ......................... ok
t/02_MRO.t ......................... ok
t/04_MRO.t ......................... ok
t/05_MRO.t ......................... ok
t/30_next_method.t ................. ok
t/32_next_method_edge_cases.t ...... ok
t/31_next_method_skip.t ............ ok
t/34_next_method_in_eval.t ......... ok
t/33_next_method_used_with_NEXT.t .. ok
t/35_next_method_in_anon.t ......... ok
t/pod.t ............................ skipped: Test::Pod 1.14 required for testing POD
t/36_next_goto.t ................... ok
All tests successful.
Files=14, Tests=58,  0 wallclock secs ( 0.06 usr  0.03 sys +  0.40 cusr  0.08 csys =  0.57 CPU)
Result: PASS
Manifying 1 pod document
Files found in blib/arch: installing files in blib/lib into architecture dependent library tree
Installing /Users/ether/.perlbrew/libs/8.1@std/lib/perl5/darwin-2level/auto/Class/C3/XS/XS.bundle
Installing /Users/ether/.perlbrew/libs/8.1@std/lib/perl5/darwin-2level/Class/C3/XS.pm
Installing /Users/ether/.perlbrew/libs/8.1@std/man/man3/Class::C3::XS.0
Appending installation info to /Users/ether/.perlbrew/libs/8.1@std/lib/perl5/darwin-2level/perllocal.pod
-> OK
Successfully installed Class-C3-XS-0.13
Installing /Users/ether/.perlbrew/libs/8.1@std/lib/perl5/darwin-2level/.meta/Class-C3-XS-0.13/MYMETA.json
Installing /Users/ether/.perlbrew/libs/8.1@std/lib/perl5/darwin-2level/.meta/Class-C3-XS-0.13/install.json
Building and testing Class-C3-0.28
cp lib/Class/C3/next.pm blib/lib/Class/C3/next.pm
cp lib/Class/C3.pm blib/lib/Class/C3.pm
Manifying 2 pod documents
PERL_DL_NONLAZY=1 "/Users/ether/perl5/perlbrew/perls/8.1/bin/perl" "-MExtUtils::Command::MM" "-MTest::Harness" "-e" "undef *Test::Harness::Switches; test_harness(0, 'blib/lib', 'blib/arch')" t/*.t
# XS speedups available (via Class::C3::XS)
t/00_load.t ........................ ok
t/01_MRO.t ......................... ok
t/02_MRO.t ......................... ok
t/04_MRO.t ......................... ok
t/03_MRO.t ......................... ok
t/05_MRO.t ......................... ok
t/06_MRO.t ......................... ok
t/10_Inconsistent_hierarchy.t ...... ok
t/20_reinitialize.t ................ ok
t/21_C3_with_overload.t ............ ok
t/22_uninitialize.t ................ ok
t/23_multi_init.t .................. ok
t/24_more_overload.t ............... ok
t/30_next_method.t ................. ok
t/31_next_method_skip.t ............ ok
t/32_next_method_edge_cases.t ...... ok
t/34_next_method_in_eval.t ......... ok
t/33_next_method_used_with_NEXT.t .. ok
t/35_next_method_in_anon.t ......... ok
t/37_mro_warn.t .................... skipped: This test is only applicable for perl >= 5.9.5
t/36_next_goto.t ................... ok
t/40_no_xs.t ....................... skipped: Devel::Hide required for this test
All tests successful.
Files=22, Tests=103,  1 wallclock secs ( 0.09 usr  0.06 sys +  0.65 cusr  0.13 csys =  0.93 CPU)
Result: PASS
Manifying 2 pod documents
Installing /Users/ether/.perlbrew/libs/8.1@std/lib/perl5/Class/C3.pm
Installing /Users/ether/.perlbrew/libs/8.1@std/lib/perl5/Class/C3/next.pm
Installing /Users/ether/.perlbrew/libs/8.1@std/man/man3/Class::C3.0
Installing /Users/ether/.perlbrew/libs/8.1@std/man/man3/Class::C3::next.0
Appending installation info to /Users/ether/.perlbrew/libs/8.1@std/lib/perl5/darwin-2level/perllocal.pod
-> OK
Successfully installed Class-C3-0.28
Installing /Users/ether/.perlbrew/libs/8.1@std/lib/perl5/darwin-2level/.meta/Class-C3-0.28/MYMETA.json
Installing /Users/ether/.perlbrew/libs/8.1@std/lib/perl5/darwin-2level/.meta/Class-C3-0.28/install.json
Building and testing MRO-Compat-0.12
cp lib/MRO/Compat.pm blib/lib/MRO/Compat.pm
Manifying 1 pod document
PERL_DL_NONLAZY=1 "/Users/ether/perl5/perlbrew/perls/8.1/bin/perl" "-MExtUtils::Command::MM" "-MTest::Harness" "-e" "undef *Test::Harness::Switches; test_harness(0, 'inc', 'blib/lib', 'blib/arch')" t/*.t
t/02pod.t ........... skipped: Test::Pod 1.14 required for testing POD
t/01use.t ........... ok
t/03pod_coverage.t .. skipped: Test::Pod::Coverage 1.04 required for testing POD coverage
t/10basic.t ......... ok
t/15pkg_gen.t ....... ok
t/20mros.t .......... ok
All tests successful.
Files=6, Tests=30,  0 wallclock secs ( 0.03 usr  0.01 sys +  0.14 cusr  0.02 csys =  0.20 CPU)
Result: PASS
Manifying 1 pod document
Installing /Users/ether/.perlbrew/libs/8.1@std/lib/perl5/MRO/Compat.pm
Installing /Users/ether/.perlbrew/libs/8.1@std/man/man3/MRO::Compat.0
Appending installation info to /Users/ether/.perlbrew/libs/8.1@std/lib/perl5/darwin-2level/perllocal.pod
-> OK
Successfully installed MRO-Compat-0.12
Installing /Users/ether/.perlbrew/libs/8.1@std/lib/perl5/darwin-2level/.meta/MRO-Compat-0.12/MYMETA.json
Installing /Users/ether/.perlbrew/libs/8.1@std/lib/perl5/darwin-2level/.meta/MRO-Compat-0.12/install.json
Searching Sub::Identify on mirror http://mirrors.gossamer-threads.com/CPAN ...
--> Working on Sub::Identify
Fetching http://mirrors.gossamer-threads.com/CPAN/authors/id/R/RG/RGARCIA/Sub-Identify-0.12.tar.gz
-> OK
Unpacking Sub-Identify-0.12.tar.gz
Entering Sub-Identify-0.12
Checking configure dependencies from META.yml
Configuring Sub-Identify-0.12
Running Makefile.PL
Checking if your kit is complete...
Looks good
Generating a Unix-style Makefile
Writing Makefile for Sub::Identify
Writing MYMETA.yml and MYMETA.json
-> OK
Checking dependencies from MYMETA.json ...
Checking if you have Test::More 0 ... Yes (1.001014)
Checking if you have ExtUtils::MakeMaker 0 ... Yes (7.10)
Building and testing Sub-Identify-0.12
cp lib/Sub/Identify.pm blib/lib/Sub/Identify.pm
Running Mkbootstrap for Sub::Identify ()
chmod 644 "Identify.bs"
"/Users/ether/perl5/perlbrew/perls/8.1/bin/perl" "/Users/ether/.perlbrew/libs/8.1@std/lib/perl5/ExtUtils/xsubpp"  -typemap "/Users/ether/perl5/perlbrew/perls/8.1/lib/5.8.1/ExtUtils/typemap"  Identify.xs > Identify.xsc && mv Identify.xsc Identify.c
cc -c   -fno-common -DPERL_DARWIN -fno-strict-aliasing -I/opt/local/include -O3   -DVERSION=\"0.12\" -DXS_VERSION=\"0.12\"  "-I/Users/ether/perl5/perlbrew/perls/8.1/lib/5.8.1/darwin-2level/CORE"   Identify.c
rm -f blib/arch/auto/Sub/Identify/Identify.bundle
env MACOSX_DEPLOYMENT_TARGET=10.3 cc  -bundle -undefined dynamic_lookup -L/opt/local/lib Identify.o  -o blib/arch/auto/Sub/Identify/Identify.bundle 	\
	     	\
	  
chmod 755 blib/arch/auto/Sub/Identify/Identify.bundle
"/Users/ether/perl5/perlbrew/perls/8.1/bin/perl" -MExtUtils::Command::MM -e 'cp_nonempty' -- Identify.bs blib/arch/auto/Sub/Identify/Identify.bs 644
Manifying 1 pod document
Running Mkbootstrap for Sub::Identify ()
chmod 644 "Identify.bs"
PERL_DL_NONLAZY=1 "/Users/ether/perl5/perlbrew/perls/8.1/bin/perl" "-MExtUtils::Command::MM" "-MTest::Harness" "-e" "undef *Test::Harness::Switches; test_harness(0, 'blib/lib', 'blib/arch')" t/*.t
t/01basic.t .................. ok
t/02errors.t ................. ok
t/03proto.t .................. ok
t/04codelocation-pureperl.t .. ok
t/04codelocation.t ........... ok
t/05constant-pureperl.t ...... ok
t/06codelocxs-pureperl.t ..... ok
t/20attributes.t ............. skipped: tests won't pass on less recent perls
t/21attributes-pureperl.t .... skipped: tests won't pass on less recent perls
t/05constant.t ............... ok
t/30signatures.t ............. skipped: tests won't pass perls before 5.20.0 due to requirement for signatures
t/06codelocxs.t .............. ok
t/10pureperl-basic.t ......... ok
t/pod.t ...................... skipped: Test::Pod 1.14 required for testing POD
All tests successful.
Files=14, Tests=107,  1 wallclock secs ( 0.06 usr  0.03 sys +  0.32 cusr  0.06 csys =  0.47 CPU)
Result: PASS
Manifying 1 pod document
Files found in blib/arch: installing files in blib/lib into architecture dependent library tree
Installing /Users/ether/.perlbrew/libs/8.1@std/lib/perl5/darwin-2level/auto/Sub/Identify/Identify.bundle
Installing /Users/ether/.perlbrew/libs/8.1@std/lib/perl5/darwin-2level/Sub/Identify.pm
Installing /Users/ether/.perlbrew/libs/8.1@std/man/man3/Sub::Identify.0
Appending installation info to /Users/ether/.perlbrew/libs/8.1@std/lib/perl5/darwin-2level/perllocal.pod
-> OK
Successfully installed Sub-Identify-0.12
Installing /Users/ether/.perlbrew/libs/8.1@std/lib/perl5/darwin-2level/.meta/Sub-Identify-0.12/MYMETA.json
Installing /Users/ether/.perlbrew/libs/8.1@std/lib/perl5/darwin-2level/.meta/Sub-Identify-0.12/install.json
Building and testing Devel-OverloadInfo-0.004
cp lib/Devel/OverloadInfo.pm blib/lib/Devel/OverloadInfo.pm
Manifying 1 pod document
PERL_DL_NONLAZY=1 "/Users/ether/perl5/perlbrew/perls/8.1/bin/perl" "-MExtUtils::Command::MM" "-MTest::Harness" "-e" "undef *Test::Harness::Switches; test_harness(0, 'blib/lib', 'blib/arch')" t/*.t
t/author-pod-spell.t ................. skipped: these tests are for testing by the author
t/release-pod-syntax.t ............... skipped: these tests are for release candidate testing
t/rt106379-inheritance-corruption.t .. ok
t/basic.t ............................ ok
All tests successful.
Files=4, Tests=16,  0 wallclock secs ( 0.02 usr  0.01 sys +  0.11 cusr  0.02 csys =  0.16 CPU)
Result: PASS
Manifying 1 pod document
Installing /Users/ether/.perlbrew/libs/8.1@std/lib/perl5/Devel/OverloadInfo.pm
Installing /Users/ether/.perlbrew/libs/8.1@std/man/man3/Devel::OverloadInfo.0
Appending installation info to /Users/ether/.perlbrew/libs/8.1@std/lib/perl5/darwin-2level/perllocal.pod
-> OK
Successfully installed Devel-OverloadInfo-0.004
Installing /Users/ether/.perlbrew/libs/8.1@std/lib/perl5/darwin-2level/.meta/Devel-OverloadInfo-0.004/MYMETA.json
Installing /Users/ether/.perlbrew/libs/8.1@std/lib/perl5/darwin-2level/.meta/Devel-OverloadInfo-0.004/install.json
Searching Module::Runtime::Conflicts on mirror http://mirrors.gossamer-threads.com/CPAN ...
--> Working on Module::Runtime::Conflicts
Fetching http://mirrors.gossamer-threads.com/CPAN/authors/id/E/ET/ETHER/Module-Runtime-Conflicts-0.002.tar.gz
-> OK
Unpacking Module-Runtime-Conflicts-0.002.tar.gz
Entering Module-Runtime-Conflicts-0.002
Checking configure dependencies from META.json
Checking if you have Module::Build::Tiny 0.039 ... Yes (0.039)
Configuring Module-Runtime-Conflicts-0.002
Running Build.PL
Creating new 'Build' script for 'Module-Runtime-Conflicts' version '0.002'
-> OK
Checking dependencies from MYMETA.json ...
Checking if you have Test::More 0.88 ... Yes (1.001014)
Checking if you have warnings 0 ... Yes (1.03)
Checking if you have if 0 ... Yes (0.03)
Checking if you have strict 0 ... Yes (1.03)
Checking if you have File::Spec 0 ... Yes (3.47)
Checking if you have ExtUtils::MakeMaker 0 ... Yes (7.10)
Checking if you have Dist::CheckConflicts 0 ... Yes (0.11)
Checking if you have Module::Runtime 0 ... Yes (0.014)
Building and testing Module-Runtime-Conflicts-0.002
cp lib/Module/Runtime/Conflicts.pm blib/lib/Module/Runtime/Conflicts.pm
t/01-basic.t ........... ok
# 
# Versions for all modules listed in MYMETA.json (including optional ones):
# 
# === Configure Requires ===
# 
#     Module               Want  Have
#     ------------------- ----- -----
#     Module::Build::Tiny 0.039 0.039
# 
# === Test Requires ===
# 
#     Module              Want     Have
#     ------------------- ---- --------
#     ExtUtils::MakeMaker  any     7.10
#     File::Spec           any     3.47
#     Test::More          0.88 1.001014
#     if                   any     0.03
# 
# === Test Recommends ===
# 
#     Module         Want     Have
#     ---------- -------- --------
#     CPAN::Meta 2.120900 2.150005
# 
# === Runtime Requires ===
# 
#     Module               Want  Have
#     -------------------- ---- -----
#     Dist::CheckConflicts  any  0.11
#     Module::Runtime       any 0.014
#     strict                any  1.03
#     warnings              any  1.03
# 
t/00-report-prereqs.t .. ok
All tests successful.
Files=2, Tests=2,  1 wallclock secs ( 0.02 usr  0.01 sys +  0.31 cusr  0.01 csys =  0.35 CPU)
Result: PASS
Installing /Users/ether/.perlbrew/libs/8.1@std/lib/perl5/Module/Runtime/Conflicts.pm
-> OK
Successfully installed Module-Runtime-Conflicts-0.002
Installing /Users/ether/.perlbrew/libs/8.1@std/lib/perl5/darwin-2level/.meta/Module-Runtime-Conflicts-0.002/MYMETA.json
Installing /Users/ether/.perlbrew/libs/8.1@std/lib/perl5/darwin-2level/.meta/Module-Runtime-Conflicts-0.002/install.json
Already tried MRO::Compat. Skipping.
Already tried Sub::Identify. Skipping.
Already tried Package::Stash::XS. Skipping.
Searching Package::DeprecationManager on mirror http://mirrors.gossamer-threads.com/CPAN ...
--> Working on Package::DeprecationManager
Fetching http://mirrors.gossamer-threads.com/CPAN/authors/id/D/DR/DROLSKY/Package-DeprecationManager-0.14.tar.gz
-> OK
Unpacking Package-DeprecationManager-0.14.tar.gz
Entering Package-DeprecationManager-0.14
Checking configure dependencies from META.json
Checking if you have ExtUtils::MakeMaker 6.58 ... Yes (7.10)
Configuring Package-DeprecationManager-0.14
Running Makefile.PL
Checking if your kit is complete...
Looks good
Generating a Unix-style Makefile
Writing Makefile for Package::DeprecationManager
Writing MYMETA.yml and MYMETA.json
-> OK
Checking dependencies from MYMETA.json ...
Checking if you have Test::Fatal 0 ... Yes (0.014)
Checking if you have strict 0 ... Yes (1.03)
Checking if you have ExtUtils::MakeMaker 0 ... Yes (7.10)
Checking if you have IPC::Open3 0 ... Yes (1.0105)
Checking if you have IO::Handle 0 ... Yes (1.23)
Checking if you have Test::Requires 0 ... Yes (0.10)
Checking if you have List::Util 1.33 ... Yes (1.42)
Checking if you have Sub::Install 0 ... Yes (0.928)
Checking if you have Test::More 0.96 ... Yes (1.001014)
Checking if you have warnings 0 ... Yes (1.03)
Checking if you have File::Spec 0 ... Yes (3.47)
Checking if you have Carp 0 ... Yes (1.36)
Checking if you have Params::Util 0 ... Yes (1.07)
Building and testing Package-DeprecationManager-0.14
cp lib/Package/DeprecationManager.pm blib/lib/Package/DeprecationManager.pm
Manifying 1 pod document
PERL_DL_NONLAZY=1 "/Users/ether/perl5/perlbrew/perls/8.1/bin/perl" "-MExtUtils::Command::MM" "-MTest::Harness" "-e" "undef *Test::Harness::Switches; test_harness(0, 'blib/lib', 'blib/arch')" t/*.t
t/author-eol.t ............. skipped: these tests are for testing by the author
t/author-no-tabs.t ......... skipped: these tests are for testing by the author
t/author-pod-spell.t ....... skipped: these tests are for testing by the author
t/00-compile.t ............. ok
t/release-cpan-changes.t ... skipped: these tests are for release candidate testing
t/basic.t .................. skipped: Test requires module 'Test::Output' but it's not found
t/release-pod-coverage.t ... skipped: these tests are for release candidate testing
t/release-pod-linkcheck.t .. skipped: these tests are for release candidate testing
t/release-pod-no404s.t ..... skipped: these tests are for release candidate testing
t/release-pod-syntax.t ..... skipped: these tests are for release candidate testing
t/release-portability.t .... skipped: these tests are for release candidate testing
t/release-test-version.t ... skipped: these tests are for release candidate testing
t/release-tidyall.t ........ skipped: these tests are for release candidate testing
# 
# Versions for all modules listed in MYMETA.json (including optional ones):
# 
# === Configure Requires ===
# 
#     Module              Want Have
#     ------------------- ---- ----
#     ExtUtils::MakeMaker  any 7.10
# 
# === Build Requires ===
# 
#     Module              Want Have
#     ------------------- ---- ----
#     ExtUtils::MakeMaker  any 7.10
# 
# === Test Requires ===
# 
#     Module              Want     Have
#     ------------------- ---- --------
#     ExtUtils::MakeMaker  any     7.10
#     File::Spec           any     3.47
#     IO::Handle           any     1.23
#     IPC::Open3           any   1.0105
#     Test::Fatal          any    0.014
#     Test::More          0.96 1.001014
#     Test::Requires       any     0.10
# 
# === Test Recommends ===
# 
#     Module         Want     Have
#     ---------- -------- --------
#     CPAN::Meta 2.120900 2.150005
# 
# === Runtime Requires ===
# 
#     Module       Want  Have
#     ------------ ---- -----
#     Carp          any  1.36
#     List::Util   1.33  1.42
#     Params::Util  any  1.07
#     Sub::Install  any 0.928
#     strict        any  1.03
#     warnings      any  1.03
# 
t/00-report-prereqs.t ...... ok
All tests successful.
Files=14, Tests=2,  0 wallclock secs ( 0.05 usr  0.04 sys +  0.54 cusr  0.08 csys =  0.71 CPU)
Result: PASS
Manifying 1 pod document
Installing /Users/ether/.perlbrew/libs/8.1@std/lib/perl5/Package/DeprecationManager.pm
Installing /Users/ether/.perlbrew/libs/8.1@std/man/man3/Package::DeprecationManager.0
Appending installation info to /Users/ether/.perlbrew/libs/8.1@std/lib/perl5/darwin-2level/perllocal.pod
-> OK
Successfully installed Package-DeprecationManager-0.14
Installing /Users/ether/.perlbrew/libs/8.1@std/lib/perl5/darwin-2level/.meta/Package-DeprecationManager-0.14/MYMETA.json
Installing /Users/ether/.perlbrew/libs/8.1@std/lib/perl5/darwin-2level/.meta/Package-DeprecationManager-0.14/install.json
Searching Sub::Name on mirror http://mirrors.gossamer-threads.com/CPAN ...
--> Working on Sub::Name
Fetching http://mirrors.gossamer-threads.com/CPAN/authors/id/E/ET/ETHER/Sub-Name-0.14.tar.gz
-> OK
Unpacking Sub-Name-0.14.tar.gz
Entering Sub-Name-0.14
Checking configure dependencies from META.json
Checking if you have ExtUtils::MakeMaker 6.58 ... Yes (7.10)
Configuring Sub-Name-0.14
Running Makefile.PL
Checking if your kit is complete...
Looks good
Generating a Unix-style Makefile
Writing Makefile for Sub::Name
Writing MYMETA.yml and MYMETA.json
-> OK
Checking dependencies from MYMETA.json ...
Checking if you have strict 0 ... Yes (1.03)
Checking if you have ExtUtils::MakeMaker 0 ... Yes (7.10)
Checking if you have Exporter 5.57 ... Yes (5.72)
Checking if you have B::Deparse 0 ... Yes (0.64)
Checking if you have Test::More 0.88 ... Yes (1.001014)
Checking if you have warnings 0 ... Yes (1.03)
Checking if you have File::Spec 0 ... Yes (3.47)
Checking if you have XSLoader 0 ... Yes (0.02)
Building and testing Sub-Name-0.14
cp lib/Sub/Name.pm blib/lib/Sub/Name.pm
Running Mkbootstrap for Sub::Name ()
chmod 644 "Name.bs"
"/Users/ether/perl5/perlbrew/perls/8.1/bin/perl" "/Users/ether/.perlbrew/libs/8.1@std/lib/perl5/ExtUtils/xsubpp"  -typemap "/Users/ether/perl5/perlbrew/perls/8.1/lib/5.8.1/ExtUtils/typemap"  Name.xs > Name.xsc && mv Name.xsc Name.c
cc -c   -fno-common -DPERL_DARWIN -fno-strict-aliasing -I/opt/local/include -O3   -DVERSION=\"0.14\" -DXS_VERSION=\"0.14\"  "-I/Users/ether/perl5/perlbrew/perls/8.1/lib/5.8.1/darwin-2level/CORE"   Name.c
rm -f blib/arch/auto/Sub/Name/Name.bundle
env MACOSX_DEPLOYMENT_TARGET=10.3 cc  -bundle -undefined dynamic_lookup -L/opt/local/lib Name.o  -o blib/arch/auto/Sub/Name/Name.bundle 	\
	     	\
	  
chmod 755 blib/arch/auto/Sub/Name/Name.bundle
"/Users/ether/perl5/perlbrew/perls/8.1/bin/perl" -MExtUtils::Command::MM -e 'cp_nonempty' -- Name.bs blib/arch/auto/Sub/Name/Name.bs 644
Manifying 1 pod document
Running Mkbootstrap for Sub::Name ()
chmod 644 "Name.bs"
PERL_DL_NONLAZY=1 "/Users/ether/perl5/perlbrew/perls/8.1/bin/perl" "-MExtUtils::Command::MM" "-MTest::Harness" "-e" "undef *Test::Harness::Switches; test_harness(0, 'blib/lib', 'blib/arch')" t/*.t
t/smoke.t .............. ok
t/RT42725_deparse.t .... ok
Use of uninitialized value in concatenation (.) or string at t/RT96893_perlcc.t line 10.
t/RT96893_perlcc.t ..... skipped: B::C is too old (require 1.48, have )
# 
# Versions for all modules listed in MYMETA.json (including optional ones):
# 
# === Configure Requires ===
# 
#     Module              Want Have
#     ------------------- ---- ----
#     ExtUtils::MakeMaker  any 7.10
# 
# === Test Requires ===
# 
#     Module              Want     Have
#     ------------------- ---- --------
#     B::Deparse           any     0.64
#     ExtUtils::MakeMaker  any     7.10
#     File::Spec           any     3.47
#     Test::More          0.88 1.001014
# 
# === Test Recommends ===
# 
#     Module         Want     Have
#     ---------- -------- --------
#     CPAN::Meta 2.120900 2.150005
# 
# === Test Suggests ===
# 
#     Module          Want    Have
#     --------------- ---- -------
#     B::C            1.48    1.02
#     Devel::CheckBin  any missing
# 
# === Runtime Requires ===
# 
#     Module   Want Have
#     -------- ---- ----
#     Exporter 5.57 5.72
#     XSLoader  any 0.02
#     strict    any 1.03
#     warnings  any 1.03
# 
# === Other Modules ===
# 
#     Module           Have
#     ------------- -------
#     Pod::Coverage missing
# 
t/00-report-prereqs.t .. ok
All tests successful.
Files=4, Tests=13,  0 wallclock secs ( 0.03 usr  0.01 sys +  0.29 cusr  0.03 csys =  0.36 CPU)
Result: PASS
Manifying 1 pod document
Files found in blib/arch: installing files in blib/lib into architecture dependent library tree
Installing /Users/ether/.perlbrew/libs/8.1@std/lib/perl5/darwin-2level/auto/Sub/Name/Name.bundle
Installing /Users/ether/.perlbrew/libs/8.1@std/lib/perl5/darwin-2level/Sub/Name.pm
Installing /Users/ether/.perlbrew/libs/8.1@std/man/man3/Sub::Name.0
Appending installation info to /Users/ether/.perlbrew/libs/8.1@std/lib/perl5/darwin-2level/perllocal.pod
-> OK
Successfully installed Sub-Name-0.14
Installing /Users/ether/.perlbrew/libs/8.1@std/lib/perl5/darwin-2level/.meta/Sub-Name-0.14/MYMETA.json
Installing /Users/ether/.perlbrew/libs/8.1@std/lib/perl5/darwin-2level/.meta/Sub-Name-0.14/install.json
Searching Class::Load::XS on mirror http://mirrors.gossamer-threads.com/CPAN ...
--> Working on Class::Load::XS
Fetching http://mirrors.gossamer-threads.com/CPAN/authors/id/E/ET/ETHER/Class-Load-XS-0.09.tar.gz
-> OK
Unpacking Class-Load-XS-0.09.tar.gz
Entering Class-Load-XS-0.09
Checking configure dependencies from META.json
Checking if you have ExtUtils::MakeMaker 6.58 ... Yes (7.10)
Configuring Class-Load-XS-0.09
Running Makefile.PL
Checking if your kit is complete...
Looks good
Generating a Unix-style Makefile
Writing Makefile for Class::Load::XS
Writing MYMETA.yml and MYMETA.json
-> OK
Checking dependencies from MYMETA.json ...
Checking if you have Test::Fatal 0 ... Yes (0.014)
Checking if you have strict 0 ... Yes (1.03)
Checking if you have ExtUtils::MakeMaker 0 ... Yes (7.10)
Checking if you have Class::Load 0.20 ... Yes (0.23)
Checking if you have Test::Requires 0 ... Yes (0.10)
Checking if you have Test::More 0.88 ... Yes (1.001014)
Checking if you have warnings 0 ... Yes (1.03)
Checking if you have constant 0 ... Yes (1.04)
Checking if you have File::Spec 0 ... Yes (3.47)
Checking if you have Module::Implementation 0.04 ... Yes (0.09)
Checking if you have version 0 ... Yes (0.9912)
Checking if you have XSLoader 0 ... Yes (0.02)
Checking if you have lib 0 ... Yes (0.5565)
Building and testing Class-Load-XS-0.09
cp lib/Class/Load/XS.pm blib/lib/Class/Load/XS.pm
Running Mkbootstrap for Class::Load::XS ()
chmod 644 "XS.bs"
"/Users/ether/perl5/perlbrew/perls/8.1/bin/perl" "/Users/ether/.perlbrew/libs/8.1@std/lib/perl5/ExtUtils/xsubpp"  -typemap "/Users/ether/perl5/perlbrew/perls/8.1/lib/5.8.1/ExtUtils/typemap"  XS.xs > XS.xsc && mv XS.xsc XS.c
cc -c   -fno-common -DPERL_DARWIN -fno-strict-aliasing -I/opt/local/include -O3   -DVERSION=\"0.09\" -DXS_VERSION=\"0.09\"  "-I/Users/ether/perl5/perlbrew/perls/8.1/lib/5.8.1/darwin-2level/CORE"   XS.c
rm -f blib/arch/auto/Class/Load/XS/XS.bundle
env MACOSX_DEPLOYMENT_TARGET=10.3 cc  -bundle -undefined dynamic_lookup -L/opt/local/lib XS.o  -o blib/arch/auto/Class/Load/XS/XS.bundle 	\
	     	\
	  
chmod 755 blib/arch/auto/Class/Load/XS/XS.bundle
"/Users/ether/perl5/perlbrew/perls/8.1/bin/perl" -MExtUtils::Command::MM -e 'cp_nonempty' -- XS.bs blib/arch/auto/Class/Load/XS/XS.bs 644
Manifying 1 pod document
Running Mkbootstrap for Class::Load::XS ()
chmod 644 "XS.bs"
PERL_DL_NONLAZY=1 "/Users/ether/perl5/perlbrew/perls/8.1/bin/perl" "-MExtUtils::Command::MM" "-MTest::Harness" "-e" "undef *Test::Harness::Switches; test_harness(0, 'blib/lib', 'blib/arch')" t/*.t
# Using XS implementation
t/000-load.t .................... ok
t/002-try-load-class.t .......... ok
t/003-load-class.t .............. ok
t/001-is-class-loaded.t ......... ok
t/004-load-double.t ............. ok
t/005-load-optional.t ........... ok
t/006-returned-error.t .......... ok
t/007-first-existing.t .......... ok
t/008-gvstash-bug.t ............. ok
t/009-invalid-module-name.t ..... ok
t/011-without-xs.t .............. skipped: Test requires module 'Test::Without::Module' but it's not found
t/010-isa-false-positive.t ...... ok
t/012-without-implementation.t .. skipped: Test requires module 'Test::Without::Module' but it's not found
t/014-weird-constants.t ......... ok
t/013-errors.t .................. ok
# 
# Versions for all modules listed in MYMETA.json (including optional ones):
# 
# === Configure Requires ===
# 
#     Module              Want Have
#     ------------------- ---- ----
#     ExtUtils::MakeMaker  any 7.10
# 
# === Build Requires ===
# 
#     Module              Want Have
#     ------------------- ---- ----
#     ExtUtils::MakeMaker  any 7.10
# 
# === Test Requires ===
# 
#     Module                 Want     Have
#     ---------------------- ---- --------
#     ExtUtils::MakeMaker     any     7.10
#     File::Spec              any     3.47
#     Module::Implementation 0.04     0.09
#     Test::Fatal             any    0.014
#     Test::More             0.88 1.001014
#     Test::Requires          any     0.10
#     constant                any     1.04
#     lib                     any   0.5565
#     version                 any   0.9912
# 
# === Test Recommends ===
# 
#     Module         Want     Have
#     ---------- -------- --------
#     CPAN::Meta 2.120900 2.150005
# 
# === Runtime Requires ===
# 
#     Module      Want Have
#     ----------- ---- ----
#     Class::Load 0.20 0.23
#     XSLoader     any 0.02
#     strict       any 1.03
#     warnings     any 1.03
# 
t/00-report-prereqs.t ........... ok
All tests successful.
Files=16, Tests=125,  0 wallclock secs ( 0.08 usr  0.04 sys +  1.02 cusr  0.12 csys =  1.26 CPU)
Result: PASS
Manifying 1 pod document
Files found in blib/arch: installing files in blib/lib into architecture dependent library tree
Installing /Users/ether/.perlbrew/libs/8.1@std/lib/perl5/darwin-2level/auto/Class/Load/XS/XS.bundle
Installing /Users/ether/.perlbrew/libs/8.1@std/lib/perl5/darwin-2level/Class/Load/XS.pm
Installing /Users/ether/.perlbrew/libs/8.1@std/man/man3/Class::Load::XS.0
Appending installation info to /Users/ether/.perlbrew/libs/8.1@std/lib/perl5/darwin-2level/perllocal.pod
-> OK
Successfully installed Class-Load-XS-0.09
Installing /Users/ether/.perlbrew/libs/8.1@std/lib/perl5/darwin-2level/.meta/Class-Load-XS-0.09/MYMETA.json
Installing /Users/ether/.perlbrew/libs/8.1@std/lib/perl5/darwin-2level/.meta/Class-Load-XS-0.09/install.json
Already tried Package::Stash. Skipping.
Searching Test::CleanNamespaces on mirror http://mirrors.gossamer-threads.com/CPAN ...
--> Working on Test::CleanNamespaces
Fetching http://mirrors.gossamer-threads.com/CPAN/authors/id/E/ET/ETHER/Test-CleanNamespaces-0.18.tar.gz
-> OK
Unpacking Test-CleanNamespaces-0.18.tar.gz
Entering Test-CleanNamespaces-0.18
Checking configure dependencies from META.json
Checking if you have ExtUtils::MakeMaker 6.58 ... Yes (7.10)
Configuring Test-CleanNamespaces-0.18
Running Makefile.PL
Warning: prerequisite File::Find::Rule 0 not found.
Warning: prerequisite File::Find::Rule::Perl 0 not found.
Warning: prerequisite namespace::clean 0 not found.
Checking if your kit is complete...
Looks good
Generating a Unix-style Makefile
Writing Makefile for Test::CleanNamespaces
Writing MYMETA.yml and MYMETA.json
-> OK
Checking dependencies from MYMETA.json ...
Checking if you have Sub::Identify 0 ... Yes (0.12)
Checking if you have strict 0 ... Yes (1.03)
Checking if you have File::Find::Rule 0 ... No
Checking if you have Test::Builder 0 ... Yes (1.001014)
Checking if you have Exporter 0 ... Yes (5.72)
Checking if you have overload 0 ... Yes (1.01)
Checking if you have Test::More 0.88 ... Yes (1.001014)
Checking if you have warnings 0 ... Yes (1.03)
Checking if you have if 0 ... Yes (0.03)
Checking if you have constant 0 ... Yes (1.04)
Checking if you have Test::Deep 0 ... Yes (0.117)
Checking if you have Package::Stash 0.14 ... Yes (0.37)
Checking if you have parent 0 ... Yes (0.234)
Checking if you have namespace::clean 0 ... No
Checking if you have Scalar::Util 0 ... Yes (1.42)
Checking if you have ExtUtils::MakeMaker 0 ... Yes (7.10)
Checking if you have Test::Requires 0 ... Yes (0.10)
Checking if you have Test::Tester 0 ... Yes (0.114)
Checking if you have Sub::Exporter 0 ... Yes (0.987)
Checking if you have Module::Runtime 0 ... Yes (0.014)
Checking if you have File::Spec 0 ... Yes (3.47)
Checking if you have File::Spec::Functions 0 ... Yes (3.47)
Checking if you have Test::Warnings 0.009 ... Yes (0.021)
Checking if you have lib 0 ... Yes (0.5565)
Checking if you have File::Find::Rule::Perl 0 ... No
==> Found dependencies: File::Find::Rule, namespace::clean, File::Find::Rule::Perl
Searching File::Find::Rule on mirror http://mirrors.gossamer-threads.com/CPAN ...
--> Working on File::Find::Rule
Fetching http://mirrors.gossamer-threads.com/CPAN/authors/id/R/RC/RCLAMP/File-Find-Rule-0.33.tar.gz
-> OK
Unpacking File-Find-Rule-0.33.tar.gz
Entering File-Find-Rule-0.33
Checking configure dependencies from META.yml
Checking if you have ExtUtils::MakeMaker 6.58 ... Yes (7.10)
Configuring File-Find-Rule-0.33
Running Makefile.PL
Warning: prerequisite Number::Compare 0 not found.
Warning: prerequisite Text::Glob 0.07 not found.
Checking if your kit is complete...
Looks good
Generating a Unix-style Makefile
Writing Makefile for File::Find::Rule
Writing MYMETA.yml and MYMETA.json
-> OK
Checking dependencies from MYMETA.json ...
Checking if you have Test::More 0 ... Yes (1.001014)
Checking if you have Text::Glob 0.07 ... No
Checking if you have ExtUtils::MakeMaker 0 ... Yes (7.10)
Checking if you have File::Find 0 ... Yes (1.05)
Checking if you have File::Spec 0 ... Yes (3.47)
Checking if you have Number::Compare 0 ... No
==> Found dependencies: Text::Glob, Number::Compare
Searching Text::Glob on mirror http://mirrors.gossamer-threads.com/CPAN ...
--> Working on Text::Glob
Fetching http://mirrors.gossamer-threads.com/CPAN/authors/id/R/RC/RCLAMP/Text-Glob-0.09.tar.gz
-> OK
Unpacking Text-Glob-0.09.tar.gz
Entering Text-Glob-0.09
Checking configure dependencies from META.yml
Checking if you have ExtUtils::Install 1.46 ... Yes (1.54)
Checking if you have Module::Build 0.38 ... Yes (0.4214)
Configuring Text-Glob-0.09
Running Build.PL
Created MYMETA.yml and MYMETA.json
Creating new 'Build' script for 'Text-Glob' version '0.09'
-> OK
Checking dependencies from MYMETA.json ...
Checking if you have Test::More 0 ... Yes (1.001014)
Building and testing Text-Glob-0.09
Building Text-Glob
t/Text-Glob.t .. ok
All tests successful.
Files=1, Tests=44,  0 wallclock secs ( 0.01 usr  0.00 sys +  0.02 cusr  0.01 csys =  0.04 CPU)
Result: PASS
Building Text-Glob
Installing /Users/ether/.perlbrew/libs/8.1@std/lib/perl5/Text/Glob.pm
-> OK
Successfully installed Text-Glob-0.09
Installing /Users/ether/.perlbrew/libs/8.1@std/lib/perl5/darwin-2level/.meta/Text-Glob-0.09/MYMETA.json
Installing /Users/ether/.perlbrew/libs/8.1@std/lib/perl5/darwin-2level/.meta/Text-Glob-0.09/install.json
Searching Number::Compare on mirror http://mirrors.gossamer-threads.com/CPAN ...
--> Working on Number::Compare
Fetching http://mirrors.gossamer-threads.com/CPAN/authors/id/R/RC/RCLAMP/Number-Compare-0.03.tar.gz
-> OK
Unpacking Number-Compare-0.03.tar.gz
Entering Number-Compare-0.03
Checking configure dependencies from META.yml
Checking if you have ExtUtils::MakeMaker 6.58 ... Yes (7.10)
Configuring Number-Compare-0.03
Running Makefile.PL
Checking if your kit is complete...
Looks good
Generating a Unix-style Makefile
Writing Makefile for Number::Compare
Writing MYMETA.yml and MYMETA.json
-> OK
Checking dependencies from MYMETA.json ...
Checking if you have Test::More 0 ... Yes (1.001014)
Checking if you have ExtUtils::MakeMaker 0 ... Yes (7.10)
Building and testing Number-Compare-0.03
cp lib/Number/Compare.pm blib/lib/Number/Compare.pm
Manifying 1 pod document
PERL_DL_NONLAZY=1 "/Users/ether/perl5/perlbrew/perls/8.1/bin/perl" "-MExtUtils::Command::MM" "-MTest::Harness" "-e" "undef *Test::Harness::Switches; test_harness(0, 'blib/lib', 'blib/arch')" t/*.t
t/Number-Compare.t .. ok
All tests successful.
Files=1, Tests=24,  0 wallclock secs ( 0.02 usr  0.01 sys +  0.02 cusr  0.00 csys =  0.05 CPU)
Result: PASS
Manifying 1 pod document
Installing /Users/ether/.perlbrew/libs/8.1@std/lib/perl5/Number/Compare.pm
Installing /Users/ether/.perlbrew/libs/8.1@std/man/man3/Number::Compare.0
Appending installation info to /Users/ether/.perlbrew/libs/8.1@std/lib/perl5/darwin-2level/perllocal.pod
-> OK
Successfully installed Number-Compare-0.03
Installing /Users/ether/.perlbrew/libs/8.1@std/lib/perl5/darwin-2level/.meta/Number-Compare-0.03/MYMETA.json
Installing /Users/ether/.perlbrew/libs/8.1@std/lib/perl5/darwin-2level/.meta/Number-Compare-0.03/install.json
Building and testing File-Find-Rule-0.33
cp lib/File/Find/Rule.pm blib/lib/File/Find/Rule.pm
cp lib/File/Find/Rule/Extending.pod blib/lib/File/Find/Rule/Extending.pod
cp lib/File/Find/Rule/Procedural.pod blib/lib/File/Find/Rule/Procedural.pod
cp findrule blib/script/findrule
"/Users/ether/perl5/perlbrew/perls/8.1/bin/perl" -MExtUtils::MY -e 'MY->fixin(shift)' -- blib/script/findrule
Manifying 1 pod document
Manifying 3 pod documents
PERL_DL_NONLAZY=1 "/Users/ether/perl5/perlbrew/perls/8.1/bin/perl" "-MExtUtils::Command::MM" "-MTest::Harness" "-e" "undef *Test::Harness::Switches; test_harness(0, 'blib/lib', 'blib/arch')" t/*.t
t/File-Find-Rule.t .. ok
t/findrule.t ........ ok
All tests successful.
Files=2, Tests=51,  0 wallclock secs ( 0.02 usr  0.01 sys +  0.30 cusr  0.07 csys =  0.40 CPU)
Result: PASS
Manifying 1 pod document
Manifying 3 pod documents
Installing /Users/ether/.perlbrew/libs/8.1@std/lib/perl5/File/Find/Rule.pm
Installing /Users/ether/.perlbrew/libs/8.1@std/lib/perl5/File/Find/Rule/Extending.pod
Installing /Users/ether/.perlbrew/libs/8.1@std/lib/perl5/File/Find/Rule/Procedural.pod
Installing /Users/ether/.perlbrew/libs/8.1@std/man/man1/findrule.0
Installing /Users/ether/.perlbrew/libs/8.1@std/man/man3/File::Find::Rule.0
Installing /Users/ether/.perlbrew/libs/8.1@std/man/man3/File::Find::Rule::Extending.0
Installing /Users/ether/.perlbrew/libs/8.1@std/man/man3/File::Find::Rule::Procedural.0
Installing /Users/ether/.perlbrew/libs/8.1@std/bin/findrule
Appending installation info to /Users/ether/.perlbrew/libs/8.1@std/lib/perl5/darwin-2level/perllocal.pod
-> OK
Successfully installed File-Find-Rule-0.33
Installing /Users/ether/.perlbrew/libs/8.1@std/lib/perl5/darwin-2level/.meta/File-Find-Rule-0.33/MYMETA.json
Installing /Users/ether/.perlbrew/libs/8.1@std/lib/perl5/darwin-2level/.meta/File-Find-Rule-0.33/install.json
Searching namespace::clean on mirror http://mirrors.gossamer-threads.com/CPAN ...
--> Working on namespace::clean
Fetching http://mirrors.gossamer-threads.com/CPAN/authors/id/R/RI/RIBASUSHI/namespace-clean-0.25.tar.gz
-> OK
Unpacking namespace-clean-0.25.tar.gz
Entering namespace-clean-0.25
Checking configure dependencies from META.json
Checking if you have ExtUtils::CBuilder 0.27 ... Yes (0.280223)
Configuring namespace-clean-0.25
Running Makefile.PL
Warning: prerequisite B::Hooks::EndOfScope 0.12 not found.
Checking if your kit is complete...
Looks good
Generating a Unix-style Makefile
Writing Makefile for namespace::clean
Writing MYMETA.yml and MYMETA.json
-> OK
Checking dependencies from MYMETA.json ...
Checking if you have Test::More 0.88 ... Yes (1.001014)
Checking if you have Package::Stash 0.23 ... Yes (0.37)
Checking if you have B::Hooks::EndOfScope 0.12 ... No
==> Found dependencies: B::Hooks::EndOfScope
Searching B::Hooks::EndOfScope on mirror http://mirrors.gossamer-threads.com/CPAN ...
--> Working on B::Hooks::EndOfScope
Fetching http://mirrors.gossamer-threads.com/CPAN/authors/id/E/ET/ETHER/B-Hooks-EndOfScope-0.15.tar.gz
-> OK
Unpacking B-Hooks-EndOfScope-0.15.tar.gz
Entering B-Hooks-EndOfScope-0.15
Checking configure dependencies from META.json
Checking if you have ExtUtils::MakeMaker 6.58 ... Yes (7.10)
Checking if you have ExtUtils::CBuilder 0.26 ... Yes (0.280223)
Configuring B-Hooks-EndOfScope-0.15
Running Makefile.PL
Warning: prerequisite Sub::Exporter::Progressive 0.001006 not found.
Warning: prerequisite Variable::Magic 0.48 not found.
Checking if your kit is complete...
Looks good
Generating a Unix-style Makefile
Writing Makefile for B::Hooks::EndOfScope
Writing MYMETA.yml and MYMETA.json
-> OK
Checking dependencies from MYMETA.json ...
Checking if you have strict 0 ... Yes (1.03)
Checking if you have ExtUtils::MakeMaker 0 ... Yes (7.10)
Checking if you have Sub::Exporter::Progressive 0.001006 ... No
Checking if you have Test::More 0.89 ... Yes (1.001014)
Checking if you have warnings 0 ... Yes (1.03)
Checking if you have File::Spec 0 ... Yes (3.47)
Checking if you have IPC::Open2 0 ... Yes (1.01)
Checking if you have File::Glob 0 ... Yes (1.02)
Checking if you have Module::Implementation 0.05 ... Yes (0.09)
Checking if you have Variable::Magic 0.48 ... No
==> Found dependencies: Sub::Exporter::Progressive, Variable::Magic
Searching Sub::Exporter::Progressive on mirror http://mirrors.gossamer-threads.com/CPAN ...
--> Working on Sub::Exporter::Progressive
Fetching http://mirrors.gossamer-threads.com/CPAN/authors/id/F/FR/FREW/Sub-Exporter-Progressive-0.001011.tar.gz
-> OK
Unpacking Sub-Exporter-Progressive-0.001011.tar.gz
Entering Sub-Exporter-Progressive-0.001011
Checking configure dependencies from META.json
Checking if you have ExtUtils::MakeMaker 6.58 ... Yes (7.10)
Configuring Sub-Exporter-Progressive-0.001011
Running Makefile.PL
Checking if your kit is complete...
Looks good
Generating a Unix-style Makefile
Writing Makefile for Sub::Exporter::Progressive
Writing MYMETA.yml and MYMETA.json
-> OK
Checking dependencies from MYMETA.json ...
Checking if you have Test::More 0.88 ... Yes (1.001014)
Building and testing Sub-Exporter-Progressive-0.001011
cp lib/Sub/Exporter/Progressive.pm blib/lib/Sub/Exporter/Progressive.pm
Manifying 1 pod document
PERL_DL_NONLAZY=1 "/Users/ether/perl5/perlbrew/perls/8.1/bin/perl" "-MExtUtils::Command::MM" "-MTest::Harness" "-e" "undef *Test::Harness::Switches; test_harness(0, 'blib/lib', 'blib/arch')" t/*.t
t/all.t ............ ok
t/basic.t .......... ok
t/default.t ........ ok
t/sex.t ............ ok
t/tags.t ........... ok
t/version-check.t .. ok
All tests successful.
Files=6, Tests=61,  0 wallclock secs ( 0.04 usr  0.01 sys +  0.16 cusr  0.03 csys =  0.24 CPU)
Result: PASS
Manifying 1 pod document
Installing /Users/ether/.perlbrew/libs/8.1@std/lib/perl5/Sub/Exporter/Progressive.pm
Installing /Users/ether/.perlbrew/libs/8.1@std/man/man3/Sub::Exporter::Progressive.0
Appending installation info to /Users/ether/.perlbrew/libs/8.1@std/lib/perl5/darwin-2level/perllocal.pod
-> OK
Successfully installed Sub-Exporter-Progressive-0.001011
Installing /Users/ether/.perlbrew/libs/8.1@std/lib/perl5/darwin-2level/.meta/Sub-Exporter-Progressive-0.001011/MYMETA.json
Installing /Users/ether/.perlbrew/libs/8.1@std/lib/perl5/darwin-2level/.meta/Sub-Exporter-Progressive-0.001011/install.json
Searching Variable::Magic on mirror http://mirrors.gossamer-threads.com/CPAN ...
--> Working on Variable::Magic
Fetching http://mirrors.gossamer-threads.com/CPAN/authors/id/V/VP/VPIT/Variable-Magic-0.58.tar.gz
-> OK
Unpacking Variable-Magic-0.58.tar.gz
Entering Variable-Magic-0.58
Checking configure dependencies from META.json
Checking if you have ExtUtils::MakeMaker 6.58 ... Yes (7.10)
Checking if you have Config 0 ... Yes (undef)
Configuring Variable-Magic-0.58
Running Makefile.PL
Checking if this is ActiveState Perl 5.8.8 build 822 or higher... no
Checking if this is gcc 3.4 on Windows trying to link against an import library... no
Checking if your kit is complete...
Looks good
Generating a Unix-style Makefile
Writing Makefile for Variable::Magic
Writing MYMETA.yml and MYMETA.json
-> OK
Checking dependencies from MYMETA.json ...
Checking if you have ExtUtils::MakeMaker 0 ... Yes (7.10)
Checking if you have IPC::Open3 0 ... Yes (1.0105)
Checking if you have Exporter 0 ... Yes (5.72)
Checking if you have IO::Handle 0 ... Yes (1.23)
Checking if you have base 0 ... Yes (2.03)
Checking if you have Config 0 ... Yes (undef)
Checking if you have IO::Select 0 ... Yes (1.16)
Checking if you have Test::More 0 ... Yes (1.001014)
Checking if you have POSIX 0 ... Yes (1.06)
Checking if you have Socket 0 ... Yes (1.76)
Checking if you have Carp 0 ... Yes (1.36)
Checking if you have XSLoader 0 ... Yes (0.02)
Checking if you have lib 0 ... Yes (0.5565)
Building and testing Variable-Magic-0.58
cp lib/Variable/Magic.pm blib/lib/Variable/Magic.pm
Running Mkbootstrap for Variable::Magic ()
chmod 644 "Magic.bs"
"/Users/ether/perl5/perlbrew/perls/8.1/bin/perl" "/Users/ether/.perlbrew/libs/8.1@std/lib/perl5/ExtUtils/xsubpp"  -typemap "/Users/ether/perl5/perlbrew/perls/8.1/lib/5.8.1/ExtUtils/typemap"  Magic.xs > Magic.xsc && mv Magic.xsc Magic.c
cc -c   -fno-common -DPERL_DARWIN -fno-strict-aliasing -I/opt/local/include -O3   -DVERSION=\"0.58\" -DXS_VERSION=\"0.58\"  "-I/Users/ether/perl5/perlbrew/perls/8.1/lib/5.8.1/darwin-2level/CORE"   Magic.c
Magic.xs:293:44: warning: passing 'const MGVTBL *' (aka 'const struct mgvtbl *') to parameter of type 'MGVTBL *' (aka 'struct mgvtbl *') discards qualifiers [-Wincompatible-pointer-types]
 mg = sv_magicext(sv, obj, PERL_MAGIC_ext, vtbl, ptr, len);
                                           ^~~~
/Users/ether/perl5/perlbrew/perls/8.1/lib/5.8.1/darwin-2level/CORE/proto.h:733:80: note: passing argument to parameter 'vtbl' here
PERL_CALLCONV MAGIC *   Perl_sv_magicext(pTHX_ SV* sv, SV* obj, int how, MGVTBL *vtbl, const char* name, I32 namlen     );
                                                                                 ^
Magic.xs:1312:6: warning: initializing 'U8 *' (aka 'unsigned char *') with an expression of type 'char *' converts between pointers to integer types with different sign [-Wpointer-sign]
 U8 *s = SvPV(sv, len);
     ^   ~~~~~~~~~~~~~
2 warnings generated.
rm -f blib/arch/auto/Variable/Magic/Magic.bundle
env MACOSX_DEPLOYMENT_TARGET=10.3 cc  -bundle -undefined dynamic_lookup -L/opt/local/lib Magic.o  -o blib/arch/auto/Variable/Magic/Magic.bundle 	\
	     	\
	  
chmod 755 blib/arch/auto/Variable/Magic/Magic.bundle
"/Users/ether/perl5/perlbrew/perls/8.1/bin/perl" -MExtUtils::Command::MM -e 'cp_nonempty' -- Magic.bs blib/arch/auto/Variable/Magic/Magic.bs 644
Manifying 1 pod document
Running Mkbootstrap for Variable::Magic ()
chmod 644 "Magic.bs"
PERL_DL_NONLAZY=1 "/Users/ether/perl5/perlbrew/perls/8.1/bin/perl" "-MExtUtils::Command::MM" "-MTest::Harness" "-e" "undef *Test::Harness::Switches; test_harness(0, 'blib/lib', 'blib/arch')" t/*.t
# Testing Variable::Magic 0.58, Perl 5.008001 (no patchlevel), /Users/ether/perl5/perlbrew/perls/8.1/bin/perl
t/00-load.t .......... ok
t/09-load-threads.t .. skipped: This perl wasn't built to support threads
t/02-constants.t ..... ok
t/01-import.t ........ ok
t/10-simple.t ........ ok
t/11-multiple.t ...... ok
t/13-data.t .......... ok
t/14-callbacks.t ..... ok
t/16-huf.t ........... skipped: No nice uvar magic for this perl
# Using IO::Handle 1.23
# Using IO::Select 1.16
# Using IPC::Open3 1.0105
# perl 5.13.4 required to safely test global destruction
t/15-self.t .......... ok
t/20-get.t ........... ok
t/21-set.t ........... ok
t/18-opinfo.t ........ ok
t/17-ctl.t ........... ok
t/23-clear.t ......... ok
t/22-len.t ........... ok
t/24-free.t .......... ok
t/27-local.t ......... skipped: No local magic for this perl
# Using Tie::Array 1.03
# Using Tie::Hash 1.00
t/25-copy.t .......... ok
t/28-uvar.t .......... skipped: No nice uvar magic for this perl
# Using Tie::Array 1.03
t/30-scalar.t ........ ok
t/31-array.t ......... ok
# Using Symbol 1.05
t/33-code.t .......... ok
t/34-glob.t .......... ok
t/35-stash.t ......... skipped: uvar magic is required to test symbol table hooks
t/32-hash.t .......... ok
t/40-threads.t ....... skipped: This perl wasn't built to support threads
t/41-clone.t ......... skipped: This perl wasn't built to support threads
t/50-return.t ........ ok
t/80-leaks.t ......... ok
All tests successful.
Files=30, Tests=1093,  1 wallclock secs ( 0.25 usr  0.09 sys +  1.30 cusr  0.19 csys =  1.83 CPU)
Result: PASS
Manifying 1 pod document
Files found in blib/arch: installing files in blib/lib into architecture dependent library tree
Installing /Users/ether/.perlbrew/libs/8.1@std/lib/perl5/darwin-2level/auto/Variable/Magic/Magic.bundle
Installing /Users/ether/.perlbrew/libs/8.1@std/lib/perl5/darwin-2level/Variable/Magic.pm
Installing /Users/ether/.perlbrew/libs/8.1@std/man/man3/Variable::Magic.0
Appending installation info to /Users/ether/.perlbrew/libs/8.1@std/lib/perl5/darwin-2level/perllocal.pod
-> OK
Successfully installed Variable-Magic-0.58
Installing /Users/ether/.perlbrew/libs/8.1@std/lib/perl5/darwin-2level/.meta/Variable-Magic-0.58/MYMETA.json
Installing /Users/ether/.perlbrew/libs/8.1@std/lib/perl5/darwin-2level/.meta/Variable-Magic-0.58/install.json
Building and testing B-Hooks-EndOfScope-0.15
cp lib/B/Hooks/EndOfScope.pm blib/lib/B/Hooks/EndOfScope.pm
cp lib/B/Hooks/EndOfScope/XS.pm blib/lib/B/Hooks/EndOfScope/XS.pm
cp lib/B/Hooks/EndOfScope/PP.pm blib/lib/B/Hooks/EndOfScope/PP.pm
cp lib/B/Hooks/EndOfScope/PP/FieldHash.pm blib/lib/B/Hooks/EndOfScope/PP/FieldHash.pm
cp lib/B/Hooks/EndOfScope/PP/HintHash.pm blib/lib/B/Hooks/EndOfScope/PP/HintHash.pm
Manifying 3 pod documents
PERL_DL_NONLAZY=1 "/Users/ether/perl5/perlbrew/perls/8.1/bin/perl" "-MExtUtils::Command::MM" "-MTest::Harness" "-e" "undef *Test::Harness::Switches; test_harness(0, 'blib/lib', 'blib/arch')" t/*.t
t/00-basic.t .................... ok
t/01-eval.t ..................... ok
t/05-exception_xs.t ............. ok
t/02-localise.t ................. ok
t/06-exception_pp.t ............. skipped: Skipping PP fallback test in XS mode
t/11-direct_xs.t ................ ok
t/12-direct_pp.t ................ ok
t/10-test_without_vm_pure_pp.t .. ok
# 
# Versions for all modules listed in MYMETA.json (including optional ones):
# 
# === Configure Requires ===
# 
#     Module              Want     Have
#     ------------------- ---- --------
#     ExtUtils::CBuilder  0.26 0.280223
#     ExtUtils::MakeMaker  any     7.10
# 
# === Build Requires ===
# 
#     Module              Want Have
#     ------------------- ---- ----
#     ExtUtils::MakeMaker  any 7.10
# 
# === Test Requires ===
# 
#     Module              Want     Have
#     ------------------- ---- --------
#     ExtUtils::MakeMaker  any     7.10
#     File::Glob           any     1.02
#     File::Spec           any     3.47
#     IPC::Open2           any     1.01
#     Test::More          0.89 1.001014
# 
# === Test Recommends ===
# 
#     Module         Want     Have
#     ---------- -------- --------
#     CPAN::Meta 2.120900 2.150005
# 
# === Runtime Requires ===
# 
#     Module                         Want     Have
#     -------------------------- -------- --------
#     Module::Implementation         0.05     0.09
#     Sub::Exporter::Progressive 0.001006 0.001011
#     Variable::Magic                0.48     0.58
#     strict                          any     1.03
#     warnings                        any     1.03
# 
t/00-report-prereqs.t ........... ok
All tests successful.
Files=9, Tests=32,  1 wallclock secs ( 0.05 usr  0.03 sys +  0.78 cusr  0.10 csys =  0.96 CPU)
Result: PASS
Manifying 3 pod documents
Installing /Users/ether/.perlbrew/libs/8.1@std/lib/perl5/B/Hooks/EndOfScope.pm
Installing /Users/ether/.perlbrew/libs/8.1@std/lib/perl5/B/Hooks/EndOfScope/PP.pm
Installing /Users/ether/.perlbrew/libs/8.1@std/lib/perl5/B/Hooks/EndOfScope/XS.pm
Installing /Users/ether/.perlbrew/libs/8.1@std/lib/perl5/B/Hooks/EndOfScope/PP/FieldHash.pm
Installing /Users/ether/.perlbrew/libs/8.1@std/lib/perl5/B/Hooks/EndOfScope/PP/HintHash.pm
Installing /Users/ether/.perlbrew/libs/8.1@std/man/man3/B::Hooks::EndOfScope.0
Installing /Users/ether/.perlbrew/libs/8.1@std/man/man3/B::Hooks::EndOfScope::PP.0
Installing /Users/ether/.perlbrew/libs/8.1@std/man/man3/B::Hooks::EndOfScope::XS.0
Appending installation info to /Users/ether/.perlbrew/libs/8.1@std/lib/perl5/darwin-2level/perllocal.pod
-> OK
Successfully installed B-Hooks-EndOfScope-0.15
Installing /Users/ether/.perlbrew/libs/8.1@std/lib/perl5/darwin-2level/.meta/B-Hooks-EndOfScope-0.15/MYMETA.json
Installing /Users/ether/.perlbrew/libs/8.1@std/lib/perl5/darwin-2level/.meta/B-Hooks-EndOfScope-0.15/install.json
Building and testing namespace-clean-0.25
cp lib/namespace/clean.pm blib/lib/namespace/clean.pm
Manifying 1 pod document
PERL_DL_NONLAZY=1 "/Users/ether/perl5/perlbrew/perls/8.1/bin/perl" "-MExtUtils::Command::MM" "-MTest::Harness" "-e" "undef *Test::Harness::Switches; test_harness(0, 'blib/lib', 'blib/arch')" t/*.t
t/00-basic.t ............. ok
t/01-function-wipeout.t .. ok
t/02-inheritance.t ....... ok
t/03-unimport.t .......... ok
t/04-except.t ............ ok
t/05-syntax-error.t ...... ok
t/08-const-sub.t ......... ok
t/06-other-types.t ....... ok
namespace::clean::deleted::Foo is not a module name at /Users/ether/.cpanm/work/1443220556.69252/namespace-clean-0.25/blib/lib/namespace/clean.pm line 227.
 at /Users/ether/.cpanm/work/1443220556.69252/namespace-clean-0.25/blib/lib/namespace/clean.pm line 227.
	namespace::clean::__ANON__[/Users/ether/.cpanm/work/1443220556.69252/namespace-clean-0.25/blib/lib/namespace/clean.pm:252]("Foo", HASH(0x7feac103d2f0), "foo", "baz") called at /Users/ether/.cpanm/work/1443220556.69252/namespace-clean-0.25/blib/lib/namespace/clean.pm line 315
	namespace::clean::__ANON__[/Users/ether/.cpanm/work/1443220556.69252/namespace-clean-0.25/blib/lib/namespace/clean.pm:316]() called at /Users/ether/.perlbrew/libs/8.1@std/lib/perl5/B/Hooks/EndOfScope/XS.pm line 17
	B::Hooks::EndOfScope::XS::__ANON__[/Users/ether/.perlbrew/libs/8.1@std/lib/perl5/B/Hooks/EndOfScope/XS.pm:17](HASH(0x7feac1818790), ARRAY(0x7feac1061780)) called at t/07-debugger.t line 25
	eval {...} called at t/07-debugger.t line 25
Execution of t/07-debugger.t aborted due to compilation errors.
 at t/07-debugger.t line 32.
t/07-debugger.t .......... 
Dubious, test returned 255 (wstat 65280, 0xff00)
No subtests run 
t/09-fiddle-hinthash.t ... ok
t/05-explicit-cleanee.t .. ok

#   Failed test 'foo cleaned up'
#   at /Users/ether/.cpanm/work/1443220556.69252/namespace-clean-0.25/t/07-debugger.t line 27.

#   Failed test 'baz cleaned up'
#   at /Users/ether/.cpanm/work/1443220556.69252/namespace-clean-0.25/t/07-debugger.t line 28.
# Looks like you failed 2 tests of 4.

#   Failed test 'Exit 512 from: /Users/ether/perl5/perlbrew/perls/8.1/bin/perl /Users/ether/.cpanm/work/1443220556.69252/namespace-clean-0.25/t/07-debugger.t'
#   at t/10-pure-perl.t line 55.
# Looks like you failed 1 test of 12.
t/10-pure-perl.t ......... 
Dubious, test returned 1 (wstat 256, 0x100)
Failed 1/12 subtests 

Test Summary Report
-------------------
t/07-debugger.t        (Wstat: 65280 Tests: 0 Failed: 0)
  Non-zero exit status: 255
  Parse errors: No plan found in TAP output
t/10-pure-perl.t       (Wstat: 256 Tests: 12 Failed: 1)
  Failed test:  10
  Non-zero exit status: 1
Files=12, Tests=2090,  1 wallclock secs ( 0.39 usr  0.04 sys +  1.23 cusr  0.24 csys =  1.90 CPU)
Result: FAIL
Failed 2/12 test programs. 1/2090 subtests failed.
make: *** [test_dynamic] Error 1
-> FAIL Installing namespace::clean failed. See /Users/ether/.cpanm/work/1443220556.69252/build.log for details. Retry with --force to force install it.
Searching File::Find::Rule::Perl on mirror http://mirrors.gossamer-threads.com/CPAN ...
--> Working on File::Find::Rule::Perl
Fetching http://mirrors.gossamer-threads.com/CPAN/authors/id/E/ET/ETHER/File-Find-Rule-Perl-1.15.tar.gz
-> OK
Unpacking File-Find-Rule-Perl-1.15.tar.gz
Entering File-Find-Rule-Perl-1.15
Checking configure dependencies from META.json
Checking if you have ExtUtils::MakeMaker 6.58 ... Yes (7.10)
Configuring File-Find-Rule-Perl-1.15
Running Makefile.PL
Checking if your kit is complete...
Looks good
Generating a Unix-style Makefile
Writing Makefile for File::Find::Rule::Perl
Writing MYMETA.yml and MYMETA.json
-> OK
Checking dependencies from MYMETA.json ...
Checking if you have Test::More 0 ... Yes (1.001014)
Checking if you have Parse::CPAN::Meta 1.38 ... Yes (1.4417)
Checking if you have File::Spec 0.82 ... Yes (3.47)
Checking if you have File::Find::Rule 0.20 ... Yes (0.33)
Checking if you have Params::Util 0.38 ... Yes (1.07)
Building and testing File-Find-Rule-Perl-1.15
cp lib/File/Find/Rule/Perl.pm blib/lib/File/Find/Rule/Perl.pm
Manifying 1 pod document
PERL_DL_NONLAZY=1 "/Users/ether/perl5/perlbrew/perls/8.1/bin/perl" "-MExtUtils::Command::MM" "-MTest::Harness" "-e" "undef *Test::Harness::Switches; test_harness(0, 'blib/lib', 'blib/arch')" t/*.t
t/01_compile.t ... ok
t/02_main.t ...... ok
t/03_no_index.t .. ok
All tests successful.
Files=3, Tests=31,  0 wallclock secs ( 0.03 usr  0.01 sys +  0.32 cusr  0.14 csys =  0.50 CPU)
Result: PASS
Manifying 1 pod document
Installing /Users/ether/.perlbrew/libs/8.1@std/lib/perl5/File/Find/Rule/Perl.pm
Installing /Users/ether/.perlbrew/libs/8.1@std/man/man3/File::Find::Rule::Perl.0
Appending installation info to /Users/ether/.perlbrew/libs/8.1@std/lib/perl5/darwin-2level/perllocal.pod
-> OK
Successfully installed File-Find-Rule-Perl-1.15
Installing /Users/ether/.perlbrew/libs/8.1@std/lib/perl5/darwin-2level/.meta/File-Find-Rule-Perl-1.15/MYMETA.json
Installing /Users/ether/.perlbrew/libs/8.1@std/lib/perl5/darwin-2level/.meta/File-Find-Rule-Perl-1.15/install.json
-> FAIL Installing the dependencies failed: Module 'namespace::clean' is not installed
-> FAIL Bailing out the installation for Test-CleanNamespaces-0.18.
Searching Devel::GlobalDestruction on mirror http://mirrors.gossamer-threads.com/CPAN ...
--> Working on Devel::GlobalDestruction
Fetching http://mirrors.gossamer-threads.com/CPAN/authors/id/H/HA/HAARG/Devel-GlobalDestruction-0.13.tar.gz
-> OK
Unpacking Devel-GlobalDestruction-0.13.tar.gz
Entering Devel-GlobalDestruction-0.13
Checking configure dependencies from META.json
Checking if you have ExtUtils::MakeMaker 6.58 ... Yes (7.10)
Checking if you have ExtUtils::CBuilder 0.27 ... Yes (0.280223)
Configuring Devel-GlobalDestruction-0.13
Running Makefile.PL
Warning: prerequisite Devel::GlobalDestruction::XS 0 not found.
Checking if your kit is complete...
Looks good
Generating a Unix-style Makefile
Writing Makefile for Devel::GlobalDestruction
Writing MYMETA.yml and MYMETA.json
-> OK
Checking dependencies from MYMETA.json ...
Checking if you have Devel::GlobalDestruction::XS 0 ... No
Checking if you have Sub::Exporter::Progressive 0.001011 ... Yes (0.001011)
==> Found dependencies: Devel::GlobalDestruction::XS
Searching Devel::GlobalDestruction::XS on mirror http://mirrors.gossamer-threads.com/CPAN ...
--> Working on Devel::GlobalDestruction::XS
Fetching http://mirrors.gossamer-threads.com/CPAN/authors/id/R/RI/RIBASUSHI/Devel-GlobalDestruction-XS-0.01.tar.gz
-> OK
Unpacking Devel-GlobalDestruction-XS-0.01.tar.gz
Entering Devel-GlobalDestruction-XS-0.01
Checking configure dependencies from META.json
Checking if you have ExtUtils::CBuilder 0.27 ... Yes (0.280223)
Configuring Devel-GlobalDestruction-XS-0.01
Running Makefile.PL
Checking if your kit is complete...
Looks good
Generating a Unix-style Makefile
Writing Makefile for Devel::GlobalDestruction::XS
Writing MYMETA.yml and MYMETA.json
-> OK
Checking dependencies from MYMETA.json ...
Checking if you have ExtUtils::MakeMaker 0 ... Yes (7.10)
Building and testing Devel-GlobalDestruction-XS-0.01
cp lib/Devel/GlobalDestruction/XS.pm blib/lib/Devel/GlobalDestruction/XS.pm
Running Mkbootstrap for Devel::GlobalDestruction::XS ()
chmod 644 "XS.bs"
"/Users/ether/perl5/perlbrew/perls/8.1/bin/perl" "/Users/ether/.perlbrew/libs/8.1@std/lib/perl5/ExtUtils/xsubpp"  -typemap "/Users/ether/perl5/perlbrew/perls/8.1/lib/5.8.1/ExtUtils/typemap"  XS.xs > XS.xsc && mv XS.xsc XS.c
cc -c   -fno-common -DPERL_DARWIN -fno-strict-aliasing -I/opt/local/include -O3   -DVERSION=\"0.01\" -DXS_VERSION=\"0.01\"  "-I/Users/ether/perl5/perlbrew/perls/8.1/lib/5.8.1/darwin-2level/CORE"   XS.c
rm -f blib/arch/auto/Devel/GlobalDestruction/XS/XS.bundle
env MACOSX_DEPLOYMENT_TARGET=10.3 cc  -bundle -undefined dynamic_lookup -L/opt/local/lib XS.o  -o blib/arch/auto/Devel/GlobalDestruction/XS/XS.bundle 	\
	     	\
	  
chmod 755 blib/arch/auto/Devel/GlobalDestruction/XS/XS.bundle
"/Users/ether/perl5/perlbrew/perls/8.1/bin/perl" -MExtUtils::Command::MM -e 'cp_nonempty' -- XS.bs blib/arch/auto/Devel/GlobalDestruction/XS/XS.bs 644
Manifying 1 pod document
Running Mkbootstrap for Devel::GlobalDestruction::XS ()
chmod 644 "XS.bs"
PERL_DL_NONLAZY=1 "/Users/ether/perl5/perlbrew/perls/8.1/bin/perl" "-MExtUtils::Command::MM" "-MTest::Harness" "-e" "undef *Test::Harness::Switches; test_harness(0, 'blib/lib', 'blib/arch')" t/*.t
t/02_thread.t ........ skipped: your perl does not support ithreads
t/01_basic.t ......... ok
t/05_thread_clone.t .. skipped: your perl does not support ithreads
t/03_minusc.t syntax OK
t/03_minusc.t ........ ok
t/04_phases.t ........ ok
All tests successful.
Files=5, Tests=21,  0 wallclock secs ( 0.02 usr  0.01 sys +  0.05 cusr  0.01 csys =  0.09 CPU)
Result: PASS
Manifying 1 pod document
Files found in blib/arch: installing files in blib/lib into architecture dependent library tree
Installing /Users/ether/.perlbrew/libs/8.1@std/lib/perl5/darwin-2level/auto/Devel/GlobalDestruction/XS/XS.bundle
Installing /Users/ether/.perlbrew/libs/8.1@std/lib/perl5/darwin-2level/Devel/GlobalDestruction/XS.pm
Installing /Users/ether/.perlbrew/libs/8.1@std/man/man3/Devel::GlobalDestruction::XS.0
Appending installation info to /Users/ether/.perlbrew/libs/8.1@std/lib/perl5/darwin-2level/perllocal.pod
-> OK
Successfully installed Devel-GlobalDestruction-XS-0.01
Installing /Users/ether/.perlbrew/libs/8.1@std/lib/perl5/darwin-2level/.meta/Devel-GlobalDestruction-XS-0.01/MYMETA.json
Installing /Users/ether/.perlbrew/libs/8.1@std/lib/perl5/darwin-2level/.meta/Devel-GlobalDestruction-XS-0.01/install.json
Building and testing Devel-GlobalDestruction-0.13
cp lib/Devel/GlobalDestruction.pm blib/lib/Devel/GlobalDestruction.pm
Manifying 1 pod document
PERL_DL_NONLAZY=1 "/Users/ether/perl5/perlbrew/perls/8.1/bin/perl" "-MExtUtils::Command::MM" "-MTest::Harness" "-e" "undef *Test::Harness::Switches; test_harness(0, 'blib/lib', 'blib/arch')" t/*.t
t/02_thread.t ........ skipped: your perl does not support ithreads
t/01_basic.t ......... ok
t/05_thread_clone.t .. skipped: your perl does not support ithreads
t/03_minusc.t syntax OK
t/03_minusc.t ........ ok
t/04_phases.t ........ ok
t/06_load-in-gd.t .... ok
/Users/ether/.cpanm/work/1443220556.69252/Devel-GlobalDestruction-0.13/t/03_minusc.t syntax OK
t/10_pure-perl.t ..... ok
All tests successful.
Files=7, Tests=31,  0 wallclock secs ( 0.04 usr  0.02 sys +  0.13 cusr  0.04 csys =  0.23 CPU)
Result: PASS
Manifying 1 pod document
Installing /Users/ether/.perlbrew/libs/8.1@std/lib/perl5/Devel/GlobalDestruction.pm
Installing /Users/ether/.perlbrew/libs/8.1@std/man/man3/Devel::GlobalDestruction.0
Appending installation info to /Users/ether/.perlbrew/libs/8.1@std/lib/perl5/darwin-2level/perllocal.pod
-> OK
Successfully installed Devel-GlobalDestruction-0.13
Installing /Users/ether/.perlbrew/libs/8.1@std/lib/perl5/darwin-2level/.meta/Devel-GlobalDestruction-0.13/MYMETA.json
Installing /Users/ether/.perlbrew/libs/8.1@std/lib/perl5/darwin-2level/.meta/Devel-GlobalDestruction-0.13/install.json
-> FAIL Installing the dependencies failed: Module 'Test::CleanNamespaces' is not installed
-> FAIL Bailing out the installation for Moose-2.1603.
Searching namespace::autoclean on mirror http://mirrors.gossamer-threads.com/CPAN ...
--> Working on namespace::autoclean
Fetching http://mirrors.gossamer-threads.com/CPAN/authors/id/E/ET/ETHER/namespace-autoclean-0.27.tar.gz
-> OK
Unpacking namespace-autoclean-0.27.tar.gz
Entering namespace-autoclean-0.27
Checking configure dependencies from META.json
Checking if you have ExtUtils::MakeMaker 6.58 ... Yes (7.10)
Configuring namespace-autoclean-0.27
Running Makefile.PL
Warning: prerequisite namespace::clean 0.20 not found.
Checking if your kit is complete...
Looks good
Generating a Unix-style Makefile
Writing Makefile for namespace::autoclean
Writing MYMETA.yml and MYMETA.json
-> OK
Checking dependencies from MYMETA.json ...
Checking if you have Sub::Identify 0 ... Yes (0.12)
Checking if you have strict 0 ... Yes (1.03)
Checking if you have File::Basename 0 ... Yes (2.72)
Checking if you have overload 0 ... Yes (1.01)
Checking if you have List::Util 0 ... Yes (1.42)
Checking if you have base 0 ... Yes (2.03)
Checking if you have B::Hooks::EndOfScope 0.12 ... Yes (0.15)
Checking if you have Test::More 0.88 ... Yes (1.001014)
Checking if you have warnings 0 ... Yes (1.03)
Checking if you have constant 0 ... Yes (1.04)
Checking if you have namespace::clean 0.20 ... No
Checking if you have Scalar::Util 0 ... Yes (1.42)
Checking if you have ExtUtils::MakeMaker 0 ... Yes (7.10)
Checking if you have Test::Requires 0 ... Yes (0.10)
Checking if you have File::Spec 0 ... Yes (3.47)
Checking if you have Carp 0 ... Yes (1.36)
==> Found dependencies: namespace::clean
Already tried namespace::clean. Skipping.
-> FAIL Installing the dependencies failed: Module 'namespace::clean' is not installed
-> FAIL Bailing out the installation for namespace-autoclean-0.27.
Searching Dist::Zilla::Plugin::MetaResources on mirror http://mirrors.gossamer-threads.com/CPAN ...
--> Working on Dist::Zilla::Plugin::MetaResources
Fetching http://mirrors.gossamer-threads.com/CPAN/authors/id/R/RJ/RJBS/Dist-Zilla-5.039.tar.gz
-> OK
Unpacking Dist-Zilla-5.039.tar.gz
Entering Dist-Zilla-5.039
Checking configure dependencies from META.json
Checking if you have File::ShareDir::Install 0.06 ... No
Checking if you have ExtUtils::MakeMaker 6.58 ... Yes (7.10)
==> Found dependencies: File::ShareDir::Install
Searching File::ShareDir::Install on mirror http://mirrors.gossamer-threads.com/CPAN ...
--> Working on File::ShareDir::Install
Fetching http://mirrors.gossamer-threads.com/CPAN/authors/id/G/GW/GWYN/File-ShareDir-Install-0.10.tar.gz
-> OK
Unpacking File-ShareDir-Install-0.10.tar.gz
Entering File-ShareDir-Install-0.10
Checking configure dependencies from META.yml
Configuring File-ShareDir-Install-0.10
Running Makefile.PL
Checking if your kit is complete...
Looks good
Generating a Unix-style Makefile
Writing Makefile for File::ShareDir::Install
Writing MYMETA.yml and MYMETA.json
-> OK
Checking dependencies from MYMETA.json ...
Checking if you have ExtUtils::MakeMaker 6.11 ... Yes (7.10)
Checking if you have File::Spec 0 ... Yes (3.47)
Checking if you have IO::Dir 0 ... Yes (1.04)
Building File-ShareDir-Install-0.10
cp lib/File/ShareDir/Install.pm blib/lib/File/ShareDir/Install.pm
Manifying 1 pod document
Manifying 1 pod document
Installing /Users/ether/.perlbrew/libs/8.1@std/lib/perl5/File/ShareDir/Install.pm
Installing /Users/ether/.perlbrew/libs/8.1@std/man/man3/File::ShareDir::Install.0
Appending installation info to /Users/ether/.perlbrew/libs/8.1@std/lib/perl5/darwin-2level/perllocal.pod
-> OK
Successfully installed File-ShareDir-Install-0.10
Installing /Users/ether/.perlbrew/libs/8.1@std/lib/perl5/darwin-2level/.meta/File-ShareDir-Install-0.10/MYMETA.json
Installing /Users/ether/.perlbrew/libs/8.1@std/lib/perl5/darwin-2level/.meta/File-ShareDir-Install-0.10/install.json
Configuring Dist-Zilla-5.039
Running Makefile.PL
Perl v5.8.5 required--this is only v5.8.1, stopped at Makefile.PL line 5.
BEGIN failed--compilation aborted at Makefile.PL line 5.
-> N/A
-> FAIL Configure failed for Dist-Zilla-5.039. See /Users/ether/.cpanm/work/1443220556.69252/build.log for details.
Searching Path::Tiny on mirror http://mirrors.gossamer-threads.com/CPAN ...
--> Working on Path::Tiny
Fetching http://mirrors.gossamer-threads.com/CPAN/authors/id/D/DA/DAGOLDEN/Path-Tiny-0.072.tar.gz
-> OK
Unpacking Path-Tiny-0.072.tar.gz
Entering Path-Tiny-0.072
Checking configure dependencies from META.json
Checking if you have ExtUtils::MakeMaker 6.58 ... Yes (7.10)
Configuring Path-Tiny-0.072
Running Makefile.PL
Warning: prerequisite Digest 1.03 not found. We have 1.02.
Warning: prerequisite Digest::SHA 5.45 not found.
Checking if your kit is complete...
Looks good
Generating a Unix-style Makefile
Writing Makefile for Path::Tiny
Writing MYMETA.yml and MYMETA.json
-> OK
Checking dependencies from MYMETA.json ...
Checking if you have File::Temp 0.19 ... Yes (0.22)
Checking if you have strict 0 ... Yes (1.03)
Checking if you have File::Basename 0 ... Yes (2.72)
Checking if you have Exporter 5.57 ... Yes (5.72)
Checking if you have overload 0 ... Yes (1.01)
Checking if you have File::stat 0 ... Yes (1.00)
Checking if you have Test::More 0.96 ... Yes (1.001014)
Checking if you have constant 0 ... Yes (1.04)
Checking if you have if 0 ... Yes (0.03)
Checking if you have warnings 0 ... Yes (1.03)
Checking if you have File::Spec::Unix 0 ... Yes (3.47)
Checking if you have Fcntl 0 ... Yes (1.05)
Checking if you have Digest::SHA 5.45 ... No
Checking if you have File::Glob 0 ... Yes (1.02)
Checking if you have File::Copy 0 ... Yes (2.06)
Checking if you have Cwd 0 ... Yes (3.47)
Checking if you have ExtUtils::MakeMaker 0 ... Yes (7.10)
Checking if you have File::Path 2.07 ... Yes (2.11)
Checking if you have File::Spec 3.40 ... Yes (3.47)
Checking if you have File::Spec::Functions 0 ... Yes (3.47)
Checking if you have Carp 0 ... Yes (1.36)
Checking if you have Digest 1.03 ... No (1.02 < 1.03)
Checking if you have open 0 ... Yes (1.02)
Checking if you have lib 0 ... Yes (0.5565)
==> Found dependencies: Digest::SHA, Digest
Searching Digest::SHA on mirror http://mirrors.gossamer-threads.com/CPAN ...
--> Working on Digest::SHA
Fetching http://mirrors.gossamer-threads.com/CPAN/authors/id/M/MS/MSHELOR/Digest-SHA-5.95.tar.gz
-> OK
Unpacking Digest-SHA-5.95.tar.gz
Entering Digest-SHA-5.95
Checking configure dependencies from META.yml
Configuring Digest-SHA-5.95
Running Makefile.PL
Checking if your kit is complete...
Looks good
Generating a Unix-style Makefile
Writing Makefile for Digest::SHA
Writing MYMETA.yml and MYMETA.json
-> OK
Checking dependencies from MYMETA.json ...
Checking if you have ExtUtils::MakeMaker 0 ... Yes (7.10)
Building and testing Digest-SHA-5.95
cp lib/Digest/SHA.pm blib/lib/Digest/SHA.pm
Running Mkbootstrap for Digest::SHA ()
chmod 644 "SHA.bs"
"/Users/ether/perl5/perlbrew/perls/8.1/bin/perl" "/Users/ether/.perlbrew/libs/8.1@std/lib/perl5/ExtUtils/xsubpp"  -typemap "/Users/ether/perl5/perlbrew/perls/8.1/lib/5.8.1/ExtUtils/typemap" -typemap "typemap"  SHA.xs > SHA.xsc && mv SHA.xsc SHA.c
cc -c  -I. -fno-common -DPERL_DARWIN -fno-strict-aliasing -I/opt/local/include -O3   -DVERSION=\"5.95\" -DXS_VERSION=\"5.95\"  "-I/Users/ether/perl5/perlbrew/perls/8.1/lib/5.8.1/darwin-2level/CORE"   SHA.c
rm -f blib/arch/auto/Digest/SHA/SHA.bundle
env MACOSX_DEPLOYMENT_TARGET=10.3 cc  -bundle -undefined dynamic_lookup -L/opt/local/lib SHA.o  -o blib/arch/auto/Digest/SHA/SHA.bundle 	\
	     	\
	  
chmod 755 blib/arch/auto/Digest/SHA/SHA.bundle
"/Users/ether/perl5/perlbrew/perls/8.1/bin/perl" -MExtUtils::Command::MM -e 'cp_nonempty' -- SHA.bs blib/arch/auto/Digest/SHA/SHA.bs 644
cp shasum blib/script/shasum
"/Users/ether/perl5/perlbrew/perls/8.1/bin/perl" -MExtUtils::MY -e 'MY->fixin(shift)' -- blib/script/shasum
Manifying 1 pod document
Manifying 1 pod document
Running Mkbootstrap for Digest::SHA ()
chmod 644 "SHA.bs"
PERL_DL_NONLAZY=1 "/Users/ether/perl5/perlbrew/perls/8.1/bin/perl" "-MExtUtils::Command::MM" "-MTest::Harness" "-e" "undef *Test::Harness::Switches; test_harness(0, 'blib/lib', 'blib/arch')" t/*.t
t/allfcns.t ...... ok
t/base64.t ....... ok
t/bitorder.t ..... ok
t/bitbuf.t ....... ok
t/fips180-4.t .... ok
t/fips198.t ...... ok
t/gg.t ........... ok
t/gglong.t ....... ok
t/inheritance.t .. ok
t/ireland.t ...... ok
t/hmacsha.t ...... ok
t/nistbit.t ...... ok
t/nistbyte.t ..... ok
t/pod.t .......... skipped: Test::Pod 1.00 required for testing POD
t/methods.t ...... ok
t/podcover.t ..... skipped: Test::Pod::Coverage 0.08 required for testing POD coverage
t/rfc2202.t ...... ok
t/sha1.t ......... ok
t/sha224.t ....... ok
t/sha256.t ....... ok
t/sha384.t ....... ok
t/sha512.t ....... ok
t/state.t ........ ok
t/unicode.t ...... ok
t/woodbury.t ..... ok
All tests successful.
Files=25, Tests=132,  1 wallclock secs ( 0.11 usr  0.07 sys +  0.59 cusr  0.14 csys =  0.91 CPU)
Result: PASS
Manifying 1 pod document
Manifying 1 pod document
Files found in blib/arch: installing files in blib/lib into architecture dependent library tree
Installing /Users/ether/.perlbrew/libs/8.1@std/lib/perl5/darwin-2level/auto/Digest/SHA/SHA.bundle
Installing /Users/ether/.perlbrew/libs/8.1@std/lib/perl5/darwin-2level/Digest/SHA.pm
Installing /Users/ether/.perlbrew/libs/8.1@std/man/man1/shasum.0
Installing /Users/ether/.perlbrew/libs/8.1@std/man/man3/Digest::SHA.0
Installing /Users/ether/.perlbrew/libs/8.1@std/bin/shasum
Appending installation info to /Users/ether/.perlbrew/libs/8.1@std/lib/perl5/darwin-2level/perllocal.pod
-> OK
Successfully installed Digest-SHA-5.95
Installing /Users/ether/.perlbrew/libs/8.1@std/lib/perl5/darwin-2level/.meta/Digest-SHA-5.95/MYMETA.json
Installing /Users/ether/.perlbrew/libs/8.1@std/lib/perl5/darwin-2level/.meta/Digest-SHA-5.95/install.json
Searching Digest on mirror http://mirrors.gossamer-threads.com/CPAN ...
--> Working on Digest
Fetching http://mirrors.gossamer-threads.com/CPAN/authors/id/G/GA/GAAS/Digest-1.17.tar.gz
-> OK
Unpacking Digest-1.17.tar.gz
Entering Digest-1.17
Checking configure dependencies from META.yml
Checking if you have ExtUtils::MakeMaker 6.58 ... Yes (7.10)
Configuring Digest-1.17
Running Makefile.PL
Checking if your kit is complete...
Looks good
Generating a Unix-style Makefile
Writing Makefile for Digest
Writing MYMETA.yml and MYMETA.json
-> OK
Checking dependencies from MYMETA.json ...
Checking if you have Test::More 0.47 ... Yes (1.001014)
Checking if you have ExtUtils::MakeMaker 0 ... Yes (7.10)
Checking if you have MIME::Base64 0 ... Yes (2.20)
Building and testing Digest-1.17
cp Digest/file.pm blib/lib/Digest/file.pm
cp Digest.pm blib/lib/Digest.pm
cp Digest/base.pm blib/lib/Digest/base.pm
Manifying 3 pod documents
PERL_DL_NONLAZY=1 "/Users/ether/perl5/perlbrew/perls/8.1/bin/perl" "-MExtUtils::Command::MM" "-MTest::Harness" "-e" "undef *Test::Harness::Switches; test_harness(0, 'blib/lib', 'blib/arch')" t/*.t
t/base.t ...... ok
t/digest.t .... ok
t/file.t ...... ok
t/security.t .. ok
All tests successful.
Files=4, Tests=22,  0 wallclock secs ( 0.02 usr  0.01 sys +  0.11 cusr  0.02 csys =  0.16 CPU)
Result: PASS
Manifying 3 pod documents
Installing /Users/ether/.perlbrew/libs/8.1@std/lib/perl5/Digest.pm
Installing /Users/ether/.perlbrew/libs/8.1@std/lib/perl5/Digest/base.pm
Installing /Users/ether/.perlbrew/libs/8.1@std/lib/perl5/Digest/file.pm
Installing /Users/ether/.perlbrew/libs/8.1@std/man/man3/Digest.0
Installing /Users/ether/.perlbrew/libs/8.1@std/man/man3/Digest::base.0
Installing /Users/ether/.perlbrew/libs/8.1@std/man/man3/Digest::file.0
Appending installation info to /Users/ether/.perlbrew/libs/8.1@std/lib/perl5/darwin-2level/perllocal.pod
-> OK
Successfully installed Digest-1.17 (upgraded from 1.02)
Installing /Users/ether/.perlbrew/libs/8.1@std/lib/perl5/darwin-2level/.meta/Digest-1.17/MYMETA.json
Installing /Users/ether/.perlbrew/libs/8.1@std/lib/perl5/darwin-2level/.meta/Digest-1.17/install.json
Building and testing Path-Tiny-0.072
cp lib/Path/Tiny.pm blib/lib/Path/Tiny.pm
Manifying 1 pod document
PERL_DL_NONLAZY=1 "/Users/ether/perl5/perlbrew/perls/8.1/bin/perl" "-MExtUtils::Command::MM" "-MTest::Harness" "-e" "undef *Test::Harness::Switches; test_harness(0, 'blib/lib', 'blib/arch')" t/*.t
t/basename.t ...................... ok
t/children.t ...................... ok
t/basic.t ......................... ok
t/digest.t ........................ ok
t/exception.t ..................... ok
t/exports.t ....................... ok
# 
# Versions for all modules listed in MYMETA.json (including optional ones):
# 
# === Configure Requires ===
# 
#     Module              Want Have
#     ------------------- ---- ----
#     ExtUtils::MakeMaker 6.17 7.10
# 
# === Test Requires ===
# 
#     Module                Want     Have
#     --------------------- ---- --------
#     ExtUtils::MakeMaker    any     7.10
#     File::Basename         any     2.72
#     File::Spec            3.40     3.47
#     File::Spec::Functions  any     3.47
#     File::Spec::Unix       any     3.47
#     File::Temp            0.19     0.22
#     Test::More            0.96 1.001014
#     lib                    any   0.5565
#     open                   any     1.02
# 
# === Test Recommends ===
# 
#     Module                 Want     Have
#     ------------------ -------- --------
#     CPAN::Meta         2.120900 2.150005
#     Test::FailWarnings      any  missing
# 
# === Runtime Requires ===
# 
#     Module      Want Have
#     ----------- ---- ----
#     Carp         any 1.36
#     Cwd          any 3.47
#     Digest      1.03 1.17
#     Digest::SHA 5.45 5.95
#     Exporter    5.57 5.72
#     Fcntl        any 1.05
#     File::Copy   any 2.06
#     File::Glob   any 1.02
#     File::Path  2.07 2.11
#     File::Spec  3.40 3.47
#     File::Temp  0.19 0.22
#     File::stat   any 1.00
#     constant     any 1.04
#     if           any 0.03
#     overload     any 1.01
#     strict       any 1.03
#     warnings     any 1.03
# 
# === Runtime Recommends ===
# 
#     Module        Want    Have
#     ------------- ---- -------
#     Unicode::UTF8 0.58 missing
# 
t/00-report-prereqs.t ............. ok
t/filesystem.t .................... ok
t/chmod.t ......................... ok
t/locking.t ....................... ok
t/input_output.t .................. ok
t/input_output_no_UU.t ............ ok
t/mkpath.t ........................ ok
t/normalize.t ..................... ok
t/mutable_tree_while_iterating.t .. ok
t/overloading.t ................... ok
t/rel-abs.t ....................... ok
t/parent.t ........................ ok
t/recurse.t ....................... ok
t/subsumes.t ...................... ok
t/temp.t .......................... ok
t/zz-atomic.t ..................... skipped: Test::MockRandom required for atomicity tests
t/visit.t ......................... ok
t/zzz-spec.t ...................... ok
All tests successful.
Files=24, Tests=1589,  1 wallclock secs ( 0.42 usr  0.10 sys +  2.84 cusr  0.43 csys =  3.79 CPU)
Result: PASS
Manifying 1 pod document
Installing /Users/ether/.perlbrew/libs/8.1@std/lib/perl5/Path/Tiny.pm
Installing /Users/ether/.perlbrew/libs/8.1@std/man/man3/Path::Tiny.0
Appending installation info to /Users/ether/.perlbrew/libs/8.1@std/lib/perl5/darwin-2level/perllocal.pod
-> OK
Successfully installed Path-Tiny-0.072
Installing /Users/ether/.perlbrew/libs/8.1@std/lib/perl5/darwin-2level/.meta/Path-Tiny-0.072/MYMETA.json
Installing /Users/ether/.perlbrew/libs/8.1@std/lib/perl5/darwin-2level/.meta/Path-Tiny-0.072/install.json
Searching Dist::Zilla::Role::MetaProvider on mirror http://mirrors.gossamer-threads.com/CPAN ...
Already tried Dist-Zilla-5.039. Skipping.
Searching Test::DZil on mirror http://mirrors.gossamer-threads.com/CPAN ...
Already tried Dist-Zilla-5.039. Skipping.
-> FAIL Installing the dependencies failed: Module 'Moose' is not installed, Module 'namespace::autoclean' is not installed, Module 'Dist::Zilla::Plugin::MetaResources' is not installed, Module 'Dist::Zilla::Role::MetaProvider' is not installed, Module 'Test::DZil' is not installed
-> FAIL Bailing out the installation for Dist-Zilla-Plugin-Breaks-0.003.
35 distributions installed
