C:\>cd C:\strawberry\cpanplus\5.12.3\build\PAR-Packer-1.009

C:\strawberry\cpanplus\5.12.3\build\PAR-Packer-1.009>dmake.EXE test UNINST=1
C:\strawberry\perl\bin\perl.exe "-MExtUtils::Command::MM" "-e" "test_harness(0, 'inc', 'blib\lib', 'blib\arch')" t/00-po
d.t t/10-parl-generation.t t/20-pp.t t/30-current_exec.t t/40-packer_cd_option.t t/90-rt59710.t
t/00-pod.t ............... skipped: Set environment variable PERL_TEST_POD=1 to test POD
t/10-parl-generation.t ... ok
t/20-pp.t ................ ok
t/30-current_exec.t ...... # Please wait
t/30-current_exec.t ...... ok
t/40-packer_cd_option.t .. ok
t/90-rt59710.t ........... ok
All tests successful.
Files=6, Tests=74, 2547 wallclock secs ( 0.13 usr +  0.02 sys =  0.14 CPU)
Result: PASS
