[32mCPAN: Term::ANSIColor loaded ok (v4.02)[0m
[32mCPAN: Storable loaded ok (v2.45)[0m
[32mReading 'C:\Perl64\cpan\Metadata'[0m
[32m  Database was generated on Wed, 25 Feb 2015 14:17:02 GMT[0m
[32mCPAN: LWP::UserAgent loaded ok (v6.05)[0m
[32mCPAN: Time::HiRes loaded ok (v1.9726)[0m
[32mFetching with LWP:
http://ppm.activestate.com/CPAN/authors/01mailrc.txt.gz[0m
[32mCPAN: YAML::XS loaded ok (v0.41)[0m
[32mReading 'C:\Perl64\cpan\sources\authors\01mailrc.txt.gz'[0m
[32mCPAN: Compress::Zlib loaded ok (v2.063)[0m
[32m.[0m[32m.[0m[32m.[0m[32m.[0m[32m.[0m[32m.[0m[32m.[0m[32m.[0m[32m.[0m[32m.[0m[32m.[0m[32m.[0m[32m.[0m[32m.[0m[32m.[0m[32m.[0m[32m.[0m[32m.[0m[32m.[0m[32m.[0m[32m.[0m[32m.[0m[32m.[0m[32m.[0m[32m.[0m[32m.[0m[32m.[0m[32m.[0m[32m.[0m[32m.[0m[32m.[0m[32m.[0m[32m.[0m[32m.[0m[32m.[0m[32m.[0m[32m.[0m[32m.[0m[32m.[0m[32m.[0m[32m.[0m[32m.[0m[32m.[0m[32m.[0m[32m.[0m[32m.[0m[32m.[0m[32m.[0m[32m.[0m[32m.[0m[32m.[0m[32m.[0m[32m.[0m[32m.[0m[32m.[0m[32m.[0m[32m.[0m[32m.[0m[32m.[0m[32m.[0m[32m.[0m[32m.[0m[32m.[0m[32m.[0m[32m.[0m[32m.[0m[32m.[0m[32m.[0m[32m.[0m[32m.[0m[32m.[0m[32m.[0m[32m.[0m[32m.[0m[32m.[0m[32m.[0m[32mDONE[0m
[32mFetching with LWP:
http://ppm.activestate.com/CPAN/modules/02packages.details.txt.gz[0m
[32mReading 'C:\Perl64\cpan\sources\modules\02packages.details.txt.gz'[0m
[32m  Database was generated on Tue, 03 Mar 2015 12:17:02 GMT[0m
[32m.[0m[32m.[0m[32m.[0m[32m.[0m[32m.[0m[32m.[0m[32m.[0m[32m.[0m[32m.[0m[32m.[0m[32m.[0m[32m.[0m[32m.[0m[32m.[0m[31m
  New CPAN.pm version (v2.05) available.
  [Currently running version is v1.9800]
  You might want to try
    install CPAN
    reload cpan
  to both upgrade CPAN.pm and run the new version without leaving
  the current session.[0m

[32m[0m
[32m.[0m[32m.[0m[32m.[0m[32m.[0m[32m.[0m[32m.[0m[32m.[0m[32m.[0m[32m.[0m[32m.[0m[32m.[0m[32m.[0m[32m.[0m[32m.[0m[32m.[0m[32m.[0m[32m.[0m[32m.[0m[32m.[0m[32m.[0m[32m.[0m[32m.[0m[32m.[0m[32m.[0m[32m.[0m[32m.[0m[32m.[0m[32m.[0m[32m.[0m[32m.[0m[32m.[0m[32m.[0m[32m.[0m[32m.[0m[32m.[0m[32m.[0m[32m.[0m[32m.[0m[32m.[0m[32m.[0m[32m.[0m[32m.[0m[32m.[0m[32m.[0m[32m.[0m[32m.[0m[32m.[0m[32m.[0m[32m.[0m[32m.[0m[32m.[0m[32m.[0m[32m.[0m[32m.[0m[32m.[0m[32m.[0m[32m.[0m[32m.[0m[32m.[0m[32m.[0m[32m.[0m[32m.[0m[32mDONE[0m
[32mFetching with LWP:
http://ppm.activestate.com/CPAN/modules/03modlist.data.gz[0m
[32mReading 'C:\Perl64\cpan\sources\modules\03modlist.data.gz'[0m
[32mDONE[0m
[32mWriting C:\Perl64\cpan\Metadata[0m
[32mRunning install for module 'Task::Catalyst::Tutorial'[0m
[32mRunning make for M/MR/MRAMBERG/Task-Catalyst-Tutorial-0.06.tar.gz[0m
[32mCPAN: Digest::SHA loaded ok (v5.85)[0m
[32mChecksum for C:\Perl64\cpan\sources\authors\id\M\MR\MRAMBERG\Task-Catalyst-Tutorial-0.06.tar.gz ok[0m
[32mCPAN: Archive::Tar loaded ok (v1.96)[0m
[32mTask-Catalyst-Tutorial-0.06/[0m
[32mTask-Catalyst-Tutorial-0.06/.cvsignore[0m
[32mTask-Catalyst-Tutorial-0.06/Changes[0m
[32mTask-Catalyst-Tutorial-0.06/examples/[0m
[32mTask-Catalyst-Tutorial-0.06/examples/MyApp/[0m
[32mTask-Catalyst-Tutorial-0.06/examples/MyApp/Changes[0m
[32mTask-Catalyst-Tutorial-0.06/examples/MyApp/lib/[0m
[32mTask-Catalyst-Tutorial-0.06/examples/MyApp/lib/FormElementContainer.pm[0m
[32mTask-Catalyst-Tutorial-0.06/examples/MyApp/lib/MyApp/[0m
[32mTask-Catalyst-Tutorial-0.06/examples/MyApp/lib/MyApp/Controller/[0m
[32mTask-Catalyst-Tutorial-0.06/examples/MyApp/lib/MyApp/Controller/Books.pm[0m
[32mTask-Catalyst-Tutorial-0.06/examples/MyApp/lib/MyApp/Controller/Login.pm[0m
[32mTask-Catalyst-Tutorial-0.06/examples/MyApp/lib/MyApp/Controller/Logout.pm[0m
[32mTask-Catalyst-Tutorial-0.06/examples/MyApp/lib/MyApp/Controller/Root.pm[0m
[32mTask-Catalyst-Tutorial-0.06/examples/MyApp/lib/MyApp/Model/[0m
[32mTask-Catalyst-Tutorial-0.06/examples/MyApp/lib/MyApp/Model/MyAppDB.pm[0m
[32mTask-Catalyst-Tutorial-0.06/examples/MyApp/lib/MyApp/View/[0m
[32mTask-Catalyst-Tutorial-0.06/examples/MyApp/lib/MyApp/View/TT.pm[0m
[32mTask-Catalyst-Tutorial-0.06/examples/MyApp/lib/MyApp.pm[0m
[32mTask-Catalyst-Tutorial-0.06/examples/MyApp/lib/MyAppDB/[0m
[32mTask-Catalyst-Tutorial-0.06/examples/MyApp/lib/MyAppDB/Author.pm[0m
[32mTask-Catalyst-Tutorial-0.06/examples/MyApp/lib/MyAppDB/Book.pm[0m
[32mTask-Catalyst-Tutorial-0.06/examples/MyApp/lib/MyAppDB/BookAuthor.pm[0m
[32mTask-Catalyst-Tutorial-0.06/examples/MyApp/lib/MyAppDB/Role.pm[0m
[32mTask-Catalyst-Tutorial-0.06/examples/MyApp/lib/MyAppDB/User.pm[0m
[32mTask-Catalyst-Tutorial-0.06/examples/MyApp/lib/MyAppDB/UserRole.pm[0m
[32mTask-Catalyst-Tutorial-0.06/examples/MyApp/lib/MyAppDB.pm[0m
[32mTask-Catalyst-Tutorial-0.06/examples/MyApp/Makefile.PL[0m
[32mTask-Catalyst-Tutorial-0.06/examples/MyApp/myapp.db[0m
[32mTask-Catalyst-Tutorial-0.06/examples/MyApp/myapp.yml[0m
[32mTask-Catalyst-Tutorial-0.06/examples/MyApp/myapp01.sql[0m
[32mTask-Catalyst-Tutorial-0.06/examples/MyApp/myapp02.sql[0m
[32mTask-Catalyst-Tutorial-0.06/examples/MyApp/myapp03.sql[0m
[32mTask-Catalyst-Tutorial-0.06/examples/MyApp/myappTEST.db[0m
[32mTask-Catalyst-Tutorial-0.06/examples/MyApp/README[0m
[32mTask-Catalyst-Tutorial-0.06/examples/MyApp/root/[0m
[32mTask-Catalyst-Tutorial-0.06/examples/MyApp/root/favicon.ico[0m
[32mTask-Catalyst-Tutorial-0.06/examples/MyApp/root/lib/[0m
[32mTask-Catalyst-Tutorial-0.06/examples/MyApp/root/lib/config/[0m
[32mTask-Catalyst-Tutorial-0.06/examples/MyApp/root/lib/config/col[0m
[32mTask-Catalyst-Tutorial-0.06/examples/MyApp/root/lib/config/main[0m
[32mTask-Catalyst-Tutorial-0.06/examples/MyApp/root/lib/config/url[0m
[32mTask-Catalyst-Tutorial-0.06/examples/MyApp/root/lib/site/[0m
[32mTask-Catalyst-Tutorial-0.06/examples/MyApp/root/lib/site/footer[0m
[32mTask-Catalyst-Tutorial-0.06/examples/MyApp/root/lib/site/header[0m
[32mTask-Catalyst-Tutorial-0.06/examples/MyApp/root/lib/site/html[0m
[32mTask-Catalyst-Tutorial-0.06/examples/MyApp/root/lib/site/layout[0m
[32mTask-Catalyst-Tutorial-0.06/examples/MyApp/root/lib/site/wrapper[0m
[32mTask-Catalyst-Tutorial-0.06/examples/MyApp/root/src/[0m
[32mTask-Catalyst-Tutorial-0.06/examples/MyApp/root/src/books/[0m
[32mTask-Catalyst-Tutorial-0.06/examples/MyApp/root/src/books/create_done.tt2[0m
[32mTask-Catalyst-Tutorial-0.06/examples/MyApp/root/src/books/form_create.tt2[0m
[32mTask-Catalyst-Tutorial-0.06/examples/MyApp/root/src/books/hw_form.tt2[0m
[32mTask-Catalyst-Tutorial-0.06/examples/MyApp/root/src/books/list.tt2[0m
[32mTask-Catalyst-Tutorial-0.06/examples/MyApp/root/src/error.tt2[0m
[32mTask-Catalyst-Tutorial-0.06/examples/MyApp/root/src/login.tt2[0m
[32mTask-Catalyst-Tutorial-0.06/examples/MyApp/root/src/message.tt2[0m
[32mTask-Catalyst-Tutorial-0.06/examples/MyApp/root/src/ttsite.css[0m
[32mTask-Catalyst-Tutorial-0.06/examples/MyApp/root/src/welcome.tt2[0m
[32mTask-Catalyst-Tutorial-0.06/examples/MyApp/root/static/[0m
[32mTask-Catalyst-Tutorial-0.06/examples/MyApp/root/static/images/[0m
[32mTask-Catalyst-Tutorial-0.06/examples/MyApp/root/static/images/btn_120x50_built.png[0m
[32mTask-Catalyst-Tutorial-0.06/examples/MyApp/root/static/images/btn_120x50_built_shadow.png[0m
[32mTask-Catalyst-Tutorial-0.06/examples/MyApp/root/static/images/btn_120x50_powered.png[0m
[32mTask-Catalyst-Tutorial-0.06/examples/MyApp/root/static/images/btn_120x50_powered_shadow.png[0m
[32mTask-Catalyst-Tutorial-0.06/examples/MyApp/root/static/images/btn_88x31_built.png[0m
[32mTask-Catalyst-Tutorial-0.06/examples/MyApp/root/static/images/btn_88x31_built_shadow.png[0m
[32mTask-Catalyst-Tutorial-0.06/examples/MyApp/root/static/images/btn_88x31_powered.png[0m
[32mTask-Catalyst-Tutorial-0.06/examples/MyApp/root/static/images/btn_88x31_powered_shadow.png[0m
[32mTask-Catalyst-Tutorial-0.06/examples/MyApp/root/static/images/catalyst_logo.png[0m
[32mTask-Catalyst-Tutorial-0.06/examples/MyApp/script/[0m
[32mTask-Catalyst-Tutorial-0.06/examples/MyApp/script/myapp_cgi.pl[0m
[32mTask-Catalyst-Tutorial-0.06/examples/MyApp/script/myapp_create.pl[0m
[32mTask-Catalyst-Tutorial-0.06/examples/MyApp/script/myapp_fastcgi.pl[0m
[32mTask-Catalyst-Tutorial-0.06/examples/MyApp/script/myapp_server.pl[0m
[32mTask-Catalyst-Tutorial-0.06/examples/MyApp/script/myapp_test.pl[0m
[32mTask-Catalyst-Tutorial-0.06/examples/MyApp/t/[0m
[32mTask-Catalyst-Tutorial-0.06/examples/MyApp/t/01app.t[0m
[32mTask-Catalyst-Tutorial-0.06/examples/MyApp/t/02pod.t[0m
[32mTask-Catalyst-Tutorial-0.06/examples/MyApp/t/03podcoverage.t[0m
[32mTask-Catalyst-Tutorial-0.06/examples/MyApp/t/controller_Login.t[0m
[32mTask-Catalyst-Tutorial-0.06/examples/MyApp/t/live_app01.t[0m
[32mTask-Catalyst-Tutorial-0.06/examples/MyApp/t/model_MyAppDB.t[0m
[32mTask-Catalyst-Tutorial-0.06/inc/[0m
[32mTask-Catalyst-Tutorial-0.06/inc/Module/[0m
[32mTask-Catalyst-Tutorial-0.06/inc/Module/AutoInstall.pm[0m
[32mTask-Catalyst-Tutorial-0.06/inc/Module/Install/[0m
[32mTask-Catalyst-Tutorial-0.06/inc/Module/Install/AutoInstall.pm[0m
[32mTask-Catalyst-Tutorial-0.06/inc/Module/Install/Base.pm[0m
[32mTask-Catalyst-Tutorial-0.06/inc/Module/Install/Can.pm[0m
[32mTask-Catalyst-Tutorial-0.06/inc/Module/Install/Fetch.pm[0m
[32mTask-Catalyst-Tutorial-0.06/inc/Module/Install/Include.pm[0m
[32mTask-Catalyst-Tutorial-0.06/inc/Module/Install/Makefile.pm[0m
[32mTask-Catalyst-Tutorial-0.06/inc/Module/Install/Metadata.pm[0m
[32mTask-Catalyst-Tutorial-0.06/inc/Module/Install/Share.pm[0m
[32mTask-Catalyst-Tutorial-0.06/inc/Module/Install/Win32.pm[0m
[32mTask-Catalyst-Tutorial-0.06/inc/Module/Install/WriteAll.pm[0m
[32mTask-Catalyst-Tutorial-0.06/inc/Module/Install.pm[0m
[32mTask-Catalyst-Tutorial-0.06/lib/[0m
[32mTask-Catalyst-Tutorial-0.06/lib/Task/[0m
[32mTask-Catalyst-Tutorial-0.06/lib/Task/Catalyst/[0m
[32mTask-Catalyst-Tutorial-0.06/lib/Task/Catalyst/Tutorial.pm[0m
[32mTask-Catalyst-Tutorial-0.06/Makefile.PL[0m
[32mTask-Catalyst-Tutorial-0.06/MANIFEST[0m
[32mTask-Catalyst-Tutorial-0.06/META.yml[0m
[32mTask-Catalyst-Tutorial-0.06/README[0m
[32mTask-Catalyst-Tutorial-0.06/t/[0m
[32mTask-Catalyst-Tutorial-0.06/t/00-load.t[0m
[32mTask-Catalyst-Tutorial-0.06/t/boilerplate.t[0m
[32mTask-Catalyst-Tutorial-0.06/t/pod-coverage.t[0m
[32mTask-Catalyst-Tutorial-0.06/t/pod.t[0m
[32mCPAN: File::Temp loaded ok (v0.2304)[0m
[32mCPAN: Parse::CPAN::Meta loaded ok (v1.4409)[0m
[32mCPAN: CPAN::Meta loaded ok (v2.132830)[0m
[32m
  CPAN.pm: Building M/MR/MRAMBERG/Task-Catalyst-Tutorial-0.06.tar.gz[0m

*** Module::AutoInstall version 1.03
*** Checking for Perl dependencies...
[Core Features]
- ExtUtils::MakeMaker                          ...loaded. (6.84 >= 6.11)
- Catalyst::Runtime                            ...loaded. (5.90020 >= 5.7015)
- Catalyst::Devel                              ...loaded. (1.39 >= 1.08)
- Catalyst::Plugin::Authentication             ...missing. (would need 0.10008)
- Catalyst::Authentication::Store::DBIx::Class ...missing. (would need 0.07)
- Catalyst::Plugin::Authorization::ACL         ...missing. (would need 0.1)
- Catalyst::Plugin::Authorization::Roles       ...missing. (would need 0.07)
- Catalyst::Controller::HTML::FormFu           ...missing. (would need 0.03004)
- Catalyst::Plugin::Session                    ...missing. (would need 0.19)
- Catalyst::Plugin::Session::State::Cookie     ...missing. (would need 0.09)
- Catalyst::Plugin::Session::Store::FastMmap   ...missing. (would need 0.05)
- Catalyst::Plugin::StackTrace                 ...loaded. (0.12 >= 0.09)
- DBIx::Class                                  ...loaded. (0.082810 >= 0.0801)
- Catalyst::View::TT                           ...loaded. (0.42 >= 0.27)
- Catalyst::Model::DBIC::Schema                ...loaded. (0.65 >= 0.21)
- Catalyst::Manual                             ...loaded. (5.9009 >= 5.7014)
- Test::More                                   ...loaded. (1.001014)
==> Auto-install the 8 mandatory module(s) from CPAN? [Y/n] y

*** Since we're running under CPANPLUS, I'll just let it take care
    of the dependency's installation later.
*** Module::AutoInstall configuration finished.
Checking if your kit is complete...
Looks good
Generating a dmake-style Makefile
Writing Makefile for Task::Catalyst::Tutorial
Writing MYMETA.yml and MYMETA.json
[32mCPAN: Module::CoreList loaded ok (v3.03)[0m
[32m----   Unsatisfied dependencies detected during  ----
---- MRAMBERG/Task-Catalyst-Tutorial-0.06.tar.gz ----
    Catalyst::Plugin::Authorization::ACL [requires]
    Catalyst::Plugin::Session::Store::FastMmap [requires]
    Catalyst::Plugin::Session::State::Cookie [requires]
    Catalyst::Plugin::Authorization::Roles [requires]
    Catalyst::Controller::HTML::FormFu [requires]
    Catalyst::Authentication::Store::DBIx::Class [requires]
    Catalyst::Plugin::Session [requires]
    Catalyst::Plugin::Authentication [requires][0m
[32mRunning make test[0m
[32m  Delayed until after prerequisites[0m
[32mRunning make install[0m
[32m  Delayed until after prerequisites[0m
[32mRunning install for module 'Catalyst::Plugin::Authorization::ACL'[0m
[32mRunning make for R/RK/RKITOVER/Catalyst-Plugin-Authorization-ACL-0.16.tar.gz[0m
[32mChecksum for C:\Perl64\cpan\sources\authors\id\R\RK\RKITOVER\Catalyst-Plugin-Authorization-ACL-0.16.tar.gz ok[0m
[32mCatalyst-Plugin-Authorization-ACL-0.16/[0m
[32mCatalyst-Plugin-Authorization-ACL-0.16/Changes[0m
[32mCatalyst-Plugin-Authorization-ACL-0.16/dist.ini[0m
[32mCatalyst-Plugin-Authorization-ACL-0.16/lib/[0m
[32mCatalyst-Plugin-Authorization-ACL-0.16/LICENSE[0m
[32mCatalyst-Plugin-Authorization-ACL-0.16/Makefile.PL[0m
[32mCatalyst-Plugin-Authorization-ACL-0.16/MANIFEST[0m
[32mCatalyst-Plugin-Authorization-ACL-0.16/META.json[0m
[32mCatalyst-Plugin-Authorization-ACL-0.16/META.yml[0m
[32mCatalyst-Plugin-Authorization-ACL-0.16/README[0m
[32mCatalyst-Plugin-Authorization-ACL-0.16/t/[0m
[32mCatalyst-Plugin-Authorization-ACL-0.16/t/00-compile.t[0m
[32mCatalyst-Plugin-Authorization-ACL-0.16/t/lib/[0m
[32mCatalyst-Plugin-Authorization-ACL-0.16/t/live_app.t[0m
[32mCatalyst-Plugin-Authorization-ACL-0.16/t/more_live_app.t[0m
[32mCatalyst-Plugin-Authorization-ACL-0.16/t/release-pod-syntax.t[0m
[32mCatalyst-Plugin-Authorization-ACL-0.16/t/lib/ACLTestApp/[0m
[32mCatalyst-Plugin-Authorization-ACL-0.16/t/lib/ACLTestApp.pm[0m
[32mCatalyst-Plugin-Authorization-ACL-0.16/t/lib/ACLTestApp2/[0m
[32mCatalyst-Plugin-Authorization-ACL-0.16/t/lib/ACLTestApp2.pm[0m
[32mCatalyst-Plugin-Authorization-ACL-0.16/t/lib/ACLTestApp2/Controller/[0m
[32mCatalyst-Plugin-Authorization-ACL-0.16/t/lib/ACLTestApp2/Controller/Root.pm[0m
[32mCatalyst-Plugin-Authorization-ACL-0.16/t/lib/ACLTestApp/Controller/[0m
[32mCatalyst-Plugin-Authorization-ACL-0.16/t/lib/ACLTestApp/Controller/Auth.pm[0m
[32mCatalyst-Plugin-Authorization-ACL-0.16/t/lib/ACLTestApp/Controller/LionCage.pm[0m
[32mCatalyst-Plugin-Authorization-ACL-0.16/t/lib/ACLTestApp/Controller/Root.pm[0m
[32mCatalyst-Plugin-Authorization-ACL-0.16/t/lib/ACLTestApp/Controller/Zoo/[0m
[32mCatalyst-Plugin-Authorization-ACL-0.16/t/lib/ACLTestApp/Controller/Zoo.pm[0m
[32mCatalyst-Plugin-Authorization-ACL-0.16/t/lib/ACLTestApp/Controller/Zoo/Penguins.pm[0m
[32mCatalyst-Plugin-Authorization-ACL-0.16/lib/Catalyst/[0m
[32mCatalyst-Plugin-Authorization-ACL-0.16/lib/Catalyst/Plugin/[0m
[32mCatalyst-Plugin-Authorization-ACL-0.16/lib/Catalyst/Plugin/Authorization/[0m
[32mCatalyst-Plugin-Authorization-ACL-0.16/lib/Catalyst/Plugin/Authorization/ACL/[0m
[32mCatalyst-Plugin-Authorization-ACL-0.16/lib/Catalyst/Plugin/Authorization/ACL.pm[0m
[32mCatalyst-Plugin-Authorization-ACL-0.16/lib/Catalyst/Plugin/Authorization/ACL/Engine.pm[0m
[32m
  CPAN.pm: Building R/RK/RKITOVER/Catalyst-Plugin-Authorization-ACL-0.16.tar.gz[0m

Checking if your kit is complete...
Looks good
Generating a dmake-style Makefile
Writing Makefile for Catalyst::Plugin::Authorization::ACL
Writing MYMETA.yml and MYMETA.json
[32m----        Unsatisfied dependencies detected during        ----
---- RKITOVER/Catalyst-Plugin-Authorization-ACL-0.16.tar.gz ----
    Catalyst::Plugin::Session::State::Cookie [requires]
    Catalyst::Plugin::Authorization::Roles [requires]
    Test::WWW::Mechanize::Catalyst [build_requires]
    Catalyst::Plugin::Session [requires]
    Catalyst::Plugin::Authentication [requires][0m
[32mRunning make test[0m
[32m  Delayed until after prerequisites[0m
[32mRunning make install[0m
[32m  Delayed until after prerequisites[0m
[32mRunning install for module 'Catalyst::Plugin::Session::State::Cookie'[0m
[32mRunning make for M/MS/MSTROUT/Catalyst-Plugin-Session-State-Cookie-0.17.tar.gz[0m
[32mChecksum for C:\Perl64\cpan\sources\authors\id\M\MS\MSTROUT\Catalyst-Plugin-Session-State-Cookie-0.17.tar.gz ok[0m
[32mCatalyst-Plugin-Session-State-Cookie-0.17/[0m
[32mCatalyst-Plugin-Session-State-Cookie-0.17/t/[0m
[32mCatalyst-Plugin-Session-State-Cookie-0.17/t/no_new_method.t[0m
[32mCatalyst-Plugin-Session-State-Cookie-0.17/t/live_app.t[0m
[32mCatalyst-Plugin-Session-State-Cookie-0.17/t/01use.t[0m
[32mCatalyst-Plugin-Session-State-Cookie-0.17/t/03podcoverage.t[0m
[32mCatalyst-Plugin-Session-State-Cookie-0.17/t/lib/[0m
[32mCatalyst-Plugin-Session-State-Cookie-0.17/t/lib/CookieTestApp.pm[0m
[32mCatalyst-Plugin-Session-State-Cookie-0.17/t/lib/CookieTestApp/[0m
[32mCatalyst-Plugin-Session-State-Cookie-0.17/t/lib/CookieTestApp/Controller/[0m
[32mCatalyst-Plugin-Session-State-Cookie-0.17/t/lib/CookieTestApp/Controller/Root.pm[0m
[32mCatalyst-Plugin-Session-State-Cookie-0.17/t/02pod.t[0m
[32mCatalyst-Plugin-Session-State-Cookie-0.17/t/basic.t[0m
[32mCatalyst-Plugin-Session-State-Cookie-0.17/MANIFEST[0m
[32mCatalyst-Plugin-Session-State-Cookie-0.17/Makefile.PL[0m
[32mCatalyst-Plugin-Session-State-Cookie-0.17/META.yml[0m
[32mCatalyst-Plugin-Session-State-Cookie-0.17/lib/[0m
[32mCatalyst-Plugin-Session-State-Cookie-0.17/lib/Catalyst/[0m
[32mCatalyst-Plugin-Session-State-Cookie-0.17/lib/Catalyst/Plugin/[0m
[32mCatalyst-Plugin-Session-State-Cookie-0.17/lib/Catalyst/Plugin/Session/[0m
[32mCatalyst-Plugin-Session-State-Cookie-0.17/lib/Catalyst/Plugin/Session/State/[0m
[32mCatalyst-Plugin-Session-State-Cookie-0.17/lib/Catalyst/Plugin/Session/State/Cookie.pm[0m
[32mCatalyst-Plugin-Session-State-Cookie-0.17/Changes[0m
[32mCatalyst-Plugin-Session-State-Cookie-0.17/inc/[0m
[32mCatalyst-Plugin-Session-State-Cookie-0.17/inc/Module/[0m
[32mCatalyst-Plugin-Session-State-Cookie-0.17/inc/Module/Install.pm[0m
[32mCatalyst-Plugin-Session-State-Cookie-0.17/inc/Module/Install/[0m
[32mCatalyst-Plugin-Session-State-Cookie-0.17/inc/Module/Install/Include.pm[0m
[32mCatalyst-Plugin-Session-State-Cookie-0.17/inc/Module/Install/Can.pm[0m
[32mCatalyst-Plugin-Session-State-Cookie-0.17/inc/Module/Install/Fetch.pm[0m
[32mCatalyst-Plugin-Session-State-Cookie-0.17/inc/Module/Install/Metadata.pm[0m
[32mCatalyst-Plugin-Session-State-Cookie-0.17/inc/Module/Install/Makefile.pm[0m
[32mCatalyst-Plugin-Session-State-Cookie-0.17/inc/Module/Install/Win32.pm[0m
[32mCatalyst-Plugin-Session-State-Cookie-0.17/inc/Module/Install/WriteAll.pm[0m
[32mCatalyst-Plugin-Session-State-Cookie-0.17/inc/Module/Install/AutoInstall.pm[0m
[32mCatalyst-Plugin-Session-State-Cookie-0.17/inc/Module/Install/Base.pm[0m
[32mCatalyst-Plugin-Session-State-Cookie-0.17/inc/Module/AutoInstall.pm[0m
[32mCatalyst-Plugin-Session-State-Cookie-0.17/README[0m
[32m
  CPAN.pm: Building M/MS/MSTROUT/Catalyst-Plugin-Session-State-Cookie-0.17.tar.gz[0m

*** Module::AutoInstall version 1.03
*** Checking for Perl dependencies...
*** Since we're running under CPAN, I'll just let it take care
    of the dependency's installation later.
[Core Features]
- Moose                     ...loaded. (2.1403)
- Test::More                ...loaded. (1.001014)
- Catalyst                  ...loaded. (5.90020 >= 5.80005)
- Catalyst::Plugin::Session ...missing. (would need 0.27)
- MRO::Compat               ...loaded. (0.12)
- Moose                     ...loaded. (2.1403)
- namespace::autoclean      ...loaded. (0.24)
*** Module::AutoInstall configuration finished.
Checking if your kit is complete...
Looks good
Generating a dmake-style Makefile
Writing Makefile for Catalyst::Plugin::Session::State::Cookie
Writing MYMETA.yml and MYMETA.json
[32m----         Unsatisfied dependencies detected during         ----
---- MSTROUT/Catalyst-Plugin-Session-State-Cookie-0.17.tar.gz ----
    Catalyst::Plugin::Session [requires][0m
[32mRunning make test[0m
[32m  Delayed until after prerequisites[0m
[32mRunning make install[0m
[32m  Delayed until after prerequisites[0m
[32mRunning install for module 'Catalyst::Plugin::Session'[0m
[32mRunning make for J/JJ/JJNAPIORK/Catalyst-Plugin-Session-0.40.tar.gz[0m
[32mChecksum for C:\Perl64\cpan\sources\authors\id\J\JJ\JJNAPIORK\Catalyst-Plugin-Session-0.40.tar.gz ok[0m
[32mCatalyst-Plugin-Session-0.40/[0m
[32mCatalyst-Plugin-Session-0.40/Changes[0m
[32mCatalyst-Plugin-Session-0.40/inc/[0m
[32mCatalyst-Plugin-Session-0.40/lib/[0m
[32mCatalyst-Plugin-Session-0.40/Makefile.PL[0m
[32mCatalyst-Plugin-Session-0.40/MANIFEST[0m
[32mCatalyst-Plugin-Session-0.40/META.yml[0m
[32mCatalyst-Plugin-Session-0.40/README[0m
[32mCatalyst-Plugin-Session-0.40/t/[0m
[32mCatalyst-Plugin-Session-0.40/t/00_basic_sanity.t[0m
[32mCatalyst-Plugin-Session-0.40/t/01_setup.t[0m
[32mCatalyst-Plugin-Session-0.40/t/03_flash.t[0m
[32mCatalyst-Plugin-Session-0.40/t/05_semi_persistent_flash.t[0m
[32mCatalyst-Plugin-Session-0.40/t/author/[0m
[32mCatalyst-Plugin-Session-0.40/t/cat_test.t[0m
[32mCatalyst-Plugin-Session-0.40/t/lib/[0m
[32mCatalyst-Plugin-Session-0.40/t/live_accessor.t[0m
[32mCatalyst-Plugin-Session-0.40/t/live_app.t[0m
[32mCatalyst-Plugin-Session-0.40/t/live_expiry_threshold.t[0m
[32mCatalyst-Plugin-Session-0.40/t/live_session_fixation.t[0m
[32mCatalyst-Plugin-Session-0.40/t/live_verify_address.t[0m
[32mCatalyst-Plugin-Session-0.40/t/live_verify_user_agent.t[0m
[32mCatalyst-Plugin-Session-0.40/t/session_valid.t[0m
[32mCatalyst-Plugin-Session-0.40/t/lib/FlashTestApp/[0m
[32mCatalyst-Plugin-Session-0.40/t/lib/FlashTestApp.pm[0m
[32mCatalyst-Plugin-Session-0.40/t/lib/SessionExpiry/[0m
[32mCatalyst-Plugin-Session-0.40/t/lib/SessionExpiry.pm[0m
[32mCatalyst-Plugin-Session-0.40/t/lib/SessionTestApp/[0m
[32mCatalyst-Plugin-Session-0.40/t/lib/SessionTestApp.pm[0m
[32mCatalyst-Plugin-Session-0.40/t/lib/SessionValid/[0m
[32mCatalyst-Plugin-Session-0.40/t/lib/SessionValid.pm[0m
[32mCatalyst-Plugin-Session-0.40/t/lib/SessionValid/Controller/[0m
[32mCatalyst-Plugin-Session-0.40/t/lib/SessionValid/Controller/Root.pm[0m
[32mCatalyst-Plugin-Session-0.40/t/lib/SessionTestApp/Controller/[0m
[32mCatalyst-Plugin-Session-0.40/t/lib/SessionTestApp/Controller/Root.pm[0m
[32mCatalyst-Plugin-Session-0.40/t/lib/SessionExpiry/Controller/[0m
[32mCatalyst-Plugin-Session-0.40/t/lib/SessionExpiry/Controller/Root.pm[0m
[32mCatalyst-Plugin-Session-0.40/t/lib/FlashTestApp/Controller/[0m
[32mCatalyst-Plugin-Session-0.40/t/lib/FlashTestApp/Controller/Root.pm[0m
[32mCatalyst-Plugin-Session-0.40/t/author/pod.t[0m
[32mCatalyst-Plugin-Session-0.40/t/author/podcoverage.t[0m
[32mCatalyst-Plugin-Session-0.40/lib/Catalyst/[0m
[32mCatalyst-Plugin-Session-0.40/lib/Catalyst/Plugin/[0m
[32mCatalyst-Plugin-Session-0.40/lib/Catalyst/Plugin/Session/[0m
[32mCatalyst-Plugin-Session-0.40/lib/Catalyst/Plugin/Session.pm[0m
[32mCatalyst-Plugin-Session-0.40/lib/Catalyst/Plugin/Session/State.pm[0m
[32mCatalyst-Plugin-Session-0.40/lib/Catalyst/Plugin/Session/Store/[0m
[32mCatalyst-Plugin-Session-0.40/lib/Catalyst/Plugin/Session/Store.pm[0m
[32mCatalyst-Plugin-Session-0.40/lib/Catalyst/Plugin/Session/Test/[0m
[32mCatalyst-Plugin-Session-0.40/lib/Catalyst/Plugin/Session/Tutorial.pod[0m
[32mCatalyst-Plugin-Session-0.40/lib/Catalyst/Plugin/Session/Test/Store.pm[0m
[32mCatalyst-Plugin-Session-0.40/lib/Catalyst/Plugin/Session/Store/Dummy.pm[0m
[32mCatalyst-Plugin-Session-0.40/inc/Module/[0m
[32mCatalyst-Plugin-Session-0.40/inc/Module/Install/[0m
[32mCatalyst-Plugin-Session-0.40/inc/Module/Install.pm[0m
[32mCatalyst-Plugin-Session-0.40/inc/Module/Install/AuthorTests.pm[0m
[32mCatalyst-Plugin-Session-0.40/inc/Module/Install/Base.pm[0m
[32mCatalyst-Plugin-Session-0.40/inc/Module/Install/Can.pm[0m
[32mCatalyst-Plugin-Session-0.40/inc/Module/Install/Fetch.pm[0m
[32mCatalyst-Plugin-Session-0.40/inc/Module/Install/Makefile.pm[0m
[32mCatalyst-Plugin-Session-0.40/inc/Module/Install/Metadata.pm[0m
[32mCatalyst-Plugin-Session-0.40/inc/Module/Install/Win32.pm[0m
[32mCatalyst-Plugin-Session-0.40/inc/Module/Install/WriteAll.pm[0m
[32m
  CPAN.pm: Building J/JJ/JJNAPIORK/Catalyst-Plugin-Session-0.40.tar.gz[0m

Checking if your kit is complete...
Looks good
Generating a dmake-style Makefile
Writing Makefile for Catalyst::Plugin::Session
Writing MYMETA.yml and MYMETA.json
[32m----    Unsatisfied dependencies detected during   ----
---- JJNAPIORK/Catalyst-Plugin-Session-0.40.tar.gz ----
    Test::WWW::Mechanize::PSGI [build_requires][0m
[32mRunning make test[0m
[32m  Delayed until after prerequisites[0m
[32mRunning make install[0m
[32m  Delayed until after prerequisites[0m
[32mRunning install for module 'Test::WWW::Mechanize::PSGI'[0m
[32mRunning make for L/LB/LBROCARD/Test-WWW-Mechanize-PSGI-0.35.tar.gz[0m
[32mChecksum for C:\Perl64\cpan\sources\authors\id\L\LB\LBROCARD\Test-WWW-Mechanize-PSGI-0.35.tar.gz ok[0m
[32mTest-WWW-Mechanize-PSGI-0.35/[0m
[32mTest-WWW-Mechanize-PSGI-0.35/META.yml[0m
[32mTest-WWW-Mechanize-PSGI-0.35/README[0m
[32mTest-WWW-Mechanize-PSGI-0.35/Makefile.PL[0m
[32mTest-WWW-Mechanize-PSGI-0.35/lib/[0m
[32mTest-WWW-Mechanize-PSGI-0.35/lib/Test/[0m
[32mTest-WWW-Mechanize-PSGI-0.35/lib/Test/WWW/[0m
[32mTest-WWW-Mechanize-PSGI-0.35/lib/Test/WWW/Mechanize/[0m
[32mTest-WWW-Mechanize-PSGI-0.35/lib/Test/WWW/Mechanize/PSGI.pm[0m
[32mTest-WWW-Mechanize-PSGI-0.35/CHANGES[0m
[32mTest-WWW-Mechanize-PSGI-0.35/t/[0m
[32mTest-WWW-Mechanize-PSGI-0.35/t/pod.t[0m
[32mTest-WWW-Mechanize-PSGI-0.35/t/cookie.t[0m
[32mTest-WWW-Mechanize-PSGI-0.35/t/simple.t[0m
[32mTest-WWW-Mechanize-PSGI-0.35/MANIFEST[0m
[32m
  CPAN.pm: Building L/LB/LBROCARD/Test-WWW-Mechanize-PSGI-0.35.tar.gz[0m

Checking if your kit is complete...
Looks good
Generating a dmake-style Makefile
Writing Makefile for Test::WWW::Mechanize::PSGI
Writing MYMETA.yml and MYMETA.json
[32m----   Unsatisfied dependencies detected during   ----
---- LBROCARD/Test-WWW-Mechanize-PSGI-0.35.tar.gz ----
    Test::WWW::Mechanize [requires][0m
[32mRunning make test[0m
[32m  Delayed until after prerequisites[0m
[32mRunning make install[0m
[32m  Delayed until after prerequisites[0m
[32mRunning install for module 'Test::WWW::Mechanize'[0m
[32mRunning make for P/PE/PETDANCE/Test-WWW-Mechanize-1.44.tar.gz[0m
[32mChecksum for C:\Perl64\cpan\sources\authors\id\P\PE\PETDANCE\Test-WWW-Mechanize-1.44.tar.gz ok[0m
[32mTest-WWW-Mechanize-1.44/[0m
[32mTest-WWW-Mechanize-1.44/MANIFEST[0m
[32mTest-WWW-Mechanize-1.44/Makefile.PL[0m
[32mTest-WWW-Mechanize-1.44/t/[0m
[32mTest-WWW-Mechanize-1.44/t/html_lint_ok.t[0m
[32mTest-WWW-Mechanize-1.44/t/lacks_uncapped_inputs.t[0m
[32mTest-WWW-Mechanize-1.44/t/content_lacks.t[0m
[32mTest-WWW-Mechanize-1.44/t/links_ok.t[0m
[32mTest-WWW-Mechanize-1.44/t/title_is.t[0m
[32mTest-WWW-Mechanize-1.44/t/get_ok-parms.t[0m
[32mTest-WWW-Mechanize-1.44/t/badlinks.html[0m
[32mTest-WWW-Mechanize-1.44/t/pod-coverage.t[0m
[32mTest-WWW-Mechanize-1.44/t/autolint.t[0m
[32mTest-WWW-Mechanize-1.44/t/lacks_uncapped_inputs-bad.html[0m
[32mTest-WWW-Mechanize-1.44/t/get_ok.t[0m
[32mTest-WWW-Mechanize-1.44/t/good.html[0m
[32mTest-WWW-Mechanize-1.44/t/content_contains.t[0m
[32mTest-WWW-Mechanize-1.44/t/followable_links.t[0m
[32mTest-WWW-Mechanize-1.44/t/00-load.t[0m
[32mTest-WWW-Mechanize-1.44/t/scrape-text-by-id.t[0m
[32mTest-WWW-Mechanize-1.44/t/page_links_content.t[0m
[32mTest-WWW-Mechanize-1.44/t/follow_link_ok.t[0m
[32mTest-WWW-Mechanize-1.44/t/stuff_inputs.t[0m
[32mTest-WWW-Mechanize-1.44/t/bad.html[0m
[32mTest-WWW-Mechanize-1.44/t/put_ok.t[0m
[32mTest-WWW-Mechanize-1.44/t/new.t[0m
[32mTest-WWW-Mechanize-1.44/t/TestServer.pm[0m
[32mTest-WWW-Mechanize-1.44/t/lacks_uncapped_inputs-good.html[0m
[32mTest-WWW-Mechanize-1.44/t/manylinks.html[0m
[32mTest-WWW-Mechanize-1.44/t/has_tag.t[0m
[32mTest-WWW-Mechanize-1.44/t/page_links_ok.t[0m
[32mTest-WWW-Mechanize-1.44/t/head_ok.t[0m
[32mTest-WWW-Mechanize-1.44/t/click_ok.t[0m
[32mTest-WWW-Mechanize-1.44/t/html/[0m
[32mTest-WWW-Mechanize-1.44/t/html/form.html[0m
[32mTest-WWW-Mechanize-1.44/t/html/scratch.html[0m
[32mTest-WWW-Mechanize-1.44/t/fluffy.html[0m
[32mTest-WWW-Mechanize-1.44/t/link_content.t[0m
[32mTest-WWW-Mechanize-1.44/t/head_ok-parms.t[0m
[32mTest-WWW-Mechanize-1.44/t/stuff_inputs.html[0m
[32mTest-WWW-Mechanize-1.44/t/submit_form_ok.t[0m
[32mTest-WWW-Mechanize-1.44/t/text_contains.t[0m
[32mTest-WWW-Mechanize-1.44/t/link_status.t[0m
[32mTest-WWW-Mechanize-1.44/t/goodlinks.html[0m
[32mTest-WWW-Mechanize-1.44/t/pod.t[0m
[32mTest-WWW-Mechanize-1.44/t/table.html[0m
[32mTest-WWW-Mechanize-1.44/README.md[0m
[32mTest-WWW-Mechanize-1.44/META.yml[0m
[32mTest-WWW-Mechanize-1.44/META.json[0m
[32mTest-WWW-Mechanize-1.44/Mechanize.pm[0m
[32mTest-WWW-Mechanize-1.44/Changes[0m
[32m
  CPAN.pm: Building P/PE/PETDANCE/Test-WWW-Mechanize-1.44.tar.gz[0m

You don't have HTML::Lint 2.20 installed, so cannot use autolinting.
Checking if your kit is complete...
Looks good
Generating a dmake-style Makefile
Writing Makefile for Test::WWW::Mechanize
Writing MYMETA.yml and MYMETA.json
[32m---- Unsatisfied dependencies detected during ----
----  PETDANCE/Test-WWW-Mechanize-1.44.tar.gz ----
    HTTP::Server::Simple [requires]
    HTTP::Server::Simple::CGI [requires][0m
[32mRunning make test[0m
[32m  Delayed until after prerequisites[0m
[32mRunning make install[0m
[32m  Delayed until after prerequisites[0m
[32mRunning install for module 'HTTP::Server::Simple'[0m
[32mRunning make for F/FA/FALCONE/HTTP-Server-Simple-0.50.tar.gz[0m
[32mChecksum for C:\Perl64\cpan\sources\authors\id\F\FA\FALCONE\HTTP-Server-Simple-0.50.tar.gz ok[0m
[32mHTTP-Server-Simple-0.50/[0m
[32mHTTP-Server-Simple-0.50/Changes[0m
[32mHTTP-Server-Simple-0.50/ex/[0m
[32mHTTP-Server-Simple-0.50/inc/[0m
[32mHTTP-Server-Simple-0.50/lib/[0m
[32mHTTP-Server-Simple-0.50/Makefile.PL[0m
[32mHTTP-Server-Simple-0.50/MANIFEST[0m
[32mHTTP-Server-Simple-0.50/META.yml[0m
[32mHTTP-Server-Simple-0.50/README[0m
[32mHTTP-Server-Simple-0.50/SIGNATURE[0m
[32mHTTP-Server-Simple-0.50/t/[0m
[32mHTTP-Server-Simple-0.50/t/00smoke.t[0m
[32mHTTP-Server-Simple-0.50/t/01live.t[0m
[32mHTTP-Server-Simple-0.50/t/02pod.t[0m
[32mHTTP-Server-Simple-0.50/t/03podcoverage.t[0m
[32mHTTP-Server-Simple-0.50/t/04cgi.t[0m
[32mHTTP-Server-Simple-0.50/lib/HTTP/[0m
[32mHTTP-Server-Simple-0.50/lib/HTTP/Server/[0m
[32mHTTP-Server-Simple-0.50/lib/HTTP/Server/Simple/[0m
[32mHTTP-Server-Simple-0.50/lib/HTTP/Server/Simple.pm[0m
[32mHTTP-Server-Simple-0.50/lib/HTTP/Server/Simple/CGI/[0m
[32mHTTP-Server-Simple-0.50/lib/HTTP/Server/Simple/CGI.pm[0m
[32mHTTP-Server-Simple-0.50/lib/HTTP/Server/Simple/CGI/Environment.pm[0m
[32mHTTP-Server-Simple-0.50/inc/Module/[0m
[32mHTTP-Server-Simple-0.50/inc/Module/Install/[0m
[32mHTTP-Server-Simple-0.50/inc/Module/Install.pm[0m
[32mHTTP-Server-Simple-0.50/inc/Module/Install/Base.pm[0m
[32mHTTP-Server-Simple-0.50/inc/Module/Install/Can.pm[0m
[32mHTTP-Server-Simple-0.50/inc/Module/Install/Fetch.pm[0m
[32mHTTP-Server-Simple-0.50/inc/Module/Install/Makefile.pm[0m
[32mHTTP-Server-Simple-0.50/inc/Module/Install/Metadata.pm[0m
[32mHTTP-Server-Simple-0.50/inc/Module/Install/Win32.pm[0m
[32mHTTP-Server-Simple-0.50/inc/Module/Install/WriteAll.pm[0m
[32mHTTP-Server-Simple-0.50/ex/sample_server[0m
[32m
  CPAN.pm: Building F/FA/FALCONE/HTTP-Server-Simple-0.50.tar.gz[0m

Checking if your kit is complete...
Looks good
Generating a dmake-style Makefile
Writing Makefile for HTTP::Server::Simple
Writing MYMETA.yml and MYMETA.json
cp lib/HTTP/Server/Simple/CGI/Environment.pm blib\lib\HTTP\Server\Simple\CGI\Environment.pm
cp lib/HTTP/Server/Simple.pm blib\lib\HTTP\Server\Simple.pm
cp lib/HTTP/Server/Simple/CGI.pm blib\lib\HTTP\Server\Simple\CGI.pm
[32m  FALCONE/HTTP-Server-Simple-0.50.tar.gz[0m
[32m  C:\Perl64\site\bin\dmake.exe -- OK[0m
[32mRunning make test[0m
C:\Perl64\bin\perl.exe "-MExtUtils::Command::MM" "-MTest::Harness" "-e" "undef *Test::Harness::Switches; test_harness(0, 'inc', 'blib\lib', 'blib\arch')" t/*.t
t/00smoke.t ........ ok
t/01live.t ......... 
Dubious, test returned 6 (wstat 1536, 0x600)
Failed 6/34 subtests 
t/02pod.t .......... skipped: Test::Pod 1.14 required for testing POD
t/03podcoverage.t .. skipped: Test::Pod::Coverage 1.04 required for testing POD coverage
t/04cgi.t .......... ok

Test Summary Report
-------------------
t/01live.t       (Wstat: 1536 Tests: 34 Failed: 6)
  Failed tests:  8, 16, 26-29
  Non-zero exit status: 6
Files=5, Tests=102, 19 wallclock secs ( 0.12 usr +  0.00 sys =  0.12 CPU)
Result: FAIL
[32m  FALCONE/HTTP-Server-Simple-0.50.tar.gz[0m
[31m  C:\Perl64\site\bin\dmake.exe test -- NOT OK[0m
[32m//hint// to see the cpan-testers results for installing this module, try:
  reports FALCONE/HTTP-Server-Simple-0.50.tar.gz[0m
[32mRunning make install[0m
[32m  make test had returned bad status, won't install without force[0m
[32mRunning install for module 'HTTP::Server::Simple::CGI'[0m
[32mRunning make install[0m
[32m  make test had returned bad status, won't install without force[0m
[32mRunning make for P/PE/PETDANCE/Test-WWW-Mechanize-1.44.tar.gz[0m
[32m  Has already been unwrapped into directory C:\Perl64\cpan\build\Test-WWW-Mechanize-1.44-Z9IRHy[0m
[32m
  CPAN.pm: Building P/PE/PETDANCE/Test-WWW-Mechanize-1.44.tar.gz[0m

[31mWarning: Prerequisite 'HTTP::Server::Simple => 0.42' for 'PETDANCE/Test-WWW-Mechanize-1.44.tar.gz' failed when processing 'FALCONE/HTTP-Server-Simple-0.50.tar.gz' with 'make_test => NO'. Continuing, but chances to succeed are limited.[0m
[31mWarning: Prerequisite 'HTTP::Server::Simple::CGI => 0' for 'P/PE/PETDANCE/Test-WWW-Mechanize-1.44.tar.gz' seems not available according to the indices[0m
cp Mechanize.pm blib\lib\Test\WWW\Mechanize.pm
[32m  PETDANCE/Test-WWW-Mechanize-1.44.tar.gz[0m
[32m  C:\Perl64\site\bin\dmake.exe -- OK[0m
[32mRunning make test[0m
C:\Perl64\bin\perl.exe "-MExtUtils::Command::MM" "-MTest::Harness" "-e" "undef *Test::Harness::Switches; test_harness(0, 'blib\lib', 'blib\arch')" t/*.t
t/00-load.t ................ ok
t/autolint.t ............... skipped: HTML::Lint 2.20 is not installed, cannot test autolint
t/click_ok.t ............... 
Dubious, test returned 2 (wstat 512, 0x200)
Failed 3/3 subtests 
t/content_contains.t ....... ok
t/content_lacks.t .......... ok
t/follow_link_ok.t ......... ok
t/followable_links.t ....... ok
t/get_ok-parms.t ........... ok
t/get_ok.t ................. ok
t/has_tag.t ................ ok
t/head_ok-parms.t .......... ok
t/head_ok.t ................ ok
t/html_lint_ok.t ........... skipped: HTML::Lint is not installed, cannot test autolint
t/lacks_uncapped_inputs.t .. ok
t/link_content.t ........... ok
t/link_status.t ............ ok
t/links_ok.t ............... ok
t/new.t .................... ok
t/page_links_content.t ..... ok
t/page_links_ok.t .......... ok
t/pod-coverage.t ........... skipped: Test::Pod::Coverage 0.08 required for testing POD coverage
t/pod.t .................... skipped: Test::Pod 1.00 required for testing POD
t/put_ok.t ................. 
Dubious, test returned 2 (wstat 512, 0x200)
Failed 7/7 subtests 
t/scrape-text-by-id.t ...... ok
t/stuff_inputs.t ........... ok
t/submit_form_ok.t ......... 
Dubious, test returned 2 (wstat 512, 0x200)
Failed 3/3 subtests 
t/text_contains.t .......... ok
t/title_is.t ............... ok

Test Summary Report
-------------------
t/click_ok.t             (Wstat: 512 Tests: 0 Failed: 0)
  Non-zero exit status: 2
  Parse errors: Bad plan.  You planned 3 tests but ran 0.
t/put_ok.t               (Wstat: 512 Tests: 0 Failed: 0)
  Non-zero exit status: 2
  Parse errors: Bad plan.  You planned 7 tests but ran 0.
t/submit_form_ok.t       (Wstat: 512 Tests: 0 Failed: 0)
  Non-zero exit status: 2
  Parse errors: Bad plan.  You planned 3 tests but ran 0.
Files=28, Tests=206, 15 wallclock secs ( 0.19 usr +  0.11 sys =  0.30 CPU)
Result: FAIL
[32m  PETDANCE/Test-WWW-Mechanize-1.44.tar.gz[0m
[31m2 dependencies missing (HTTP::Server::Simple,HTTP::Server::Simple::CGI); additionally test harness failed[0m
[31m  C:\Perl64\site\bin\dmake.exe test -- NOT OK[0m
[32m//hint// to see the cpan-testers results for installing this module, try:
  reports PETDANCE/Test-WWW-Mechanize-1.44.tar.gz[0m
[32mRunning make install[0m
[32m  make test had returned bad status, won't install without force[0m
[32mRunning make for L/LB/LBROCARD/Test-WWW-Mechanize-PSGI-0.35.tar.gz[0m
[32m  Has already been unwrapped into directory C:\Perl64\cpan\build\Test-WWW-Mechanize-PSGI-0.35-MviH_o[0m
[32m
  CPAN.pm: Building L/LB/LBROCARD/Test-WWW-Mechanize-PSGI-0.35.tar.gz[0m

[31mWarning: Prerequisite 'Test::WWW::Mechanize => 0' for 'LBROCARD/Test-WWW-Mechanize-PSGI-0.35.tar.gz' failed when processing 'PETDANCE/Test-WWW-Mechanize-1.44.tar.gz' with 'make_test => NO 2 dependencies missing (HTTP::Server::Simple,HTTP::Server::Simple::CGI); additionally test harness failed'. Continuing, but chances to succeed are limited.[0m
cp lib/Test/WWW/Mechanize/PSGI.pm blib\lib\Test\WWW\Mechanize\PSGI.pm
[32m  LBROCARD/Test-WWW-Mechanize-PSGI-0.35.tar.gz[0m
[32m  C:\Perl64\site\bin\dmake.exe -- OK[0m
[32mRunning make test[0m
C:\Perl64\bin\perl.exe "-MExtUtils::Command::MM" "-MTest::Harness" "-e" "undef *Test::Harness::Switches; test_harness(0, 'blib\lib', 'blib\arch')" t/*.t
t/cookie.t .. 
Dubious, test returned 2 (wstat 512, 0x200)
Failed 4/4 subtests 
t/pod.t ..... skipped: Test::Pod 1.14 required for testing POD: Can't locate Test/Pod.pm in @INC (@INC contains: C:\Perl64\cpan\build\Test-WWW-Mechanize-PSGI-0.35-MviH_o\blib\lib C:\Perl64\cpan\build\Test-WWW-Mechanize-PSGI-0.35-MviH_o\blib\arch C:/Perl64/site/lib C:/Perl64/lib) at (eval 4) line 2.
t/simple.t .. 
Dubious, test returned 2 (wstat 512, 0x200)
Failed 10/10 subtests 

Test Summary Report
-------------------
t/cookie.t (Wstat: 512 Tests: 0 Failed: 0)
  Non-zero exit status: 2
  Parse errors: Bad plan.  You planned 4 tests but ran 0.
t/simple.t (Wstat: 512 Tests: 0 Failed: 0)
  Non-zero exit status: 2
  Parse errors: Bad plan.  You planned 10 tests but ran 0.
Files=3, Tests=0,  0 wallclock secs ( 0.08 usr +  0.02 sys =  0.09 CPU)
Result: FAIL
[32m  LBROCARD/Test-WWW-Mechanize-PSGI-0.35.tar.gz[0m
[31mone dependency not OK (Test::WWW::Mechanize); additionally test harness failed[0m
[31m  C:\Perl64\site\bin\dmake.exe test -- NOT OK[0m
[32m//hint// to see the cpan-testers results for installing this module, try:
  reports LBROCARD/Test-WWW-Mechanize-PSGI-0.35.tar.gz[0m
[32mRunning make install[0m
[32m  make test had returned bad status, won't install without force[0m
[32mRunning make for J/JJ/JJNAPIORK/Catalyst-Plugin-Session-0.40.tar.gz[0m
[32m  Has already been unwrapped into directory C:\Perl64\cpan\build\Catalyst-Plugin-Session-0.40-qseV_d[0m
[32m
  CPAN.pm: Building J/JJ/JJNAPIORK/Catalyst-Plugin-Session-0.40.tar.gz[0m

[31mWarning: Prerequisite 'Test::WWW::Mechanize::PSGI => 0' for 'JJNAPIORK/Catalyst-Plugin-Session-0.40.tar.gz' failed when processing 'LBROCARD/Test-WWW-Mechanize-PSGI-0.35.tar.gz' with 'make_test => NO one dependency not OK (Test::WWW::Mechanize); additionally test harness failed'. Continuing, but chances to succeed are limited.[0m
cp lib/Catalyst/Plugin/Session/Store.pm blib\lib\Catalyst\Plugin\Session\Store.pm
cp lib/Catalyst/Plugin/Session/Store/Dummy.pm blib\lib\Catalyst\Plugin\Session\Store\Dummy.pm
cp lib/Catalyst/Plugin/Session/Test/Store.pm blib\lib\Catalyst\Plugin\Session\Test\Store.pm
cp lib/Catalyst/Plugin/Session/State.pm blib\lib\Catalyst\Plugin\Session\State.pm
cp lib/Catalyst/Plugin/Session.pm blib\lib\Catalyst\Plugin\Session.pm
cp lib/Catalyst/Plugin/Session/Tutorial.pod blib\lib\Catalyst\Plugin\Session\Tutorial.pod
[32m  JJNAPIORK/Catalyst-Plugin-Session-0.40.tar.gz[0m
[32m  C:\Perl64\site\bin\dmake.exe -- OK[0m
[32mRunning make test[0m
C:\Perl64\bin\perl.exe "-MExtUtils::Command::MM" "-MTest::Harness" "-e" "undef *Test::Harness::Switches; test_harness(0, 'inc', 'blib\lib', 'blib\arch')" t/*.t
t/00_basic_sanity.t ........... ok
t/01_setup.t .................. ok
t/03_flash.t .................. ok
t/05_semi_persistent_flash.t .. skipped: Catalyst::Plugin::Session::State::Cookie version 0.03 or higher is required for this test
t/cat_test.t .................. skipped: Need Catalyst::Plugin::Session::State::Cookie
t/live_accessor.t ............. skipped: Catalyst::Plugin::Session::State::Cookie 0.03 or higher is required for this test
t/live_app.t .................. skipped: Catalyst::Plugin::Session::State::Cookie 0.03 or higher is required for this test
t/live_expiry_threshold.t ..... skipped: Catalyst::Plugin::Session::State::Cookie 0.03 or higher is required for this test
t/live_session_fixation.t ..... skipped: Catalyst::Plugin::Session::State::Cookie 0.03 or higher is required for this test
t/live_verify_address.t ....... skipped: Catalyst::Plugin::Session::State::Cookie 0.03 or higher is required for this test
t/live_verify_user_agent.t .... skipped: Catalyst::Plugin::Session::State::Cookie 0.03 or higher is required for this test
t/session_valid.t ............. skipped: Catalyst::Plugin::Session::State::Cookie 0.03 or higher is required for this test
All tests successful.
Files=12, Tests=26,  4 wallclock secs ( 0.05 usr +  0.05 sys =  0.09 CPU)
Result: PASS
[32m  JJNAPIORK/Catalyst-Plugin-Session-0.40.tar.gz[0m
[31mTests succeeded but one dependency not OK (Test::WWW::Mechanize::PSGI)[0m
[31m  JJNAPIORK/Catalyst-Plugin-Session-0.40.tar.gz
  [dependencies] -- NA[0m
[32mRunning make install[0m
[32m  make test had returned bad status, won't install without force[0m
[32mRunning make for M/MS/MSTROUT/Catalyst-Plugin-Session-State-Cookie-0.17.tar.gz[0m
[32m  Has already been unwrapped into directory C:\Perl64\cpan\build\Catalyst-Plugin-Session-State-Cookie-0.17-_7yowT[0m
[32m
  CPAN.pm: Building M/MS/MSTROUT/Catalyst-Plugin-Session-State-Cookie-0.17.tar.gz[0m

[31mWarning: Prerequisite 'Catalyst::Plugin::Session => 0.27' for 'MSTROUT/Catalyst-Plugin-Session-State-Cookie-0.17.tar.gz' failed when processing 'JJNAPIORK/Catalyst-Plugin-Session-0.40.tar.gz' with 'make_test => NO one dependency not OK (Test::WWW::Mechanize::PSGI)'. Continuing, but chances to succeed are limited.[0m
cp lib/Catalyst/Plugin/Session/State/Cookie.pm blib\lib\Catalyst\Plugin\Session\State\Cookie.pm
[32m  MSTROUT/Catalyst-Plugin-Session-State-Cookie-0.17.tar.gz[0m
[32m  C:\Perl64\site\bin\dmake.exe -- OK[0m
[32mRunning make test[0m
C:\Perl64\bin\perl.exe "-MExtUtils::Command::MM" "-MTest::Harness" "-e" "undef *Test::Harness::Switches; test_harness(0, 'inc', 'blib\lib', 'blib\arch')" t/01use.t t/02pod.t t/03podcoverage.t t/basic.t t/live_app.t t/no_new_method.t
t/01use.t .......... ok
t/02pod.t .......... skipped: Test::Pod 1.14 required
t/03podcoverage.t .. skipped: Test::Pod::Coverage 1.04 required
t/basic.t .......... 
Dubious, test returned 2 (wstat 512, 0x200)
Failed 13/13 subtests 
t/live_app.t ....... skipped: This test requires Test::WWW::Mechanize::Catalyst in order to run
t/no_new_method.t .. ok

Test Summary Report
-------------------
t/basic.t        (Wstat: 512 Tests: 0 Failed: 0)
  Non-zero exit status: 2
  Parse errors: Bad plan.  You planned 13 tests but ran 0.
Files=6, Tests=2,  2 wallclock secs ( 0.08 usr +  0.02 sys =  0.09 CPU)
Result: FAIL
[32m  MSTROUT/Catalyst-Plugin-Session-State-Cookie-0.17.tar.gz[0m
[31mone dependency not OK (Catalyst::Plugin::Session); additionally test harness failed[0m
[31m  C:\Perl64\site\bin\dmake.exe test -- NOT OK[0m
[32m//hint// to see the cpan-testers results for installing this module, try:
  reports MSTROUT/Catalyst-Plugin-Session-State-Cookie-0.17.tar.gz[0m
[32mRunning make install[0m
[32m  make test had returned bad status, won't install without force[0m
[32mRunning install for module 'Catalyst::Plugin::Authorization::Roles'[0m
[32mRunning make for B/BO/BOBTFISH/Catalyst-Plugin-Authorization-Roles-0.09.tar.gz[0m
[32mChecksum for C:\Perl64\cpan\sources\authors\id\B\BO\BOBTFISH\Catalyst-Plugin-Authorization-Roles-0.09.tar.gz ok[0m
[32mCatalyst-Plugin-Authorization-Roles-0.09/[0m
[32mCatalyst-Plugin-Authorization-Roles-0.09/Changes[0m
[32mCatalyst-Plugin-Authorization-Roles-0.09/inc/[0m
[32mCatalyst-Plugin-Authorization-Roles-0.09/inc/Module/[0m
[32mCatalyst-Plugin-Authorization-Roles-0.09/inc/Module/Install/[0m
[32mCatalyst-Plugin-Authorization-Roles-0.09/inc/Module/Install/Base.pm[0m
[32mCatalyst-Plugin-Authorization-Roles-0.09/inc/Module/Install/Can.pm[0m
[32mCatalyst-Plugin-Authorization-Roles-0.09/inc/Module/Install/Fetch.pm[0m
[32mCatalyst-Plugin-Authorization-Roles-0.09/inc/Module/Install/Makefile.pm[0m
[32mCatalyst-Plugin-Authorization-Roles-0.09/inc/Module/Install/Metadata.pm[0m
[32mCatalyst-Plugin-Authorization-Roles-0.09/inc/Module/Install/Win32.pm[0m
[32mCatalyst-Plugin-Authorization-Roles-0.09/inc/Module/Install/WriteAll.pm[0m
[32mCatalyst-Plugin-Authorization-Roles-0.09/inc/Module/Install.pm[0m
[32mCatalyst-Plugin-Authorization-Roles-0.09/lib/[0m
[32mCatalyst-Plugin-Authorization-Roles-0.09/lib/Catalyst/[0m
[32mCatalyst-Plugin-Authorization-Roles-0.09/lib/Catalyst/Plugin/[0m
[32mCatalyst-Plugin-Authorization-Roles-0.09/lib/Catalyst/Plugin/Authorization/[0m
[32mCatalyst-Plugin-Authorization-Roles-0.09/lib/Catalyst/Plugin/Authorization/Roles.pm[0m
[32mCatalyst-Plugin-Authorization-Roles-0.09/Makefile.PL[0m
[32mCatalyst-Plugin-Authorization-Roles-0.09/MANIFEST[0m
[32mCatalyst-Plugin-Authorization-Roles-0.09/META.yml[0m
[32mCatalyst-Plugin-Authorization-Roles-0.09/README[0m
[32mCatalyst-Plugin-Authorization-Roles-0.09/t/[0m
[32mCatalyst-Plugin-Authorization-Roles-0.09/t/01use.t[0m
[32mCatalyst-Plugin-Authorization-Roles-0.09/t/02pod.t[0m
[32mCatalyst-Plugin-Authorization-Roles-0.09/t/03podcoverage.t[0m
[32mCatalyst-Plugin-Authorization-Roles-0.09/t/basic.t[0m
[32mCatalyst-Plugin-Authorization-Roles-0.09/t/hash_user.t[0m
[32m
  CPAN.pm: Building B/BO/BOBTFISH/Catalyst-Plugin-Authorization-Roles-0.09.tar.gz[0m

Checking if your kit is complete...
Looks good
Generating a dmake-style Makefile
Writing Makefile for Catalyst::Plugin::Authorization::Roles
Writing MYMETA.yml and MYMETA.json
[32m----         Unsatisfied dependencies detected during         ----
---- BOBTFISH/Catalyst-Plugin-Authorization-Roles-0.09.tar.gz ----
    Catalyst::Plugin::Authentication [requires][0m
[32mRunning make test[0m
[32m  Delayed until after prerequisites[0m
[32mRunning make install[0m
[32m  Delayed until after prerequisites[0m
[32mRunning install for module 'Catalyst::Plugin::Authentication'[0m
[32mRunning make for B/BO/BOBTFISH/Catalyst-Plugin-Authentication-0.10023.tar.gz[0m
[32mChecksum for C:\Perl64\cpan\sources\authors\id\B\BO\BOBTFISH\Catalyst-Plugin-Authentication-0.10023.tar.gz ok[0m
[32mCatalyst-Plugin-Authentication-0.10023/[0m
[32mCatalyst-Plugin-Authentication-0.10023/.gitignore[0m
[32mCatalyst-Plugin-Authentication-0.10023/Changes[0m
[32mCatalyst-Plugin-Authentication-0.10023/inc/[0m
[32mCatalyst-Plugin-Authentication-0.10023/lib/[0m
[32mCatalyst-Plugin-Authentication-0.10023/Makefile.PL[0m
[32mCatalyst-Plugin-Authentication-0.10023/MANIFEST[0m
[32mCatalyst-Plugin-Authentication-0.10023/META.yml[0m
[32mCatalyst-Plugin-Authentication-0.10023/README[0m
[32mCatalyst-Plugin-Authentication-0.10023/t/[0m
[32mCatalyst-Plugin-Authentication-0.10023/t/04_authentication.t[0m
[32mCatalyst-Plugin-Authentication-0.10023/t/05_password.t[0m
[32mCatalyst-Plugin-Authentication-0.10023/t/06_user.t[0m
[32mCatalyst-Plugin-Authentication-0.10023/t/author/[0m
[32mCatalyst-Plugin-Authentication-0.10023/t/lib/[0m
[32mCatalyst-Plugin-Authentication-0.10023/t/live_app.t[0m
[32mCatalyst-Plugin-Authentication-0.10023/t/live_app_realms.t[0m
[32mCatalyst-Plugin-Authentication-0.10023/t/live_app_realms_compat.t[0m
[32mCatalyst-Plugin-Authentication-0.10023/t/live_app_realms_progressive.t[0m
[32mCatalyst-Plugin-Authentication-0.10023/t/live_app_remote1.t[0m
[32mCatalyst-Plugin-Authentication-0.10023/t/live_app_remote2.t[0m
[32mCatalyst-Plugin-Authentication-0.10023/t/live_app_session.t[0m
[32mCatalyst-Plugin-Authentication-0.10023/t/store_nopassord.t[0m
[32mCatalyst-Plugin-Authentication-0.10023/t/lib/AuthRealmTestApp/[0m
[32mCatalyst-Plugin-Authentication-0.10023/t/lib/AuthRealmTestApp.pm[0m
[32mCatalyst-Plugin-Authentication-0.10023/t/lib/AuthRealmTestAppCompat/[0m
[32mCatalyst-Plugin-Authentication-0.10023/t/lib/AuthRealmTestAppCompat.pm[0m
[32mCatalyst-Plugin-Authentication-0.10023/t/lib/AuthRealmTestAppProgressive/[0m
[32mCatalyst-Plugin-Authentication-0.10023/t/lib/AuthRealmTestAppProgressive.pm[0m
[32mCatalyst-Plugin-Authentication-0.10023/t/lib/AuthSessionTestApp/[0m
[32mCatalyst-Plugin-Authentication-0.10023/t/lib/AuthSessionTestApp.pm[0m
[32mCatalyst-Plugin-Authentication-0.10023/t/lib/AuthTestApp/[0m
[32mCatalyst-Plugin-Authentication-0.10023/t/lib/AuthTestApp.pm[0m
[32mCatalyst-Plugin-Authentication-0.10023/t/lib/RemoteTestApp1/[0m
[32mCatalyst-Plugin-Authentication-0.10023/t/lib/RemoteTestApp1.pm[0m
[32mCatalyst-Plugin-Authentication-0.10023/t/lib/RemoteTestApp2/[0m
[32mCatalyst-Plugin-Authentication-0.10023/t/lib/RemoteTestApp2.pm[0m
[32mCatalyst-Plugin-Authentication-0.10023/t/lib/RemoteTestEngine.pm[0m
[32mCatalyst-Plugin-Authentication-0.10023/t/lib/RemoteTestEngineRole.pm[0m
[32mCatalyst-Plugin-Authentication-0.10023/t/lib/RemoteTestApp2/Controller/[0m
[32mCatalyst-Plugin-Authentication-0.10023/t/lib/RemoteTestApp2/Controller/Root.pm[0m
[32mCatalyst-Plugin-Authentication-0.10023/t/lib/RemoteTestApp1/Controller/[0m
[32mCatalyst-Plugin-Authentication-0.10023/t/lib/RemoteTestApp1/Controller/Root.pm[0m
[32mCatalyst-Plugin-Authentication-0.10023/t/lib/AuthTestApp/Controller/[0m
[32mCatalyst-Plugin-Authentication-0.10023/t/lib/AuthTestApp/Controller/Root.pm[0m
[32mCatalyst-Plugin-Authentication-0.10023/t/lib/AuthSessionTestApp/Controller/[0m
[32mCatalyst-Plugin-Authentication-0.10023/t/lib/AuthSessionTestApp/Controller/Root.pm[0m
[32mCatalyst-Plugin-Authentication-0.10023/t/lib/AuthRealmTestAppProgressive/Controller/[0m
[32mCatalyst-Plugin-Authentication-0.10023/t/lib/AuthRealmTestAppProgressive/Controller/Root.pm[0m
[32mCatalyst-Plugin-Authentication-0.10023/t/lib/AuthRealmTestAppCompat/Controller/[0m
[32mCatalyst-Plugin-Authentication-0.10023/t/lib/AuthRealmTestAppCompat/Controller/Root.pm[0m
[32mCatalyst-Plugin-Authentication-0.10023/t/lib/AuthRealmTestApp/Controller/[0m
[32mCatalyst-Plugin-Authentication-0.10023/t/lib/AuthRealmTestApp/Controller/Root.pm[0m
[32mCatalyst-Plugin-Authentication-0.10023/t/author/eol.t[0m
[32mCatalyst-Plugin-Authentication-0.10023/t/author/notabs.t[0m
[32mCatalyst-Plugin-Authentication-0.10023/t/author/pod.t[0m
[32mCatalyst-Plugin-Authentication-0.10023/t/author/pod_coverage.t[0m
[32mCatalyst-Plugin-Authentication-0.10023/lib/Catalyst/[0m
[32mCatalyst-Plugin-Authentication-0.10023/lib/Catalyst/Authentication/[0m
[32mCatalyst-Plugin-Authentication-0.10023/lib/Catalyst/Plugin/[0m
[32mCatalyst-Plugin-Authentication-0.10023/lib/Catalyst/Plugin/Authentication/[0m
[32mCatalyst-Plugin-Authentication-0.10023/lib/Catalyst/Plugin/Authentication.pm[0m
[32mCatalyst-Plugin-Authentication-0.10023/lib/Catalyst/Plugin/Authentication/Credential/[0m
[32mCatalyst-Plugin-Authentication-0.10023/lib/Catalyst/Plugin/Authentication/Internals.pod[0m
[32mCatalyst-Plugin-Authentication-0.10023/lib/Catalyst/Plugin/Authentication/Store/[0m
[32mCatalyst-Plugin-Authentication-0.10023/lib/Catalyst/Plugin/Authentication/User/[0m
[32mCatalyst-Plugin-Authentication-0.10023/lib/Catalyst/Plugin/Authentication/User.pm[0m
[32mCatalyst-Plugin-Authentication-0.10023/lib/Catalyst/Plugin/Authentication/User/Hash.pm[0m
[32mCatalyst-Plugin-Authentication-0.10023/lib/Catalyst/Plugin/Authentication/Store/Minimal.pm[0m
[32mCatalyst-Plugin-Authentication-0.10023/lib/Catalyst/Plugin/Authentication/Credential/Password.pm[0m
[32mCatalyst-Plugin-Authentication-0.10023/lib/Catalyst/Authentication/Credential/[0m
[32mCatalyst-Plugin-Authentication-0.10023/lib/Catalyst/Authentication/Realm/[0m
[32mCatalyst-Plugin-Authentication-0.10023/lib/Catalyst/Authentication/Realm.pm[0m
[32mCatalyst-Plugin-Authentication-0.10023/lib/Catalyst/Authentication/Store/[0m
[32mCatalyst-Plugin-Authentication-0.10023/lib/Catalyst/Authentication/Store.pod[0m
[32mCatalyst-Plugin-Authentication-0.10023/lib/Catalyst/Authentication/User/[0m
[32mCatalyst-Plugin-Authentication-0.10023/lib/Catalyst/Authentication/User.pm[0m
[32mCatalyst-Plugin-Authentication-0.10023/lib/Catalyst/Authentication/User/Hash.pm[0m
[32mCatalyst-Plugin-Authentication-0.10023/lib/Catalyst/Authentication/Store/Minimal.pm[0m
[32mCatalyst-Plugin-Authentication-0.10023/lib/Catalyst/Authentication/Store/Null.pm[0m
[32mCatalyst-Plugin-Authentication-0.10023/lib/Catalyst/Authentication/Realm/Compatibility.pm[0m
[32mCatalyst-Plugin-Authentication-0.10023/lib/Catalyst/Authentication/Realm/Progressive.pm[0m
[32mCatalyst-Plugin-Authentication-0.10023/lib/Catalyst/Authentication/Credential/NoPassword.pm[0m
[32mCatalyst-Plugin-Authentication-0.10023/lib/Catalyst/Authentication/Credential/Password.pm[0m
[32mCatalyst-Plugin-Authentication-0.10023/lib/Catalyst/Authentication/Credential/Remote.pm[0m
[32mCatalyst-Plugin-Authentication-0.10023/inc/Module/[0m
[32mCatalyst-Plugin-Authentication-0.10023/inc/Module/AutoInstall.pm[0m
[32mCatalyst-Plugin-Authentication-0.10023/inc/Module/Install/[0m
[32mCatalyst-Plugin-Authentication-0.10023/inc/Module/Install.pm[0m
[32mCatalyst-Plugin-Authentication-0.10023/inc/Module/Install/Authority.pm[0m
[32mCatalyst-Plugin-Authentication-0.10023/inc/Module/Install/AuthorRequires.pm[0m
[32mCatalyst-Plugin-Authentication-0.10023/inc/Module/Install/AuthorTests.pm[0m
[32mCatalyst-Plugin-Authentication-0.10023/inc/Module/Install/AutoInstall.pm[0m
[32mCatalyst-Plugin-Authentication-0.10023/inc/Module/Install/Base.pm[0m
[32mCatalyst-Plugin-Authentication-0.10023/inc/Module/Install/Can.pm[0m
[32mCatalyst-Plugin-Authentication-0.10023/inc/Module/Install/Fetch.pm[0m
[32mCatalyst-Plugin-Authentication-0.10023/inc/Module/Install/Include.pm[0m
[32mCatalyst-Plugin-Authentication-0.10023/inc/Module/Install/Makefile.pm[0m
[32mCatalyst-Plugin-Authentication-0.10023/inc/Module/Install/Metadata.pm[0m
[32mCatalyst-Plugin-Authentication-0.10023/inc/Module/Install/Win32.pm[0m
[32mCatalyst-Plugin-Authentication-0.10023/inc/Module/Install/WriteAll.pm[0m
[32m
  CPAN.pm: Building B/BO/BOBTFISH/Catalyst-Plugin-Authentication-0.10023.tar.gz[0m

*** Module::AutoInstall version 1.06
*** Checking for Perl dependencies...
*** Since we're running under CPAN, I'll just let it take care
    of the dependency's installation later.
[Core Features]
- Test::More                             ...loaded. (1.001014 >= 0.88)
- Test::Exception                        ...loaded. (0.32)
- Class::MOP                             ...loaded. (2.1403)
- Moose                                  ...loaded. (2.1403)
- Catalyst::Runtime                      ...loaded. (5.90020)
- Class::Inspector                       ...loaded. (1.28)
- MRO::Compat                            ...loaded. (0.12)
- Catalyst::Plugin::Session              ...missing. (would need 0.10)
- Moose                                  ...loaded. (2.1403)
- MooseX::Emulate::Class::Accessor::Fast ...loaded. (0.00903)
- namespace::autoclean                   ...loaded. (0.24)
- String::RewritePrefix                  ...loaded. (0.007)
- Try::Tiny                              ...loaded. (0.18)
*** Module::AutoInstall configuration finished.
Checking if your kit is complete...
Looks good
Generating a dmake-style Makefile
Writing Makefile for Catalyst::Plugin::Authentication
Writing MYMETA.yml and MYMETA.json
[32m----        Unsatisfied dependencies detected during        ----
---- BOBTFISH/Catalyst-Plugin-Authentication-0.10023.tar.gz ----
    Catalyst::Plugin::Session [requires][0m
[32mRunning make test[0m
[32m  Delayed until after prerequisites[0m
[32mRunning make install[0m
[32m  Delayed until after prerequisites[0m
[32mRunning install for module 'Catalyst::Plugin::Session'[0m
[32mRunning make for J/JJ/JJNAPIORK/Catalyst-Plugin-Session-0.40.tar.gz[0m
[32m  Has already been unwrapped into directory C:\Perl64\cpan\build\Catalyst-Plugin-Session-0.40-qseV_d[0m
[31mWarning: Prerequisite 'Test::WWW::Mechanize::PSGI => 0' for 'JJNAPIORK/Catalyst-Plugin-Session-0.40.tar.gz' failed when processing 'LBROCARD/Test-WWW-Mechanize-PSGI-0.35.tar.gz' with 'make_test => NO one dependency not OK (Test::WWW::Mechanize); additionally test harness failed'. Continuing, but chances to succeed are limited.[0m
[32m  Has already been made[0m
[32mRunning make test[0m
[32m  Has already been tested within this command[0m
[32mRunning make install[0m
[32m  make test had returned bad status, won't install without force[0m
[32mRunning make for B/BO/BOBTFISH/Catalyst-Plugin-Authentication-0.10023.tar.gz[0m
[32m  Has already been unwrapped into directory C:\Perl64\cpan\build\Catalyst-Plugin-Authentication-0.10023-MGcRnd[0m
[32m
  CPAN.pm: Building B/BO/BOBTFISH/Catalyst-Plugin-Authentication-0.10023.tar.gz[0m

[31mWarning: Prerequisite 'Catalyst::Plugin::Session => 0.10' for 'BOBTFISH/Catalyst-Plugin-Authentication-0.10023.tar.gz' failed when processing 'JJNAPIORK/Catalyst-Plugin-Session-0.40.tar.gz' with 'make_test => NO one dependency not OK (Test::WWW::Mechanize::PSGI)'. Continuing, but chances to succeed are limited.[0m
cp lib/Catalyst/Authentication/Realm/Progressive.pm blib\lib\Catalyst\Authentication\Realm\Progressive.pm
cp lib/Catalyst/Authentication/User.pm blib\lib\Catalyst\Authentication\User.pm
cp lib/Catalyst/Authentication/Store/Minimal.pm blib\lib\Catalyst\Authentication\Store\Minimal.pm
cp lib/Catalyst/Authentication/Store/Null.pm blib\lib\Catalyst\Authentication\Store\Null.pm
cp lib/Catalyst/Authentication/Credential/Password.pm blib\lib\Catalyst\Authentication\Credential\Password.pm
cp lib/Catalyst/Authentication/Credential/NoPassword.pm blib\lib\Catalyst\Authentication\Credential\NoPassword.pm
cp lib/Catalyst/Plugin/Authentication.pm blib\lib\Catalyst\Plugin\Authentication.pm
cp lib/Catalyst/Authentication/Realm/Compatibility.pm blib\lib\Catalyst\Authentication\Realm\Compatibility.pm
cp lib/Catalyst/Authentication/User/Hash.pm blib\lib\Catalyst\Authentication\User\Hash.pm
cp lib/Catalyst/Authentication/Realm.pm blib\lib\Catalyst\Authentication\Realm.pm
cp lib/Catalyst/Authentication/Credential/Remote.pm blib\lib\Catalyst\Authentication\Credential\Remote.pm
cp lib/Catalyst/Plugin/Authentication/Credential/Password.pm blib\lib\Catalyst\Plugin\Authentication\Credential\Password.pm
cp lib/Catalyst/Authentication/Store.pod blib\lib\Catalyst\Authentication\Store.pod
cp lib/Catalyst/Plugin/Authentication/Internals.pod blib\lib\Catalyst\Plugin\Authentication\Internals.pod
cp lib/Catalyst/Plugin/Authentication/User/Hash.pm blib\lib\Catalyst\Plugin\Authentication\User\Hash.pm
cp lib/Catalyst/Plugin/Authentication/Store/Minimal.pm blib\lib\Catalyst\Plugin\Authentication\Store\Minimal.pm
cp lib/Catalyst/Plugin/Authentication/User.pm blib\lib\Catalyst\Plugin\Authentication\User.pm
[32m  BOBTFISH/Catalyst-Plugin-Authentication-0.10023.tar.gz[0m
[32m  C:\Perl64\site\bin\dmake.exe -- OK[0m
[32mRunning make test[0m
C:\Perl64\bin\perl.exe "-MExtUtils::Command::MM" "-MTest::Harness" "-e" "undef *Test::Harness::Switches; test_harness(0, 'inc', 'blib\lib', 'blib\arch')" t/04_authentication.t t/05_password.t t/06_user.t t/live_app.t t/live_app_realms.t t/live_app_realms_compat.t t/live_app_realms_progressive.t t/live_app_remote1.t t/live_app_remote2.t t/live_app_session.t t/store_nopassord.t
t/04_authentication.t ............ ok
t/05_password.t .................. ok
t/06_user.t ...................... ok
t/live_app.t ..................... ok
t/live_app_realms.t .............. ok
t/live_app_realms_compat.t ....... ok
t/live_app_realms_progressive.t .. ok
t/live_app_remote1.t ............. ok
t/live_app_remote2.t ............. ok
t/live_app_session.t ............. skipped: This test needs Test::WWW::Mechanize::Catalyst, Catalyst::Plugin::Session and Catalyst::Plugin::Session::State::Cookie installed
t/store_nopassord.t .............. ok
All tests successful.
Files=11, Tests=87, 16 wallclock secs ( 0.06 usr +  0.05 sys =  0.11 CPU)
Result: PASS
[32m  BOBTFISH/Catalyst-Plugin-Authentication-0.10023.tar.gz[0m
[31mTests succeeded but one dependency not OK (Catalyst::Plugin::Session)[0m
[31m  BOBTFISH/Catalyst-Plugin-Authentication-0.10023.tar.gz
  [dependencies] -- NA[0m
[32mRunning make install[0m
[32m  make test had returned bad status, won't install without force[0m
[32mRunning make for B/BO/BOBTFISH/Catalyst-Plugin-Authorization-Roles-0.09.tar.gz[0m
[32m  Has already been unwrapped into directory C:\Perl64\cpan\build\Catalyst-Plugin-Authorization-Roles-0.09-vlK9Px[0m
[32m
  CPAN.pm: Building B/BO/BOBTFISH/Catalyst-Plugin-Authorization-Roles-0.09.tar.gz[0m

[31mWarning: Prerequisite 'Catalyst::Plugin::Authentication => 0.10003' for 'BOBTFISH/Catalyst-Plugin-Authorization-Roles-0.09.tar.gz' failed when processing 'BOBTFISH/Catalyst-Plugin-Authentication-0.10023.tar.gz' with 'make_test => NO one dependency not OK (Catalyst::Plugin::Session)'. Continuing, but chances to succeed are limited.[0m
cp lib/Catalyst/Plugin/Authorization/Roles.pm blib\lib\Catalyst\Plugin\Authorization\Roles.pm
[32m  BOBTFISH/Catalyst-Plugin-Authorization-Roles-0.09.tar.gz[0m
[32m  C:\Perl64\site\bin\dmake.exe -- OK[0m
[32mRunning make test[0m
C:\Perl64\bin\perl.exe "-MExtUtils::Command::MM" "-MTest::Harness" "-e" "undef *Test::Harness::Switches; test_harness(0, 'inc', 'blib\lib', 'blib\arch')" t/*.t
t/01use.t .......... ok
t/02pod.t .......... skipped: Test::Pod 1.14 required
t/03podcoverage.t .. skipped: Test::Pod::Coverage 1.04 required
t/basic.t .......... 
Dubious, test returned 2 (wstat 512, 0x200)
Failed 21/21 subtests 
t/hash_user.t ...... 
Dubious, test returned 2 (wstat 512, 0x200)
Failed 21/21 subtests 

Test Summary Report
-------------------
t/basic.t        (Wstat: 512 Tests: 0 Failed: 0)
  Non-zero exit status: 2
  Parse errors: Bad plan.  You planned 21 tests but ran 0.
t/hash_user.t    (Wstat: 512 Tests: 0 Failed: 0)
  Non-zero exit status: 2
  Parse errors: Bad plan.  You planned 21 tests but ran 0.
Files=5, Tests=1,  2 wallclock secs ( 0.08 usr +  0.03 sys =  0.11 CPU)
Result: FAIL
[32m  BOBTFISH/Catalyst-Plugin-Authorization-Roles-0.09.tar.gz[0m
[31mone dependency not OK (Catalyst::Plugin::Authentication); additionally test harness failed[0m
[31m  C:\Perl64\site\bin\dmake.exe test -- NOT OK[0m
[32m//hint// to see the cpan-testers results for installing this module, try:
  reports BOBTFISH/Catalyst-Plugin-Authorization-Roles-0.09.tar.gz[0m
[32mRunning make install[0m
[32m  make test had returned bad status, won't install without force[0m
[32mRunning install for module 'Test::WWW::Mechanize::Catalyst'[0m
[32mRunning make for J/JJ/JJNAPIORK/Test-WWW-Mechanize-Catalyst-0.60.tar.gz[0m
[32mChecksum for C:\Perl64\cpan\sources\authors\id\J\JJ\JJNAPIORK\Test-WWW-Mechanize-Catalyst-0.60.tar.gz ok[0m
[32mTest-WWW-Mechanize-Catalyst-0.60/[0m
[32mTest-WWW-Mechanize-Catalyst-0.60/CHANGES[0m
[32mTest-WWW-Mechanize-Catalyst-0.60/inc/[0m
[32mTest-WWW-Mechanize-Catalyst-0.60/lib/[0m
[32mTest-WWW-Mechanize-Catalyst-0.60/Makefile.PL[0m
[32mTest-WWW-Mechanize-Catalyst-0.60/MANIFEST[0m
[32mTest-WWW-Mechanize-Catalyst-0.60/META.yml[0m
[32mTest-WWW-Mechanize-Catalyst-0.60/README[0m
[32mTest-WWW-Mechanize-Catalyst-0.60/t/[0m
[32mTest-WWW-Mechanize-Catalyst-0.60/t/auth-test.t[0m
[32mTest-WWW-Mechanize-Catalyst-0.60/t/cookies.t[0m
[32mTest-WWW-Mechanize-Catalyst-0.60/t/decoded_content.t[0m
[32mTest-WWW-Mechanize-Catalyst-0.60/t/lib/[0m
[32mTest-WWW-Mechanize-Catalyst-0.60/t/multi_content_type.t[0m
[32mTest-WWW-Mechanize-Catalyst-0.60/t/pod.t[0m
[32mTest-WWW-Mechanize-Catalyst-0.60/t/redirect.t[0m
[32mTest-WWW-Mechanize-Catalyst-0.60/t/simple.t[0m
[32mTest-WWW-Mechanize-Catalyst-0.60/t/two_app.t[0m
[32mTest-WWW-Mechanize-Catalyst-0.60/t/useragent.t[0m
[32mTest-WWW-Mechanize-Catalyst-0.60/t/utf8.t[0m
[32mTest-WWW-Mechanize-Catalyst-0.60/t/white_label.t[0m
[32mTest-WWW-Mechanize-Catalyst-0.60/t/lib/Catty/[0m
[32mTest-WWW-Mechanize-Catalyst-0.60/t/lib/Catty.pm[0m
[32mTest-WWW-Mechanize-Catalyst-0.60/t/lib/CattySession/[0m
[32mTest-WWW-Mechanize-Catalyst-0.60/t/lib/CattySession.pm[0m
[32mTest-WWW-Mechanize-Catalyst-0.60/t/lib/ExternalCatty/[0m
[32mTest-WWW-Mechanize-Catalyst-0.60/t/lib/ExternalCatty.pm[0m
[32mTest-WWW-Mechanize-Catalyst-0.60/t/lib/ExternalCatty/Controller/[0m
[32mTest-WWW-Mechanize-Catalyst-0.60/t/lib/ExternalCatty/Controller/Root.pm[0m
[32mTest-WWW-Mechanize-Catalyst-0.60/t/lib/CattySession/Controller/[0m
[32mTest-WWW-Mechanize-Catalyst-0.60/t/lib/CattySession/Controller/Root.pm[0m
[32mTest-WWW-Mechanize-Catalyst-0.60/t/lib/Catty/Controller/[0m
[32mTest-WWW-Mechanize-Catalyst-0.60/t/lib/Catty/Controller/Root.pm[0m
[32mTest-WWW-Mechanize-Catalyst-0.60/lib/Test/[0m
[32mTest-WWW-Mechanize-Catalyst-0.60/lib/Test/WWW/[0m
[32mTest-WWW-Mechanize-Catalyst-0.60/lib/Test/WWW/Mechanize/[0m
[32mTest-WWW-Mechanize-Catalyst-0.60/lib/Test/WWW/Mechanize/Catalyst.pm[0m
[32mTest-WWW-Mechanize-Catalyst-0.60/inc/Module/[0m
[32mTest-WWW-Mechanize-Catalyst-0.60/inc/Module/Install/[0m
[32mTest-WWW-Mechanize-Catalyst-0.60/inc/Module/Install.pm[0m
[32mTest-WWW-Mechanize-Catalyst-0.60/inc/Module/Install/Base.pm[0m
[32mTest-WWW-Mechanize-Catalyst-0.60/inc/Module/Install/Can.pm[0m
[32mTest-WWW-Mechanize-Catalyst-0.60/inc/Module/Install/Fetch.pm[0m
[32mTest-WWW-Mechanize-Catalyst-0.60/inc/Module/Install/Makefile.pm[0m
[32mTest-WWW-Mechanize-Catalyst-0.60/inc/Module/Install/Metadata.pm[0m
[32mTest-WWW-Mechanize-Catalyst-0.60/inc/Module/Install/Win32.pm[0m
[32mTest-WWW-Mechanize-Catalyst-0.60/inc/Module/Install/WriteAll.pm[0m
[32m
  CPAN.pm: Building J/JJ/JJNAPIORK/Test-WWW-Mechanize-Catalyst-0.60.tar.gz[0m

Checking if your kit is complete...
Looks good
Generating a dmake-style Makefile
Writing Makefile for Test::WWW::Mechanize::Catalyst
Writing MYMETA.yml and MYMETA.json
[32m----      Unsatisfied dependencies detected during     ----
---- JJNAPIORK/Test-WWW-Mechanize-Catalyst-0.60.tar.gz ----
    Catalyst::Plugin::Session::State::Cookie [requires]
    Catalyst::Plugin::Session::Store::Dummy [build_requires]
    Test::WWW::Mechanize [requires][0m
[32mRunning make test[0m
[32m  Delayed until after prerequisites[0m
[32mRunning make install[0m
[32m  Delayed until after prerequisites[0m
[32mRunning install for module 'Catalyst::Plugin::Session::State::Cookie'[0m
[32mRunning make install[0m
[32m  make test had returned bad status, won't install without force[0m
[32mRunning install for module 'Catalyst::Plugin::Session::Store::Dummy'[0m
[32mRunning make for J/JJ/JJNAPIORK/Catalyst-Plugin-Session-0.40.tar.gz[0m
[32m  Has already been unwrapped into directory C:\Perl64\cpan\build\Catalyst-Plugin-Session-0.40-qseV_d[0m
[31mWarning: Prerequisite 'Test::WWW::Mechanize::PSGI => 0' for 'JJNAPIORK/Catalyst-Plugin-Session-0.40.tar.gz' failed when processing 'LBROCARD/Test-WWW-Mechanize-PSGI-0.35.tar.gz' with 'make_test => NO one dependency not OK (Test::WWW::Mechanize); additionally test harness failed'. Continuing, but chances to succeed are limited.[0m
[32m  Has already been made[0m
[32mRunning make test[0m
[32m  Has already been tested within this command[0m
[32mRunning make install[0m
[32m  make test had returned bad status, won't install without force[0m
[32mRunning install for module 'Test::WWW::Mechanize'[0m
[32mRunning make install[0m
[32m  make test had returned bad status, won't install without force[0m
[32mRunning make for J/JJ/JJNAPIORK/Test-WWW-Mechanize-Catalyst-0.60.tar.gz[0m
[32m  Has already been unwrapped into directory C:\Perl64\cpan\build\Test-WWW-Mechanize-Catalyst-0.60-2zFpIX[0m
[32m
  CPAN.pm: Building J/JJ/JJNAPIORK/Test-WWW-Mechanize-Catalyst-0.60.tar.gz[0m

[31mWarning: Prerequisite 'Catalyst::Plugin::Session::State::Cookie => 0' for 'JJNAPIORK/Test-WWW-Mechanize-Catalyst-0.60.tar.gz' failed when processing 'MSTROUT/Catalyst-Plugin-Session-State-Cookie-0.17.tar.gz' with 'make_test => NO one dependency not OK (Catalyst::Plugin::Session); additionally test harness failed'. Continuing, but chances to succeed are limited.[0m
[31mWarning: Prerequisite 'Catalyst::Plugin::Session::Store::Dummy => 0' for 'J/JJ/JJNAPIORK/Test-WWW-Mechanize-Catalyst-0.60.tar.gz' seems not available according to the indices[0m
[31mWarning: Prerequisite 'Test::WWW::Mechanize => 1.14' for 'JJNAPIORK/Test-WWW-Mechanize-Catalyst-0.60.tar.gz' failed when processing 'PETDANCE/Test-WWW-Mechanize-1.44.tar.gz' with 'make_test => NO 2 dependencies missing (HTTP::Server::Simple,HTTP::Server::Simple::CGI); additionally test harness failed'. Continuing, but chances to succeed are limited.[0m
cp lib/Test/WWW/Mechanize/Catalyst.pm blib\lib\Test\WWW\Mechanize\Catalyst.pm
[32m  JJNAPIORK/Test-WWW-Mechanize-Catalyst-0.60.tar.gz[0m
[32m  C:\Perl64\site\bin\dmake.exe -- OK[0m
[32mRunning make test[0m
C:\Perl64\bin\perl.exe "-MExtUtils::Command::MM" "-MTest::Harness" "-e" "undef *Test::Harness::Switches; test_harness(0, 'inc', 'blib\lib', 'blib\arch')" t/*.t
t/auth-test.t ........... 
Dubious, test returned 2 (wstat 512, 0x200)
Failed 5/5 subtests 
t/cookies.t ............. skipped: Need Catalyst::Plugin::Session to run this test
t/decoded_content.t ..... 
Dubious, test returned 2 (wstat 512, 0x200)
Failed 2/2 subtests 
t/multi_content_type.t .. 
Dubious, test returned 2 (wstat 512, 0x200)
No subtests run 
t/pod.t ................. skipped: Test::Pod 1.14 required for testing POD: Can't locate Test/Pod.pm in @INC (@INC contains: C:\Perl64\cpan\build\Test-WWW-Mechanize-Catalyst-0.60-2zFpIX\inc C:\Perl64\cpan\build\Test-WWW-Mechanize-Catalyst-0.60-2zFpIX\blib\lib C:\Perl64\cpan\build\Test-WWW-Mechanize-Catalyst-0.60-2zFpIX\blib\arch C:/Perl64/site/lib C:/Perl64/lib .) at (eval 4) line 2.
t/redirect.t ............ 
Dubious, test returned 2 (wstat 512, 0x200)
No subtests run 
t/simple.t .............. 
Dubious, test returned 2 (wstat 512, 0x200)
Failed 37/37 subtests 
t/two_app.t ............. skipped: Need Catalyst::Plugin::Session to run this test
t/useragent.t ........... 
Dubious, test returned 2 (wstat 512, 0x200)
Failed 2/2 subtests 
t/utf8.t ................ 
Dubious, test returned 2 (wstat 512, 0x200)
No subtests run 
t/white_label.t ......... 
Dubious, test returned 2 (wstat 512, 0x200)
Failed 4/4 subtests 

Test Summary Report
-------------------
t/auth-test.t         (Wstat: 512 Tests: 0 Failed: 0)
  Non-zero exit status: 2
  Parse errors: Bad plan.  You planned 5 tests but ran 0.
t/decoded_content.t   (Wstat: 512 Tests: 0 Failed: 0)
  Non-zero exit status: 2
  Parse errors: Bad plan.  You planned 2 tests but ran 0.
t/multi_content_type.t (Wstat: 512 Tests: 0 Failed: 0)
  Non-zero exit status: 2
  Parse errors: No plan found in TAP output
t/redirect.t          (Wstat: 512 Tests: 0 Failed: 0)
  Non-zero exit status: 2
  Parse errors: No plan found in TAP output
t/simple.t            (Wstat: 512 Tests: 0 Failed: 0)
  Non-zero exit status: 2
  Parse errors: Bad plan.  You planned 37 tests but ran 0.
t/useragent.t         (Wstat: 512 Tests: 0 Failed: 0)
  Non-zero exit status: 2
  Parse errors: Bad plan.  You planned 2 tests but ran 0.
t/utf8.t              (Wstat: 512 Tests: 0 Failed: 0)
  Non-zero exit status: 2
  Parse errors: No plan found in TAP output
t/white_label.t       (Wstat: 512 Tests: 0 Failed: 0)
  Non-zero exit status: 2
  Parse errors: Bad plan.  You planned 4 tests but ran 0.
Files=11, Tests=0,  8 wallclock secs ( 0.09 usr +  0.05 sys =  0.14 CPU)
Result: FAIL
[32m  JJNAPIORK/Test-WWW-Mechanize-Catalyst-0.60.tar.gz[0m
[31m3 dependencies missing (Catalyst::Plugin::Session::State::Cookie,Catalyst::Plugin::Session::Store::Dummy,Test::WWW::Mechanize); additionally test harness failed[0m
[31m  C:\Perl64\site\bin\dmake.exe test -- NOT OK[0m
[32m//hint// to see the cpan-testers results for installing this module, try:
  reports JJNAPIORK/Test-WWW-Mechanize-Catalyst-0.60.tar.gz[0m
[32mRunning make install[0m
[32m  make test had returned bad status, won't install without force[0m
[32mRunning install for module 'Catalyst::Plugin::Session'[0m
[32mRunning make for J/JJ/JJNAPIORK/Catalyst-Plugin-Session-0.40.tar.gz[0m
[32m  Has already been unwrapped into directory C:\Perl64\cpan\build\Catalyst-Plugin-Session-0.40-qseV_d[0m
[31mWarning: Prerequisite 'Test::WWW::Mechanize::PSGI => 0' for 'JJNAPIORK/Catalyst-Plugin-Session-0.40.tar.gz' failed when processing 'LBROCARD/Test-WWW-Mechanize-PSGI-0.35.tar.gz' with 'make_test => NO one dependency not OK (Test::WWW::Mechanize); additionally test harness failed'. Continuing, but chances to succeed are limited.[0m
[32m  Has already been made[0m
[32mRunning make test[0m
[32m  Has already been tested within this command[0m
[32mRunning make install[0m
[32m  make test had returned bad status, won't install without force[0m
[32mRunning install for module 'Catalyst::Plugin::Authentication'[0m
[32mRunning make for B/BO/BOBTFISH/Catalyst-Plugin-Authentication-0.10023.tar.gz[0m
[32m  Has already been unwrapped into directory C:\Perl64\cpan\build\Catalyst-Plugin-Authentication-0.10023-MGcRnd[0m
[31mWarning: Prerequisite 'Catalyst::Plugin::Session => 0.10' for 'BOBTFISH/Catalyst-Plugin-Authentication-0.10023.tar.gz' failed when processing 'JJNAPIORK/Catalyst-Plugin-Session-0.40.tar.gz' with 'make_test => NO one dependency not OK (Test::WWW::Mechanize::PSGI)'. Continuing, but chances to succeed are limited.[0m
[32m  Has already been made[0m
[32mRunning make test[0m
[32m  Has already been tested within this command[0m
[32mRunning make install[0m
[32m  make test had returned bad status, won't install without force[0m
[32mRunning make for R/RK/RKITOVER/Catalyst-Plugin-Authorization-ACL-0.16.tar.gz[0m
[32m  Has already been unwrapped into directory C:\Perl64\cpan\build\Catalyst-Plugin-Authorization-ACL-0.16-hQ2p09[0m
[32m
  CPAN.pm: Building R/RK/RKITOVER/Catalyst-Plugin-Authorization-ACL-0.16.tar.gz[0m

[31mWarning: Prerequisite 'Catalyst::Plugin::Session::State::Cookie => 0' for 'RKITOVER/Catalyst-Plugin-Authorization-ACL-0.16.tar.gz' failed when processing 'MSTROUT/Catalyst-Plugin-Session-State-Cookie-0.17.tar.gz' with 'make_test => NO one dependency not OK (Catalyst::Plugin::Session); additionally test harness failed'. Continuing, but chances to succeed are limited.[0m
[31mWarning: Prerequisite 'Catalyst::Plugin::Authorization::Roles => 0' for 'RKITOVER/Catalyst-Plugin-Authorization-ACL-0.16.tar.gz' failed when processing 'BOBTFISH/Catalyst-Plugin-Authorization-Roles-0.09.tar.gz' with 'make_test => NO one dependency not OK (Catalyst::Plugin::Authentication); additionally test harness failed'. Continuing, but chances to succeed are limited.[0m
[31mWarning: Prerequisite 'Test::WWW::Mechanize::Catalyst => 0' for 'RKITOVER/Catalyst-Plugin-Authorization-ACL-0.16.tar.gz' failed when processing 'JJNAPIORK/Test-WWW-Mechanize-Catalyst-0.60.tar.gz' with 'make_test => NO 3 dependencies missing (Catalyst::Plugin::Session::State::Cookie,Catalyst::Plugin::Session::Store::Dummy,Test::WWW::Mechanize); additionally test harness failed'. Continuing, but chances to succeed are limited.[0m
[31mWarning: Prerequisite 'Catalyst::Plugin::Session => 0' for 'RKITOVER/Catalyst-Plugin-Authorization-ACL-0.16.tar.gz' failed when processing 'JJNAPIORK/Catalyst-Plugin-Session-0.40.tar.gz' with 'make_test => NO one dependency not OK (Test::WWW::Mechanize::PSGI)'. Continuing, but chances to succeed are limited.[0m
[31mWarning: Prerequisite 'Catalyst::Plugin::Authentication => 0' for 'RKITOVER/Catalyst-Plugin-Authorization-ACL-0.16.tar.gz' failed when processing 'BOBTFISH/Catalyst-Plugin-Authentication-0.10023.tar.gz' with 'make_test => NO one dependency not OK (Catalyst::Plugin::Session)'. Continuing, but chances to succeed are limited.[0m
cp lib/Catalyst/Plugin/Authorization/ACL/Engine.pm blib\lib\Catalyst\Plugin\Authorization\ACL\Engine.pm
cp lib/Catalyst/Plugin/Authorization/ACL.pm blib\lib\Catalyst\Plugin\Authorization\ACL.pm
[32m  RKITOVER/Catalyst-Plugin-Authorization-ACL-0.16.tar.gz[0m
[32m  C:\Perl64\site\bin\dmake.exe -- OK[0m
[32mRunning make test[0m
C:\Perl64\bin\perl.exe "-MExtUtils::Command::MM" "-MTest::Harness" "-e" "undef *Test::Harness::Switches; test_harness(0, 'blib\lib', 'blib\arch')" t/*.t
t/00-compile.t .......... ok
t/live_app.t ............ skipped: A bunch of plugins are required for this test... Look in the source if you really care... Can't locate Test/WWW/Mechanize/Catalyst.pm in @INC (@INC contains: t/lib C:\Perl64\cpan\build\Catalyst-Plugin-Authorization-ACL-0.16-hQ2p09\blib\lib C:\Perl64\cpan\build\Catalyst-Plugin-Authorization-ACL-0.16-hQ2p09\blib\arch C:/Perl64/site/lib C:/Perl64/lib .) at t/live_app.t line 12.
t/more_live_app.t ....... skipped: Test::WWW::Mechanize::Catalyst required
t/release-pod-syntax.t .. skipped: these tests are for release candidate testing
All tests successful.
Files=4, Tests=2,  2 wallclock secs ( 0.06 usr +  0.02 sys =  0.08 CPU)
Result: PASS
[32m  RKITOVER/Catalyst-Plugin-Authorization-ACL-0.16.tar.gz[0m
[31mTests succeeded but 5 dependencies missing (Catalyst::Plugin::Authentication,Catalyst::Plugin::Authorization::Roles,Catalyst::Plugin::Session::State::Cookie,Test::WWW::Mechanize::Catalyst,Catalyst::Plugin::Session)[0m
[31m  RKITOVER/Catalyst-Plugin-Authorization-ACL-0.16.tar.gz
  [dependencies] -- NA[0m
[32mRunning make install[0m
[32m  make test had returned bad status, won't install without force[0m
[32mRunning install for module 'Catalyst::Plugin::Session::Store::FastMmap'[0m
[32mRunning make for B/BO/BOBTFISH/Catalyst-Plugin-Session-Store-FastMmap-0.16.tar.gz[0m
[32mChecksum for C:\Perl64\cpan\sources\authors\id\B\BO\BOBTFISH\Catalyst-Plugin-Session-Store-FastMmap-0.16.tar.gz ok[0m
[32mCatalyst-Plugin-Session-Store-FastMmap-0.16/[0m
[32mCatalyst-Plugin-Session-Store-FastMmap-0.16/Changes[0m
[32mCatalyst-Plugin-Session-Store-FastMmap-0.16/lib/[0m
[32mCatalyst-Plugin-Session-Store-FastMmap-0.16/lib/Catalyst/[0m
[32mCatalyst-Plugin-Session-Store-FastMmap-0.16/lib/Catalyst/Plugin/[0m
[32mCatalyst-Plugin-Session-Store-FastMmap-0.16/lib/Catalyst/Plugin/Session/[0m
[32mCatalyst-Plugin-Session-Store-FastMmap-0.16/lib/Catalyst/Plugin/Session/Store/[0m
[32mCatalyst-Plugin-Session-Store-FastMmap-0.16/lib/Catalyst/Plugin/Session/Store/FastMmap.pm[0m
[32mCatalyst-Plugin-Session-Store-FastMmap-0.16/Makefile.PL[0m
[32mCatalyst-Plugin-Session-Store-FastMmap-0.16/MANIFEST[0m
[32mCatalyst-Plugin-Session-Store-FastMmap-0.16/META.json[0m
[32mCatalyst-Plugin-Session-Store-FastMmap-0.16/META.yml[0m
[32mCatalyst-Plugin-Session-Store-FastMmap-0.16/README[0m
[32mCatalyst-Plugin-Session-Store-FastMmap-0.16/t/[0m
[32mCatalyst-Plugin-Session-Store-FastMmap-0.16/t/01use.t[0m
[32mCatalyst-Plugin-Session-Store-FastMmap-0.16/t/02pod.t[0m
[32mCatalyst-Plugin-Session-Store-FastMmap-0.16/t/03podcoverage.t[0m
[32mCatalyst-Plugin-Session-Store-FastMmap-0.16/t/basic.t[0m
[32mCatalyst-Plugin-Session-Store-FastMmap-0.16/t/lib/[0m
[32mCatalyst-Plugin-Session-Store-FastMmap-0.16/t/lib/SessionStoreTest/[0m
[32mCatalyst-Plugin-Session-Store-FastMmap-0.16/t/lib/SessionStoreTest/Controller/[0m
[32mCatalyst-Plugin-Session-Store-FastMmap-0.16/t/lib/SessionStoreTest/Controller/Root.pm[0m
[32mCatalyst-Plugin-Session-Store-FastMmap-0.16/t/lib/SessionStoreTest.pm[0m
[32m
  CPAN.pm: Building B/BO/BOBTFISH/Catalyst-Plugin-Session-Store-FastMmap-0.16.tar.gz[0m

Checking if your kit is complete...
Looks good
Generating a dmake-style Makefile
Writing Makefile for Catalyst::Plugin::Session::Store::FastMmap
Writing MYMETA.yml and MYMETA.json
[32m----           Unsatisfied dependencies detected during          ----
---- BOBTFISH/Catalyst-Plugin-Session-Store-FastMmap-0.16.tar.gz ----
    Catalyst::Plugin::Session [requires][0m
[32mRunning make test[0m
[32m  Delayed until after prerequisites[0m
[32mRunning make install[0m
[32m  Delayed until after prerequisites[0m
[32mRunning install for module 'Catalyst::Plugin::Session'[0m
[32mRunning make for J/JJ/JJNAPIORK/Catalyst-Plugin-Session-0.40.tar.gz[0m
[32m  Has already been unwrapped into directory C:\Perl64\cpan\build\Catalyst-Plugin-Session-0.40-qseV_d[0m
[31mWarning: Prerequisite 'Test::WWW::Mechanize::PSGI => 0' for 'JJNAPIORK/Catalyst-Plugin-Session-0.40.tar.gz' failed when processing 'LBROCARD/Test-WWW-Mechanize-PSGI-0.35.tar.gz' with 'make_test => NO one dependency not OK (Test::WWW::Mechanize); additionally test harness failed'. Continuing, but chances to succeed are limited.[0m
[32m  Has already been made[0m
[32mRunning make test[0m
[32m  Has already been tested within this command[0m
[32mRunning make install[0m
[32m  make test had returned bad status, won't install without force[0m
[32mRunning make for B/BO/BOBTFISH/Catalyst-Plugin-Session-Store-FastMmap-0.16.tar.gz[0m
[32m  Has already been unwrapped into directory C:\Perl64\cpan\build\Catalyst-Plugin-Session-Store-FastMmap-0.16-ab_dTp[0m
[32m
  CPAN.pm: Building B/BO/BOBTFISH/Catalyst-Plugin-Session-Store-FastMmap-0.16.tar.gz[0m

[31mWarning: Prerequisite 'Catalyst::Plugin::Session => 0.27' for 'BOBTFISH/Catalyst-Plugin-Session-Store-FastMmap-0.16.tar.gz' failed when processing 'JJNAPIORK/Catalyst-Plugin-Session-0.40.tar.gz' with 'make_test => NO one dependency not OK (Test::WWW::Mechanize::PSGI)'. Continuing, but chances to succeed are limited.[0m
cp lib/Catalyst/Plugin/Session/Store/FastMmap.pm blib\lib\Catalyst\Plugin\Session\Store\FastMmap.pm
[32m  BOBTFISH/Catalyst-Plugin-Session-Store-FastMmap-0.16.tar.gz[0m
[32m  C:\Perl64\site\bin\dmake.exe -- OK[0m
[32mRunning make test[0m
C:\Perl64\bin\perl.exe "-MExtUtils::Command::MM" "-MTest::Harness" "-e" "undef *Test::Harness::Switches; test_harness(0, 'blib\lib', 'blib\arch')" t/*.t
t/01use.t .......... ok
t/02pod.t .......... skipped: Test::Pod 1.14 required
t/03podcoverage.t .. skipped: Test::Pod::Coverage 1.04 required
t/basic.t .......... 
Dubious, test returned 2 (wstat 512, 0x200)
No subtests run 

Test Summary Report
-------------------
t/basic.t        (Wstat: 512 Tests: 0 Failed: 0)
  Non-zero exit status: 2
  Parse errors: No plan found in TAP output
Files=4, Tests=1,  3 wallclock secs ( 0.05 usr +  0.06 sys =  0.11 CPU)
Result: FAIL
[32m  BOBTFISH/Catalyst-Plugin-Session-Store-FastMmap-0.16.tar.gz[0m
[31mone dependency not OK (Catalyst::Plugin::Session); additionally test harness failed[0m
[31m  C:\Perl64\site\bin\dmake.exe test -- NOT OK[0m
[32m//hint// to see the cpan-testers results for installing this module, try:
  reports BOBTFISH/Catalyst-Plugin-Session-Store-FastMmap-0.16.tar.gz[0m
[32mRunning make install[0m
[32m  make test had returned bad status, won't install without force[0m
[32mRunning install for module 'Catalyst::Plugin::Session::State::Cookie'[0m
[32mRunning make install[0m
[32m  make test had returned bad status, won't install without force[0m
[32mRunning install for module 'Catalyst::Plugin::Authorization::Roles'[0m
[32mRunning make install[0m
[32m  make test had returned bad status, won't install without force[0m
[32mRunning install for module 'Catalyst::Controller::HTML::FormFu'[0m
[32mRunning make for C/CF/CFRANKS/Catalyst-Controller-HTML-FormFu-1.00.tar.gz[0m
[32mChecksum for C:\Perl64\cpan\sources\authors\id\C\CF\CFRANKS\Catalyst-Controller-HTML-FormFu-1.00.tar.gz ok[0m
[32mCatalyst-Controller-HTML-FormFu-1.00[0m
[32mCatalyst-Controller-HTML-FormFu-1.00/README[0m
[32mCatalyst-Controller-HTML-FormFu-1.00/Changes[0m
[32mCatalyst-Controller-HTML-FormFu-1.00/LICENSE[0m
[32mCatalyst-Controller-HTML-FormFu-1.00/dist.ini[0m
[32mCatalyst-Controller-HTML-FormFu-1.00/META.yml[0m
[32mCatalyst-Controller-HTML-FormFu-1.00/MANIFEST[0m
[32mCatalyst-Controller-HTML-FormFu-1.00/Makefile.PL[0m
[32mCatalyst-Controller-HTML-FormFu-1.00/t[0m
[32mCatalyst-Controller-HTML-FormFu-1.00/t/aggregate.t[0m
[32mCatalyst-Controller-HTML-FormFu-1.00/t/root[0m
[32mCatalyst-Controller-HTML-FormFu-1.00/t/root/form.tt[0m
[32mCatalyst-Controller-HTML-FormFu-1.00/t/lib[0m
[32mCatalyst-Controller-HTML-FormFu-1.00/t/lib/TestApp.pm[0m
[32mCatalyst-Controller-HTML-FormFu-1.00/t/root/multiform.tt[0m
[32mCatalyst-Controller-HTML-FormFu-1.00/t/btn_88x31_built.png[0m
[32mCatalyst-Controller-HTML-FormFu-1.00/t/btn_120x50_built.png[0m
[32mCatalyst-Controller-HTML-FormFu-1.00/t/lib/TestApp/View[0m
[32mCatalyst-Controller-HTML-FormFu-1.00/t/lib/TestApp/View/TT.pm[0m
[32mCatalyst-Controller-HTML-FormFu-1.00/t-aggregate[0m
[32mCatalyst-Controller-HTML-FormFu-1.00/t-aggregate/01basic-form.t[0m
[32mCatalyst-Controller-HTML-FormFu-1.00/t-aggregate/01basic-token.t[0m
[32mCatalyst-Controller-HTML-FormFu-1.00/t-aggregate/02multiform-token.t[0m
[32mCatalyst-Controller-HTML-FormFu-1.00/t/lib/TestApp/Controller[0m
[32mCatalyst-Controller-HTML-FormFu-1.00/t/lib/TestApp/Controller/Root.pm[0m
[32mCatalyst-Controller-HTML-FormFu-1.00/t-aggregate/01basic-formconfig.t[0m
[32mCatalyst-Controller-HTML-FormFu-1.00/t-aggregate/01basic-formmethod.t[0m
[32mCatalyst-Controller-HTML-FormFu-1.00/t/lib/TestApp/Controller/Basic.pm[0m
[32mCatalyst-Controller-HTML-FormFu-1.00/t/lib/TestApp/Controller/Token.pm[0m
[32mCatalyst-Controller-HTML-FormFu-1.00/t/root/forms/basic[0m
[32mCatalyst-Controller-HTML-FormFu-1.00/t/root/forms/basic/formconfig.yml[0m
[32mCatalyst-Controller-HTML-FormFu-1.00/lib/Catalyst/Helper/HTML[0m
[32mCatalyst-Controller-HTML-FormFu-1.00/lib/Catalyst/Helper/HTML/FormFu.pm[0m
[32mCatalyst-Controller-HTML-FormFu-1.00/t-aggregate/03instancepercontext.t[0m
[32mCatalyst-Controller-HTML-FormFu-1.00/t-aggregate/multiform-file-upload.t[0m
[32mCatalyst-Controller-HTML-FormFu-1.00/t-aggregate/elements[0m
[32mCatalyst-Controller-HTML-FormFu-1.00/t-aggregate/elements/requesttoken.t[0m
[32mCatalyst-Controller-HTML-FormFu-1.00/t/lib/TestApp/Controller/MultiForm.pm[0m
[32mCatalyst-Controller-HTML-FormFu-1.00/t/root/forms/multiform[0m
[32mCatalyst-Controller-HTML-FormFu-1.00/t/root/forms/multiform/formconfig.yml[0m
[32mCatalyst-Controller-HTML-FormFu-1.00/t-aggregate/elements/requesttoken.yml[0m
[32mCatalyst-Controller-HTML-FormFu-1.00/lib/Catalyst/Controller/HTML[0m
[32mCatalyst-Controller-HTML-FormFu-1.00/lib/Catalyst/Controller/HTML/FormFu.pm[0m
[32mCatalyst-Controller-HTML-FormFu-1.00/lib/HTML/FormFu/Plugin[0m
[32mCatalyst-Controller-HTML-FormFu-1.00/lib/HTML/FormFu/Plugin/RequestToken.pm[0m
[32mCatalyst-Controller-HTML-FormFu-1.00/t/root/forms/multiform/file_upload.yml[0m
[32mCatalyst-Controller-HTML-FormFu-1.00/lib/HTML/FormFu/Element[0m
[32mCatalyst-Controller-HTML-FormFu-1.00/lib/HTML/FormFu/Element/RequestToken.pm[0m
[32mCatalyst-Controller-HTML-FormFu-1.00/t/lib/TestApp/Controller/TokenExpire.pm[0m
[32mCatalyst-Controller-HTML-FormFu-1.00/t-aggregate/01basic-formconfig_conf_ext.t[0m
[32mCatalyst-Controller-HTML-FormFu-1.00/t-aggregate/02multiform-multiformconfig.t[0m
[32mCatalyst-Controller-HTML-FormFu-1.00/t-aggregate/02multiform-multiformmethod.t[0m
[32mCatalyst-Controller-HTML-FormFu-1.00/lib/HTML/FormFu/Constraint[0m
[32mCatalyst-Controller-HTML-FormFu-1.00/lib/HTML/FormFu/Constraint/RequestToken.pm[0m
[32mCatalyst-Controller-HTML-FormFu-1.00/t/lib/TestApp/Controller/MultiFormToken.pm[0m
[32mCatalyst-Controller-HTML-FormFu-1.00/t/root/forms/basic/formconfig_conf_ext.yml[0m
[32mCatalyst-Controller-HTML-FormFu-1.00/lib/Catalyst/Controller/HTML/FormFu/Action[0m
[32mCatalyst-Controller-HTML-FormFu-1.00/lib/Catalyst/Controller/HTML/FormFu/Action/Form.pm[0m
[32mCatalyst-Controller-HTML-FormFu-1.00/lib/Catalyst/Controller/HTML/FormFu/ActionBase[0m
[32mCatalyst-Controller-HTML-FormFu-1.00/lib/Catalyst/Controller/HTML/FormFu/ActionBase/Form.pm[0m
[32mCatalyst-Controller-HTML-FormFu-1.00/lib/Catalyst/Controller/HTML/FormFu/Action/MultiForm.pm[0m
[32mCatalyst-Controller-HTML-FormFu-1.00/lib/Catalyst/Controller/HTML/FormFu/Action/FormConfig.pm[0m
[32mCatalyst-Controller-HTML-FormFu-1.00/lib/Catalyst/Controller/HTML/FormFu/Action/FormMethod.pm[0m
[32mCatalyst-Controller-HTML-FormFu-1.00/lib/Catalyst/Controller/HTML/FormFu/Action/MultiFormConfig.pm[0m
[32mCatalyst-Controller-HTML-FormFu-1.00/lib/Catalyst/Controller/HTML/FormFu/Action/MultiFormMethod.pm[0m
[32m
  CPAN.pm: Building C/CF/CFRANKS/Catalyst-Controller-HTML-FormFu-1.00.tar.gz[0m

Checking if your kit is complete...
Looks good
Generating a dmake-style Makefile
Writing Makefile for Catalyst::Controller::HTML::FormFu
Writing MYMETA.yml and MYMETA.json
[32m----       Unsatisfied dependencies detected during      ----
---- CFRANKS/Catalyst-Controller-HTML-FormFu-1.00.tar.gz ----
    Catalyst::Plugin::Session::State::Cookie [build_requires]
    Test::WWW::Mechanize::Catalyst [build_requires]
    Catalyst::Plugin::Session::Store::File [build_requires]
    Catalyst::Plugin::Session [requires]
    Test::WWW::Mechanize [build_requires][0m
[32mRunning make test[0m
[32m  Delayed until after prerequisites[0m
[32mRunning make install[0m
[32m  Delayed until after prerequisites[0m
[32mRunning install for module 'Catalyst::Plugin::Session::State::Cookie'[0m
[32mRunning make install[0m
[32m  make test had returned bad status, won't install without force[0m
[32mRunning install for module 'Test::WWW::Mechanize::Catalyst'[0m
[32mRunning make install[0m
[32m  make test had returned bad status, won't install without force[0m
[32mRunning install for module 'Catalyst::Plugin::Session::Store::File'[0m
[32mRunning make for F/FL/FLORA/Catalyst-Plugin-Session-Store-File-0.18.tar.gz[0m
[32mChecksum for C:\Perl64\cpan\sources\authors\id\F\FL\FLORA\Catalyst-Plugin-Session-Store-File-0.18.tar.gz ok[0m
[32mCatalyst-Plugin-Session-Store-File-0.18/[0m
[32mCatalyst-Plugin-Session-Store-File-0.18/inc/[0m
[32mCatalyst-Plugin-Session-Store-File-0.18/inc/Module/[0m
[32mCatalyst-Plugin-Session-Store-File-0.18/inc/Module/AutoInstall.pm[0m
[32mCatalyst-Plugin-Session-Store-File-0.18/inc/Module/Install/[0m
[32mCatalyst-Plugin-Session-Store-File-0.18/inc/Module/Install/AutoInstall.pm[0m
[32mCatalyst-Plugin-Session-Store-File-0.18/inc/Module/Install/Include.pm[0m
[32mCatalyst-Plugin-Session-Store-File-0.18/inc/Module/Install/Can.pm[0m
[32mCatalyst-Plugin-Session-Store-File-0.18/inc/Module/Install/WriteAll.pm[0m
[32mCatalyst-Plugin-Session-Store-File-0.18/inc/Module/Install/Makefile.pm[0m
[32mCatalyst-Plugin-Session-Store-File-0.18/inc/Module/Install/Metadata.pm[0m
[32mCatalyst-Plugin-Session-Store-File-0.18/inc/Module/Install/Base.pm[0m
[32mCatalyst-Plugin-Session-Store-File-0.18/inc/Module/Install/Fetch.pm[0m
[32mCatalyst-Plugin-Session-Store-File-0.18/inc/Module/Install/Win32.pm[0m
[32mCatalyst-Plugin-Session-Store-File-0.18/inc/Module/Install.pm[0m
[32mCatalyst-Plugin-Session-Store-File-0.18/Changes[0m
[32mCatalyst-Plugin-Session-Store-File-0.18/t/[0m
[32mCatalyst-Plugin-Session-Store-File-0.18/t/03podcoverage.t[0m
[32mCatalyst-Plugin-Session-Store-File-0.18/t/01use.t[0m
[32mCatalyst-Plugin-Session-Store-File-0.18/t/02pod.t[0m
[32mCatalyst-Plugin-Session-Store-File-0.18/t/04basic.t[0m
[32mCatalyst-Plugin-Session-Store-File-0.18/Makefile.PL[0m
[32mCatalyst-Plugin-Session-Store-File-0.18/META.yml[0m
[32mCatalyst-Plugin-Session-Store-File-0.18/MANIFEST[0m
[32mCatalyst-Plugin-Session-Store-File-0.18/lib/[0m
[32mCatalyst-Plugin-Session-Store-File-0.18/lib/Catalyst/[0m
[32mCatalyst-Plugin-Session-Store-File-0.18/lib/Catalyst/Plugin/[0m
[32mCatalyst-Plugin-Session-Store-File-0.18/lib/Catalyst/Plugin/Session/[0m
[32mCatalyst-Plugin-Session-Store-File-0.18/lib/Catalyst/Plugin/Session/Store/[0m
[32mCatalyst-Plugin-Session-Store-File-0.18/lib/Catalyst/Plugin/Session/Store/File.pm[0m
[32mCatalyst-Plugin-Session-Store-File-0.18/README[0m
[32m
  CPAN.pm: Building F/FL/FLORA/Catalyst-Plugin-Session-Store-File-0.18.tar.gz[0m

*** Module::AutoInstall version 1.03
*** Checking for Perl dependencies...
*** Since we're running under CPAN, I'll just let it take care
    of the dependency's installation later.
[Core Features]
- Test::More                ...loaded. (1.001014)
- Class::Data::Inheritable  ...loaded. (0.08 >= 0.04)
- Catalyst::Runtime         ...loaded. (5.90020 >= 5.7000)
- Cache::Cache              ...loaded. (1.08 >= 1.02)
- Catalyst::Plugin::Session ...missing. (would need 0.27)
- MRO::Compat               ...loaded. (0.12 >= 0.10)
*** Module::AutoInstall configuration finished.
Checking if your kit is complete...
Looks good
Generating a dmake-style Makefile
Writing Makefile for Catalyst::Plugin::Session::Store::File
Writing MYMETA.yml and MYMETA.json
[32m----       Unsatisfied dependencies detected during       ----
---- FLORA/Catalyst-Plugin-Session-Store-File-0.18.tar.gz ----
    Catalyst::Plugin::Session [requires][0m
[32mRunning make test[0m
[32m  Delayed until after prerequisites[0m
[32mRunning make install[0m
[32m  Delayed until after prerequisites[0m
[32mRunning install for module 'Catalyst::Plugin::Session'[0m
[32mRunning make for J/JJ/JJNAPIORK/Catalyst-Plugin-Session-0.40.tar.gz[0m
[32m  Has already been unwrapped into directory C:\Perl64\cpan\build\Catalyst-Plugin-Session-0.40-qseV_d[0m
[31mWarning: Prerequisite 'Test::WWW::Mechanize::PSGI => 0' for 'JJNAPIORK/Catalyst-Plugin-Session-0.40.tar.gz' failed when processing 'LBROCARD/Test-WWW-Mechanize-PSGI-0.35.tar.gz' with 'make_test => NO one dependency not OK (Test::WWW::Mechanize); additionally test harness failed'. Continuing, but chances to succeed are limited.[0m
[32m  Has already been made[0m
[32mRunning make test[0m
[32m  Has already been tested within this command[0m
[32mRunning make install[0m
[32m  make test had returned bad status, won't install without force[0m
[32mRunning make for F/FL/FLORA/Catalyst-Plugin-Session-Store-File-0.18.tar.gz[0m
[32m  Has already been unwrapped into directory C:\Perl64\cpan\build\Catalyst-Plugin-Session-Store-File-0.18-xm7qAn[0m
[32m
  CPAN.pm: Building F/FL/FLORA/Catalyst-Plugin-Session-Store-File-0.18.tar.gz[0m

[31mWarning: Prerequisite 'Catalyst::Plugin::Session => 0.27' for 'FLORA/Catalyst-Plugin-Session-Store-File-0.18.tar.gz' failed when processing 'JJNAPIORK/Catalyst-Plugin-Session-0.40.tar.gz' with 'make_test => NO one dependency not OK (Test::WWW::Mechanize::PSGI)'. Continuing, but chances to succeed are limited.[0m
cp lib/Catalyst/Plugin/Session/Store/File.pm blib\lib\Catalyst\Plugin\Session\Store\File.pm
[32m  FLORA/Catalyst-Plugin-Session-Store-File-0.18.tar.gz[0m
[32m  C:\Perl64\site\bin\dmake.exe -- OK[0m
[32mRunning make test[0m
C:\Perl64\bin\perl.exe "-MExtUtils::Command::MM" "-MTest::Harness" "-e" "undef *Test::Harness::Switches; test_harness(0, 'inc', 'blib\lib', 'blib\arch')" t/01use.t t/02pod.t t/03podcoverage.t t/04basic.t
t/01use.t .......... ok
t/02pod.t .......... skipped: Test::Pod 1.14 required
t/03podcoverage.t .. skipped: Test::Pod::Coverage 1.04 required
t/04basic.t ........ 
Dubious, test returned 2 (wstat 512, 0x200)
No subtests run 

Test Summary Report
-------------------
t/04basic.t      (Wstat: 512 Tests: 0 Failed: 0)
  Non-zero exit status: 2
  Parse errors: No plan found in TAP output
Files=4, Tests=1,  0 wallclock secs ( 0.06 usr +  0.05 sys =  0.11 CPU)
Result: FAIL
[32m  FLORA/Catalyst-Plugin-Session-Store-File-0.18.tar.gz[0m
[31mone dependency not OK (Catalyst::Plugin::Session); additionally test harness failed[0m
[31m  C:\Perl64\site\bin\dmake.exe test -- NOT OK[0m
[32m//hint// to see the cpan-testers results for installing this module, try:
  reports FLORA/Catalyst-Plugin-Session-Store-File-0.18.tar.gz[0m
[32mRunning make install[0m
[32m  make test had returned bad status, won't install without force[0m
[32mRunning install for module 'Catalyst::Plugin::Session'[0m
[32mRunning make for J/JJ/JJNAPIORK/Catalyst-Plugin-Session-0.40.tar.gz[0m
[32m  Has already been unwrapped into directory C:\Perl64\cpan\build\Catalyst-Plugin-Session-0.40-qseV_d[0m
[31mWarning: Prerequisite 'Test::WWW::Mechanize::PSGI => 0' for 'JJNAPIORK/Catalyst-Plugin-Session-0.40.tar.gz' failed when processing 'LBROCARD/Test-WWW-Mechanize-PSGI-0.35.tar.gz' with 'make_test => NO one dependency not OK (Test::WWW::Mechanize); additionally test harness failed'. Continuing, but chances to succeed are limited.[0m
[32m  Has already been made[0m
[32mRunning make test[0m
[32m  Has already been tested within this command[0m
[32mRunning make install[0m
[32m  make test had returned bad status, won't install without force[0m
[32mRunning install for module 'Test::WWW::Mechanize'[0m
[32mRunning make install[0m
[32m  make test had returned bad status, won't install without force[0m
[32mRunning make for C/CF/CFRANKS/Catalyst-Controller-HTML-FormFu-1.00.tar.gz[0m
[32m  Has already been unwrapped into directory C:\Perl64\cpan\build\Catalyst-Controller-HTML-FormFu-1.00-v6foA1[0m
[32m
  CPAN.pm: Building C/CF/CFRANKS/Catalyst-Controller-HTML-FormFu-1.00.tar.gz[0m

[31mWarning: Prerequisite 'Catalyst::Plugin::Session::State::Cookie => 0' for 'CFRANKS/Catalyst-Controller-HTML-FormFu-1.00.tar.gz' failed when processing 'MSTROUT/Catalyst-Plugin-Session-State-Cookie-0.17.tar.gz' with 'make_test => NO one dependency not OK (Catalyst::Plugin::Session); additionally test harness failed'. Continuing, but chances to succeed are limited.[0m
[31mWarning: Prerequisite 'Test::WWW::Mechanize::Catalyst => 0' for 'CFRANKS/Catalyst-Controller-HTML-FormFu-1.00.tar.gz' failed when processing 'JJNAPIORK/Test-WWW-Mechanize-Catalyst-0.60.tar.gz' with 'make_test => NO 3 dependencies missing (Catalyst::Plugin::Session::State::Cookie,Catalyst::Plugin::Session::Store::Dummy,Test::WWW::Mechanize); additionally test harness failed'. Continuing, but chances to succeed are limited.[0m
[31mWarning: Prerequisite 'Catalyst::Plugin::Session::Store::File => 0' for 'CFRANKS/Catalyst-Controller-HTML-FormFu-1.00.tar.gz' failed when processing 'FLORA/Catalyst-Plugin-Session-Store-File-0.18.tar.gz' with 'make_test => NO one dependency not OK (Catalyst::Plugin::Session); additionally test harness failed'. Continuing, but chances to succeed are limited.[0m
[31mWarning: Prerequisite 'Catalyst::Plugin::Session => 0' for 'CFRANKS/Catalyst-Controller-HTML-FormFu-1.00.tar.gz' failed when processing 'JJNAPIORK/Catalyst-Plugin-Session-0.40.tar.gz' with 'make_test => NO one dependency not OK (Test::WWW::Mechanize::PSGI)'. Continuing, but chances to succeed are limited.[0m
[31mWarning: Prerequisite 'Test::WWW::Mechanize => 1.16' for 'CFRANKS/Catalyst-Controller-HTML-FormFu-1.00.tar.gz' failed when processing 'PETDANCE/Test-WWW-Mechanize-1.44.tar.gz' with 'make_test => NO 2 dependencies missing (HTTP::Server::Simple,HTTP::Server::Simple::CGI); additionally test harness failed'. Continuing, but chances to succeed are limited.[0m
cp lib/Catalyst/Controller/HTML/FormFu/Action/MultiFormMethod.pm blib\lib\Catalyst\Controller\HTML\FormFu\Action\MultiFormMethod.pm
cp lib/Catalyst/Controller/HTML/FormFu/Action/Form.pm blib\lib\Catalyst\Controller\HTML\FormFu\Action\Form.pm
cp lib/Catalyst/Controller/HTML/FormFu/ActionBase/Form.pm blib\lib\Catalyst\Controller\HTML\FormFu\ActionBase\Form.pm
cp lib/Catalyst/Controller/HTML/FormFu.pm blib\lib\Catalyst\Controller\HTML\FormFu.pm
cp lib/Catalyst/Controller/HTML/FormFu/Action/MultiForm.pm blib\lib\Catalyst\Controller\HTML\FormFu\Action\MultiForm.pm
cp lib/Catalyst/Controller/HTML/FormFu/Action/MultiFormConfig.pm blib\lib\Catalyst\Controller\HTML\FormFu\Action\MultiFormConfig.pm
cp lib/Catalyst/Controller/HTML/FormFu/Action/FormMethod.pm blib\lib\Catalyst\Controller\HTML\FormFu\Action\FormMethod.pm
cp lib/Catalyst/Controller/HTML/FormFu/Action/FormConfig.pm blib\lib\Catalyst\Controller\HTML\FormFu\Action\FormConfig.pm
cp lib/HTML/FormFu/Element/RequestToken.pm blib\lib\HTML\FormFu\Element\RequestToken.pm
cp lib/HTML/FormFu/Plugin/RequestToken.pm blib\lib\HTML\FormFu\Plugin\RequestToken.pm
cp lib/HTML/FormFu/Constraint/RequestToken.pm blib\lib\HTML\FormFu\Constraint\RequestToken.pm
cp lib/Catalyst/Helper/HTML/FormFu.pm blib\lib\Catalyst\Helper\HTML\FormFu.pm
[32m  CFRANKS/Catalyst-Controller-HTML-FormFu-1.00.tar.gz[0m
[32m  C:\Perl64\site\bin\dmake.exe -- OK[0m
[32mRunning make test[0m
C:\Perl64\bin\perl.exe "-MExtUtils::Command::MM" "-MTest::Harness" "-e" "undef *Test::Harness::Switches; test_harness(0, 'blib\lib', 'blib\arch')" t/*.t
t/aggregate.t .. 
Dubious, test returned 9 (wstat 2304, 0x900)
Failed 9/11 subtests 
	(less 1 skipped subtest: 1 okay)

Test Summary Report
-------------------
t/aggregate.t (Wstat: 2304 Tests: 11 Failed: 9)
  Failed tests:  1-7, 9, 11
  Non-zero exit status: 9
Files=1, Tests=11,  3 wallclock secs ( 0.03 usr +  0.05 sys =  0.08 CPU)
Result: FAIL
[32m  CFRANKS/Catalyst-Controller-HTML-FormFu-1.00.tar.gz[0m
[31m5 dependencies missing (Catalyst::Plugin::Session::State::Cookie,Catalyst::Plugin::Session::Store::File,Test::WWW::Mechanize::Catalyst,Test::WWW::Mechanize,Catalyst::Plugin::Session); additionally test harness failed[0m
[31m  C:\Perl64\site\bin\dmake.exe test -- NOT OK[0m
[32m//hint// to see the cpan-testers results for installing this module, try:
  reports CFRANKS/Catalyst-Controller-HTML-FormFu-1.00.tar.gz[0m
[32mRunning make install[0m
[32m  make test had returned bad status, won't install without force[0m
[32mRunning install for module 'Catalyst::Authentication::Store::DBIx::Class'[0m
[32mRunning make for I/IL/ILMARI/Catalyst-Authentication-Store-DBIx-Class-0.1506.tar.gz[0m
[32mChecksum for C:\Perl64\cpan\sources\authors\id\I\IL\ILMARI\Catalyst-Authentication-Store-DBIx-Class-0.1506.tar.gz ok[0m
[32mCatalyst-Authentication-Store-DBIx-Class-0.1506/[0m
[32mCatalyst-Authentication-Store-DBIx-Class-0.1506/lib/[0m
[32mCatalyst-Authentication-Store-DBIx-Class-0.1506/lib/Catalyst/[0m
[32mCatalyst-Authentication-Store-DBIx-Class-0.1506/lib/Catalyst/Authentication/[0m
[32mCatalyst-Authentication-Store-DBIx-Class-0.1506/lib/Catalyst/Authentication/Store/[0m
[32mCatalyst-Authentication-Store-DBIx-Class-0.1506/lib/Catalyst/Authentication/Store/DBIx/[0m
[32mCatalyst-Authentication-Store-DBIx-Class-0.1506/lib/Catalyst/Authentication/Store/DBIx/Class/[0m
[32mCatalyst-Authentication-Store-DBIx-Class-0.1506/lib/Catalyst/Authentication/Store/DBIx/Class/User.pm[0m
[32mCatalyst-Authentication-Store-DBIx-Class-0.1506/lib/Catalyst/Authentication/Store/DBIx/Class.pm[0m
[32mCatalyst-Authentication-Store-DBIx-Class-0.1506/lib/Catalyst/Authentication/Realm/[0m
[32mCatalyst-Authentication-Store-DBIx-Class-0.1506/lib/Catalyst/Authentication/Realm/SimpleDB.pm[0m
[32mCatalyst-Authentication-Store-DBIx-Class-0.1506/MANIFEST[0m
[32mCatalyst-Authentication-Store-DBIx-Class-0.1506/README[0m
[32mCatalyst-Authentication-Store-DBIx-Class-0.1506/t/[0m
[32mCatalyst-Authentication-Store-DBIx-Class-0.1506/t/lib/[0m
[32mCatalyst-Authentication-Store-DBIx-Class-0.1506/t/lib/Catalyst/[0m
[32mCatalyst-Authentication-Store-DBIx-Class-0.1506/t/lib/Catalyst/Authentication/[0m
[32mCatalyst-Authentication-Store-DBIx-Class-0.1506/t/lib/Catalyst/Authentication/Store/[0m
[32mCatalyst-Authentication-Store-DBIx-Class-0.1506/t/lib/Catalyst/Authentication/Store/Person.pm[0m
[32mCatalyst-Authentication-Store-DBIx-Class-0.1506/t/lib/Catalyst/Authentication/Store/Person/[0m
[32mCatalyst-Authentication-Store-DBIx-Class-0.1506/t/lib/Catalyst/Authentication/Store/Person/User.pm[0m
[32mCatalyst-Authentication-Store-DBIx-Class-0.1506/t/lib/TestApp.pm[0m
[32mCatalyst-Authentication-Store-DBIx-Class-0.1506/t/lib/TestApp/[0m
[32mCatalyst-Authentication-Store-DBIx-Class-0.1506/t/lib/TestApp/Model/[0m
[32mCatalyst-Authentication-Store-DBIx-Class-0.1506/t/lib/TestApp/Model/TestApp.pm[0m
[32mCatalyst-Authentication-Store-DBIx-Class-0.1506/t/lib/TestApp/Controller/[0m
[32mCatalyst-Authentication-Store-DBIx-Class-0.1506/t/lib/TestApp/Controller/Root.pm[0m
[32mCatalyst-Authentication-Store-DBIx-Class-0.1506/t/lib/TestApp/Schema/[0m
[32mCatalyst-Authentication-Store-DBIx-Class-0.1506/t/lib/TestApp/Schema/User.pm[0m
[32mCatalyst-Authentication-Store-DBIx-Class-0.1506/t/lib/TestApp/Schema/Role.pm[0m
[32mCatalyst-Authentication-Store-DBIx-Class-0.1506/t/lib/TestApp/Schema/UserRole.pm[0m
[32mCatalyst-Authentication-Store-DBIx-Class-0.1506/t/lib/TestApp/Schema.pm[0m
[32mCatalyst-Authentication-Store-DBIx-Class-0.1506/t/09-simpledb-auth-roles-column.t[0m
[32mCatalyst-Authentication-Store-DBIx-Class-0.1506/t/05-auth-roles-relationship.t[0m
[32mCatalyst-Authentication-Store-DBIx-Class-0.1506/t/10-user-autoload.t[0m
[32mCatalyst-Authentication-Store-DBIx-Class-0.1506/t/04-authsessions.t[0m
[32mCatalyst-Authentication-Store-DBIx-Class-0.1506/t/06-auth-roles-column.t[0m
[32mCatalyst-Authentication-Store-DBIx-Class-0.1506/t/00-load.t[0m
[32mCatalyst-Authentication-Store-DBIx-Class-0.1506/t/01-pod.t[0m
[32mCatalyst-Authentication-Store-DBIx-Class-0.1506/t/03-authtest.t[0m
[32mCatalyst-Authentication-Store-DBIx-Class-0.1506/t/07-authsessions-cached.t[0m
[32mCatalyst-Authentication-Store-DBIx-Class-0.1506/t/11-authsessions-load-app-context.t[0m
[32mCatalyst-Authentication-Store-DBIx-Class-0.1506/t/02-pod-coverage.t[0m
[32mCatalyst-Authentication-Store-DBIx-Class-0.1506/t/08-simpledb-auth-roles-relationship.t[0m
[32mCatalyst-Authentication-Store-DBIx-Class-0.1506/Changes[0m
[32mCatalyst-Authentication-Store-DBIx-Class-0.1506/Makefile.PL[0m
[32mCatalyst-Authentication-Store-DBIx-Class-0.1506/.gitignore[0m
[32mCatalyst-Authentication-Store-DBIx-Class-0.1506/inc/[0m
[32mCatalyst-Authentication-Store-DBIx-Class-0.1506/inc/Module/[0m
[32mCatalyst-Authentication-Store-DBIx-Class-0.1506/inc/Module/Install/[0m
[32mCatalyst-Authentication-Store-DBIx-Class-0.1506/inc/Module/Install/Fetch.pm[0m
[32mCatalyst-Authentication-Store-DBIx-Class-0.1506/inc/Module/Install/Can.pm[0m
[32mCatalyst-Authentication-Store-DBIx-Class-0.1506/inc/Module/Install/AutoInstall.pm[0m
[32mCatalyst-Authentication-Store-DBIx-Class-0.1506/inc/Module/Install/Metadata.pm[0m
[32mCatalyst-Authentication-Store-DBIx-Class-0.1506/inc/Module/Install/Include.pm[0m
[32mCatalyst-Authentication-Store-DBIx-Class-0.1506/inc/Module/Install/WriteAll.pm[0m
[32mCatalyst-Authentication-Store-DBIx-Class-0.1506/inc/Module/Install/Win32.pm[0m
[32mCatalyst-Authentication-Store-DBIx-Class-0.1506/inc/Module/Install/Makefile.pm[0m
[32mCatalyst-Authentication-Store-DBIx-Class-0.1506/inc/Module/Install/Base.pm[0m
[32mCatalyst-Authentication-Store-DBIx-Class-0.1506/inc/Module/AutoInstall.pm[0m
[32mCatalyst-Authentication-Store-DBIx-Class-0.1506/inc/Module/Install.pm[0m
[32mCatalyst-Authentication-Store-DBIx-Class-0.1506/META.yml[0m
[32m
  CPAN.pm: Building I/IL/ILMARI/Catalyst-Authentication-Store-DBIx-Class-0.1506.tar.gz[0m

*** Module::AutoInstall version 1.06
*** Checking for Perl dependencies...
*** Since we're running under CPAN, I'll just let it take care
    of the dependency's installation later.
[Core Features]
- Test::More                       ...loaded. (1.001014)
- Catalyst::Runtime                ...loaded. (5.90020 >= 5.8)
- Catalyst::Plugin::Authentication ...missing. (would need 0.10008)
- Catalyst::Model::DBIC::Schema    ...loaded. (0.65 >= 0.18)
- DBIx::Class                      ...loaded. (0.082810 >= 0.08)
- Moose                            ...loaded. (2.1403)
- namespace::autoclean             ...loaded. (0.24)
- List::MoreUtils                  ...loaded. (0.33)
- Try::Tiny                        ...loaded. (0.18)
*** Module::AutoInstall configuration finished.
Checking if your kit is complete...
Looks good
Generating a dmake-style Makefile
Writing Makefile for Catalyst::Authentication::Store::DBIx::Class
Writing MYMETA.yml and MYMETA.json
[32m----            Unsatisfied dependencies detected during           ----
---- ILMARI/Catalyst-Authentication-Store-DBIx-Class-0.1506.tar.gz ----
    Catalyst::Plugin::Authentication [requires][0m
[32mRunning make test[0m
[32m  Delayed until after prerequisites[0m
[32mRunning make install[0m
[32m  Delayed until after prerequisites[0m
[32mRunning install for module 'Catalyst::Plugin::Authentication'[0m
[32mRunning make for B/BO/BOBTFISH/Catalyst-Plugin-Authentication-0.10023.tar.gz[0m
[32m  Has already been unwrapped into directory C:\Perl64\cpan\build\Catalyst-Plugin-Authentication-0.10023-MGcRnd[0m
[31mWarning: Prerequisite 'Catalyst::Plugin::Session => 0.10' for 'BOBTFISH/Catalyst-Plugin-Authentication-0.10023.tar.gz' failed when processing 'JJNAPIORK/Catalyst-Plugin-Session-0.40.tar.gz' with 'make_test => NO one dependency not OK (Test::WWW::Mechanize::PSGI)'. Continuing, but chances to succeed are limited.[0m
[32m  Has already been made[0m
[32mRunning make test[0m
[32m  Has already been tested within this command[0m
[32mRunning make install[0m
[32m  make test had returned bad status, won't install without force[0m
[32mRunning make for I/IL/ILMARI/Catalyst-Authentication-Store-DBIx-Class-0.1506.tar.gz[0m
[32m  Has already been unwrapped into directory C:\Perl64\cpan\build\Catalyst-Authentication-Store-DBIx-Class-0.1506-BeTERF[0m
[32m
  CPAN.pm: Building I/IL/ILMARI/Catalyst-Authentication-Store-DBIx-Class-0.1506.tar.gz[0m

[31mWarning: Prerequisite 'Catalyst::Plugin::Authentication => 0.10008' for 'ILMARI/Catalyst-Authentication-Store-DBIx-Class-0.1506.tar.gz' failed when processing 'BOBTFISH/Catalyst-Plugin-Authentication-0.10023.tar.gz' with 'make_test => NO one dependency not OK (Catalyst::Plugin::Session)'. Continuing, but chances to succeed are limited.[0m
cp lib/Catalyst/Authentication/Store/DBIx/Class.pm blib\lib\Catalyst\Authentication\Store\DBIx\Class.pm
cp lib/Catalyst/Authentication/Store/DBIx/Class/User.pm blib\lib\Catalyst\Authentication\Store\DBIx\Class\User.pm
cp lib/Catalyst/Authentication/Realm/SimpleDB.pm blib\lib\Catalyst\Authentication\Realm\SimpleDB.pm
[32m  ILMARI/Catalyst-Authentication-Store-DBIx-Class-0.1506.tar.gz[0m
[32m  C:\Perl64\site\bin\dmake.exe -- OK[0m
[32mRunning make test[0m
C:\Perl64\bin\perl.exe "-MExtUtils::Command::MM" "-MTest::Harness" "-e" "undef *Test::Harness::Switches; test_harness(0, 'inc', 'blib\lib', 'blib\arch')" t/00-load.t t/01-pod.t t/02-pod-coverage.t t/03-authtest.t t/04-authsessions.t t/05-auth-roles-relationship.t t/06-auth-roles-column.t t/07-authsessions-cached.t t/08-simpledb-auth-roles-relationship.t t/09-simpledb-auth-roles-column.t t/10-user-autoload.t t/11-authsessions-load-app-context.t
t/00-load.t .............................. ok
t/01-pod.t ............................... skipped: Set TEST_POD to enable pod tests
t/02-pod-coverage.t ...................... skipped: Set TEST_POD to enable pod tests
t/03-authtest.t .......................... 
Dubious, test returned 2 (wstat 512, 0x200)
Failed 19/19 subtests 
t/04-authsessions.t ...................... skipped: Test::WWW::Mechanize::Catalyst is required for this test
t/05-auth-roles-relationship.t ........... skipped: Catalyst::Plugin::Authorization::Roles is required for this test
t/06-auth-roles-column.t ................. skipped: Catalyst::Plugin::Authorization::Roles is required for this test
t/07-authsessions-cached.t ............... skipped: Test::WWW::Mechanize::Catalyst is required for this test
t/08-simpledb-auth-roles-relationship.t .. skipped: Catalyst::Plugin::Authorization::Roles is required for this test
t/09-simpledb-auth-roles-column.t ........ skipped: Catalyst::Plugin::Authorization::Roles is required for this test
t/10-user-autoload.t ..................... ok
t/11-authsessions-load-app-context.t ..... skipped: Test::WWW::Mechanize::Catalyst is required for this test

Test Summary Report
-------------------
t/03-authtest.t                        (Wstat: 512 Tests: 0 Failed: 0)
  Non-zero exit status: 2
  Parse errors: Bad plan.  You planned 19 tests but ran 0.
Files=12, Tests=8, 15 wallclock secs ( 0.08 usr +  0.03 sys =  0.11 CPU)
Result: FAIL
[32m  ILMARI/Catalyst-Authentication-Store-DBIx-Class-0.1506.tar.gz[0m
[31mone dependency not OK (Catalyst::Plugin::Authentication); additionally test harness failed[0m
[31m  C:\Perl64\site\bin\dmake.exe test -- NOT OK[0m
[32m//hint// to see the cpan-testers results for installing this module, try:
  reports ILMARI/Catalyst-Authentication-Store-DBIx-Class-0.1506.tar.gz[0m
[32mRunning make install[0m
[32m  make test had returned bad status, won't install without force[0m
[32mRunning install for module 'Catalyst::Plugin::Session'[0m
[32mRunning make for J/JJ/JJNAPIORK/Catalyst-Plugin-Session-0.40.tar.gz[0m
[32m  Has already been unwrapped into directory C:\Perl64\cpan\build\Catalyst-Plugin-Session-0.40-qseV_d[0m
[31mWarning: Prerequisite 'Test::WWW::Mechanize::PSGI => 0' for 'JJNAPIORK/Catalyst-Plugin-Session-0.40.tar.gz' failed when processing 'LBROCARD/Test-WWW-Mechanize-PSGI-0.35.tar.gz' with 'make_test => NO one dependency not OK (Test::WWW::Mechanize); additionally test harness failed'. Continuing, but chances to succeed are limited.[0m
[32m  Has already been made[0m
[32mRunning make test[0m
[32m  Has already been tested within this command[0m
[32mRunning make install[0m
[32m  make test had returned bad status, won't install without force[0m
[32mRunning install for module 'Catalyst::Plugin::Authentication'[0m
[32mRunning make for B/BO/BOBTFISH/Catalyst-Plugin-Authentication-0.10023.tar.gz[0m
[32m  Has already been unwrapped into directory C:\Perl64\cpan\build\Catalyst-Plugin-Authentication-0.10023-MGcRnd[0m
[31mWarning: Prerequisite 'Catalyst::Plugin::Session => 0.10' for 'BOBTFISH/Catalyst-Plugin-Authentication-0.10023.tar.gz' failed when processing 'JJNAPIORK/Catalyst-Plugin-Session-0.40.tar.gz' with 'make_test => NO one dependency not OK (Test::WWW::Mechanize::PSGI)'. Continuing, but chances to succeed are limited.[0m
[32m  Has already been made[0m
[32mRunning make test[0m
[32m  Has already been tested within this command[0m
[32mRunning make install[0m
[32m  make test had returned bad status, won't install without force[0m
[32mRunning make for M/MR/MRAMBERG/Task-Catalyst-Tutorial-0.06.tar.gz[0m
[32m  Has already been unwrapped into directory C:\Perl64\cpan\build\Task-Catalyst-Tutorial-0.06-QADJUi[0m
[32m
  CPAN.pm: Building M/MR/MRAMBERG/Task-Catalyst-Tutorial-0.06.tar.gz[0m

[31mWarning: Prerequisite 'Catalyst::Plugin::Authorization::ACL => 0.1' for 'MRAMBERG/Task-Catalyst-Tutorial-0.06.tar.gz' failed when processing 'RKITOVER/Catalyst-Plugin-Authorization-ACL-0.16.tar.gz' with 'make_test => NO 5 dependencies missing (Catalyst::Plugin::Authentication,Catalyst::Plugin::Authorization::Roles,Catalyst::Plugin::Session::State::Cookie,Test::WWW::Mechanize::Catalyst,Catalyst::Plugin::Session)'. Continuing, but chances to succeed are limited.[0m
[31mWarning: Prerequisite 'Catalyst::Plugin::Session::Store::FastMmap => 0.05' for 'MRAMBERG/Task-Catalyst-Tutorial-0.06.tar.gz' failed when processing 'BOBTFISH/Catalyst-Plugin-Session-Store-FastMmap-0.16.tar.gz' with 'make_test => NO one dependency not OK (Catalyst::Plugin::Session); additionally test harness failed'. Continuing, but chances to succeed are limited.[0m
[31mWarning: Prerequisite 'Catalyst::Plugin::Authorization::Roles => 0.07' for 'MRAMBERG/Task-Catalyst-Tutorial-0.06.tar.gz' failed when processing 'BOBTFISH/Catalyst-Plugin-Authorization-Roles-0.09.tar.gz' with 'make_test => NO one dependency not OK (Catalyst::Plugin::Authentication); additionally test harness failed'. Continuing, but chances to succeed are limited.[0m
[31mWarning: Prerequisite 'Catalyst::Plugin::Session::State::Cookie => 0.09' for 'MRAMBERG/Task-Catalyst-Tutorial-0.06.tar.gz' failed when processing 'MSTROUT/Catalyst-Plugin-Session-State-Cookie-0.17.tar.gz' with 'make_test => NO one dependency not OK (Catalyst::Plugin::Session); additionally test harness failed'. Continuing, but chances to succeed are limited.[0m
[31mWarning: Prerequisite 'Catalyst::Controller::HTML::FormFu => 0.03004' for 'MRAMBERG/Task-Catalyst-Tutorial-0.06.tar.gz' failed when processing 'CFRANKS/Catalyst-Controller-HTML-FormFu-1.00.tar.gz' with 'make_test => NO 5 dependencies missing (Catalyst::Plugin::Session::State::Cookie,Catalyst::Plugin::Session::Store::File,Test::WWW::Mechanize::Catalyst,Test::WWW::Mechanize,Catalyst::Plugin::Session); additionally test harness failed'. Continuing, but chances to succeed are limited.[0m
[31mWarning: Prerequisite 'Catalyst::Authentication::Store::DBIx::Class => 0.07' for 'MRAMBERG/Task-Catalyst-Tutorial-0.06.tar.gz' failed when processing 'ILMARI/Catalyst-Authentication-Store-DBIx-Class-0.1506.tar.gz' with 'make_test => NO one dependency not OK (Catalyst::Plugin::Authentication); additionally test harness failed'. Continuing, but chances to succeed are limited.[0m
[31mWarning: Prerequisite 'Catalyst::Plugin::Session => 0.19' for 'MRAMBERG/Task-Catalyst-Tutorial-0.06.tar.gz' failed when processing 'JJNAPIORK/Catalyst-Plugin-Session-0.40.tar.gz' with 'make_test => NO one dependency not OK (Test::WWW::Mechanize::PSGI)'. Continuing, but chances to succeed are limited.[0m
[31mWarning: Prerequisite 'Catalyst::Plugin::Authentication => 0.10008' for 'MRAMBERG/Task-Catalyst-Tutorial-0.06.tar.gz' failed when processing 'BOBTFISH/Catalyst-Plugin-Authentication-0.10023.tar.gz' with 'make_test => NO one dependency not OK (Catalyst::Plugin::Session)'. Continuing, but chances to succeed are limited.[0m
Installing blib\lib\auto\share\dist\Task-Catalyst-Tutorial\MyApp\Changes
Installing blib\lib\auto\share\dist\Task-Catalyst-Tutorial\MyApp\Makefile.PL
Installing blib\lib\auto\share\dist\Task-Catalyst-Tutorial\MyApp\myapp.db
Installing blib\lib\auto\share\dist\Task-Catalyst-Tutorial\MyApp\myapp.yml
Installing blib\lib\auto\share\dist\Task-Catalyst-Tutorial\MyApp\myapp01.sql
Installing blib\lib\auto\share\dist\Task-Catalyst-Tutorial\MyApp\myapp02.sql
Installing blib\lib\auto\share\dist\Task-Catalyst-Tutorial\MyApp\myapp03.sql
Installing blib\lib\auto\share\dist\Task-Catalyst-Tutorial\MyApp\myappTEST.db
Installing blib\lib\auto\share\dist\Task-Catalyst-Tutorial\MyApp\README
Installing blib\lib\auto\share\dist\Task-Catalyst-Tutorial\MyApp\lib\FormElementContainer.pm
Installing blib\lib\auto\share\dist\Task-Catalyst-Tutorial\MyApp\lib\MyApp.pm
Installing blib\lib\auto\share\dist\Task-Catalyst-Tutorial\MyApp\lib\MyAppDB.pm
Installing blib\lib\auto\share\dist\Task-Catalyst-Tutorial\MyApp\lib\MyApp\Controller\Books.pm
Installing blib\lib\auto\share\dist\Task-Catalyst-Tutorial\MyApp\lib\MyApp\Controller\Login.pm
Installing blib\lib\auto\share\dist\Task-Catalyst-Tutorial\MyApp\lib\MyApp\Controller\Logout.pm
Installing blib\lib\auto\share\dist\Task-Catalyst-Tutorial\MyApp\lib\MyApp\Controller\Root.pm
Installing blib\lib\auto\share\dist\Task-Catalyst-Tutorial\MyApp\lib\MyApp\Model\MyAppDB.pm
Installing blib\lib\auto\share\dist\Task-Catalyst-Tutorial\MyApp\lib\MyApp\View\TT.pm
Installing blib\lib\auto\share\dist\Task-Catalyst-Tutorial\MyApp\lib\MyAppDB\Author.pm
Installing blib\lib\auto\share\dist\Task-Catalyst-Tutorial\MyApp\lib\MyAppDB\Book.pm
Installing blib\lib\auto\share\dist\Task-Catalyst-Tutorial\MyApp\lib\MyAppDB\BookAuthor.pm
Installing blib\lib\auto\share\dist\Task-Catalyst-Tutorial\MyApp\lib\MyAppDB\Role.pm
Installing blib\lib\auto\share\dist\Task-Catalyst-Tutorial\MyApp\lib\MyAppDB\User.pm
Installing blib\lib\auto\share\dist\Task-Catalyst-Tutorial\MyApp\lib\MyAppDB\UserRole.pm
Installing blib\lib\auto\share\dist\Task-Catalyst-Tutorial\MyApp\root\favicon.ico
Installing blib\lib\auto\share\dist\Task-Catalyst-Tutorial\MyApp\root\lib\config\col
Installing blib\lib\auto\share\dist\Task-Catalyst-Tutorial\MyApp\root\lib\config\main
Installing blib\lib\auto\share\dist\Task-Catalyst-Tutorial\MyApp\root\lib\config\url
Installing blib\lib\auto\share\dist\Task-Catalyst-Tutorial\MyApp\root\lib\site\footer
Installing blib\lib\auto\share\dist\Task-Catalyst-Tutorial\MyApp\root\lib\site\header
Installing blib\lib\auto\share\dist\Task-Catalyst-Tutorial\MyApp\root\lib\site\html
Installing blib\lib\auto\share\dist\Task-Catalyst-Tutorial\MyApp\root\lib\site\layout
Installing blib\lib\auto\share\dist\Task-Catalyst-Tutorial\MyApp\root\lib\site\wrapper
Installing blib\lib\auto\share\dist\Task-Catalyst-Tutorial\MyApp\root\src\error.tt2
Installing blib\lib\auto\share\dist\Task-Catalyst-Tutorial\MyApp\root\src\login.tt2
Installing blib\lib\auto\share\dist\Task-Catalyst-Tutorial\MyApp\root\src\message.tt2
Installing blib\lib\auto\share\dist\Task-Catalyst-Tutorial\MyApp\root\src\ttsite.css
Installing blib\lib\auto\share\dist\Task-Catalyst-Tutorial\MyApp\root\src\welcome.tt2
Installing blib\lib\auto\share\dist\Task-Catalyst-Tutorial\MyApp\root\src\books\create_done.tt2
Installing blib\lib\auto\share\dist\Task-Catalyst-Tutorial\MyApp\root\src\books\form_create.tt2
Installing blib\lib\auto\share\dist\Task-Catalyst-Tutorial\MyApp\root\src\books\hw_form.tt2
Installing blib\lib\auto\share\dist\Task-Catalyst-Tutorial\MyApp\root\src\books\list.tt2
Installing blib\lib\auto\share\dist\Task-Catalyst-Tutorial\MyApp\root\static\images\btn_120x50_built.png
Installing blib\lib\auto\share\dist\Task-Catalyst-Tutorial\MyApp\root\static\images\btn_120x50_built_shadow.png
Installing blib\lib\auto\share\dist\Task-Catalyst-Tutorial\MyApp\root\static\images\btn_120x50_powered.png
Installing blib\lib\auto\share\dist\Task-Catalyst-Tutorial\MyApp\root\static\images\btn_120x50_powered_shadow.png
Installing blib\lib\auto\share\dist\Task-Catalyst-Tutorial\MyApp\root\static\images\btn_88x31_built.png
Installing blib\lib\auto\share\dist\Task-Catalyst-Tutorial\MyApp\root\static\images\btn_88x31_built_shadow.png
Installing blib\lib\auto\share\dist\Task-Catalyst-Tutorial\MyApp\root\static\images\btn_88x31_powered.png
Installing blib\lib\auto\share\dist\Task-Catalyst-Tutorial\MyApp\root\static\images\btn_88x31_powered_shadow.png
Installing blib\lib\auto\share\dist\Task-Catalyst-Tutorial\MyApp\root\static\images\catalyst_logo.png
Installing blib\lib\auto\share\dist\Task-Catalyst-Tutorial\MyApp\script\myapp_cgi.pl
Installing blib\lib\auto\share\dist\Task-Catalyst-Tutorial\MyApp\script\myapp_create.pl
Installing blib\lib\auto\share\dist\Task-Catalyst-Tutorial\MyApp\script\myapp_fastcgi.pl
Installing blib\lib\auto\share\dist\Task-Catalyst-Tutorial\MyApp\script\myapp_server.pl
Installing blib\lib\auto\share\dist\Task-Catalyst-Tutorial\MyApp\script\myapp_test.pl
Installing blib\lib\auto\share\dist\Task-Catalyst-Tutorial\MyApp\t\01app.t
Installing blib\lib\auto\share\dist\Task-Catalyst-Tutorial\MyApp\t\02pod.t
Installing blib\lib\auto\share\dist\Task-Catalyst-Tutorial\MyApp\t\03podcoverage.t
Installing blib\lib\auto\share\dist\Task-Catalyst-Tutorial\MyApp\t\controller_Login.t
Installing blib\lib\auto\share\dist\Task-Catalyst-Tutorial\MyApp\t\live_app01.t
Installing blib\lib\auto\share\dist\Task-Catalyst-Tutorial\MyApp\t\model_MyAppDB.t
C:\Perl64\bin\perl.exe "-Iinc" Makefile.PL --config= --installdeps=Catalyst::Plugin::Authentication,0.10008,Catalyst::Authentication::Store::DBIx::Class,0.07,Catalyst::Plugin::Authorization::ACL,0.1,Catalyst::Plugin::Authorization::Roles,0.07,Catalyst::Controller::HTML::FormFu,0.03004,Catalyst::Plugin::Session,0.19,Catalyst::Plugin::Session::State::Cookie,0.09,Catalyst::Plugin::Session::Store::FastMmap,0.05

*** Since we're running under CPANPLUS, I'll just let it take care
    of the dependency's installation later.
cp lib/Task/Catalyst/Tutorial.pm blib\lib\Task\Catalyst\Tutorial.pm
[32m  MRAMBERG/Task-Catalyst-Tutorial-0.06.tar.gz[0m
[32m  C:\Perl64\site\bin\dmake.exe -- OK[0m
[32mRunning make test[0m
C:\Perl64\bin\perl.exe "-Iinc" Makefile.PL --config= --installdeps=Catalyst::Plugin::Authentication,0.10008,Catalyst::Authentication::Store::DBIx::Class,0.07,Catalyst::Plugin::Authorization::ACL,0.1,Catalyst::Plugin::Authorization::Roles,0.07,Catalyst::Controller::HTML::FormFu,0.03004,Catalyst::Plugin::Session,0.19,Catalyst::Plugin::Session::State::Cookie,0.09,Catalyst::Plugin::Session::Store::FastMmap,0.05

*** Since we're running under CPANPLUS, I'll just let it take care
    of the dependency's installation later.
C:\Perl64\bin\perl.exe "-MExtUtils::Command::MM" "-MTest::Harness" "-e" "undef *Test::Harness::Switches; test_harness(0, 'inc', 'blib\lib', 'blib\arch')" t/00-load.t t/boilerplate.t t/pod-coverage.t t/pod.t
t/00-load.t ....... 
Dubious, test returned 8 (wstat 2048, 0x800)
Failed 8/18 subtests 
t/boilerplate.t ... ok
t/pod-coverage.t .. skipped: Test::Pod::Coverage 1.04 required for testing POD coverage
t/pod.t ........... skipped: Test::Pod 1.14 required for testing POD

Test Summary Report
-------------------
t/00-load.t     (Wstat: 2048 Tests: 18 Failed: 8)
  Failed tests:  4-7, 9-12
  Non-zero exit status: 8
Files=4, Tests=21,  2 wallclock secs ( 0.08 usr +  0.01 sys =  0.09 CPU)
Result: FAIL
[32m  MRAMBERG/Task-Catalyst-Tutorial-0.06.tar.gz[0m
[31m8 dependencies missing (Catalyst::Plugin::Authorization::ACL,Catalyst::Plugin::Session,Catalyst::Plugin::Session::Store::FastMmap,Catalyst::Plugin::Session::State::Cookie,Catalyst::Plugin::Authorization::Roles,Catalyst::Plugin::Authentication,Catalyst::Controller::HTML::FormFu,Catalyst::Authentication::Store::DBIx::Class); additionally test harness failed[0m
[31m  C:\Perl64\site\bin\dmake.exe test -- NOT OK[0m
[32m//hint// to see the cpan-testers results for installing this module, try:
  reports MRAMBERG/Task-Catalyst-Tutorial-0.06.tar.gz[0m
[32mRunning make install[0m
[32m  make test had returned bad status, won't install without force[0m
