
[MSG] [Thu Sep  1 17:30:10 2011] Trying to get 'http://mirror.uta.edu/CPAN/authors/id/S/SI/SIMONW/CHECKSUMS'
[MSG] [Thu Sep  1 17:30:12 2011] Checksum matches for 'Module-Pluggable-3.9.tar.gz'
[MSG] [Thu Sep  1 17:30:13 2011] Extracted 'Module-Pluggable-3.9/'
[MSG] [Thu Sep  1 17:30:13 2011] Extracted 'Module-Pluggable-3.9/t/'
[MSG] [Thu Sep  1 17:30:13 2011] Extracted 'Module-Pluggable-3.9/Changes'
[MSG] [Thu Sep  1 17:30:13 2011] Extracted 'Module-Pluggable-3.9/MANIFEST'
[MSG] [Thu Sep  1 17:30:13 2011] Extracted 'Module-Pluggable-3.9/lib/'
[MSG] [Thu Sep  1 17:30:13 2011] Extracted 'Module-Pluggable-3.9/README'
[MSG] [Thu Sep  1 17:30:13 2011] Extracted 'Module-Pluggable-3.9/META.yml'
[MSG] [Thu Sep  1 17:30:13 2011] Extracted 'Module-Pluggable-3.9/MANIFEST.SKIP'
[MSG] [Thu Sep  1 17:30:13 2011] Extracted 'Module-Pluggable-3.9/INSTALL'
[MSG] [Thu Sep  1 17:30:13 2011] Extracted 'Module-Pluggable-3.9/Makefile.PL'
[MSG] [Thu Sep  1 17:30:13 2011] Extracted 'Module-Pluggable-3.9/lib/Devel/'
[MSG] [Thu Sep  1 17:30:13 2011] Extracted 'Module-Pluggable-3.9/lib/Module/'
[MSG] [Thu Sep  1 17:30:13 2011] Extracted 'Module-Pluggable-3.9/lib/Module/Pluggable/'
[MSG] [Thu Sep  1 17:30:13 2011] Extracted 'Module-Pluggable-3.9/lib/Module/Pluggable.pm'
[MSG] [Thu Sep  1 17:30:13 2011] Extracted 'Module-Pluggable-3.9/lib/Module/Pluggable/Object.pm'
[MSG] [Thu Sep  1 17:30:13 2011] Extracted 'Module-Pluggable-3.9/lib/Devel/InnerPackage.pm'
[MSG] [Thu Sep  1 17:30:13 2011] Extracted 'Module-Pluggable-3.9/t/lib/'
[MSG] [Thu Sep  1 17:30:13 2011] Extracted 'Module-Pluggable-3.9/t/acme/'
[MSG] [Thu Sep  1 17:30:13 2011] Extracted 'Module-Pluggable-3.9/t/20dodgy_files.t'
[MSG] [Thu Sep  1 17:30:13 2011] Extracted 'Module-Pluggable-3.9/t/11usetwice.t'
[MSG] [Thu Sep  1 17:30:13 2011] Extracted 'Module-Pluggable-3.9/t/13exceptregex.t'
[MSG] [Thu Sep  1 17:30:13 2011] Extracted 'Module-Pluggable-3.9/t/04acmepath.t'
[MSG] [Thu Sep  1 17:30:13 2011] Extracted 'Module-Pluggable-3.9/t/12onlyarray.t'
[MSG] [Thu Sep  1 17:30:13 2011] Extracted 'Module-Pluggable-3.9/t/10innerpack_inner.t'
[MSG] [Thu Sep  1 17:30:13 2011] Extracted 'Module-Pluggable-3.9/t/04acmedir_single.t'
[MSG] [Thu Sep  1 17:30:13 2011] Extracted 'Module-Pluggable-3.9/t/06multipath.t'
[MSG] [Thu Sep  1 17:30:13 2011] Extracted 'Module-Pluggable-3.9/t/12only.t'
[MSG] [Thu Sep  1 17:30:13 2011] Extracted 'Module-Pluggable-3.9/t/17devel_inner_package.t'
[MSG] [Thu Sep  1 17:30:13 2011] Extracted 'Module-Pluggable-3.9/t/18skipped_package.t'
[MSG] [Thu Sep  1 17:30:13 2011] Extracted 'Module-Pluggable-3.9/t/21editor_junk.t'
[MSG] [Thu Sep  1 17:30:13 2011] Extracted 'Module-Pluggable-3.9/t/10innerpack.t'
[MSG] [Thu Sep  1 17:30:13 2011] Extracted 'Module-Pluggable-3.9/t/13exceptarray.t'
[MSG] [Thu Sep  1 17:30:13 2011] Extracted 'Module-Pluggable-3.9/t/10innerpack_override.t'
[MSG] [Thu Sep  1 17:30:13 2011] Extracted 'Module-Pluggable-3.9/t/01use.t'
[MSG] [Thu Sep  1 17:30:13 2011] Extracted 'Module-Pluggable-3.9/t/13except.t'
[MSG] [Thu Sep  1 17:30:13 2011] Extracted 'Module-Pluggable-3.9/t/08nothing.t'
[MSG] [Thu Sep  1 17:30:13 2011] Extracted 'Module-Pluggable-3.9/t/14package.t'
[MSG] [Thu Sep  1 17:30:13 2011] Extracted 'Module-Pluggable-3.9/t/04acmepath_single.t'
[MSG] [Thu Sep  1 17:30:13 2011] Extracted 'Module-Pluggable-3.9/t/10innerpack_noinner.t'
[MSG] [Thu Sep  1 17:30:13 2011] Extracted 'Module-Pluggable-3.9/t/10innerpack_super.t'
[MSG] [Thu Sep  1 17:30:13 2011] Extracted 'Module-Pluggable-3.9/t/02works.t'
[MSG] [Thu Sep  1 17:30:13 2011] Extracted 'Module-Pluggable-3.9/t/15topicsafe.t'
[MSG] [Thu Sep  1 17:30:13 2011] Extracted 'Module-Pluggable-3.9/t/03diffname.t'
[MSG] [Thu Sep  1 17:30:13 2011] Extracted 'Module-Pluggable-3.9/t/16different_extension.t'
[MSG] [Thu Sep  1 17:30:13 2011] Extracted 'Module-Pluggable-3.9/t/02alsoworks.t'
[MSG] [Thu Sep  1 17:30:13 2011] Extracted 'Module-Pluggable-3.9/t/05postpath.t'
[MSG] [Thu Sep  1 17:30:13 2011] Extracted 'Module-Pluggable-3.9/t/12onlyregex.t'
[MSG] [Thu Sep  1 17:30:13 2011] Extracted 'Module-Pluggable-3.9/t/10innerpack_onefile.t'
[MSG] [Thu Sep  1 17:30:13 2011] Extracted 'Module-Pluggable-3.9/t/12onlyrequire.t'
[MSG] [Thu Sep  1 17:30:13 2011] Extracted 'Module-Pluggable-3.9/t/04acmedir.t'
[MSG] [Thu Sep  1 17:30:13 2011] Extracted 'Module-Pluggable-3.9/t/02works_taint.t'
[MSG] [Thu Sep  1 17:30:13 2011] Extracted 'Module-Pluggable-3.9/t/19can_ok_clobber.t'
[MSG] [Thu Sep  1 17:30:13 2011] Extracted 'Module-Pluggable-3.9/t/07instantiate.t'
[MSG] [Thu Sep  1 17:30:13 2011] Extracted 'Module-Pluggable-3.9/t/09require.t'
[MSG] [Thu Sep  1 17:30:13 2011] Extracted 'Module-Pluggable-3.9/t/acme/Acme/'
[MSG] [Thu Sep  1 17:30:13 2011] Extracted 'Module-Pluggable-3.9/t/acme/Acme/MyTest/'
[MSG] [Thu Sep  1 17:30:13 2011] Extracted 'Module-Pluggable-3.9/t/acme/Acme/MyTest/Plugin/'
[MSG] [Thu Sep  1 17:30:13 2011] Extracted 'Module-Pluggable-3.9/t/acme/Acme/MyTest/Plugin/Foo.pm'
[MSG] [Thu Sep  1 17:30:13 2011] Extracted 'Module-Pluggable-3.9/t/lib/MyTest/'
[MSG] [Thu Sep  1 17:30:13 2011] Extracted 'Module-Pluggable-3.9/t/lib/ExtTest/'
[MSG] [Thu Sep  1 17:30:13 2011] Extracted 'Module-Pluggable-3.9/t/lib/Acme/'
[MSG] [Thu Sep  1 17:30:13 2011] Extracted 'Module-Pluggable-3.9/t/lib/No/'
[MSG] [Thu Sep  1 17:30:13 2011] Extracted 'Module-Pluggable-3.9/t/lib/Zot/'
[MSG] [Thu Sep  1 17:30:13 2011] Extracted 'Module-Pluggable-3.9/t/lib/MyOtherTest/'
[MSG] [Thu Sep  1 17:30:13 2011] Extracted 'Module-Pluggable-3.9/t/lib/TA/'
[MSG] [Thu Sep  1 17:30:13 2011] Extracted 'Module-Pluggable-3.9/t/lib/EditorJunk/'
[MSG] [Thu Sep  1 17:30:13 2011] Extracted 'Module-Pluggable-3.9/t/lib/OddTest/'
[MSG] [Thu Sep  1 17:30:13 2011] Extracted 'Module-Pluggable-3.9/t/lib/InnerTest/'
[MSG] [Thu Sep  1 17:30:13 2011] Extracted 'Module-Pluggable-3.9/t/lib/InnerTest/Plugin/'
[MSG] [Thu Sep  1 17:30:13 2011] Extracted 'Module-Pluggable-3.9/t/lib/InnerTest/Plugin/Foo.pm'
[MSG] [Thu Sep  1 17:30:13 2011] Extracted 'Module-Pluggable-3.9/t/lib/OddTest/Plugin/'
[MSG] [Thu Sep  1 17:30:13 2011] Extracted 'Module-Pluggable-3.9/t/lib/OddTest/Plugin/Foo.pm'
[MSG] [Thu Sep  1 17:30:13 2011] Extracted 'Module-Pluggable-3.9/t/lib/EditorJunk/Plugin/'
[MSG] [Thu Sep  1 17:30:13 2011] Extracted 'Module-Pluggable-3.9/t/lib/EditorJunk/Plugin/Foo.pm'
[MSG] [Thu Sep  1 17:30:13 2011] Extracted 'Module-Pluggable-3.9/t/lib/EditorJunk/Plugin/Bar.pm~'
[MSG] [Thu Sep  1 17:30:13 2011] Extracted 'Module-Pluggable-3.9/t/lib/EditorJunk/Plugin/Bar.pm.swp'
[MSG] [Thu Sep  1 17:30:13 2011] Extracted 'Module-Pluggable-3.9/t/lib/EditorJunk/Plugin/Bar.pm'
[MSG] [Thu Sep  1 17:30:13 2011] Extracted 'Module-Pluggable-3.9/t/lib/EditorJunk/Plugin/Bar.pm.swo'
[MSG] [Thu Sep  1 17:30:13 2011] Extracted 'Module-Pluggable-3.9/t/lib/TA/C/'
[MSG] [Thu Sep  1 17:30:13 2011] Extracted 'Module-Pluggable-3.9/t/lib/TA/C/A/'
[MSG] [Thu Sep  1 17:30:13 2011] Extracted 'Module-Pluggable-3.9/t/lib/TA/C/A/I.pm'
[MSG] [Thu Sep  1 17:30:13 2011] Extracted 'Module-Pluggable-3.9/t/lib/MyOtherTest/Plugin/'
[MSG] [Thu Sep  1 17:30:13 2011] Extracted 'Module-Pluggable-3.9/t/lib/MyOtherTest/Plugin/Quux/'
[MSG] [Thu Sep  1 17:30:13 2011] Extracted 'Module-Pluggable-3.9/t/lib/MyOtherTest/Plugin/Bar.pm'
[MSG] [Thu Sep  1 17:30:13 2011] Extracted 'Module-Pluggable-3.9/t/lib/MyOtherTest/Plugin/Foo.pm'
[MSG] [Thu Sep  1 17:30:13 2011] Extracted 'Module-Pluggable-3.9/t/lib/MyOtherTest/Plugin/Quux.pm'
[MSG] [Thu Sep  1 17:30:13 2011] Extracted 'Module-Pluggable-3.9/t/lib/MyOtherTest/Plugin/Quux/Foo.pm'
[MSG] [Thu Sep  1 17:30:13 2011] Extracted 'Module-Pluggable-3.9/t/lib/Zot/.Zork.pm'
[MSG] [Thu Sep  1 17:30:13 2011] Extracted 'Module-Pluggable-3.9/t/lib/No/Middle.pm'
[MSG] [Thu Sep  1 17:30:13 2011] Extracted 'Module-Pluggable-3.9/t/lib/Acme/MyTest/'
[MSG] [Thu Sep  1 17:30:13 2011] Extracted 'Module-Pluggable-3.9/t/lib/Acme/Foo-Bar.pm'
[MSG] [Thu Sep  1 17:30:13 2011] Extracted 'Module-Pluggable-3.9/t/lib/Acme/MyTest/Plugin/'
[MSG] [Thu Sep  1 17:30:13 2011] Extracted 'Module-Pluggable-3.9/t/lib/Acme/MyTest/Plugin/Foo.pm'
[MSG] [Thu Sep  1 17:30:13 2011] Extracted 'Module-Pluggable-3.9/t/lib/ExtTest/Plugin/'
[MSG] [Thu Sep  1 17:30:13 2011] Extracted 'Module-Pluggable-3.9/t/lib/ExtTest/Plugin/Quux/'
[MSG] [Thu Sep  1 17:30:13 2011] Extracted 'Module-Pluggable-3.9/t/lib/ExtTest/Plugin/Bar.plugin'
[MSG] [Thu Sep  1 17:30:13 2011] Extracted 'Module-Pluggable-3.9/t/lib/ExtTest/Plugin/Foo.plugin'
[MSG] [Thu Sep  1 17:30:13 2011] Extracted 'Module-Pluggable-3.9/t/lib/ExtTest/Plugin/Quux/Foo.plugin'
[MSG] [Thu Sep  1 17:30:13 2011] Extracted 'Module-Pluggable-3.9/t/lib/MyTest/Extend/'
[MSG] [Thu Sep  1 17:30:13 2011] Extracted 'Module-Pluggable-3.9/t/lib/MyTest/Plugin/'
[MSG] [Thu Sep  1 17:30:13 2011] Extracted 'Module-Pluggable-3.9/t/lib/MyTest/Plugin/Bar.pm'
[MSG] [Thu Sep  1 17:30:13 2011] Extracted 'Module-Pluggable-3.9/t/lib/MyTest/Plugin/Quux/'
[MSG] [Thu Sep  1 17:30:13 2011] Extracted 'Module-Pluggable-3.9/t/lib/MyTest/Plugin/Foo.pm'
[MSG] [Thu Sep  1 17:30:13 2011] Extracted 'Module-Pluggable-3.9/t/lib/MyTest/Plugin/Quux/Foo.pm'
[MSG] [Thu Sep  1 17:30:13 2011] Extracted 'Module-Pluggable-3.9/t/lib/MyTest/Extend/Plugin/'
[MSG] [Thu Sep  1 17:30:13 2011] Extracted 'Module-Pluggable-3.9/t/lib/MyTest/Extend/Plugin/Bar.pm'
[MSG] [Thu Sep  1 17:30:13 2011] Extracted 'Module::Pluggable' to '/home/zhangzg/.cpanplus/5.8.8/build/Module-Pluggable-3.9'
[MSG] [Thu Sep  1 17:30:14 2011] 'Makefile' already exists, not running '/usr/bin/perl Makefile.PL' again  unless you force
[MSG] [Thu Sep  1 17:30:14 2011] DEFAULT 'filter_prereqs' HANDLER RETURNING 'sub return value'
[MSG] [Thu Sep  1 17:30:14 2011] Already ran '/usr/bin/make' for this module [Module::Pluggable] -- not running again unless you force
[MSG] [Thu Sep  1 17:30:20 2011] MAKE TEST passed: PERL_DL_NONLAZY=1 /usr/bin/perl "-MExtUtils::Command::MM" "-e" "test_harness(0, 'blib/lib', 'blib/arch')" t/*.t
t/01use.t .................. ok
t/02alsoworks.t ............ ok
t/02works.t ................ ok
t/02works_taint.t .......... ok
t/03diffname.t ............. ok
t/04acmedir.t .............. ok
t/04acmedir_single.t ....... ok
t/04acmepath.t ............. ok
t/04acmepath_single.t ...... ok
t/05postpath.t ............. ok
t/06multipath.t ............ ok
t/07instantiate.t .......... ok
t/08nothing.t .............. ok
t/09require.t .............. ok
t/10innerpack.t ............ ok
t/10innerpack_inner.t ...... ok
t/10innerpack_noinner.t .... ok
t/10innerpack_onefile.t .... ok
t/10innerpack_override.t ... ok
t/10innerpack_super.t ...... ok
t/11usetwice.t ............. ok
t/12only.t ................. ok
t/12onlyarray.t ............ ok
t/12onlyregex.t ............ ok
t/12onlyrequire.t .......... ok
t/13except.t ............... ok
t/13exceptarray.t .......... ok
t/13exceptregex.t .......... ok
t/14package.t .............. ok
t/15topicsafe.t ............ ok
t/16different_extension.t .. ok
t/17devel_inner_package.t .. ok
t/18skipped_package.t ...... ok
t/19can_ok_clobber.t ....... ok
t/20dodgy_files.t .......... ok
t/21editor_junk.t .......... ok
All tests successful.
Files=36, Tests=161,  5 wallclock secs ( 0.17 usr  0.63 sys +  2.03 cusr  2.43 csys =  5.26 CPU)
Result: PASS

[MSG] [Thu Sep  1 17:30:20 2011] Sending test report for 'Module-Pluggable-3.9'
[MSG] [Thu Sep  1 17:30:20 2011] DEFAULT 'munge_test_report' HANDLER RETURNING 'sub return value'
[MSG] [Thu Sep  1 17:30:20 2011] Successfully sent 'pass' report for 'Module-Pluggable-3.9'
[ERROR] [Thu Sep  1 17:30:53 2011] MAKE INSTALL failed: Bad file descriptor Can't coerce array into hash at /usr/lib/perl5/5.8.8/ExtUtils/Install.pm line 94.
make: *** [pure_site_install] Error 255

[MSG] [Thu Sep  1 17:30:53 2011] Can't coerce array into hash at /usr/lib/perl5/5.8.8/ExtUtils/Install.pm line 94.
make: *** [pure_site_install] Error 255
