CPAN: Term::ANSIColor loaded ok (v2.00)

cpan shell -- CPAN exploration and modules installation (v1.9402)
Enter 'h' for help.

cpan[1]> force install Devel::Declare
CPAN: Storable loaded ok (v2.21)
Going to read '/home/andreww/.cpan/Metadata'
  Database was generated on Fri, 14 May 2010 03:27:25 GMT
Running install for module 'Devel::Declare'
CPAN: YAML loaded ok (v0.71)
Running make for F/FL/FLORA/Devel-Declare-0.006000.tar.gz
CPAN: Digest::SHA loaded ok (v5.48)
CPAN: Compress::Zlib loaded ok (v2.027)
Checksum for /home/andreww/.cpan/sources/authors/id/F/FL/FLORA/Devel-Declare-0.006000.tar.gz ok
Scanning cache /home/andreww/.cpan/build for sizes
............................................................................DONE
CPAN: Archive::Tar loaded ok (v1.60)
Devel-Declare-0.006000/
Devel-Declare-0.006000/inc/
Devel-Declare-0.006000/inc/Module/
Devel-Declare-0.006000/inc/Module/Install/
Devel-Declare-0.006000/inc/Module/Install/MakeMaker.pm
Devel-Declare-0.006000/inc/Module/Install/Makefile.pm
Devel-Declare-0.006000/inc/Module/Install/Metadata.pm
Devel-Declare-0.006000/inc/Module/Install/Base.pm
Devel-Declare-0.006000/inc/Module/Install.pm
Devel-Declare-0.006000/Changes
Devel-Declare-0.006000/t/
Devel-Declare-0.006000/t/lines.t
Devel-Declare-0.006000/t/eval.t
Devel-Declare-0.006000/t/method-no-semi.t
Devel-Declare-0.006000/t/statement.t
Devel-Declare-0.006000/t/methinstaller-simple.t
Devel-Declare-0.006000/t/00load.t
Devel-Declare-0.006000/t/combi.t
Devel-Declare-0.006000/t/quote.t
Devel-Declare-0.006000/t/ctx-simple.t
Devel-Declare-0.006000/t/sugar.t
Devel-Declare-0.006000/t/ctx-simple-like-mxms.t
Devel-Declare-0.006000/t/pack.t
Devel-Declare-0.006000/t/no-bareword.t
Devel-Declare-0.006000/t/proto.t
Devel-Declare-0.006000/t/fail.t
Devel-Declare-0.006000/t/padstuff.t
Devel-Declare-0.006000/t/debug.t
Devel-Declare-0.006000/t/debug.pl
Devel-Declare-0.006000/t/new.t
Devel-Declare-0.006000/t/simple.t
Devel-Declare-0.006000/t/build_sub_installer.t
Devel-Declare-0.006000/t/method.t
Devel-Declare-0.006000/t/multiline-proto.t
Devel-Declare-0.006000/t/load_module.t
Devel-Declare-0.006000/t/method-installer-runtime.t
Devel-Declare-0.006000/Makefile.PL
Devel-Declare-0.006000/META.yml
Devel-Declare-0.006000/stolen_chunk_of_toke.c
Devel-Declare-0.006000/Declare.xs
Devel-Declare-0.006000/MANIFEST
Devel-Declare-0.006000/lib/
Devel-Declare-0.006000/lib/Devel/
Devel-Declare-0.006000/lib/Devel/Declare/
Devel-Declare-0.006000/lib/Devel/Declare/Context/
Devel-Declare-0.006000/lib/Devel/Declare/Context/Simple.pm
Devel-Declare-0.006000/lib/Devel/Declare/MethodInstaller/
Devel-Declare-0.006000/lib/Devel/Declare/MethodInstaller/Simple.pm
Devel-Declare-0.006000/lib/Devel/Declare.pm
Devel-Declare-0.006000/README
CPAN: File::Temp loaded ok (v0.22)
---- Unsatisfied dependencies detected during ----
----    FLORA/Devel-Declare-0.006000.tar.gz   ----
    B::Hooks::OP::Check [build_requires]
    ExtUtils::Depends [build_requires]
Running make test
  Make had some problems, won't test
  Delayed until after prerequisites
Running make install
  Make had some problems, won't install
  Delayed until after prerequisites
Running install for module 'B::Hooks::OP::Check'
Running make for F/FL/FLORA/B-Hooks-OP-Check-0.18.tar.gz
Checksum for /home/andreww/.cpan/sources/authors/id/F/FL/FLORA/B-Hooks-OP-Check-0.18.tar.gz ok
B-Hooks-OP-Check-0.18/
B-Hooks-OP-Check-0.18/inc/
B-Hooks-OP-Check-0.18/inc/Module/
B-Hooks-OP-Check-0.18/inc/Module/Install/
B-Hooks-OP-Check-0.18/inc/Module/Install/Can.pm
B-Hooks-OP-Check-0.18/inc/Module/Install/WriteAll.pm
B-Hooks-OP-Check-0.18/inc/Module/Install/Makefile.pm
B-Hooks-OP-Check-0.18/inc/Module/Install/ExtraTests.pm
B-Hooks-OP-Check-0.18/inc/Module/Install/Metadata.pm
B-Hooks-OP-Check-0.18/inc/Module/Install/Base.pm
B-Hooks-OP-Check-0.18/inc/Module/Install/Fetch.pm
B-Hooks-OP-Check-0.18/inc/Module/Install/Win32.pm
B-Hooks-OP-Check-0.18/inc/Module/Install.pm
B-Hooks-OP-Check-0.18/Check.xs
B-Hooks-OP-Check-0.18/ppport.h
B-Hooks-OP-Check-0.18/MANIFEST.SKIP
B-Hooks-OP-Check-0.18/Changes
B-Hooks-OP-Check-0.18/t/
B-Hooks-OP-Check-0.18/t/use.t
B-Hooks-OP-Check-0.18/hook_op_check.h
B-Hooks-OP-Check-0.18/Makefile.PL
B-Hooks-OP-Check-0.18/META.yml
B-Hooks-OP-Check-0.18/xt/
B-Hooks-OP-Check-0.18/xt/author/
B-Hooks-OP-Check-0.18/xt/author/pod.t
B-Hooks-OP-Check-0.18/MANIFEST
B-Hooks-OP-Check-0.18/lib/
B-Hooks-OP-Check-0.18/lib/B/
B-Hooks-OP-Check-0.18/lib/B/Hooks/
B-Hooks-OP-Check-0.18/lib/B/Hooks/OP/
B-Hooks-OP-Check-0.18/lib/B/Hooks/OP/Check.pm
B-Hooks-OP-Check-0.18/README
---- Unsatisfied dependencies detected during ----
----    FLORA/B-Hooks-OP-Check-0.18.tar.gz    ----
    ExtUtils::Depends [build_requires]
Running make test
  Make had some problems, won't test
  Delayed until after prerequisites
Running make install
  Make had some problems, won't install
  Delayed until after prerequisites
Running install for module 'ExtUtils::Depends'
Running make for T/TS/TSCH/ExtUtils-Depends-0.302.tar.gz
Checksum for /home/andreww/.cpan/sources/authors/id/T/TS/TSCH/ExtUtils-Depends-0.302.tar.gz ok
ExtUtils-Depends-0.302/
ExtUtils-Depends-0.302/t/
ExtUtils-Depends-0.302/t/01_load.t
ExtUtils-Depends-0.302/t/inc/
ExtUtils-Depends-0.302/t/inc/DepTest/
ExtUtils-Depends-0.302/t/inc/DepTest/DepTest.dll
ExtUtils-Depends-0.302/t/inc/DepTest/DepTest.lib
ExtUtils-Depends-0.302/t/inc/DepTest/libDepTest.dll.a
ExtUtils-Depends-0.302/t/inc/DepTest/Install/
ExtUtils-Depends-0.302/t/inc/DepTest/Install/.keep
ExtUtils-Depends-0.302/t/02_save_load.t
ExtUtils-Depends-0.302/t/04_extra_libs.t
ExtUtils-Depends-0.302/t/03_deps.t
ExtUtils-Depends-0.302/Changes
ExtUtils-Depends-0.302/MANIFEST
ExtUtils-Depends-0.302/MANIFEST.SKIP
ExtUtils-Depends-0.302/META.yml
ExtUtils-Depends-0.302/lib/
ExtUtils-Depends-0.302/lib/ExtUtils/
ExtUtils-Depends-0.302/lib/ExtUtils/Depends.pm
ExtUtils-Depends-0.302/perl-ExtUtils-Depends.spec.in
ExtUtils-Depends-0.302/README
ExtUtils-Depends-0.302/Makefile.PL

  CPAN.pm: Going to build T/TS/TSCH/ExtUtils-Depends-0.302.tar.gz

Checking if your kit is complete...
Looks good
Writing Makefile for ExtUtils::Depends
cp lib/ExtUtils/Depends.pm blib/lib/ExtUtils/Depends.pm
Manifying blib/man3/ExtUtils::Depends.3
  TSCH/ExtUtils-Depends-0.302.tar.gz
  /usr/bin/make -- OK
Running make test
PERL_DL_NONLAZY=1 /usr/local/bin/perl "-MExtUtils::Command::MM" "-e" "test_harness(0, 'blib/lib', 'blib/arch')" t/*.t
t/01_load.t ........ ok
t/02_save_load.t ... ok
t/03_deps.t ........ ok
t/04_extra_libs.t .. skipped: test only applicable to MSWin32 and cygwin
All tests successful.
Files=4, Tests=27,  0 wallclock secs ( 0.02 usr  0.00 sys +  0.13 cusr  0.01 csys =  0.16 CPU)
Result: PASS
  TSCH/ExtUtils-Depends-0.302.tar.gz
  /usr/bin/make test -- OK
Running make install
T/TS/TSCH/ExtUtils-Depends-0.302.tar.gz is just needed temporarily during building or testing. Do you want to install it permanently? [no] 
Not installing because is only 'build_requires'
Running make for F/FL/FLORA/B-Hooks-OP-Check-0.18.tar.gz
Prepending /home/andreww/.cpan/build/ExtUtils-Depends-0.302-E4bUAK/blib/arch /home/andreww/.cpan/build/ExtUtils-Depends-0.302-E4bUAK/blib/lib to PERL5LIB for 'get'
Prepending /home/andreww/.cpan/build/ExtUtils-Depends-0.302-E4bUAK/blib/arch /home/andreww/.cpan/build/ExtUtils-Depends-0.302-E4bUAK/blib/lib to PERL5LIB for 'make'

  CPAN.pm: Going to build F/FL/FLORA/B-Hooks-OP-Check-0.18.tar.gz

Checking if your kit is complete...
Looks good
Writing Makefile for B::Hooks::OP::Check
cp build/IFiles.pm blib/arch/B/Hooks/OP/Check/Install/Files.pm
cp lib/B/Hooks/OP/Check.pm blib/lib/B/Hooks/OP/Check.pm
cp hook_op_check.h blib/arch/B/Hooks/OP/Check/Install/hook_op_check.h
/usr/local/bin/perl "-Iinc" /usr/local/lib/perl5/5.10.1/ExtUtils/xsubpp  -typemap /usr/local/lib/perl5/5.10.1/ExtUtils/typemap  Check.xs > Check.xsc && mv Check.xsc Check.c
cc -c   -D_REENTRANT -D_GNU_SOURCE -fno-strict-aliasing -pipe -fstack-protector -I/usr/local/include -D_LARGEFILE_SOURCE -D_FILE_OFFSET_BITS=64 -O2   -DVERSION=\"0.18\" -DXS_VERSION=\"0.18\" -fPIC "-I/usr/local/lib/perl5/5.10.1/x86_64-linux-thread-multi/CORE"   Check.c
Running Mkbootstrap for B::Hooks::OP::Check ()
chmod 644 Check.bs
rm -f blib/arch/auto/B/Hooks/OP/Check/Check.so
cc  -shared -O2 -L/usr/local/lib -fstack-protector Check.o  -o blib/arch/auto/B/Hooks/OP/Check/Check.so         \
                \

chmod 755 blib/arch/auto/B/Hooks/OP/Check/Check.so
cp Check.bs blib/arch/auto/B/Hooks/OP/Check/Check.bs
chmod 644 blib/arch/auto/B/Hooks/OP/Check/Check.bs
Manifying blib/man3/B::Hooks::OP::Check.3
  FLORA/B-Hooks-OP-Check-0.18.tar.gz
  /usr/bin/make -- OK
Prepending /home/andreww/.cpan/build/ExtUtils-Depends-0.302-E4bUAK/blib/arch /home/andreww/.cpan/build/ExtUtils-Depends-0.302-E4bUAK/blib/lib to PERL5LIB for 'test'
Running make test
/usr/local/bin/perl "-Iinc" "-MModule::Install::ExtraTests" "-e" "Module::Install::ExtraTests::__harness('Test::Harness', 0, 'xt/author', '', '', 0, 'blib/lib', 'blib/arch')" t/*.t
t/use.t .. ok
All tests successful.
Files=1, Tests=1,  0 wallclock secs ( 0.02 usr  0.00 sys +  0.01 cusr  0.00 csys =  0.03 CPU)
Result: PASS
  FLORA/B-Hooks-OP-Check-0.18.tar.gz
  /usr/bin/make test -- OK
Running make install
F/FL/FLORA/B-Hooks-OP-Check-0.18.tar.gz is just needed temporarily during building or testing. Do you want to install it permanently? [no] 
Not installing because is only 'build_requires'
Running install for module 'ExtUtils::Depends'
Running make for T/TS/TSCH/ExtUtils-Depends-0.302.tar.gz
Prepending /home/andreww/.cpan/build/B-Hooks-OP-Check-0.18-saxu4r/blib/arch /home/andreww/.cpan/build/B-Hooks-OP-Check-0.18-saxu4r/blib/lib /home/andreww/.cpan/build/ExtUtils-Depends-0.302-E4bUAK/blib/arch /home/andreww/.cpan/build/ExtUtils-Depends-0.302-E4bUAK/blib/lib to PERL5LIB for 'get'
  Has already been unwrapped into directory /home/andreww/.cpan/build/ExtUtils-Depends-0.302-E4bUAK
Prepending /home/andreww/.cpan/build/B-Hooks-OP-Check-0.18-saxu4r/blib/arch /home/andreww/.cpan/build/B-Hooks-OP-Check-0.18-saxu4r/blib/lib /home/andreww/.cpan/build/ExtUtils-Depends-0.302-E4bUAK/blib/arch /home/andreww/.cpan/build/ExtUtils-Depends-0.302-E4bUAK/blib/lib to PERL5LIB for 'make'
  Has already been made
Prepending /home/andreww/.cpan/build/B-Hooks-OP-Check-0.18-saxu4r/blib/arch /home/andreww/.cpan/build/B-Hooks-OP-Check-0.18-saxu4r/blib/lib /home/andreww/.cpan/build/ExtUtils-Depends-0.302-E4bUAK/blib/arch /home/andreww/.cpan/build/ExtUtils-Depends-0.302-E4bUAK/blib/lib to PERL5LIB for 'test'
Running make test
  Has already been tested successfully
Running make install
T/TS/TSCH/ExtUtils-Depends-0.302.tar.gz is just needed temporarily during building or testing. Do you want to install it permanently? [no] 
Not installing because is only 'build_requires'
Running make for F/FL/FLORA/Devel-Declare-0.006000.tar.gz
Prepending /home/andreww/.cpan/build/B-Hooks-OP-Check-0.18-saxu4r/blib/arch /home/andreww/.cpan/build/B-Hooks-OP-Check-0.18-saxu4r/blib/lib /home/andreww/.cpan/build/ExtUtils-Depends-0.302-E4bUAK/blib/arch /home/andreww/.cpan/build/ExtUtils-Depends-0.302-E4bUAK/blib/lib to PERL5LIB for 'get'
Prepending /home/andreww/.cpan/build/B-Hooks-OP-Check-0.18-saxu4r/blib/arch /home/andreww/.cpan/build/B-Hooks-OP-Check-0.18-saxu4r/blib/lib /home/andreww/.cpan/build/ExtUtils-Depends-0.302-E4bUAK/blib/arch /home/andreww/.cpan/build/ExtUtils-Depends-0.302-E4bUAK/blib/lib to PERL5LIB for 'make'

  CPAN.pm: Going to build F/FL/FLORA/Devel-Declare-0.006000.tar.gz

Checking if your kit is complete...
Looks good
Writing Makefile for Devel::Declare
cp lib/Devel/Declare/Context/Simple.pm blib/lib/Devel/Declare/Context/Simple.pm
cp lib/Devel/Declare.pm blib/lib/Devel/Declare.pm
cp lib/Devel/Declare/MethodInstaller/Simple.pm blib/lib/Devel/Declare/MethodInstaller/Simple.pm
/usr/local/bin/perl "-Iinc" /usr/local/lib/perl5/5.10.1/ExtUtils/xsubpp  -typemap /usr/local/lib/perl5/5.10.1/ExtUtils/typemap  Declare.xs > Declare.xsc && mv Declare.xsc Declare.c
cc -c  -I/home/andreww/.cpan/build/B-Hooks-OP-Check-0.18-saxu4r/blib/arch/B/Hooks/OP/Check/Install -D_REENTRANT -D_GNU_SOURCE -fno-strict-aliasing -pipe -fstack-protector -I/usr/local/include -D_LARGEFILE_SOURCE -D_FILE_OFFSET_BITS=64 -O2   -DVERSION=\"0.006000\" -DXS_VERSION=\"0.006000\" -fPIC "-I/usr/local/lib/perl5/5.10.1/x86_64-linux-thread-multi/CORE"   Declare.c
Running Mkbootstrap for Devel::Declare ()
chmod 644 Declare.bs
rm -f blib/arch/auto/Devel/Declare/Declare.so
cc  -shared -O2 -L/usr/local/lib -fstack-protector Declare.o  -o blib/arch/auto/Devel/Declare/Declare.so        \
                \

chmod 755 blib/arch/auto/Devel/Declare/Declare.so
cp Declare.bs blib/arch/auto/Devel/Declare/Declare.bs
chmod 644 blib/arch/auto/Devel/Declare/Declare.bs
Manifying blib/man3/Devel::Declare.3
  FLORA/Devel-Declare-0.006000.tar.gz
  /usr/bin/make -- OK
Prepending /home/andreww/.cpan/build/B-Hooks-OP-Check-0.18-saxu4r/blib/arch /home/andreww/.cpan/build/B-Hooks-OP-Check-0.18-saxu4r/blib/lib /home/andreww/.cpan/build/ExtUtils-Depends-0.302-E4bUAK/blib/arch /home/andreww/.cpan/build/ExtUtils-Depends-0.302-E4bUAK/blib/lib to PERL5LIB for 'test'
Running make test
PERL_DL_NONLAZY=1 /usr/local/bin/perl "-MExtUtils::Command::MM" "-e" "test_harness(0, 'inc', 'blib/lib', 'blib/arch')" t/*.t
t/00load.t .................... ok
t/build_sub_installer.t ....... ok
t/combi.t ..................... ok
t/ctx-simple-like-mxms.t ...... ok
t/ctx-simple.t ................ ok
t/debug.t ..................... perldb: Must not source insecure rcfile ./.perldb.
        You or the superuser must be the owner, and it must not
        be writable by anyone but its owner.
t/debug.t ..................... ok
t/eval.t ...................... ok
t/fail.t ...................... ok
t/lines.t ..................... skipped: Can't locate B/Compiling.pm in @INC (@INC contains: /home/andreww/.cpan/build/Devel-Declare-0.006000-4ISfB2/inc /home/andreww/.cpan/build/Devel-Declare-0.006000-4ISfB2/blib/lib /home/andreww/.cpan/build/Devel-Declare-0.006000-4ISfB2/blib/arch /home/andreww/.cpan/build/B-Hooks-OP-Check-0.18-saxu4r/blib/arch /home/andreww/.cpan/build/B-Hooks-OP-Check-0.18-saxu4r/blib/lib /home/andreww/.cpan/build/ExtUtils-Depends-0.302-E4bUAK/blib/arch /home/andreww/.cpan/build/ExtUtils-Depends-0.302-E4bUAK/blib/lib /home/andreww/.cpan/build/B-Hooks-OP-Check-0.18-saxu4r/blib/arch /home/andreww/.cpan/build/B-Hooks-OP-Check-0.18-saxu4r/blib/lib /home/andreww/.cpan/build/ExtUtils-Depends-0.302-E4bUAK/blib/arch /home/andreww/.cpan/build/ExtUtils-Depends-0.302-E4bUAK/blib/lib /usr/local/lib/perl5/5.10.1/x86_64-linux-thread-multi /usr/local/lib/perl5/5.10.1 /usr/local/lib/perl5/site_perl/5.10.1/x86_64-linux-thread-multi /usr/local/lib/perl5/site_perl/5.10.1 .) at (eval 4) line 2.
t/load_module.t ............... ok
t/methinstaller-simple.t ...... ok
t/method-installer-runtime.t .. ok
t/method-no-semi.t ............ ok
t/method.t .................... ok
t/multiline-proto.t ........... ok
t/new.t ....................... ok
t/no-bareword.t ............... ok
t/pack.t ...................... ok
t/padstuff.t .................. ok
t/proto.t ..................... ok
t/quote.t ..................... ok
t/simple.t .................... ok
t/statement.t ................. ok
t/sugar.t ..................... ok
All tests successful.
Files=24, Tests=99,  1 wallclock secs ( 0.05 usr  0.02 sys +  0.60 cusr  0.14 csys =  0.81 CPU)
Result: PASS
  FLORA/Devel-Declare-0.006000.tar.gz
  /usr/bin/make test -- OK
Running make install
Prepending /home/andreww/.cpan/build/Devel-Declare-0.006000-4ISfB2/blib/arch /home/andreww/.cpan/build/Devel-Declare-0.006000-4ISfB2/blib/lib /home/andreww/.cpan/build/B-Hooks-OP-Check-0.18-saxu4r/blib/arch /home/andreww/.cpan/build/B-Hooks-OP-Check-0.18-saxu4r/blib/lib /home/andreww/.cpan/build/ExtUtils-Depends-0.302-E4bUAK/blib/arch /home/andreww/.cpan/build/ExtUtils-Depends-0.302-E4bUAK/blib/lib to PERL5LIB for 'install'
Files found in blib/arch: installing files in blib/lib into architecture dependent library tree
Appending installation info to /usr/local/lib/perl5/5.10.1/x86_64-linux-thread-multi/perllocal.pod
  FLORA/Devel-Declare-0.006000.tar.gz
  /usr/bin/make install  -- OK
Failed during this command:
 FLORA/B-Hooks-OP-Check-0.18.tar.gz           : install NO -- is only 'build_requires'
 TSCH/ExtUtils-Depends-0.302.tar.gz           : install NO -- is only 'build_requires'

cpan[2]>
