www-data@deschamps:~/.cpan/build/DBD-mysql-4.028-pmWzQK$ make test
PERL_DL_NONLAZY=1 /opt/perl5/perls/perl-5.20.1/bin/perl "-MExtUtils::Command::MM" "-MTest::Harness" "-e" "undef *Test::Harness::Switches; test_harness(0, 'blib/lib', 'blib/arch')" t/*.t
t/00base.t ........................... ok   
t/10connect.t ........................ ok   
t/15reconnect.t ...................... ok     
t/20createdrop.t ..................... ok   
t/25lockunlock.t ..................... ok     
t/29warnings.t ....................... ok     
t/30insertfetch.t .................... ok     
t/31insertid.t ....................... ok     
t/32insert_error.t ................... ok   
t/35limit.t .......................... ok       
t/35prepare.t ........................ ok     
t/40bindparam.t ...................... ok     
t/40bindparam2.t ..................... ok     
t/40blobs.t .......................... ok     
t/40catalog.t ........................ ok     
t/40keyinfo.t ........................ ok   
t/40listfields.t ..................... ok     
t/40nulls.t .......................... ok     
t/40nulls_prepare.t .................. ok     
t/40numrows.t ........................ ok     
t/40server_prepare.t ................. ok     
t/40server_prepare_error.t ........... ok   
t/40types.t .......................... ok    
t/41bindparam.t ...................... ok     
t/41blobs_prepare.t .................. ok     
t/42bindparam.t ...................... ok     
t/43count_params.t ................... ok     
t/50chopblanks.t ..................... ok     
t/50commit.t ......................... ok     
t/51bind_type_guessing.t ............. ok     
t/52comment.t ........................ ok     
t/53comment.t ........................ ok     
t/55utf8.t ........................... ok     
t/60leaks.t .......................... skipped: Skip $ENV{EXTENDED_TESTING} is not set
t/65segfault.t ....................... ok   
t/65types.t .......................... ok     
t/70takeimp.t ........................ ok     
t/71impdata.t ........................ ok     
t/75supported_sql.t .................. ok     
t/76multi_statement.t ................ 1/25 # Testing multicall against SQL_DBMS_VER: 5.5.39-MariaDB-0ubuntu0.14.04.1
t/76multi_statement.t ................ ok     
t/80procs.t .......................... ok     
t/81procs.t .......................... ok     
t/85init_command.t ................... ok   
t/86_bug_36972.t ..................... ok     
t/87async.t .......................... ok     
t/88async-multi-stmts.t .............. ok   
t/89async-method-check.t ............. ok       
t/90no-async.t ....................... skipped: Async support was built into this version of DBD::mysql
t/91errcheck.t ....................... ok   
t/99_bug_server_prepare_blob_null.t .. ok     
t/manifest.t ......................... skipped: these tests are for release testing
t/pod.t .............................. skipped: Test::Pod 1.00 required for testing POD
t/rt25389-bin-case.t ................. ok   
t/rt50304-column_info_parentheses.t .. ok   
t/rt83494-quotes-comments.t .......... ok   
t/rt85919-fetch-lost-connection.t .... ok   
t/rt86153-reconnect-fail-memory.t .... skipped: Skip $ENV{EXTENDED_TESTING} is not set
t/rt91715.t .......................... ok   
All tests successful.
Files=58, Tests=1320, 30 wallclock secs ( 0.34 usr  0.32 sys +  3.38 cusr  0.67 csys =  4.71 CPU)
Result: PASS

