*** On Git Bash ***
$ cd /c/home/garden/
$ git clone https://github.com/Corion/WWW-Mechanize-Chrome.git
$ cd WWW-Mechanize-Chrome
$ git show -s --format=%H
933bf92c00e1697c580a665d7abcdb0dcbe6f2f3


*** On Command Prompt ***
C:\home\garden>cd WWW-Mechanize-Chrome
C:\home\garden\WWW-Mechanize-Chrome>perl Makefile.PL
(Re)Creating lib/WWW/Mechanize/Chrome/Examples.pm
Checking if your kit is complete...
Looks good
Generating a gmake-style Makefile
Writing Makefile for WWW::Mechanize::Chrome
Writing MYMETA.yml and MYMETA.json

C:\home\garden\WWW-Mechanize-Chrome>gmake
cp lib/WWW/Mechanize/Chrome/DSL.pm blib\lib\WWW\Mechanize\Chrome\DSL.pm
cp lib/Chrome/DevToolsProtocol/Transport/AnyEvent.pm blib\lib\Chrome\DevToolsProtocol\Transport\AnyEvent.pm
cp lib/WWW/Mechanize/Chrome/Contributing.pod blib\lib\WWW\Mechanize\Chrome\Contributing.pod
cp lib/WWW/Mechanize/Chrome/Examples.pm blib\lib\WWW\Mechanize\Chrome\Examples.pm
cp lib/HTTP/Cookies/ChromeDevTools.pm blib\lib\HTTP\Cookies\ChromeDevTools.pm
cp lib/WWW/Mechanize/Chrome.pm blib\lib\WWW\Mechanize\Chrome.pm
cp edge.pl blib\lib\WWW\Mechanize\edge.pl
cp lib/Chrome/DevToolsProtocol/Transport/Mojo.pm blib\lib\Chrome\DevToolsProtocol\Transport\Mojo.pm
cp lib/WWW/Mechanize/Chrome/Install.pod blib\lib\WWW\Mechanize\Chrome\Install.pod
cp lib/WWW/Mechanize/Chrome/Troubleshooting.pm blib\lib\WWW\Mechanize\Chrome\Troubleshooting.pm
cp lib/WWW/Mechanize/Chrome/Cookbook.pm blib\lib\WWW\Mechanize\Chrome\Cookbook.pm
cp lib/Chrome/DevToolsProtocol/Transport/NetAsync.pm blib\lib\Chrome\DevToolsProtocol\Transport\NetAsync.pm
cp lib/Chrome/DevToolsProtocol.pm blib\lib\Chrome\DevToolsProtocol.pm
cp lib/WWW/Mechanize/Chrome/Node.pm blib\lib\WWW\Mechanize\Chrome\Node.pm
cp lib/Chrome/DevToolsProtocol/Transport.pm blib\lib\Chrome\DevToolsProtocol\Transport.pm

C:\home\garden\WWW-Mechanize-Chrome>gmake test
"C:\Strawberry\perl\bin\perl.exe" "-MExtUtils::Command::MM" "-MTest::Harness" "-e" "undef *Test::Harness::Switches; test_harness(0, 'blib\lib', 'blib\arch')" t/00-load.t t/01-chrome-devtools-protocol.t t/02-chrome-devtools-tab.t t/03-listener-leak-test.t t/47-mech-simplest.t t/49-launch.t t/49-mech-get-file.t t/49-mech-nav.t t/49-port.t t/50-follow-link.t t/50-form-with-fields.t t/50-form2.t t/50-mech-content.t t/50-mech-ct.t t/50-mech-encoding.t t/50-mech-eval.t t/50-mech-forms.t t/50-mech-get-nonexistent.t t/50-mech-get.t t/50-mech-new-dsl.t t/50-mech-new.t t/50-mech-redirect.t t/50-mech-start-url.t t/50-mech-status.t t/50-popup.t t/51-mech-form-with-fields.t t/51-mech-links.t t/51-mech-set-content.t t/51-mech-submit.t t/53-mech-capture-js-error.t t/56-render-content.t t/58-alert.t t/60-mech-cookies.t t/60-mech-custom-headers.t t/61-mech-download.t t/61-screencast.t t/62-networkstatus.t t/62-viewport-size.t t/65-is_visible.t t/65-save-content.t t/65-wait_until_visible.t t/70-mech-png.t t/75-classnames.t t/76-scroll.t t/77-reload-fragment.t t/78-memleak.t
t/00-load.t ...................... 1/1 # Testing WWW::Mechanize::Chrome 0.34, Perl 5.028000
# B 1.74
# Carp 1.50
# Carp::Heavy 1.50
# Chrome::DevToolsProtocol 0.34
# Chrome::DevToolsProtocol::EventListener <unknown>
# Chrome::DevToolsProtocol::Transport 0.34
# Class::Method::Modifiers 2.12
# Class::XSAccessor 1.19
# Class::XSAccessor::Heavy 1.19
# Config 5.028000
# Cwd 3.75
# Data::Dumper 2.170
# Devel::GlobalDestruction 0.14
# DynaLoader 1.45
# Encode 3.01
# Encode::Alias 2.24
# Encode::Config 2.05
# Encode::Encoding 2.08
# Encode::MIME::Name 1.03
# Errno 1.29
# Exporter 5.73
# Exporter::Heavy 5.73
# Fcntl 1.13
# File::Basename 2.85
# File::Spec 3.75
# File::Spec::Unix 3.75
# File::Spec::Win32 3.75
# Filter::Simple 0.95
# Filter::Util::Call 1.58
# Filter::signatures 0.15
# Future 0.41
# Future::Exception 0.41
# Future::HTTP 0.12
# HTML::Selector::XPath 0.25
# HTTP::Cookies 6.04
# HTTP::Cookies::ChromeDevTools 0.34
# HTTP::Cookies::Netscape 6.04
# HTTP::Date 6.02
# HTTP::Headers 6.18
# HTTP::Headers::Util 6.18
# HTTP::Message 6.18
# HTTP::Response 6.18
# HTTP::Status 6.18
# IO 1.39
# IO::Handle 1.39
# IO::Socket 1.39
# IO::Socket::INET 1.39
# IO::Socket::UNIX 1.39
# Importer 0.025
# JSON 4.02
# JSON::XS 4.02
# List::Util 1.5
# Log::Log4perl 1.47
# Log::Log4perl::Appender <unknown>
# Log::Log4perl::Appender::String <unknown>
# Log::Log4perl::Config <unknown>
# Log::Log4perl::Config::BaseConfigurator <unknown>
# Log::Log4perl::Config::PropertyConfigurator <unknown>
# Log::Log4perl::Config::Watch <unknown>
# Log::Log4perl::DateFormat <unknown>
# Log::Log4perl::Filter <unknown>
# Log::Log4perl::Filter::Boolean <unknown>
# Log::Log4perl::JavaMap <unknown>
# Log::Log4perl::Layout <unknown>
# Log::Log4perl::Layout::PatternLayout <unknown>
# Log::Log4perl::Layout::PatternLayout::Multiline <unknown>
# Log::Log4perl::Layout::SimpleLayout <unknown>
# Log::Log4perl::Level <unknown>
# Log::Log4perl::Logger <unknown>
# Log::Log4perl::MDC <unknown>
# Log::Log4perl::NDC <unknown>
# Log::Log4perl::Util <unknown>
# Log::Log4perl::Util::TimeTracker <unknown>
# MIME::Base64 3.15
# MIME::Charset 1.012.2
# Method::Generate::Accessor <unknown>
# Method::Generate::Constructor <unknown>
# Module::Runtime 0.016
# Moo 2.003004
# Moo::HandleMoose::_TypeMap <unknown>
# Moo::Object <unknown>
# Moo::_Utils <unknown>
# Moo::_mro <unknown>
# Moo::_strictures <unknown>
# Moo::sification <unknown>
# POSIX 1.84
# PerlIO 1.10
# Scalar::Util 1.5
# SelectSaver 1.02
# SelfLoader 1.25
# Socket 2.029
# Storable 3.1204
# Storable::Limit <unknown>
# Sub::Defer 2.006003
# Sub::Exporter::Progressive 0.001013
# Sub::Quote 2.006003
# Sub::Util 1.5
# Symbol 1.08
# Sys::Hostname 1.22
# Term::ReadKey 2.38
# Term::Size::Any 0.002
# Term::Size::Win32 0.209
# Term::Table 0.013
# Term::Table::Cell 0.013
# Term::Table::HashBase 0.003
# Term::Table::LineBreak 0.013
# Term::Table::Util 0.013
# Test::Builder 1.302162
# Test::Builder::Formatter 1.302162
# Test::Builder::Module 1.302162
# Test::Builder::TodoDiag 1.302162
# Test::More 1.302162
# Test2::API 1.302162
# Test2::API::Context 1.302162
# Test2::API::Instance 1.302162
# Test2::API::Stack 1.302162
# Test2::Event 1.302162
# Test2::Event::Bail 1.302162
# Test2::Event::Diag 1.302162
# Test2::Event::Exception 1.302162
# Test2::Event::Fail 1.302162
# Test2::Event::Note 1.302162
# Test2::Event::Ok 1.302162
# Test2::Event::Pass 1.302162
# Test2::Event::Plan 1.302162
# Test2::Event::Skip 1.302162
# Test2::Event::Subtest 1.302162
# Test2::Event::V2 1.302162
# Test2::Event::Waiting 1.302162
# Test2::EventFacet 1.302162
# Test2::EventFacet::About 1.302162
# Test2::EventFacet::Amnesty 1.302162
# Test2::EventFacet::Assert 1.302162
# Test2::EventFacet::Control 1.302162
# Test2::EventFacet::Error 1.302162
# Test2::EventFacet::Hub 1.302162
# Test2::EventFacet::Info 1.302162
# Test2::EventFacet::Meta 1.302162
# Test2::EventFacet::Parent 1.302162
# Test2::EventFacet::Plan 1.302162
# Test2::EventFacet::Trace 1.302162
# Test2::Formatter 1.302162
# Test2::Formatter::TAP 1.302162
# Test2::Hub 1.302162
# Test2::Hub::Interceptor 1.302162
# Test2::Hub::Interceptor::Terminator 1.302162
# Test2::Hub::Subtest 1.302162
# Test2::Util 1.302162
# Test2::Util::ExternalMeta 1.302162
# Test2::Util::Facets2Legacy 1.302162
# Test2::Util::HashBase 1.302162
# Test2::Util::Trace 1.302162
# Text::Balanced 2.03
# Tie::Hash 1.05
# Time::HiRes 1.976
# Time::Local 1.28
# Try::Tiny 0.30
# Types::Serialiser 1.0
# URI 1.76
# URI::Escape 3.31
# Unicode::GCString 2013.10
# Unicode::LineBreak 2019.001
# Unicode::LineBreak::Constants <unknown>
# WWW::Mechanize::Chrome 0.34
# WWW::Mechanize::Chrome::Node 0.34
# WWW::Mechanize::Link 1.91
# Win32::Console 0.10
# XSLoader 0.30
# attributes 0.33
# base 2.27
# bytes 1.06
# common::sense 3.74
# constant 1.33
# feature 1.52
# mro 1.22
# overload 1.30
# overloading 0.02
# parent 0.236
# re 0.36
# strict 1.11
# vars 1.04
# warnings 1.42
# warnings::register 1.04
t/00-load.t ...................... ok
t/01-chrome-devtools-protocol.t .. # Testing with C:/Program Files/Google/Chrome/Application/chrome.exe
# Using Chrome version 'HeadlessChrome/75.0.3770.90'
t/01-chrome-devtools-protocol.t .. ok
t/02-chrome-devtools-tab.t ....... # Testing with C:/Program Files/Google/Chrome/Application/chrome.exe
# Using Chrome version 'HeadlessChrome/75.0.3770.90'
t/02-chrome-devtools-tab.t ....... 1/4 # HeadlessChrome/75.0.3770.90
# Created new tab C12B5F0A7388F270B376D93F1042E8EE
# Closing tab
t/02-chrome-devtools-tab.t ....... ok
t/03-listener-leak-test.t ........ Use of uninitialized value $url in scalar chomp at C:\home\garden\perl5\lib\perl5/Test/HTTP/LocalServer.pm line 172.
Couldn't read back local server url at C:\home\garden\perl5\lib\perl5/Test/HTTP/LocalServer.pm line 173.
# Looks like your test exited with 30 before it could output anything.
*** (hangs) ***


*** Retry ***
C:\home\garden\WWW-Mechanize-Chrome>gmake test
"C:\Strawberry\perl\bin\perl.exe" "-MExtUtils::Command::MM" "-MTest::Harness" "-e" "undef *Test::Harness::Switches; test_harness(0, 'blib\lib', 'blib\arch')" t/00-load.t t/01-chrome-devtools-protocol.t t/02-chrome-devtools-tab.t t/03-listener-leak-test.t t/47-mech-simplest.t t/49-launch.t t/49-mech-get-file.t t/49-mech-nav.t t/49-port.t t/50-follow-link.t t/50-form-with-fields.t t/50-form2.t t/50-mech-content.t t/50-mech-ct.t t/50-mech-encoding.t t/50-mech-eval.t t/50-mech-forms.t t/50-mech-get-nonexistent.t t/50-mech-get.t t/50-mech-new-dsl.t t/50-mech-new.t t/50-mech-redirect.t t/50-mech-start-url.t t/50-mech-status.t t/50-popup.t t/51-mech-form-with-fields.t t/51-mech-links.t t/51-mech-set-content.t t/51-mech-submit.t t/53-mech-capture-js-error.t t/56-render-content.t t/58-alert.t t/60-mech-cookies.t t/60-mech-custom-headers.t t/61-mech-download.t t/61-screencast.t t/62-networkstatus.t t/62-viewport-size.t t/65-is_visible.t t/65-save-content.t t/65-wait_until_visible.t t/70-mech-png.t t/75-classnames.t t/76-scroll.t t/77-reload-fragment.t t/78-memleak.t
t/00-load.t ...................... 1/1 # Testing WWW::Mechanize::Chrome 0.34, Perl 5.028000
# B 1.74
# Carp 1.50
# Carp::Heavy 1.50
# Chrome::DevToolsProtocol 0.34
# Chrome::DevToolsProtocol::EventListener <unknown>
# Chrome::DevToolsProtocol::Transport 0.34
# Class::Method::Modifiers 2.12
# Class::XSAccessor 1.19
# Class::XSAccessor::Heavy 1.19
# Config 5.028000
# Cwd 3.75
# Data::Dumper 2.170
# Devel::GlobalDestruction 0.14
# DynaLoader 1.45
# Encode 3.01
# Encode::Alias 2.24
# Encode::Config 2.05
# Encode::Encoding 2.08
# Encode::MIME::Name 1.03
# Errno 1.29
# Exporter 5.73
# Exporter::Heavy 5.73
# Fcntl 1.13
# File::Basename 2.85
# File::Spec 3.75
# File::Spec::Unix 3.75
# File::Spec::Win32 3.75
# Filter::Simple 0.95
# Filter::Util::Call 1.58
# Filter::signatures 0.15
# Future 0.41
# Future::Exception 0.41
# Future::HTTP 0.12
# HTML::Selector::XPath 0.25
# HTTP::Cookies 6.04
# HTTP::Cookies::ChromeDevTools 0.34
# HTTP::Cookies::Netscape 6.04
# HTTP::Date 6.02
# HTTP::Headers 6.18
# HTTP::Headers::Util 6.18
# HTTP::Message 6.18
# HTTP::Response 6.18
# HTTP::Status 6.18
# IO 1.39
# IO::Handle 1.39
# IO::Socket 1.39
# IO::Socket::INET 1.39
# IO::Socket::UNIX 1.39
# Importer 0.025
# JSON 4.02
# JSON::XS 4.02
# List::Util 1.5
# Log::Log4perl 1.47
# Log::Log4perl::Appender <unknown>
# Log::Log4perl::Appender::String <unknown>
# Log::Log4perl::Config <unknown>
# Log::Log4perl::Config::BaseConfigurator <unknown>
# Log::Log4perl::Config::PropertyConfigurator <unknown>
# Log::Log4perl::Config::Watch <unknown>
# Log::Log4perl::DateFormat <unknown>
# Log::Log4perl::Filter <unknown>
# Log::Log4perl::Filter::Boolean <unknown>
# Log::Log4perl::JavaMap <unknown>
# Log::Log4perl::Layout <unknown>
# Log::Log4perl::Layout::PatternLayout <unknown>
# Log::Log4perl::Layout::PatternLayout::Multiline <unknown>
# Log::Log4perl::Layout::SimpleLayout <unknown>
# Log::Log4perl::Level <unknown>
# Log::Log4perl::Logger <unknown>
# Log::Log4perl::MDC <unknown>
# Log::Log4perl::NDC <unknown>
# Log::Log4perl::Util <unknown>
# Log::Log4perl::Util::TimeTracker <unknown>
# MIME::Base64 3.15
# MIME::Charset 1.012.2
# Method::Generate::Accessor <unknown>
# Method::Generate::Constructor <unknown>
# Module::Runtime 0.016
# Moo 2.003004
# Moo::HandleMoose::_TypeMap <unknown>
# Moo::Object <unknown>
# Moo::_Utils <unknown>
# Moo::_mro <unknown>
# Moo::_strictures <unknown>
# Moo::sification <unknown>
# POSIX 1.84
# PerlIO 1.10
# Scalar::Util 1.5
# SelectSaver 1.02
# SelfLoader 1.25
# Socket 2.029
# Storable 3.1204
# Storable::Limit <unknown>
# Sub::Defer 2.006003
# Sub::Exporter::Progressive 0.001013
# Sub::Quote 2.006003
# Sub::Util 1.5
# Symbol 1.08
# Sys::Hostname 1.22
# Term::ReadKey 2.38
# Term::Size::Any 0.002
# Term::Size::Win32 0.209
# Term::Table 0.013
# Term::Table::Cell 0.013
# Term::Table::HashBase 0.003
# Term::Table::LineBreak 0.013
# Term::Table::Util 0.013
# Test::Builder 1.302162
# Test::Builder::Formatter 1.302162
# Test::Builder::Module 1.302162
# Test::Builder::TodoDiag 1.302162
# Test::More 1.302162
# Test2::API 1.302162
# Test2::API::Context 1.302162
# Test2::API::Instance 1.302162
# Test2::API::Stack 1.302162
# Test2::Event 1.302162
# Test2::Event::Bail 1.302162
# Test2::Event::Diag 1.302162
# Test2::Event::Exception 1.302162
# Test2::Event::Fail 1.302162
# Test2::Event::Note 1.302162
# Test2::Event::Ok 1.302162
# Test2::Event::Pass 1.302162
# Test2::Event::Plan 1.302162
# Test2::Event::Skip 1.302162
# Test2::Event::Subtest 1.302162
# Test2::Event::V2 1.302162
# Test2::Event::Waiting 1.302162
# Test2::EventFacet 1.302162
# Test2::EventFacet::About 1.302162
# Test2::EventFacet::Amnesty 1.302162
# Test2::EventFacet::Assert 1.302162
# Test2::EventFacet::Control 1.302162
# Test2::EventFacet::Error 1.302162
# Test2::EventFacet::Hub 1.302162
# Test2::EventFacet::Info 1.302162
# Test2::EventFacet::Meta 1.302162
# Test2::EventFacet::Parent 1.302162
# Test2::EventFacet::Plan 1.302162
# Test2::EventFacet::Trace 1.302162
# Test2::Formatter 1.302162
# Test2::Formatter::TAP 1.302162
# Test2::Hub 1.302162
# Test2::Hub::Interceptor 1.302162
# Test2::Hub::Interceptor::Terminator 1.302162
# Test2::Hub::Subtest 1.302162
# Test2::Util 1.302162
# Test2::Util::ExternalMeta 1.302162
# Test2::Util::Facets2Legacy 1.302162
# Test2::Util::HashBase 1.302162
# Test2::Util::Trace 1.302162
# Text::Balanced 2.03
# Tie::Hash 1.05
# Time::HiRes 1.976
# Time::Local 1.28
# Try::Tiny 0.30
# Types::Serialiser 1.0
# URI 1.76
# URI::Escape 3.31
# Unicode::GCString 2013.10
# Unicode::LineBreak 2019.001
# Unicode::LineBreak::Constants <unknown>
# WWW::Mechanize::Chrome 0.34
# WWW::Mechanize::Chrome::Node 0.34
# WWW::Mechanize::Link 1.91
# Win32::Console 0.10
# XSLoader 0.30
# attributes 0.33
# base 2.27
# bytes 1.06
# common::sense 3.74
# constant 1.33
# feature 1.52
# mro 1.22
# overload 1.30
# overloading 0.02
# parent 0.236
# re 0.36
# strict 1.11
# vars 1.04
# warnings 1.42
# warnings::register 1.04
t/00-load.t ...................... ok
t/01-chrome-devtools-protocol.t .. # Testing with C:/Program Files/Google/Chrome/Application/chrome.exe
# Using Chrome version 'HeadlessChrome/75.0.3770.90'
t/01-chrome-devtools-protocol.t .. ok
t/02-chrome-devtools-tab.t ....... # Testing with C:/Program Files/Google/Chrome/Application/chrome.exe
# Using Chrome version 'HeadlessChrome/75.0.3770.90'
t/02-chrome-devtools-tab.t ....... 1/4 # HeadlessChrome/75.0.3770.90
# Created new tab F90580D72837D1FC950514221C17E281
# Closing tab
t/02-chrome-devtools-tab.t ....... ok
t/03-listener-leak-test.t ........ # Testing with C:/Program Files/Google/Chrome/Application/chrome.exe
# Using Chrome version 'HeadlessChrome/75.0.3770.90'
t/03-listener-leak-test.t ........ ok
t/47-mech-simplest.t ............. skipped: Couldn't connect to Chrome: Timeout while connecting to 127.0.0.1:9222. Do you maybe have a non-debug instance of Chrome already running? at C:\home\garden\WWW-Mechanize-Chrome\blib\lib/WWW/Mechanize/Chrome.pm line 731.
t/49-launch.t .................... ok
t/49-mech-get-file.t ............. # Testing with C:/Program Files/Google/Chrome/Application/chrome.exe
# Using Chrome version 'HeadlessChrome/75.0.3770.90'
t/49-mech-get-file.t ............. 1/14 # Loading C:\home\garden\WWW-Mechanize-Chrome\t\49-mech-get-file.html
# Loading C:\home\garden\WWW-Mechanize-Chrome\t\49-mech-get-file.html
t/49-mech-get-file.t ............. ok
t/49-mech-nav.t .................. # Testing with C:/Program Files/Google/Chrome/Application/chrome.exe
# Using Chrome version 'HeadlessChrome/75.0.3770.90'
t/49-mech-nav.t .................. ok
t/49-port.t ...................... # Testing with C:/Program Files/Google/Chrome/Application/chrome.exe
# Using Chrome version 'HeadlessChrome/75.0.3770.90'
t/49-port.t ...................... ok
t/50-follow-link.t ............... # Testing with C:/Program Files/Google/Chrome/Application/chrome.exe
# Using Chrome version 'HeadlessChrome/75.0.3770.90'
t/50-follow-link.t ............... ok
t/50-form-with-fields.t .......... # Testing with C:/Program Files/Google/Chrome/Application/chrome.exe
# Using Chrome version 'HeadlessChrome/75.0.3770.90'
t/50-form-with-fields.t .......... ok
t/50-form2.t ..................... # Testing with C:/Program Files/Google/Chrome/Application/chrome.exe
# Using Chrome version 'HeadlessChrome/75.0.3770.90'
t/50-form2.t ..................... ok
t/50-mech-content.t .............. # Testing with C:/Program Files/Google/Chrome/Application/chrome.exe
# Using Chrome version 'HeadlessChrome/75.0.3770.90'
t/50-mech-content.t .............. ok
t/50-mech-ct.t ................... # Testing with C:/Program Files/Google/Chrome/Application/chrome.exe
# Using Chrome version 'HeadlessChrome/75.0.3770.90'
t/50-mech-ct.t ................... ok
t/50-mech-encoding.t ............. # Testing with C:/Program Files/Google/Chrome/Application/chrome.exe
# Using Chrome version 'HeadlessChrome/75.0.3770.90'
t/50-mech-encoding.t ............. 1/4 # Length of content5394
# Length of content8715
t/50-mech-encoding.t ............. ok
t/50-mech-eval.t ................. # Testing with C:/Program Files/Google/Chrome/Application/chrome.exe
# Using Chrome version 'HeadlessChrome/75.0.3770.90'
t/50-mech-eval.t ................. ok
t/50-mech-forms.t ................ # Testing with C:/Program Files/Google/Chrome/Application/chrome.exe
# Using Chrome version 'HeadlessChrome/75.0.3770.90'
t/50-mech-forms.t ................ ok
t/50-mech-get-nonexistent.t ...... # Testing with C:/Program Files/Google/Chrome/Application/chrome.exe
# Using Chrome version 'HeadlessChrome/75.0.3770.90'
t/50-mech-get-nonexistent.t ...... ok
t/50-mech-get.t .................. # Testing with C:/Program Files/Google/Chrome/Application/chrome.exe
# Using Chrome version 'HeadlessChrome/75.0.3770.90'
t/50-mech-get.t .................. ok
t/50-mech-new-dsl.t .............. # Testing with C:/Program Files/Google/Chrome/Application/chrome.exe
# Using Chrome version 'HeadlessChrome/75.0.3770.90'
t/50-mech-new-dsl.t .............. ok
t/50-mech-new.t .................. # Testing with C:/Program Files/Google/Chrome/Application/chrome.exe
# Using Chrome version 'HeadlessChrome/75.0.3770.90'
# Tabs open in PID 7960: 3
# Releasing mechanize 7960
# Released mechanize
# Listing tabs
t/50-mech-new.t .................. ok
t/50-mech-redirect.t ............. # Testing with C:/Program Files/Google/Chrome/Application/chrome.exe
# Using Chrome version 'HeadlessChrome/75.0.3770.90'
t/50-mech-redirect.t ............. ok
t/50-mech-start-url.t ............ # Testing with C:/Program Files/Google/Chrome/Application/chrome.exe
# Using Chrome version 'HeadlessChrome/75.0.3770.90'
t/50-mech-start-url.t ............ ok
t/50-mech-status.t ............... # Testing with C:/Program Files/Google/Chrome/Application/chrome.exe
# Using Chrome version 'HeadlessChrome/75.0.3770.90'
t/50-mech-status.t ............... ok
t/50-popup.t ..................... # Testing with C:/Program Files/Google/Chrome/Application/chrome.exe
# Using Chrome version 'HeadlessChrome/75.0.3770.90'
t/50-popup.t ..................... 1/3 # But we don't know what window was opened
t/50-popup.t ..................... ok
t/51-mech-form-with-fields.t ..... # Testing with C:/Program Files/Google/Chrome/Application/chrome.exe
# Using Chrome version 'HeadlessChrome/75.0.3770.90'
t/51-mech-form-with-fields.t ..... ok
t/51-mech-links.t ................ # Testing with C:/Program Files/Google/Chrome/Application/chrome.exe
# Using Chrome version 'HeadlessChrome/75.0.3770.90'
t/51-mech-links.t ................ ok
t/51-mech-set-content.t .......... # Testing with C:/Program Files/Google/Chrome/Application/chrome.exe
# Using Chrome version 'HeadlessChrome/75.0.3770.90'
t/51-mech-set-content.t .......... ok
t/51-mech-submit.t ............... # Testing with C:/Program Files/Google/Chrome/Application/chrome.exe
# Using Chrome version 'HeadlessChrome/75.0.3770.90'
t/51-mech-submit.t ............... ok
t/53-mech-capture-js-error.t ..... # Testing with C:/Program Files/Google/Chrome/Application/chrome.exe
# Using Chrome version 'HeadlessChrome/75.0.3770.90'
t/53-mech-capture-js-error.t ..... 4/25 # File loaded
t/53-mech-capture-js-error.t ..... ok
t/56-render-content.t ............ # Testing with C:/Program Files/Google/Chrome/Application/chrome.exe
# Using Chrome version 'HeadlessChrome/75.0.3770.90'
t/56-render-content.t ............ ok
t/58-alert.t ..................... # Testing with C:/Program Files/Google/Chrome/Application/chrome.exe
# Using Chrome version 'HeadlessChrome/75.0.3770.90'
t/58-alert.t ..................... ok
t/60-mech-cookies.t .............. # Testing with C:/Program Files/Google/Chrome/Application/chrome.exe
# Using Chrome version 'HeadlessChrome/75.0.3770.90'
# Fetching cookie jar
t/60-mech-cookies.t .............. ok
t/60-mech-custom-headers.t ....... # Testing with C:/Program Files/Google/Chrome/Application/chrome.exe
# Using Chrome version 'HeadlessChrome/75.0.3770.90'
t/60-mech-custom-headers.t ....... ok
t/61-mech-download.t ............. # Testing with C:/Program Files/Google/Chrome/Application/chrome.exe
# Using Chrome version 'HeadlessChrome/75.0.3770.90'
t/61-mech-download.t ............. ok
t/61-screencast.t ................ # Testing with C:/Program Files/Google/Chrome/Application/chrome.exe
# Using Chrome version 'HeadlessChrome/75.0.3770.90'
t/61-screencast.t ................ ok
t/62-networkstatus.t ............. # Testing with C:/Program Files/Google/Chrome/Application/chrome.exe
# Using Chrome version 'HeadlessChrome/75.0.3770.90'
t/62-networkstatus.t ............. ok
t/62-viewport-size.t ............. # Testing with C:/Program Files/Google/Chrome/Application/chrome.exe
# Using Chrome version 'HeadlessChrome/75.0.3770.90'
t/62-viewport-size.t ............. ok
t/65-is_visible.t ................ # Testing with C:/Program Files/Google/Chrome/Application/chrome.exe
# Using Chrome version 'HeadlessChrome/75.0.3770.90'
t/65-is_visible.t ................ ok
t/65-save-content.t .............. # Testing with C:/Program Files/Google/Chrome/Application/chrome.exe
# Using Chrome version 'HeadlessChrome/75.0.3770.90'
t/65-save-content.t .............. 1/4 Will save http://127.0.0.1:51484/ at C:\home\garden\WWW-Mechanize-Chrome\blib\lib/WWW/Mechanize/Chrome.pm line 4635.
t/65-save-content.t .............. ok
t/65-wait_until_visible.t ........ # Testing with C:/Program Files/Google/Chrome/Application/chrome.exe
# Using Chrome version 'HeadlessChrome/75.0.3770.90'
t/65-wait_until_visible.t ........ ok
t/70-mech-png.t .................. # Testing with C:/Program Files/Google/Chrome/Application/chrome.exe
# Using Chrome version 'HeadlessChrome/75.0.3770.90'
t/70-mech-png.t .................. ok
t/75-classnames.t ................ # Testing with C:/Program Files/Google/Chrome/Application/chrome.exe
# Using Chrome version 'HeadlessChrome/75.0.3770.90'
t/75-classnames.t ................ ok
t/76-scroll.t .................... # Testing with C:/Program Files/Google/Chrome/Application/chrome.exe
# Using Chrome version 'HeadlessChrome/75.0.3770.90'
t/76-scroll.t .................... ok
t/77-reload-fragment.t ........... # Testing with C:/Program Files/Google/Chrome/Application/chrome.exe
# Using Chrome version 'HeadlessChrome/75.0.3770.90'
t/77-reload-fragment.t ........... ok
t/78-memleak.t ................... # Testing with C:/Program Files/Google/Chrome/Application/chrome.exe
# Using Chrome version 'HeadlessChrome/75.0.3770.90'
t/78-memleak.t ................... ok
All tests successful.
Files=46, Tests=382, 418 wallclock secs ( 0.30 usr +  0.59 sys =  0.89 CPU)
Result: PASS

C:\home\garden\WWW-Mechanize-Chrome>
