Going to read '/home/vlefevre/.cpan/Metadata'
  Database was generated on Tue, 05 Jun 2012 00:07:03 GMT
Running install for module 'Sys::Info::Driver::Linux'
Running make for B/BU/BURAK/Sys-Info-Driver-Linux-0.7900.tar.gz
Checksum for /home/vlefevre/.cpan/sources/authors/id/B/BU/BURAK/Sys-Info-Driver-Linux-0.7900.tar.gz ok

  CPAN.pm: Going to build B/BU/BURAK/Sys-Info-Driver-Linux-0.7900.tar.gz

Created MYMETA.yml and MYMETA.json
Creating new 'Build' script for 'Sys-Info-Driver-Linux' version '0.7900'
Building Sys-Info-Driver-Linux
  BURAK/Sys-Info-Driver-Linux-0.7900.tar.gz
  ./Build -- OK
'YAML' not installed, will not store persistent state
Running Build test
UNAME: Linux ypig 3.2.0-2-amd64 #1 SMP Fri Jun 1 17:49:08 UTC 2012 x86_64 GNU/Linux

t/03-basic.t .......... ok
t/201-pod.t ........... skipped: Errors detected: Test::Pod is required for testing POD
t/202-pod-coverage.t .. skipped: Test::Pod::Coverage required for testing pod coverage
All tests successful.
Files=3, Tests=66,  0 wallclock secs ( 0.01 usr  0.02 sys +  0.14 cusr  0.02 csys =  0.19 CPU)
Result: PASS
  BURAK/Sys-Info-Driver-Linux-0.7900.tar.gz
  ./Build test -- OK
Running Build install
Building Sys-Info-Driver-Linux
Installing /home/vlefevre/perl5/lib/perl5/Sys/Info/Driver/Linux.pm
Installing /home/vlefevre/perl5/lib/perl5/Sys/Info/Driver/Linux/OS.pm
Installing /home/vlefevre/perl5/lib/perl5/Sys/Info/Driver/Linux/Constants.pm
Installing /home/vlefevre/perl5/lib/perl5/Sys/Info/Driver/Linux/Device.pm
Installing /home/vlefevre/perl5/lib/perl5/Sys/Info/Driver/Linux/OS/Distribution.pm
Installing /home/vlefevre/perl5/lib/perl5/Sys/Info/Driver/Linux/OS/Distribution/Conf.pm
Installing /home/vlefevre/perl5/lib/perl5/Sys/Info/Driver/Linux/Device/CPU.pm
Installing /home/vlefevre/perl5/man/man3/Sys::Info::Driver::Linux::OS.3pm
Installing /home/vlefevre/perl5/man/man3/Sys::Info::Driver::Linux.3pm
Installing /home/vlefevre/perl5/man/man3/Sys::Info::Driver::Linux::Device::CPU.3pm
Installing /home/vlefevre/perl5/man/man3/Sys::Info::Driver::Linux::OS::Distribution::Conf.3pm
Installing /home/vlefevre/perl5/man/man3/Sys::Info::Driver::Linux::OS::Distribution.3pm
Installing /home/vlefevre/perl5/man/man3/Sys::Info::Driver::Linux::Device.3pm
Installing /home/vlefevre/perl5/man/man3/Sys::Info::Driver::Linux::Constants.3pm
  BURAK/Sys-Info-Driver-Linux-0.7900.tar.gz
  ./Build install  -- OK
Exit status: 0
