"C:\Strawberry\perl\bin\perl.exe" "-MExtUtils::Command::MM" "-MTest::Harness" "-e" "undef *Test::Harness::Switches; test_harness(0, 'blib\lib', 'blib\arch')" t/*.t
t/00.load.t ........ 1/1 # Testing Firefox::Marionette 0.98
t/00.load.t ........ ok
t/01-marionette.t .. # Version is
# This firefox installation has 1 existing profiles
t/01-marionette.t .. 1/? **** DEPRECATED - firefox_binary HAS BEEN REPLACED BY firefox **** at t/01-marionette.t line 418.
# TLS/Network seem okay
t/01-marionette.t .. 5/? # Testing has been running for 2 seconds at t/01-marionette.t line 465
Use of uninitialized value $version_string in pattern match (m//) at C:\Strawberry\cpan\build\Firefox-Marionette-0.98-0\blib\lib/Firefox/Marionette.pm line 1316.
Use of uninitialized value $version_string in concatenation (.) or string at C:\Strawberry\cpan\build\Firefox-Marionette-0.98-0\blib\lib/Firefox/Marionette.pm line 1328.
# Exception in t/01-marionette.t at line 465 during new:'C:\PROGRA~2\MOZILL~1\firefox.exe --version' did not produce output that looks like 'Mozilla Firefox \d+[.]\d+([.]\d+)?[[:alpha:]]*\s*$': in t/01-marionette.t at line 201
# Failed to start in MSWin32:'C:\PROGRA~2\MOZILL~1\firefox.exe --version' did not produce output that looks like 'Mozilla Firefox \d+[.]\d+([.]\d+)?[[:alpha:]]*\s*$': in t/01-marionette.t at line 201
t/01-marionette.t .. 10/? Use of uninitialized value $major_version in numeric lt (<) at t/01-marionette.t line 578.
# Testing has been running for 3 seconds at t/01-marionette.t line 633
Use of uninitialized value $version_string in pattern match (m//) at C:\Strawberry\cpan\build\Firefox-Marionette-0.98-0\blib\lib/Firefox/Marionette.pm line 1316.
Use of uninitialized value $version_string in concatenation (.) or string at C:\Strawberry\cpan\build\Firefox-Marionette-0.98-0\blib\lib/Firefox/Marionette.pm line 1328.
# Exception in t/01-marionette.t at line 633 during new:'C:\PROGRA~2\MOZILL~1\firefox.exe --version' did not produce output that looks like 'Mozilla Firefox \d+[.]\d+([.]\d+)?[[:alpha:]]*\s*$': in t/01-marionette.t at line 201
# Failed to start in MSWin32:'C:\PROGRA~2\MOZILL~1\firefox.exe --version' did not produce output that looks like 'Mozilla Firefox \d+[.]\d+([.]\d+)?[[:alpha:]]*\s*$': in t/01-marionette.t at line 201
# Testing has been running for 3 seconds at t/01-marionette.t line 807
Use of uninitialized value $version_string in pattern match (m//) at C:\Strawberry\cpan\build\Firefox-Marionette-0.98-0\blib\lib/Firefox/Marionette.pm line 1316.
Use of uninitialized value $version_string in concatenation (.) or string at C:\Strawberry\cpan\build\Firefox-Marionette-0.98-0\blib\lib/Firefox/Marionette.pm line 1328.
# Exception in t/01-marionette.t at line 807 during new:'C:\PROGRA~2\MOZILL~1\firefox.exe --version' did not produce output that looks like 'Mozilla Firefox \d+[.]\d+([.]\d+)?[[:alpha:]]*\s*$': in t/01-marionette.t at line 201
# Failed to start in MSWin32:'C:\PROGRA~2\MOZILL~1\firefox.exe --version' did not produce output that looks like 'Mozilla Firefox \d+[.]\d+([.]\d+)?[[:alpha:]]*\s*$': in t/01-marionette.t at line 201
# Testing has been running for 3 seconds at t/01-marionette.t line 830
<< 50:{"applicationType":"gecko","marionetteProtocol":3}
>> 352:[0,1,"WebDriver:NewSession",{"capabilities":{"requiredCapabilities":{"proxy":{"sslProxy":"proxy.example.org:3128","ftpProxy":"proxy.example.org:3128","httpProxy":"proxy.example.org:3128","proxyType":"manual"}}},"proxy":{"sslProxy":"proxy.example.org:3128","ftpProxy":"proxy.example.org:3128","httpProxy":"proxy.example.org:3128","proxyType":"manual"}}]
<< 1044:[1,1,null,{"sessionId":"18444963-f096-44fa-82a9-29e7e3695651","capabilities":{"browserName":"firefox","browserVersion":"78.3.0","platformName":"windows","platformVersion":"6.1","acceptInsecureCerts":false,"pageLoadStrategy":"normal","proxy":{"proxyType":"manual","ftpProxy":"proxy.example.org:3128","httpProxy":"proxy.example.org:3128","sslProxy":"proxy.example.org:3128"},"setWindowRect":true,"timeouts":{"implicit":0,"pageLoad":300000,"script":30000},"strictFileInteractability":false,"unhandledPromptBehavior":"dismiss and notify","rotatable":false,"moz:accessibilityChecks":false,"moz:buildID":"20200914174320","moz:headless":true,"moz:processID":6716,"moz:profile":"C:\\Users\\Heinrich\\AppData\\Local\\Temp\\firefox_marionette_local_hId9zFLaofP\\profile","moz:shutdownTimeout":60000,"moz:useNonSpecCompliantPointerOrigin":false,"moz:webdriverClick":true,"capabilities":{"requiredCapabilities":{"proxy":{"sslProxy":"proxy.example.org:3128","ftpProxy":"proxy.example.org:3128","httpProxy":"proxy.example.org:3128","proxyType":"manual"}}}}}]
>> 33:[0,2,"WebDriver:GetCapabilities"]
t/01-marionette.t .. 80/? << 993:[1,2,null,{"capabilities":{"browserName":"firefox","browserVersion":"78.3.0","platformName":"windows","platformVersion":"6.1","acceptInsecureCerts":false,"pageLoadStrategy":"normal","proxy":{"proxyType":"manual","ftpProxy":"proxy.example.org:3128","httpProxy":"proxy.example.org:3128","sslProxy":"proxy.example.org:3128"},"setWindowRect":true,"timeouts":{"implicit":0,"pageLoad":300000,"script":30000},"strictFileInteractability":false,"unhandledPromptBehavior":"dismiss and notify","rotatable":false,"moz:accessibilityChecks":false,"moz:buildID":"20200914174320","moz:headless":true,"moz:processID":6716,"moz:profile":"C:\\Users\\Heinrich\\AppData\\Local\\Temp\\firefox_marionette_local_hId9zFLaofP\\profile","moz:shutdownTimeout":60000,"moz:useNonSpecCompliantPointerOrigin":false,"moz:webdriverClick":true,"capabilities":{"requiredCapabilities":{"proxy":{"sslProxy":"proxy.example.org:3128","ftpProxy":"proxy.example.org:3128","httpProxy":"proxy.example.org:3128","proxyType":"manual"}}}}}]
>> 50:[0,3,"Marionette:Quit",{"flags":["eAttemptQuit"]}]
<< 31:[1,3,null,{"cause":"shutdown"}]
t/01-marionette.t .. 86/? # Testing has been running for 21 seconds at t/01-marionette.t line 854
Use of uninitialized value $version_string in pattern match (m//) at C:\Strawberry\cpan\build\Firefox-Marionette-0.98-0\blib\lib/Firefox/Marionette.pm line 1316.
Use of uninitialized value $version_string in concatenation (.) or string at C:\Strawberry\cpan\build\Firefox-Marionette-0.98-0\blib\lib/Firefox/Marionette.pm line 1328.
# Exception in t/01-marionette.t at line 854 during new:'C:\PROGRA~2\MOZILL~1\firefox.exe --version' did not produce output that looks like 'Mozilla Firefox \d+[.]\d+([.]\d+)?[[:alpha:]]*\s*$': in t/01-marionette.t at line 201
# Failed to start in MSWin32:'C:\PROGRA~2\MOZILL~1\firefox.exe --version' did not produce output that looks like 'Mozilla Firefox \d+[.]\d+([.]\d+)?[[:alpha:]]*\s*$': in t/01-marionette.t at line 201
# Testing has been running for 21 seconds at t/01-marionette.t line 967
Use of uninitialized value $version_string in pattern match (m//) at C:\Strawberry\cpan\build\Firefox-Marionette-0.98-0\blib\lib/Firefox/Marionette.pm line 1316.
Use of uninitialized value $version_string in concatenation (.) or string at C:\Strawberry\cpan\build\Firefox-Marionette-0.98-0\blib\lib/Firefox/Marionette.pm line 1328.
# Exception in t/01-marionette.t at line 967 during new:'C:\PROGRA~2\MOZILL~1\firefox.exe --version' did not produce output that looks like 'Mozilla Firefox \d+[.]\d+([.]\d+)?[[:alpha:]]*\s*$': in t/01-marionette.t at line 201
# Failed to start in MSWin32:'C:\PROGRA~2\MOZILL~1\firefox.exe --version' did not produce output that looks like 'Mozilla Firefox \d+[.]\d+([.]\d+)?[[:alpha:]]*\s*$': in t/01-marionette.t at line 201
# HAR support is not available for Firefox versions less than 61
# Testing has been running for 21 seconds at t/01-marionette.t line 992
<< 50:{"applicationType":"gecko","marionetteProtocol":3}
>> 73:[0,1,"WebDriver:NewSession",{"capabilities":{"requiredCapabilities":{}}}]
<< 722:[1,1,null,{"sessionId":"6783c02c-dd94-4b10-82e1-729dece8879f","capabilities":{"browserName":"firefox","browserVersion":"78.3.0","platformName":"windows",
"platformVersion":"6.1","acceptInsecureCerts":false,"pageLoadStrategy":"normal","setWindowRect":true,"timeouts":{"implicit":0,"pageLoad":300000,"script":30000},"strictFileInteractability":false,"unhandledPromptBehavior":"dismiss and notify","rotatable":false,"moz:accessibilityChecks":false,"moz:buildID":"20200914174320","moz:headless":true,"moz:processID":7848,"moz:profile":"C:\\Users\\Heinrich\\AppData\\Local\\Temp\\firefox_marionette_local_mIeAGRpPSVK\\profile","moz:shutdownTimeout":60000,"moz:useNonSpecCompliantPointerOrigin":false,"moz:webdriverClick":true}}]
>> 33:[0,2,"WebDriver:GetCapabilities"]
t/01-marionette.t .. 97/? << 671:[1,2,null,{"capabilities":{"browserName":"firefox","browserVersion":"78.3.0","platformName":"windows","platformVersion":"6.1","acceptInsecureCerts":false,"pageLoadStrategy":"normal","setWindowRect":true,"timeouts":{"implicit":0,"pageLoad":300000,"script":30000},"strictFileInteractability":false,"unhandledPromptBehavior":"dismiss and notify","rotatable":false,"moz:accessibilityChecks":false,"moz:buildID":"20200914174320","moz:headless":true,"moz:processID":7848,"moz:profile":"C:\\Users\\Heinrich\\AppData\\Local\\Temp\\firefox_marionette_local_mIeAGRpPSVK\\profile","moz:shutdownTimeout":60000,"moz:useNonSpecCompliantPointerOrigin":false,"moz:webdriverClick":true}}]
>> 181:[0,3,"WebDriver:Navigate",{"value":"https://fastapi.metacpan.org/author/DDICK","url":"https://fastapi.metacpan.org/author/DDICK","sessionId":"6783c02c-dd94-4b10-82e1-729dece8879f"}]
<< 25:[1,3,null,{"value":null}]
Use of uninitialized value $major_version in numeric lt (<) at t/01-marionette.t line 1011.
t/01-marionette.t .. 100/? # Testing has been running for 30 seconds at t/01-marionette.t line 1021
Use of uninitialized value $version_string in pattern match (m//) at C:\Strawberry\cpan\build\Firefox-Marionette-0.98-0\blib\lib/Firefox/Marionette.pm line 1316.
Use of uninitialized value $version_string in concatenation (.) or string at C:\Strawberry\cpan\build\Firefox-Marionette-0.98-0\blib\lib/Firefox/Marionette.pm line 1328.
# Exception in t/01-marionette.t at line 1021 during new:'C:\PROGRA~2\MOZILL~1\firefox.exe --version' did not produce output that looks like 'Mozilla Firefox \d+[.]\d+([.]\d+)?[[:alpha:]]*\s*$': in t/01-marionette.t at line 201
# Failed to start in MSWin32:'C:\PROGRA~2\MOZILL~1\firefox.exe --version' did not produce output that looks like 'Mozilla Firefox \d+[.]\d+([.]\d+)?[[:alpha:]]*\s*$': in t/01-marionette.t at line 201
>> 50:[0,4,"Marionette:Quit",{"flags":["eAttemptQuit"]}]
<< 31:[1,4,null,{"cause":"shutdown"}]
t/01-marionette.t .. 102/? # Testing has been running for 35 seconds at t/01-marionette.t line 1919
Use of uninitialized value $version_string in pattern match (m//) at C:\Strawberry\cpan\build\Firefox-Marionette-0.98-0\blib\lib/Firefox/Marionette.pm line 1316.
Use of uninitialized value $version_string in concatenation (.) or string at C:\Strawberry\cpan\build\Firefox-Marionette-0.98-0\blib\lib/Firefox/Marionette.pm line 1328.
# Exception in t/01-marionette.t at line 1919 during new:'C:\PROGRA~2\MOZILL~1\firefox.exe --version' did not produce output that looks like 'Mozilla Firefox \d+[.]\d+([.]\d+)?[[:alpha:]]*\s*$': in t/01-marionette.t at line 201
# Failed to start in MSWin32:'C:\PROGRA~2\MOZILL~1\firefox.exe --version' did not produce output that looks like 'Mozilla Firefox \d+[.]\d+([.]\d+)?[[:alpha:]]*\s*$': in t/01-marionette.t at line 201
# Testing has been running for 35 seconds at t/01-marionette.t line 2022
Use of uninitialized value $version_string in pattern match (m//) at C:\Strawberry\cpan\build\Firefox-Marionette-0.98-0\blib\lib/Firefox/Marionette.pm line 1316.
Use of uninitialized value $version_string in concatenation (.) or string at C:\Strawberry\cpan\build\Firefox-Marionette-0.98-0\blib\lib/Firefox/Marionette.pm line 1328.
# Exception in t/01-marionette.t at line 2022 during new:'C:\PROGRA~2\MOZILL~1\firefox.exe --version' did not produce output that looks like 'Mozilla Firefox \d+[.]\d+([.]\d+)?[[:alpha:]]*\s*$': in t/01-marionette.t at line 201
# Failed to start in MSWin32:'C:\PROGRA~2\MOZILL~1\firefox.exe --version' did not produce output that looks like 'Mozilla Firefox \d+[.]\d+([.]\d+)?[[:alpha:]]*\s*$': in t/01-marionette.t at line 201
t/01-marionette.t .. 358/? # Testing has been running for 36 seconds at t/01-marionette.t line 2142
Use of uninitialized value $version_string in pattern match (m//) at C:\Strawberry\cpan\build\Firefox-Marionette-0.98-0\blib\lib/Firefox/Marionette.pm line 1316.
Use of uninitialized value $version_string in concatenation (.) or string at C:\Strawberry\cpan\build\Firefox-Marionette-0.98-0\blib\lib/Firefox/Marionette.pm line 1328.
# Exception in t/01-marionette.t at line 2142 during new:'C:\PROGRA~2\MOZILL~1\firefox.exe --version' did not produce output that looks like 'Mozilla Firefox \d+[.]\d+([.]\d+)?[[:alpha:]]*\s*$': in t/01-marionette.t at line 201
# Failed to start in MSWin32:'C:\PROGRA~2\MOZILL~1\firefox.exe --version' did not produce output that looks like 'Mozilla Firefox \d+[.]\d+([.]\d+)?[[:alpha:]]*\s*$': in t/01-marionette.t at line 201
Use of uninitialized value $version_string in pattern match (m//) at C:\Strawberry\cpan\build\Firefox-Marionette-0.98-0\blib\lib/Firefox/Marionette.pm line 1316.
Use of uninitialized value $version_string in concatenation (.) or string at C:\Strawberry\cpan\build\Firefox-Marionette-0.98-0\blib\lib/Firefox/Marionette.pm line 1328.
t/01-marionette.t .. ok
t/pod-coverage.t ... ok
t/pod.t ............ ok
All tests successful.
Files=4, Tests=444, 41 wallclock secs ( 0.16 usr +  0.06 sys =  0.22 CPU)
Result: PASS
