cpanm (App::cpanminus) 1.7043 on perl 5.024000 built for x86_64-linux
Work directory is /root/.cpanm/work/1509558936.1356
You have make /usr/bin/make
You have LWP 6.27
You have /usr/bin/tar: tar (GNU tar) 1.29
Copyright (C) 2015 Free Software Foundation, Inc.
License GPLv3+: GNU GPL version 3 or later <http://gnu.org/licenses/gpl.html>.
This is free software: you are free to change and redistribute it.
There is NO WARRANTY, to the extent permitted by law.

Written by John Gilmore and Jay Fenlason.
Searching Crypt::PKCS11 () on cpanmetadb ...
--> Working on Crypt::PKCS11
Fetching http://www.cpan.org/authors/id/J/JE/JELU/Crypt-PKCS11-1.03.tar.gz
-> OK
Unpacking Crypt-PKCS11-1.03.tar.gz
Entering Crypt-PKCS11-1.03
Checking configure dependencies from META.json
Checking if you have ExtUtils::MakeMaker 6.58 ... Yes (7.10_01)
Configuring Crypt-PKCS11-1.03
Running Makefile.PL
Checking if your kit is complete...
Looks good
Generating a Unix-style Makefile
Writing Makefile for Crypt::PKCS11
Writing MYMETA.yml and MYMETA.json
-> OK
Checking dependencies from MYMETA.json ...
Checking if you have common::sense 3.00 ... Yes (3.74)
Building and testing Crypt-PKCS11-1.03
cp lib/Crypt/PKCS11/CK_CAMELLIA_CBC_ENCRYPT_DATA_PARAMS.pod blib/lib/Crypt/PKCS11/CK_CAMELLIA_CBC_ENCRYPT_DATA_PARAMS.pod
cp lib/Crypt/PKCS11/Attribute/CK_ULONG.pod blib/lib/Crypt/PKCS11/Attribute/CK_ULONG.pod
cp lib/Crypt/PKCS11/Attribute/AttributeArray.pm blib/lib/Crypt/PKCS11/Attribute/AttributeArray.pm
cp lib/Crypt/PKCS11/Attributes.pm blib/lib/Crypt/PKCS11/Attributes.pm
cp lib/Crypt/PKCS11/Attribute/RFC2279string.pod blib/lib/Crypt/PKCS11/Attribute/RFC2279string.pod
cp lib/Crypt/PKCS11/Attribute/UlongArray.pm blib/lib/Crypt/PKCS11/Attribute/UlongArray.pm
cp lib/Crypt/PKCS11/Attribute/CK_ULONG.pm blib/lib/Crypt/PKCS11/Attribute/CK_ULONG.pm
cp lib/Crypt/PKCS11/CK_AES_GCM_PARAMS.pod blib/lib/Crypt/PKCS11/CK_AES_GCM_PARAMS.pod
cp lib/Crypt/PKCS11/Attribute/CK_DATE.pm blib/lib/Crypt/PKCS11/Attribute/CK_DATE.pm
cp lib/Crypt/PKCS11/CK_CAMELLIA_CTR_PARAMS.pod blib/lib/Crypt/PKCS11/CK_CAMELLIA_CTR_PARAMS.pod
cp lib/Crypt/PKCS11/Attribute/RFC2279string.pm blib/lib/Crypt/PKCS11/Attribute/RFC2279string.pm
cp lib/Crypt/PKCS11/Attribute/ByteArray.pm blib/lib/Crypt/PKCS11/Attribute/ByteArray.pm
cp lib/Crypt/PKCS11/Attribute/CK_DATE.pod blib/lib/Crypt/PKCS11/Attribute/CK_DATE.pod
cp lib/Crypt/PKCS11/Attribute/Value.pm blib/lib/Crypt/PKCS11/Attribute/Value.pm
cp lib/Crypt/PKCS11/Attribute/CK_BYTE.pm blib/lib/Crypt/PKCS11/Attribute/CK_BYTE.pm
cp lib/Crypt/PKCS11.pod blib/lib/Crypt/PKCS11.pod
cp lib/Crypt/PKCS11/Attribute/ByteArray.pod blib/lib/Crypt/PKCS11/Attribute/ByteArray.pod
cp lib/Crypt/PKCS11/Attribute.pm blib/lib/Crypt/PKCS11/Attribute.pm
cp lib/Crypt/PKCS11/Attribute/Value.pod blib/lib/Crypt/PKCS11/Attribute/Value.pod
cp lib/Crypt/PKCS11/Attributes.pod blib/lib/Crypt/PKCS11/Attributes.pod
cp lib/Crypt/PKCS11.pm blib/lib/Crypt/PKCS11.pm
cp lib/Crypt/PKCS11/CK_AES_CCM_PARAMS.pod blib/lib/Crypt/PKCS11/CK_AES_CCM_PARAMS.pod
cp lib/Crypt/PKCS11/Attribute/AttributeArray.pod blib/lib/Crypt/PKCS11/Attribute/AttributeArray.pod
cp lib/Crypt/PKCS11/Attribute/CK_BYTE.pod blib/lib/Crypt/PKCS11/Attribute/CK_BYTE.pod
cp lib/Crypt/PKCS11/CK_AES_CBC_ENCRYPT_DATA_PARAMS.pod blib/lib/Crypt/PKCS11/CK_AES_CBC_ENCRYPT_DATA_PARAMS.pod
cp lib/Crypt/PKCS11/Attribute/CK_BBOOL.pod blib/lib/Crypt/PKCS11/Attribute/CK_BBOOL.pod
cp lib/Crypt/PKCS11/Attribute/CK_BBOOL.pm blib/lib/Crypt/PKCS11/Attribute/CK_BBOOL.pm
cp lib/Crypt/PKCS11/CK_ARIA_CBC_ENCRYPT_DATA_PARAMS.pod blib/lib/Crypt/PKCS11/CK_ARIA_CBC_ENCRYPT_DATA_PARAMS.pod
cp lib/Crypt/PKCS11/Attribute/UlongArray.pod blib/lib/Crypt/PKCS11/Attribute/UlongArray.pod
cp lib/Crypt/PKCS11/Attribute.pod blib/lib/Crypt/PKCS11/Attribute.pod
cp lib/Crypt/PKCS11/CK_AES_CTR_PARAMS.pod blib/lib/Crypt/PKCS11/CK_AES_CTR_PARAMS.pod
cp lib/Crypt/PKCS11/CK_MECHANISM.pod blib/lib/Crypt/PKCS11/CK_MECHANISM.pod
cp lib/Crypt/PKCS11/CK_KEA_DERIVE_PARAMS.pod blib/lib/Crypt/PKCS11/CK_KEA_DERIVE_PARAMS.pod
cp lib/Crypt/PKCS11/CK_SSL3_MASTER_KEY_DERIVE_PARAMS.pod blib/lib/Crypt/PKCS11/CK_SSL3_MASTER_KEY_DERIVE_PARAMS.pod
cp lib/Crypt/PKCS11/CK_RSA_PKCS_PSS_PARAMS.pod blib/lib/Crypt/PKCS11/CK_RSA_PKCS_PSS_PARAMS.pod
cp lib/Crypt/PKCS11/CK_TLS_PRF_PARAMS.pod blib/lib/Crypt/PKCS11/CK_TLS_PRF_PARAMS.pod
cp lib/Crypt/PKCS11/CK_ECDH1_DERIVE_PARAMS.pod blib/lib/Crypt/PKCS11/CK_ECDH1_DERIVE_PARAMS.pod
cp lib/Crypt/PKCS11/CK_SSL3_RANDOM_DATA.pod blib/lib/Crypt/PKCS11/CK_SSL3_RANDOM_DATA.pod
cp lib/Crypt/PKCS11/CK_CMS_SIG_PARAMS.pod blib/lib/Crypt/PKCS11/CK_CMS_SIG_PARAMS.pod
cp lib/Crypt/PKCS11/CK_SSL3_KEY_MAT_OUT.pod blib/lib/Crypt/PKCS11/CK_SSL3_KEY_MAT_OUT.pod
cp lib/Crypt/PKCS11/CK_SSL3_KEY_MAT_PARAMS.pod blib/lib/Crypt/PKCS11/CK_SSL3_KEY_MAT_PARAMS.pod
cp lib/Crypt/PKCS11/CK_SKIPJACK_PRIVATE_WRAP_PARAMS.pod blib/lib/Crypt/PKCS11/CK_SKIPJACK_PRIVATE_WRAP_PARAMS.pod
cp lib/Crypt/PKCS11/CK_OTP_PARAMS.pod blib/lib/Crypt/PKCS11/CK_OTP_PARAMS.pod
cp lib/Crypt/PKCS11/CK_RSA_PKCS_OAEP_PARAMS.pod blib/lib/Crypt/PKCS11/CK_RSA_PKCS_OAEP_PARAMS.pod
cp lib/Crypt/PKCS11/CK_RC2_MAC_GENERAL_PARAMS.pod blib/lib/Crypt/PKCS11/CK_RC2_MAC_GENERAL_PARAMS.pod
cp lib/Crypt/PKCS11/CK_OTP_SIGNATURE_INFO.pod blib/lib/Crypt/PKCS11/CK_OTP_SIGNATURE_INFO.pod
cp lib/Crypt/PKCS11/CK_OTP_PARAM.pod blib/lib/Crypt/PKCS11/CK_OTP_PARAM.pod
cp lib/Crypt/PKCS11/CK_RC5_PARAMS.pod blib/lib/Crypt/PKCS11/CK_RC5_PARAMS.pod
cp lib/Crypt/PKCS11/CK_ECDH2_DERIVE_PARAMS.pod blib/lib/Crypt/PKCS11/CK_ECDH2_DERIVE_PARAMS.pod
cp lib/Crypt/PKCS11/CK_PBE_PARAMS.pod blib/lib/Crypt/PKCS11/CK_PBE_PARAMS.pod
cp lib/Crypt/PKCS11/CK_KEY_WRAP_SET_OAEP_PARAMS.pod blib/lib/Crypt/PKCS11/CK_KEY_WRAP_SET_OAEP_PARAMS.pod
cp lib/Crypt/PKCS11/CK_KEY_DERIVATION_STRING_DATA.pod blib/lib/Crypt/PKCS11/CK_KEY_DERIVATION_STRING_DATA.pod
cp lib/Crypt/PKCS11/CK_SKIPJACK_RELAYX_PARAMS.pod blib/lib/Crypt/PKCS11/CK_SKIPJACK_RELAYX_PARAMS.pod
cp lib/Crypt/PKCS11/CK_RC2_CBC_PARAMS.pod blib/lib/Crypt/PKCS11/CK_RC2_CBC_PARAMS.pod
cp lib/Crypt/PKCS11/CK_RC5_CBC_PARAMS.pod blib/lib/Crypt/PKCS11/CK_RC5_CBC_PARAMS.pod
cp lib/Crypt/PKCS11/CK_KIP_PARAMS.pod blib/lib/Crypt/PKCS11/CK_KIP_PARAMS.pod
cp lib/Crypt/PKCS11/CK_RC5_MAC_GENERAL_PARAMS.pod blib/lib/Crypt/PKCS11/CK_RC5_MAC_GENERAL_PARAMS.pod
cp lib/Crypt/PKCS11/CK_DES_CBC_ENCRYPT_DATA_PARAMS.pod blib/lib/Crypt/PKCS11/CK_DES_CBC_ENCRYPT_DATA_PARAMS.pod
cp lib/Crypt/PKCS11/CK_PKCS5_PBKD2_PARAMS.pod blib/lib/Crypt/PKCS11/CK_PKCS5_PBKD2_PARAMS.pod
cp lib/Crypt/PKCS11/CK_ECMQV_DERIVE_PARAMS.pod blib/lib/Crypt/PKCS11/CK_ECMQV_DERIVE_PARAMS.pod
cp lib/Crypt/PKCS11/CK_WTLS_KEY_MAT_PARAMS.pod blib/lib/Crypt/PKCS11/CK_WTLS_KEY_MAT_PARAMS.pod
cp lib/Crypt/PKCS11/CK_X9_42_DH2_DERIVE_PARAMS.pod blib/lib/Crypt/PKCS11/CK_X9_42_DH2_DERIVE_PARAMS.pod
cp lib/Crypt/PKCS11/XS.pod blib/lib/Crypt/PKCS11/XS.pod
cp lib/Crypt/PKCS11/CK_WTLS_RANDOM_DATA.pod blib/lib/Crypt/PKCS11/CK_WTLS_RANDOM_DATA.pod
cp lib/Crypt/PKCS11/Session.pod blib/lib/Crypt/PKCS11/Session.pod
cp lib/Crypt/PKCS11/CK_VERSION.pod blib/lib/Crypt/PKCS11/CK_VERSION.pod
cp lib/Crypt/PKCS11/CK_WTLS_KEY_MAT_OUT.pod blib/lib/Crypt/PKCS11/CK_WTLS_KEY_MAT_OUT.pod
cp lib/Crypt/PKCS11/Object.pod blib/lib/Crypt/PKCS11/Object.pod
cp lib/Crypt/PKCS11/Session.pm blib/lib/Crypt/PKCS11/Session.pm
cp lib/Crypt/PKCS11/CK_X9_42_DH1_DERIVE_PARAMS.pod blib/lib/Crypt/PKCS11/CK_X9_42_DH1_DERIVE_PARAMS.pod
cp lib/Crypt/PKCS11/CK_WTLS_PRF_PARAMS.pod blib/lib/Crypt/PKCS11/CK_WTLS_PRF_PARAMS.pod
cp lib/Crypt/PKCS11/Object.pm blib/lib/Crypt/PKCS11/Object.pm
cp lib/Crypt/PKCS11/CK_WTLS_MASTER_KEY_DERIVE_PARAMS.pod blib/lib/Crypt/PKCS11/CK_WTLS_MASTER_KEY_DERIVE_PARAMS.pod
cp lib/Crypt/PKCS11/CK_X9_42_MQV_DERIVE_PARAMS.pod blib/lib/Crypt/PKCS11/CK_X9_42_MQV_DERIVE_PARAMS.pod
Running Mkbootstrap for Crypt::PKCS11 ()
chmod 644 "PKCS11.bs"
cc -c  -I. -mtune=ivybridge -fwrapv -fno-strict-aliasing -pipe -fstack-protector-strong -I/usr/local/include -D_LARGEFILE_SOURCE -D_FILE_OFFSET_BITS=64 -O3   -DVERSION=\"1.03\" -DXS_VERSION=\"1.03\" -fPIC "-I/opt/perl/lib/5.24.0/x86_64-linux/CORE"  -DHAVE_DLFCN_H=1 crypt_pkcs11.c
cc -c  -I. -mtune=ivybridge -fwrapv -fno-strict-aliasing -pipe -fstack-protector-strong -I/usr/local/include -D_LARGEFILE_SOURCE -D_FILE_OFFSET_BITS=64 -O3   -DVERSION=\"1.03\" -DXS_VERSION=\"1.03\" -fPIC "-I/opt/perl/lib/5.24.0/x86_64-linux/CORE"  -DHAVE_DLFCN_H=1 crypt_pkcs11_struct.c
cc -c  -I. -mtune=ivybridge -fwrapv -fno-strict-aliasing -pipe -fstack-protector-strong -I/usr/local/include -D_LARGEFILE_SOURCE -D_FILE_OFFSET_BITS=64 -O3   -DVERSION=\"1.03\" -DXS_VERSION=\"1.03\" -fPIC "-I/opt/perl/lib/5.24.0/x86_64-linux/CORE"  -DHAVE_DLFCN_H=1 crypt_pkcs11_struct_aes.c
cc -c  -I. -mtune=ivybridge -fwrapv -fno-strict-aliasing -pipe -fstack-protector-strong -I/usr/local/include -D_LARGEFILE_SOURCE -D_FILE_OFFSET_BITS=64 -O3   -DVERSION=\"1.03\" -DXS_VERSION=\"1.03\" -fPIC "-I/opt/perl/lib/5.24.0/x86_64-linux/CORE"  -DHAVE_DLFCN_H=1 crypt_pkcs11_struct_aria.c
cc -c  -I. -mtune=ivybridge -fwrapv -fno-strict-aliasing -pipe -fstack-protector-strong -I/usr/local/include -D_LARGEFILE_SOURCE -D_FILE_OFFSET_BITS=64 -O3   -DVERSION=\"1.03\" -DXS_VERSION=\"1.03\" -fPIC "-I/opt/perl/lib/5.24.0/x86_64-linux/CORE"  -DHAVE_DLFCN_H=1 crypt_pkcs11_struct_camellia.c
cc -c  -I. -mtune=ivybridge -fwrapv -fno-strict-aliasing -pipe -fstack-protector-strong -I/usr/local/include -D_LARGEFILE_SOURCE -D_FILE_OFFSET_BITS=64 -O3   -DVERSION=\"1.03\" -DXS_VERSION=\"1.03\" -fPIC "-I/opt/perl/lib/5.24.0/x86_64-linux/CORE"  -DHAVE_DLFCN_H=1 crypt_pkcs11_struct_cms.c
cc -c  -I. -mtune=ivybridge -fwrapv -fno-strict-aliasing -pipe -fstack-protector-strong -I/usr/local/include -D_LARGEFILE_SOURCE -D_FILE_OFFSET_BITS=64 -O3   -DVERSION=\"1.03\" -DXS_VERSION=\"1.03\" -fPIC "-I/opt/perl/lib/5.24.0/x86_64-linux/CORE"  -DHAVE_DLFCN_H=1 crypt_pkcs11_struct_des.c
cc -c  -I. -mtune=ivybridge -fwrapv -fno-strict-aliasing -pipe -fstack-protector-strong -I/usr/local/include -D_LARGEFILE_SOURCE -D_FILE_OFFSET_BITS=64 -O3   -DVERSION=\"1.03\" -DXS_VERSION=\"1.03\" -fPIC "-I/opt/perl/lib/5.24.0/x86_64-linux/CORE"  -DHAVE_DLFCN_H=1 crypt_pkcs11_struct_ecdh1.c
cc -c  -I. -mtune=ivybridge -fwrapv -fno-strict-aliasing -pipe -fstack-protector-strong -I/usr/local/include -D_LARGEFILE_SOURCE -D_FILE_OFFSET_BITS=64 -O3   -DVERSION=\"1.03\" -DXS_VERSION=\"1.03\" -fPIC "-I/opt/perl/lib/5.24.0/x86_64-linux/CORE"  -DHAVE_DLFCN_H=1 crypt_pkcs11_struct_ecdh2.c
cc -c  -I. -mtune=ivybridge -fwrapv -fno-strict-aliasing -pipe -fstack-protector-strong -I/usr/local/include -D_LARGEFILE_SOURCE -D_FILE_OFFSET_BITS=64 -O3   -DVERSION=\"1.03\" -DXS_VERSION=\"1.03\" -fPIC "-I/opt/perl/lib/5.24.0/x86_64-linux/CORE"  -DHAVE_DLFCN_H=1 crypt_pkcs11_struct_ecmqv.c
cc -c  -I. -mtune=ivybridge -fwrapv -fno-strict-aliasing -pipe -fstack-protector-strong -I/usr/local/include -D_LARGEFILE_SOURCE -D_FILE_OFFSET_BITS=64 -O3   -DVERSION=\"1.03\" -DXS_VERSION=\"1.03\" -fPIC "-I/opt/perl/lib/5.24.0/x86_64-linux/CORE"  -DHAVE_DLFCN_H=1 crypt_pkcs11_struct_kea.c
cc -c  -I. -mtune=ivybridge -fwrapv -fno-strict-aliasing -pipe -fstack-protector-strong -I/usr/local/include -D_LARGEFILE_SOURCE -D_FILE_OFFSET_BITS=64 -O3   -DVERSION=\"1.03\" -DXS_VERSION=\"1.03\" -fPIC "-I/opt/perl/lib/5.24.0/x86_64-linux/CORE"  -DHAVE_DLFCN_H=1 crypt_pkcs11_struct_key.c
cc -c  -I. -mtune=ivybridge -fwrapv -fno-strict-aliasing -pipe -fstack-protector-strong -I/usr/local/include -D_LARGEFILE_SOURCE -D_FILE_OFFSET_BITS=64 -O3   -DVERSION=\"1.03\" -DXS_VERSION=\"1.03\" -fPIC "-I/opt/perl/lib/5.24.0/x86_64-linux/CORE"  -DHAVE_DLFCN_H=1 crypt_pkcs11_struct_kip.c
cc -c  -I. -mtune=ivybridge -fwrapv -fno-strict-aliasing -pipe -fstack-protector-strong -I/usr/local/include -D_LARGEFILE_SOURCE -D_FILE_OFFSET_BITS=64 -O3   -DVERSION=\"1.03\" -DXS_VERSION=\"1.03\" -fPIC "-I/opt/perl/lib/5.24.0/x86_64-linux/CORE"  -DHAVE_DLFCN_H=1 crypt_pkcs11_struct_mechanism.c
cc -c  -I. -mtune=ivybridge -fwrapv -fno-strict-aliasing -pipe -fstack-protector-strong -I/usr/local/include -D_LARGEFILE_SOURCE -D_FILE_OFFSET_BITS=64 -O3   -DVERSION=\"1.03\" -DXS_VERSION=\"1.03\" -fPIC "-I/opt/perl/lib/5.24.0/x86_64-linux/CORE"  -DHAVE_DLFCN_H=1 crypt_pkcs11_struct_otp.c
cc -c  -I. -mtune=ivybridge -fwrapv -fno-strict-aliasing -pipe -fstack-protector-strong -I/usr/local/include -D_LARGEFILE_SOURCE -D_FILE_OFFSET_BITS=64 -O3   -DVERSION=\"1.03\" -DXS_VERSION=\"1.03\" -fPIC "-I/opt/perl/lib/5.24.0/x86_64-linux/CORE"  -DHAVE_DLFCN_H=1 crypt_pkcs11_struct_pbe.c
cc -c  -I. -mtune=ivybridge -fwrapv -fno-strict-aliasing -pipe -fstack-protector-strong -I/usr/local/include -D_LARGEFILE_SOURCE -D_FILE_OFFSET_BITS=64 -O3   -DVERSION=\"1.03\" -DXS_VERSION=\"1.03\" -fPIC "-I/opt/perl/lib/5.24.0/x86_64-linux/CORE"  -DHAVE_DLFCN_H=1 crypt_pkcs11_struct_pkcs5.c
cc -c  -I. -mtune=ivybridge -fwrapv -fno-strict-aliasing -pipe -fstack-protector-strong -I/usr/local/include -D_LARGEFILE_SOURCE -D_FILE_OFFSET_BITS=64 -O3   -DVERSION=\"1.03\" -DXS_VERSION=\"1.03\" -fPIC "-I/opt/perl/lib/5.24.0/x86_64-linux/CORE"  -DHAVE_DLFCN_H=1 crypt_pkcs11_struct_rc2.c
cc -c  -I. -mtune=ivybridge -fwrapv -fno-strict-aliasing -pipe -fstack-protector-strong -I/usr/local/include -D_LARGEFILE_SOURCE -D_FILE_OFFSET_BITS=64 -O3   -DVERSION=\"1.03\" -DXS_VERSION=\"1.03\" -fPIC "-I/opt/perl/lib/5.24.0/x86_64-linux/CORE"  -DHAVE_DLFCN_H=1 crypt_pkcs11_struct_rc5.c
cc -c  -I. -mtune=ivybridge -fwrapv -fno-strict-aliasing -pipe -fstack-protector-strong -I/usr/local/include -D_LARGEFILE_SOURCE -D_FILE_OFFSET_BITS=64 -O3   -DVERSION=\"1.03\" -DXS_VERSION=\"1.03\" -fPIC "-I/opt/perl/lib/5.24.0/x86_64-linux/CORE"  -DHAVE_DLFCN_H=1 crypt_pkcs11_struct_rsa.c
cc -c  -I. -mtune=ivybridge -fwrapv -fno-strict-aliasing -pipe -fstack-protector-strong -I/usr/local/include -D_LARGEFILE_SOURCE -D_FILE_OFFSET_BITS=64 -O3   -DVERSION=\"1.03\" -DXS_VERSION=\"1.03\" -fPIC "-I/opt/perl/lib/5.24.0/x86_64-linux/CORE"  -DHAVE_DLFCN_H=1 crypt_pkcs11_struct_skipjack.c
cc -c  -I. -mtune=ivybridge -fwrapv -fno-strict-aliasing -pipe -fstack-protector-strong -I/usr/local/include -D_LARGEFILE_SOURCE -D_FILE_OFFSET_BITS=64 -O3   -DVERSION=\"1.03\" -DXS_VERSION=\"1.03\" -fPIC "-I/opt/perl/lib/5.24.0/x86_64-linux/CORE"  -DHAVE_DLFCN_H=1 crypt_pkcs11_struct_ssl3.c
cc -c  -I. -mtune=ivybridge -fwrapv -fno-strict-aliasing -pipe -fstack-protector-strong -I/usr/local/include -D_LARGEFILE_SOURCE -D_FILE_OFFSET_BITS=64 -O3   -DVERSION=\"1.03\" -DXS_VERSION=\"1.03\" -fPIC "-I/opt/perl/lib/5.24.0/x86_64-linux/CORE"  -DHAVE_DLFCN_H=1 crypt_pkcs11_struct_tls.c
cc -c  -I. -mtune=ivybridge -fwrapv -fno-strict-aliasing -pipe -fstack-protector-strong -I/usr/local/include -D_LARGEFILE_SOURCE -D_FILE_OFFSET_BITS=64 -O3   -DVERSION=\"1.03\" -DXS_VERSION=\"1.03\" -fPIC "-I/opt/perl/lib/5.24.0/x86_64-linux/CORE"  -DHAVE_DLFCN_H=1 crypt_pkcs11_struct_version.c
cc -c  -I. -mtune=ivybridge -fwrapv -fno-strict-aliasing -pipe -fstack-protector-strong -I/usr/local/include -D_LARGEFILE_SOURCE -D_FILE_OFFSET_BITS=64 -O3   -DVERSION=\"1.03\" -DXS_VERSION=\"1.03\" -fPIC "-I/opt/perl/lib/5.24.0/x86_64-linux/CORE"  -DHAVE_DLFCN_H=1 crypt_pkcs11_struct_wtls.c
cc -c  -I. -mtune=ivybridge -fwrapv -fno-strict-aliasing -pipe -fstack-protector-strong -I/usr/local/include -D_LARGEFILE_SOURCE -D_FILE_OFFSET_BITS=64 -O3   -DVERSION=\"1.03\" -DXS_VERSION=\"1.03\" -fPIC "-I/opt/perl/lib/5.24.0/x86_64-linux/CORE"  -DHAVE_DLFCN_H=1 crypt_pkcs11_struct_x9.c
"/opt/perl/bin/perl" "/opt/perl/lib/5.24.0/ExtUtils/xsubpp"  -typemap "/opt/perl/lib/5.24.0/ExtUtils/typemap" -typemap "typemap" -typemap "typemap.struct" -typemap "typemap"  pkcs11.xs > pkcs11.xsc && mv pkcs11.xsc pkcs11.c
cc -c  -I. -mtune=ivybridge -fwrapv -fno-strict-aliasing -pipe -fstack-protector-strong -I/usr/local/include -D_LARGEFILE_SOURCE -D_FILE_OFFSET_BITS=64 -O3   -DVERSION=\"1.03\" -DXS_VERSION=\"1.03\" -fPIC "-I/opt/perl/lib/5.24.0/x86_64-linux/CORE"  -DHAVE_DLFCN_H=1 pkcs11.c
"/opt/perl/bin/perl" "/opt/perl/lib/5.24.0/ExtUtils/xsubpp"  -typemap "/opt/perl/lib/5.24.0/ExtUtils/typemap" -typemap "typemap" -typemap "typemap.struct" -typemap "typemap"  pkcs11_struct.xs > pkcs11_struct.xsc && mv pkcs11_struct.xsc pkcs11_struct.c
cc -c  -I. -mtune=ivybridge -fwrapv -fno-strict-aliasing -pipe -fstack-protector-strong -I/usr/local/include -D_LARGEFILE_SOURCE -D_FILE_OFFSET_BITS=64 -O3   -DVERSION=\"1.03\" -DXS_VERSION=\"1.03\" -fPIC "-I/opt/perl/lib/5.24.0/x86_64-linux/CORE"  -DHAVE_DLFCN_H=1 pkcs11_struct.c
"/opt/perl/bin/perl" "/opt/perl/lib/5.24.0/ExtUtils/xsubpp"  -typemap "/opt/perl/lib/5.24.0/ExtUtils/typemap" -typemap "typemap" -typemap "typemap.struct" -typemap "typemap"  pkcs11_struct_aes.xs > pkcs11_struct_aes.xsc && mv pkcs11_struct_aes.xsc pkcs11_struct_aes.c
cc -c  -I. -mtune=ivybridge -fwrapv -fno-strict-aliasing -pipe -fstack-protector-strong -I/usr/local/include -D_LARGEFILE_SOURCE -D_FILE_OFFSET_BITS=64 -O3   -DVERSION=\"1.03\" -DXS_VERSION=\"1.03\" -fPIC "-I/opt/perl/lib/5.24.0/x86_64-linux/CORE"  -DHAVE_DLFCN_H=1 pkcs11_struct_aes.c
"/opt/perl/bin/perl" "/opt/perl/lib/5.24.0/ExtUtils/xsubpp"  -typemap "/opt/perl/lib/5.24.0/ExtUtils/typemap" -typemap "typemap" -typemap "typemap.struct" -typemap "typemap"  pkcs11_struct_aria.xs > pkcs11_struct_aria.xsc && mv pkcs11_struct_aria.xsc pkcs11_struct_aria.c
cc -c  -I. -mtune=ivybridge -fwrapv -fno-strict-aliasing -pipe -fstack-protector-strong -I/usr/local/include -D_LARGEFILE_SOURCE -D_FILE_OFFSET_BITS=64 -O3   -DVERSION=\"1.03\" -DXS_VERSION=\"1.03\" -fPIC "-I/opt/perl/lib/5.24.0/x86_64-linux/CORE"  -DHAVE_DLFCN_H=1 pkcs11_struct_aria.c
"/opt/perl/bin/perl" "/opt/perl/lib/5.24.0/ExtUtils/xsubpp"  -typemap "/opt/perl/lib/5.24.0/ExtUtils/typemap" -typemap "typemap" -typemap "typemap.struct" -typemap "typemap"  pkcs11_struct_camellia.xs > pkcs11_struct_camellia.xsc && mv pkcs11_struct_camellia.xsc pkcs11_struct_camellia.c
cc -c  -I. -mtune=ivybridge -fwrapv -fno-strict-aliasing -pipe -fstack-protector-strong -I/usr/local/include -D_LARGEFILE_SOURCE -D_FILE_OFFSET_BITS=64 -O3   -DVERSION=\"1.03\" -DXS_VERSION=\"1.03\" -fPIC "-I/opt/perl/lib/5.24.0/x86_64-linux/CORE"  -DHAVE_DLFCN_H=1 pkcs11_struct_camellia.c
"/opt/perl/bin/perl" "/opt/perl/lib/5.24.0/ExtUtils/xsubpp"  -typemap "/opt/perl/lib/5.24.0/ExtUtils/typemap" -typemap "typemap" -typemap "typemap.struct" -typemap "typemap"  pkcs11_struct_cms.xs > pkcs11_struct_cms.xsc && mv pkcs11_struct_cms.xsc pkcs11_struct_cms.c
cc -c  -I. -mtune=ivybridge -fwrapv -fno-strict-aliasing -pipe -fstack-protector-strong -I/usr/local/include -D_LARGEFILE_SOURCE -D_FILE_OFFSET_BITS=64 -O3   -DVERSION=\"1.03\" -DXS_VERSION=\"1.03\" -fPIC "-I/opt/perl/lib/5.24.0/x86_64-linux/CORE"  -DHAVE_DLFCN_H=1 pkcs11_struct_cms.c
pkcs11_struct_cms.c: In function ‘XS_Crypt__PKCS11__CK_CMS_SIG_PARAMSPtr_get_pDigestMechanism’:
pkcs11_struct_cms.c:526:11: warning: implicit declaration of function ‘crypt_pkcs11_ck_cms_sig_params_get_pDigestMechanism’ [-Wimplicit-function-declaration]
  RETVAL = crypt_pkcs11_ck_cms_sig_params_get_pDigestMechanism(object, sv);
           ^~~~~~~~~~~~~~~~~~~~~~~~~~~~~~~~~~~~~~~~~~~~~~~~~~~
pkcs11_struct_cms.c: In function ‘XS_Crypt__PKCS11__CK_CMS_SIG_PARAMSPtr_set_pDigestMechanism’:
pkcs11_struct_cms.c:599:11: warning: implicit declaration of function ‘crypt_pkcs11_ck_cms_sig_params_set_pDigestMechanism’ [-Wimplicit-function-declaration]
  RETVAL = crypt_pkcs11_ck_cms_sig_params_set_pDigestMechanism(object, sv);
           ^~~~~~~~~~~~~~~~~~~~~~~~~~~~~~~~~~~~~~~~~~~~~~~~~~~
pkcs11_struct_cms.c: In function ‘XS_Crypt__PKCS11__CK_CMS_SIG_PARAMSPtr_get_pContentType’:
pkcs11_struct_cms.c:629:11: warning: implicit declaration of function ‘crypt_pkcs11_ck_cms_sig_params_get_pContentType’ [-Wimplicit-function-declaration]
  RETVAL = crypt_pkcs11_ck_cms_sig_params_get_pContentType(object, sv);
           ^~~~~~~~~~~~~~~~~~~~~~~~~~~~~~~~~~~~~~~~~~~~~~~
pkcs11_struct_cms.c: In function ‘XS_Crypt__PKCS11__CK_CMS_SIG_PARAMSPtr_set_pContentType’:
pkcs11_struct_cms.c:689:11: warning: implicit declaration of function ‘crypt_pkcs11_ck_cms_sig_params_set_pContentType’ [-Wimplicit-function-declaration]
  RETVAL = crypt_pkcs11_ck_cms_sig_params_set_pContentType(object, sv);
           ^~~~~~~~~~~~~~~~~~~~~~~~~~~~~~~~~~~~~~~~~~~~~~~
pkcs11_struct_cms.c: In function ‘XS_Crypt__PKCS11__CK_CMS_SIG_PARAMSPtr_get_pRequestedAttributes’:
pkcs11_struct_cms.c:719:11: warning: implicit declaration of function ‘crypt_pkcs11_ck_cms_sig_params_get_pRequestedAttributes’ [-Wimplicit-function-declaration]
  RETVAL = crypt_pkcs11_ck_cms_sig_params_get_pRequestedAttributes(object, sv);
           ^~~~~~~~~~~~~~~~~~~~~~~~~~~~~~~~~~~~~~~~~~~~~~~~~~~~~~~
pkcs11_struct_cms.c: In function ‘XS_Crypt__PKCS11__CK_CMS_SIG_PARAMSPtr_set_pRequestedAttributes’:
pkcs11_struct_cms.c:779:11: warning: implicit declaration of function ‘crypt_pkcs11_ck_cms_sig_params_set_pRequestedAttributes’ [-Wimplicit-function-declaration]
  RETVAL = crypt_pkcs11_ck_cms_sig_params_set_pRequestedAttributes(object, sv);
           ^~~~~~~~~~~~~~~~~~~~~~~~~~~~~~~~~~~~~~~~~~~~~~~~~~~~~~~
pkcs11_struct_cms.c: In function ‘XS_Crypt__PKCS11__CK_CMS_SIG_PARAMSPtr_get_pRequiredAttributes’:
pkcs11_struct_cms.c:809:11: warning: implicit declaration of function ‘crypt_pkcs11_ck_cms_sig_params_get_pRequiredAttributes’ [-Wimplicit-function-declaration]
  RETVAL = crypt_pkcs11_ck_cms_sig_params_get_pRequiredAttributes(object, sv);
           ^~~~~~~~~~~~~~~~~~~~~~~~~~~~~~~~~~~~~~~~~~~~~~~~~~~~~~
pkcs11_struct_cms.c: In function ‘XS_Crypt__PKCS11__CK_CMS_SIG_PARAMSPtr_set_pRequiredAttributes’:
pkcs11_struct_cms.c:869:11: warning: implicit declaration of function ‘crypt_pkcs11_ck_cms_sig_params_set_pRequiredAttributes’ [-Wimplicit-function-declaration]
  RETVAL = crypt_pkcs11_ck_cms_sig_params_set_pRequiredAttributes(object, sv);
           ^~~~~~~~~~~~~~~~~~~~~~~~~~~~~~~~~~~~~~~~~~~~~~~~~~~~~~
"/opt/perl/bin/perl" "/opt/perl/lib/5.24.0/ExtUtils/xsubpp"  -typemap "/opt/perl/lib/5.24.0/ExtUtils/typemap" -typemap "typemap" -typemap "typemap.struct" -typemap "typemap"  pkcs11_struct_des.xs > pkcs11_struct_des.xsc && mv pkcs11_struct_des.xsc pkcs11_struct_des.c
cc -c  -I. -mtune=ivybridge -fwrapv -fno-strict-aliasing -pipe -fstack-protector-strong -I/usr/local/include -D_LARGEFILE_SOURCE -D_FILE_OFFSET_BITS=64 -O3   -DVERSION=\"1.03\" -DXS_VERSION=\"1.03\" -fPIC "-I/opt/perl/lib/5.24.0/x86_64-linux/CORE"  -DHAVE_DLFCN_H=1 pkcs11_struct_des.c
"/opt/perl/bin/perl" "/opt/perl/lib/5.24.0/ExtUtils/xsubpp"  -typemap "/opt/perl/lib/5.24.0/ExtUtils/typemap" -typemap "typemap" -typemap "typemap.struct" -typemap "typemap"  pkcs11_struct_ecdh1.xs > pkcs11_struct_ecdh1.xsc && mv pkcs11_struct_ecdh1.xsc pkcs11_struct_ecdh1.c
cc -c  -I. -mtune=ivybridge -fwrapv -fno-strict-aliasing -pipe -fstack-protector-strong -I/usr/local/include -D_LARGEFILE_SOURCE -D_FILE_OFFSET_BITS=64 -O3   -DVERSION=\"1.03\" -DXS_VERSION=\"1.03\" -fPIC "-I/opt/perl/lib/5.24.0/x86_64-linux/CORE"  -DHAVE_DLFCN_H=1 pkcs11_struct_ecdh1.c
"/opt/perl/bin/perl" "/opt/perl/lib/5.24.0/ExtUtils/xsubpp"  -typemap "/opt/perl/lib/5.24.0/ExtUtils/typemap" -typemap "typemap" -typemap "typemap.struct" -typemap "typemap"  pkcs11_struct_ecdh2.xs > pkcs11_struct_ecdh2.xsc && mv pkcs11_struct_ecdh2.xsc pkcs11_struct_ecdh2.c
cc -c  -I. -mtune=ivybridge -fwrapv -fno-strict-aliasing -pipe -fstack-protector-strong -I/usr/local/include -D_LARGEFILE_SOURCE -D_FILE_OFFSET_BITS=64 -O3   -DVERSION=\"1.03\" -DXS_VERSION=\"1.03\" -fPIC "-I/opt/perl/lib/5.24.0/x86_64-linux/CORE"  -DHAVE_DLFCN_H=1 pkcs11_struct_ecdh2.c
"/opt/perl/bin/perl" "/opt/perl/lib/5.24.0/ExtUtils/xsubpp"  -typemap "/opt/perl/lib/5.24.0/ExtUtils/typemap" -typemap "typemap" -typemap "typemap.struct" -typemap "typemap"  pkcs11_struct_ecmqv.xs > pkcs11_struct_ecmqv.xsc && mv pkcs11_struct_ecmqv.xsc pkcs11_struct_ecmqv.c
cc -c  -I. -mtune=ivybridge -fwrapv -fno-strict-aliasing -pipe -fstack-protector-strong -I/usr/local/include -D_LARGEFILE_SOURCE -D_FILE_OFFSET_BITS=64 -O3   -DVERSION=\"1.03\" -DXS_VERSION=\"1.03\" -fPIC "-I/opt/perl/lib/5.24.0/x86_64-linux/CORE"  -DHAVE_DLFCN_H=1 pkcs11_struct_ecmqv.c
"/opt/perl/bin/perl" "/opt/perl/lib/5.24.0/ExtUtils/xsubpp"  -typemap "/opt/perl/lib/5.24.0/ExtUtils/typemap" -typemap "typemap" -typemap "typemap.struct" -typemap "typemap"  pkcs11_struct_kea.xs > pkcs11_struct_kea.xsc && mv pkcs11_struct_kea.xsc pkcs11_struct_kea.c
cc -c  -I. -mtune=ivybridge -fwrapv -fno-strict-aliasing -pipe -fstack-protector-strong -I/usr/local/include -D_LARGEFILE_SOURCE -D_FILE_OFFSET_BITS=64 -O3   -DVERSION=\"1.03\" -DXS_VERSION=\"1.03\" -fPIC "-I/opt/perl/lib/5.24.0/x86_64-linux/CORE"  -DHAVE_DLFCN_H=1 pkcs11_struct_kea.c
"/opt/perl/bin/perl" "/opt/perl/lib/5.24.0/ExtUtils/xsubpp"  -typemap "/opt/perl/lib/5.24.0/ExtUtils/typemap" -typemap "typemap" -typemap "typemap.struct" -typemap "typemap"  pkcs11_struct_key.xs > pkcs11_struct_key.xsc && mv pkcs11_struct_key.xsc pkcs11_struct_key.c
cc -c  -I. -mtune=ivybridge -fwrapv -fno-strict-aliasing -pipe -fstack-protector-strong -I/usr/local/include -D_LARGEFILE_SOURCE -D_FILE_OFFSET_BITS=64 -O3   -DVERSION=\"1.03\" -DXS_VERSION=\"1.03\" -fPIC "-I/opt/perl/lib/5.24.0/x86_64-linux/CORE"  -DHAVE_DLFCN_H=1 pkcs11_struct_key.c
"/opt/perl/bin/perl" "/opt/perl/lib/5.24.0/ExtUtils/xsubpp"  -typemap "/opt/perl/lib/5.24.0/ExtUtils/typemap" -typemap "typemap" -typemap "typemap.struct" -typemap "typemap"  pkcs11_struct_kip.xs > pkcs11_struct_kip.xsc && mv pkcs11_struct_kip.xsc pkcs11_struct_kip.c
cc -c  -I. -mtune=ivybridge -fwrapv -fno-strict-aliasing -pipe -fstack-protector-strong -I/usr/local/include -D_LARGEFILE_SOURCE -D_FILE_OFFSET_BITS=64 -O3   -DVERSION=\"1.03\" -DXS_VERSION=\"1.03\" -fPIC "-I/opt/perl/lib/5.24.0/x86_64-linux/CORE"  -DHAVE_DLFCN_H=1 pkcs11_struct_kip.c
pkcs11_struct_kip.c: In function ‘XS_Crypt__PKCS11__CK_KIP_PARAMSPtr_get_hKey’:
pkcs11_struct_kip.c:427:11: warning: implicit declaration of function ‘crypt_pkcs11_ck_kip_params_get_hKey’ [-Wimplicit-function-declaration]
  RETVAL = crypt_pkcs11_ck_kip_params_get_hKey(object, sv);
           ^~~~~~~~~~~~~~~~~~~~~~~~~~~~~~~~~~~
pkcs11_struct_kip.c: In function ‘XS_Crypt__PKCS11__CK_KIP_PARAMSPtr_set_hKey’:
pkcs11_struct_kip.c:487:11: warning: implicit declaration of function ‘crypt_pkcs11_ck_kip_params_set_hKey’ [-Wimplicit-function-declaration]
  RETVAL = crypt_pkcs11_ck_kip_params_set_hKey(object, sv);
           ^~~~~~~~~~~~~~~~~~~~~~~~~~~~~~~~~~~
pkcs11_struct_kip.c: In function ‘XS_Crypt__PKCS11__CK_KIP_PARAMSPtr_get_pSeed’:
pkcs11_struct_kip.c:517:11: warning: implicit declaration of function ‘crypt_pkcs11_ck_kip_params_get_pSeed’ [-Wimplicit-function-declaration]
  RETVAL = crypt_pkcs11_ck_kip_params_get_pSeed(object, sv);
           ^~~~~~~~~~~~~~~~~~~~~~~~~~~~~~~~~~~~
pkcs11_struct_kip.c: In function ‘XS_Crypt__PKCS11__CK_KIP_PARAMSPtr_set_pSeed’:
pkcs11_struct_kip.c:577:11: warning: implicit declaration of function ‘crypt_pkcs11_ck_kip_params_set_pSeed’ [-Wimplicit-function-declaration]
  RETVAL = crypt_pkcs11_ck_kip_params_set_pSeed(object, sv);
           ^~~~~~~~~~~~~~~~~~~~~~~~~~~~~~~~~~~~
"/opt/perl/bin/perl" "/opt/perl/lib/5.24.0/ExtUtils/xsubpp"  -typemap "/opt/perl/lib/5.24.0/ExtUtils/typemap" -typemap "typemap" -typemap "typemap.struct" -typemap "typemap"  pkcs11_struct_mechanism.xs > pkcs11_struct_mechanism.xsc && mv pkcs11_struct_mechanism.xsc pkcs11_struct_mechanism.c
cc -c  -I. -mtune=ivybridge -fwrapv -fno-strict-aliasing -pipe -fstack-protector-strong -I/usr/local/include -D_LARGEFILE_SOURCE -D_FILE_OFFSET_BITS=64 -O3   -DVERSION=\"1.03\" -DXS_VERSION=\"1.03\" -fPIC "-I/opt/perl/lib/5.24.0/x86_64-linux/CORE"  -DHAVE_DLFCN_H=1 pkcs11_struct_mechanism.c
"/opt/perl/bin/perl" "/opt/perl/lib/5.24.0/ExtUtils/xsubpp"  -typemap "/opt/perl/lib/5.24.0/ExtUtils/typemap" -typemap "typemap" -typemap "typemap.struct" -typemap "typemap"  pkcs11_struct_otp.xs > pkcs11_struct_otp.xsc && mv pkcs11_struct_otp.xsc pkcs11_struct_otp.c
cc -c  -I. -mtune=ivybridge -fwrapv -fno-strict-aliasing -pipe -fstack-protector-strong -I/usr/local/include -D_LARGEFILE_SOURCE -D_FILE_OFFSET_BITS=64 -O3   -DVERSION=\"1.03\" -DXS_VERSION=\"1.03\" -fPIC "-I/opt/perl/lib/5.24.0/x86_64-linux/CORE"  -DHAVE_DLFCN_H=1 pkcs11_struct_otp.c
pkcs11_struct_otp.c: In function ‘XS_Crypt__PKCS11__CK_OTP_PARAMSPtr_get_ulCount’:
pkcs11_struct_otp.c:722:11: warning: implicit declaration of function ‘crypt_pkcs11_ck_otp_params_get_ulCount’ [-Wimplicit-function-declaration]
  RETVAL = crypt_pkcs11_ck_otp_params_get_ulCount(object, sv);
           ^~~~~~~~~~~~~~~~~~~~~~~~~~~~~~~~~~~~~~
pkcs11_struct_otp.c: In function ‘XS_Crypt__PKCS11__CK_OTP_PARAMSPtr_set_ulCount’:
pkcs11_struct_otp.c:782:11: warning: implicit declaration of function ‘crypt_pkcs11_ck_otp_params_set_ulCount’ [-Wimplicit-function-declaration]
  RETVAL = crypt_pkcs11_ck_otp_params_set_ulCount(object, sv);
           ^~~~~~~~~~~~~~~~~~~~~~~~~~~~~~~~~~~~~~
pkcs11_struct_otp.c: In function ‘XS_Crypt__PKCS11__CK_OTP_SIGNATURE_INFOPtr_get_ulCount’:
pkcs11_struct_otp.c:1039:11: warning: implicit declaration of function ‘crypt_pkcs11_ck_otp_signature_info_get_ulCount’ [-Wimplicit-function-declaration]
  RETVAL = crypt_pkcs11_ck_otp_signature_info_get_ulCount(object, sv);
           ^~~~~~~~~~~~~~~~~~~~~~~~~~~~~~~~~~~~~~~~~~~~~~
pkcs11_struct_otp.c: In function ‘XS_Crypt__PKCS11__CK_OTP_SIGNATURE_INFOPtr_set_ulCount’:
pkcs11_struct_otp.c:1099:11: warning: implicit declaration of function ‘crypt_pkcs11_ck_otp_signature_info_set_ulCount’ [-Wimplicit-function-declaration]
  RETVAL = crypt_pkcs11_ck_otp_signature_info_set_ulCount(object, sv);
           ^~~~~~~~~~~~~~~~~~~~~~~~~~~~~~~~~~~~~~~~~~~~~~
"/opt/perl/bin/perl" "/opt/perl/lib/5.24.0/ExtUtils/xsubpp"  -typemap "/opt/perl/lib/5.24.0/ExtUtils/typemap" -typemap "typemap" -typemap "typemap.struct" -typemap "typemap"  pkcs11_struct_pbe.xs > pkcs11_struct_pbe.xsc && mv pkcs11_struct_pbe.xsc pkcs11_struct_pbe.c
cc -c  -I. -mtune=ivybridge -fwrapv -fno-strict-aliasing -pipe -fstack-protector-strong -I/usr/local/include -D_LARGEFILE_SOURCE -D_FILE_OFFSET_BITS=64 -O3   -DVERSION=\"1.03\" -DXS_VERSION=\"1.03\" -fPIC "-I/opt/perl/lib/5.24.0/x86_64-linux/CORE"  -DHAVE_DLFCN_H=1 pkcs11_struct_pbe.c
"/opt/perl/bin/perl" "/opt/perl/lib/5.24.0/ExtUtils/xsubpp"  -typemap "/opt/perl/lib/5.24.0/ExtUtils/typemap" -typemap "typemap" -typemap "typemap.struct" -typemap "typemap"  pkcs11_struct_pkcs5.xs > pkcs11_struct_pkcs5.xsc && mv pkcs11_struct_pkcs5.xsc pkcs11_struct_pkcs5.c
cc -c  -I. -mtune=ivybridge -fwrapv -fno-strict-aliasing -pipe -fstack-protector-strong -I/usr/local/include -D_LARGEFILE_SOURCE -D_FILE_OFFSET_BITS=64 -O3   -DVERSION=\"1.03\" -DXS_VERSION=\"1.03\" -fPIC "-I/opt/perl/lib/5.24.0/x86_64-linux/CORE"  -DHAVE_DLFCN_H=1 pkcs11_struct_pkcs5.c
"/opt/perl/bin/perl" "/opt/perl/lib/5.24.0/ExtUtils/xsubpp"  -typemap "/opt/perl/lib/5.24.0/ExtUtils/typemap" -typemap "typemap" -typemap "typemap.struct" -typemap "typemap"  pkcs11_struct_rc2.xs > pkcs11_struct_rc2.xsc && mv pkcs11_struct_rc2.xsc pkcs11_struct_rc2.c
cc -c  -I. -mtune=ivybridge -fwrapv -fno-strict-aliasing -pipe -fstack-protector-strong -I/usr/local/include -D_LARGEFILE_SOURCE -D_FILE_OFFSET_BITS=64 -O3   -DVERSION=\"1.03\" -DXS_VERSION=\"1.03\" -fPIC "-I/opt/perl/lib/5.24.0/x86_64-linux/CORE"  -DHAVE_DLFCN_H=1 pkcs11_struct_rc2.c
"/opt/perl/bin/perl" "/opt/perl/lib/5.24.0/ExtUtils/xsubpp"  -typemap "/opt/perl/lib/5.24.0/ExtUtils/typemap" -typemap "typemap" -typemap "typemap.struct" -typemap "typemap"  pkcs11_struct_rc5.xs > pkcs11_struct_rc5.xsc && mv pkcs11_struct_rc5.xsc pkcs11_struct_rc5.c
cc -c  -I. -mtune=ivybridge -fwrapv -fno-strict-aliasing -pipe -fstack-protector-strong -I/usr/local/include -D_LARGEFILE_SOURCE -D_FILE_OFFSET_BITS=64 -O3   -DVERSION=\"1.03\" -DXS_VERSION=\"1.03\" -fPIC "-I/opt/perl/lib/5.24.0/x86_64-linux/CORE"  -DHAVE_DLFCN_H=1 pkcs11_struct_rc5.c
"/opt/perl/bin/perl" "/opt/perl/lib/5.24.0/ExtUtils/xsubpp"  -typemap "/opt/perl/lib/5.24.0/ExtUtils/typemap" -typemap "typemap" -typemap "typemap.struct" -typemap "typemap"  pkcs11_struct_rsa.xs > pkcs11_struct_rsa.xsc && mv pkcs11_struct_rsa.xsc pkcs11_struct_rsa.c
cc -c  -I. -mtune=ivybridge -fwrapv -fno-strict-aliasing -pipe -fstack-protector-strong -I/usr/local/include -D_LARGEFILE_SOURCE -D_FILE_OFFSET_BITS=64 -O3   -DVERSION=\"1.03\" -DXS_VERSION=\"1.03\" -fPIC "-I/opt/perl/lib/5.24.0/x86_64-linux/CORE"  -DHAVE_DLFCN_H=1 pkcs11_struct_rsa.c
"/opt/perl/bin/perl" "/opt/perl/lib/5.24.0/ExtUtils/xsubpp"  -typemap "/opt/perl/lib/5.24.0/ExtUtils/typemap" -typemap "typemap" -typemap "typemap.struct" -typemap "typemap"  pkcs11_struct_skipjack.xs > pkcs11_struct_skipjack.xsc && mv pkcs11_struct_skipjack.xsc pkcs11_struct_skipjack.c
cc -c  -I. -mtune=ivybridge -fwrapv -fno-strict-aliasing -pipe -fstack-protector-strong -I/usr/local/include -D_LARGEFILE_SOURCE -D_FILE_OFFSET_BITS=64 -O3   -DVERSION=\"1.03\" -DXS_VERSION=\"1.03\" -fPIC "-I/opt/perl/lib/5.24.0/x86_64-linux/CORE"  -DHAVE_DLFCN_H=1 pkcs11_struct_skipjack.c
"/opt/perl/bin/perl" "/opt/perl/lib/5.24.0/ExtUtils/xsubpp"  -typemap "/opt/perl/lib/5.24.0/ExtUtils/typemap" -typemap "typemap" -typemap "typemap.struct" -typemap "typemap"  pkcs11_struct_ssl3.xs > pkcs11_struct_ssl3.xsc && mv pkcs11_struct_ssl3.xsc pkcs11_struct_ssl3.c
cc -c  -I. -mtune=ivybridge -fwrapv -fno-strict-aliasing -pipe -fstack-protector-strong -I/usr/local/include -D_LARGEFILE_SOURCE -D_FILE_OFFSET_BITS=64 -O3   -DVERSION=\"1.03\" -DXS_VERSION=\"1.03\" -fPIC "-I/opt/perl/lib/5.24.0/x86_64-linux/CORE"  -DHAVE_DLFCN_H=1 pkcs11_struct_ssl3.c
pkcs11_struct_ssl3.c: In function ‘XS_Crypt__PKCS11__CK_SSL3_MASTER_KEY_DERIVE_PARAMSPtr_get_pVersion’:
pkcs11_struct_ssl3.c:722:11: warning: implicit declaration of function ‘crypt_pkcs11_ck_ssl3_master_key_derive_params_get_pVersion’ [-Wimplicit-function-declaration]
  RETVAL = crypt_pkcs11_ck_ssl3_master_key_derive_params_get_pVersion(object, sv);
           ^~~~~~~~~~~~~~~~~~~~~~~~~~~~~~~~~~~~~~~~~~~~~~~~~~~~~~~~~~
pkcs11_struct_ssl3.c: In function ‘XS_Crypt__PKCS11__CK_SSL3_MASTER_KEY_DERIVE_PARAMSPtr_set_pVersion’:
pkcs11_struct_ssl3.c:795:11: warning: implicit declaration of function ‘crypt_pkcs11_ck_ssl3_master_key_derive_params_set_pVersion’ [-Wimplicit-function-declaration]
  RETVAL = crypt_pkcs11_ck_ssl3_master_key_derive_params_set_pVersion(object, sv);
           ^~~~~~~~~~~~~~~~~~~~~~~~~~~~~~~~~~~~~~~~~~~~~~~~~~~~~~~~~~
pkcs11_struct_ssl3.c: In function ‘XS_Crypt__PKCS11__CK_SSL3_KEY_MAT_PARAMSPtr_get_pReturnedKeyMaterial’:
pkcs11_struct_ssl3.c:2058:11: warning: implicit declaration of function ‘crypt_pkcs11_ck_ssl3_key_mat_params_get_pReturnedKeyMaterial’ [-Wimplicit-function-declaration]
  RETVAL = crypt_pkcs11_ck_ssl3_key_mat_params_get_pReturnedKeyMaterial(object, sv);
           ^~~~~~~~~~~~~~~~~~~~~~~~~~~~~~~~~~~~~~~~~~~~~~~~~~~~~~~~~~~~
"/opt/perl/bin/perl" "/opt/perl/lib/5.24.0/ExtUtils/xsubpp"  -typemap "/opt/perl/lib/5.24.0/ExtUtils/typemap" -typemap "typemap" -typemap "typemap.struct" -typemap "typemap"  pkcs11_struct_tls.xs > pkcs11_struct_tls.xsc && mv pkcs11_struct_tls.xsc pkcs11_struct_tls.c
cc -c  -I. -mtune=ivybridge -fwrapv -fno-strict-aliasing -pipe -fstack-protector-strong -I/usr/local/include -D_LARGEFILE_SOURCE -D_FILE_OFFSET_BITS=64 -O3   -DVERSION=\"1.03\" -DXS_VERSION=\"1.03\" -fPIC "-I/opt/perl/lib/5.24.0/x86_64-linux/CORE"  -DHAVE_DLFCN_H=1 pkcs11_struct_tls.c
"/opt/perl/bin/perl" "/opt/perl/lib/5.24.0/ExtUtils/xsubpp"  -typemap "/opt/perl/lib/5.24.0/ExtUtils/typemap" -typemap "typemap" -typemap "typemap.struct" -typemap "typemap"  pkcs11_struct_version.xs > pkcs11_struct_version.xsc && mv pkcs11_struct_version.xsc pkcs11_struct_version.c
cc -c  -I. -mtune=ivybridge -fwrapv -fno-strict-aliasing -pipe -fstack-protector-strong -I/usr/local/include -D_LARGEFILE_SOURCE -D_FILE_OFFSET_BITS=64 -O3   -DVERSION=\"1.03\" -DXS_VERSION=\"1.03\" -fPIC "-I/opt/perl/lib/5.24.0/x86_64-linux/CORE"  -DHAVE_DLFCN_H=1 pkcs11_struct_version.c
"/opt/perl/bin/perl" "/opt/perl/lib/5.24.0/ExtUtils/xsubpp"  -typemap "/opt/perl/lib/5.24.0/ExtUtils/typemap" -typemap "typemap" -typemap "typemap.struct" -typemap "typemap"  pkcs11_struct_wtls.xs > pkcs11_struct_wtls.xsc && mv pkcs11_struct_wtls.xsc pkcs11_struct_wtls.c
cc -c  -I. -mtune=ivybridge -fwrapv -fno-strict-aliasing -pipe -fstack-protector-strong -I/usr/local/include -D_LARGEFILE_SOURCE -D_FILE_OFFSET_BITS=64 -O3   -DVERSION=\"1.03\" -DXS_VERSION=\"1.03\" -fPIC "-I/opt/perl/lib/5.24.0/x86_64-linux/CORE"  -DHAVE_DLFCN_H=1 pkcs11_struct_wtls.c
pkcs11_struct_wtls.c: In function ‘XS_Crypt__PKCS11__CK_WTLS_MASTER_KEY_DERIVE_PARAMSPtr_get_pVersion’:
pkcs11_struct_wtls.c:803:11: warning: implicit declaration of function ‘crypt_pkcs11_ck_wtls_master_key_derive_params_get_pVersion’ [-Wimplicit-function-declaration]
  RETVAL = crypt_pkcs11_ck_wtls_master_key_derive_params_get_pVersion(object, sv);
           ^~~~~~~~~~~~~~~~~~~~~~~~~~~~~~~~~~~~~~~~~~~~~~~~~~~~~~~~~~
pkcs11_struct_wtls.c: In function ‘XS_Crypt__PKCS11__CK_WTLS_MASTER_KEY_DERIVE_PARAMSPtr_set_pVersion’:
pkcs11_struct_wtls.c:863:11: warning: implicit declaration of function ‘crypt_pkcs11_ck_wtls_master_key_derive_params_set_pVersion’ [-Wimplicit-function-declaration]
  RETVAL = crypt_pkcs11_ck_wtls_master_key_derive_params_set_pVersion(object, sv);
           ^~~~~~~~~~~~~~~~~~~~~~~~~~~~~~~~~~~~~~~~~~~~~~~~~~~~~~~~~~
pkcs11_struct_wtls.c: In function ‘XS_Crypt__PKCS11__CK_WTLS_KEY_MAT_PARAMSPtr_get_pReturnedKeyMaterial’:
pkcs11_struct_wtls.c:2502:11: warning: implicit declaration of function ‘crypt_pkcs11_ck_wtls_key_mat_params_get_pReturnedKeyMaterial’ [-Wimplicit-function-declaration]
  RETVAL = crypt_pkcs11_ck_wtls_key_mat_params_get_pReturnedKeyMaterial(object, sv);
           ^~~~~~~~~~~~~~~~~~~~~~~~~~~~~~~~~~~~~~~~~~~~~~~~~~~~~~~~~~~~
"/opt/perl/bin/perl" "/opt/perl/lib/5.24.0/ExtUtils/xsubpp"  -typemap "/opt/perl/lib/5.24.0/ExtUtils/typemap" -typemap "typemap" -typemap "typemap.struct" -typemap "typemap"  pkcs11_struct_x9.xs > pkcs11_struct_x9.xsc && mv pkcs11_struct_x9.xsc pkcs11_struct_x9.c
cc -c  -I. -mtune=ivybridge -fwrapv -fno-strict-aliasing -pipe -fstack-protector-strong -I/usr/local/include -D_LARGEFILE_SOURCE -D_FILE_OFFSET_BITS=64 -O3   -DVERSION=\"1.03\" -DXS_VERSION=\"1.03\" -fPIC "-I/opt/perl/lib/5.24.0/x86_64-linux/CORE"  -DHAVE_DLFCN_H=1 pkcs11_struct_x9.c
rm -f blib/arch/auto/Crypt/PKCS11/PKCS11.so
cc  -shared -O3 -L/usr/local/lib -fstack-protector-strong crypt_pkcs11.o crypt_pkcs11_struct.o crypt_pkcs11_struct_aes.o crypt_pkcs11_struct_aria.o crypt_pkcs11_struct_camellia.o crypt_pkcs11_struct_cms.o crypt_pkcs11_struct_des.o crypt_pkcs11_struct_ecdh1.o crypt_pkcs11_struct_ecdh2.o crypt_pkcs11_struct_ecmqv.o crypt_pkcs11_struct_kea.o crypt_pkcs11_struct_key.o crypt_pkcs11_struct_kip.o crypt_pkcs11_struct_mechanism.o crypt_pkcs11_struct_otp.o crypt_pkcs11_struct_pbe.o crypt_pkcs11_struct_pkcs5.o crypt_pkcs11_struct_rc2.o crypt_pkcs11_struct_rc5.o crypt_pkcs11_struct_rsa.o crypt_pkcs11_struct_skipjack.o crypt_pkcs11_struct_ssl3.o crypt_pkcs11_struct_tls.o crypt_pkcs11_struct_version.o crypt_pkcs11_struct_wtls.o crypt_pkcs11_struct_x9.o pkcs11.o pkcs11_struct.o pkcs11_struct_aes.o pkcs11_struct_aria.o pkcs11_struct_camellia.o pkcs11_struct_cms.o pkcs11_struct_des.o pkcs11_struct_ecdh1.o pkcs11_struct_ecdh2.o pkcs11_struct_ecmqv.o pkcs11_struct_kea.o pkcs11_struct_key.o pkcs11_struct_kip.o pkcs11_struct_mechanism.o pkcs11_struct_otp.o pkcs11_struct_pbe.o pkcs11_struct_pkcs5.o pkcs11_struct_rc2.o pkcs11_struct_rc5.o pkcs11_struct_rsa.o pkcs11_struct_skipjack.o pkcs11_struct_ssl3.o pkcs11_struct_tls.o pkcs11_struct_version.o pkcs11_struct_wtls.o pkcs11_struct_x9.o  -o blib/arch/auto/Crypt/PKCS11/PKCS11.so 	\
   -ldl  	\
  
chmod 755 blib/arch/auto/Crypt/PKCS11/PKCS11.so
"/opt/perl/bin/perl" -MExtUtils::Command::MM -e 'cp_nonempty' -- PKCS11.bs blib/arch/auto/Crypt/PKCS11/PKCS11.bs 644
Running Mkbootstrap for Crypt::PKCS11 ()
chmod 644 "PKCS11.bs"
PERL_DL_NONLAZY=1 "/opt/perl/bin/perl" "-MExtUtils::Command::MM" "-MTest::Harness" "-e" "undef *Test::Harness::Switches; test_harness(0, 'blib/lib', 'blib/arch')" t/*.t
# Testing Crypt::PKCS11 1.03, Perl 5.024000, /opt/perl/bin/perl
t/00-load.t ....... ok
t/boilerplate.t ... ok
t/cover.t ......... ok
t/manifest.t ...... skipped: Author tests not required for installation
t/oo.t ............ ok
t/pkcs11.t ........ ok
t/pod-coverage.t .. ok
t/pod.t ........... ok
t/rv2str.t ........ ok
t/svuok.t ......... ok
All tests successful.

Test Summary Report
-------------------
t/boilerplate.t (Wstat: 0 Tests: 3 Failed: 0)
  TODO passed:   1-3
Files=10, Tests=2025,  3 wallclock secs ( 0.17 usr  0.01 sys +  2.61 cusr  0.19 csys =  2.98 CPU)
Result: PASS
Files found in blib/arch: installing files in blib/lib into architecture dependent library tree
Installing /opt/perl/lib/site_perl/5.24.0/x86_64-linux/auto/Crypt/PKCS11/PKCS11.so
Installing /opt/perl/lib/site_perl/5.24.0/x86_64-linux/Crypt/PKCS11.pod
Installing /opt/perl/lib/site_perl/5.24.0/x86_64-linux/Crypt/PKCS11.pm
Installing /opt/perl/lib/site_perl/5.24.0/x86_64-linux/Crypt/PKCS11/CK_CAMELLIA_CBC_ENCRYPT_DATA_PARAMS.pod
Installing /opt/perl/lib/site_perl/5.24.0/x86_64-linux/Crypt/PKCS11/Attributes.pm
Installing /opt/perl/lib/site_perl/5.24.0/x86_64-linux/Crypt/PKCS11/CK_AES_GCM_PARAMS.pod
Installing /opt/perl/lib/site_perl/5.24.0/x86_64-linux/Crypt/PKCS11/CK_CAMELLIA_CTR_PARAMS.pod
Installing /opt/perl/lib/site_perl/5.24.0/x86_64-linux/Crypt/PKCS11/Attribute.pm
Installing /opt/perl/lib/site_perl/5.24.0/x86_64-linux/Crypt/PKCS11/Attributes.pod
Installing /opt/perl/lib/site_perl/5.24.0/x86_64-linux/Crypt/PKCS11/CK_AES_CCM_PARAMS.pod
Installing /opt/perl/lib/site_perl/5.24.0/x86_64-linux/Crypt/PKCS11/CK_AES_CBC_ENCRYPT_DATA_PARAMS.pod
Installing /opt/perl/lib/site_perl/5.24.0/x86_64-linux/Crypt/PKCS11/CK_ARIA_CBC_ENCRYPT_DATA_PARAMS.pod
Installing /opt/perl/lib/site_perl/5.24.0/x86_64-linux/Crypt/PKCS11/Attribute.pod
Installing /opt/perl/lib/site_perl/5.24.0/x86_64-linux/Crypt/PKCS11/CK_AES_CTR_PARAMS.pod
Installing /opt/perl/lib/site_perl/5.24.0/x86_64-linux/Crypt/PKCS11/CK_MECHANISM.pod
Installing /opt/perl/lib/site_perl/5.24.0/x86_64-linux/Crypt/PKCS11/CK_KEA_DERIVE_PARAMS.pod
Installing /opt/perl/lib/site_perl/5.24.0/x86_64-linux/Crypt/PKCS11/CK_SSL3_MASTER_KEY_DERIVE_PARAMS.pod
Installing /opt/perl/lib/site_perl/5.24.0/x86_64-linux/Crypt/PKCS11/CK_RSA_PKCS_PSS_PARAMS.pod
Installing /opt/perl/lib/site_perl/5.24.0/x86_64-linux/Crypt/PKCS11/CK_TLS_PRF_PARAMS.pod
Installing /opt/perl/lib/site_perl/5.24.0/x86_64-linux/Crypt/PKCS11/CK_ECDH1_DERIVE_PARAMS.pod
Installing /opt/perl/lib/site_perl/5.24.0/x86_64-linux/Crypt/PKCS11/CK_SSL3_RANDOM_DATA.pod
Installing /opt/perl/lib/site_perl/5.24.0/x86_64-linux/Crypt/PKCS11/CK_CMS_SIG_PARAMS.pod
Installing /opt/perl/lib/site_perl/5.24.0/x86_64-linux/Crypt/PKCS11/CK_SSL3_KEY_MAT_OUT.pod
Installing /opt/perl/lib/site_perl/5.24.0/x86_64-linux/Crypt/PKCS11/CK_SSL3_KEY_MAT_PARAMS.pod
Installing /opt/perl/lib/site_perl/5.24.0/x86_64-linux/Crypt/PKCS11/CK_SKIPJACK_PRIVATE_WRAP_PARAMS.pod
Installing /opt/perl/lib/site_perl/5.24.0/x86_64-linux/Crypt/PKCS11/CK_OTP_PARAMS.pod
Installing /opt/perl/lib/site_perl/5.24.0/x86_64-linux/Crypt/PKCS11/CK_RSA_PKCS_OAEP_PARAMS.pod
Installing /opt/perl/lib/site_perl/5.24.0/x86_64-linux/Crypt/PKCS11/CK_RC2_MAC_GENERAL_PARAMS.pod
Installing /opt/perl/lib/site_perl/5.24.0/x86_64-linux/Crypt/PKCS11/CK_OTP_SIGNATURE_INFO.pod
Installing /opt/perl/lib/site_perl/5.24.0/x86_64-linux/Crypt/PKCS11/CK_OTP_PARAM.pod
Installing /opt/perl/lib/site_perl/5.24.0/x86_64-linux/Crypt/PKCS11/CK_RC5_PARAMS.pod
Installing /opt/perl/lib/site_perl/5.24.0/x86_64-linux/Crypt/PKCS11/CK_ECDH2_DERIVE_PARAMS.pod
Installing /opt/perl/lib/site_perl/5.24.0/x86_64-linux/Crypt/PKCS11/CK_PBE_PARAMS.pod
Installing /opt/perl/lib/site_perl/5.24.0/x86_64-linux/Crypt/PKCS11/CK_KEY_WRAP_SET_OAEP_PARAMS.pod
Installing /opt/perl/lib/site_perl/5.24.0/x86_64-linux/Crypt/PKCS11/CK_KEY_DERIVATION_STRING_DATA.pod
Installing /opt/perl/lib/site_perl/5.24.0/x86_64-linux/Crypt/PKCS11/CK_SKIPJACK_RELAYX_PARAMS.pod
Installing /opt/perl/lib/site_perl/5.24.0/x86_64-linux/Crypt/PKCS11/CK_RC2_CBC_PARAMS.pod
Installing /opt/perl/lib/site_perl/5.24.0/x86_64-linux/Crypt/PKCS11/CK_RC5_CBC_PARAMS.pod
Installing /opt/perl/lib/site_perl/5.24.0/x86_64-linux/Crypt/PKCS11/CK_KIP_PARAMS.pod
Installing /opt/perl/lib/site_perl/5.24.0/x86_64-linux/Crypt/PKCS11/CK_RC5_MAC_GENERAL_PARAMS.pod
Installing /opt/perl/lib/site_perl/5.24.0/x86_64-linux/Crypt/PKCS11/CK_DES_CBC_ENCRYPT_DATA_PARAMS.pod
Installing /opt/perl/lib/site_perl/5.24.0/x86_64-linux/Crypt/PKCS11/CK_PKCS5_PBKD2_PARAMS.pod
Installing /opt/perl/lib/site_perl/5.24.0/x86_64-linux/Crypt/PKCS11/CK_ECMQV_DERIVE_PARAMS.pod
Installing /opt/perl/lib/site_perl/5.24.0/x86_64-linux/Crypt/PKCS11/CK_WTLS_KEY_MAT_PARAMS.pod
Installing /opt/perl/lib/site_perl/5.24.0/x86_64-linux/Crypt/PKCS11/CK_X9_42_DH2_DERIVE_PARAMS.pod
Installing /opt/perl/lib/site_perl/5.24.0/x86_64-linux/Crypt/PKCS11/XS.pod
Installing /opt/perl/lib/site_perl/5.24.0/x86_64-linux/Crypt/PKCS11/CK_WTLS_RANDOM_DATA.pod
Installing /opt/perl/lib/site_perl/5.24.0/x86_64-linux/Crypt/PKCS11/Session.pod
Installing /opt/perl/lib/site_perl/5.24.0/x86_64-linux/Crypt/PKCS11/CK_VERSION.pod
Installing /opt/perl/lib/site_perl/5.24.0/x86_64-linux/Crypt/PKCS11/CK_WTLS_KEY_MAT_OUT.pod
Installing /opt/perl/lib/site_perl/5.24.0/x86_64-linux/Crypt/PKCS11/Object.pod
Installing /opt/perl/lib/site_perl/5.24.0/x86_64-linux/Crypt/PKCS11/Session.pm
Installing /opt/perl/lib/site_perl/5.24.0/x86_64-linux/Crypt/PKCS11/CK_X9_42_DH1_DERIVE_PARAMS.pod
Installing /opt/perl/lib/site_perl/5.24.0/x86_64-linux/Crypt/PKCS11/CK_WTLS_PRF_PARAMS.pod
Installing /opt/perl/lib/site_perl/5.24.0/x86_64-linux/Crypt/PKCS11/Object.pm
Installing /opt/perl/lib/site_perl/5.24.0/x86_64-linux/Crypt/PKCS11/CK_WTLS_MASTER_KEY_DERIVE_PARAMS.pod
Installing /opt/perl/lib/site_perl/5.24.0/x86_64-linux/Crypt/PKCS11/CK_X9_42_MQV_DERIVE_PARAMS.pod
Installing /opt/perl/lib/site_perl/5.24.0/x86_64-linux/Crypt/PKCS11/Attribute/CK_ULONG.pod
Installing /opt/perl/lib/site_perl/5.24.0/x86_64-linux/Crypt/PKCS11/Attribute/AttributeArray.pm
Installing /opt/perl/lib/site_perl/5.24.0/x86_64-linux/Crypt/PKCS11/Attribute/RFC2279string.pod
Installing /opt/perl/lib/site_perl/5.24.0/x86_64-linux/Crypt/PKCS11/Attribute/UlongArray.pm
Installing /opt/perl/lib/site_perl/5.24.0/x86_64-linux/Crypt/PKCS11/Attribute/CK_ULONG.pm
Installing /opt/perl/lib/site_perl/5.24.0/x86_64-linux/Crypt/PKCS11/Attribute/CK_DATE.pm
Installing /opt/perl/lib/site_perl/5.24.0/x86_64-linux/Crypt/PKCS11/Attribute/RFC2279string.pm
Installing /opt/perl/lib/site_perl/5.24.0/x86_64-linux/Crypt/PKCS11/Attribute/ByteArray.pm
Installing /opt/perl/lib/site_perl/5.24.0/x86_64-linux/Crypt/PKCS11/Attribute/CK_DATE.pod
Installing /opt/perl/lib/site_perl/5.24.0/x86_64-linux/Crypt/PKCS11/Attribute/Value.pm
Installing /opt/perl/lib/site_perl/5.24.0/x86_64-linux/Crypt/PKCS11/Attribute/CK_BYTE.pm
Installing /opt/perl/lib/site_perl/5.24.0/x86_64-linux/Crypt/PKCS11/Attribute/ByteArray.pod
Installing /opt/perl/lib/site_perl/5.24.0/x86_64-linux/Crypt/PKCS11/Attribute/Value.pod
Installing /opt/perl/lib/site_perl/5.24.0/x86_64-linux/Crypt/PKCS11/Attribute/AttributeArray.pod
Installing /opt/perl/lib/site_perl/5.24.0/x86_64-linux/Crypt/PKCS11/Attribute/CK_BYTE.pod
Installing /opt/perl/lib/site_perl/5.24.0/x86_64-linux/Crypt/PKCS11/Attribute/CK_BBOOL.pod
Installing /opt/perl/lib/site_perl/5.24.0/x86_64-linux/Crypt/PKCS11/Attribute/CK_BBOOL.pm
Installing /opt/perl/lib/site_perl/5.24.0/x86_64-linux/Crypt/PKCS11/Attribute/UlongArray.pod
Appending installation info to /opt/perl/lib/5.24.0/x86_64-linux/perllocal.pod
-> OK
Successfully installed Crypt-PKCS11-1.03
Installing /opt/perl/lib/site_perl/5.24.0/x86_64-linux/.meta/Crypt-PKCS11-1.03/install.json
Installing /opt/perl/lib/site_perl/5.24.0/x86_64-linux/.meta/Crypt-PKCS11-1.03/MYMETA.json
1 distribution installed
