cpanm (App::cpanminus) 1.7040 on perl 5.022001 built for x86_64-linux
Work directory is /home/myuser/.cpanm/work/1460406996.1454
You have make /usr/bin/make
You have LWP 6.15
You have /bin/tar: tar (GNU tar) 1.23
Copyright (C) 2010 Free Software Foundation, Inc.
License GPLv3+: GNU GPL version 3 or later <http://gnu.org/licenses/gpl.html>.
This is free software: you are free to change and redistribute it.
There is NO WARRANTY, to the extent permitted by law.

Written by John Gilmore and Jay Fenlason.
You have /usr/bin/unzip
Searching HTTP::Server::Simple () on cpanmetadb ...
--> Working on HTTP::Server::Simple
Fetching http://www.cpan.org/authors/id/B/BP/BPS/HTTP-Server-Simple-0.51.tar.gz
-> OK
Unpacking HTTP-Server-Simple-0.51.tar.gz
Entering HTTP-Server-Simple-0.51
Checking configure dependencies from META.yml
Checking if you have ExtUtils::MakeMaker 6.58 ... Yes (7.04_01)
Configuring HTTP-Server-Simple-0.51
Running Makefile.PL
Cannot determine perl version info from lib/HTTP/Server/Simple.pm
Checking if your kit is complete...
Looks good
Generating a Unix-style Makefile
Writing Makefile for HTTP::Server::Simple
Writing MYMETA.yml and MYMETA.json
-> OK
Checking dependencies from MYMETA.json ...
Checking if you have ExtUtils::MakeMaker 0 ... Yes (7.04_01)
Checking if you have Test::More 0 ... Yes (1.001014)
Checking if you have CGI 0 ... Yes (4.28)
Checking if you have Socket 1.94 ... Yes (2.018)
Building and testing HTTP-Server-Simple-0.51
cp lib/HTTP/Server/Simple/CGI/Environment.pm blib/lib/HTTP/Server/Simple/CGI/Environment.pm
cp lib/HTTP/Server/Simple/CGI.pm blib/lib/HTTP/Server/Simple/CGI.pm
cp lib/HTTP/Server/Simple.pm blib/lib/HTTP/Server/Simple.pm
PERL_DL_NONLAZY=1 "/home/myuser/.plenv/versions/colab/bin/perl5.22.1" "-MExtUtils::Command::MM" "-MTest::Harness" "-e" "undef *Test::Harness::Switches; test_harness(0, 'inc', 'blib/lib', 'blib/arch')" t/*.t
t/00smoke.t ........ ok
bind to *:49732: Address already in use at t/01live.t line 157.
bind to *:49733: Address already in use at t/01live.t line 157.
t/01live.t ......... ok
t/02pod.t .......... skipped: Test::Pod 1.14 required for testing POD
t/03podcoverage.t .. skipped: Test::Pod::Coverage 1.04 required for testing POD coverage
t/04cgi.t .......... ok
All tests successful.
Files=5, Tests=104, 18 wallclock secs ( 0.05 usr  0.02 sys +  0.49 cusr  0.05 csys =  0.61 CPU)
Result: PASS
Installing /home/apps/myuser/local/lib/perl5/HTTP/Server/Simple.pm
Installing /home/apps/myuser/local/lib/perl5/HTTP/Server/Simple/CGI.pm
Installing /home/apps/myuser/local/lib/perl5/HTTP/Server/Simple/CGI/Environment.pm
Appending installation info to /home/apps/myuser/local/lib/perl5/x86_64-linux/perllocal.pod
-> OK
Successfully installed HTTP-Server-Simple-0.51 (upgraded from 0.44)
Installing /home/apps/myuser/local/lib/perl5/x86_64-linux/.meta/HTTP-Server-Simple-0.51/MYMETA.json
Installing /home/apps/myuser/local/lib/perl5/x86_64-linux/.meta/HTTP-Server-Simple-0.51/install.json
1 distribution installed
