cpanm (App::cpanminus) 1.7024 on perl 5.021008 built for darwin-2level
Work directory is /Users/ether/.cpanm/work/1421863826.72120
You have make /usr/bin/make
You have /opt/local/bin/wget
You have /usr/bin/tar: bsdtar 2.8.3 - libarchive 2.8.3
You have /usr/bin/unzip
Checking if you have ExtUtils::MakeMaker 6.58 ... Yes (7.04)
Checking if you have ExtUtils::Install 1.46 ... Yes (2.04)
Searching List::MoreUtils on cpanmetadb ...
--> Working on List::MoreUtils
Fetching http://www.cpan.org/authors/id/R/RE/REHSACK/List-MoreUtils-0.402.tar.gz
-> OK
Unpacking List-MoreUtils-0.402.tar.gz
Entering List-MoreUtils-0.402
Checking configure dependencies from META.json
Checking if you have File::Spec 0 ... Yes (3.53)
Checking if you have ExtUtils::MakeMaker 6.86 ... Yes (7.04)
Checking if you have File::Basename 0 ... Yes (2.85)
Checking if you have IPC::Cmd 0 ... Yes (0.92)
Checking if you have base 0 ... Yes (2.22)
Checking if you have File::Copy 0 ... Yes (2.30)
Checking if you have File::Path 0 ... Yes (2.09)
Checking if you have Carp 0 ... Yes (1.34)
Configuring List-MoreUtils-0.402
Running Makefile.PL
Variant providers in LMU::TestVariants: CanXS
Checking whether pureperl is required... no
Checking for cc... cc
Checking for cc... (cached) cc
Checking whether perlapi is accessible... yes
Writing gt/pureperl/Functions.t
Writing gt/pureperl/Import.t
Writing gt/pureperl/XS.t
Writing gt/pureperl/ab.t
Writing gt/xs/Functions.t
Writing gt/xs/Import.t
Writing gt/xs/XS.t
Writing gt/xs/ab.t
Checking whether pureperl is required... (cached) no
Checking for cc... (cached) cc
Checking whether perlapi is accessible... (cached) yes
Checking if your kit is complete...
Looks good
Generating a Unix-style Makefile
Writing Makefile for List::MoreUtils
Writing MYMETA.yml and MYMETA.json
-> OK
Checking dependencies from MYMETA.json ...
Checking if you have ExtUtils::MakeMaker 0 ... Yes (7.04)
Checking if you have XSLoader 0 ... Yes (0.20)
Checking if you have Test::More 0.9 ... Yes (1.301001_097)
Checking if you have Exporter::Tiny 0.038 ... No
==> Found dependencies: Exporter::Tiny
Searching Exporter::Tiny on cpanmetadb ...
--> Working on Exporter::Tiny
Fetching http://www.cpan.org/authors/id/T/TO/TOBYINK/Exporter-Tiny-0.042.tar.gz
-> OK
Unpacking Exporter-Tiny-0.042.tar.gz
Entering Exporter-Tiny-0.042
Checking configure dependencies from META.json
Checking if you have ExtUtils::MakeMaker 6.17 ... Yes (7.04)
Configuring Exporter-Tiny-0.042
Running Makefile.PL
Checking if your kit is complete...
Looks good
Generating a Unix-style Makefile
Writing Makefile for Exporter::Tiny
Writing MYMETA.yml and MYMETA.json
-> OK
Checking dependencies from MYMETA.json ...
Checking if you have Test::More 0.47 ... Yes (1.301001_097)
Building and testing Exporter-Tiny-0.042
Manifying 2 pod documents
PERL_DL_NONLAZY=1 "/Users/ether/perl5/perlbrew/perls/21.8/bin/perl5.21.8" "-MExtUtils::Command::MM" "-MTest::Harness" "-e" "undef *Test::Harness::Switches; test_harness(0, 'blib/lib', 'blib/arch')" t/*.t
# Perl 5.021008
t/01basic.t ....... ok
t/05shiny.t ....... ok
t/04into.t ........ ok
t/03generators.t .. ok
t/02renaming.t .... ok
t/07regexp.t ...... ok
t/06notwant.t ..... ok
t/09warnings.t .... skipped: test requires Test::Warnings and Test::Fatal
t/08tags.t ........ ok
t/10no.t .......... ok
All tests successful.
Files=10, Tests=32,  0 wallclock secs ( 0.04 usr  0.03 sys +  0.63 cusr  0.09 csys =  0.79 CPU)
Result: PASS
Manifying 2 pod documents
Installing /Users/ether/.perlbrew/libs/21.8@std/lib/perl5/Exporter/Shiny.pm
Installing /Users/ether/.perlbrew/libs/21.8@std/lib/perl5/Exporter/Tiny.pm
Installing /Users/ether/.perlbrew/libs/21.8@std/man/man3/Exporter::Shiny.0
Installing /Users/ether/.perlbrew/libs/21.8@std/man/man3/Exporter::Tiny.0
Appending installation info to /Users/ether/.perlbrew/libs/21.8@std/lib/perl5/darwin-2level/perllocal.pod
-> OK
Successfully installed Exporter-Tiny-0.042
Installing /Users/ether/.perlbrew/libs/21.8@std/lib/perl5/darwin-2level/.meta/Exporter-Tiny-0.042/MYMETA.json
Installing /Users/ether/.perlbrew/libs/21.8@std/lib/perl5/darwin-2level/.meta/Exporter-Tiny-0.042/install.json
Building and testing List-MoreUtils-0.402
Running Mkbootstrap for List::MoreUtils ()
chmod 644 "MoreUtils.bs"
"/Users/ether/perl5/perlbrew/perls/21.8/bin/perl5.21.8" "/Users/ether/perl5/perlbrew/perls/21.8/lib/5.21.8/ExtUtils/xsubpp"  -typemap "/Users/ether/perl5/perlbrew/perls/21.8/lib/5.21.8/ExtUtils/typemap"  MoreUtils.xs > MoreUtils.xsc && mv MoreUtils.xsc MoreUtils.c
cc -c  -I. -fno-common -DPERL_DARWIN -fno-strict-aliasing -pipe -fstack-protector -I/opt/local/include -O3   -DVERSION=\"0.402\" -DXS_VERSION=\"0.402\"  "-I/Users/ether/perl5/perlbrew/perls/21.8/lib/5.21.8/darwin-2level/CORE"   MoreUtils.c
MoreUtils.xs:1499:7: warning: expression result unused [-Wunused-value]
                    hv_store_ent(hv, ST(i), &PL_sv_yes, 0);
                    ^~~~~~~~~~~~~~~~~~~~~~~~~~~~~~~~~~~~~~
/Users/ether/perl5/perlbrew/perls/21.8/lib/5.21.8/darwin-2level/CORE/hv.h:454:6: note: expanded from macro 'hv_store_ent'
    ((HE *) hv_common((hv), (keysv), NULL, 0, 0, HV_FETCH_ISSTORE,      \
     ^      ~~~~~~~~~~~~~~~~~~~~~~~~~~~~~~~~~~~~~~~~~~~~~~~~~~~~~~~~~~~~~
MoreUtils.xs:1511:3: warning: expression result unused [-Wunused-value]
                hv_store_ent(hv, ST(i), &PL_sv_yes, 0);
                ^~~~~~~~~~~~~~~~~~~~~~~~~~~~~~~~~~~~~~
/Users/ether/perl5/perlbrew/perls/21.8/lib/5.21.8/darwin-2level/CORE/hv.h:454:6: note: expanded from macro 'hv_store_ent'
    ((HE *) hv_common((hv), (keysv), NULL, 0, 0, HV_FETCH_ISSTORE,      \
     ^      ~~~~~~~~~~~~~~~~~~~~~~~~~~~~~~~~~~~~~~~~~~~~~~~~~~~~~~~~~~~~~
2 warnings generated.
rm -f blib/arch/auto/List/MoreUtils/MoreUtils.bundle
env MACOSX_DEPLOYMENT_TARGET=10.3 cc  -bundle -undefined dynamic_lookup -L/opt/local/lib -fstack-protector MoreUtils.o  -o blib/arch/auto/List/MoreUtils/MoreUtils.bundle 	\
	     	\
	  
chmod 755 blib/arch/auto/List/MoreUtils/MoreUtils.bundle
"/Users/ether/perl5/perlbrew/perls/21.8/bin/perl5.21.8" -MExtUtils::Command::MM -e 'cp_nonempty' -- MoreUtils.bs blib/arch/auto/List/MoreUtils/MoreUtils.bs 644
Manifying 3 pod documents
Running Mkbootstrap for List::MoreUtils ()
chmod 644 "MoreUtils.bs"
PERL_DL_NONLAZY=1 "/Users/ether/perl5/perlbrew/perls/21.8/bin/perl5.21.8" "-MExtUtils::Command::MM" "-MTest::Harness" "-e" "undef *Test::Harness::Switches; test_harness(0, 'blib/lib', 'blib/arch')" xt/*.t gt/*/*.t gt/*/*/*.t
gt/pureperl/ab.t ......... ok
gt/pureperl/XS.t ......... ok
gt/pureperl/Import.t ..... ok
gt/xs/ab.t ............... ok
gt/xs/XS.t ............... ok
gt/xs/Import.t ........... ok
gt/xs/Functions.t ........ ok
gt/pureperl/Functions.t .. ok
All tests successful.

Test Summary Report
-------------------
gt/xs/Functions.t      (Wstat: 0 Tests: 2343 Failed: 0)
  TODO passed:   266, 268
gt/pureperl/Functions.t (Wstat: 0 Tests: 2343 Failed: 0)
  TODO passed:   266, 268
Files=8, Tests=4692,  0 wallclock secs ( 0.35 usr  0.03 sys +  1.10 cusr  0.09 csys =  1.57 CPU)
Result: PASS
Manifying 3 pod documents
Files found in blib/arch: installing files in blib/lib into architecture dependent library tree
Installing /Users/ether/.perlbrew/libs/21.8@std/lib/perl5/darwin-2level/auto/List/MoreUtils/MoreUtils.bundle
Installing /Users/ether/.perlbrew/libs/21.8@std/lib/perl5/darwin-2level/List/MoreUtils.pm
Installing /Users/ether/.perlbrew/libs/21.8@std/lib/perl5/darwin-2level/List/MoreUtils/PP.pm
Installing /Users/ether/.perlbrew/libs/21.8@std/lib/perl5/darwin-2level/List/MoreUtils/XS.pm
Installing /Users/ether/.perlbrew/libs/21.8@std/man/man3/List::MoreUtils.0
Installing /Users/ether/.perlbrew/libs/21.8@std/man/man3/List::MoreUtils::PP.0
Installing /Users/ether/.perlbrew/libs/21.8@std/man/man3/List::MoreUtils::XS.0
Appending installation info to /Users/ether/.perlbrew/libs/21.8@std/lib/perl5/darwin-2level/perllocal.pod
-> OK
Successfully installed List-MoreUtils-0.402
Installing /Users/ether/.perlbrew/libs/21.8@std/lib/perl5/darwin-2level/.meta/List-MoreUtils-0.402/MYMETA.json
Installing /Users/ether/.perlbrew/libs/21.8@std/lib/perl5/darwin-2level/.meta/List-MoreUtils-0.402/install.json
Searching App::cpanminus::reporter on cpanmetadb ...
--> Working on App::cpanminus::reporter
Fetching http://www.cpan.org/authors/id/G/GA/GARU/App-cpanminus-reporter-0.12.tar.gz
-> OK
Unpacking App-cpanminus-reporter-0.12.tar.gz
Entering App-cpanminus-reporter-0.12
Checking configure dependencies from META.json
Checking if you have ExtUtils::MakeMaker 0 ... Yes (7.04)
Configuring App-cpanminus-reporter-0.12
Running Makefile.PL
Warning: prerequisite CPAN::Testers::Common::Client 0.06 not found.
Warning: prerequisite Capture::Tiny 0 not found.
Warning: prerequisite Config::Tiny 2.08 not found.
Warning: prerequisite File::HomeDir 0.58 not found.
Warning: prerequisite IO::Prompt::Tiny 0 not found.
Warning: prerequisite LWP::Protocol::https 0 not found.
Warning: prerequisite Metabase::Resource 0 not found.
Warning: prerequisite Test::Reporter 1.54 not found.
Warning: prerequisite Test::Reporter::Transport::Metabase 0 not found.
Warning: prerequisite Try::Tiny 0 not found.
Warning: prerequisite URI 0 not found.
Checking if your kit is complete...
Looks good
Generating a Unix-style Makefile
Writing Makefile for App::cpanminus::reporter
Writing MYMETA.yml and MYMETA.json
-> OK
Checking dependencies from MYMETA.json ...
Checking if you have URI 0 ... No
Checking if you have CPAN::Meta::Converter 0 ... Yes (2.143240)
Checking if you have Test::Reporter 1.54 ... No
Checking if you have LWP::Protocol::https 0 ... No
Checking if you have ExtUtils::MakeMaker 0 ... Yes (7.04)
Checking if you have Capture::Tiny 0 ... No
Checking if you have Test::Reporter::Transport::Metabase 0 ... No
Checking if you have Getopt::Long 0 ... Yes (2.43)
Checking if you have File::HomeDir 0.58 ... No
Checking if you have Carp 0 ... Yes (1.34)
Checking if you have Metabase::Resource 0 ... No
Checking if you have Test::More 0 ... Yes (1.301001_097)
Checking if you have Parse::CPAN::Meta 0 ... Yes (1.4414)
Checking if you have Pod::Usage 0 ... Yes (1.64)
Checking if you have File::Spec 3.19 ... Yes (3.53)
Checking if you have CPAN::Testers::Common::Client 0.06 ... No
Checking if you have Config::Tiny 2.08 ... No
Checking if you have Try::Tiny 0 ... No
Checking if you have IO::Prompt::Tiny 0 ... No
==> Found dependencies: URI, Test::Reporter, LWP::Protocol::https, Capture::Tiny, Test::Reporter::Transport::Metabase, File::HomeDir, Metabase::Resource, CPAN::Testers::Common::Client, Config::Tiny, Try::Tiny, IO::Prompt::Tiny
Searching URI on cpanmetadb ...
--> Working on URI
Fetching http://www.cpan.org/authors/id/E/ET/ETHER/URI-1.65.tar.gz
-> OK
Unpacking URI-1.65.tar.gz
Entering URI-1.65
Checking configure dependencies from META.json
Checking if you have ExtUtils::MakeMaker 0 ... Yes (7.04)
Configuring URI-1.65
Running Makefile.PL
Checking if your kit is complete...
Looks good
Generating a Unix-style Makefile
Writing Makefile for URI
Writing MYMETA.yml and MYMETA.json
-> OK
Checking dependencies from MYMETA.json ...
Checking if you have MIME::Base64 2 ... Yes (3.15)
Checking if you have File::Temp 0 ... Yes (0.2304)
Checking if you have ExtUtils::MakeMaker 0 ... Yes (7.04)
Checking if you have utf8 0 ... Yes (1.14)
Checking if you have Test::More 0.96 ... Yes (1.301001_097)
Checking if you have Test 0 ... Yes (1.26)
Checking if you have Scalar::Util 0 ... Yes (1.41)
Checking if you have Exporter 5.57 ... Yes (5.72)
Checking if you have parent 0 ... Yes (0.228)
Building and testing URI-1.65
Manifying 11 pod documents
PERL_DL_NONLAZY=1 "/Users/ether/perl5/perlbrew/perls/21.8/bin/perl5.21.8" "-MExtUtils::Command::MM" "-MTest::Harness" "-e" "undef *Test::Harness::Switches; test_harness(0, 'blib/lib', 'blib/arch')" t/*.t
t/clone.t ........ ok
t/data.t ......... ok
t/cwd.t .......... ok
t/abs.t .......... ok
t/ftp.t .......... ok
t/generic.t ...... ok
t/escape-char.t .. ok
t/file.t ......... ok
t/escape.t ....... ok
t/gopher.t ....... ok
t/http.t ......... ok
t/heuristic.t .... ok
t/mailto.t ....... ok
t/ldap.t ......... ok
t/mix.t .......... ok
t/idna.t ......... ok
t/mms.t .......... ok
t/news.t ......... ok
t/old-absconf.t .. ok
t/iri.t .......... ok
t/old-file.t ..... ok
t/num_eq.t ....... ok
t/old-relbase.t .. ok
t/pop.t .......... ok
t/rel.t .......... ok
t/punycode.t ..... ok
t/query-param.t .. ok
t/query.t ........ ok
t/rsync.t ........ ok
t/rtsp.t ......... ok
t/roy-test.t ..... ok
t/rfc2732.t ...... ok
t/sip.t .......... ok
t/split.t ........ ok
t/urn-isbn.t ..... skipped: Needs the Business::ISBN module installed
t/urn-oid.t ...... ok
t/old-base.t ..... ok
t/storable.t ..... ok
t/utf8.t ......... ok
All tests successful.
Files=39, Tests=611,  1 wallclock secs ( 0.22 usr  0.09 sys +  1.86 cusr  0.30 csys =  2.47 CPU)
Result: PASS
Manifying 11 pod documents
Installing /Users/ether/.perlbrew/libs/21.8@std/lib/perl5/URI.pm
Installing /Users/ether/.perlbrew/libs/21.8@std/lib/perl5/URI/Escape.pm
Installing /Users/ether/.perlbrew/libs/21.8@std/lib/perl5/URI/Heuristic.pm
Installing /Users/ether/.perlbrew/libs/21.8@std/lib/perl5/URI/IRI.pm
Installing /Users/ether/.perlbrew/libs/21.8@std/lib/perl5/URI/QueryParam.pm
Installing /Users/ether/.perlbrew/libs/21.8@std/lib/perl5/URI/Split.pm
Installing /Users/ether/.perlbrew/libs/21.8@std/lib/perl5/URI/URL.pm
Installing /Users/ether/.perlbrew/libs/21.8@std/lib/perl5/URI/WithBase.pm
Installing /Users/ether/.perlbrew/libs/21.8@std/lib/perl5/URI/_foreign.pm
Installing /Users/ether/.perlbrew/libs/21.8@std/lib/perl5/URI/_generic.pm
Installing /Users/ether/.perlbrew/libs/21.8@std/lib/perl5/URI/_idna.pm
Installing /Users/ether/.perlbrew/libs/21.8@std/lib/perl5/URI/_ldap.pm
Installing /Users/ether/.perlbrew/libs/21.8@std/lib/perl5/URI/_login.pm
Installing /Users/ether/.perlbrew/libs/21.8@std/lib/perl5/URI/_punycode.pm
Installing /Users/ether/.perlbrew/libs/21.8@std/lib/perl5/URI/_query.pm
Installing /Users/ether/.perlbrew/libs/21.8@std/lib/perl5/URI/_segment.pm
Installing /Users/ether/.perlbrew/libs/21.8@std/lib/perl5/URI/_server.pm
Installing /Users/ether/.perlbrew/libs/21.8@std/lib/perl5/URI/_userpass.pm
Installing /Users/ether/.perlbrew/libs/21.8@std/lib/perl5/URI/data.pm
Installing /Users/ether/.perlbrew/libs/21.8@std/lib/perl5/URI/file.pm
Installing /Users/ether/.perlbrew/libs/21.8@std/lib/perl5/URI/ftp.pm
Installing /Users/ether/.perlbrew/libs/21.8@std/lib/perl5/URI/gopher.pm
Installing /Users/ether/.perlbrew/libs/21.8@std/lib/perl5/URI/http.pm
Installing /Users/ether/.perlbrew/libs/21.8@std/lib/perl5/URI/https.pm
Installing /Users/ether/.perlbrew/libs/21.8@std/lib/perl5/URI/ldap.pm
Installing /Users/ether/.perlbrew/libs/21.8@std/lib/perl5/URI/ldapi.pm
Installing /Users/ether/.perlbrew/libs/21.8@std/lib/perl5/URI/ldaps.pm
Installing /Users/ether/.perlbrew/libs/21.8@std/lib/perl5/URI/mailto.pm
Installing /Users/ether/.perlbrew/libs/21.8@std/lib/perl5/URI/mms.pm
Installing /Users/ether/.perlbrew/libs/21.8@std/lib/perl5/URI/news.pm
Installing /Users/ether/.perlbrew/libs/21.8@std/lib/perl5/URI/nntp.pm
Installing /Users/ether/.perlbrew/libs/21.8@std/lib/perl5/URI/pop.pm
Installing /Users/ether/.perlbrew/libs/21.8@std/lib/perl5/URI/rlogin.pm
Installing /Users/ether/.perlbrew/libs/21.8@std/lib/perl5/URI/rsync.pm
Installing /Users/ether/.perlbrew/libs/21.8@std/lib/perl5/URI/rtsp.pm
Installing /Users/ether/.perlbrew/libs/21.8@std/lib/perl5/URI/rtspu.pm
Installing /Users/ether/.perlbrew/libs/21.8@std/lib/perl5/URI/sip.pm
Installing /Users/ether/.perlbrew/libs/21.8@std/lib/perl5/URI/sips.pm
Installing /Users/ether/.perlbrew/libs/21.8@std/lib/perl5/URI/snews.pm
Installing /Users/ether/.perlbrew/libs/21.8@std/lib/perl5/URI/ssh.pm
Installing /Users/ether/.perlbrew/libs/21.8@std/lib/perl5/URI/telnet.pm
Installing /Users/ether/.perlbrew/libs/21.8@std/lib/perl5/URI/tn3270.pm
Installing /Users/ether/.perlbrew/libs/21.8@std/lib/perl5/URI/urn.pm
Installing /Users/ether/.perlbrew/libs/21.8@std/lib/perl5/URI/file/Base.pm
Installing /Users/ether/.perlbrew/libs/21.8@std/lib/perl5/URI/file/FAT.pm
Installing /Users/ether/.perlbrew/libs/21.8@std/lib/perl5/URI/file/Mac.pm
Installing /Users/ether/.perlbrew/libs/21.8@std/lib/perl5/URI/file/OS2.pm
Installing /Users/ether/.perlbrew/libs/21.8@std/lib/perl5/URI/file/QNX.pm
Installing /Users/ether/.perlbrew/libs/21.8@std/lib/perl5/URI/file/Unix.pm
Installing /Users/ether/.perlbrew/libs/21.8@std/lib/perl5/URI/file/Win32.pm
Installing /Users/ether/.perlbrew/libs/21.8@std/lib/perl5/URI/urn/isbn.pm
Installing /Users/ether/.perlbrew/libs/21.8@std/lib/perl5/URI/urn/oid.pm
Installing /Users/ether/.perlbrew/libs/21.8@std/man/man3/URI.0
Installing /Users/ether/.perlbrew/libs/21.8@std/man/man3/URI::Escape.0
Installing /Users/ether/.perlbrew/libs/21.8@std/man/man3/URI::Heuristic.0
Installing /Users/ether/.perlbrew/libs/21.8@std/man/man3/URI::QueryParam.0
Installing /Users/ether/.perlbrew/libs/21.8@std/man/man3/URI::Split.0
Installing /Users/ether/.perlbrew/libs/21.8@std/man/man3/URI::URL.0
Installing /Users/ether/.perlbrew/libs/21.8@std/man/man3/URI::WithBase.0
Installing /Users/ether/.perlbrew/libs/21.8@std/man/man3/URI::_punycode.0
Installing /Users/ether/.perlbrew/libs/21.8@std/man/man3/URI::data.0
Installing /Users/ether/.perlbrew/libs/21.8@std/man/man3/URI::file.0
Installing /Users/ether/.perlbrew/libs/21.8@std/man/man3/URI::ldap.0
Appending installation info to /Users/ether/.perlbrew/libs/21.8@std/lib/perl5/darwin-2level/perllocal.pod
-> OK
Successfully installed URI-1.65
Installing /Users/ether/.perlbrew/libs/21.8@std/lib/perl5/darwin-2level/.meta/URI-1.65/MYMETA.json
Installing /Users/ether/.perlbrew/libs/21.8@std/lib/perl5/darwin-2level/.meta/URI-1.65/install.json
Searching Test::Reporter on cpanmetadb ...
--> Working on Test::Reporter
Fetching http://www.cpan.org/authors/id/D/DA/DAGOLDEN/Test-Reporter-1.60.tar.gz
-> OK
Unpacking Test-Reporter-1.60.tar.gz
Entering Test-Reporter-1.60
Checking configure dependencies from META.json
Checking if you have ExtUtils::MakeMaker 6.17 ... Yes (7.04)
Configuring Test-Reporter-1.60
Running Makefile.PL
Checking if your kit is complete...
Looks good
Generating a Unix-style Makefile
Writing Makefile for Test::Reporter
Writing MYMETA.yml and MYMETA.json
-> OK
Checking dependencies from MYMETA.json ...
Checking if you have ExtUtils::MakeMaker 0 ... Yes (7.04)
Checking if you have FileHandle 0 ... Yes (2.02)
Checking if you have strict 0 ... Yes (1.09)
Checking if you have Sys::Hostname 0 ... Yes (1.20)
Checking if you have warnings 0 ... Yes (1.30)
Checking if you have constant 0 ... Yes (1.32)
Checking if you have base 0 ... Yes (2.22)
Checking if you have Carp 0 ... Yes (1.34)
Checking if you have File::Find 0 ... Yes (1.29)
Checking if you have Cwd 0 ... Yes (3.54)
Checking if you have File::Temp 0 ... Yes (0.2304)
Checking if you have Time::Local 0 ... Yes (1.2300)
Checking if you have Test::More 0.88 ... Yes (1.301001_097)
Checking if you have Data::Dumper 0 ... Yes (2.156)
Checking if you have List::Util 0 ... Yes (1.41)
Checking if you have File::Spec::Functions 0 ... Yes (3.54)
Checking if you have vars 0 ... Yes (1.03)
Building and testing Test-Reporter-1.60
Manifying 4 pod documents
PERL_DL_NONLAZY=1 "/Users/ether/perl5/perlbrew/perls/21.8/bin/perl5.21.8" "-MExtUtils::Command::MM" "-MTest::Harness" "-e" "undef *Test::Harness::Switches; test_harness(0, 'blib/lib', 'blib/arch')" t/*.t
t/rt-89404.t ........... ok
t/3-file-transport.t ... ok
t/6-write-read-crlf.t .. ok

# Versions for all modules listed in MYMETA.json (including optional ones):
#        Version Module                  
#   ------------ ------------------------
#       2.143240 CPAN::Meta              
#          2.131 CPAN::Meta::Requirements
#           1.34 Carp                    
#           3.54 Cwd                     
#          2.156 Data::Dumper            
#           7.04 ExtUtils::MakeMaker     
#           1.29 File::Find              
#           3.54 File::Spec::Functions   
#         0.2304 File::Temp              
#           2.02 FileHandle              
#           1.41 List::Util              
#        missing Mail::Send              
#        missing Net::DNS                
#           3.05 Net::Domain             
#           3.05 Net::SMTP               
#           1.20 Sys::Hostname           
#   1.301001_097 Test::More              
#         1.2300 Time::Local             
#           2.22 base                    
#           1.32 constant                
#           1.09 strict                  
#           1.03 vars                    
#           1.30 warnings                
t/00-report-prereqs.t .. ok
t/1-reporter.t ......... ok
All tests successful.
Files=5, Tests=140,  1 wallclock secs ( 0.05 usr  0.02 sys +  0.83 cusr  0.15 csys =  1.05 CPU)
Result: PASS
Manifying 4 pod documents
Installing /Users/ether/.perlbrew/libs/21.8@std/lib/perl5/Test/Reporter.pm
Installing /Users/ether/.perlbrew/libs/21.8@std/lib/perl5/Test/Reporter/Transport.pm
Installing /Users/ether/.perlbrew/libs/21.8@std/lib/perl5/Test/Reporter/Transport/File.pm
Installing /Users/ether/.perlbrew/libs/21.8@std/lib/perl5/Test/Reporter/Transport/Null.pm
Installing /Users/ether/.perlbrew/libs/21.8@std/man/man3/Test::Reporter.0
Installing /Users/ether/.perlbrew/libs/21.8@std/man/man3/Test::Reporter::Transport.0
Installing /Users/ether/.perlbrew/libs/21.8@std/man/man3/Test::Reporter::Transport::File.0
Installing /Users/ether/.perlbrew/libs/21.8@std/man/man3/Test::Reporter::Transport::Null.0
Appending installation info to /Users/ether/.perlbrew/libs/21.8@std/lib/perl5/darwin-2level/perllocal.pod
-> OK
Successfully installed Test-Reporter-1.60
Installing /Users/ether/.perlbrew/libs/21.8@std/lib/perl5/darwin-2level/.meta/Test-Reporter-1.60/MYMETA.json
Installing /Users/ether/.perlbrew/libs/21.8@std/lib/perl5/darwin-2level/.meta/Test-Reporter-1.60/install.json
Searching LWP::Protocol::https on cpanmetadb ...
--> Working on LWP::Protocol::https
Fetching http://www.cpan.org/authors/id/M/MS/MSCHILLI/LWP-Protocol-https-6.06.tar.gz
-> OK
Unpacking LWP-Protocol-https-6.06.tar.gz
Entering LWP-Protocol-https-6.06
Checking configure dependencies from META.yml
Checking if you have ExtUtils::MakeMaker 0 ... Yes (7.04)
Configuring LWP-Protocol-https-6.06
Running Makefile.PL
Warning: prerequisite IO::Socket::SSL 1.54 not found.
Warning: prerequisite LWP::UserAgent 6.06 not found.
Warning: prerequisite Mozilla::CA 20110101 not found.
Warning: prerequisite Net::HTTPS 6 not found.
Checking if your kit is complete...
Looks good
Generating a Unix-style Makefile
Writing Makefile for LWP::Protocol::https
Writing MYMETA.yml and MYMETA.json
-> OK
Checking dependencies from MYMETA.json ...
Checking if you have Net::HTTPS 6 ... No
Checking if you have LWP::UserAgent 6.06 ... No
Checking if you have Mozilla::CA 20110101 ... No
Checking if you have ExtUtils::MakeMaker 0 ... Yes (7.04)
Checking if you have IO::Socket::SSL 1.54 ... No
==> Found dependencies: Net::HTTPS, LWP::UserAgent, Mozilla::CA, IO::Socket::SSL
Searching Net::HTTPS on cpanmetadb ...
--> Working on Net::HTTPS
Fetching http://www.cpan.org/authors/id/M/MS/MSCHILLI/Net-HTTP-6.07.tar.gz
-> OK
Unpacking Net-HTTP-6.07.tar.gz
Entering Net-HTTP-6.07
Checking configure dependencies from META.json
Checking if you have ExtUtils::MakeMaker 0 ... Yes (7.04)
Configuring Net-HTTP-6.07
Running Makefile.PL
Checking if your kit is complete...
Looks good
Generating a Unix-style Makefile
Writing Makefile for Net::HTTP
Writing MYMETA.yml and MYMETA.json
-> OK
Checking dependencies from MYMETA.json ...
Checking if you have IO::Compress::Gzip 0 ... Yes (2.068)
Checking if you have ExtUtils::MakeMaker 0 ... Yes (7.04)
Checking if you have IO::Select 0 ... Yes (1.22)
Checking if you have IO::Socket::INET 0 ... Yes (1.35)
Checking if you have URI 0 ... Yes (1.65)
Checking if you have Compress::Raw::Zlib 0 ... Yes (2.068)
Building and testing Net-HTTP-6.07
Manifying 3 pod documents
PERL_DL_NONLAZY=1 "/Users/ether/perl5/perlbrew/perls/21.8/bin/perl5.21.8" "-MExtUtils::Command::MM" "-MTest::Harness" "-e" "undef *Test::Harness::Switches; test_harness(0, 'blib/lib', 'blib/arch')" t/*.t
t/apache-https.t .. skipped: Live tests disabled; pass --live-tests to Makefile.PL to enable
t/apache.t ........ skipped: Live tests disabled; pass --live-tests to Makefile.PL to enable
t/http.t .......... ok
t/http-nb.t ....... ok
All tests successful.
Files=4, Tests=51,  0 wallclock secs ( 0.03 usr  0.01 sys +  0.14 cusr  0.02 csys =  0.20 CPU)
Result: PASS
Manifying 3 pod documents
Installing /Users/ether/.perlbrew/libs/21.8@std/lib/perl5/Net/HTTP.pm
Installing /Users/ether/.perlbrew/libs/21.8@std/lib/perl5/Net/HTTPS.pm
Installing /Users/ether/.perlbrew/libs/21.8@std/lib/perl5/Net/HTTP/Methods.pm
Installing /Users/ether/.perlbrew/libs/21.8@std/lib/perl5/Net/HTTP/NB.pm
Installing /Users/ether/.perlbrew/libs/21.8@std/man/man3/Net::HTTP.0
Installing /Users/ether/.perlbrew/libs/21.8@std/man/man3/Net::HTTP::NB.0
Installing /Users/ether/.perlbrew/libs/21.8@std/man/man3/Net::HTTPS.0
Appending installation info to /Users/ether/.perlbrew/libs/21.8@std/lib/perl5/darwin-2level/perllocal.pod
-> OK
Successfully installed Net-HTTP-6.07
Installing /Users/ether/.perlbrew/libs/21.8@std/lib/perl5/darwin-2level/.meta/Net-HTTP-6.07/MYMETA.json
Installing /Users/ether/.perlbrew/libs/21.8@std/lib/perl5/darwin-2level/.meta/Net-HTTP-6.07/install.json
Searching LWP::UserAgent on cpanmetadb ...
--> Working on LWP::UserAgent
Fetching http://www.cpan.org/authors/id/M/MS/MSCHILLI/libwww-perl-6.08.tar.gz
-> OK
Unpacking libwww-perl-6.08.tar.gz
Entering libwww-perl-6.08
Checking configure dependencies from META.json
Checking if you have ExtUtils::MakeMaker 0 ... Yes (7.04)
Configuring libwww-perl-6.08
Running Makefile.PL
Test server timeout
Can't connect: IO::Socket::INET: connect: timeout
The can-we-talk-to-ourself test failed.
Warning: prerequisite Encode::Locale 0 not found.
Warning: prerequisite File::Listing 6 not found.
Warning: prerequisite HTML::Entities 0 not found.
Warning: prerequisite HTML::HeadParser 0 not found.
Warning: prerequisite HTTP::Cookies 6 not found.
Warning: prerequisite HTTP::Daemon 6 not found.
Warning: prerequisite HTTP::Date 6 not found.
Warning: prerequisite HTTP::Negotiate 6 not found.
Warning: prerequisite HTTP::Request 6 not found.
Warning: prerequisite HTTP::Request::Common 6 not found.
Warning: prerequisite HTTP::Response 6 not found.
Warning: prerequisite HTTP::Status 6 not found.
Warning: prerequisite LWP::MediaTypes 6 not found.
Warning: prerequisite WWW::RobotRules 6 not found.
Checking if your kit is complete...
Looks good
Generating a Unix-style Makefile
Writing Makefile for LWP
Writing MYMETA.yml and MYMETA.json
-> OK
Checking dependencies from MYMETA.json ...
Checking if you have HTTP::Request::Common 6 ... No
Checking if you have URI::Escape 0 ... Yes (3.31)
Checking if you have Encode 2.12 ... Yes (2.67)
Checking if you have IO::Socket 0 ... Yes (1.38)
Checking if you have HTTP::Status 6 ... No
Checking if you have Encode::Locale 0 ... No
Checking if you have IO::Select 0 ... Yes (1.22)
Checking if you have HTTP::Response 6 ... No
Checking if you have MIME::Base64 2.1 ... Yes (3.15)
Checking if you have HTTP::Daemon 6 ... No
Checking if you have WWW::RobotRules 6 ... No
Checking if you have Digest::MD5 0 ... Yes (2.54)
Checking if you have ExtUtils::MakeMaker 0 ... Yes (7.04)
Checking if you have Net::HTTP 6.07 ... Yes (6.07)
Checking if you have HTTP::Negotiate 6 ... No
Checking if you have HTTP::Date 6 ... No
Checking if you have URI 1.10 ... Yes (1.65)
Checking if you have HTTP::Request 6 ... No
Checking if you have HTTP::Cookies 6 ... No
Checking if you have HTML::Entities 0 ... No
Checking if you have LWP::MediaTypes 6 ... No
Checking if you have HTML::HeadParser 0 ... No
Checking if you have Net::FTP 2.58 ... Yes (3.05)
Checking if you have File::Listing 6 ... No
==> Found dependencies: HTTP::Request::Common, HTTP::Status, Encode::Locale, HTTP::Response, HTTP::Daemon, WWW::RobotRules, HTTP::Negotiate, HTTP::Date, HTTP::Request, HTTP::Cookies, HTML::Entities, LWP::MediaTypes, HTML::HeadParser, File::Listing
Searching HTTP::Request::Common on cpanmetadb ...
--> Working on HTTP::Request::Common
Fetching http://www.cpan.org/authors/id/G/GA/GAAS/HTTP-Message-6.06.tar.gz
-> OK
Unpacking HTTP-Message-6.06.tar.gz
Entering HTTP-Message-6.06
Checking configure dependencies from META.yml
Checking if you have ExtUtils::MakeMaker 0 ... Yes (7.04)
Configuring HTTP-Message-6.06
Running Makefile.PL
Warning: prerequisite Encode::Locale 1 not found.
Warning: prerequisite HTTP::Date 6 not found.
Warning: prerequisite IO::HTML 0 not found.
Warning: prerequisite LWP::MediaTypes 6 not found.
Checking if your kit is complete...
Looks good
Generating a Unix-style Makefile
Writing Makefile for HTTP::Message
Writing MYMETA.yml and MYMETA.json
-> OK
Checking dependencies from MYMETA.json ...
Checking if you have HTTP::Date 6 ... No
Checking if you have URI 1.10 ... Yes (1.65)
Checking if you have ExtUtils::MakeMaker 0 ... Yes (7.04)
Checking if you have MIME::Base64 2.1 ... Yes (3.15)
Checking if you have Compress::Raw::Zlib 0 ... Yes (2.068)
Checking if you have Encode::Locale 1 ... No
Checking if you have IO::Uncompress::Inflate 0 ... Yes (2.068)
Checking if you have Encode 2.21 ... Yes (2.67)
Checking if you have IO::Uncompress::Bunzip2 2.021 ... Yes (2.068)
Checking if you have IO::Uncompress::RawInflate 0 ... Yes (2.068)
Checking if you have IO::Compress::Bzip2 2.021 ... Yes (2.068)
Checking if you have IO::Compress::Deflate 0 ... Yes (2.068)
Checking if you have IO::HTML 0 ... No
Checking if you have MIME::QuotedPrint 0 ... Yes (3.13)
Checking if you have LWP::MediaTypes 6 ... No
Checking if you have IO::Compress::Gzip 0 ... Yes (2.068)
Checking if you have IO::Uncompress::Gunzip 0 ... Yes (2.068)
==> Found dependencies: HTTP::Date, Encode::Locale, IO::HTML, LWP::MediaTypes
Searching HTTP::Date on cpanmetadb ...
--> Working on HTTP::Date
Fetching http://www.cpan.org/authors/id/G/GA/GAAS/HTTP-Date-6.02.tar.gz
-> OK
Unpacking HTTP-Date-6.02.tar.gz
Entering HTTP-Date-6.02
Checking configure dependencies from META.yml
Checking if you have ExtUtils::MakeMaker 0 ... Yes (7.04)
Configuring HTTP-Date-6.02
Running Makefile.PL
Checking if your kit is complete...
Looks good
Generating a Unix-style Makefile
Writing Makefile for HTTP::Date
Writing MYMETA.yml and MYMETA.json
-> OK
Checking dependencies from MYMETA.json ...
Checking if you have ExtUtils::MakeMaker 0 ... Yes (7.04)
Checking if you have Time::Local 0 ... Yes (1.2300)
Building and testing HTTP-Date-6.02
Manifying 1 pod document
PERL_DL_NONLAZY=1 "/Users/ether/perl5/perlbrew/perls/21.8/bin/perl5.21.8" "-MExtUtils::Command::MM" "-MTest::Harness" "-e" "undef *Test::Harness::Switches; test_harness(0, 'blib/lib', 'blib/arch')" t/*.t
t/date.t .. ok
All tests successful.
Files=1, Tests=136,  0 wallclock secs ( 0.04 usr  0.01 sys +  0.02 cusr  0.00 csys =  0.07 CPU)
Result: PASS
Manifying 1 pod document
Installing /Users/ether/.perlbrew/libs/21.8@std/lib/perl5/HTTP/Date.pm
Installing /Users/ether/.perlbrew/libs/21.8@std/man/man3/HTTP::Date.0
Appending installation info to /Users/ether/.perlbrew/libs/21.8@std/lib/perl5/darwin-2level/perllocal.pod
-> OK
Successfully installed HTTP-Date-6.02
Installing /Users/ether/.perlbrew/libs/21.8@std/lib/perl5/darwin-2level/.meta/HTTP-Date-6.02/MYMETA.json
Installing /Users/ether/.perlbrew/libs/21.8@std/lib/perl5/darwin-2level/.meta/HTTP-Date-6.02/install.json
Searching Encode::Locale on cpanmetadb ...
--> Working on Encode::Locale
Fetching http://www.cpan.org/authors/id/G/GA/GAAS/Encode-Locale-1.04.tar.gz
-> OK
Unpacking Encode-Locale-1.04.tar.gz
Entering Encode-Locale-1.04
Checking configure dependencies from META.json
Checking if you have ExtUtils::MakeMaker 0 ... Yes (7.04)
Configuring Encode-Locale-1.04
Running Makefile.PL
Checking if your kit is complete...
Looks good
Generating a Unix-style Makefile
Writing Makefile for Encode::Locale
Writing MYMETA.yml and MYMETA.json
-> OK
Checking dependencies from MYMETA.json ...
Checking if you have Encode::Alias 0 ... Yes (2.18)
Checking if you have Test::More 0 ... Yes (1.301001_097)
Checking if you have Encode 2 ... Yes (2.67)
Checking if you have ExtUtils::MakeMaker 0 ... Yes (7.04)
Building and testing Encode-Locale-1.04
Manifying 1 pod document
PERL_DL_NONLAZY=1 "/Users/ether/perl5/perlbrew/perls/21.8/bin/perl5.21.8" "-MExtUtils::Command::MM" "-MTest::Harness" "-e" "undef *Test::Harness::Switches; test_harness(0, 'blib/lib', 'blib/arch')" t/*.t
t/alias.t ...... ok
t/warn_once.t .. ok
# ENCODING_LOCALE is UTF-8
t/arg.t ........ ok
t/tain.t ....... ok
t/env.t ........ ok
All tests successful.

Test Summary Report
-------------------
t/arg.t      (Wstat: 0 Tests: 4 Failed: 0)
  TODO passed:   1-4
Files=5, Tests=28,  0 wallclock secs ( 0.03 usr  0.01 sys +  0.36 cusr  0.05 csys =  0.45 CPU)
Result: PASS
Manifying 1 pod document
Installing /Users/ether/.perlbrew/libs/21.8@std/lib/perl5/Encode/Locale.pm
Installing /Users/ether/.perlbrew/libs/21.8@std/man/man3/Encode::Locale.0
Appending installation info to /Users/ether/.perlbrew/libs/21.8@std/lib/perl5/darwin-2level/perllocal.pod
-> OK
Successfully installed Encode-Locale-1.04
Installing /Users/ether/.perlbrew/libs/21.8@std/lib/perl5/darwin-2level/.meta/Encode-Locale-1.04/MYMETA.json
Installing /Users/ether/.perlbrew/libs/21.8@std/lib/perl5/darwin-2level/.meta/Encode-Locale-1.04/install.json
Searching IO::HTML on cpanmetadb ...
--> Working on IO::HTML
Fetching http://www.cpan.org/authors/id/C/CJ/CJM/IO-HTML-1.001.tar.gz
-> OK
Unpacking IO-HTML-1.001.tar.gz
Entering IO-HTML-1.001
Checking configure dependencies from META.json
Checking if you have ExtUtils::MakeMaker 6.30 ... Yes (7.04)
Configuring IO-HTML-1.001
Running Makefile.PL
Checking if your kit is complete...
Looks good
Generating a Unix-style Makefile
Writing Makefile for IO::HTML
Writing MYMETA.yml and MYMETA.json
-> OK
Checking dependencies from MYMETA.json ...
Checking if you have Carp 0 ... Yes (1.34)
Checking if you have File::Temp 0 ... Yes (0.2304)
Checking if you have Encode 2.10 ... Yes (2.67)
Checking if you have Scalar::Util 0 ... Yes (1.41)
Checking if you have Test::More 0.88 ... Yes (1.301001_097)
Checking if you have Exporter 5.57 ... Yes (5.72)
Building and testing IO-HTML-1.001
Manifying 1 pod document
PERL_DL_NONLAZY=1 "/Users/ether/perl5/perlbrew/perls/21.8/bin/perl5.21.8" "-MExtUtils::Command::MM" "-MTest::Harness" "-e" "undef *Test::Harness::Switches; test_harness(0, 'blib/lib', 'blib/arch')" t/*.t
t/00-all_prereqs.t .. ok
# Testing IO::HTML 1.001
t/00-load.t ......... ok
t/10-find.t ......... ok
t/30-outfile.t ...... ok
t/20-open.t ......... ok
All tests successful.
Files=5, Tests=139,  1 wallclock secs ( 0.05 usr  0.02 sys +  0.35 cusr  0.06 csys =  0.48 CPU)
Result: PASS
Manifying 1 pod document
Installing /Users/ether/.perlbrew/libs/21.8@std/lib/perl5/IO/HTML.pm
Installing /Users/ether/.perlbrew/libs/21.8@std/man/man3/IO::HTML.0
Appending installation info to /Users/ether/.perlbrew/libs/21.8@std/lib/perl5/darwin-2level/perllocal.pod
-> OK
Successfully installed IO-HTML-1.001
Installing /Users/ether/.perlbrew/libs/21.8@std/lib/perl5/darwin-2level/.meta/IO-HTML-1.001/MYMETA.json
Installing /Users/ether/.perlbrew/libs/21.8@std/lib/perl5/darwin-2level/.meta/IO-HTML-1.001/install.json
Searching LWP::MediaTypes on cpanmetadb ...
--> Working on LWP::MediaTypes
Fetching http://www.cpan.org/authors/id/G/GA/GAAS/LWP-MediaTypes-6.02.tar.gz
-> OK
Unpacking LWP-MediaTypes-6.02.tar.gz
Entering LWP-MediaTypes-6.02
Checking configure dependencies from META.yml
Checking if you have ExtUtils::MakeMaker 0 ... Yes (7.04)
Configuring LWP-MediaTypes-6.02
Running Makefile.PL
Checking if your kit is complete...
Looks good
Generating a Unix-style Makefile
Writing Makefile for LWP::MediaTypes
Writing MYMETA.yml and MYMETA.json
-> OK
Checking dependencies from MYMETA.json ...
Checking if you have ExtUtils::MakeMaker 0 ... Yes (7.04)
Building and testing LWP-MediaTypes-6.02
Manifying 1 pod document
PERL_DL_NONLAZY=1 "/Users/ether/perl5/perlbrew/perls/21.8/bin/perl5.21.8" "-MExtUtils::Command::MM" "-MTest::Harness" "-e" "undef *Test::Harness::Switches; test_harness(0, 'blib/lib', 'blib/arch')" t/*.t
t/mediatypes.t .. ok
All tests successful.
Files=1, Tests=39,  0 wallclock secs ( 0.03 usr  0.01 sys +  0.02 cusr  0.00 csys =  0.06 CPU)
Result: PASS
Manifying 1 pod document
Installing /Users/ether/.perlbrew/libs/21.8@std/lib/perl5/LWP/MediaTypes.pm
Installing /Users/ether/.perlbrew/libs/21.8@std/lib/perl5/LWP/media.types
Installing /Users/ether/.perlbrew/libs/21.8@std/man/man3/LWP::MediaTypes.0
Appending installation info to /Users/ether/.perlbrew/libs/21.8@std/lib/perl5/darwin-2level/perllocal.pod
-> OK
Successfully installed LWP-MediaTypes-6.02
Installing /Users/ether/.perlbrew/libs/21.8@std/lib/perl5/darwin-2level/.meta/LWP-MediaTypes-6.02/MYMETA.json
Installing /Users/ether/.perlbrew/libs/21.8@std/lib/perl5/darwin-2level/.meta/LWP-MediaTypes-6.02/install.json
Building and testing HTTP-Message-6.06
Manifying 8 pod documents
PERL_DL_NONLAZY=1 "/Users/ether/perl5/perlbrew/perls/21.8/bin/perl5.21.8" "-MExtUtils::Command::MM" "-MTest::Harness" "-e" "undef *Test::Harness::Switches; test_harness(0, 'blib/lib', 'blib/arch')" t/*.t
t/headers-util.t ........ ok
t/headers-etag.t ........ ok
t/headers-auth.t ........ ok
t/headers.t ............. ok
t/common-req.t .......... ok
t/http-config.t ......... ok
t/message-charset.t ..... ok
t/message-parts.t ....... ok
t/message-old.t ......... ok
t/message-decode-xml.t .. ok
t/status-old.t .......... ok
t/status.t .............. ok
t/request.t ............. ok
t/response.t ............ ok
t/message.t ............. ok
All tests successful.
Files=15, Tests=554,  0 wallclock secs ( 0.11 usr  0.04 sys +  0.79 cusr  0.11 csys =  1.05 CPU)
Result: PASS
Manifying 8 pod documents
Installing /Users/ether/.perlbrew/libs/21.8@std/lib/perl5/HTTP/Config.pm
Installing /Users/ether/.perlbrew/libs/21.8@std/lib/perl5/HTTP/Headers.pm
Installing /Users/ether/.perlbrew/libs/21.8@std/lib/perl5/HTTP/Message.pm
Installing /Users/ether/.perlbrew/libs/21.8@std/lib/perl5/HTTP/Request.pm
Installing /Users/ether/.perlbrew/libs/21.8@std/lib/perl5/HTTP/Response.pm
Installing /Users/ether/.perlbrew/libs/21.8@std/lib/perl5/HTTP/Status.pm
Installing /Users/ether/.perlbrew/libs/21.8@std/lib/perl5/HTTP/Headers/Auth.pm
Installing /Users/ether/.perlbrew/libs/21.8@std/lib/perl5/HTTP/Headers/ETag.pm
Installing /Users/ether/.perlbrew/libs/21.8@std/lib/perl5/HTTP/Headers/Util.pm
Installing /Users/ether/.perlbrew/libs/21.8@std/lib/perl5/HTTP/Request/Common.pm
Installing /Users/ether/.perlbrew/libs/21.8@std/man/man3/HTTP::Config.0
Installing /Users/ether/.perlbrew/libs/21.8@std/man/man3/HTTP::Headers.0
Installing /Users/ether/.perlbrew/libs/21.8@std/man/man3/HTTP::Headers::Util.0
Installing /Users/ether/.perlbrew/libs/21.8@std/man/man3/HTTP::Message.0
Installing /Users/ether/.perlbrew/libs/21.8@std/man/man3/HTTP::Request.0
Installing /Users/ether/.perlbrew/libs/21.8@std/man/man3/HTTP::Request::Common.0
Installing /Users/ether/.perlbrew/libs/21.8@std/man/man3/HTTP::Response.0
Installing /Users/ether/.perlbrew/libs/21.8@std/man/man3/HTTP::Status.0
Appending installation info to /Users/ether/.perlbrew/libs/21.8@std/lib/perl5/darwin-2level/perllocal.pod
-> OK
Successfully installed HTTP-Message-6.06
Installing /Users/ether/.perlbrew/libs/21.8@std/lib/perl5/darwin-2level/.meta/HTTP-Message-6.06/MYMETA.json
Installing /Users/ether/.perlbrew/libs/21.8@std/lib/perl5/darwin-2level/.meta/HTTP-Message-6.06/install.json
Searching HTTP::Status on cpanmetadb ...
Already tried HTTP-Message-6.06. Skipping.
Already tried Encode::Locale. Skipping.
Searching HTTP::Response on cpanmetadb ...
Already tried HTTP-Message-6.06. Skipping.
Searching HTTP::Daemon on cpanmetadb ...
--> Working on HTTP::Daemon
Fetching http://www.cpan.org/authors/id/G/GA/GAAS/HTTP-Daemon-6.01.tar.gz
-> OK
Unpacking HTTP-Daemon-6.01.tar.gz
Entering HTTP-Daemon-6.01
Checking configure dependencies from META.yml
Checking if you have ExtUtils::MakeMaker 0 ... Yes (7.04)
Configuring HTTP-Daemon-6.01
Running Makefile.PL
Checking if your kit is complete...
Looks good
Generating a Unix-style Makefile
Writing Makefile for HTTP::Daemon
Writing MYMETA.yml and MYMETA.json
-> OK
Checking dependencies from MYMETA.json ...
Checking if you have ExtUtils::MakeMaker 0 ... Yes (7.04)
Checking if you have HTTP::Response 6 ... Yes (6.04)
Checking if you have HTTP::Date 6 ... Yes (6.02)
Checking if you have HTTP::Request 6 ... Yes (6.00)
Checking if you have Sys::Hostname 0 ... Yes (1.20)
Checking if you have LWP::MediaTypes 6 ... Yes (6.02)
Checking if you have HTTP::Status 6 ... Yes (6.03)
Checking if you have IO::Socket 0 ... Yes (1.38)
Building and testing HTTP-Daemon-6.01
Manifying 1 pod document
PERL_DL_NONLAZY=1 "/Users/ether/perl5/perlbrew/perls/21.8/bin/perl5.21.8" "-MExtUtils::Command::MM" "-MTest::Harness" "-e" "undef *Test::Harness::Switches; test_harness(0, 'blib/lib', 'blib/arch')" t/*.t
t/chunked.t .. ok
All tests successful.
Files=1, Tests=5,  4 wallclock secs ( 0.02 usr  0.01 sys +  0.11 cusr  0.03 csys =  0.17 CPU)
Result: PASS
Manifying 1 pod document
Installing /Users/ether/.perlbrew/libs/21.8@std/lib/perl5/HTTP/Daemon.pm
Installing /Users/ether/.perlbrew/libs/21.8@std/man/man3/HTTP::Daemon.0
Appending installation info to /Users/ether/.perlbrew/libs/21.8@std/lib/perl5/darwin-2level/perllocal.pod
-> OK
Successfully installed HTTP-Daemon-6.01
Installing /Users/ether/.perlbrew/libs/21.8@std/lib/perl5/darwin-2level/.meta/HTTP-Daemon-6.01/MYMETA.json
Installing /Users/ether/.perlbrew/libs/21.8@std/lib/perl5/darwin-2level/.meta/HTTP-Daemon-6.01/install.json
Searching WWW::RobotRules on cpanmetadb ...
--> Working on WWW::RobotRules
Fetching http://www.cpan.org/authors/id/G/GA/GAAS/WWW-RobotRules-6.02.tar.gz
-> OK
Unpacking WWW-RobotRules-6.02.tar.gz
Entering WWW-RobotRules-6.02
Checking configure dependencies from META.yml
Checking if you have ExtUtils::MakeMaker 0 ... Yes (7.04)
Configuring WWW-RobotRules-6.02
Running Makefile.PL
Checking if your kit is complete...
Looks good
Generating a Unix-style Makefile
Writing Makefile for WWW::RobotRules
Writing MYMETA.yml and MYMETA.json
-> OK
Checking dependencies from MYMETA.json ...
Checking if you have ExtUtils::MakeMaker 0 ... Yes (7.04)
Checking if you have AnyDBM_File 0 ... Yes (1.01)
Checking if you have URI 1.10 ... Yes (1.65)
Checking if you have Fcntl 0 ... Yes (1.13)
Building and testing WWW-RobotRules-6.02
Manifying 2 pod documents
PERL_DL_NONLAZY=1 "/Users/ether/perl5/perlbrew/perls/21.8/bin/perl5.21.8" "-MExtUtils::Command::MM" "-MTest::Harness" "-e" "undef *Test::Harness::Switches; test_harness(0, 'blib/lib', 'blib/arch')" t/*.t
t/rules.t ...... ok
t/rules-dbm.t .. ok
All tests successful.
Files=2, Tests=63,  5 wallclock secs ( 0.03 usr  0.01 sys +  0.05 cusr  0.01 csys =  0.10 CPU)
Result: PASS
Manifying 2 pod documents
Installing /Users/ether/.perlbrew/libs/21.8@std/lib/perl5/WWW/RobotRules.pm
Installing /Users/ether/.perlbrew/libs/21.8@std/lib/perl5/WWW/RobotRules/AnyDBM_File.pm
Installing /Users/ether/.perlbrew/libs/21.8@std/man/man3/WWW::RobotRules.0
Installing /Users/ether/.perlbrew/libs/21.8@std/man/man3/WWW::RobotRules::AnyDBM_File.0
Appending installation info to /Users/ether/.perlbrew/libs/21.8@std/lib/perl5/darwin-2level/perllocal.pod
-> OK
Successfully installed WWW-RobotRules-6.02
Installing /Users/ether/.perlbrew/libs/21.8@std/lib/perl5/darwin-2level/.meta/WWW-RobotRules-6.02/MYMETA.json
Installing /Users/ether/.perlbrew/libs/21.8@std/lib/perl5/darwin-2level/.meta/WWW-RobotRules-6.02/install.json
Searching HTTP::Negotiate on cpanmetadb ...
--> Working on HTTP::Negotiate
Fetching http://www.cpan.org/authors/id/G/GA/GAAS/HTTP-Negotiate-6.01.tar.gz
-> OK
Unpacking HTTP-Negotiate-6.01.tar.gz
Entering HTTP-Negotiate-6.01
Checking configure dependencies from META.yml
Checking if you have ExtUtils::MakeMaker 0 ... Yes (7.04)
Configuring HTTP-Negotiate-6.01
Running Makefile.PL
Checking if your kit is complete...
Looks good
Generating a Unix-style Makefile
Writing Makefile for HTTP::Negotiate
Writing MYMETA.yml and MYMETA.json
-> OK
Checking dependencies from MYMETA.json ...
Checking if you have ExtUtils::MakeMaker 0 ... Yes (7.04)
Checking if you have HTTP::Headers 6 ... Yes (6.05)
Building and testing HTTP-Negotiate-6.01
Manifying 1 pod document
PERL_DL_NONLAZY=1 "/Users/ether/perl5/perlbrew/perls/21.8/bin/perl5.21.8" "-MExtUtils::Command::MM" "-MTest::Harness" "-e" "undef *Test::Harness::Switches; test_harness(0, 'blib/lib', 'blib/arch')" t/*.t
Redundant argument in printf at t/negotiate.t line 109.
Redundant argument in printf at t/negotiate.t line 109.
Redundant argument in printf at t/negotiate.t line 109.
Redundant argument in printf at t/negotiate.t line 109.
Redundant argument in printf at t/negotiate.t line 109.
Redundant argument in printf at t/negotiate.t line 109.
t/negotiate.t .. ok
All tests successful.
Files=1, Tests=5,  0 wallclock secs ( 0.02 usr  0.01 sys +  0.03 cusr  0.00 csys =  0.06 CPU)
Result: PASS
Manifying 1 pod document
Installing /Users/ether/.perlbrew/libs/21.8@std/lib/perl5/HTTP/Negotiate.pm
Installing /Users/ether/.perlbrew/libs/21.8@std/man/man3/HTTP::Negotiate.0
Appending installation info to /Users/ether/.perlbrew/libs/21.8@std/lib/perl5/darwin-2level/perllocal.pod
-> OK
Successfully installed HTTP-Negotiate-6.01
Installing /Users/ether/.perlbrew/libs/21.8@std/lib/perl5/darwin-2level/.meta/HTTP-Negotiate-6.01/MYMETA.json
Installing /Users/ether/.perlbrew/libs/21.8@std/lib/perl5/darwin-2level/.meta/HTTP-Negotiate-6.01/install.json
Already tried HTTP::Date. Skipping.
Searching HTTP::Request on cpanmetadb ...
Already tried HTTP-Message-6.06. Skipping.
Searching HTTP::Cookies on cpanmetadb ...
--> Working on HTTP::Cookies
Fetching http://www.cpan.org/authors/id/G/GA/GAAS/HTTP-Cookies-6.01.tar.gz
-> OK
Unpacking HTTP-Cookies-6.01.tar.gz
Entering HTTP-Cookies-6.01
Checking configure dependencies from META.yml
Checking if you have ExtUtils::MakeMaker 0 ... Yes (7.04)
Configuring HTTP-Cookies-6.01
Running Makefile.PL
Checking if your kit is complete...
Looks good
Generating a Unix-style Makefile
Writing Makefile for HTTP::Cookies
Writing MYMETA.yml and MYMETA.json
-> OK
Checking dependencies from MYMETA.json ...
Checking if you have HTTP::Date 6 ... Yes (6.02)
Checking if you have Time::Local 0 ... Yes (1.2300)
Checking if you have HTTP::Headers::Util 6 ... Yes (6.03)
Checking if you have ExtUtils::MakeMaker 0 ... Yes (7.04)
Building and testing HTTP-Cookies-6.01
Manifying 3 pod documents
PERL_DL_NONLAZY=1 "/Users/ether/perl5/perlbrew/perls/21.8/bin/perl5.21.8" "-MExtUtils::Command::MM" "-MTest::Harness" "-e" "undef *Test::Harness::Switches; test_harness(0, 'blib/lib', 'blib/arch')" t/*.t
t/cookies.t .. ok
All tests successful.
Files=1, Tests=66,  0 wallclock secs ( 0.03 usr  0.01 sys +  0.06 cusr  0.00 csys =  0.10 CPU)
Result: PASS
Manifying 3 pod documents
Installing /Users/ether/.perlbrew/libs/21.8@std/lib/perl5/HTTP/Cookies.pm
Installing /Users/ether/.perlbrew/libs/21.8@std/lib/perl5/HTTP/Cookies/Microsoft.pm
Installing /Users/ether/.perlbrew/libs/21.8@std/lib/perl5/HTTP/Cookies/Netscape.pm
Installing /Users/ether/.perlbrew/libs/21.8@std/man/man3/HTTP::Cookies.0
Installing /Users/ether/.perlbrew/libs/21.8@std/man/man3/HTTP::Cookies::Microsoft.0
Installing /Users/ether/.perlbrew/libs/21.8@std/man/man3/HTTP::Cookies::Netscape.0
Appending installation info to /Users/ether/.perlbrew/libs/21.8@std/lib/perl5/darwin-2level/perllocal.pod
-> OK
Successfully installed HTTP-Cookies-6.01
Installing /Users/ether/.perlbrew/libs/21.8@std/lib/perl5/darwin-2level/.meta/HTTP-Cookies-6.01/MYMETA.json
Installing /Users/ether/.perlbrew/libs/21.8@std/lib/perl5/darwin-2level/.meta/HTTP-Cookies-6.01/install.json
Searching HTML::Entities on cpanmetadb ...
--> Working on HTML::Entities
Fetching http://www.cpan.org/authors/id/G/GA/GAAS/HTML-Parser-3.71.tar.gz
-> OK
Unpacking HTML-Parser-3.71.tar.gz
Entering HTML-Parser-3.71
Checking configure dependencies from META.json
Checking if you have ExtUtils::MakeMaker 0 ... Yes (7.04)
Configuring HTML-Parser-3.71
Running Makefile.PL
Warning: prerequisite HTML::Tagset 3 not found.
Checking if your kit is complete...
Looks good
Generating a Unix-style Makefile
Writing Makefile for HTML::Parser
Writing MYMETA.yml and MYMETA.json
-> OK
Checking dependencies from MYMETA.json ...
Checking if you have HTML::Tagset 3 ... No
Checking if you have XSLoader 0 ... Yes (0.20)
Checking if you have ExtUtils::MakeMaker 0 ... Yes (7.04)
==> Found dependencies: HTML::Tagset
Searching HTML::Tagset on cpanmetadb ...
--> Working on HTML::Tagset
Fetching http://www.cpan.org/authors/id/P/PE/PETDANCE/HTML-Tagset-3.20.tar.gz
-> OK
Unpacking HTML-Tagset-3.20.tar.gz
Entering HTML-Tagset-3.20
Checking configure dependencies from META.yml
Configuring HTML-Tagset-3.20
Running Makefile.PL
Checking if your kit is complete...
Looks good
Generating a Unix-style Makefile
Writing Makefile for HTML::Tagset
Writing MYMETA.yml and MYMETA.json
-> OK
Checking dependencies from MYMETA.json ...
Checking if you have ExtUtils::MakeMaker 0 ... Yes (7.04)
Building and testing HTML-Tagset-3.20
Manifying 1 pod document
PERL_DL_NONLAZY=1 "/Users/ether/perl5/perlbrew/perls/21.8/bin/perl5.21.8" "-MExtUtils::Command::MM" "-MTest::Harness" "-e" "undef *Test::Harness::Switches; test_harness(0, 'blib/lib', 'blib/arch')" t/*.t
t/01_old_junk.t ....... ok
t/00_about_verbose.t .. ok
t/pod.t ............... skipped: Test::Pod 1.14 required for testing POD
All tests successful.
Files=3, Tests=3,  0 wallclock secs ( 0.03 usr  0.01 sys +  0.06 cusr  0.01 csys =  0.11 CPU)
Result: PASS
Manifying 1 pod document
Installing /Users/ether/.perlbrew/libs/21.8@std/lib/perl5/HTML/Tagset.pm
Installing /Users/ether/.perlbrew/libs/21.8@std/man/man3/HTML::Tagset.0
Appending installation info to /Users/ether/.perlbrew/libs/21.8@std/lib/perl5/darwin-2level/perllocal.pod
-> OK
Successfully installed HTML-Tagset-3.20
Installing /Users/ether/.perlbrew/libs/21.8@std/lib/perl5/darwin-2level/.meta/HTML-Tagset-3.20/MYMETA.json
Installing /Users/ether/.perlbrew/libs/21.8@std/lib/perl5/darwin-2level/.meta/HTML-Tagset-3.20/install.json
Building and testing HTML-Parser-3.71
Running Mkbootstrap for HTML::Parser ()
chmod 644 "Parser.bs"
"/Users/ether/perl5/perlbrew/perls/21.8/bin/perl5.21.8" "/Users/ether/perl5/perlbrew/perls/21.8/lib/5.21.8/ExtUtils/xsubpp"  -typemap "/Users/ether/perl5/perlbrew/perls/21.8/lib/5.21.8/ExtUtils/typemap" -typemap "typemap"  Parser.xs > Parser.xsc && mv Parser.xsc Parser.c
"/Users/ether/perl5/perlbrew/perls/21.8/bin/perl5.21.8" mkhctype >hctype.h
"/Users/ether/perl5/perlbrew/perls/21.8/bin/perl5.21.8" mkpfunc >pfunc.h
cc -c   -fno-common -DPERL_DARWIN -fno-strict-aliasing -pipe -fstack-protector -I/opt/local/include -O3   -DVERSION=\"3.71\" -DXS_VERSION=\"3.71\"  "-I/Users/ether/perl5/perlbrew/perls/21.8/lib/5.21.8/darwin-2level/CORE"  -DMARKED_SECTION Parser.c
In file included from Parser.xs:118:
./hparser.c:738:36: warning: field precision should have type 'int', but argument has type 'long' [-Wformat]
                croak("Unrecognized identifier %.*s in argspec", s - name, name);
                                               ~~^~              ~~~~~~~~
Parser.xs:371:2: warning: expression result unused [-Wunused-value]
        hv_store(hv, "_hparser_xs_state", 17, newRV_noinc(sv), 0);
        ^~~~~~~~~~~~~~~~~~~~~~~~~~~~~~~~~~~~~~~~~~~~~~~~~~~~~~~~~
/Users/ether/perl5/perlbrew/perls/21.8/lib/5.21.8/darwin-2level/CORE/hv.h:473:6: note: expanded from macro 'hv_store'
    ((SV**) hv_common_key_len((hv), (key), (klen),                      \
     ^      ~~~~~~~~~~~~~~~~~~~~~~~~~~~~~~~~~~~~~~~~~~~~~~~~~~~~~~~~~~~~~
Parser.xs:543:5: warning: expression result unused [-Wunused-value]
                                hv_store_ent(*attr, *svp, newSViv(0), 0);
                                ^~~~~~~~~~~~~~~~~~~~~~~~~~~~~~~~~~~~~~~~
/Users/ether/perl5/perlbrew/perls/21.8/lib/5.21.8/darwin-2level/CORE/hv.h:454:6: note: expanded from macro 'hv_store_ent'
    ((HE *) hv_common((hv), (keysv), NULL, 0, 0, HV_FETCH_ISSTORE,      \
     ^      ~~~~~~~~~~~~~~~~~~~~~~~~~~~~~~~~~~~~~~~~~~~~~~~~~~~~~~~~~~~~~
Parser.xs:551:7: warning: expression result unused [-Wunused-value]
                    hv_store_ent(*attr, sv, newSViv(0), 0);
                    ^~~~~~~~~~~~~~~~~~~~~~~~~~~~~~~~~~~~~~
/Users/ether/perl5/perlbrew/perls/21.8/lib/5.21.8/darwin-2level/CORE/hv.h:454:6: note: expanded from macro 'hv_store_ent'
    ((HE *) hv_common((hv), (keysv), NULL, 0, 0, HV_FETCH_ISSTORE,      \
     ^      ~~~~~~~~~~~~~~~~~~~~~~~~~~~~~~~~~~~~~~~~~~~~~~~~~~~~~~~~~~~~~
4 warnings generated.
rm -f blib/arch/auto/HTML/Parser/Parser.bundle
env MACOSX_DEPLOYMENT_TARGET=10.3 cc  -bundle -undefined dynamic_lookup -L/opt/local/lib -fstack-protector Parser.o  -o blib/arch/auto/HTML/Parser/Parser.bundle 	\
	     	\
	  
chmod 755 blib/arch/auto/HTML/Parser/Parser.bundle
"/Users/ether/perl5/perlbrew/perls/21.8/bin/perl5.21.8" -MExtUtils::Command::MM -e 'cp_nonempty' -- Parser.bs blib/arch/auto/HTML/Parser/Parser.bs 644
Manifying 7 pod documents
Running Mkbootstrap for HTML::Parser ()
chmod 644 "Parser.bs"
PERL_DL_NONLAZY=1 "/Users/ether/perl5/perlbrew/perls/21.8/bin/perl5.21.8" "-MExtUtils::Command::MM" "-MTest::Harness" "-e" "undef *Test::Harness::Switches; test_harness(0, 'blib/lib', 'blib/arch')" t/*.t
t/api_version.t ...... ok
t/argspec-bad.t ...... ok
t/argspec2.t ......... ok
t/attr-encoded.t ..... ok
t/argspec.t .......... ok
t/callback.t ......... ok
t/case-sensitive.t ... ok
t/comment.t .......... ok
t/cases.t ............ ok
t/document.t ......... ok
t/declaration.t ...... ok
t/default.t .......... ok
t/dtext.t ............ ok
t/entities2.t ........ ok
t/entities.t ......... ok
t/filter-methods.t ... ok
t/filter.t ........... ok
t/handler-eof.t ...... ok
t/handler.t .......... ok
t/crashme.t .......... ok
t/headparser-http.t .. ok
t/headparser.t ....... ok
t/ignore.t ........... ok
t/largetags.t ........ ok
t/linkextor-rel.t .... ok
t/linkextor-base.t ... ok
t/magic.t ............ ok
t/marked-sect.t ...... ok
t/msie-compat.t ...... ok
t/offset.t ........... ok
t/options.t .......... ok
t/parsefile.t ........ ok
t/pod.t .............. skipped: Test::Pod 1.00 required for testing POD
t/parser.t ........... ok
t/plaintext.t ........ ok
t/script.t ........... ok
t/process.t .......... ok
t/pullparser.t ....... ok
t/skipped-text.t ..... ok
t/stack-realloc.t .... ok
t/threads.t .......... skipped: Not configured for threads
t/textarea.t ......... ok
t/uentities.t ........ ok
t/unbroken-text.t .... ok
t/tokeparser.t ....... ok
t/unicode-bom.t ...... ok
t/unicode.t .......... ok
t/xml-mode.t ......... ok
All tests successful.
Files=48, Tests=448,  1 wallclock secs ( 0.21 usr  0.11 sys +  3.53 cusr  0.49 csys =  4.34 CPU)
Result: PASS
Manifying 7 pod documents
Files found in blib/arch: installing files in blib/lib into architecture dependent library tree
Installing /Users/ether/.perlbrew/libs/21.8@std/lib/perl5/darwin-2level/auto/HTML/Parser/Parser.bundle
Installing /Users/ether/.perlbrew/libs/21.8@std/lib/perl5/darwin-2level/HTML/Entities.pm
Installing /Users/ether/.perlbrew/libs/21.8@std/lib/perl5/darwin-2level/HTML/Filter.pm
Installing /Users/ether/.perlbrew/libs/21.8@std/lib/perl5/darwin-2level/HTML/HeadParser.pm
Installing /Users/ether/.perlbrew/libs/21.8@std/lib/perl5/darwin-2level/HTML/LinkExtor.pm
Installing /Users/ether/.perlbrew/libs/21.8@std/lib/perl5/darwin-2level/HTML/Parser.pm
Installing /Users/ether/.perlbrew/libs/21.8@std/lib/perl5/darwin-2level/HTML/PullParser.pm
Installing /Users/ether/.perlbrew/libs/21.8@std/lib/perl5/darwin-2level/HTML/TokeParser.pm
Installing /Users/ether/.perlbrew/libs/21.8@std/man/man3/HTML::Entities.0
Installing /Users/ether/.perlbrew/libs/21.8@std/man/man3/HTML::Filter.0
Installing /Users/ether/.perlbrew/libs/21.8@std/man/man3/HTML::HeadParser.0
Installing /Users/ether/.perlbrew/libs/21.8@std/man/man3/HTML::LinkExtor.0
Installing /Users/ether/.perlbrew/libs/21.8@std/man/man3/HTML::Parser.0
Installing /Users/ether/.perlbrew/libs/21.8@std/man/man3/HTML::PullParser.0
Installing /Users/ether/.perlbrew/libs/21.8@std/man/man3/HTML::TokeParser.0
Appending installation info to /Users/ether/.perlbrew/libs/21.8@std/lib/perl5/darwin-2level/perllocal.pod
-> OK
Successfully installed HTML-Parser-3.71
Installing /Users/ether/.perlbrew/libs/21.8@std/lib/perl5/darwin-2level/.meta/HTML-Parser-3.71/MYMETA.json
Installing /Users/ether/.perlbrew/libs/21.8@std/lib/perl5/darwin-2level/.meta/HTML-Parser-3.71/install.json
Already tried LWP::MediaTypes. Skipping.
Searching HTML::HeadParser on cpanmetadb ...
Already tried HTML-Parser-3.71. Skipping.
Searching File::Listing on cpanmetadb ...
--> Working on File::Listing
Fetching http://www.cpan.org/authors/id/G/GA/GAAS/File-Listing-6.04.tar.gz
-> OK
Unpacking File-Listing-6.04.tar.gz
Entering File-Listing-6.04
Checking configure dependencies from META.yml
Checking if you have ExtUtils::MakeMaker 0 ... Yes (7.04)
Configuring File-Listing-6.04
Running Makefile.PL
Checking if your kit is complete...
Looks good
Generating a Unix-style Makefile
Writing Makefile for File::Listing
Writing MYMETA.yml and MYMETA.json
-> OK
Checking dependencies from MYMETA.json ...
Checking if you have ExtUtils::MakeMaker 0 ... Yes (7.04)
Checking if you have HTTP::Date 6 ... Yes (6.02)
Building and testing File-Listing-6.04
Manifying 1 pod document
PERL_DL_NONLAZY=1 "/Users/ether/perl5/perlbrew/perls/21.8/bin/perl5.21.8" "-MExtUtils::Command::MM" "-MTest::Harness" "-e" "undef *Test::Harness::Switches; test_harness(0, 'blib/lib', 'blib/arch')" t/*.t
t/dosftp.t .. ok
t/ls-lR.t ... ok
t/apache.t .. ok
t/perm2.t ... ok
t/perm1.t ... ok
t/perm3.t ... ok
t/perm4.t ... ok
All tests successful.
Files=7, Tests=16402,  1 wallclock secs ( 1.44 usr  0.04 sys +  3.72 cusr  0.13 csys =  5.33 CPU)
Result: PASS
Manifying 1 pod document
Installing /Users/ether/.perlbrew/libs/21.8@std/lib/perl5/File/Listing.pm
Installing /Users/ether/.perlbrew/libs/21.8@std/man/man3/File::Listing.0
Appending installation info to /Users/ether/.perlbrew/libs/21.8@std/lib/perl5/darwin-2level/perllocal.pod
-> OK
Successfully installed File-Listing-6.04
Installing /Users/ether/.perlbrew/libs/21.8@std/lib/perl5/darwin-2level/.meta/File-Listing-6.04/MYMETA.json
Installing /Users/ether/.perlbrew/libs/21.8@std/lib/perl5/darwin-2level/.meta/File-Listing-6.04/install.json
Building and testing libwww-perl-6.08
cp bin/lwp-mirror blib/script/lwp-mirror
"/Users/ether/perl5/perlbrew/perls/21.8/bin/perl5.21.8" -MExtUtils::MY -e 'MY->fixin(shift)' -- blib/script/lwp-mirror
cp bin/lwp-download blib/script/lwp-download
"/Users/ether/perl5/perlbrew/perls/21.8/bin/perl5.21.8" -MExtUtils::MY -e 'MY->fixin(shift)' -- blib/script/lwp-download
cp bin/lwp-request blib/script/lwp-request
"/Users/ether/perl5/perlbrew/perls/21.8/bin/perl5.21.8" -MExtUtils::MY -e 'MY->fixin(shift)' -- blib/script/lwp-request
cp bin/lwp-dump blib/script/lwp-dump
"/Users/ether/perl5/perlbrew/perls/21.8/bin/perl5.21.8" -MExtUtils::MY -e 'MY->fixin(shift)' -- blib/script/lwp-dump
Manifying 4 pod documents
Manifying 11 pod documents
"/Users/ether/perl5/perlbrew/perls/21.8/bin/perl5.21.8" t/TEST 0
robot/ua-get.t ........ skipped: Can't talk to ourself (misconfigured system)
robot/ua.t ............ skipped: Can't talk to ourself (misconfigured system)
base/protocols.t ...... ok
base/proxy.t .......... ok
local/autoload-get.t .. ok
local/autoload.t ...... ok
base/ua.t ............. ok
local/http.t .......... skipped: Can't talk to ourself (misconfigured system)
local/get.t ........... ok
local/protosub.t ...... ok
All tests successful.
Files=10, Tests=53,  0 wallclock secs ( 0.05 usr  0.02 sys +  0.66 cusr  0.08 csys =  0.81 CPU)
Result: PASS
Manifying 4 pod documents
Manifying 11 pod documents
Installing /Users/ether/.perlbrew/libs/21.8@std/lib/perl5/LWP.pm
Installing /Users/ether/.perlbrew/libs/21.8@std/lib/perl5/lwpcook.pod
Installing /Users/ether/.perlbrew/libs/21.8@std/lib/perl5/lwptut.pod
Installing /Users/ether/.perlbrew/libs/21.8@std/lib/perl5/LWP/ConnCache.pm
Installing /Users/ether/.perlbrew/libs/21.8@std/lib/perl5/LWP/Debug.pm
Installing /Users/ether/.perlbrew/libs/21.8@std/lib/perl5/LWP/DebugFile.pm
Installing /Users/ether/.perlbrew/libs/21.8@std/lib/perl5/LWP/MemberMixin.pm
Installing /Users/ether/.perlbrew/libs/21.8@std/lib/perl5/LWP/Protocol.pm
Installing /Users/ether/.perlbrew/libs/21.8@std/lib/perl5/LWP/RobotUA.pm
Installing /Users/ether/.perlbrew/libs/21.8@std/lib/perl5/LWP/Simple.pm
Installing /Users/ether/.perlbrew/libs/21.8@std/lib/perl5/LWP/UserAgent.pm
Installing /Users/ether/.perlbrew/libs/21.8@std/lib/perl5/LWP/Authen/Basic.pm
Installing /Users/ether/.perlbrew/libs/21.8@std/lib/perl5/LWP/Authen/Digest.pm
Installing /Users/ether/.perlbrew/libs/21.8@std/lib/perl5/LWP/Authen/Ntlm.pm
Installing /Users/ether/.perlbrew/libs/21.8@std/lib/perl5/LWP/Protocol/GHTTP.pm
Installing /Users/ether/.perlbrew/libs/21.8@std/lib/perl5/LWP/Protocol/cpan.pm
Installing /Users/ether/.perlbrew/libs/21.8@std/lib/perl5/LWP/Protocol/data.pm
Installing /Users/ether/.perlbrew/libs/21.8@std/lib/perl5/LWP/Protocol/file.pm
Installing /Users/ether/.perlbrew/libs/21.8@std/lib/perl5/LWP/Protocol/ftp.pm
Installing /Users/ether/.perlbrew/libs/21.8@std/lib/perl5/LWP/Protocol/gopher.pm
Installing /Users/ether/.perlbrew/libs/21.8@std/lib/perl5/LWP/Protocol/http.pm
Installing /Users/ether/.perlbrew/libs/21.8@std/lib/perl5/LWP/Protocol/loopback.pm
Installing /Users/ether/.perlbrew/libs/21.8@std/lib/perl5/LWP/Protocol/mailto.pm
Installing /Users/ether/.perlbrew/libs/21.8@std/lib/perl5/LWP/Protocol/nntp.pm
Installing /Users/ether/.perlbrew/libs/21.8@std/lib/perl5/LWP/Protocol/nogo.pm
Installing /Users/ether/.perlbrew/libs/21.8@std/man/man1/lwp-download.0
Installing /Users/ether/.perlbrew/libs/21.8@std/man/man1/lwp-dump.0
Installing /Users/ether/.perlbrew/libs/21.8@std/man/man1/lwp-mirror.0
Installing /Users/ether/.perlbrew/libs/21.8@std/man/man1/lwp-request.0
Installing /Users/ether/.perlbrew/libs/21.8@std/man/man3/LWP.0
Installing /Users/ether/.perlbrew/libs/21.8@std/man/man3/LWP::Authen::Ntlm.0
Installing /Users/ether/.perlbrew/libs/21.8@std/man/man3/LWP::ConnCache.0
Installing /Users/ether/.perlbrew/libs/21.8@std/man/man3/LWP::Debug.0
Installing /Users/ether/.perlbrew/libs/21.8@std/man/man3/LWP::MemberMixin.0
Installing /Users/ether/.perlbrew/libs/21.8@std/man/man3/LWP::Protocol.0
Installing /Users/ether/.perlbrew/libs/21.8@std/man/man3/LWP::RobotUA.0
Installing /Users/ether/.perlbrew/libs/21.8@std/man/man3/LWP::Simple.0
Installing /Users/ether/.perlbrew/libs/21.8@std/man/man3/LWP::UserAgent.0
Installing /Users/ether/.perlbrew/libs/21.8@std/man/man3/lwpcook.0
Installing /Users/ether/.perlbrew/libs/21.8@std/man/man3/lwptut.0
Installing /Users/ether/.perlbrew/libs/21.8@std/bin/lwp-download
Installing /Users/ether/.perlbrew/libs/21.8@std/bin/lwp-dump
Installing /Users/ether/.perlbrew/libs/21.8@std/bin/lwp-mirror
Installing /Users/ether/.perlbrew/libs/21.8@std/bin/lwp-request
Appending installation info to /Users/ether/.perlbrew/libs/21.8@std/lib/perl5/darwin-2level/perllocal.pod
-> OK
Successfully installed libwww-perl-6.08
Installing /Users/ether/.perlbrew/libs/21.8@std/lib/perl5/darwin-2level/.meta/libwww-perl-6.08/MYMETA.json
Installing /Users/ether/.perlbrew/libs/21.8@std/lib/perl5/darwin-2level/.meta/libwww-perl-6.08/install.json
Searching Mozilla::CA on cpanmetadb ...
--> Working on Mozilla::CA
Fetching http://www.cpan.org/authors/id/A/AB/ABH/Mozilla-CA-20141217.tar.gz
-> OK
Unpacking Mozilla-CA-20141217.tar.gz
Entering Mozilla-CA-20141217
Checking configure dependencies from META.json
Checking if you have ExtUtils::MakeMaker 0 ... Yes (7.04)
Configuring Mozilla-CA-20141217
Running Makefile.PL
Checking if your kit is complete...
Looks good
Generating a Unix-style Makefile
Writing Makefile for Mozilla::CA
Writing MYMETA.yml and MYMETA.json
-> OK
Checking dependencies from MYMETA.json ...
Checking if you have Test 0 ... Yes (1.26)
Building and testing Mozilla-CA-20141217
Manifying 1 pod document
PERL_DL_NONLAZY=1 "/Users/ether/perl5/perlbrew/perls/21.8/bin/perl5.21.8" "-MExtUtils::Command::MM" "-MTest::Harness" "-e" "undef *Test::Harness::Switches; test_harness(0, 'blib/lib', 'blib/arch')" t/*.t
t/locate-file.t .. ok
All tests successful.
Files=1, Tests=3,  0 wallclock secs ( 0.02 usr  0.01 sys +  0.02 cusr  0.00 csys =  0.05 CPU)
Result: PASS
Manifying 1 pod document
Installing /Users/ether/.perlbrew/libs/21.8@std/lib/perl5/Mozilla/CA.pm
Installing /Users/ether/.perlbrew/libs/21.8@std/lib/perl5/Mozilla/mk-ca-bundle.pl
Installing /Users/ether/.perlbrew/libs/21.8@std/lib/perl5/Mozilla/CA/cacert.pem
Installing /Users/ether/.perlbrew/libs/21.8@std/man/man3/Mozilla::CA.0
Appending installation info to /Users/ether/.perlbrew/libs/21.8@std/lib/perl5/darwin-2level/perllocal.pod
-> OK
Successfully installed Mozilla-CA-20141217
Installing /Users/ether/.perlbrew/libs/21.8@std/lib/perl5/darwin-2level/.meta/Mozilla-CA-20141217/MYMETA.json
Installing /Users/ether/.perlbrew/libs/21.8@std/lib/perl5/darwin-2level/.meta/Mozilla-CA-20141217/install.json
Searching IO::Socket::SSL on cpanmetadb ...
--> Working on IO::Socket::SSL
Fetching http://www.cpan.org/authors/id/S/SU/SULLR/IO-Socket-SSL-2.010.tar.gz
-> OK
Unpacking IO-Socket-SSL-2.010.tar.gz
Entering IO-Socket-SSL-2.010
Checking configure dependencies from META.json
Checking if you have ExtUtils::MakeMaker 0 ... Yes (7.04)
Configuring IO-Socket-SSL-2.010
Running Makefile.PL
Checking if your kit is complete...
Looks good
Warning: prerequisite Net::SSLeay 1.46 not found.
Generating a Unix-style Makefile
Writing Makefile for IO::Socket::SSL
Writing MYMETA.yml and MYMETA.json
-> OK
Checking dependencies from MYMETA.json ...
Checking if you have Net::SSLeay 1.46 ... No
Checking if you have Mozilla::CA 0 ... Yes (20141217)
Checking if you have ExtUtils::MakeMaker 0 ... Yes (7.04)
Checking if you have Scalar::Util 0 ... Yes (1.41)
==> Found dependencies: Net::SSLeay
Searching Net::SSLeay on cpanmetadb ...
--> Working on Net::SSLeay
Fetching http://www.cpan.org/authors/id/M/MI/MIKEM/Net-SSLeay-1.67.tar.gz
-> OK
Unpacking Net-SSLeay-1.67.tar.gz
Entering Net-SSLeay-1.67
Checking configure dependencies from META.yml
Checking if you have ExtUtils::MakeMaker 6.36 ... Yes (7.04)
Configuring Net-SSLeay-1.67
Running Makefile.PL
*** Found OpenSSL-0.9.8z installed in /usr
*** Be sure to use the same compiler and options to compile your OpenSSL, perl,
    and Net::SSLeay. Mixing and matching compilers is not supported.
Do you want to run external tests?
These tests *will* *fail* if you do not have network connectivity. [n] n
Checking if your kit is complete...
Looks good
Generating a Unix-style Makefile
Writing Makefile for Net::SSLeay
Writing MYMETA.yml and MYMETA.json
-> OK
Checking dependencies from MYMETA.json ...
Checking if you have MIME::Base64 0 ... Yes (3.15)
Checking if you have ExtUtils::MakeMaker 6.36 ... Yes (7.04)
Checking if you have Test::More 0.60_01 ... Yes (1.301001_097)
Building and testing Net-SSLeay-1.67
AutoSplitting blib/lib/Net/SSLeay.pm (blib/lib/auto/Net/SSLeay)
blib/lib/Net/SSLeay.pm: some names are not unique when truncated to 8 characters:
 directory blib/lib/auto/Net/SSLeay:
  do_https3.al, do_https2.al, do_https4.al, do_https.al truncate to do_https
  do_httpx3.al, do_httpx2.al, do_httpx4.al truncate to do_httpx
  get_https.al, get_https3.al, get_https4.al, get_http.al, get_http3.al, get_http4.al, get_httpx.al, get_httpx3.al, get_httpx4.al truncate to get_http
  head_https.al, head_https3.al, head_https4.al, head_http.al, head_http3.al, head_http4.al, head_httpx.al, head_httpx3.al, head_httpx4.al truncate to head_htt
  post_https.al, post_https3.al, post_https4.al, post_http.al, post_http3.al, post_http4.al, post_httpx.al, post_httpx3.al, post_httpx4.al truncate to post_htt
  put_https.al, put_https3.al, put_https4.al, put_http.al, put_http3.al, put_http4.al, put_httpx.al, put_httpx3.al, put_httpx4.al truncate to put_http
  ssl_read_all.al, ssl_read_until.al, ssl_read_CRLF.al truncate to ssl_read
  ssl_write_all.al, ssl_write_CRLF.al truncate to ssl_writ
  tcp_read_all.al, tcp_read_until.al, tcp_read_CRLF.al truncate to tcp_read
  tcp_write_all.al, tcp_write_CRLF.al truncate to tcp_writ
Running Mkbootstrap for Net::SSLeay ()
chmod 644 "SSLeay.bs"
"/Users/ether/perl5/perlbrew/perls/21.8/bin/perl5.21.8" "-Iinc" "/Users/ether/perl5/perlbrew/perls/21.8/lib/5.21.8/ExtUtils/xsubpp"  -typemap "/Users/ether/perl5/perlbrew/perls/21.8/lib/5.21.8/ExtUtils/typemap" -typemap "typemap"  SSLeay.xs > SSLeay.xsc && mv SSLeay.xsc SSLeay.c
cc -c  -I/usr/include -fno-common -DPERL_DARWIN -fno-strict-aliasing -pipe -fstack-protector -I/opt/local/include -O3   -DVERSION=\"1.67\" -DXS_VERSION=\"1.67\"  "-I/Users/ether/perl5/perlbrew/perls/21.8/lib/5.21.8/darwin-2level/CORE"   SSLeay.c
SSLeay.xs:490:9: warning: expression result unused [-Wunused-value]
        hv_store(MY_CXT.global_cb_data, key_name, strlen(key_name), newRV_noinc((SV*)L2HV), 0);
        ^~~~~~~~~~~~~~~~~~~~~~~~~~~~~~~~~~~~~~~~~~~~~~~~~~~~~~~~~~~~~~~~~~~~~~~~~~~~~~~~~~~~~~
/Users/ether/perl5/perlbrew/perls/21.8/lib/5.21.8/darwin-2level/CORE/hv.h:473:6: note: expanded from macro 'hv_store'
    ((SV**) hv_common_key_len((hv), (key), (klen),                      \
     ^      ~~~~~~~~~~~~~~~~~~~~~~~~~~~~~~~~~~~~~~~~~~~~~~~~~~~~~~~~~~~~~
SSLeay.xs:505:13: warning: expression result unused [-Wunused-value]
            hv_store(L2HV, data_name, strlen(data_name), data, 0);
            ^~~~~~~~~~~~~~~~~~~~~~~~~~~~~~~~~~~~~~~~~~~~~~~~~~~~~
/Users/ether/perl5/perlbrew/perls/21.8/lib/5.21.8/darwin-2level/CORE/hv.h:473:6: note: expanded from macro 'hv_store'
    ((SV**) hv_common_key_len((hv), (key), (klen),                      \
     ^      ~~~~~~~~~~~~~~~~~~~~~~~~~~~~~~~~~~~~~~~~~~~~~~~~~~~~~~~~~~~~~
SSLeay.xs:502:5: warning: expression result unused [-Wunused-value]
    hv_delete(L2HV, data_name, strlen(data_name), G_DISCARD);
    ^~~~~~~~~~~~~~~~~~~~~~~~~~~~~~~~~~~~~~~~~~~~~~~~~~~~~~~~
/Users/ether/perl5/perlbrew/perls/21.8/lib/5.21.8/darwin-2level/CORE/hv.h:487:6: note: expanded from macro 'hv_delete'
    (MUTABLE_SV(hv_common_key_len((hv), (key), (klen),                  \
     ^~~~~~~~~~~~~~~~~~~~~~~~~~~~~~~~~~~~~~~~~~~~~~~~~~~~~~~~~~~~~~~~~~~~
/Users/ether/perl5/perlbrew/perls/21.8/lib/5.21.8/darwin-2level/CORE/handy.h:74:24: note: expanded from macro 'MUTABLE_SV'
#define MUTABLE_SV(p)   ((SV *)MUTABLE_PTR(p))
                         ^     ~~~~~~~~~~~~~~
SSLeay.xs:549:5: warning: expression result unused [-Wunused-value]
    hv_delete(MY_CXT.global_cb_data, key_name, strlen(key_name), G_DISCARD);
    ^~~~~~~~~~~~~~~~~~~~~~~~~~~~~~~~~~~~~~~~~~~~~~~~~~~~~~~~~~~~~~~~~~~~~~~
/Users/ether/perl5/perlbrew/perls/21.8/lib/5.21.8/darwin-2level/CORE/hv.h:487:6: note: expanded from macro 'hv_delete'
    (MUTABLE_SV(hv_common_key_len((hv), (key), (klen),                  \
     ^~~~~~~~~~~~~~~~~~~~~~~~~~~~~~~~~~~~~~~~~~~~~~~~~~~~~~~~~~~~~~~~~~~~
/Users/ether/perl5/perlbrew/perls/21.8/lib/5.21.8/darwin-2level/CORE/handy.h:74:24: note: expanded from macro 'MUTABLE_SV'
#define MUTABLE_SV(p)   ((SV *)MUTABLE_PTR(p))
                         ^     ~~~~~~~~~~~~~~
SSLeay.xs:5741:28: warning: expression result unused [-Wunused-value]
                    if (sir->nextUpdate) hv_store(details,"nextUpdate",10,
                                         ^~~~~~~~~~~~~~~~~~~~~~~~~~~~~~~~~
/Users/ether/perl5/perlbrew/perls/21.8/lib/5.21.8/darwin-2level/CORE/hv.h:473:6: note: expanded from macro 'hv_store'
    ((SV**) hv_common_key_len((hv), (key), (klen),                      \
     ^      ~~~~~~~~~~~~~~~~~~~~~~~~~~~~~~~~~~~~~~~~~~~~~~~~~~~~~~~~~~~~~
SSLeay.xs:5743:28: warning: expression result unused [-Wunused-value]
                    if (sir->thisUpdate) hv_store(details,"thisUpdate",10,
                                         ^~~~~~~~~~~~~~~~~~~~~~~~~~~~~~~~~
/Users/ether/perl5/perlbrew/perls/21.8/lib/5.21.8/darwin-2level/CORE/hv.h:473:6: note: expanded from macro 'hv_store'
    ((SV**) hv_common_key_len((hv), (key), (klen),                      \
     ^      ~~~~~~~~~~~~~~~~~~~~~~~~~~~~~~~~~~~~~~~~~~~~~~~~~~~~~~~~~~~~~
SSLeay.xs:5747:4: warning: expression result unused [-Wunused-value]
                        hv_store(details,"revocationTime",14,newSViv(
                        ^~~~~~~~~~~~~~~~~~~~~~~~~~~~~~~~~~~~~~~~~~~~~
/Users/ether/perl5/perlbrew/perls/21.8/lib/5.21.8/darwin-2level/CORE/hv.h:473:6: note: expanded from macro 'hv_store'
    ((SV**) hv_common_key_len((hv), (key), (klen),                      \
     ^      ~~~~~~~~~~~~~~~~~~~~~~~~~~~~~~~~~~~~~~~~~~~~~~~~~~~~~~~~~~~~~
SSLeay.xs:5749:4: warning: expression result unused [-Wunused-value]
                        hv_store(details,"revocationReason",16,newSViv(
                        ^~~~~~~~~~~~~~~~~~~~~~~~~~~~~~~~~~~~~~~~~~~~~~~
/Users/ether/perl5/perlbrew/perls/21.8/lib/5.21.8/darwin-2level/CORE/hv.h:473:6: note: expanded from macro 'hv_store'
    ((SV**) hv_common_key_len((hv), (key), (klen),                      \
     ^      ~~~~~~~~~~~~~~~~~~~~~~~~~~~~~~~~~~~~~~~~~~~~~~~~~~~~~~~~~~~~~
SSLeay.xs:5751:4: warning: expression result unused [-Wunused-value]
                        hv_store(details,"revocationReason_str",20,newSVpv(
                        ^~~~~~~~~~~~~~~~~~~~~~~~~~~~~~~~~~~~~~~~~~~~~~~~~~~
/Users/ether/perl5/perlbrew/perls/21.8/lib/5.21.8/darwin-2level/CORE/hv.h:473:6: note: expanded from macro 'hv_store'
    ((SV**) hv_common_key_len((hv), (key), (klen),                      \
     ^      ~~~~~~~~~~~~~~~~~~~~~~~~~~~~~~~~~~~~~~~~~~~~~~~~~~~~~~~~~~~~~
SSLeay.xs:5739:7: warning: expression result unused [-Wunused-value]
                    hv_store(details,"statusType",10,
                    ^~~~~~~~~~~~~~~~~~~~~~~~~~~~~~~~~
/Users/ether/perl5/perlbrew/perls/21.8/lib/5.21.8/darwin-2level/CORE/hv.h:473:6: note: expanded from macro 'hv_store'
    ((SV**) hv_common_key_len((hv), (key), (klen),                      \
     ^      ~~~~~~~~~~~~~~~~~~~~~~~~~~~~~~~~~~~~~~~~~~~~~~~~~~~~~~~~~~~~~
10 warnings generated.
rm -f blib/arch/auto/Net/SSLeay/SSLeay.bundle
LD_RUN_PATH="/usr/lib" env MACOSX_DEPLOYMENT_TARGET=10.3 cc  -bundle -undefined dynamic_lookup -L/usr -L/usr/lib -L/opt/local/lib -fstack-protector SSLeay.o  -o blib/arch/auto/Net/SSLeay/SSLeay.bundle 	\
	   -L/usr -L/usr/lib -lssl -lcrypto -lz  	\
	  
chmod 755 blib/arch/auto/Net/SSLeay/SSLeay.bundle
"/Users/ether/perl5/perlbrew/perls/21.8/bin/perl5.21.8" "-Iinc" -MExtUtils::Command::MM -e 'cp_nonempty' -- SSLeay.bs blib/arch/auto/Net/SSLeay/SSLeay.bs 644
Manifying 2 pod documents
Running Mkbootstrap for Net::SSLeay ()
chmod 644 "SSLeay.bs"
PERL_DL_NONLAZY=1 "/Users/ether/perl5/perlbrew/perls/21.8/bin/perl5.21.8" "-MExtUtils::Command::MM" "-MTest::Harness" "-e" "undef *Test::Harness::Switches; test_harness(0, 'inc', 'blib/lib', 'blib/arch')" t/local/*.t t/handle/local/*.t
t/local/01_pod.t ....................... skipped: Test::Pod 1.00 required for testing POD
t/local/02_pod_coverage.t .............. skipped: these tests are for only for release candidate testing. Enable with RELEASE_TESTING=1

#   Failed test 'use Net::SSLeay::Handle;'
#   at t/handle/local/05_use.t line 8.
#     Tried to use 'Net::SSLeay::Handle'.
#     Error:  Can't load '/Users/ether/.cpanm/work/1421863826.72120/Net-SSLeay-1.67/blib/arch/auto/Net/SSLeay/SSLeay.bundle' for module Net::SSLeay: dlopen(/Users/ether/.cpanm/work/1421863826.72120/Net-SSLeay-1.67/blib/arch/auto/Net/SSLeay/SSLeay.bundle, 2): Symbol not found: _EVP_MD_do_all_sorted
#   Referenced from: /Users/ether/.cpanm/work/1421863826.72120/Net-SSLeay-1.67/blib/arch/auto/Net/SSLeay/SSLeay.bundle
#   Expected in: dynamic lookup
#   at /Users/ether/.cpanm/work/1421863826.72120/Net-SSLeay-1.67/blib/lib/Net/SSLeay/Handle.pm line 7.
# Compilation failed in require at /Users/ether/.cpanm/work/1421863826.72120/Net-SSLeay-1.67/blib/lib/Net/SSLeay/Handle.pm line 7.
# BEGIN failed--compilation aborted at /Users/ether/.cpanm/work/1421863826.72120/Net-SSLeay-1.67/blib/lib/Net/SSLeay/Handle.pm line 7.
# Compilation failed in require at t/handle/local/05_use.t line 8.
# BEGIN failed--compilation aborted at t/handle/local/05_use.t line 8.
# Looks like you failed 1 test of 1.
t/handle/local/05_use.t ................ 
Dubious, test returned 1 (wstat 256, 0x100)
Failed 1/1 subtests 

#   Failed test 'use Net::SSLeay;'
#   at t/local/03_use.t line 8.
#     Tried to use 'Net::SSLeay'.
#     Error:  Can't load '/Users/ether/.cpanm/work/1421863826.72120/Net-SSLeay-1.67/blib/arch/auto/Net/SSLeay/SSLeay.bundle' for module Net::SSLeay: dlopen(/Users/ether/.cpanm/work/1421863826.72120/Net-SSLeay-1.67/blib/arch/auto/Net/SSLeay/SSLeay.bundle, 2): Symbol not found: _EVP_MD_do_all_sorted
#   Referenced from: /Users/ether/.cpanm/work/1421863826.72120/Net-SSLeay-1.67/blib/arch/auto/Net/SSLeay/SSLeay.bundle
#   Expected in: dynamic lookup
#   at t/local/03_use.t line 8.
# Compilation failed in require at t/local/03_use.t line 8.
# BEGIN failed--compilation aborted at t/local/03_use.t line 8.
# Looks like you failed 1 test of 1.
t/local/03_use.t ....................... 
Dubious, test returned 1 (wstat 256, 0x100)
Failed 1/1 subtests 
Can't load '/Users/ether/.cpanm/work/1421863826.72120/Net-SSLeay-1.67/blib/arch/auto/Net/SSLeay/SSLeay.bundle' for module Net::SSLeay: dlopen(/Users/ether/.cpanm/work/1421863826.72120/Net-SSLeay-1.67/blib/arch/auto/Net/SSLeay/SSLeay.bundle, 2): Symbol not found: _EVP_MD_do_all_sorted
  Referenced from: /Users/ether/.cpanm/work/1421863826.72120/Net-SSLeay-1.67/blib/arch/auto/Net/SSLeay/SSLeay.bundle
  Expected in: dynamic lookup
  at t/local/04_basic.t line 6.
Compilation failed in require at t/local/04_basic.t line 6.
BEGIN failed--compilation aborted at t/local/04_basic.t line 6.
# Looks like your test exited with 2 before it could output anything.
t/local/04_basic.t ..................... 
Dubious, test returned 2 (wstat 512, 0x200)
Failed 6/6 subtests 
Can't load '/Users/ether/.cpanm/work/1421863826.72120/Net-SSLeay-1.67/blib/arch/auto/Net/SSLeay/SSLeay.bundle' for module Net::SSLeay: dlopen(/Users/ether/.cpanm/work/1421863826.72120/Net-SSLeay-1.67/blib/arch/auto/Net/SSLeay/SSLeay.bundle, 2): Symbol not found: _EVP_MD_do_all_sorted
  Referenced from: /Users/ether/.cpanm/work/1421863826.72120/Net-SSLeay-1.67/blib/arch/auto/Net/SSLeay/SSLeay.bundle
  Expected in: dynamic lookup
  at t/local/05_passwd_cb.t line 7.
Compilation failed in require at t/local/05_passwd_cb.t line 7.
BEGIN failed--compilation aborted at t/local/05_passwd_cb.t line 7.
# Looks like your test exited with 2 before it could output anything.
t/local/05_passwd_cb.t ................. 
Dubious, test returned 2 (wstat 512, 0x200)
Failed 13/13 subtests 
Can't load '/Users/ether/.cpanm/work/1421863826.72120/Net-SSLeay-1.67/blib/arch/auto/Net/SSLeay/SSLeay.bundle' for module Net::SSLeay: dlopen(/Users/ether/.cpanm/work/1421863826.72120/Net-SSLeay-1.67/blib/arch/auto/Net/SSLeay/SSLeay.bundle, 2): Symbol not found: _EVP_MD_do_all_sorted
  Referenced from: /Users/ether/.cpanm/work/1421863826.72120/Net-SSLeay-1.67/blib/arch/auto/Net/SSLeay/SSLeay.bundle
  Expected in: dynamic lookup
  at t/local/06_tcpecho.t line 8.
Compilation failed in require at t/local/06_tcpecho.t line 8.
BEGIN failed--compilation aborted at t/local/06_tcpecho.t line 8.
t/local/06_tcpecho.t ................... 
Dubious, test returned 2 (wstat 512, 0x200)
No subtests run 
Can't load '/Users/ether/.cpanm/work/1421863826.72120/Net-SSLeay-1.67/blib/arch/auto/Net/SSLeay/SSLeay.bundle' for module Net::SSLeay: dlopen(/Users/ether/.cpanm/work/1421863826.72120/Net-SSLeay-1.67/blib/arch/auto/Net/SSLeay/SSLeay.bundle, 2): Symbol not found: _EVP_MD_do_all_sorted
  Referenced from: /Users/ether/.cpanm/work/1421863826.72120/Net-SSLeay-1.67/blib/arch/auto/Net/SSLeay/SSLeay.bundle
  Expected in: dynamic lookup
  at t/local/15_bio.t line 6.
Compilation failed in require at t/local/15_bio.t line 6.
BEGIN failed--compilation aborted at t/local/15_bio.t line 6.
# Looks like your test exited with 2 before it could output anything.
t/local/15_bio.t ....................... 
Dubious, test returned 2 (wstat 512, 0x200)
Failed 7/7 subtests 
Can't load '/Users/ether/.cpanm/work/1421863826.72120/Net-SSLeay-1.67/blib/arch/auto/Net/SSLeay/SSLeay.bundle' for module Net::SSLeay: dlopen(/Users/ether/.cpanm/work/1421863826.72120/Net-SSLeay-1.67/blib/arch/auto/Net/SSLeay/SSLeay.bundle, 2): Symbol not found: _EVP_MD_do_all_sorted
  Referenced from: /Users/ether/.cpanm/work/1421863826.72120/Net-SSLeay-1.67/blib/arch/auto/Net/SSLeay/SSLeay.bundle
  Expected in: dynamic lookup
  at t/local/07_sslecho.t line 9.
Compilation failed in require at t/local/07_sslecho.t line 9.
BEGIN failed--compilation aborted at t/local/07_sslecho.t line 9.
t/local/07_sslecho.t ................... 
Dubious, test returned 2 (wstat 512, 0x200)
No subtests run 
Can't load '/Users/ether/.cpanm/work/1421863826.72120/Net-SSLeay-1.67/blib/arch/auto/Net/SSLeay/SSLeay.bundle' for module Net::SSLeay: dlopen(/Users/ether/.cpanm/work/1421863826.72120/Net-SSLeay-1.67/blib/arch/auto/Net/SSLeay/SSLeay.bundle, 2): Symbol not found: _EVP_MD_do_all_sorted
  Referenced from: /Users/ether/.cpanm/work/1421863826.72120/Net-SSLeay-1.67/blib/arch/auto/Net/SSLeay/SSLeay.bundle
  Expected in: dynamic lookup
  at t/local/20_autoload.t line 7.
Compilation failed in require at t/local/20_autoload.t line 7.
BEGIN failed--compilation aborted at t/local/20_autoload.t line 7.
t/local/20_autoload.t .................. 
Dubious, test returned 2 (wstat 512, 0x200)
No subtests run 
Can't load '/Users/ether/.cpanm/work/1421863826.72120/Net-SSLeay-1.67/blib/arch/auto/Net/SSLeay/SSLeay.bundle' for module Net::SSLeay: dlopen(/Users/ether/.cpanm/work/1421863826.72120/Net-SSLeay-1.67/blib/arch/auto/Net/SSLeay/SSLeay.bundle, 2): Symbol not found: _EVP_MD_do_all_sorted
  Referenced from: /Users/ether/.cpanm/work/1421863826.72120/Net-SSLeay-1.67/blib/arch/auto/Net/SSLeay/SSLeay.bundle
  Expected in: dynamic lookup
  at t/local/08_pipe.t line 6.
Compilation failed in require at t/local/08_pipe.t line 6.
BEGIN failed--compilation aborted at t/local/08_pipe.t line 6.
t/local/08_pipe.t ...................... 
Dubious, test returned 2 (wstat 512, 0x200)
No subtests run 
Can't load '/Users/ether/.cpanm/work/1421863826.72120/Net-SSLeay-1.67/blib/arch/auto/Net/SSLeay/SSLeay.bundle' for module Net::SSLeay: dlopen(/Users/ether/.cpanm/work/1421863826.72120/Net-SSLeay-1.67/blib/arch/auto/Net/SSLeay/SSLeay.bundle, 2): Symbol not found: _EVP_MD_do_all_sorted
  Referenced from: /Users/ether/.cpanm/work/1421863826.72120/Net-SSLeay-1.67/blib/arch/auto/Net/SSLeay/SSLeay.bundle
  Expected in: dynamic lookup
  at t/local/21_constants.t line 7.
Compilation failed in require at t/local/21_constants.t line 7.
BEGIN failed--compilation aborted at t/local/21_constants.t line 7.
t/local/21_constants.t ................. 
Dubious, test returned 2 (wstat 512, 0x200)
No subtests run 
Can't load '/Users/ether/.cpanm/work/1421863826.72120/Net-SSLeay-1.67/blib/arch/auto/Net/SSLeay/SSLeay.bundle' for module Net::SSLeay: dlopen(/Users/ether/.cpanm/work/1421863826.72120/Net-SSLeay-1.67/blib/arch/auto/Net/SSLeay/SSLeay.bundle, 2): Symbol not found: _EVP_MD_do_all_sorted
  Referenced from: /Users/ether/.cpanm/work/1421863826.72120/Net-SSLeay-1.67/blib/arch/auto/Net/SSLeay/SSLeay.bundle
  Expected in: dynamic lookup
  at t/local/30_error.t line 11.
Compilation failed in require at t/local/30_error.t line 11.
BEGIN failed--compilation aborted at t/local/30_error.t line 11.
t/local/30_error.t ..................... 
Dubious, test returned 2 (wstat 512, 0x200)
No subtests run 
Can't load '/Users/ether/.cpanm/work/1421863826.72120/Net-SSLeay-1.67/blib/arch/auto/Net/SSLeay/SSLeay.bundle' for module Net::SSLeay: dlopen(/Users/ether/.cpanm/work/1421863826.72120/Net-SSLeay-1.67/blib/arch/auto/Net/SSLeay/SSLeay.bundle, 2): Symbol not found: _EVP_MD_do_all_sorted
  Referenced from: /Users/ether/.cpanm/work/1421863826.72120/Net-SSLeay-1.67/blib/arch/auto/Net/SSLeay/SSLeay.bundle
  Expected in: dynamic lookup
  at t/local/31_rsa_generate_key.t line 6.
Compilation failed in require at t/local/31_rsa_generate_key.t line 6.
BEGIN failed--compilation aborted at t/local/31_rsa_generate_key.t line 6.
t/local/31_rsa_generate_key.t .......... 
Dubious, test returned 2 (wstat 512, 0x200)
No subtests run 
Can't load '/Users/ether/.cpanm/work/1421863826.72120/Net-SSLeay-1.67/blib/arch/auto/Net/SSLeay/SSLeay.bundle' for module Net::SSLeay: dlopen(/Users/ether/.cpanm/work/1421863826.72120/Net-SSLeay-1.67/blib/arch/auto/Net/SSLeay/SSLeay.bundle, 2): Symbol not found: _EVP_MD_do_all_sorted
  Referenced from: /Users/ether/.cpanm/work/1421863826.72120/Net-SSLeay-1.67/blib/arch/auto/Net/SSLeay/SSLeay.bundle
  Expected in: dynamic lookup
  at t/local/32_x509_get_cert_info.t line 6.
Compilation failed in require at t/local/32_x509_get_cert_info.t line 6.
BEGIN failed--compilation aborted at t/local/32_x509_get_cert_info.t line 6.
# Looks like your test exited with 2 before it could output anything.
t/local/32_x509_get_cert_info.t ........ 
Dubious, test returned 2 (wstat 512, 0x200)
Failed 1243/1243 subtests 
Can't load '/Users/ether/.cpanm/work/1421863826.72120/Net-SSLeay-1.67/blib/arch/auto/Net/SSLeay/SSLeay.bundle' for module Net::SSLeay: dlopen(/Users/ether/.cpanm/work/1421863826.72120/Net-SSLeay-1.67/blib/arch/auto/Net/SSLeay/SSLeay.bundle, 2): Symbol not found: _EVP_MD_do_all_sorted
  Referenced from: /Users/ether/.cpanm/work/1421863826.72120/Net-SSLeay-1.67/blib/arch/auto/Net/SSLeay/SSLeay.bundle
  Expected in: dynamic lookup
  at t/local/34_x509_crl.t line 6.
Compilation failed in require at t/local/34_x509_crl.t line 6.
BEGIN failed--compilation aborted at t/local/34_x509_crl.t line 6.
# Looks like your test exited with 2 before it could output anything.
t/local/34_x509_crl.t .................. 
Dubious, test returned 2 (wstat 512, 0x200)
Failed 41/41 subtests 
Can't load '/Users/ether/.cpanm/work/1421863826.72120/Net-SSLeay-1.67/blib/arch/auto/Net/SSLeay/SSLeay.bundle' for module Net::SSLeay: dlopen(/Users/ether/.cpanm/work/1421863826.72120/Net-SSLeay-1.67/blib/arch/auto/Net/SSLeay/SSLeay.bundle, 2): Symbol not found: _EVP_MD_do_all_sorted
  Referenced from: /Users/ether/.cpanm/work/1421863826.72120/Net-SSLeay-1.67/blib/arch/auto/Net/SSLeay/SSLeay.bundle
  Expected in: dynamic lookup
  at t/local/33_x509_create_cert.t line 6.
Compilation failed in require at t/local/33_x509_create_cert.t line 6.
BEGIN failed--compilation aborted at t/local/33_x509_create_cert.t line 6.
# Looks like your test exited with 2 before it could output anything.
t/local/33_x509_create_cert.t .......... 
Dubious, test returned 2 (wstat 512, 0x200)
Failed 123/123 subtests 
Can't load '/Users/ether/.cpanm/work/1421863826.72120/Net-SSLeay-1.67/blib/arch/auto/Net/SSLeay/SSLeay.bundle' for module Net::SSLeay: dlopen(/Users/ether/.cpanm/work/1421863826.72120/Net-SSLeay-1.67/blib/arch/auto/Net/SSLeay/SSLeay.bundle, 2): Symbol not found: _EVP_MD_do_all_sorted
  Referenced from: /Users/ether/.cpanm/work/1421863826.72120/Net-SSLeay-1.67/blib/arch/auto/Net/SSLeay/SSLeay.bundle
  Expected in: dynamic lookup
  at t/local/35_ephemeral.t line 6.
Compilation failed in require at t/local/35_ephemeral.t line 6.
BEGIN failed--compilation aborted at t/local/35_ephemeral.t line 6.
# Looks like your test exited with 2 before it could output anything.
t/local/35_ephemeral.t ................. 
Dubious, test returned 2 (wstat 512, 0x200)
Failed 3/3 subtests 
Can't load '/Users/ether/.cpanm/work/1421863826.72120/Net-SSLeay-1.67/blib/arch/auto/Net/SSLeay/SSLeay.bundle' for module Net::SSLeay: dlopen(/Users/ether/.cpanm/work/1421863826.72120/Net-SSLeay-1.67/blib/arch/auto/Net/SSLeay/SSLeay.bundle, 2): Symbol not found: _EVP_MD_do_all_sorted
  Referenced from: /Users/ether/.cpanm/work/1421863826.72120/Net-SSLeay-1.67/blib/arch/auto/Net/SSLeay/SSLeay.bundle
  Expected in: dynamic lookup
  at t/local/36_verify.t line 9.
Compilation failed in require at t/local/36_verify.t line 9.
BEGIN failed--compilation aborted at t/local/36_verify.t line 9.
# Looks like your test exited with 2 before it could output anything.
t/local/36_verify.t .................... 
Dubious, test returned 2 (wstat 512, 0x200)
Failed 25/25 subtests 
Can't load '/Users/ether/.cpanm/work/1421863826.72120/Net-SSLeay-1.67/blib/arch/auto/Net/SSLeay/SSLeay.bundle' for module Net::SSLeay: dlopen(/Users/ether/.cpanm/work/1421863826.72120/Net-SSLeay-1.67/blib/arch/auto/Net/SSLeay/SSLeay.bundle, 2): Symbol not found: _EVP_MD_do_all_sorted
  Referenced from: /Users/ether/.cpanm/work/1421863826.72120/Net-SSLeay-1.67/blib/arch/auto/Net/SSLeay/SSLeay.bundle
  Expected in: dynamic lookup
  at t/local/37_asn1_time.t line 6.
Compilation failed in require at t/local/37_asn1_time.t line 6.
BEGIN failed--compilation aborted at t/local/37_asn1_time.t line 6.
# Looks like your test exited with 2 before it could output anything.
t/local/37_asn1_time.t ................. 
Dubious, test returned 2 (wstat 512, 0x200)
Failed 10/10 subtests 
Can't load '/Users/ether/.cpanm/work/1421863826.72120/Net-SSLeay-1.67/blib/arch/auto/Net/SSLeay/SSLeay.bundle' for module Net::SSLeay: dlopen(/Users/ether/.cpanm/work/1421863826.72120/Net-SSLeay-1.67/blib/arch/auto/Net/SSLeay/SSLeay.bundle, 2): Symbol not found: _EVP_MD_do_all_sorted
  Referenced from: /Users/ether/.cpanm/work/1421863826.72120/Net-SSLeay-1.67/blib/arch/auto/Net/SSLeay/SSLeay.bundle
  Expected in: dynamic lookup
  at t/local/38_priv-key.t line 6.
Compilation failed in require at t/local/38_priv-key.t line 6.
BEGIN failed--compilation aborted at t/local/38_priv-key.t line 6.
# Looks like your test exited with 2 before it could output anything.
t/local/38_priv-key.t .................. 
Dubious, test returned 2 (wstat 512, 0x200)
Failed 10/10 subtests 
Can't load '/Users/ether/.cpanm/work/1421863826.72120/Net-SSLeay-1.67/blib/arch/auto/Net/SSLeay/SSLeay.bundle' for module Net::SSLeay: dlopen(/Users/ether/.cpanm/work/1421863826.72120/Net-SSLeay-1.67/blib/arch/auto/Net/SSLeay/SSLeay.bundle, 2): Symbol not found: _EVP_MD_do_all_sorted
  Referenced from: /Users/ether/.cpanm/work/1421863826.72120/Net-SSLeay-1.67/blib/arch/auto/Net/SSLeay/SSLeay.bundle
  Expected in: dynamic lookup
  at t/local/39_pkcs12.t line 6.
Compilation failed in require at t/local/39_pkcs12.t line 6.
BEGIN failed--compilation aborted at t/local/39_pkcs12.t line 6.
# Looks like your test exited with 2 before it could output anything.
t/local/39_pkcs12.t .................... 
Dubious, test returned 2 (wstat 512, 0x200)
Failed 19/19 subtests 
Can't load '/Users/ether/.cpanm/work/1421863826.72120/Net-SSLeay-1.67/blib/arch/auto/Net/SSLeay/SSLeay.bundle' for module Net::SSLeay: dlopen(/Users/ether/.cpanm/work/1421863826.72120/Net-SSLeay-1.67/blib/arch/auto/Net/SSLeay/SSLeay.bundle, 2): Symbol not found: _EVP_MD_do_all_sorted
  Referenced from: /Users/ether/.cpanm/work/1421863826.72120/Net-SSLeay-1.67/blib/arch/auto/Net/SSLeay/SSLeay.bundle
  Expected in: dynamic lookup
  at t/local/40_npn_support.t line 9.
Compilation failed in require at t/local/40_npn_support.t line 9.
BEGIN failed--compilation aborted at t/local/40_npn_support.t line 9.
t/local/40_npn_support.t ............... 
Dubious, test returned 2 (wstat 512, 0x200)
No subtests run 
Can't load '/Users/ether/.cpanm/work/1421863826.72120/Net-SSLeay-1.67/blib/arch/auto/Net/SSLeay/SSLeay.bundle' for module Net::SSLeay: dlopen(/Users/ether/.cpanm/work/1421863826.72120/Net-SSLeay-1.67/blib/arch/auto/Net/SSLeay/SSLeay.bundle, 2): Symbol not found: _EVP_MD_do_all_sorted
  Referenced from: /Users/ether/.cpanm/work/1421863826.72120/Net-SSLeay-1.67/blib/arch/auto/Net/SSLeay/SSLeay.bundle
  Expected in: dynamic lookup
  at t/local/41_alpn_support.t line 9.
Compilation failed in require at t/local/41_alpn_support.t line 9.
BEGIN failed--compilation aborted at t/local/41_alpn_support.t line 9.
t/local/41_alpn_support.t .............. 
Dubious, test returned 2 (wstat 512, 0x200)
No subtests run 
Can't load '/Users/ether/.cpanm/work/1421863826.72120/Net-SSLeay-1.67/blib/arch/auto/Net/SSLeay/SSLeay.bundle' for module Net::SSLeay: dlopen(/Users/ether/.cpanm/work/1421863826.72120/Net-SSLeay-1.67/blib/arch/auto/Net/SSLeay/SSLeay.bundle, 2): Symbol not found: _EVP_MD_do_all_sorted
  Referenced from: /Users/ether/.cpanm/work/1421863826.72120/Net-SSLeay-1.67/blib/arch/auto/Net/SSLeay/SSLeay.bundle
  Expected in: dynamic lookup
  at t/local/42_info_callback.t line 8.
Compilation failed in require at t/local/42_info_callback.t line 8.
BEGIN failed--compilation aborted at t/local/42_info_callback.t line 8.
t/local/42_info_callback.t ............. 
Dubious, test returned 2 (wstat 512, 0x200)
No subtests run 
t/local/61_threads-cb-crash.t .......... skipped: your perl is not compiled with ithreads or is pre-5.8
Can't load '/Users/ether/.cpanm/work/1421863826.72120/Net-SSLeay-1.67/blib/arch/auto/Net/SSLeay/SSLeay.bundle' for module Net::SSLeay: dlopen(/Users/ether/.cpanm/work/1421863826.72120/Net-SSLeay-1.67/blib/arch/auto/Net/SSLeay/SSLeay.bundle, 2): Symbol not found: _EVP_MD_do_all_sorted
  Referenced from: /Users/ether/.cpanm/work/1421863826.72120/Net-SSLeay-1.67/blib/arch/auto/Net/SSLeay/SSLeay.bundle
  Expected in: dynamic lookup
  at t/local/50_digest.t line 7.
Compilation failed in require at t/local/50_digest.t line 7.
BEGIN failed--compilation aborted at t/local/50_digest.t line 7.
# Looks like your test exited with 2 before it could output anything.
t/local/50_digest.t .................... 
Dubious, test returned 2 (wstat 512, 0x200)
Failed 230/230 subtests 
t/local/62_threads-ctx_new-deadlock.t .. skipped: your perl is not compiled with ithreads or is pre-5.8
t/local/kwalitee.t ..................... skipped: these tests are for only for release candidate testing. Enable with RELEASE_TESTING=1

Test Summary Report
-------------------
t/handle/local/05_use.t              (Wstat: 256 Tests: 1 Failed: 1)
  Failed test:  1
  Non-zero exit status: 1
t/local/03_use.t                     (Wstat: 256 Tests: 1 Failed: 1)
  Failed test:  1
  Non-zero exit status: 1
t/local/04_basic.t                   (Wstat: 512 Tests: 0 Failed: 0)
  Non-zero exit status: 2
  Parse errors: Bad plan.  You planned 6 tests but ran 0.
t/local/05_passwd_cb.t               (Wstat: 512 Tests: 0 Failed: 0)
  Non-zero exit status: 2
  Parse errors: Bad plan.  You planned 13 tests but ran 0.
t/local/06_tcpecho.t                 (Wstat: 512 Tests: 0 Failed: 0)
  Non-zero exit status: 2
  Parse errors: No plan found in TAP output
t/local/15_bio.t                     (Wstat: 512 Tests: 0 Failed: 0)
  Non-zero exit status: 2
  Parse errors: Bad plan.  You planned 7 tests but ran 0.
t/local/07_sslecho.t                 (Wstat: 512 Tests: 0 Failed: 0)
  Non-zero exit status: 2
  Parse errors: No plan found in TAP output
t/local/20_autoload.t                (Wstat: 512 Tests: 0 Failed: 0)
  Non-zero exit status: 2
  Parse errors: No plan found in TAP output
t/local/08_pipe.t                    (Wstat: 512 Tests: 0 Failed: 0)
  Non-zero exit status: 2
  Parse errors: No plan found in TAP output
t/local/21_constants.t               (Wstat: 512 Tests: 0 Failed: 0)
  Non-zero exit status: 2
  Parse errors: No plan found in TAP output
t/local/30_error.t                   (Wstat: 512 Tests: 0 Failed: 0)
  Non-zero exit status: 2
  Parse errors: No plan found in TAP output
t/local/31_rsa_generate_key.t        (Wstat: 512 Tests: 0 Failed: 0)
  Non-zero exit status: 2
  Parse errors: No plan found in TAP output
t/local/32_x509_get_cert_info.t      (Wstat: 512 Tests: 0 Failed: 0)
  Non-zero exit status: 2
  Parse errors: Bad plan.  You planned 1243 tests but ran 0.
t/local/34_x509_crl.t                (Wstat: 512 Tests: 0 Failed: 0)
  Non-zero exit status: 2
  Parse errors: Bad plan.  You planned 41 tests but ran 0.
t/local/33_x509_create_cert.t        (Wstat: 512 Tests: 0 Failed: 0)
  Non-zero exit status: 2
  Parse errors: Bad plan.  You planned 123 tests but ran 0.
t/local/35_ephemeral.t               (Wstat: 512 Tests: 0 Failed: 0)
  Non-zero exit status: 2
  Parse errors: Bad plan.  You planned 3 tests but ran 0.
t/local/36_verify.t                  (Wstat: 512 Tests: 0 Failed: 0)
  Non-zero exit status: 2
  Parse errors: Bad plan.  You planned 25 tests but ran 0.
t/local/37_asn1_time.t               (Wstat: 512 Tests: 0 Failed: 0)
  Non-zero exit status: 2
  Parse errors: Bad plan.  You planned 10 tests but ran 0.
t/local/38_priv-key.t                (Wstat: 512 Tests: 0 Failed: 0)
  Non-zero exit status: 2
  Parse errors: Bad plan.  You planned 10 tests but ran 0.
t/local/39_pkcs12.t                  (Wstat: 512 Tests: 0 Failed: 0)
  Non-zero exit status: 2
  Parse errors: Bad plan.  You planned 19 tests but ran 0.
t/local/40_npn_support.t             (Wstat: 512 Tests: 0 Failed: 0)
  Non-zero exit status: 2
  Parse errors: No plan found in TAP output
t/local/41_alpn_support.t            (Wstat: 512 Tests: 0 Failed: 0)
  Non-zero exit status: 2
  Parse errors: No plan found in TAP output
t/local/42_info_callback.t           (Wstat: 512 Tests: 0 Failed: 0)
  Non-zero exit status: 2
  Parse errors: No plan found in TAP output
t/local/50_digest.t                  (Wstat: 512 Tests: 0 Failed: 0)
  Non-zero exit status: 2
  Parse errors: Bad plan.  You planned 230 tests but ran 0.
Files=29, Tests=2,  1 wallclock secs ( 0.10 usr  0.07 sys +  1.98 cusr  0.30 csys =  2.45 CPU)
Result: FAIL
Failed 24/29 test programs. 2/2 subtests failed.
make: *** [test_dynamic] Error 255
-> FAIL Installing Net::SSLeay failed. See /Users/ether/.cpanm/work/1421863826.72120/build.log for details. Retry with --force to force install it.
-> FAIL Installing the dependencies failed: Module 'Net::SSLeay' is not installed
-> FAIL Bailing out the installation for IO-Socket-SSL-2.010.
-> FAIL Installing the dependencies failed: Module 'IO::Socket::SSL' is not installed
-> FAIL Bailing out the installation for LWP-Protocol-https-6.06.
Searching Capture::Tiny on cpanmetadb ...
--> Working on Capture::Tiny
Fetching http://www.cpan.org/authors/id/D/DA/DAGOLDEN/Capture-Tiny-0.27.tar.gz
-> OK
Unpacking Capture-Tiny-0.27.tar.gz
Entering Capture-Tiny-0.27
Checking configure dependencies from META.json
Checking if you have ExtUtils::MakeMaker 6.17 ... Yes (7.04)
Configuring Capture-Tiny-0.27
Running Makefile.PL
Checking if your kit is complete...
Looks good
Generating a Unix-style Makefile
Writing Makefile for Capture::Tiny
Writing MYMETA.yml and MYMETA.json
-> OK
Checking dependencies from MYMETA.json ...
Checking if you have Carp 0 ... Yes (1.34)
Checking if you have Scalar::Util 0 ... Yes (1.41)
Checking if you have Exporter 0 ... Yes (5.72)
Checking if you have IO::File 0 ... Yes (1.16)
Checking if you have IO::Handle 0 ... Yes (1.35)
Checking if you have File::Temp 0 ... Yes (0.2304)
Checking if you have ExtUtils::MakeMaker 0 ... Yes (7.04)
Checking if you have File::Spec 0 ... Yes (3.53)
Checking if you have lib 0 ... Yes (0.63)
Checking if you have Test::More 0.62 ... Yes (1.301001_097)
Checking if you have warnings 0 ... Yes (1.30)
Checking if you have strict 0 ... Yes (1.09)
Building and testing Capture-Tiny-0.27
Manifying 1 pod document
PERL_DL_NONLAZY=1 "/Users/ether/perl5/perlbrew/perls/21.8/bin/perl5.21.8" "-MExtUtils::Command::MM" "-MTest::Harness" "-e" "undef *Test::Harness::Switches; test_harness(0, 'blib/lib', 'blib/arch')" t/*.t
t/01-Capture-Tiny.t ........ ok

# Versions for all modules listed in MYMETA.json (including optional ones):
# 
# === Configure Requires ===
# 
#     Module              Want Have
#     ------------------- ---- ----
#     ExtUtils::MakeMaker 6.17 7.04
# 
# === Build Requires ===
# 
#     Module              Want Have
#     ------------------- ---- ----
#     ExtUtils::MakeMaker  any 7.04
# 
# === Test Requires ===
# 
#     Module              Want         Have
#     ------------------- ---- ------------
#     ExtUtils::MakeMaker  any         7.04
#     File::Spec           any         3.53
#     IO::File             any         1.16
#     Test::More          0.62 1.301001_097
#     lib                  any         0.63
# 
# === Test Recommends ===
# 
#     Module         Want     Have
#     ---------- -------- --------
#     CPAN::Meta 2.120900 2.143240
#     Inline::C      0.50  missing
# 
# === Runtime Requires ===
# 
#     Module       Want   Have
#     ------------ ---- ------
#     Carp          any   1.34
#     Exporter      any   5.72
#     File::Spec    any   3.53
#     File::Temp    any 0.2304
#     IO::Handle    any   1.35
#     Scalar::Util  any   1.41
#     strict        any   1.09
#     warnings      any   1.30
# 
t/00-report-prereqs.t ...... ok
t/02-capture.t ............. ok
t/09-preserve-exit-code.t .. ok
t/03-tee.t ................. ok
t/06-stdout-closed.t ....... ok
t/07-stderr-closed.t ....... ok
t/08-stdin-closed.t ........ ok
t/10-stdout-string.t ....... ok
t/11-stderr-string.t ....... ok
t/16-catch-errors.t ........ ok
t/17-pass-results.t ........ ok
t/18-custom-capture.t ...... ok
t/19-inline-c.t ............ skipped: Inline::C module required
t/13-stdout-tied.t ......... ok
t/12-stdin-string.t ........ ok
t/14-stderr-tied.t ......... ok
t/15-stdin-tied.t .......... ok
t/20-stdout-badtie.t ....... ok
t/21-stderr-badtie.t ....... ok
t/22-stdin-badtie.t ........ ok
t/24-all-badtied.t ......... ok
t/23-all-tied.t ............ ok
All tests successful.
Files=23, Tests=11996, 14 wallclock secs ( 2.27 usr  0.26 sys + 41.54 cusr 30.44 csys = 74.51 CPU)
Result: PASS
Manifying 1 pod document
Installing /Users/ether/.perlbrew/libs/21.8@std/lib/perl5/Capture/Tiny.pm
Installing /Users/ether/.perlbrew/libs/21.8@std/man/man3/Capture::Tiny.0
Appending installation info to /Users/ether/.perlbrew/libs/21.8@std/lib/perl5/darwin-2level/perllocal.pod
-> OK
Successfully installed Capture-Tiny-0.27
Installing /Users/ether/.perlbrew/libs/21.8@std/lib/perl5/darwin-2level/.meta/Capture-Tiny-0.27/MYMETA.json
Installing /Users/ether/.perlbrew/libs/21.8@std/lib/perl5/darwin-2level/.meta/Capture-Tiny-0.27/install.json
Searching Test::Reporter::Transport::Metabase on cpanmetadb ...
--> Working on Test::Reporter::Transport::Metabase
Fetching http://www.cpan.org/authors/id/D/DA/DAGOLDEN/Test-Reporter-Transport-Metabase-1.999008.tar.gz
-> OK
Unpacking Test-Reporter-Transport-Metabase-1.999008.tar.gz
Entering Test-Reporter-Transport-Metabase-1.999008
Checking configure dependencies from META.json
Checking if you have ExtUtils::MakeMaker 6.31 ... Yes (7.04)
Configuring Test-Reporter-Transport-Metabase-1.999008
Running Makefile.PL
Warning: prerequisite CPAN::Testers::Report 1.999001 not found.
Warning: prerequisite JSON 2 not found.
Warning: prerequisite Metabase::Client::Simple 0.008 not found.
Warning: prerequisite Metabase::User::Profile 0.016 not found.
Warning: prerequisite Metabase::User::Secret 0.016 not found.
Checking if your kit is complete...
Looks good
Generating a Unix-style Makefile
Writing Makefile for Test::Reporter::Transport::Metabase
Writing MYMETA.yml and MYMETA.json
-> OK
Checking dependencies from MYMETA.json ...
Checking if you have Test::More 0 ... Yes (1.301001_097)
Checking if you have CPAN::Testers::Report 1.999001 ... No
Checking if you have File::Temp 0 ... Yes (0.2304)
Checking if you have Test::Reporter::Transport 1.57 ... Yes (1.60)
Checking if you have Metabase::User::Secret 0.016 ... No
Checking if you have Metabase::User::Profile 0.016 ... No
Checking if you have File::Glob 0 ... Yes (1.24)
Checking if you have Metabase::Client::Simple 0.008 ... No
Checking if you have Config::Perl::V 0 ... Yes (0.22)
Checking if you have File::Find 0 ... Yes (1.29)
Checking if you have JSON 2 ... No
Checking if you have Carp 0 ... Yes (1.34)
==> Found dependencies: CPAN::Testers::Report, Metabase::User::Secret, Metabase::User::Profile, Metabase::Client::Simple, JSON
Searching CPAN::Testers::Report on cpanmetadb ...
--> Working on CPAN::Testers::Report
Fetching http://www.cpan.org/authors/id/D/DA/DAGOLDEN/CPAN-Testers-Report-1.999002.tar.gz
-> OK
Unpacking CPAN-Testers-Report-1.999002.tar.gz
Entering CPAN-Testers-Report-1.999002
Checking configure dependencies from META.json
Checking if you have ExtUtils::MakeMaker 6.17 ... Yes (7.04)
Configuring CPAN-Testers-Report-1.999002
Running Makefile.PL
Warning: prerequisite Metabase::Fact::Hash 0.016 not found.
Warning: prerequisite Metabase::Fact::String 0.016 not found.
Warning: prerequisite Metabase::Report 0.016 not found.
Checking if your kit is complete...
Looks good
Generating a Unix-style Makefile
Writing Makefile for CPAN::Testers::Report
Writing MYMETA.yml and MYMETA.json
-> OK
Checking dependencies from MYMETA.json ...
Checking if you have Metabase::Fact::String 0.016 ... No
Checking if you have warnings 0 ... Yes (1.30)
Checking if you have Test::More 0.88 ... Yes (1.301001_097)
Checking if you have strict 0 ... Yes (1.09)
Checking if you have ExtUtils::MakeMaker 0 ... Yes (7.04)
Checking if you have File::Spec::Functions 0 ... Yes (3.54)
Checking if you have Metabase::Fact::Hash 0.016 ... No
Checking if you have Metabase::Report 0.016 ... No
Checking if you have Carp 0 ... Yes (1.34)
Checking if you have List::Util 0 ... Yes (1.41)
Checking if you have version 0 ... Yes (0.9909)
==> Found dependencies: Metabase::Fact::String, Metabase::Fact::Hash, Metabase::Report
Searching Metabase::Fact::String on cpanmetadb ...
--> Working on Metabase::Fact::String
Fetching http://www.cpan.org/authors/id/D/DA/DAGOLDEN/Metabase-Fact-0.024.tar.gz
-> OK
Unpacking Metabase-Fact-0.024.tar.gz
Entering Metabase-Fact-0.024
Checking configure dependencies from META.json
Checking if you have ExtUtils::MakeMaker 6.17 ... Yes (7.04)
Configuring Metabase-Fact-0.024
Running Makefile.PL
Warning: prerequisite CPAN::DistnameInfo 0 not found.
Warning: prerequisite Data::GUID 0 not found.
Warning: prerequisite IO::Prompt::Tiny 0 not found.
Warning: prerequisite JSON 2 not found.
Checking if your kit is complete...
Looks good
Generating a Unix-style Makefile
Writing Makefile for Metabase::Fact
Writing MYMETA.yml and MYMETA.json
-> OK
Checking dependencies from MYMETA.json ...
Checking if you have overload 0 ... Yes (1.24)
Checking if you have ExtUtils::MakeMaker 0 ... Yes (7.04)
Checking if you have warnings 0 ... Yes (1.30)
Checking if you have strict 0 ... Yes (1.09)
Checking if you have Carp 0 ... Yes (1.34)
Checking if you have CPAN::DistnameInfo 0 ... No
Checking if you have Getopt::Long 0 ... Yes (2.43)
Checking if you have Cwd 0 ... Yes (3.54)
Checking if you have Data::GUID 0 ... No
Checking if you have File::Temp 0.20 ... Yes (0.2304)
Checking if you have Test::Fatal 0 ... No
Checking if you have File::Spec 0 ... Yes (3.53)
Checking if you have Test::More 0.88 ... Yes (1.301001_097)
Checking if you have lib 0 ... Yes (0.63)
Checking if you have Pod::Usage 0 ... Yes (1.64)
Checking if you have version 0 ... Yes (0.9909)
Checking if you have List::Util 0 ... Yes (1.41)
Checking if you have IO::Prompt::Tiny 0 ... No
Checking if you have JSON 2 ... No
Checking if you have File::Spec::Functions 0 ... Yes (3.54)
==> Found dependencies: CPAN::DistnameInfo, Data::GUID, Test::Fatal, IO::Prompt::Tiny, JSON
Searching CPAN::DistnameInfo on cpanmetadb ...
--> Working on CPAN::DistnameInfo
Fetching http://www.cpan.org/authors/id/G/GB/GBARR/CPAN-DistnameInfo-0.12.tar.gz
-> OK
Unpacking CPAN-DistnameInfo-0.12.tar.gz
Entering CPAN-DistnameInfo-0.12
Checking configure dependencies from META.yml
Checking if you have ExtUtils::MakeMaker 0 ... Yes (7.04)
Configuring CPAN-DistnameInfo-0.12
Running Makefile.PL
Checking if your kit is complete...
Looks good
Generating a Unix-style Makefile
Writing Makefile for CPAN::DistnameInfo
Writing MYMETA.yml and MYMETA.json
-> OK
Checking dependencies from MYMETA.json ...
Checking if you have Test::More 0 ... Yes (1.301001_097)
Checking if you have ExtUtils::MakeMaker 0 ... Yes (7.04)
Building and testing CPAN-DistnameInfo-0.12
Manifying 1 pod document
PERL_DL_NONLAZY=1 "/Users/ether/perl5/perlbrew/perls/21.8/bin/perl5.21.8" "-MExtUtils::Command::MM" "-MTest::Harness" "-e" "undef *Test::Harness::Switches; test_harness(0, 'blib/lib', 'blib/arch')" t/*.t
t/path.t .. ok
t/ext.t ... ok
All tests successful.
Files=2, Tests=829,  1 wallclock secs ( 0.09 usr  0.01 sys +  0.24 cusr  0.02 csys =  0.36 CPU)
Result: PASS
Manifying 1 pod document
Installing /Users/ether/.perlbrew/libs/21.8@std/lib/perl5/CPAN/DistnameInfo.pm
Installing /Users/ether/.perlbrew/libs/21.8@std/man/man3/CPAN::DistnameInfo.0
Appending installation info to /Users/ether/.perlbrew/libs/21.8@std/lib/perl5/darwin-2level/perllocal.pod
-> OK
Successfully installed CPAN-DistnameInfo-0.12
Installing /Users/ether/.perlbrew/libs/21.8@std/lib/perl5/darwin-2level/.meta/CPAN-DistnameInfo-0.12/MYMETA.json
Installing /Users/ether/.perlbrew/libs/21.8@std/lib/perl5/darwin-2level/.meta/CPAN-DistnameInfo-0.12/install.json
Searching Data::GUID on cpanmetadb ...
--> Working on Data::GUID
Fetching http://www.cpan.org/authors/id/R/RJ/RJBS/Data-GUID-0.048.tar.gz
-> OK
Unpacking Data-GUID-0.048.tar.gz
Entering Data-GUID-0.048
Checking configure dependencies from META.json
Checking if you have ExtUtils::MakeMaker 6.30 ... Yes (7.04)
Configuring Data-GUID-0.048
Running Makefile.PL
Warning: prerequisite Data::UUID 1.148 not found.
Warning: prerequisite Sub::Exporter 0.90 not found.
Warning: prerequisite Sub::Install 0.03 not found.
Checking if your kit is complete...
Looks good
Generating a Unix-style Makefile
Writing Makefile for Data::GUID
Writing MYMETA.yml and MYMETA.json
-> OK
Checking dependencies from MYMETA.json ...
Checking if you have Carp 0 ... Yes (1.34)
Checking if you have Sub::Install 0.03 ... No
Checking if you have Sub::Exporter 0.90 ... No
Checking if you have Data::UUID 1.148 ... No
Checking if you have bytes 0 ... Yes (1.04)
Checking if you have overload 0 ... Yes (1.24)
Checking if you have warnings 0 ... Yes (1.30)
Checking if you have Test::More 0.96 ... Yes (1.301001_097)
Checking if you have strict 0 ... Yes (1.09)
==> Found dependencies: Sub::Install, Sub::Exporter, Data::UUID
Searching Sub::Install on cpanmetadb ...
--> Working on Sub::Install
Fetching http://www.cpan.org/authors/id/R/RJ/RJBS/Sub-Install-0.928.tar.gz
-> OK
Unpacking Sub-Install-0.928.tar.gz
Entering Sub-Install-0.928
Checking configure dependencies from META.json
Checking if you have ExtUtils::MakeMaker 6.30 ... Yes (7.04)
Configuring Sub-Install-0.928
Running Makefile.PL
Checking if your kit is complete...
Looks good
Generating a Unix-style Makefile
Writing Makefile for Sub::Install
Writing MYMETA.yml and MYMETA.json
-> OK
Checking dependencies from MYMETA.json ...
Checking if you have Carp 0 ... Yes (1.34)
Checking if you have B 0 ... Yes (1.55)
Checking if you have ExtUtils::MakeMaker 0 ... Yes (7.04)
Checking if you have Scalar::Util 0 ... Yes (1.41)
Checking if you have Test::More 0.96 ... Yes (1.301001_097)
Checking if you have warnings 0 ... Yes (1.30)
Checking if you have strict 0 ... Yes (1.09)
Building and testing Sub-Install-0.928
Manifying 1 pod document
PERL_DL_NONLAZY=1 "/Users/ether/perl5/perlbrew/perls/21.8/bin/perl5.21.8" "-MExtUtils::Command::MM" "-MTest::Harness" "-e" "undef *Test::Harness::Switches; test_harness(0, 'blib/lib', 'blib/arch')" t/*.t
# 

# Generated by Dist::Zilla::Plugin::ReportVersions::Tiny v1.10
# perl: 5.021008 (wanted any version) on darwin from /Users/ether/perl5/perlbrew/perls/21.8/bin/perl5.21.8
# 
# B                                             => 1.55       (want any version)
# Carp                                          => 1.34       (want any version)
# ExtUtils::MakeMaker                           => 7.04       (want 6.30)   
# Scalar::Util                                  => 1.41       (want any version)
# Test::More                                    => 1.301001097 (want 0.96)   
# strict                                        => 1.09       (want any version)
# warnings                                      => 1.3        (want any version)
# 
# Thanks for using my code.  I hope it works for you.
# If not, please try and include this output in the bug report.
# That will help me reproduce the issue and solve your problem.
# 
t/auto_as.t ................... ok
t/000-report-versions-tiny.t .. ok
t/inst-blessed.t .............. ok
t/export.t .................... ok
t/install.t ................... ok
t/misc_errors.t ............... ok
t/reinstall.t ................. ok
t/SI_install.t ................ ok
t/SI_reinstall.t .............. ok
All tests successful.
Files=9, Tests=65,  0 wallclock secs ( 0.04 usr  0.02 sys +  0.57 cusr  0.07 csys =  0.70 CPU)
Result: PASS
Manifying 1 pod document
Installing /Users/ether/.perlbrew/libs/21.8@std/lib/perl5/Sub/Install.pm
Installing /Users/ether/.perlbrew/libs/21.8@std/man/man3/Sub::Install.0
Appending installation info to /Users/ether/.perlbrew/libs/21.8@std/lib/perl5/darwin-2level/perllocal.pod
-> OK
Successfully installed Sub-Install-0.928
Installing /Users/ether/.perlbrew/libs/21.8@std/lib/perl5/darwin-2level/.meta/Sub-Install-0.928/MYMETA.json
Installing /Users/ether/.perlbrew/libs/21.8@std/lib/perl5/darwin-2level/.meta/Sub-Install-0.928/install.json
Searching Sub::Exporter on cpanmetadb ...
--> Working on Sub::Exporter
Fetching http://www.cpan.org/authors/id/R/RJ/RJBS/Sub-Exporter-0.987.tar.gz
-> OK
Unpacking Sub-Exporter-0.987.tar.gz
Entering Sub-Exporter-0.987
Checking configure dependencies from META.json
Checking if you have ExtUtils::MakeMaker 6.30 ... Yes (7.04)
Configuring Sub-Exporter-0.987
Running Makefile.PL
Warning: prerequisite Data::OptList 0.100 not found.
Warning: prerequisite Params::Util 0.14 not found.
Checking if your kit is complete...
Looks good
Generating a Unix-style Makefile
Writing Makefile for Sub::Exporter
Writing MYMETA.yml and MYMETA.json
-> OK
Checking dependencies from MYMETA.json ...
Checking if you have IO::Handle 0 ... Yes (1.35)
Checking if you have Exporter 0 ... Yes (5.72)
Checking if you have Data::OptList 0.100 ... No
Checking if you have Carp 0 ... Yes (1.34)
Checking if you have Sub::Install 0.92 ... Yes (0.928)
Checking if you have Params::Util 0.14 ... No
Checking if you have base 0 ... Yes (2.22)
Checking if you have Test::More 0.96 ... Yes (1.301001_097)
Checking if you have warnings 0 ... Yes (1.30)
Checking if you have IPC::Open3 0 ... Yes (1.18)
Checking if you have lib 0 ... Yes (0.63)
Checking if you have strict 0 ... Yes (1.09)
Checking if you have overload 0 ... Yes (1.24)
Checking if you have subs 0 ... Yes (1.02)
Checking if you have File::Spec 0 ... Yes (3.53)
==> Found dependencies: Data::OptList, Params::Util
Searching Data::OptList on cpanmetadb ...
--> Working on Data::OptList
Fetching http://www.cpan.org/authors/id/R/RJ/RJBS/Data-OptList-0.109.tar.gz
-> OK
Unpacking Data-OptList-0.109.tar.gz
Entering Data-OptList-0.109
Checking configure dependencies from META.json
Checking if you have ExtUtils::MakeMaker 6.30 ... Yes (7.04)
Configuring Data-OptList-0.109
Running Makefile.PL
Warning: prerequisite Params::Util 0 not found.
Checking if your kit is complete...
Looks good
Generating a Unix-style Makefile
Writing Makefile for Data::OptList
Writing MYMETA.yml and MYMETA.json
-> OK
Checking dependencies from MYMETA.json ...
Checking if you have warnings 0 ... Yes (1.30)
Checking if you have Test::More 0.96 ... Yes (1.301001_097)
Checking if you have strict 0 ... Yes (1.09)
Checking if you have List::Util 0 ... Yes (1.41)
Checking if you have Sub::Install 0.921 ... Yes (0.928)
Checking if you have Params::Util 0 ... No
==> Found dependencies: Params::Util
Searching Params::Util on cpanmetadb ...
--> Working on Params::Util
Fetching http://www.cpan.org/authors/id/A/AD/ADAMK/Params-Util-1.07.tar.gz
-> OK
Unpacking Params-Util-1.07.tar.gz
Entering Params-Util-1.07
Checking configure dependencies from META.json
Checking if you have ExtUtils::CBuilder 0.27 ... Yes (0.280221)
Checking if you have ExtUtils::MakeMaker 6.52 ... Yes (7.04)
Configuring Params-Util-1.07
Running Makefile.PL
Checking if your kit is complete...
Looks good
Generating a Unix-style Makefile
Writing Makefile for Params::Util
Writing MYMETA.yml and MYMETA.json
-> OK
Checking dependencies from MYMETA.json ...
Checking if you have Scalar::Util 1.18 ... Yes (1.41)
Checking if you have File::Spec 0.80 ... Yes (3.53)
Checking if you have ExtUtils::MakeMaker 6.52 ... Yes (7.04)
Checking if you have Test::More 0.42 ... Yes (1.301001_097)
Building and testing Params-Util-1.07
Running Mkbootstrap for Params::Util ()
chmod 644 "Util.bs"
"/Users/ether/perl5/perlbrew/perls/21.8/bin/perl5.21.8" "/Users/ether/perl5/perlbrew/perls/21.8/lib/5.21.8/ExtUtils/xsubpp"  -typemap "/Users/ether/perl5/perlbrew/perls/21.8/lib/5.21.8/ExtUtils/typemap"  Util.xs > Util.xsc && mv Util.xsc Util.c
cc -c   -fno-common -DPERL_DARWIN -fno-strict-aliasing -pipe -fstack-protector -I/opt/local/include -O3   -DVERSION=\"1.07\" -DXS_VERSION=\"1.07\"  "-I/Users/ether/perl5/perlbrew/perls/21.8/lib/5.21.8/darwin-2level/CORE"  -DPERL_EXT Util.c
rm -f blib/arch/auto/Params/Util/Util.bundle
env MACOSX_DEPLOYMENT_TARGET=10.3 cc  -bundle -undefined dynamic_lookup -L/opt/local/lib -fstack-protector Util.o  -o blib/arch/auto/Params/Util/Util.bundle 	\
	     	\
	  
chmod 755 blib/arch/auto/Params/Util/Util.bundle
"/Users/ether/perl5/perlbrew/perls/21.8/bin/perl5.21.8" -MExtUtils::Command::MM -e 'cp_nonempty' -- Util.bs blib/arch/auto/Params/Util/Util.bs 644
Manifying 1 pod document
Running Mkbootstrap for Params::Util ()
chmod 644 "Util.bs"
PERL_DL_NONLAZY=1 "/Users/ether/perl5/perlbrew/perls/21.8/bin/perl5.21.8" "-MExtUtils::Command::MM" "-MTest::Harness" "-e" "undef *Test::Harness::Switches; test_harness(0, 'blib/lib', 'blib/arch')" t/*.t
t/01_compile.t .... ok
t/04_codelike.t ... ok
t/03_all.t ........ ok
t/05_typelike.t ... ok
t/06_invocant.t ... ok
t/07_handle.t ..... ok
t/09_insideout.t .. ok
t/02_main.t ....... ok
t/08_driver.t ..... ok
t/11_compile.t .... ok
t/13_all.t ........ ok
t/14_codelike.t ... ok
t/15_typelike.t ... ok
t/16_invocant.t ... ok
t/12_main.t ....... ok
t/17_handle.t ..... ok
t/19_insideout.t .. ok
t/18_driver.t ..... ok
All tests successful.
Files=18, Tests=1704,  1 wallclock secs ( 0.24 usr  0.05 sys +  1.54 cusr  0.19 csys =  2.02 CPU)
Result: PASS
Manifying 1 pod document
Files found in blib/arch: installing files in blib/lib into architecture dependent library tree
Installing /Users/ether/.perlbrew/libs/21.8@std/lib/perl5/darwin-2level/auto/Params/Util/Util.bundle
Installing /Users/ether/.perlbrew/libs/21.8@std/lib/perl5/darwin-2level/Params/Util.pm
Installing /Users/ether/.perlbrew/libs/21.8@std/man/man3/Params::Util.0
Appending installation info to /Users/ether/.perlbrew/libs/21.8@std/lib/perl5/darwin-2level/perllocal.pod
-> OK
Successfully installed Params-Util-1.07
Installing /Users/ether/.perlbrew/libs/21.8@std/lib/perl5/darwin-2level/.meta/Params-Util-1.07/MYMETA.json
Installing /Users/ether/.perlbrew/libs/21.8@std/lib/perl5/darwin-2level/.meta/Params-Util-1.07/install.json
Building and testing Data-OptList-0.109
Manifying 1 pod document
PERL_DL_NONLAZY=1 "/Users/ether/perl5/perlbrew/perls/21.8/bin/perl5.21.8" "-MExtUtils::Command::MM" "-MTest::Harness" "-e" "undef *Test::Harness::Switches; test_harness(0, 'blib/lib', 'blib/arch')" t/*.t
# 

# Generated by Dist::Zilla::Plugin::ReportVersions::Tiny v1.10
# perl: 5.021008 (wanted any version) on darwin from /Users/ether/perl5/perlbrew/perls/21.8/bin/perl5.21.8
# 
# ExtUtils::MakeMaker                           => 7.04       (want 6.30)   
# List::Util                                    => 1.41       (want any version)
# Params::Util                                  => 1.07       (want any version)
# Sub::Install                                  => 0.928      (want 0.921)  
# Test::More                                    => 1.301001097 (want 0.96)   
# strict                                        => 1.09       (want any version)
# warnings                                      => 1.3        (want any version)
# 
# Thanks for using my code.  I hope it works for you.
# If not, please try and include this output in the bug report.
# That will help me reproduce the issue and solve your problem.
# 
t/000-report-versions-tiny.t .. ok
t/hash.t ...................... ok
t/mkopt.t ..................... ok
All tests successful.
Files=3, Tests=35,  1 wallclock secs ( 0.03 usr  0.01 sys +  0.25 cusr  0.03 csys =  0.32 CPU)
Result: PASS
Manifying 1 pod document
Installing /Users/ether/.perlbrew/libs/21.8@std/lib/perl5/Data/OptList.pm
Installing /Users/ether/.perlbrew/libs/21.8@std/man/man3/Data::OptList.0
Appending installation info to /Users/ether/.perlbrew/libs/21.8@std/lib/perl5/darwin-2level/perllocal.pod
-> OK
Successfully installed Data-OptList-0.109
Installing /Users/ether/.perlbrew/libs/21.8@std/lib/perl5/darwin-2level/.meta/Data-OptList-0.109/MYMETA.json
Installing /Users/ether/.perlbrew/libs/21.8@std/lib/perl5/darwin-2level/.meta/Data-OptList-0.109/install.json
Already tried Params::Util. Skipping.
Building and testing Sub-Exporter-0.987
Manifying 4 pod documents
PERL_DL_NONLAZY=1 "/Users/ether/perl5/perlbrew/perls/21.8/bin/perl5.21.8" "-MExtUtils::Command::MM" "-MTest::Harness" "-e" "undef *Test::Harness::Switches; test_harness(0, 'blib/lib', 'blib/arch')" t/*.t
# 

# Generated by Dist::Zilla::Plugin::ReportVersions::Tiny v1.10
# perl: 5.021008 (wanted 5.006) on darwin from /Users/ether/perl5/perlbrew/perls/21.8/bin/perl5.21.8
# 
# Carp                                          => 1.34       (want any version)
# Data::OptList                                 => 0.109      (want 0.100)  
# Exporter                                      => 5.72       (want any version)
# ExtUtils::MakeMaker                           => 7.04       (want 6.30)   
# File::Spec                                    => 3.53       (want any version)
# IO::Handle                                    => 1.35       (want any version)
# IPC::Open3                                    => 1.18       (want any version)
# Params::Util                                  => 1.07       (want 0.14)   
# Sub::Install                                  => 0.928      (want 0.92)   
# Test::More                                    => 1.301001097 (want 0.96)   
# base                                          => 2.22       (want any version)
# lib                                           => 0.63       (want any version)
# overload                                      => 1.24       (want any version)
# strict                                        => 1.09       (want any version)
# subs                                          => 1.02       (want any version)
# warnings                                      => 1.3        (want any version)
# 
# Thanks for using my code.  I hope it works for you.
# If not, please try and include this output in the bug report.
# That will help me reproduce the issue and solve your problem.
# 
t/00-compile.t ................ ok
t/000-report-versions-tiny.t .. ok
t/col-init.t .................. ok
t/collection.t ................ ok
t/expand-group.t .............. ok
t/faux-export.t ............... ok
t/gen-callable.t .............. ok
t/group-generator.t ........... ok
t/inherited.t ................. ok
t/into-level.t ................ ok
t/real-export-groupgen.t ...... ok
t/util-curry.t ................ ok
t/real-export-href.t .......... ok
t/util-currychain.t ........... ok
t/real-export-setup.t ......... ok
t/util-mixin.t ................ skipped: the mixin exporter requires Package::Generator
t/util-like.t ................. ok
t/util-namemap.t .............. skipped: not actually offerring this feature yet
t/util-merge.t ................ ok
t/valid-config.t .............. ok
All tests successful.
Files=20, Tests=252,  1 wallclock secs ( 0.11 usr  0.05 sys +  1.84 cusr  0.24 csys =  2.24 CPU)
Result: PASS
Manifying 4 pod documents
Installing /Users/ether/.perlbrew/libs/21.8@std/lib/perl5/Sub/Exporter.pm
Installing /Users/ether/.perlbrew/libs/21.8@std/lib/perl5/Sub/Exporter/Cookbook.pod
Installing /Users/ether/.perlbrew/libs/21.8@std/lib/perl5/Sub/Exporter/Tutorial.pod
Installing /Users/ether/.perlbrew/libs/21.8@std/lib/perl5/Sub/Exporter/Util.pm
Installing /Users/ether/.perlbrew/libs/21.8@std/man/man3/Sub::Exporter.0
Installing /Users/ether/.perlbrew/libs/21.8@std/man/man3/Sub::Exporter::Cookbook.0
Installing /Users/ether/.perlbrew/libs/21.8@std/man/man3/Sub::Exporter::Tutorial.0
Installing /Users/ether/.perlbrew/libs/21.8@std/man/man3/Sub::Exporter::Util.0
Appending installation info to /Users/ether/.perlbrew/libs/21.8@std/lib/perl5/darwin-2level/perllocal.pod
-> OK
Successfully installed Sub-Exporter-0.987
Installing /Users/ether/.perlbrew/libs/21.8@std/lib/perl5/darwin-2level/.meta/Sub-Exporter-0.987/MYMETA.json
Installing /Users/ether/.perlbrew/libs/21.8@std/lib/perl5/darwin-2level/.meta/Sub-Exporter-0.987/install.json
Searching Data::UUID on cpanmetadb ...
--> Working on Data::UUID
Fetching http://www.cpan.org/authors/id/R/RJ/RJBS/Data-UUID-1.220.tar.gz
-> OK
Unpacking Data-UUID-1.220.tar.gz
Entering Data-UUID-1.220
Checking configure dependencies from META.json
Checking if you have ExtUtils::MakeMaker 0 ... Yes (7.04)
Configuring Data-UUID-1.220
Running Makefile.PL
Checking if your kit is complete...
Looks good
Configured options (run perl Makefile.PL --help for how to change this):
	UUID state storage: /var/folders/kx/9dgyhhpn2yb7v2mggnr385fr0000gn/T
	default umask: 0007
Generating a Unix-style Makefile
Writing Makefile for Data::UUID
Writing MYMETA.yml and MYMETA.json
-> OK
Checking dependencies from MYMETA.json ...
Checking if you have Digest::MD5 0 ... Yes (2.54)
Checking if you have ExtUtils::MakeMaker 0 ... Yes (7.04)
Building and testing Data-UUID-1.220
Running Mkbootstrap for Data::UUID ()
chmod 644 "UUID.bs"
"/Users/ether/perl5/perlbrew/perls/21.8/bin/perl5.21.8" "/Users/ether/perl5/perlbrew/perls/21.8/lib/5.21.8/ExtUtils/xsubpp"  -typemap "/Users/ether/perl5/perlbrew/perls/21.8/lib/5.21.8/ExtUtils/typemap" -typemap "typemap"  UUID.xs > UUID.xsc && mv UUID.xsc UUID.c
cc -c   -fno-common -DPERL_DARWIN -fno-strict-aliasing -pipe -fstack-protector -I/opt/local/include -O3   -DVERSION=\"1.220\" -DXS_VERSION=\"1.220\"  "-I/Users/ether/perl5/perlbrew/perls/21.8/lib/5.21.8/darwin-2level/CORE"  -D_STDIR=\"/var/folders/kx/9dgyhhpn2yb7v2mggnr385fr0000gn/T\" -D__darwin__ -D_DEFAULT_UMASK=0007 UUID.c
rm -f blib/arch/auto/Data/UUID/UUID.bundle
env MACOSX_DEPLOYMENT_TARGET=10.3 cc  -bundle -undefined dynamic_lookup -L/opt/local/lib -fstack-protector UUID.o  -o blib/arch/auto/Data/UUID/UUID.bundle 	\
	     	\
	  
chmod 755 blib/arch/auto/Data/UUID/UUID.bundle
"/Users/ether/perl5/perlbrew/perls/21.8/bin/perl5.21.8" -MExtUtils::Command::MM -e 'cp_nonempty' -- UUID.bs blib/arch/auto/Data/UUID/UUID.bs 644
Manifying 1 pod document
Running Mkbootstrap for Data::UUID ()
chmod 644 "UUID.bs"
PERL_DL_NONLAZY=1 "/Users/ether/perl5/perlbrew/perls/21.8/bin/perl5.21.8" "-MExtUtils::Command::MM" "-MTest::Harness" "-e" "undef *Test::Harness::Switches; test_harness(0, 'blib/lib', 'blib/arch')" t/*.t
t/pod-coverage.t .......... skipped: Pod coverage tests are not active. Please set $ENV{AUTHOR_TESTING} to activate.
t/from-name-collisions.t .. ok
t/basic.t ................. ok
t/pod.t ................... skipped: Pod coverage tests are not active. Please set $ENV{AUTHOR_TESTING} to activate.
t/leaky_dollar_bang.t ..... ok
t/threads.t ............... skipped: Perl not compiled with useithreads
t/segv.t .................. ok
All tests successful.
Files=7, Tests=32,  0 wallclock secs ( 0.04 usr  0.02 sys +  0.39 cusr  0.06 csys =  0.51 CPU)
Result: PASS
Manifying 1 pod document
Files found in blib/arch: installing files in blib/lib into architecture dependent library tree
Installing /Users/ether/.perlbrew/libs/21.8@std/lib/perl5/darwin-2level/auto/Data/UUID/UUID.bundle
Installing /Users/ether/.perlbrew/libs/21.8@std/lib/perl5/darwin-2level/Data/UUID.pm
Installing /Users/ether/.perlbrew/libs/21.8@std/man/man3/Data::UUID.0
Appending installation info to /Users/ether/.perlbrew/libs/21.8@std/lib/perl5/darwin-2level/perllocal.pod
-> OK
Successfully installed Data-UUID-1.220
Installing /Users/ether/.perlbrew/libs/21.8@std/lib/perl5/darwin-2level/.meta/Data-UUID-1.220/MYMETA.json
Installing /Users/ether/.perlbrew/libs/21.8@std/lib/perl5/darwin-2level/.meta/Data-UUID-1.220/install.json
Building and testing Data-GUID-0.048
Manifying 1 pod document
PERL_DL_NONLAZY=1 "/Users/ether/perl5/perlbrew/perls/21.8/bin/perl5.21.8" "-MExtUtils::Command::MM" "-MTest::Harness" "-e" "undef *Test::Harness::Switches; test_harness(0, 'blib/lib', 'blib/arch')" t/*.t
# 

# Generated by Dist::Zilla::Plugin::ReportVersions::Tiny v1.10
# perl: 5.021008 (wanted any version) on darwin from /Users/ether/perl5/perlbrew/perls/21.8/bin/perl5.21.8
# 
# Carp                                          => 1.34       (want any version)
# Data::UUID                                    => 1.220      (want 1.148)  
# ExtUtils::MakeMaker                           => 7.04       (want 6.30)   
# Sub::Exporter                                 => 0.987      (want 0.90)   
# Sub::Install                                  => 0.928      (want 0.03)   
# Test::More                                    => 1.301001097 (want 0.96)   
# bytes                                         => 1.04       (want any version)
# overload                                      => 1.24       (want any version)
# strict                                        => 1.09       (want any version)
# warnings                                      => 1.3        (want any version)
# 
# Thanks for using my code.  I hope it works for you.
# If not, please try and include this output in the bug report.
# That will help me reproduce the issue and solve your problem.
# 
# Testing Data::GUID 0.048
t/00-load.t ................... ok
t/000-report-versions-tiny.t .. ok
t/import.t .................... ok
t/basic.t ..................... ok
t/multipass_from.t ............ ok
All tests successful.
Files=5, Tests=96,  0 wallclock secs ( 0.03 usr  0.02 sys +  0.44 cusr  0.05 csys =  0.54 CPU)
Result: PASS
Manifying 1 pod document
Installing /Users/ether/.perlbrew/libs/21.8@std/lib/perl5/Data/GUID.pm
Installing /Users/ether/.perlbrew/libs/21.8@std/man/man3/Data::GUID.0
Appending installation info to /Users/ether/.perlbrew/libs/21.8@std/lib/perl5/darwin-2level/perllocal.pod
-> OK
Successfully installed Data-GUID-0.048
Installing /Users/ether/.perlbrew/libs/21.8@std/lib/perl5/darwin-2level/.meta/Data-GUID-0.048/MYMETA.json
Installing /Users/ether/.perlbrew/libs/21.8@std/lib/perl5/darwin-2level/.meta/Data-GUID-0.048/install.json
Searching Test::Fatal on cpanmetadb ...
--> Working on Test::Fatal
Fetching http://www.cpan.org/authors/id/R/RJ/RJBS/Test-Fatal-0.014.tar.gz
-> OK
Unpacking Test-Fatal-0.014.tar.gz
Entering Test-Fatal-0.014
Checking configure dependencies from META.json
Checking if you have ExtUtils::MakeMaker 0 ... Yes (7.04)
Configuring Test-Fatal-0.014
Running Makefile.PL
Warning: prerequisite Try::Tiny 0.07 not found.
Checking if your kit is complete...
Looks good
Generating a Unix-style Makefile
Writing Makefile for Test::Fatal
Writing MYMETA.yml and MYMETA.json
-> OK
Checking dependencies from MYMETA.json ...
Checking if you have Exporter 5.57 ... Yes (5.72)
Checking if you have Carp 0 ... Yes (1.34)
Checking if you have Try::Tiny 0.07 ... No
Checking if you have Test::More 0.96 ... Yes (1.301001_097)
Checking if you have warnings 0 ... Yes (1.30)
Checking if you have Test::Builder::Tester 0 ... Yes (1.301001_097)
Checking if you have Test::Builder 0 ... Yes (1.301001_097)
Checking if you have strict 0 ... Yes (1.09)
Checking if you have overload 0 ... Yes (1.24)
Checking if you have ExtUtils::MakeMaker 0 ... Yes (7.04)
Checking if you have File::Spec 0 ... Yes (3.53)
==> Found dependencies: Try::Tiny
Searching Try::Tiny on cpanmetadb ...
--> Working on Try::Tiny
Fetching http://www.cpan.org/authors/id/D/DO/DOY/Try-Tiny-0.22.tar.gz
-> OK
Unpacking Try-Tiny-0.22.tar.gz
Entering Try-Tiny-0.22
Checking configure dependencies from META.json
Checking if you have ExtUtils::MakeMaker 6.30 ... Yes (7.04)
Configuring Try-Tiny-0.22
Running Makefile.PL
Checking if your kit is complete...
Looks good
Generating a Unix-style Makefile
Writing Makefile for Try::Tiny
Writing MYMETA.yml and MYMETA.json
-> OK
Checking dependencies from MYMETA.json ...
Checking if you have Exporter 5.57 ... Yes (5.72)
Checking if you have IO::Handle 0 ... Yes (1.35)
Checking if you have Carp 0 ... Yes (1.34)
Checking if you have strict 0 ... Yes (1.09)
Checking if you have warnings 0 ... Yes (1.30)
Checking if you have IPC::Open3 0 ... Yes (1.18)
Checking if you have Test::More 0 ... Yes (1.301001_097)
Checking if you have constant 0 ... Yes (1.32)
Checking if you have if 0 ... Yes (0.0603)
Checking if you have File::Spec 0 ... Yes (3.53)
Building and testing Try-Tiny-0.22
Manifying 1 pod document
PERL_DL_NONLAZY=1 "/Users/ether/perl5/perlbrew/perls/21.8/bin/perl5.21.8" "-MExtUtils::Command::MM" "-MTest::Harness" "-e" "undef *Test::Harness::Switches; test_harness(0, 'blib/lib', 'blib/arch')" t/*.t
t/context.t .................... ok
t/basic.t ...................... ok
t/erroneous_usage.t ............ ok
t/finally.t .................... ok
t/00-compile.t ................. ok
t/named.t ...................... skipped: Sub::Name required
t/given_when.t ................. ok
t/global_destruction_forked.t .. ok
t/when.t ....................... ok
t/global_destruction_load.t .... ok
All tests successful.
Files=10, Tests=99,  1 wallclock secs ( 0.06 usr  0.03 sys +  0.78 cusr  0.13 csys =  1.00 CPU)
Result: PASS
Manifying 1 pod document
Installing /Users/ether/.perlbrew/libs/21.8@std/lib/perl5/Try/Tiny.pm
Installing /Users/ether/.perlbrew/libs/21.8@std/man/man3/Try::Tiny.0
Appending installation info to /Users/ether/.perlbrew/libs/21.8@std/lib/perl5/darwin-2level/perllocal.pod
-> OK
Successfully installed Try-Tiny-0.22
Installing /Users/ether/.perlbrew/libs/21.8@std/lib/perl5/darwin-2level/.meta/Try-Tiny-0.22/MYMETA.json
Installing /Users/ether/.perlbrew/libs/21.8@std/lib/perl5/darwin-2level/.meta/Try-Tiny-0.22/install.json
Building and testing Test-Fatal-0.014
Manifying 1 pod document
PERL_DL_NONLAZY=1 "/Users/ether/perl5/perlbrew/perls/21.8/bin/perl5.21.8" "-MExtUtils::Command::MM" "-MTest::Harness" "-e" "undef *Test::Harness::Switches; test_harness(0, 'blib/lib', 'blib/arch')" t/*.t
t/like-exception.t ..... ok
t/basic.t .............. ok
t/todo.t ............... ok

# Versions for all modules listed in MYMETA.json (including optional ones):
# 
# === Configure Requires ===
# 
#     Module              Want Have
#     ------------------- ---- ----
#     ExtUtils::MakeMaker  any 7.04
# 
# === Build Requires ===
# 
#     Module              Want Have
#     ------------------- ---- ----
#     ExtUtils::MakeMaker  any 7.04
# 
# === Test Requires ===
# 
#     Module                Want         Have
#     --------------------- ---- ------------
#     ExtUtils::MakeMaker    any         7.04
#     File::Spec             any         3.53
#     Test::Builder::Tester  any 1.301001_097
#     Test::More            0.96 1.301001_097
#     overload               any         1.24
# 
# === Test Recommends ===
# 
#     Module         Want     Have
#     ---------- -------- --------
#     CPAN::Meta 2.120900 2.143240
# 
# === Runtime Requires ===
# 
#     Module        Want         Have
#     ------------- ---- ------------
#     Carp           any         1.34
#     Exporter      5.57         5.72
#     Test::Builder  any 1.301001_097
#     Try::Tiny     0.07         0.22
#     strict         any         1.09
#     warnings       any         1.30
# 
t/00-report-prereqs.t .. ok
All tests successful.
Files=4, Tests=16,  1 wallclock secs ( 0.03 usr  0.01 sys +  0.40 cusr  0.04 csys =  0.48 CPU)
Result: PASS
Manifying 1 pod document
Installing /Users/ether/.perlbrew/libs/21.8@std/lib/perl5/Test/Fatal.pm
Installing /Users/ether/.perlbrew/libs/21.8@std/man/man3/Test::Fatal.0
Appending installation info to /Users/ether/.perlbrew/libs/21.8@std/lib/perl5/darwin-2level/perllocal.pod
-> OK
Successfully installed Test-Fatal-0.014
Installing /Users/ether/.perlbrew/libs/21.8@std/lib/perl5/darwin-2level/.meta/Test-Fatal-0.014/MYMETA.json
Installing /Users/ether/.perlbrew/libs/21.8@std/lib/perl5/darwin-2level/.meta/Test-Fatal-0.014/install.json
Searching IO::Prompt::Tiny on cpanmetadb ...
--> Working on IO::Prompt::Tiny
Fetching http://www.cpan.org/authors/id/D/DA/DAGOLDEN/IO-Prompt-Tiny-0.002.tar.gz
-> OK
Unpacking IO-Prompt-Tiny-0.002.tar.gz
Entering IO-Prompt-Tiny-0.002
Checking configure dependencies from META.json
Checking if you have ExtUtils::MakeMaker 6.30 ... Yes (7.04)
Configuring IO-Prompt-Tiny-0.002
Running Makefile.PL
Checking if your kit is complete...
Looks good
Generating a Unix-style Makefile
Writing Makefile for IO::Prompt::Tiny
Writing MYMETA.yml and MYMETA.json
-> OK
Checking dependencies from MYMETA.json ...
Checking if you have File::Temp 0 ... Yes (0.2304)
Checking if you have ExtUtils::MakeMaker 0 ... Yes (7.04)
Checking if you have Test::More 0.96 ... Yes (1.301001_097)
Checking if you have warnings 0 ... Yes (1.30)
Checking if you have strict 0 ... Yes (1.09)
Checking if you have Carp 0 ... Yes (1.34)
Checking if you have List::Util 0 ... Yes (1.41)
Checking if you have File::Find 0 ... Yes (1.29)
Checking if you have Exporter 0 ... Yes (5.72)
Checking if you have Capture::Tiny 0.12 ... Yes (0.27)
Checking if you have File::Spec::Functions 0 ... Yes (3.54)
Building and testing IO-Prompt-Tiny-0.002
Manifying 1 pod document
PERL_DL_NONLAZY=1 "/Users/ether/perl5/perlbrew/perls/21.8/bin/perl5.21.8" "-MExtUtils::Command::MM" "-MTest::Harness" "-e" "undef *Test::Harness::Switches; test_harness(0, 'blib/lib', 'blib/arch')" t/*.t
t/00-compile.t ......... ok
t/prompt.t ............. ok
# Prerequisite Report:
#        Version Module               
#   ------------ ---------------------
#           0.27 Capture::Tiny        
#           1.34 Carp                 
#           5.72 Exporter             
#           7.04 ExtUtils::MakeMaker  
#           1.29 File::Find           
#           3.54 File::Spec::Functions
#         0.2304 File::Temp           
#           1.41 List::Util           
#   1.301001_097 Test::More           
#           1.09 strict               
#           1.30 warnings             
t/00-report-prereqs.t .. ok
All tests successful.
Files=3, Tests=6,  0 wallclock secs ( 0.03 usr  0.01 sys +  0.33 cusr  0.04 csys =  0.41 CPU)
Result: PASS
Manifying 1 pod document
Installing /Users/ether/.perlbrew/libs/21.8@std/lib/perl5/IO/Prompt/Tiny.pm
Installing /Users/ether/.perlbrew/libs/21.8@std/man/man3/IO::Prompt::Tiny.0
Appending installation info to /Users/ether/.perlbrew/libs/21.8@std/lib/perl5/darwin-2level/perllocal.pod
-> OK
Successfully installed IO-Prompt-Tiny-0.002
Installing /Users/ether/.perlbrew/libs/21.8@std/lib/perl5/darwin-2level/.meta/IO-Prompt-Tiny-0.002/MYMETA.json
Installing /Users/ether/.perlbrew/libs/21.8@std/lib/perl5/darwin-2level/.meta/IO-Prompt-Tiny-0.002/install.json
Searching JSON on cpanmetadb ...
--> Working on JSON
Fetching http://www.cpan.org/authors/id/M/MA/MAKAMAKA/JSON-2.90.tar.gz
-> OK
Unpacking JSON-2.90.tar.gz
Entering JSON-2.90
Checking configure dependencies from META.json
Checking if you have ExtUtils::MakeMaker 0 ... Yes (7.04)
Configuring JSON-2.90
Running Makefile.PL
Welcome to JSON (v.2.90)
=============================


 *************************** CAUTION **************************************
 *                                                                        *
 * INCOMPATIBLE CHANGE (JSON::XS version 2.90)                            *
 *                                                                        *
 * JSON.pm had patched JSON::XS::Boolean and JSON::PP::Boolean internally *
 * on loading time for making these modules inherit JSON::Boolean.        *
 * But since JSON::XS v3.0 it use Types::Serialiser as boolean class.     *
 * Then now JSON.pm breaks boolean classe overload features and           *
 * -support_by_pp if JSON::XS v3.0 or later is installed.                 *
 *                                                                        *
 * JSON::true and JSON::false returned JSON::Boolean objects.             *
 * For workaround, they return JSON::PP::Boolean objects in this version. *
 *                                                                        *
 *     isa_ok(JSON::true, 'JSON::PP::Boolean');                           *
 *                                                                        *
 * And it discards a feature:                                             *
 *                                                                        *
 *     ok(JSON::true eq 'true');                                          *
 *                                                                        *
 * In other word, JSON::PP::Boolean overload numeric only.                *
 *                                                                        *
 *     ok( JSON::true == 1 );                                             *
 *                                                                        *
 **************************************************************************


 ************************** CAUTION **************************
 * This is 'JSON version 2' and there are many differences   *
 * to version 1.xx                                           *
 * Please check your applications useing old version.        *
 *   See to 'INCOMPATIBLE CHANGES TO OLD VERSION' and 'TIPS' *
 *************************************************************


Checking if your kit is complete...
Looks good
Generating a Unix-style Makefile
Writing Makefile for JSON
Writing MYMETA.yml and MYMETA.json
-> OK
Checking dependencies from MYMETA.json ...
Checking if you have Test::More 0 ... Yes (1.301001_097)
Checking if you have ExtUtils::MakeMaker 0 ... Yes (7.04)
Building and testing JSON-2.90
Manifying 5 pod documents
PERL_DL_NONLAZY=1 "/Users/ether/perl5/perlbrew/perls/21.8/bin/perl5.21.8" "-MExtUtils::Command::MM" "-MTest::Harness" "-e" "undef *Test::Harness::Switches; test_harness(0, 'blib/lib', 'blib/arch')" t/*.t
t/00_pod.t .................. skipped: Test::Pod 1.00 required for testing POD
t/01_utf8.t ................. ok
t/00_load.t ................. ok
t/02_error.t ................ ok
t/03_types.t ................ ok
t/06_pc_pretty.t ............ ok
t/07_pc_esc.t ............... ok
t/08_pc_base.t .............. ok
t/10_pc_keysort.t ........... ok
t/09_pc_extra_number.t ...... ok
t/11_pc_expo.t .............. ok
t/15_prefix.t ............... ok
t/12_blessed.t .............. ok
t/14_latin1.t ............... ok
t/13_limit.t ................ ok
t/16_tied.t ................. ok
t/17_relaxed.t .............. ok
t/18_json_checker.t ......... ok
t/20_unknown.t .............. ok
t/21_evans_bugrep.t ......... ok
t/22_comment_at_eof.t ....... ok
t/e00_func.t ................ ok
t/e01_property.t ............ ok
t/e02_bool.t ................ ok
t/19_incr.t ................. ok
t/e03_bool2.t ............... ok
t/e04_sortby.t .............. ok
t/e05_esc_slash.t ........... ok
t/e06_allow_barekey.t ....... ok
t/e07_allow_singlequote.t ... ok
t/e08_decode.t .............. ok
t/e09_encode.t .............. ok
t/e11_conv_blessed_univ.t ... ok
t/e12_upgrade.t ............. ok
t/e10_bignum.t .............. ok
t/e13_overloaded_eq.t ....... ok
t/e14_decode_prefix.t ....... ok
t/e15_tie_ixhash.t .......... ok
t/e16_incr_parse_fixed.t .... ok
t/e90_misc.t ................ ok
t/x00_load.t ................ ok
t/x02_error.t ............... ok
t/x12_blessed.t ............. ok
t/x16_tied.t ................ ok
t/x17_strange_overload.t .... ok
t/xe01_property.t ........... ok
t/xe02_bool.t ............... ok
t/xe04support_by_pp.t ....... ok
t/xe03_bool2.t .............. ok
t/xe05_indent_length.t ...... ok
t/xe08_decode.t ............. ok
t/xe11_conv_blessed_univ.t .. ok
t/xe10_bignum.t ............. ok
t/xe12_boolean.t ............ ok
t/xe20_croak_message.t ...... ok
t/xe19_xs_and_suportbypp.t .. ok
t/xe21_is_pp.t .............. ok
t/99_binary.t ............... ok
All tests successful.
Files=58, Tests=3801,  3 wallclock secs ( 0.69 usr  0.18 sys +  8.05 cusr  0.74 csys =  9.66 CPU)
Result: PASS
Manifying 5 pod documents
Installing /Users/ether/.perlbrew/libs/21.8@std/lib/perl5/JSON.pm
Installing /Users/ether/.perlbrew/libs/21.8@std/lib/perl5/JSON/backportPP.pm
Installing /Users/ether/.perlbrew/libs/21.8@std/lib/perl5/JSON/backportPP/Boolean.pm
Installing /Users/ether/.perlbrew/libs/21.8@std/lib/perl5/JSON/backportPP/Compat5005.pm
Installing /Users/ether/.perlbrew/libs/21.8@std/lib/perl5/JSON/backportPP/Compat5006.pm
Installing /Users/ether/.perlbrew/libs/21.8@std/man/man3/JSON.0
Installing /Users/ether/.perlbrew/libs/21.8@std/man/man3/JSON::backportPP.0
Installing /Users/ether/.perlbrew/libs/21.8@std/man/man3/JSON::backportPP::Boolean.0
Installing /Users/ether/.perlbrew/libs/21.8@std/man/man3/JSON::backportPP::Compat5005.0
Installing /Users/ether/.perlbrew/libs/21.8@std/man/man3/JSON::backportPP::Compat5006.0
Appending installation info to /Users/ether/.perlbrew/libs/21.8@std/lib/perl5/darwin-2level/perllocal.pod
-> OK
Successfully installed JSON-2.90
Installing /Users/ether/.perlbrew/libs/21.8@std/lib/perl5/darwin-2level/.meta/JSON-2.90/MYMETA.json
Installing /Users/ether/.perlbrew/libs/21.8@std/lib/perl5/darwin-2level/.meta/JSON-2.90/install.json
Building and testing Metabase-Fact-0.024
cp bin/metabase-profile blib/script/metabase-profile
"/Users/ether/perl5/perlbrew/perls/21.8/bin/perl5.21.8" -MExtUtils::MY -e 'MY->fixin(shift)' -- blib/script/metabase-profile
Manifying 1 pod document
Manifying 16 pod documents
PERL_DL_NONLAZY=1 "/Users/ether/perl5/perlbrew/perls/21.8/bin/perl5.21.8" "-MExtUtils::Command::MM" "-MTest::Harness" "-e" "undef *Test::Harness::Switches; test_harness(0, 'blib/lib', 'blib/arch')" t/*.t t/fact/*.t t/report/*.t t/resource/*.t t/user/*.t
t/base.t ...................... ok
t/fact/string.t ............... ok
t/fact/hash.t ................. ok
t/report/report-as-string.t ... ok
t/resource/base.t ............. ok

# Versions for all modules listed in MYMETA.json (including optional ones):
#        Version Module                  
#   ------------ ------------------------
#           0.12 CPAN::DistnameInfo      
#       2.143240 CPAN::Meta              
#          2.131 CPAN::Meta::Requirements
#           1.34 Carp                    
#           3.54 Cwd                     
#          0.048 Data::GUID              
#           7.04 ExtUtils::MakeMaker     
#           3.53 File::Spec              
#           3.54 File::Spec::Functions   
#         0.2304 File::Temp              
#           2.43 Getopt::Long            
#          0.002 IO::Prompt::Tiny        
#           2.90 JSON                    
#           1.41 List::Util              
#           1.64 Pod::Usage              
#          0.014 Test::Fatal             
#   1.301001_097 Test::More              
#           0.63 lib                     
#           1.24 overload                
#           1.09 strict                  
#         0.9909 version                 
#           1.30 warnings                
t/00-report-prereqs.t ......... ok
t/resource/cpan.t ............. ok
t/report/report-check-spec.t .. ok
t/report/report-open-close.t .. ok
t/resource/perl.t ............. ok
t/user/profile.t .............. ok
All tests successful.
Files=11, Tests=136,  0 wallclock secs ( 0.06 usr  0.03 sys +  1.46 cusr  0.18 csys =  1.73 CPU)
Result: PASS
Manifying 1 pod document
Manifying 16 pod documents
Installing /Users/ether/.perlbrew/libs/21.8@std/lib/perl5/Metabase/Fact.pm
Installing /Users/ether/.perlbrew/libs/21.8@std/lib/perl5/Metabase/Report.pm
Installing /Users/ether/.perlbrew/libs/21.8@std/lib/perl5/Metabase/Resource.pm
Installing /Users/ether/.perlbrew/libs/21.8@std/lib/perl5/Metabase/Fact/Hash.pm
Installing /Users/ether/.perlbrew/libs/21.8@std/lib/perl5/Metabase/Fact/String.pm
Installing /Users/ether/.perlbrew/libs/21.8@std/lib/perl5/Metabase/Resource/cpan.pm
Installing /Users/ether/.perlbrew/libs/21.8@std/lib/perl5/Metabase/Resource/metabase.pm
Installing /Users/ether/.perlbrew/libs/21.8@std/lib/perl5/Metabase/Resource/perl.pm
Installing /Users/ether/.perlbrew/libs/21.8@std/lib/perl5/Metabase/Resource/cpan/distfile.pm
Installing /Users/ether/.perlbrew/libs/21.8@std/lib/perl5/Metabase/Resource/metabase/fact.pm
Installing /Users/ether/.perlbrew/libs/21.8@std/lib/perl5/Metabase/Resource/metabase/user.pm
Installing /Users/ether/.perlbrew/libs/21.8@std/lib/perl5/Metabase/Resource/perl/commit.pm
Installing /Users/ether/.perlbrew/libs/21.8@std/lib/perl5/Metabase/User/EmailAddress.pm
Installing /Users/ether/.perlbrew/libs/21.8@std/lib/perl5/Metabase/User/FullName.pm
Installing /Users/ether/.perlbrew/libs/21.8@std/lib/perl5/Metabase/User/Profile.pm
Installing /Users/ether/.perlbrew/libs/21.8@std/lib/perl5/Metabase/User/Secret.pm
Installing /Users/ether/.perlbrew/libs/21.8@std/man/man1/metabase-profile.0
Installing /Users/ether/.perlbrew/libs/21.8@std/man/man3/Metabase::Fact.0
Installing /Users/ether/.perlbrew/libs/21.8@std/man/man3/Metabase::Fact::Hash.0
Installing /Users/ether/.perlbrew/libs/21.8@std/man/man3/Metabase::Fact::String.0
Installing /Users/ether/.perlbrew/libs/21.8@std/man/man3/Metabase::Report.0
Installing /Users/ether/.perlbrew/libs/21.8@std/man/man3/Metabase::Resource.0
Installing /Users/ether/.perlbrew/libs/21.8@std/man/man3/Metabase::Resource::cpan.0
Installing /Users/ether/.perlbrew/libs/21.8@std/man/man3/Metabase::Resource::cpan::distfile.0
Installing /Users/ether/.perlbrew/libs/21.8@std/man/man3/Metabase::Resource::metabase.0
Installing /Users/ether/.perlbrew/libs/21.8@std/man/man3/Metabase::Resource::metabase::fact.0
Installing /Users/ether/.perlbrew/libs/21.8@std/man/man3/Metabase::Resource::metabase::user.0
Installing /Users/ether/.perlbrew/libs/21.8@std/man/man3/Metabase::Resource::perl.0
Installing /Users/ether/.perlbrew/libs/21.8@std/man/man3/Metabase::Resource::perl::commit.0
Installing /Users/ether/.perlbrew/libs/21.8@std/man/man3/Metabase::User::EmailAddress.0
Installing /Users/ether/.perlbrew/libs/21.8@std/man/man3/Metabase::User::FullName.0
Installing /Users/ether/.perlbrew/libs/21.8@std/man/man3/Metabase::User::Profile.0
Installing /Users/ether/.perlbrew/libs/21.8@std/man/man3/Metabase::User::Secret.0
Installing /Users/ether/.perlbrew/libs/21.8@std/bin/metabase-profile
Appending installation info to /Users/ether/.perlbrew/libs/21.8@std/lib/perl5/darwin-2level/perllocal.pod
-> OK
Successfully installed Metabase-Fact-0.024
Installing /Users/ether/.perlbrew/libs/21.8@std/lib/perl5/darwin-2level/.meta/Metabase-Fact-0.024/MYMETA.json
Installing /Users/ether/.perlbrew/libs/21.8@std/lib/perl5/darwin-2level/.meta/Metabase-Fact-0.024/install.json
Searching Metabase::Fact::Hash on cpanmetadb ...
Already tried Metabase-Fact-0.024. Skipping.
Searching Metabase::Report on cpanmetadb ...
Already tried Metabase-Fact-0.024. Skipping.
Building and testing CPAN-Testers-Report-1.999002
Manifying 9 pod documents
PERL_DL_NONLAZY=1 "/Users/ether/perl5/perlbrew/perls/21.8/bin/perl5.21.8" "-MExtUtils::Command::MM" "-MTest::Harness" "-e" "undef *Test::Harness::Switches; test_harness(0, 'blib/lib', 'blib/arch')" t/*.t
t/01-CPAN-Testers-Report.t .. ok

# Versions for all modules listed in MYMETA.json (including optional ones):
#        Version Module                  
#   ------------ ------------------------
#       2.143240 CPAN::Meta              
#          2.131 CPAN::Meta::Requirements
#           1.34 Carp                    
#           7.04 ExtUtils::MakeMaker     
#           3.54 File::Spec::Functions   
#           1.41 List::Util              
#          0.024 Metabase::Fact::Hash    
#          0.024 Metabase::Fact::String  
#          0.024 Metabase::Report        
#   1.301001_097 Test::More              
#           1.09 strict                  
#         0.9909 version                 
#           1.30 warnings                
t/00-report-prereqs.t ....... ok
All tests successful.
Files=2, Tests=10,  0 wallclock secs ( 0.03 usr  0.01 sys +  0.26 cusr  0.03 csys =  0.33 CPU)
Result: PASS
Manifying 9 pod documents
Installing /Users/ether/.perlbrew/libs/21.8@std/lib/perl5/CPAN/Testers/Report.pm
Installing /Users/ether/.perlbrew/libs/21.8@std/lib/perl5/CPAN/Testers/Fact/InstalledModules.pm
Installing /Users/ether/.perlbrew/libs/21.8@std/lib/perl5/CPAN/Testers/Fact/LegacyReport.pm
Installing /Users/ether/.perlbrew/libs/21.8@std/lib/perl5/CPAN/Testers/Fact/PerlConfig.pm
Installing /Users/ether/.perlbrew/libs/21.8@std/lib/perl5/CPAN/Testers/Fact/Prereqs.pm
Installing /Users/ether/.perlbrew/libs/21.8@std/lib/perl5/CPAN/Testers/Fact/TestEnvironment.pm
Installing /Users/ether/.perlbrew/libs/21.8@std/lib/perl5/CPAN/Testers/Fact/TestOutput.pm
Installing /Users/ether/.perlbrew/libs/21.8@std/lib/perl5/CPAN/Testers/Fact/TestSummary.pm
Installing /Users/ether/.perlbrew/libs/21.8@std/lib/perl5/CPAN/Testers/Fact/TesterComment.pm
Installing /Users/ether/.perlbrew/libs/21.8@std/man/man3/CPAN::Testers::Fact::InstalledModules.0
Installing /Users/ether/.perlbrew/libs/21.8@std/man/man3/CPAN::Testers::Fact::LegacyReport.0
Installing /Users/ether/.perlbrew/libs/21.8@std/man/man3/CPAN::Testers::Fact::PerlConfig.0
Installing /Users/ether/.perlbrew/libs/21.8@std/man/man3/CPAN::Testers::Fact::Prereqs.0
Installing /Users/ether/.perlbrew/libs/21.8@std/man/man3/CPAN::Testers::Fact::TestEnvironment.0
Installing /Users/ether/.perlbrew/libs/21.8@std/man/man3/CPAN::Testers::Fact::TestOutput.0
Installing /Users/ether/.perlbrew/libs/21.8@std/man/man3/CPAN::Testers::Fact::TestSummary.0
Installing /Users/ether/.perlbrew/libs/21.8@std/man/man3/CPAN::Testers::Fact::TesterComment.0
Installing /Users/ether/.perlbrew/libs/21.8@std/man/man3/CPAN::Testers::Report.0
Appending installation info to /Users/ether/.perlbrew/libs/21.8@std/lib/perl5/darwin-2level/perllocal.pod
-> OK
Successfully installed CPAN-Testers-Report-1.999002
Installing /Users/ether/.perlbrew/libs/21.8@std/lib/perl5/darwin-2level/.meta/CPAN-Testers-Report-1.999002/MYMETA.json
Installing /Users/ether/.perlbrew/libs/21.8@std/lib/perl5/darwin-2level/.meta/CPAN-Testers-Report-1.999002/install.json
Searching Metabase::User::Secret on cpanmetadb ...
Already tried Metabase-Fact-0.024. Skipping.
Searching Metabase::User::Profile on cpanmetadb ...
Already tried Metabase-Fact-0.024. Skipping.
Searching Metabase::Client::Simple on cpanmetadb ...
--> Working on Metabase::Client::Simple
Fetching http://www.cpan.org/authors/id/D/DA/DAGOLDEN/Metabase-Client-Simple-0.009.tar.gz
-> OK
Unpacking Metabase-Client-Simple-0.009.tar.gz
Entering Metabase-Client-Simple-0.009
Checking configure dependencies from META.json
Checking if you have ExtUtils::MakeMaker 6.30 ... Yes (7.04)
Configuring Metabase-Client-Simple-0.009
Running Makefile.PL
Checking if your kit is complete...
Looks good
Generating a Unix-style Makefile
Writing Makefile for Metabase::Client::Simple
Writing MYMETA.yml and MYMETA.json
-> OK
Checking dependencies from MYMETA.json ...
Checking if you have HTTP::Request::Common 0 ... Yes (6.04)
Checking if you have JSON 2 ... Yes (2.90)
Checking if you have File::Find 0 ... Yes (1.29)
Checking if you have Metabase::User::Profile 0 ... Yes (0.024)
Checking if you have LWP::UserAgent 5.54 ... Yes (6.06)
Checking if you have HTTP::Status 0 ... Yes (6.03)
Checking if you have Metabase::User::Secret 0 ... Yes (0.024)
Checking if you have File::Temp 0 ... Yes (0.2304)
Checking if you have File::Spec 0 ... Yes (3.53)
Checking if you have warnings 0 ... Yes (1.30)
Checking if you have Test::More 0.88 ... Yes (1.301001_097)
Checking if you have URI 0 ... Yes (1.65)
Checking if you have strict 0 ... Yes (1.09)
Building and testing Metabase-Client-Simple-0.009
Manifying 1 pod document
PERL_DL_NONLAZY=1 "/Users/ether/perl5/perlbrew/perls/21.8/bin/perl5.21.8" "-MExtUtils::Command::MM" "-MTest::Harness" "-e" "undef *Test::Harness::Switches; test_harness(0, 'blib/lib', 'blib/arch')" t/*.t
t/00-compile.t .. ok
t/client.t ...... ok
All tests successful.
Files=2, Tests=7,  0 wallclock secs ( 0.02 usr  0.01 sys +  0.26 cusr  0.03 csys =  0.32 CPU)
Result: PASS
Manifying 1 pod document
Installing /Users/ether/.perlbrew/libs/21.8@std/lib/perl5/Metabase/Client/Simple.pm
Installing /Users/ether/.perlbrew/libs/21.8@std/man/man3/Metabase::Client::Simple.0
Appending installation info to /Users/ether/.perlbrew/libs/21.8@std/lib/perl5/darwin-2level/perllocal.pod
-> OK
Successfully installed Metabase-Client-Simple-0.009
Installing /Users/ether/.perlbrew/libs/21.8@std/lib/perl5/darwin-2level/.meta/Metabase-Client-Simple-0.009/MYMETA.json
Installing /Users/ether/.perlbrew/libs/21.8@std/lib/perl5/darwin-2level/.meta/Metabase-Client-Simple-0.009/install.json
Already tried JSON. Skipping.
Building and testing Test-Reporter-Transport-Metabase-1.999008
Manifying 1 pod document
PERL_DL_NONLAZY=1 "/Users/ether/perl5/perlbrew/perls/21.8/bin/perl5.21.8" "-MExtUtils::Command::MM" "-MTest::Harness" "-e" "undef *Test::Harness::Switches; test_harness(0, 'blib/lib', 'blib/arch')" t/*.t
# Testing Test::Reporter::Transport::Metabase 1.999008, Perl 5.021008, /Users/ether/perl5/perlbrew/perls/21.8/bin/perl5.21.8
t/00-load.t ..... ok
t/00-compile.t .. ok
All tests successful.
Files=2, Tests=2,  0 wallclock secs ( 0.02 usr  0.01 sys +  0.24 cusr  0.03 csys =  0.30 CPU)
Result: PASS
Manifying 1 pod document
Installing /Users/ether/.perlbrew/libs/21.8@std/lib/perl5/Test/Reporter/Transport/Metabase.pm
Installing /Users/ether/.perlbrew/libs/21.8@std/man/man3/Test::Reporter::Transport::Metabase.0
Appending installation info to /Users/ether/.perlbrew/libs/21.8@std/lib/perl5/darwin-2level/perllocal.pod
-> OK
Successfully installed Test-Reporter-Transport-Metabase-1.999008
Installing /Users/ether/.perlbrew/libs/21.8@std/lib/perl5/darwin-2level/.meta/Test-Reporter-Transport-Metabase-1.999008/MYMETA.json
Installing /Users/ether/.perlbrew/libs/21.8@std/lib/perl5/darwin-2level/.meta/Test-Reporter-Transport-Metabase-1.999008/install.json
Searching File::HomeDir on cpanmetadb ...
--> Working on File::HomeDir
Fetching http://www.cpan.org/authors/id/A/AD/ADAMK/File-HomeDir-1.00.tar.gz
-> OK
Unpacking File-HomeDir-1.00.tar.gz
Entering File-HomeDir-1.00
Checking configure dependencies from META.yml
Checking if you have ExtUtils::MakeMaker 6.36 ... Yes (7.04)
Configuring File-HomeDir-1.00
Running Makefile.PL
Warning: prerequisite File::Which 0.05 not found.
Warning: prerequisite Mac::SystemDirectory 0.04 not found.
Checking if your kit is complete...
Looks good
Generating a Unix-style Makefile
Writing Makefile for File::HomeDir
Writing MYMETA.yml and MYMETA.json
-> OK
Checking dependencies from MYMETA.json ...
Checking if you have Mac::SystemDirectory 0.04 ... No
Checking if you have Cwd 3 ... Yes (3.54)
Checking if you have File::Path 2.01 ... Yes (2.09)
Checking if you have Carp 0 ... Yes (1.34)
Checking if you have Test::More 0.47 ... Yes (1.301001_097)
Checking if you have File::Spec 3 ... Yes (3.53)
Checking if you have ExtUtils::MakeMaker 6.36 ... Yes (7.04)
Checking if you have File::Which 0.05 ... No
Checking if you have File::Temp 0.19 ... Yes (0.2304)
==> Found dependencies: Mac::SystemDirectory, File::Which
Searching Mac::SystemDirectory on cpanmetadb ...
--> Working on Mac::SystemDirectory
Fetching http://www.cpan.org/authors/id/C/CH/CHANSEN/Mac-SystemDirectory-0.06.tar.gz
-> OK
Unpacking Mac-SystemDirectory-0.06.tar.gz
Entering Mac-SystemDirectory-0.06
Checking configure dependencies from META.yml
Checking if you have ExtUtils::MakeMaker 6.42 ... Yes (7.04)
Configuring Mac-SystemDirectory-0.06
Running Makefile.PL
Checking if your kit is complete...
Looks good
Generating a Unix-style Makefile
Writing Makefile for Mac::SystemDirectory
Writing MYMETA.yml and MYMETA.json
-> OK
Checking dependencies from MYMETA.json ...
Checking if you have Test::More 0.86 ... Yes (1.301001_097)
Checking if you have ExtUtils::MakeMaker 6.42 ... Yes (7.04)
Building and testing Mac-SystemDirectory-0.06
Running Mkbootstrap for Mac::SystemDirectory ()
chmod 644 "SystemDirectory.bs"
"/Users/ether/perl5/perlbrew/perls/21.8/bin/perl5.21.8" "-Iinc" "/Users/ether/perl5/perlbrew/perls/21.8/lib/5.21.8/ExtUtils/xsubpp"  -typemap "/Users/ether/perl5/perlbrew/perls/21.8/lib/5.21.8/ExtUtils/typemap"  SystemDirectory.xs > SystemDirectory.xsc && mv SystemDirectory.xsc SystemDirectory.c
cc -c   -fno-common -DPERL_DARWIN -fno-strict-aliasing -pipe -fstack-protector -I/opt/local/include -O3   -DVERSION=\"0.06\" -DXS_VERSION=\"0.06\"  "-I/Users/ether/perl5/perlbrew/perls/21.8/lib/5.21.8/darwin-2level/CORE"  -ObjC -DHAS_BOOL SystemDirectory.c
SystemDirectory.xs:8:8: warning: extra tokens at end of #endif directive [-Wextra-tokens]
#endif Move
       ^
       //
SystemDirectory.xs:12:8: warning: extra tokens at end of #endif directive [-Wextra-tokens]
#endif I_POLL
       ^
       //
SystemDirectory.xs:92:12: warning: enumeration values 'NSAutosavedInformationDirectory', 'NSApplicationScriptsDirectory', and 'NSTrashDirectory' not handled in switch [-Wswitch]
    switch(directory) {
           ^
3 warnings generated.
rm -f blib/arch/auto/Mac/SystemDirectory/SystemDirectory.bundle
env MACOSX_DEPLOYMENT_TARGET=10.3 cc  -bundle -undefined dynamic_lookup -L/opt/local/lib -fstack-protector -lobjc -framework CoreFoundation -framework Foundation SystemDirectory.o  -o blib/arch/auto/Mac/SystemDirectory/SystemDirectory.bundle 	\
	     	\
	  
chmod 755 blib/arch/auto/Mac/SystemDirectory/SystemDirectory.bundle
"/Users/ether/perl5/perlbrew/perls/21.8/bin/perl5.21.8" "-Iinc" -MExtUtils::Command::MM -e 'cp_nonempty' -- SystemDirectory.bs blib/arch/auto/Mac/SystemDirectory/SystemDirectory.bs 644
Manifying 1 pod document
Running Mkbootstrap for Mac::SystemDirectory ()
chmod 644 "SystemDirectory.bs"
PERL_DL_NONLAZY=1 "/Users/ether/perl5/perlbrew/perls/21.8/bin/perl5.21.8" "-MExtUtils::Command::MM" "-MTest::Harness" "-e" "undef *Test::Harness::Switches; test_harness(0, 'inc', 'blib/lib', 'blib/arch')" t/*.t
# Mac::SystemDirectory 0.06, Perl 5.021008, /Users/ether/perl5/perlbrew/perls/21.8/bin/perl5.21.8
t/000_load.t .... ok
t/010_usage.t ... ok
# limiting available functions to Mac OS X 10.8
t/005_import.t .. ok
t/020_basic.t ... ok
All tests successful.
Files=4, Tests=14,  0 wallclock secs ( 0.03 usr  0.01 sys +  0.24 cusr  0.04 csys =  0.32 CPU)
Result: PASS
Manifying 1 pod document
Files found in blib/arch: installing files in blib/lib into architecture dependent library tree
Installing /Users/ether/.perlbrew/libs/21.8@std/lib/perl5/darwin-2level/auto/Mac/SystemDirectory/SystemDirectory.bundle
Installing /Users/ether/.perlbrew/libs/21.8@std/lib/perl5/darwin-2level/Mac/SystemDirectory.pm
Installing /Users/ether/.perlbrew/libs/21.8@std/man/man3/Mac::SystemDirectory.0
Appending installation info to /Users/ether/.perlbrew/libs/21.8@std/lib/perl5/darwin-2level/perllocal.pod
-> OK
Successfully installed Mac-SystemDirectory-0.06
Installing /Users/ether/.perlbrew/libs/21.8@std/lib/perl5/darwin-2level/.meta/Mac-SystemDirectory-0.06/MYMETA.json
Installing /Users/ether/.perlbrew/libs/21.8@std/lib/perl5/darwin-2level/.meta/Mac-SystemDirectory-0.06/install.json
Searching File::Which on cpanmetadb ...
--> Working on File::Which
Fetching http://www.cpan.org/authors/id/A/AD/ADAMK/File-Which-1.09.tar.gz
-> OK
Unpacking File-Which-1.09.tar.gz
Entering File-Which-1.09
Checking configure dependencies from META.yml
Checking if you have ExtUtils::MakeMaker 0 ... Yes (7.04)
Configuring File-Which-1.09
Running Makefile.PL
Warning: prerequisite Test::Script 1.05 not found.
Checking if your kit is complete...
Looks good
Generating a Unix-style Makefile
Writing Makefile for File::Which
Writing MYMETA.yml and MYMETA.json
-> OK
Checking dependencies from MYMETA.json ...
Checking if you have Getopt::Std 0 ... Yes (1.11)
Checking if you have File::Spec 0.60 ... Yes (3.53)
Checking if you have ExtUtils::MakeMaker 0 ... Yes (7.04)
Checking if you have Test::More 0.80 ... Yes (1.301001_097)
Checking if you have Exporter 0 ... Yes (5.72)
Checking if you have Test::Script 1.05 ... No
==> Found dependencies: Test::Script
Searching Test::Script on cpanmetadb ...
--> Working on Test::Script
Fetching http://www.cpan.org/authors/id/A/AD/ADAMK/Test-Script-1.07.tar.gz
-> OK
Unpacking Test-Script-1.07.tar.gz
Entering Test-Script-1.07
Checking configure dependencies from META.yml
Checking if you have ExtUtils::MakeMaker 6.42 ... Yes (7.04)
Configuring Test-Script-1.07
Running Makefile.PL
Warning: prerequisite IPC::Run3 0.034 not found.
Warning: prerequisite Probe::Perl 0.01 not found.
Checking if your kit is complete...
Looks good
Generating a Unix-style Makefile
Writing Makefile for Test::Script
Writing MYMETA.yml and MYMETA.json
-> OK
Checking dependencies from MYMETA.json ...
Checking if you have Test::More 0.62 ... Yes (1.301001_097)
Checking if you have Test::Builder 0.32 ... Yes (1.301001_097)
Checking if you have Test::Builder::Tester 1.02 ... Yes (1.301001_097)
Checking if you have blib 0 ... Yes (1.06)
Checking if you have ExtUtils::MakeMaker 6.42 ... Yes (7.04)
Checking if you have File::Spec 0.80 ... Yes (3.53)
Checking if you have Probe::Perl 0.01 ... No
Checking if you have IPC::Run3 0.034 ... No
==> Found dependencies: Probe::Perl, IPC::Run3
Searching Probe::Perl on cpanmetadb ...
--> Working on Probe::Perl
Fetching http://www.cpan.org/authors/id/K/KW/KWILLIAMS/Probe-Perl-0.03.tar.gz
-> OK
Unpacking Probe-Perl-0.03.tar.gz
Entering Probe-Perl-0.03
Checking configure dependencies from META.yml
Checking if you have ExtUtils::MakeMaker 6.30 ... Yes (7.04)
Configuring Probe-Perl-0.03
Running Makefile.PL
Checking if your kit is complete...
Looks good
Generating a Unix-style Makefile
Writing Makefile for Probe::Perl
Writing MYMETA.yml and MYMETA.json
-> OK
Checking dependencies from MYMETA.json ...
Checking if you have File::Spec 0 ... Yes (3.53)
Checking if you have Test 0 ... Yes (1.26)
Checking if you have strict 0 ... Yes (1.09)
Checking if you have Config 0 ... Yes (5.021008)
Building and testing Probe-Perl-0.03
Manifying 1 pod document
PERL_DL_NONLAZY=1 "/Users/ether/perl5/perlbrew/perls/21.8/bin/perl5.21.8" "-MExtUtils::Command::MM" "-MTest::Harness" "-e" "undef *Test::Harness::Switches; test_harness(0, 'blib/lib', 'blib/arch')" t/*.t
t/author-critic.t .. skipped: these tests are for testing by the author
t/basic.t .......... ok
All tests successful.
Files=2, Tests=19,  0 wallclock secs ( 0.03 usr  0.01 sys +  0.07 cusr  0.01 csys =  0.12 CPU)
Result: PASS
Manifying 1 pod document
Installing /Users/ether/.perlbrew/libs/21.8@std/lib/perl5/Probe/Perl.pm
Installing /Users/ether/.perlbrew/libs/21.8@std/man/man3/Probe::Perl.0
Appending installation info to /Users/ether/.perlbrew/libs/21.8@std/lib/perl5/darwin-2level/perllocal.pod
-> OK
Successfully installed Probe-Perl-0.03
Installing /Users/ether/.perlbrew/libs/21.8@std/lib/perl5/darwin-2level/.meta/Probe-Perl-0.03/MYMETA.json
Installing /Users/ether/.perlbrew/libs/21.8@std/lib/perl5/darwin-2level/.meta/Probe-Perl-0.03/install.json
Searching IPC::Run3 on cpanmetadb ...
--> Working on IPC::Run3
Fetching http://www.cpan.org/authors/id/R/RJ/RJBS/IPC-Run3-0.048.tar.gz
-> OK
Unpacking IPC-Run3-0.048.tar.gz
Entering IPC-Run3-0.048
Checking configure dependencies from META.json
Checking if you have ExtUtils::MakeMaker 0 ... Yes (7.04)
Configuring IPC-Run3-0.048
Running Makefile.PL
Checking if your kit is complete...
Looks good
Generating a Unix-style Makefile
Writing Makefile for IPC::Run3
Writing MYMETA.yml and MYMETA.json
-> OK
Checking dependencies from MYMETA.json ...
Checking if you have ExtUtils::MakeMaker 0 ... Yes (7.04)
Checking if you have Time::HiRes 0 ... Yes (1.9726)
Checking if you have Test::More 0.31 ... Yes (1.301001_097)
Building and testing IPC-Run3-0.048
Manifying 6 pod documents
PERL_DL_NONLAZY=1 "/Users/ether/perl5/perlbrew/perls/21.8/bin/perl5.21.8" "-MExtUtils::Command::MM" "-MTest::Harness" "-e" "undef *Test::Harness::Switches; test_harness(0, 'blib/lib', 'blib/arch')" t/*.t
t/IPC-Run3-ProfArrayBuffer.t .. ok
t/IPC-Run3-ProfLogger.t ....... ok
Use of uninitialized value in split at /Users/ether/.cpanm/work/1421863826.72120/IPC-Run3-0.048/blib/lib/IPC/Run3/ProfLogReader.pm line 79, <DATA> line 4.
t/IPC-Run3-ProfLogReader.t .... ok
t/IPC-Run3-profiling.t ........ ok
t/die_handler.t ............... ok
t/IPC-Run3-ProfPP.t ........... ok
t/IPC-Run3-ProfReporter.t ..... ok
t/fd_leak.t ................... ok
t/pod-coverage.t .............. skipped: not run unless RELEASE_TESTING
t/pod.t ....................... skipped: not run unless RELEASE_TESTING
t/fork.t ...................... ok
t/IPC-Run3.t .................. ok
t/utf8.t ...................... ok
All tests successful.
Files=13, Tests=64,  1 wallclock secs ( 0.07 usr  0.03 sys +  0.95 cusr  0.35 csys =  1.40 CPU)
Result: PASS
Manifying 6 pod documents
Installing /Users/ether/.perlbrew/libs/21.8@std/lib/perl5/IPC/Run3.pm
Installing /Users/ether/.perlbrew/libs/21.8@std/lib/perl5/IPC/Run3/ProfArrayBuffer.pm
Installing /Users/ether/.perlbrew/libs/21.8@std/lib/perl5/IPC/Run3/ProfLogReader.pm
Installing /Users/ether/.perlbrew/libs/21.8@std/lib/perl5/IPC/Run3/ProfLogger.pm
Installing /Users/ether/.perlbrew/libs/21.8@std/lib/perl5/IPC/Run3/ProfPP.pm
Installing /Users/ether/.perlbrew/libs/21.8@std/lib/perl5/IPC/Run3/ProfReporter.pm
Installing /Users/ether/.perlbrew/libs/21.8@std/man/man3/IPC::Run3.0
Installing /Users/ether/.perlbrew/libs/21.8@std/man/man3/IPC::Run3::ProfArrayBuffer.0
Installing /Users/ether/.perlbrew/libs/21.8@std/man/man3/IPC::Run3::ProfLogReader.0
Installing /Users/ether/.perlbrew/libs/21.8@std/man/man3/IPC::Run3::ProfLogger.0
Installing /Users/ether/.perlbrew/libs/21.8@std/man/man3/IPC::Run3::ProfPP.0
Installing /Users/ether/.perlbrew/libs/21.8@std/man/man3/IPC::Run3::ProfReporter.0
Appending installation info to /Users/ether/.perlbrew/libs/21.8@std/lib/perl5/darwin-2level/perllocal.pod
-> OK
Successfully installed IPC-Run3-0.048
Installing /Users/ether/.perlbrew/libs/21.8@std/lib/perl5/darwin-2level/.meta/IPC-Run3-0.048/MYMETA.json
Installing /Users/ether/.perlbrew/libs/21.8@std/lib/perl5/darwin-2level/.meta/IPC-Run3-0.048/install.json
Building and testing Test-Script-1.07
Manifying 1 pod document
PERL_DL_NONLAZY=1 "/Users/ether/perl5/perlbrew/perls/21.8/bin/perl5.21.8" "-MExtUtils::Command::MM" "-MTest::Harness" "-e" "undef *Test::Harness::Switches; test_harness(0, 'inc', 'blib/lib', 'blib/arch')" t/*.t
t/01_compile.t ........ ok
t/02_compiles_good.t .. ok
t/97_meta.t ........... skipped: Author tests not required for installation
t/04_runs_good.t ...... ok
t/05_runs_bad.t ....... ok
t/03_compiles_bad.t ... ok
t/98_pod.t ............ skipped: Author tests not required for installation
t/99_pmv.t ............ skipped: Author tests not required for installation
All tests successful.
Files=8, Tests=20,  1 wallclock secs ( 0.04 usr  0.02 sys +  0.77 cusr  0.13 csys =  0.96 CPU)
Result: PASS
Manifying 1 pod document
Installing /Users/ether/.perlbrew/libs/21.8@std/lib/perl5/Test/Script.pm
Installing /Users/ether/.perlbrew/libs/21.8@std/man/man3/Test::Script.0
Appending installation info to /Users/ether/.perlbrew/libs/21.8@std/lib/perl5/darwin-2level/perllocal.pod
-> OK
Successfully installed Test-Script-1.07
Installing /Users/ether/.perlbrew/libs/21.8@std/lib/perl5/darwin-2level/.meta/Test-Script-1.07/MYMETA.json
Installing /Users/ether/.perlbrew/libs/21.8@std/lib/perl5/darwin-2level/.meta/Test-Script-1.07/install.json
Building and testing File-Which-1.09
cp script/pwhich blib/script/pwhich
"/Users/ether/perl5/perlbrew/perls/21.8/bin/perl5.21.8" -MExtUtils::MY -e 'MY->fixin(shift)' -- blib/script/pwhich
Manifying 1 pod document
Manifying 1 pod document
PERL_DL_NONLAZY=1 "/Users/ether/perl5/perlbrew/perls/21.8/bin/perl5.21.8" "-MExtUtils::Command::MM" "-MTest::Harness" "-e" "undef *Test::Harness::Switches; test_harness(0, 'blib/lib', 'blib/arch')" t/*.t
t/02_all.t ...... ok
t/03_simple.t ... ok
t/97_meta.t ..... skipped: Author tests not required for installation
t/98_pod.t ...... skipped: Author tests not required for installation
t/99_pmv.t ...... skipped: Author tests not required for installation
t/01_compile.t .. ok
t/04_pwhich.t ... ok
All tests successful.
Files=7, Tests=20,  0 wallclock secs ( 0.04 usr  0.02 sys +  0.49 cusr  0.07 csys =  0.62 CPU)
Result: PASS
Manifying 1 pod document
Manifying 1 pod document
Installing /Users/ether/.perlbrew/libs/21.8@std/lib/perl5/File/Which.pm
Installing /Users/ether/.perlbrew/libs/21.8@std/man/man1/pwhich.0
Installing /Users/ether/.perlbrew/libs/21.8@std/man/man3/File::Which.0
Installing /Users/ether/.perlbrew/libs/21.8@std/bin/pwhich
Appending installation info to /Users/ether/.perlbrew/libs/21.8@std/lib/perl5/darwin-2level/perllocal.pod
-> OK
Successfully installed File-Which-1.09
Installing /Users/ether/.perlbrew/libs/21.8@std/lib/perl5/darwin-2level/.meta/File-Which-1.09/MYMETA.json
Installing /Users/ether/.perlbrew/libs/21.8@std/lib/perl5/darwin-2level/.meta/File-Which-1.09/install.json
Building and testing File-HomeDir-1.00
Manifying 10 pod documents
PERL_DL_NONLAZY=1 "/Users/ether/perl5/perlbrew/perls/21.8/bin/perl5.21.8" "-MExtUtils::Command::MM" "-MTest::Harness" "-e" "undef *Test::Harness::Switches; test_harness(0, 'inc', 'blib/lib', 'blib/arch')" t/*.t
t/02_main.t ........... ok
# Implemented by: File::HomeDir::Darwin::Cocoa
t/01_compile.t ........ ok
t/12_darwin_carbon.t .. skipped: Not running on 32-bit Darwin
t/10_test.t ........... ok
t/11_darwin.t ......... ok
t/13_darwin_cocoa.t ... ok
All tests successful.
Files=6, Tests=94,  0 wallclock secs ( 0.05 usr  0.02 sys +  0.49 cusr  0.07 csys =  0.63 CPU)
Result: PASS
Manifying 10 pod documents
Installing /Users/ether/.perlbrew/libs/21.8@std/lib/perl5/File/HomeDir.pm
Installing /Users/ether/.perlbrew/libs/21.8@std/lib/perl5/File/HomeDir/Darwin.pm
Installing /Users/ether/.perlbrew/libs/21.8@std/lib/perl5/File/HomeDir/Driver.pm
Installing /Users/ether/.perlbrew/libs/21.8@std/lib/perl5/File/HomeDir/FreeDesktop.pm
Installing /Users/ether/.perlbrew/libs/21.8@std/lib/perl5/File/HomeDir/MacOS9.pm
Installing /Users/ether/.perlbrew/libs/21.8@std/lib/perl5/File/HomeDir/Test.pm
Installing /Users/ether/.perlbrew/libs/21.8@std/lib/perl5/File/HomeDir/Unix.pm
Installing /Users/ether/.perlbrew/libs/21.8@std/lib/perl5/File/HomeDir/Windows.pm
Installing /Users/ether/.perlbrew/libs/21.8@std/lib/perl5/File/HomeDir/Darwin/Carbon.pm
Installing /Users/ether/.perlbrew/libs/21.8@std/lib/perl5/File/HomeDir/Darwin/Cocoa.pm
Installing /Users/ether/.perlbrew/libs/21.8@std/man/man3/File::HomeDir.0
Installing /Users/ether/.perlbrew/libs/21.8@std/man/man3/File::HomeDir::Darwin.0
Installing /Users/ether/.perlbrew/libs/21.8@std/man/man3/File::HomeDir::Darwin::Carbon.0
Installing /Users/ether/.perlbrew/libs/21.8@std/man/man3/File::HomeDir::Darwin::Cocoa.0
Installing /Users/ether/.perlbrew/libs/21.8@std/man/man3/File::HomeDir::Driver.0
Installing /Users/ether/.perlbrew/libs/21.8@std/man/man3/File::HomeDir::FreeDesktop.0
Installing /Users/ether/.perlbrew/libs/21.8@std/man/man3/File::HomeDir::MacOS9.0
Installing /Users/ether/.perlbrew/libs/21.8@std/man/man3/File::HomeDir::Test.0
Installing /Users/ether/.perlbrew/libs/21.8@std/man/man3/File::HomeDir::Unix.0
Installing /Users/ether/.perlbrew/libs/21.8@std/man/man3/File::HomeDir::Windows.0
Appending installation info to /Users/ether/.perlbrew/libs/21.8@std/lib/perl5/darwin-2level/perllocal.pod
-> OK
Successfully installed File-HomeDir-1.00
Installing /Users/ether/.perlbrew/libs/21.8@std/lib/perl5/darwin-2level/.meta/File-HomeDir-1.00/MYMETA.json
Installing /Users/ether/.perlbrew/libs/21.8@std/lib/perl5/darwin-2level/.meta/File-HomeDir-1.00/install.json
Searching Metabase::Resource on cpanmetadb ...
Already tried Metabase-Fact-0.024. Skipping.
Searching CPAN::Testers::Common::Client on cpanmetadb ...
--> Working on CPAN::Testers::Common::Client
Fetching http://www.cpan.org/authors/id/G/GA/GARU/CPAN-Testers-Common-Client-0.07.tar.gz
-> OK
Unpacking CPAN-Testers-Common-Client-0.07.tar.gz
Entering CPAN-Testers-Common-Client-0.07
Checking configure dependencies from META.json
Checking if you have ExtUtils::MakeMaker 0 ... Yes (7.04)
Configuring CPAN-Testers-Common-Client-0.07
Running Makefile.PL
Warning: prerequisite Devel::Platform::Info 0 not found.
Checking if your kit is complete...
Looks good
Generating a Unix-style Makefile
Writing Makefile for CPAN::Testers::Common::Client
Writing MYMETA.yml and MYMETA.json
-> OK
Checking dependencies from MYMETA.json ...
Checking if you have Probe::Perl 0 ... Yes (0.03)
Checking if you have File::Spec 3.19 ... Yes (3.53)
Checking if you have ExtUtils::MakeMaker 6.36 ... Yes (7.04)
Checking if you have IPC::Cmd 0 ... Yes (0.92)
Checking if you have Test::More 0 ... Yes (1.301001_097)
Checking if you have Config::Perl::V 0 ... Yes (0.22)
Checking if you have File::Glob 0 ... Yes (1.24)
Checking if you have File::Path 0 ... Yes (2.09)
Checking if you have Carp 0 ... Yes (1.34)
Checking if you have File::HomeDir 0.58 ... Yes (1.00)
Checking if you have Devel::Platform::Info 0 ... No
Checking if you have Capture::Tiny 0 ... Yes (0.27)
==> Found dependencies: Devel::Platform::Info
Searching Devel::Platform::Info on cpanmetadb ...
--> Working on Devel::Platform::Info
Fetching http://www.cpan.org/authors/id/B/BA/BARBIE/Devel-Platform-Info-0.15.tar.gz
-> OK
Unpacking Devel-Platform-Info-0.15.tar.gz
Entering Devel-Platform-Info-0.15
Checking configure dependencies from META.json
Configuring Devel-Platform-Info-0.15
Running Makefile.PL
Checking if your kit is complete...
Looks good
Generating a Unix-style Makefile
Writing Makefile for Devel::Platform::Info
Writing MYMETA.yml and MYMETA.json
-> OK
Checking dependencies from MYMETA.json ...
Checking if you have Test::More 0.70 ... Yes (1.301001_097)
Checking if you have IO::File 0 ... Yes (1.16)
Checking if you have Test::Builder::Tester 0 ... Yes (1.301001_097)
Checking if you have ExtUtils::MakeMaker 0 ... Yes (7.04)
Building and testing Devel-Platform-Info-0.15
Manifying 9 pod documents
PERL_DL_NONLAZY=1 "/Users/ether/perl5/perlbrew/perls/21.8/bin/perl5.21.8" "-MExtUtils::Command::MM" "-MTest::Harness" "-e" "undef *Test::Harness::Switches; test_harness(0, 'blib/lib', 'blib/arch')" t/*.t
t/50mac_test.t ........ ok
t/51mac_mock.t ........ skipped: Test::MockObject::Extends required for these tests
t/01base.t ............ ok
t/55win32_agnostic.t .. ok
# OS: darwin
# .. source => 
#    .. sw_vers -productVersion => 10.8.5
#    .. uname -a => Darwin bourbon 12.5.0 Darwin Kernel Version 12.5.0: Sun Sep 29 13:33:47 PDT 2013; root:xnu-2050.48.12~1/RELEASE_X86_64 x86_64
#    .. uname -p => i386
#    .. uname -s => Darwin
#    .. uname -v => Darwin Kernel Version 12.5.0: Sun Sep 29 13:33:47 PDT 2013; root:xnu-2050.48.12~1/RELEASE_X86_64
# .. archname => i386
# .. osflag => darwin
# .. osname => Mac
# .. is64bit => 0
# .. is32bit => 1
# .. oslabel => OS X
# .. codename => Mountain Lion
# .. kernel => Darwin Kernel Version 12.5.0: Sun Sep 29 13:33:47 PDT 2013; root:xnu-2050.48.12~1/RELEASE_X86_64
# .. osvers => 10.8.5
t/02diag.t ............ ok
t/90podtest.t ......... skipped: Author tests not required for installation
t/91podcover.t ........ skipped: Author tests not required for installation
t/94metatest.t ........ skipped: Author tests not required for installation
t/56win32.t ........... ok
t/95changedate.t ...... skipped: Author tests not required for installation
t/96metatest.t ........ skipped: Author tests not required for installation
All tests successful.
Files=11, Tests=45,  0 wallclock secs ( 0.05 usr  0.02 sys +  0.70 cusr  0.12 csys =  0.89 CPU)
Result: PASS
Manifying 9 pod documents
Installing /Users/ether/.perlbrew/libs/21.8@std/lib/perl5/Devel/Platform/Info.pm
Installing /Users/ether/.perlbrew/libs/21.8@std/lib/perl5/Devel/Platform/Info/BSD.pm
Installing /Users/ether/.perlbrew/libs/21.8@std/lib/perl5/Devel/Platform/Info/BeOS.pm
Installing /Users/ether/.perlbrew/libs/21.8@std/lib/perl5/Devel/Platform/Info/Irix.pm
Installing /Users/ether/.perlbrew/libs/21.8@std/lib/perl5/Devel/Platform/Info/Linux.pm
Installing /Users/ether/.perlbrew/libs/21.8@std/lib/perl5/Devel/Platform/Info/Mac.pm
Installing /Users/ether/.perlbrew/libs/21.8@std/lib/perl5/Devel/Platform/Info/SCO.pm
Installing /Users/ether/.perlbrew/libs/21.8@std/lib/perl5/Devel/Platform/Info/Solaris.pm
Installing /Users/ether/.perlbrew/libs/21.8@std/lib/perl5/Devel/Platform/Info/Win32.pm
Installing /Users/ether/.perlbrew/libs/21.8@std/man/man3/Devel::Platform::Info.0
Installing /Users/ether/.perlbrew/libs/21.8@std/man/man3/Devel::Platform::Info::BSD.0
Installing /Users/ether/.perlbrew/libs/21.8@std/man/man3/Devel::Platform::Info::BeOS.0
Installing /Users/ether/.perlbrew/libs/21.8@std/man/man3/Devel::Platform::Info::Irix.0
Installing /Users/ether/.perlbrew/libs/21.8@std/man/man3/Devel::Platform::Info::Linux.0
Installing /Users/ether/.perlbrew/libs/21.8@std/man/man3/Devel::Platform::Info::Mac.0
Installing /Users/ether/.perlbrew/libs/21.8@std/man/man3/Devel::Platform::Info::SCO.0
Installing /Users/ether/.perlbrew/libs/21.8@std/man/man3/Devel::Platform::Info::Solaris.0
Installing /Users/ether/.perlbrew/libs/21.8@std/man/man3/Devel::Platform::Info::Win32.0
Appending installation info to /Users/ether/.perlbrew/libs/21.8@std/lib/perl5/darwin-2level/perllocal.pod
-> OK
Successfully installed Devel-Platform-Info-0.15
Installing /Users/ether/.perlbrew/libs/21.8@std/lib/perl5/darwin-2level/.meta/Devel-Platform-Info-0.15/MYMETA.json
Installing /Users/ether/.perlbrew/libs/21.8@std/lib/perl5/darwin-2level/.meta/Devel-Platform-Info-0.15/install.json
Building and testing CPAN-Testers-Common-Client-0.07
Manifying 3 pod documents
PERL_DL_NONLAZY=1 "/Users/ether/perl5/perlbrew/perls/21.8/bin/perl5.21.8" "-MExtUtils::Command::MM" "-MTest::Harness" "-e" "undef *Test::Harness::Switches; test_harness(0, 'blib/lib', 'blib/arch')" t/*.t
t/02-config.t .. ok
# Testing CPAN::Testers::Common::Client 0.07
t/00.load.t .... ok
t/01-basic.t ... ok
All tests successful.
Files=3, Tests=47,  1 wallclock secs ( 0.03 usr  0.01 sys +  1.40 cusr  0.17 csys =  1.61 CPU)
Result: PASS
Manifying 3 pod documents
Installing /Users/ether/.perlbrew/libs/21.8@std/lib/perl5/CPAN/Testers/Common/Client.pm
Installing /Users/ether/.perlbrew/libs/21.8@std/lib/perl5/CPAN/Testers/Common/Client/Config.pm
Installing /Users/ether/.perlbrew/libs/21.8@std/lib/perl5/CPAN/Testers/Common/Client/PrereqCheck.pm
Installing /Users/ether/.perlbrew/libs/21.8@std/man/man3/CPAN::Testers::Common::Client.0
Installing /Users/ether/.perlbrew/libs/21.8@std/man/man3/CPAN::Testers::Common::Client::Config.0
Installing /Users/ether/.perlbrew/libs/21.8@std/man/man3/CPAN::Testers::Common::Client::PrereqCheck.0
Appending installation info to /Users/ether/.perlbrew/libs/21.8@std/lib/perl5/darwin-2level/perllocal.pod
-> OK
Successfully installed CPAN-Testers-Common-Client-0.07
Installing /Users/ether/.perlbrew/libs/21.8@std/lib/perl5/darwin-2level/.meta/CPAN-Testers-Common-Client-0.07/MYMETA.json
Installing /Users/ether/.perlbrew/libs/21.8@std/lib/perl5/darwin-2level/.meta/CPAN-Testers-Common-Client-0.07/install.json
Searching Config::Tiny on cpanmetadb ...
--> Working on Config::Tiny
Fetching http://www.cpan.org/authors/id/R/RS/RSAVAGE/Config-Tiny-2.20.tgz
-> OK
Unpacking Config-Tiny-2.20.tgz
Entering Config-Tiny-2.20
Checking configure dependencies from META.json
Checking if you have Module::Build 0.34 ... No
==> Found dependencies: Module::Build
Searching Module::Build on cpanmetadb ...
--> Working on Module::Build
Fetching http://www.cpan.org/authors/id/L/LE/LEONT/Module-Build-0.4211.tar.gz
-> OK
Unpacking Module-Build-0.4211.tar.gz
Entering Module-Build-0.4211
Checking configure dependencies from META.json
Checking if you have Module::Metadata 1.000002 ... Yes (1.000026)
Checking if you have Perl::OSType 1 ... Yes (1.007)
Checking if you have CPAN::Meta 2.142060 ... Yes (2.143240)
Checking if you have version 0.87 ... Yes (0.9909)
Configuring Module-Build-0.4211
Running Build.PL

Checking optional features...
inc_bundling_support....disabled
  requires:
    ! inc::latest is not installed

ERRORS/WARNINGS FOUND IN PREREQUISITES.  You may wish to install the versions
of the modules indicated above before proceeding with this installation

Created MYMETA.yml and MYMETA.json
Creating new 'Build' script for 'Module-Build' version '0.4211'
-> OK
Checking dependencies from MYMETA.json ...
Checking if you have Pod::Man 2.17 ... Yes (2.28)
Checking if you have File::Basename 0 ... Yes (2.85)
Checking if you have ExtUtils::Mkbootstrap 0 ... Yes (7.04)
Checking if you have Perl::OSType 1 ... Yes (1.007)
Checking if you have Test::Harness 3.16 ... Yes (3.35)
Checking if you have CPAN::Meta::YAML 0.003 ... Yes (0.012)
Checking if you have File::Find 0 ... Yes (1.29)
Checking if you have ExtUtils::ParseXS 2.21 ... Yes (3.27)
Checking if you have ExtUtils::CBuilder 0.27 ... Yes (0.280221)
Checking if you have Getopt::Long 0 ... Yes (2.43)
Checking if you have File::Copy 0 ... Yes (2.30)
Checking if you have Cwd 0 ... Yes (3.54)
Checking if you have File::Temp 0.15 ... Yes (0.2304)
Checking if you have File::Spec 0.82 ... Yes (3.53)
Checking if you have Test::More 0.49 ... Yes (1.301001_097)
Checking if you have Parse::CPAN::Meta 1.4401 ... Yes (1.4414)
Checking if you have version 0.87 ... Yes (0.9909)
Checking if you have File::Path 0 ... Yes (2.09)
Checking if you have Text::ParseWords 0 ... Yes (3.29)
Checking if you have Text::Abbrev 0 ... Yes (1.02)
Checking if you have ExtUtils::Install 0 ... Yes (2.04)
Checking if you have ExtUtils::Manifest 0 ... Yes (1.70)
Checking if you have Data::Dumper 0 ... Yes (2.156)
Checking if you have File::Compare 0 ... Yes (1.1006)
Checking if you have CPAN::Meta 2.142060 ... Yes (2.143240)
Checking if you have Module::Metadata 1.000002 ... Yes (1.000026)
Building and testing Module-Build-0.4211
Building Module-Build
t/add_property.t ............... ok
t/add_property_array.t ......... ok
t/actions/installdeps.t ........ ok
t/add_property_hash.t .......... ok
t/PL_files.t ................... ok
t/bundle_inc.t ................. skipped: $ENV{MB_TEST_EXPERIMENTAL} is not set
t/actions/manifest_skip.t ...... ok
t/00-compile.t ................. ok
t/debug.t ...................... ok
t/compat/exit.t ................ ok
t/basic.t ...................... ok
t/destinations.t ............... ok
t/extend.t ..................... ok
t/help.t ....................... ok
t/ext.t ........................ ok
t/files.t ...................... ok
t/manifypods_with_utf8.t ....... ok
t/manifypods.t ................. ok
t/metadata.t ................... ok
t/install_extra_target.t ....... ok
t/install.t .................... ok
t/new_from_context.t ........... ok
t/notes.t ...................... ok
t/metadata2.t .................. ok
t/par.t ........................ skipped: PAR::Dist 0.17 or up not installed to check .par's.
t/parents.t .................... ok
t/pod_parser.t ................. ok
t/properties/dist_suffix.t ..... ok
t/properties/license.t ......... ok
t/mymeta.t ..................... ok
t/perl_mb_opt.t ................ ok
t/ppm.t ........................ ok
t/properties/module_name.t ..... ok
t/properties/requires.t ........ ok
t/resume.t ..................... ok
t/properties/needs_compiler.t .. ok
t/sample.t ..................... ok
t/properties/release_status.t .. ok
t/properties/share_dir.t ....... ok
t/script_dist.t ................ ok
t/test_file_exts.t ............. ok
t/runthrough.t ................. ok
t/signature.t .................. ok
t/test_type.t .................. ok
t/test_reqs.t .................. ok
t/unit_run_test_harness.t ...... ok
t/versions.t ................... ok
t/write_default_maniskip.t ..... ok
t/test_types.t ................. ok
t/use_tap_harness.t ............ ok
t/tilde.t ...................... ok
t/xs.t ......................... ok
t/compat.t ..................... ok
All tests successful.
Files=53, Tests=1129, 21 wallclock secs ( 0.43 usr  0.20 sys + 60.88 cusr 12.69 csys = 74.20 CPU)
Result: PASS
Building Module-Build
Installing /Users/ether/.perlbrew/libs/21.8@std/lib/perl5/Module/Build.pm
Installing /Users/ether/.perlbrew/libs/21.8@std/lib/perl5/Module/Build/API.pod
Installing /Users/ether/.perlbrew/libs/21.8@std/lib/perl5/Module/Build/Authoring.pod
Installing /Users/ether/.perlbrew/libs/21.8@std/lib/perl5/Module/Build/Base.pm
Installing /Users/ether/.perlbrew/libs/21.8@std/lib/perl5/Module/Build/Bundling.pod
Installing /Users/ether/.perlbrew/libs/21.8@std/lib/perl5/Module/Build/Compat.pm
Installing /Users/ether/.perlbrew/libs/21.8@std/lib/perl5/Module/Build/Config.pm
Installing /Users/ether/.perlbrew/libs/21.8@std/lib/perl5/Module/Build/ConfigData.pm
Installing /Users/ether/.perlbrew/libs/21.8@std/lib/perl5/Module/Build/Cookbook.pm
Installing /Users/ether/.perlbrew/libs/21.8@std/lib/perl5/Module/Build/Dumper.pm
Installing /Users/ether/.perlbrew/libs/21.8@std/lib/perl5/Module/Build/Notes.pm
Installing /Users/ether/.perlbrew/libs/21.8@std/lib/perl5/Module/Build/PPMMaker.pm
Installing /Users/ether/.perlbrew/libs/21.8@std/lib/perl5/Module/Build/PodParser.pm
Installing /Users/ether/.perlbrew/libs/21.8@std/lib/perl5/Module/Build/Platform/Default.pm
Installing /Users/ether/.perlbrew/libs/21.8@std/lib/perl5/Module/Build/Platform/MacOS.pm
Installing /Users/ether/.perlbrew/libs/21.8@std/lib/perl5/Module/Build/Platform/Unix.pm
Installing /Users/ether/.perlbrew/libs/21.8@std/lib/perl5/Module/Build/Platform/VMS.pm
Installing /Users/ether/.perlbrew/libs/21.8@std/lib/perl5/Module/Build/Platform/VOS.pm
Installing /Users/ether/.perlbrew/libs/21.8@std/lib/perl5/Module/Build/Platform/Windows.pm
Installing /Users/ether/.perlbrew/libs/21.8@std/lib/perl5/Module/Build/Platform/aix.pm
Installing /Users/ether/.perlbrew/libs/21.8@std/lib/perl5/Module/Build/Platform/cygwin.pm
Installing /Users/ether/.perlbrew/libs/21.8@std/lib/perl5/Module/Build/Platform/darwin.pm
Installing /Users/ether/.perlbrew/libs/21.8@std/lib/perl5/Module/Build/Platform/os2.pm
Installing /Users/ether/.perlbrew/libs/21.8@std/bin/config_data
-> OK
Successfully installed Module-Build-0.4211
Installing /Users/ether/.perlbrew/libs/21.8@std/lib/perl5/darwin-2level/.meta/Module-Build-0.4211/MYMETA.json
Installing /Users/ether/.perlbrew/libs/21.8@std/lib/perl5/darwin-2level/.meta/Module-Build-0.4211/install.json
Configuring Config-Tiny-2.20
Running Build.PL
Created MYMETA.yml and MYMETA.json
Creating new 'Build' script for 'Config-Tiny' version '2.20'
-> OK
Checking dependencies from MYMETA.json ...
Checking if you have utf8 0 ... Yes (1.14)
Checking if you have UNIVERSAL 0 ... Yes (1.12)
Checking if you have File::Spec 3.3 ... Yes (3.53)
Checking if you have File::Temp 0.22 ... Yes (0.2304)
Checking if you have strict 0 ... Yes (1.09)
Checking if you have Test::More 0.47 ... Yes (1.301001_097)
Building and testing Config-Tiny-2.20
Building Config-Tiny
t/01.compile.t ...... ok
t/03.read.string.t .. ok
t/02.main.t ......... ok
t/04.utf8.t ......... ok
All tests successful.
Files=4, Tests=43,  0 wallclock secs ( 0.03 usr  0.02 sys +  0.27 cusr  0.04 csys =  0.36 CPU)
Result: PASS
Building Config-Tiny
Installing /Users/ether/.perlbrew/libs/21.8@std/lib/perl5/Config/Tiny.pm
-> OK
Successfully installed Config-Tiny-2.20
Installing /Users/ether/.perlbrew/libs/21.8@std/lib/perl5/darwin-2level/.meta/Config-Tiny-2.20/MYMETA.json
Installing /Users/ether/.perlbrew/libs/21.8@std/lib/perl5/darwin-2level/.meta/Config-Tiny-2.20/install.json
Already tried Try::Tiny. Skipping.
Already tried IO::Prompt::Tiny. Skipping.
-> FAIL Installing the dependencies failed: Module 'LWP::Protocol::https' is not installed
-> FAIL Bailing out the installation for App-cpanminus-reporter-0.12.
45 distributions installed
