mvastola@vastdesk:~/.cpan/build/Purple-1.3-FYLrB_# make test
PERL_DL_NONLAZY=1 /usr/bin/perl "-MExtUtils::Command::MM" "-e" "test_harness(0, 'blib/lib', 'blib/arch')" t/*.t
t/00-load.t ....... 1/1 # Testing Purple 1.3, Perl 5.014002, /usr/bin/perl
t/00-load.t ....... ok   
t/api.t ........... ok       
t/client.t ........ 5/10 # killed server on 24080
t/client.t ........ ok     
t/pod-coverage.t .. skipped: Test::Pod::Coverage 1.04 required for testing POD coverage
t/pod.t ........... skipped: Test::Pod 1.14 required for testing POD
All tests successful.
Files=5, Tests=182,  8 wallclock secs ( 0.07 usr  0.04 sys +  0.42 cusr  0.12 csys =  0.65 CPU)
Result: PASS
