Script started on Mon 03 Aug 2009 10:34:27 AM BST
]0;root@server1:~[root@server1 ~]# ins[K[K[Kcpan

cpan shell -- CPAN exploration and modules installation (v1.7601)
ReadLine support enabled

                                                                                                                                                                 [4mcpan>[m [1mi[m[1mn[m[1ms[m[1mt[m[1ma[m[1ml[m[1ml[m[1m [m[1mB[m[1mu[m[1mn[m[1mm[m[1md[m[1ml[m[1me[m[1m:[m[4mcpan>[m [1minstall Bunmdle[m [4mcpan>[m [1minstall Bunmdl[m [4mcpan>[m [1minstall Bunmd[m [4mcpan>[m [1minstall Bunm[m [4mcpan>[m [1minstall Bun[m [1md[m[1ml[m[1me[m[1m:[m[1m:[m[1mC[m[1mP[m[1mA[m[1mN[m
CPAN: Storable loaded ok
Going to read /root/.cpan/Metadata
  Database was generated on Mon, 03 Aug 2009 00:27:01 GMT
Test::Harness is up to date.
ExtUtils::CBuilder is up to date.
ExtUtils::MakeMaker is up to date.
Running install for module Module::Build
Running make for D/DA/DAGOLDEN/Module-Build-0.34.tar.gz
CPAN: Digest::MD5 loaded ok
Checksum for /root/.cpan/sources/authors/id/D/DA/DAGOLDEN/Module-Build-0.34.tar.gz ok
Scanning cache /root/.cpan/build for sizes
Module-Build-0.34
Module-Build-0.34/Changes
Module-Build-0.34/MANIFEST
Module-Build-0.34/README
Module-Build-0.34/LICENSE
Module-Build-0.34/Build.PL
Module-Build-0.34/META.yml
Module-Build-0.34/INSTALL
Module-Build-0.34/Makefile.PL
Module-Build-0.34/lib
Module-Build-0.34/lib/Module
Module-Build-0.34/lib/Module/Build.pm
Module-Build-0.34/lib/Module/Build
Module-Build-0.34/lib/Module/Build/PodParser.pm
Module-Build-0.34/lib/Module/Build/Base.pm
Module-Build-0.34/lib/Module/Build/YAML.pm
Module-Build-0.34/lib/Module/Build/API.pod
Module-Build-0.34/lib/Module/Build/Version.pm
Module-Build-0.34/lib/Module/Build/Compat.pm
Module-Build-0.34/lib/Module/Build/ModuleInfo.pm
Module-Build-0.34/lib/Module/Build/Cookbook.pm
Module-Build-0.34/lib/Module/Build/Config.pm
Module-Build-0.34/lib/Module/Build/PPMMaker.pm
Module-Build-0.34/lib/Module/Build/Notes.pm
Module-Build-0.34/lib/Module/Build/Dumper.pm
Module-Build-0.34/lib/Module/Build/Authoring.pod
Module-Build-0.34/lib/Module/Build/Platform
Module-Build-0.34/lib/Module/Build/Platform/darwin.pm
Module-Build-0.34/lib/Module/Build/Platform/Unix.pm
Module-Build-0.34/lib/Module/Build/Platform/EBCDIC.pm
Module-Build-0.34/lib/Module/Build/Platform/aix.pm
Module-Build-0.34/lib/Module/Build/Platform/MPEiX.pm
Module-Build-0.34/lib/Module/Build/Platform/Default.pm
Module-Build-0.34/lib/Module/Build/Platform/MacOS.pm
Module-Build-0.34/lib/Module/Build/Platform/Windows.pm
Module-Build-0.34/lib/Module/Build/Platform/Amiga.pm
Module-Build-0.34/lib/Module/Build/Platform/cygwin.pm
Module-Build-0.34/lib/Module/Build/Platform/VMS.pm
Module-Build-0.34/lib/Module/Build/Platform/RiscOS.pm
Module-Build-0.34/lib/Module/Build/Platform/VOS.pm
Module-Build-0.34/lib/Module/Build/Platform/os2.pm
Module-Build-0.34/t
Module-Build-0.34/t/write_default_maniskip.t
Module-Build-0.34/t/help.t
Module-Build-0.34/t/tilde.t
Module-Build-0.34/t/versions.t
Module-Build-0.34/t/compat.t
Module-Build-0.34/t/parents.t
Module-Build-0.34/t/pod_parser.t
Module-Build-0.34/t/manifypods.t
Module-Build-0.34/t/metadata.t
Module-Build-0.34/t/PL_files.t
Module-Build-0.34/t/files.t
Module-Build-0.34/t/mbyaml.t
Module-Build-0.34/t/destinations.t
Module-Build-0.34/t/ppm.t
Module-Build-0.34/t/par.t
Module-Build-0.34/t/test_file_exts.t
Module-Build-0.34/t/xs.t
Module-Build-0.34/t/install.t
Module-Build-0.34/t/script_dist.t
Module-Build-0.34/t/notes.t
Module-Build-0.34/t/runthrough.t
Module-Build-0.34/t/use_tap_harness.t
Module-Build-0.34/t/test_type.t
Module-Build-0.34/t/test_types.t
Module-Build-0.34/t/basic.t
Module-Build-0.34/t/new_from_context.t
Module-Build-0.34/t/ext.t
Module-Build-0.34/t/add_property.t
Module-Build-0.34/t/moduleinfo.t
Module-Build-0.34/t/metadata2.t
Module-Build-0.34/t/signature.t
Module-Build-0.34/t/extend.t
Module-Build-0.34/t/lib
Module-Build-0.34/t/lib/DistGen.pm
Module-Build-0.34/t/lib/MBTest.pm
Module-Build-0.34/t/bundled
Module-Build-0.34/t/bundled/Tie
Module-Build-0.34/t/bundled/Tie/CPHash.pm
Module-Build-0.34/t/compat
Module-Build-0.34/t/compat/exit.t
Module-Build-0.34/contrib
Module-Build-0.34/contrib/bundle.pl
Module-Build-0.34/contrib/bash_completion.module-build
Module-Build-0.34/scripts
Module-Build-0.34/scripts/config_data
Removing previously used /root/.cpan/build/Module-Build-0.34

  CPAN.pm: Going to build D/DA/DAGOLDEN/Module-Build-0.34.tar.gz

# running Build.PL 
/usr/bin/perl Build.PL
Checking whether your kit is complete...
Looks good

Checking prerequisites...
 * Optional prerequisite Module::Signature is not installed
 * Optional prerequisite ExtUtils::ParseXS is not installed
 * Optional prerequisite Pod::Readme is not installed

ERRORS/WARNINGS FOUND IN PREREQUISITES.  You may wish to install the versions
of the modules indicated above before proceeding with this installation

Checking features:
  manpage_support....enabled
  YAML_support.......enabled
  C_support..........enabled
    * Optional prerequisite ExtUtils::ParseXS is not installed
  HTML_support.......enabled

Creating new 'Build' script for 'Module-Build' version '0.34'
Warning: PREREQ_PM mentions Test::Harness more than once, last mention wins at /usr/lib/perl5/5.8.5/CPAN.pm line 4690, <GEN35> line 1.
/usr/bin/perl Build --makefile_env_macros 1
Copying lib/Module/Build/Version.pm -> blib/lib/Module/Build/Version.pm
Copying lib/Module/Build/Platform/darwin.pm -> blib/lib/Module/Build/Platform/darwin.pm
Copying lib/Module/Build/Platform/MacOS.pm -> blib/lib/Module/Build/Platform/MacOS.pm
Copying lib/Module/Build/Dumper.pm -> blib/lib/Module/Build/Dumper.pm
Copying lib/Module/Build/Notes.pm -> blib/lib/Module/Build/Notes.pm
Copying lib/Module/Build/Compat.pm -> blib/lib/Module/Build/Compat.pm
Copying lib/Module/Build/Platform/RiscOS.pm -> blib/lib/Module/Build/Platform/RiscOS.pm
Copying lib/Module/Build/PodParser.pm -> blib/lib/Module/Build/PodParser.pm
Copying lib/Module/Build/Platform/VOS.pm -> blib/lib/Module/Build/Platform/VOS.pm
Copying lib/Module/Build/Platform/Windows.pm -> blib/lib/Module/Build/Platform/Windows.pm
Copying lib/Module/Build/Platform/Unix.pm -> blib/lib/Module/Build/Platform/Unix.pm
Copying lib/Module/Build/Platform/Amiga.pm -> blib/lib/Module/Build/Platform/Amiga.pm
Copying lib/Module/Build/ModuleInfo.pm -> blib/lib/Module/Build/ModuleInfo.pm
Copying lib/Module/Build/Config.pm -> blib/lib/Module/Build/Config.pm
Copying lib/Module/Build/Platform/os2.pm -> blib/lib/Module/Build/Platform/os2.pm
Copying lib/Module/Build/Base.pm -> blib/lib/Module/Build/Base.pm
Copying lib/Module/Build/Platform/cygwin.pm -> blib/lib/Module/Build/Platform/cygwin.pm
Copying lib/Module/Build/Platform/EBCDIC.pm -> blib/lib/Module/Build/Platform/EBCDIC.pm
Copying lib/Module/Build/Platform/MPEiX.pm -> blib/lib/Module/Build/Platform/MPEiX.pm
Copying lib/Module/Build/Platform/VMS.pm -> blib/lib/Module/Build/Platform/VMS.pm
Copying lib/Module/Build.pm -> blib/lib/Module/Build.pm
Copying lib/Module/Build/PPMMaker.pm -> blib/lib/Module/Build/PPMMaker.pm
Copying lib/Module/Build/Platform/aix.pm -> blib/lib/Module/Build/Platform/aix.pm
Copying lib/Module/Build/Cookbook.pm -> blib/lib/Module/Build/Cookbook.pm
Copying lib/Module/Build/Platform/Default.pm -> blib/lib/Module/Build/Platform/Default.pm
Copying lib/Module/Build/YAML.pm -> blib/lib/Module/Build/YAML.pm
Copying lib/Module/Build/Authoring.pod -> blib/lib/Module/Build/Authoring.pod
Copying lib/Module/Build/API.pod -> blib/lib/Module/Build/API.pod
Copying scripts/config_data -> blib/script/config_data
Deleting blib/script/config_data.bak
Writing config notes to blib/lib/Module/Build/ConfigData.pm
Manifying blib/script/config_data -> blib/bindoc/config_data.1
Manifying blib/lib/Module/Build/Platform/Unix.pm -> blib/libdoc/Module::Build::Platform::Unix.3pm
Manifying blib/lib/Module/Build/Platform/EBCDIC.pm -> blib/libdoc/Module::Build::Platform::EBCDIC.3pm
Manifying blib/lib/Module/Build/Platform/MacOS.pm -> blib/libdoc/Module::Build::Platform::MacOS.3pm
Manifying blib/lib/Module/Build.pm -> blib/libdoc/Module::Build.3pm
Manifying blib/lib/Module/Build/Platform/Amiga.pm -> blib/libdoc/Module::Build::Platform::Amiga.3pm
Manifying blib/lib/Module/Build/ConfigData.pm -> blib/libdoc/Module::Build::ConfigData.3pm
Manifying blib/lib/Module/Build/Platform/cygwin.pm -> blib/libdoc/Module::Build::Platform::cygwin.3pm
Manifying blib/lib/Module/Build/Notes.pm -> blib/libdoc/Module::Build::Notes.3pm
Manifying blib/lib/Module/Build/ModuleInfo.pm -> blib/libdoc/Module::Build::ModuleInfo.3pm
Manifying blib/lib/Module/Build/YAML.pm -> blib/libdoc/Module::Build::YAML.3pm
Manifying blib/lib/Module/Build/PPMMaker.pm -> blib/libdoc/Module::Build::PPMMaker.3pm
Manifying blib/lib/Module/Build/Platform/MPEiX.pm -> blib/libdoc/Module::Build::Platform::MPEiX.3pm
Manifying blib/lib/Module/Build/Platform/Windows.pm -> blib/libdoc/Module::Build::Platform::Windows.3pm
Manifying blib/lib/Module/Build/Platform/VOS.pm -> blib/libdoc/Module::Build::Platform::VOS.3pm
Manifying blib/lib/Module/Build/Platform/Default.pm -> blib/libdoc/Module::Build::Platform::Default.3pm
Manifying blib/lib/Module/Build/API.pod -> blib/libdoc/Module::Build::API.3pm
Manifying blib/lib/Module/Build/Platform/RiscOS.pm -> blib/libdoc/Module::Build::Platform::RiscOS.3pm
Manifying blib/lib/Module/Build/Cookbook.pm -> blib/libdoc/Module::Build::Cookbook.3pm
Manifying blib/lib/Module/Build/Platform/aix.pm -> blib/libdoc/Module::Build::Platform::aix.3pm
Manifying blib/lib/Module/Build/Platform/darwin.pm -> blib/libdoc/Module::Build::Platform::darwin.3pm
Manifying blib/lib/Module/Build/Platform/os2.pm -> blib/libdoc/Module::Build::Platform::os2.3pm
Manifying blib/lib/Module/Build/Platform/VMS.pm -> blib/libdoc/Module::Build::Platform::VMS.3pm
Manifying blib/lib/Module/Build/Base.pm -> blib/libdoc/Module::Build::Base.3pm
Manifying blib/lib/Module/Build/Authoring.pod -> blib/libdoc/Module::Build::Authoring.3pm
Manifying blib/lib/Module/Build/Compat.pm -> blib/libdoc/Module::Build::Compat.3pm
  /usr/bin/make  -- OK
Running make test
/usr/bin/perl Build --makefile_env_macros 1 test
t/PL_files.t ................ t/PL_files.t ................ 1/8                                    t/PL_files.t ................ ok
t/add_property.t ............ t/add_property.t ............ 1/29                                      t/add_property.t ............ ok
t/basic.t ................... t/basic.t ................... 1/60 t/basic.t ................... 50/60                                      t/basic.t ................... ok
t/compat.t .................. t/compat.t .................. 1/? t/compat.t .................. 6/? t/compat.t .................. 14/? t/compat.t .................. 28/? t/compat.t .................. 34/? t/compat.t .................. 48/? t/compat.t .................. 62/? t/compat.t .................. 71/? t/compat.t .................. 85/? t/compat.t .................. 93/? t/compat.t .................. 108/? t/compat.t .................. 126/? t/compat.t .................. 139/? t/compat.t .................. 148/?                                      t/compat.t .................. ok
t/destinations.t ............ t/destinations.t ............ 1/115                                        t/destinations.t ............ ok
t/ext.t ..................... t/ext.t ..................... 1/186 t/ext.t ..................... 143/186                                        t/ext.t ..................... ok
t/extend.t .................. t/extend.t .................. 1/66                                      t/extend.t .................. ok
t/files.t ................... t/files.t ................... 1/6                                    t/files.t ................... ok
t/help.t .................... t/help.t .................... 1/25                                      t/help.t .................... ok
t/install.t ................. t/install.t ................. 1/36 t/install.t ................. 24/36                                      t/install.t ................. ok
t/manifypods.t .............. t/manifypods.t .............. 1/22 t/manifypods.t .............. 16/22                                      t/manifypods.t .............. ok
t/mbyaml.t .................. t/mbyaml.t .................. 1/?                                    t/mbyaml.t .................. ok
t/metadata.t ................ t/metadata.t ................ 1/53 t/metadata.t ................ 47/53                                      t/metadata.t ................ ok
t/metadata2.t ............... t/metadata2.t ............... 1/20 t/metadata2.t ............... 8/20                                      t/metadata2.t ............... ok
t/moduleinfo.t .............. t/moduleinfo.t .............. 1/82                                      t/moduleinfo.t .............. ok
t/new_from_context.t ........ t/new_from_context.t ........ 1/4                                    t/new_from_context.t ........ ok
t/notes.t ................... t/notes.t ................... 1/13 t/notes.t ................... 10/13                                      t/notes.t ................... ok
t/par.t .....................                                    t/par.t ..................... skipped: PAR::Dist 0.17 or up not installed to check .par's.
t/parents.t ................. t/parents.t ................. 1/28                                      t/parents.t ................. ok
t/pod_parser.t .............. t/pod_parser.t .............. 1/8                                    t/pod_parser.t .............. ok
t/ppm.t ..................... t/ppm.t ..................... 1/? t/ppm.t ..................... 2/? t/ppm.t ..................... 3/? t/ppm.t ..................... 11/?                                     t/ppm.t ..................... ok
t/runthrough.t .............. t/runthrough.t .............. 1/32 t/runthrough.t .............. 11/32 t/runthrough.t .............. 14/32                                      t/runthrough.t .............. ok
t/script_dist.t ............. t/script_dist.t ............. 1/?                                    t/script_dist.t ............. ok
t/signature.t ...............                                    t/signature.t ............... skipped: $ENV{TEST_SIGNATURE} is not set
t/test_file_exts.t .......... t/test_file_exts.t .......... 1/5                                    t/test_file_exts.t .......... ok
t/test_type.t ............... t/test_type.t ............... 1/9                                    t/test_type.t ............... ok
t/test_types.t .............. t/test_types.t .............. 1/27 t/test_types.t .............. 4/27                                      t/test_types.t .............. ok
t/tilde.t ................... t/tilde.t ................... 1/18 t/tilde.t ................... 12/18                                      t/tilde.t ................... ok
t/use_tap_harness.t ......... t/use_tap_harness.t ......... 1/8                                    t/use_tap_harness.t ......... ok
t/versions.t ................ t/versions.t ................ 1/4                                    t/versions.t ................ ok
t/write_default_maniskip.t .. t/write_default_maniskip.t .. 1/?                                    t/write_default_maniskip.t .. ok
t/xs.t ...................... t/xs.t ...................... 1/? t/xs.t ...................... 3/? Can't load '/tmp/MB-oNkdUzrO/Simple/blib/arch/auto/Simple/Simple.so' for module Simple: /tmp/MB-oNkdUzrO/Simple/blib/arch/auto/Simple/Simple.so: failed to map segment from shared object: Operation not permitted at /usr/lib64/perl5/5.8.5/x86_64-linux-thread-multi/DynaLoader.pm line 230.
 at -e line 0
Compilation failed in require.
BEGIN failed--compilation aborted.

#   Failed test at t/xs.t line 53.
Can't load '/tmp/MB-oNkdUzrO/Simple/blib/arch/auto/Simple/Simple.so' for module Simple: /tmp/MB-oNkdUzrO/Simple/blib/arch/auto/Simple/Simple.so: failed to map segment from shared object: Operation not permitted at /usr/lib64/perl5/5.8.5/x86_64-linux-thread-multi/DynaLoader.pm line 230.
 at -e line 0
Compilation failed in require.
BEGIN failed--compilation aborted.

#   Failed test at t/xs.t line 57.
#                   '/usr/bin/perl -Mblib -MSimple -we print Simple::okay()
# '
#     doesn't match '(?-xism:ok$)'
Can't load '/tmp/MB-oNkdUzrO/Simple/blib/arch/auto/Simple/Simple.so' for module Simple: /tmp/MB-oNkdUzrO/Simple/blib/arch/auto/Simple/Simple.so: failed to map segment from shared object: Operation not permitted at /usr/lib64/perl5/5.8.5/x86_64-linux-thread-multi/DynaLoader.pm line 230.
 at -e line 0
Compilation failed in require.
BEGIN failed--compilation aborted.

#   Failed test at t/xs.t line 61.
#                   '/usr/bin/perl -Mblib -MSimple -we print Simple::version()
# '
#     doesn't match '(?-xism:0.01$)'
Can't load '/tmp/MB-oNkdUzrO/Simple/blib/arch/auto/Simple/Simple.so' for module Simple: /tmp/MB-oNkdUzrO/Simple/blib/arch/auto/Simple/Simple.so: failed to map segment from shared object: Operation not permitted at /usr/lib64/perl5/5.8.5/x86_64-linux-thread-multi/DynaLoader.pm line 230.
 at -e line 0
Compilation failed in require.
BEGIN failed--compilation aborted.

#   Failed test at t/xs.t line 65.
#                   '/usr/bin/perl -Mblib -MSimple -we print Simple::xs_version()
# '
#     doesn't match '(?-xism:0.01$)'
t/xs.t ...................... 10/? Can't load '/tmp/MB-oNkdUzrO/Simple/blib/arch/auto/Simple/Simple.so' for module Simple: /tmp/MB-oNkdUzrO/Simple/blib/arch/auto/Simple/Simple.so: failed to map segment from shared object: Operation not permitted at /usr/lib64/perl5/5.8.5/x86_64-linux-thread-multi/DynaLoader.pm line 230.
 at t/basic.t line 4
Compilation failed in require at t/basic.t line 4.
BEGIN failed--compilation aborted at t/basic.t line 4.
# Looks like your test exited with 255 before it could output anything.

#   Failed test at t/xs.t line 86.
#          got: 'Failed 1/1 test programs. 0/0 subtests failed.
# '
#     expected: ''
t/xs.t ...................... 13/? Can't load '/tmp/MB-oNkdUzrO/Simple-With-Deep-Name/blib/arch/auto/Simple/With/Deep/Name/Name.so' for module Simple::With::Deep::Name: /tmp/MB-oNkdUzrO/Simple-With-Deep-Name/blib/arch/auto/Simple/With/Deep/Name/Name.so: failed to map segment from shared object: Operation not permitted at /usr/lib64/perl5/5.8.5/x86_64-linux-thread-multi/DynaLoader.pm line 230.
 at t/basic.t line 4
Compilation failed in require at t/basic.t line 4.
BEGIN failed--compilation aborted at t/basic.t line 4.
# Looks like your test exited with 255 before it could output anything.
Failed 1/1 test programs. 0/0 subtests failed.
# Looks like you planned 23 tests but ran 17.
# Looks like you failed 5 tests of 17 run.
# Looks like your test exited with 255 just after 17.
                                    t/xs.t ...................... Dubious, test returned 255 (wstat 65280, 0xff00)
Failed 11/23 subtests 

Test Summary Report
-------------------
t/ext.t                   (Wstat: 0 Tests: 186 Failed: 0)
  TODO passed:   17
t/xs.t                    (Wstat: 65280 Tests: 17 Failed: 5)
  Failed tests:  4-7, 11
  Non-zero exit status: 255
  Parse errors: Bad plan.  You planned 23 tests but ran 17.
Files=32, Tests=1071, 39 wallclock secs ( 0.36 usr  0.08 sys + 21.09 cusr  5.38 csys = 26.91 CPU)
Result: FAIL
Failed 1/32 test programs. 5/1071 subtests failed.
make: *** [test] Error 255
  /usr/bin/make test -- NOT OK
Running make install
  make test had returned bad status, won't install without force
File::Spec is up to date.
File::Temp is up to date.
Scalar::Util is up to date.
Test::More is up to date.
Data::Dumper is up to date.
Digest::SHA is up to date.
File::HomeDir is up to date.
Compress::Raw::Zlib is up to date.
IO::Compress::Base is up to date.
IO::Uncompress::Gunzip is up to date.
Compress::Zlib is up to date.
IO::Zlib is up to date.
Archive::Tar is up to date.
Archive::Zip is up to date.
Net::Cmd is up to date.
Net::FTP is up to date.
Term::ReadKey is up to date.
Term::ReadLine::Perl is up to date.
YAML is up to date.
Text::Glob is up to date.
Running install for module CPAN
Running make for A/AN/ANDK/CPAN-1.9402.tar.gz
Checksum for /root/.cpan/sources/authors/id/A/AN/ANDK/CPAN-1.9402.tar.gz ok
CPAN-1.9402/
CPAN-1.9402/inc/
CPAN-1.9402/inc/Test/
CPAN-1.9402/inc/Test/Builder.pm
CPAN-1.9402/inc/Test/More.pm
CPAN-1.9402/lib/
CPAN-1.9402/lib/CPAN.pm
CPAN-1.9402/lib/CPAN/
CPAN-1.9402/lib/CPAN/Admin.pm
CPAN-1.9402/lib/CPAN/Distroprefs.pm
CPAN-1.9402/lib/CPAN/CacheMgr.pm
CPAN-1.9402/lib/CPAN/Prompt.pm
CPAN-1.9402/lib/CPAN/Kwalify/
CPAN-1.9402/lib/CPAN/Kwalify/distroprefs.dd
CPAN-1.9402/lib/CPAN/Kwalify/distroprefs.yml
CPAN-1.9402/lib/CPAN/Version.pm
CPAN-1.9402/lib/CPAN/API/
CPAN-1.9402/lib/CPAN/API/HOWTO.pod
CPAN-1.9402/lib/CPAN/HandleConfig.pm
CPAN-1.9402/lib/CPAN/Tarzip.pm
CPAN-1.9402/lib/CPAN/Distribution.pm
CPAN-1.9402/lib/CPAN/InfoObj.pm
CPAN-1.9402/lib/CPAN/Author.pm
CPAN-1.9402/lib/CPAN/FTP.pm
CPAN-1.9402/lib/CPAN/FTP/
CPAN-1.9402/lib/CPAN/FTP/netrc.pm
CPAN-1.9402/lib/CPAN/DeferredCode.pm
CPAN-1.9402/lib/CPAN/Shell.pm
CPAN-1.9402/lib/CPAN/Distrostatus.pm
CPAN-1.9402/lib/CPAN/Bundle.pm
CPAN-1.9402/lib/CPAN/Exception/
CPAN-1.9402/lib/CPAN/Exception/yaml_not_installed.pm
CPAN-1.9402/lib/CPAN/Exception/RecursiveDependency.pm
CPAN-1.9402/lib/CPAN/Exception/blocked_urllist.pm
CPAN-1.9402/lib/CPAN/Queue.pm
CPAN-1.9402/lib/CPAN/Module.pm
CPAN-1.9402/lib/CPAN/Complete.pm
CPAN-1.9402/lib/CPAN/Debug.pm
CPAN-1.9402/lib/CPAN/Kwalify.pm
CPAN-1.9402/lib/CPAN/Nox.pm
CPAN-1.9402/lib/CPAN/URL.pm
CPAN-1.9402/lib/CPAN/FirstTime.pm
CPAN-1.9402/lib/CPAN/LWP/
CPAN-1.9402/lib/CPAN/LWP/UserAgent.pm
CPAN-1.9402/lib/CPAN/Index.pm
CPAN-1.9402/MANIFEST.SKIP
CPAN-1.9402/Changes
CPAN-1.9402/scripts/
CPAN-1.9402/scripts/cpan
CPAN-1.9402/PAUSE2003.pub
CPAN-1.9402/Makefile.PL
CPAN-1.9402/PAUSE2009.pub
CPAN-1.9402/PAUSE2005.pub
CPAN-1.9402/SIGNATURE
CPAN-1.9402/MANIFEST
CPAN-1.9402/META.yml
CPAN-1.9402/PAUSE2007.pub
CPAN-1.9402/SlayMakefile
CPAN-1.9402/Todo
CPAN-1.9402/distroprefs/
CPAN-1.9402/distroprefs/00.README
CPAN-1.9402/distroprefs/SZABGAB.Spreadsheet-ParseExcel.yml
CPAN-1.9402/distroprefs/MSERGEANT.DBIx-AnyDBD.yml
CPAN-1.9402/distroprefs/MSCHILLI.RRDTool-OO.yml
CPAN-1.9402/distroprefs/ZOOLEIKA.RDF-Simple.yml
CPAN-1.9402/distroprefs/CLKAO.IO-Digest.yml
CPAN-1.9402/distroprefs/KARMAN.SWISH-Prog.yml
CPAN-1.9402/distroprefs/ILYAZ.Term-ReadLine-Perl.yml
CPAN-1.9402/distroprefs/AGENT.OpenResty.yml
CPAN-1.9402/distroprefs/RONAN.Transform-Canvas.yml
CPAN-1.9402/distroprefs/EWILHELM.Math-Vec.yml
CPAN-1.9402/distroprefs/MTHURN.Tk-Wizard.yml
CPAN-1.9402/distroprefs/JMASON.Mail-SpamAssassin.yml
CPAN-1.9402/distroprefs/CORION.List-Sliding-Changes.yml
CPAN-1.9402/distroprefs/DAGOLDEN.CPAN-Reporter.yml
CPAN-1.9402/distroprefs/CLAESJAC.JavaScript.yml
CPAN-1.9402/distroprefs/NESTING.Unicode-Wrap.yml
CPAN-1.9402/distroprefs/JAYK.Catalyst-Authen-S-D-C.yml
CPAN-1.9402/distroprefs/SREZIC.Tk-Pod.yml
CPAN-1.9402/distroprefs/OVID.HOP-Parser.yml
CPAN-1.9402/distroprefs/CLKAO.App-CLI.yml
CPAN-1.9402/distroprefs/DJBERG.Tk-JListbox.yml
CPAN-1.9402/distroprefs/DMARTIN.Unix-SavedIDs.yml
CPAN-1.9402/distroprefs/KBROWN.SOAP.yml
CPAN-1.9402/distroprefs/BRYCE.SVG-Metadata.yml
CPAN-1.9402/distroprefs/ANDYA.TAP-Parser.yml
CPAN-1.9402/distroprefs/RCLAMP.Devel-Caller.yml
CPAN-1.9402/distroprefs/AVIF.Time-Duration.yml
CPAN-1.9402/distroprefs/MLEHMANN.PApp.yml
CPAN-1.9402/distroprefs/NICOLAW.WWW-Comic.yml
CPAN-1.9402/distroprefs/ABELTJE.Test-Smoke.yml
CPAN-1.9402/distroprefs/ANDREWF.LaTeX-Driver.yml
CPAN-1.9402/distroprefs/BTROTT.Crypt-DSA.yml
CPAN-1.9402/distroprefs/RRWO.Graphics-ColorNames.yml
CPAN-1.9402/distroprefs/JOHNL.DBD-Informix.yml
CPAN-1.9402/distroprefs/ADAMK.Chart-Math-Axis.yml
CPAN-1.9402/distroprefs/DMAKI.File-Extract.yml
CPAN-1.9402/distroprefs/JESSE.Jifty-DBI.yml
CPAN-1.9402/distroprefs/MIROD.XML-Twig.yml
CPAN-1.9402/distroprefs/GIULIENK.Audio-Beep.yml
CPAN-1.9402/distroprefs/DMUEY.File-Copy-Recursive.yml
CPAN-1.9402/distroprefs/KNORR.Net-MirrorDir.yml
CPAN-1.9402/distroprefs/PDCAWLEY.Class-Inner.yml
CPAN-1.9402/distroprefs/YOSHIDA.WebService-YouTube.yml
CPAN-1.9402/distroprefs/MRAMBERG.Catalyst-View-TT.yml
CPAN-1.9402/distroprefs/MSISK.HTML-TableExtract.yml
CPAN-1.9402/distroprefs/KCLARK.SQL-Translator.yml
CPAN-1.9402/distroprefs/PARDUS.File-MimeInfo.yml
CPAN-1.9402/distroprefs/STAS.libapreq.yml
CPAN-1.9402/distroprefs/MLEHMANN.EV.yml
CPAN-1.9402/distroprefs/SCHWIGON.Class-MethodMaker.yml
CPAN-1.9402/distroprefs/MIYAGAWA.Net-IDN-Nameprep.yml
CPAN-1.9402/distroprefs/VKON.Tcl-Tk.yml
CPAN-1.9402/distroprefs/ACH.Tk-Contrib.yml
CPAN-1.9402/distroprefs/DROLSKY.DateTime-Locale.yml
CPAN-1.9402/distroprefs/BTROTT.Crypt-OpenPGP.yml
CPAN-1.9402/distroprefs/YANICK.XML-XPathScript.yml
CPAN-1.9402/distroprefs/RUZ.DBIx-SearchBuilder.yml
CPAN-1.9402/distroprefs/JOHNSCA.TkCarp.yml
CPAN-1.9402/distroprefs/GEOFF.Apache-Test.yml
CPAN-1.9402/distroprefs/TIMB.Apache-Status-DBI.yml
CPAN-1.9402/distroprefs/MAURICE.IPC-ShareLite.yml
CPAN-1.9402/distroprefs/MJD.Devel-Trace.yml
CPAN-1.9402/distroprefs/GRANTM.XML-SAX.yml
CPAN-1.9402/distroprefs/RIZEN.Config-JSON.yml
CPAN-1.9402/distroprefs/OVID.Test-JSON.yml
CPAN-1.9402/distroprefs/DOM.OpenGuides.yml
CPAN-1.9402/distroprefs/MLEHMANN.Coro.yml
CPAN-1.9402/distroprefs/BLUEFEET.GIS-Distance.yml
CPAN-1.9402/distroprefs/JJORE.AI-Prolog.yml
CPAN-1.9402/distroprefs/HORROCKS.PersistentPerl.yml
CPAN-1.9402/distroprefs/SCHUBIGER.DateTime-Format.yml
CPAN-1.9402/distroprefs/BRIANSKI.XML-Comma.yml
CPAN-1.9402/distroprefs/CHANG-LIU.XML-Node.yml
CPAN-1.9402/distroprefs/ANDK.CPAN-Test-Dummy-Perl5-Build-Fails.yml
CPAN-1.9402/distroprefs/DRTECH.Config-Loader.yml
CPAN-1.9402/distroprefs/DMAKI.DateTime-X.yml
CPAN-1.9402/distroprefs/MInoinc.yml
CPAN-1.9402/distroprefs/JMGDOC.OpenOffice-OODoc.yml
CPAN-1.9402/distroprefs/ZEV.Test-Dependencies.yml
CPAN-1.9402/distroprefs/ARFREITAS.DTS.yml
CPAN-1.9402/distroprefs/PEVANS.IPC-PerlSSH.yml
CPAN-1.9402/distroprefs/DJKERNEN.Mail-IMAPClient.yml
CPAN-1.9402/distroprefs/HANJE.Syntax-Highlight-Engine-Kate.yml
CPAN-1.9402/distroprefs/DSKOLL.MIME-tools.yml
CPAN-1.9402/distroprefs/DROLSKY.Devel-StackTrace.yml
CPAN-1.9402/distroprefs/KRUSCOE.Tie-DxHash.yml
CPAN-1.9402/distroprefs/CHARTGRP.Chart.yml
CPAN-1.9402/distroprefs/RCSEEGE.Tk-JComboBox.yml
CPAN-1.9402/distroprefs/JDIEPEN.Audio-LADSPA.yml
CPAN-1.9402/distroprefs/MARKOV.Mail-Box.yml
CPAN-1.9402/distroprefs/PETDANCE.HTML-Tidy.yml
CPAN-1.9402/distroprefs/JROBINSON.SQL-Translator.yml
CPAN-1.9402/distroprefs/KANE.CPANPLUS.yml
CPAN-1.9402/distroprefs/ANDYA.Test-Harness.yml
CPAN-1.9402/distroprefs/SEANO.Sepia.yml
CPAN-1.9402/distroprefs/EESTABROO.IMAP-Admin.yml
CPAN-1.9402/distroprefs/GAAS.Data-Dump.yml
CPAN-1.9402/distroprefs/NI-S.Tk.yml
CPAN-1.9402/distroprefs/BINGOS.POE-Component-Server-SimpleHTTP.yml
CPAN-1.9402/distroprefs/NKH.PerlBuildSystem.yml
CPAN-1.9402/distroprefs/GOMOR.Net-Write.yml
CPAN-1.9402/distroprefs/KROW.DBIx-Password.yml
CPAN-1.9402/distroprefs/MIYAGAWA.Plagger.yml
CPAN-1.9402/distroprefs/YAMATO.QDBM_File.yml
CPAN-1.9402/distroprefs/BINGOS.POE-Component-CPAN-YACSmoke.yml
CPAN-1.9402/distroprefs/GBARR.perl-ldap.yml
CPAN-1.9402/distroprefs/AUDREYT.PDF-FromHTML.yml
CPAN-1.9402/distroprefs/FLUFFY.Class-MethodMaker.yml
CPAN-1.9402/distroprefs/ANDYA.Perl-Version.yml
CPAN-1.9402/distroprefs/DOMM.Module-CPANTS-ProcessCPAN.yml
CPAN-1.9402/distroprefs/KASEI.Class-Accessor.yml
CPAN-1.9402/distroprefs/02.NOREPORT.yml
CPAN-1.9402/distroprefs/YVES.Date-Simple.yml
CPAN-1.9402/distroprefs/RYBSKEJ.forks.yml
CPAN-1.9402/distroprefs/NI-S.Tk-HTML.yml
CPAN-1.9402/distroprefs/INGY.Inline.yml
CPAN-1.9402/distroprefs/PETDANCE.WWW-Mechanize.yml
CPAN-1.9402/distroprefs/ROODE.Time-Format.yml
CPAN-1.9402/distroprefs/JPRIT.Event.yml
CPAN-1.9402/distroprefs/AMICHAUER.Unicode-Lite.yml
CPAN-1.9402/distroprefs/MLFISHER.Test-MockDBI.yml
CPAN-1.9402/distroprefs/ITYNDALL.Net-Amazon-Thumbnail.yml
CPAN-1.9402/distroprefs/LDS.Crypt-CBC.yml
CPAN-1.9402/distroprefs/JJORE.Carp-Clan.yml
CPAN-1.9402/distroprefs/RJRAY.RPC-XML.yml
CPAN-1.9402/distroprefs/ILYAZ.FreezeThaw.yml
CPAN-1.9402/distroprefs/MTHURN.I18N-Charset.yml
CPAN-1.9402/distroprefs/DAGOLDEN.Term-Title.yml
CPAN-1.9402/distroprefs/JENDA.Mail-Sender.yml
CPAN-1.9402/distroprefs/BTROTT.XML-FOAF.yml
CPAN-1.9402/distroprefs/SCHWERN.Class-Fields.yml
CPAN-1.9402/distroprefs/DLAND.Crypt-SSLeay.yml
CPAN-1.9402/distroprefs/HMBRAND.Spreadsheet-Read.yml
CPAN-1.9402/distroprefs/RSOD.IPC-Run.yml
CPAN-1.9402/distroprefs/YVES.Data-Dump-Streamer.yml
CPAN-1.9402/distroprefs/RICKM.DateTime-Format-Strptime.yml
CPAN-1.9402/distroprefs/MRAMBERG.MojoMojo.yml
CPAN-1.9402/distroprefs/PHOENIX.Term-ReadPassword.yml
CPAN-1.9402/distroprefs/DCOPPIT.Mail-Mbox-MessageParser.yml
CPAN-1.9402/distroprefs/GWYN.POE-Component-Daemon.yml
CPAN-1.9402/distroprefs/ANDYA.File-Find-Parallel.yml
CPAN-1.9402/distroprefs/SWALTERS.typesafety.yml
CPAN-1.9402/distroprefs/JHOBLITT.DateTime-Format-ISO8601.yml
CPAN-1.9402/distroprefs/PCIMPRICH.XML-SAX-ExpatXS.yml
CPAN-1.9402/distroprefs/DMAKI.Xango.yml
CPAN-1.9402/distroprefs/CHISEL.Zucchini.yml
CPAN-1.9402/distroprefs/AUDREYT.YAML-Syck.yml
CPAN-1.9402/distroprefs/MCEGLOWS.Bloom-Filter.yml
CPAN-1.9402/distroprefs/GBROCK.Tk-StayOnTop.yml
CPAN-1.9402/distroprefs/ADAMK.PPI.yml
CPAN-1.9402/distroprefs/FLORA.File-Extractor.yml
CPAN-1.9402/distroprefs/YEWENBIN.Calendar.yml
CPAN-1.9402/distroprefs/ERIC.OpenThought.yml
CPAN-1.9402/distroprefs/URI.File-Slurp.yml
CPAN-1.9402/distroprefs/ANDK.CPAN-Test-Dummy-Perl5-Make-Expect.yml
CPAN-1.9402/distroprefs/SHEVEK.Mail-Karmasphere-Client.yml
CPAN-1.9402/distroprefs/FOTANGO.Data-Structure-Util.yml
CPAN-1.9402/distroprefs/METZZO.Java.yml
CPAN-1.9402/distroprefs/LUSOL.Tk-Gauge.yml
CPAN-1.9402/distroprefs/BSMITH.Devel-EvalContext.yml
CPAN-1.9402/distroprefs/BINGOS.POE-Component-Server-SimpleContent.yml
CPAN-1.9402/distroprefs/ATOURBIN.rpm-build-perl.yml
CPAN-1.9402/distroprefs/LUKEC.Socialtext-Resting.yml
CPAN-1.9402/distroprefs/NUFFIN.Devel-Events.yml
CPAN-1.9402/distroprefs/JOSEPHW.XML-Writer.yml
CPAN-1.9402/distroprefs/BRADFITZ.Perlbal.yml
CPAN-1.9402/distroprefs/CERNEY.Tk-IDElayout.yml
CPAN-1.9402/distroprefs/GIRAFFED.Curses.yml
CPAN-1.9402/distroprefs/HMBRAND.Tk-Clock.yml
CPAN-1.9402/distroprefs/MSERGEANT.AxKit.yml
CPAN-1.9402/distroprefs/QANTINS.BitTorrent.yml
CPAN-1.9402/distroprefs/RRA.PGP-Sign.yml
CPAN-1.9402/distroprefs/TKEEFER.Gantry.yml
CPAN-1.9402/distroprefs/KARASIK.IO-Lambda.yml
CPAN-1.9402/distroprefs/RJBS.Data-UUID.yml
CPAN-1.9402/distroprefs/MIYAGAWA.XML-Atom.yml
CPAN-1.9402/distroprefs/DBROBINS.Net-SSH-Perl.yml
CPAN-1.9402/distroprefs/MIKER.IPtables-IPv4-DBTarpit.yml
CPAN-1.9402/distroprefs/GRICHTER.Embperl.yml
CPAN-1.9402/distroprefs/VPIT.Variable-Magic.yml
CPAN-1.9402/distroprefs/FDALY.Test-Deep.yml
CPAN-1.9402/distroprefs/KWILLIAMS.Crypt-SKey.yml
CPAN-1.9402/distroprefs/DURIST.WWW-Babelfish.yml
CPAN-1.9402/distroprefs/MSERGEANT.XML-Filter-XInclude.yml
CPAN-1.9402/distroprefs/BTROTT.Convert-PEM.yml
CPAN-1.9402/distroprefs/ROBIN.PadWalker.yml
CPAN-1.9402/distroprefs/GBARR.libnet.dd
CPAN-1.9402/distroprefs/OVID.TAPx-Parser.yml
CPAN-1.9402/distroprefs/WYANT.Astro-SpaceTrack.yml
CPAN-1.9402/distroprefs/TIMB.DBI.yml
CPAN-1.9402/distroprefs/OVID.Perl6-Caller.yml
CPAN-1.9402/distroprefs/MJD.Text-Template.yml
CPAN-1.9402/distroprefs/LICHTKIND.Kephra.yml
CPAN-1.9402/distroprefs/BYRNE.SOAP-Lite.yml
CPAN-1.9402/distroprefs/DKWILSON.Tk-DKW.yml
CPAN-1.9402/distroprefs/CMOORE.Archive-Any.yml
CPAN-1.9402/distroprefs/MSERGEANT.XML-Parser.yml
CPAN-1.9402/distroprefs/MJCARMAN.Tie-Tk-Text.yml
CPAN-1.9402/distroprefs/WYANT.Astro-satpass.yml
CPAN-1.9402/distroprefs/BDFOY.Module-Release.yml
CPAN-1.9402/distroprefs/RJBS.MIME-Light.yml
CPAN-1.9402/distroprefs/DOWENS.JSON-DWIW.yml
CPAN-1.9402/distroprefs/TJENNESS.Tk-TextANSIColor.yml
CPAN-1.9402/distroprefs/MARKOV.MailTools.yml
CPAN-1.9402/distroprefs/NODINE.Text-Restructured.yml
CPAN-1.9402/distroprefs/BINGOS.POE-Component-Client-FTP.yml
CPAN-1.9402/distroprefs/MSERGEANT.DBD-SQLite.yml
CPAN-1.9402/distroprefs/DBRIAN.XML-SimpleObject.yml
CPAN-1.9402/distroprefs/PODMASTER.HTML-Scrubber.yml
CPAN-1.9402/distroprefs/BINGOS.POE-Component-SmokeBox-Recent.yml
CPAN-1.9402/distroprefs/MIYAGAWA.Catalyst-View-JSON.yml
CPAN-1.9402/distroprefs/STEVAN.Class-MOP.yml
CPAN-1.9402/distroprefs/EIJABB.MARC-Errorchecks.yml
CPAN-1.9402/distroprefs/LETO.Math-GSL.yml
CPAN-1.9402/distroprefs/RKOBES.PPM-Make.yml
CPAN-1.9402/distroprefs/LOCAL.trailing_dot_distros.yml
CPAN-1.9402/distroprefs/CSOE.PDL.yml
CPAN-1.9402/distroprefs/KVAIL.Tk-Stderr.yml
CPAN-1.9402/distroprefs/ADAMK.Image-Delivery.yml
CPAN-1.9402/distroprefs/CRISB.WWW-Curl.yml
CPAN-1.9402/distroprefs/PHRED.Apache-Reload.yml
CPAN-1.9402/distroprefs/HDP.Perl-Version.yml
CPAN-1.9402/distroprefs/MAKAMAKA.JSON.yml
CPAN-1.9402/distroprefs/SAMTREGAR.Devel-Profiler.yml
CPAN-1.9402/distroprefs/KWILLIAMS.Module-Build.yml
CPAN-1.9402/distroprefs/INGY.YAML.yml
CPAN-1.9402/distroprefs/ADAMK.Test-ClassAPI.yml
CPAN-1.9402/distroprefs/JSHIRLEY.Catalyst-Action-REST.yml
CPAN-1.9402/distroprefs/AUDREYT.Module-Signature.yml
CPAN-1.9402/distroprefs/GBARR.libnet.yml
CPAN-1.9402/distroprefs/LZE.HTML-Menu-TreeView.yml
CPAN-1.9402/distroprefs/DANKOGAI.Regexp-Optimizer.yml
CPAN-1.9402/distroprefs/NEILW.Inline-CPP.yml
CPAN-1.9402/distroprefs/ROBIN.Want.yml
CPAN-1.9402/distroprefs/DUNNIGANJ.Tk-CursorControl.yml
CPAN-1.9402/distroprefs/HAYASHI.Term-ReadLine-Gnu.yml
CPAN-1.9402/distroprefs/DDUMONT.Tk-ObjScanner.yml
CPAN-1.9402/distroprefs/VMAN.Net-Libdnet.yml
CPAN-1.9402/distroprefs/TELS.Math-BigInt-GMP.yml
CPAN-1.9402/distroprefs/TODDR.Net-Jabber-Bot.yml
CPAN-1.9402/distroprefs/CORDATA.Kwiki-Formatter-Emphasis.yml
CPAN-1.9402/distroprefs/LEAKIN.File-Rsync.yml
CPAN-1.9402/distroprefs/STEPANOV.IMDB-Film.yml
CPAN-1.9402/distroprefs/ESUMMERS.MARC-Charset.yml
CPAN-1.9402/distroprefs/OWEN.PDF-Labels.yml
CPAN-1.9402/distroprefs/DCONWAY.Parse-RecDescent.yml
CPAN-1.9402/distroprefs/ZINCDEV.tk-zinc.yml
CPAN-1.9402/distroprefs/ACG.Scrabble-Dict.yml
CPAN-1.9402/distroprefs/GRM.App-CamelPKI.yml
CPAN-1.9402/distroprefs/BDFOY.Business-ISBN.yml
CPAN-1.9402/distroprefs/JRENNIE.WordNet-QueryData.yml
CPAN-1.9402/distroprefs/ABW.Template-Toolkit.yml
CPAN-1.9402/distroprefs/JGMYERS.Encode-Detect.yml
CPAN-1.9402/distroprefs/TBONE.HTTP-File.yml
CPAN-1.9402/distroprefs/GAAS.Font-AFM.yml
CPAN-1.9402/distroprefs/CDENT.Kwiki-Test.yml
CPAN-1.9402/distroprefs/DMAKI.Class-DBI-Plugin-DateTime.yml
CPAN-1.9402/distroprefs/RBS.XML-AutoWriter.yml
CPAN-1.9402/distroprefs/BDFOY.Test-HTTPStatus.yml
CPAN-1.9402/distroprefs/WITTROCK.Tk-PathEntry.yml
CPAN-1.9402/distroprefs/RMUHLE.classes.yml
CPAN-1.9402/distroprefs/DHARRIS.DB_File-Lock.yml
CPAN-1.9402/distroprefs/MAHEX.Image-Grab.yml
CPAN-1.9402/distroprefs/REDTREE.PDF-API2-Simple.yml
CPAN-1.9402/distroprefs/ASCOPE.Net-Google.yml
CPAN-1.9402/distroprefs/MBARBON.Alien-wxWidgets.yml
CPAN-1.9402/distroprefs/01.DISABLED.yml
CPAN-1.9402/distroprefs/TIMB.GoferTransport-http.yml
CPAN-1.9402/distroprefs/SLANNING.Ogre.yml
CPAN-1.9402/distroprefs/SREZIC.Tk-HistEntry.yml
CPAN-1.9402/distroprefs/DONEILL.MIME-tools.yml
CPAN-1.9402/distroprefs/AGRUNDMA.POE-Loop-EV.yml
CPAN-1.9402/distroprefs/MARKOV.Mail-IMAPClient.yml
CPAN-1.9402/distroprefs/ADAMK.Test-Inline.yml
CPAN-1.9402/distroprefs/GOZER.mod_perl.yml
CPAN-1.9402/distroprefs/SCHWERN.Exporter-Lite.yml
CPAN-1.9402/distroprefs/SANKO.Net-BitTorrent.yml
CPAN-1.9402/distroprefs/RCAPUTO.POE.yml
CPAN-1.9402/distroprefs/JKEGL.Test-Weaken.yml
CPAN-1.9402/distroprefs/TLOWERY.DBI-Shell.yml
CPAN-1.9402/distroprefs/BWARFIELD.GDGraph.yml
CPAN-1.9402/distroprefs/CAPTTOFU.DBD-mysql.yml
CPAN-1.9402/distroprefs/MLEHMANN.IO-AIO.yml
CPAN-1.9402/distroprefs/JSTENZEL.Getopt-ArgvFile.yml
CPAN-1.9402/distroprefs/GTERMARS.Apache2-Filter-Minifier-JavaScript.yml
CPAN-1.9402/distroprefs/JCRISTY.PerlMagick.yml
CPAN-1.9402/distroprefs/RJBS.Email-Send.yml
CPAN-1.9402/distroprefs/MLEHMANN.AnyEvent.yml
CPAN-1.9402/distroprefs/RCLAMP.POE-Component-Server-HTTP.yml
CPAN-1.9402/distroprefs/RHOOPER.HTTP-Lite.yml
CPAN-1.9402/distroprefs/DSUGAL.Devel-Size.yml
CPAN-1.9402/distroprefs/JV.Getopt-Long.yml
CPAN-1.9402/distroprefs/ILMARI.DBIx-Class-Schema-Loader.yml
CPAN-1.9402/distroprefs/OLAF.Net-DNS.yml
CPAN-1.9402/distroprefs/SAMTREGAR.DBIx-Timeout.yml
CPAN-1.9402/distroprefs/PETERW.SVG-Parser.yml
CPAN-1.9402/distroprefs/ERYQ.Convert-BinHex.yml
CPAN-1.9402/distroprefs/RDF.Clone.yml
CPAN-1.9402/distroprefs/LBROCARD.Test-WWW-Mechanize-Catalyst.yml
CPAN-1.9402/distroprefs/JPIERCE.IO-Pager.yml
CPAN-1.9402/distroprefs/DWHEELER.Params-CallbackRequest.yml
CPAN-1.9402/distroprefs/NEELY.Data-Serializer.yml
CPAN-1.9402/distroprefs/MARKSTOS.CGI-Session.yml
CPAN-1.9402/distroprefs/ILYAZ.Term-ReadLine-Perl.dd
CPAN-1.9402/distroprefs/BINGOS.POE-Component-Server-NSCA.yml
CPAN-1.9402/distroprefs/TELS.Devel-Size.yml
CPAN-1.9402/distroprefs/RBERJON.JSON-Any.yml
CPAN-1.9402/distroprefs/LAMPRECHT.Tk-GraphItems.yml
CPAN-1.9402/distroprefs/KWILLIAMS.AI-Categorizer.yml
CPAN-1.9402/distroprefs/ROODE.Readonly-XS.yml
CPAN-1.9402/distroprefs/ZOFFIX.LWP-UserAgent-ProxyHopper.yml
CPAN-1.9402/distroprefs/JPEACOCK.SVN-Notify-Mirror.yml
CPAN-1.9402/distroprefs/EBOHLMAN.Text-Query.yml
CPAN-1.9402/distroprefs/YSAS.SWF-Builder.yml
CPAN-1.9402/distroprefs/NUFFIN.Catalyst-Plugin-Session.yml
CPAN-1.9402/distroprefs/DROLSKY.Params-Validate.yml
CPAN-1.9402/distroprefs/FLORA.Net_SSLeay.yml
CPAN-1.9402/distroprefs/INGY.YAML.dd
CPAN-1.9402/distroprefs/PIERS.sapnwrfc.yml
CPAN-1.9402/distroprefs/MARKOV.CPAN-Site.yml
CPAN-1.9402/distroprefs/PAJAS.XML-LibXML.yml
CPAN-1.9402/distroprefs/MI.yml
CPAN-1.9402/distroprefs/SREZIC.Tk-Autoscroll.yml
CPAN-1.9402/distroprefs/WRW.Barcode-Code128.yml
CPAN-1.9402/distroprefs/FHOXH.Test-Reporter.yml
CPAN-1.9402/distroprefs/MSCHWERN.Test-Simple.yml
CPAN-1.9402/distroprefs/DCANTRELL.Devel-CheckOS.yml
CPAN-1.9402/distroprefs/BOBTFISH.Text-Markdown.yml
CPAN-1.9402/distroprefs/GAAS.libwww.yml
CPAN-1.9402/distroprefs/DROLSKY.Alzabo.yml
CPAN-1.9402/distroprefs/RKINYON.DBM-Deep.yml
CPAN-1.9402/distroprefs/CHOCOLATE.Scalar-Util-Clone.yml
CPAN-1.9402/distroprefs/CLACO.Class-Accessor-Grouped.yml
CPAN-1.9402/distroprefs/DAXIM.Yahoo-Photos.yml
CPAN-1.9402/distroprefs/ZOOLEIKA.SVG-Plot.yml
CPAN-1.9402/distroprefs/OVID.Class-Trait.yml
CPAN-1.9402/distroprefs/KAWASAKI.Lingua-JA-Romanize-Japanese.yml
CPAN-1.9402/distroprefs/CLKAO.SVN-Mirror.yml
CPAN-1.9402/distroprefs/VKON.Tcl.yml
CPAN-1.9402/distroprefs/BINGOS.POE-Component-Client-NSCA.yml
CPAN-1.9402/distroprefs/MSERGEANT.CDB_File.yml
CPAN-1.9402/distroprefs/MJEVANS.DBD-ODBC.yml
CPAN-1.9402/distroprefs/NIKIP.Authen-PAM.yml
CPAN-1.9402/distroprefs/MLEHMANN.Gtk-Perl.yml
CPAN-1.9402/distroprefs/GRAY.IO-AIO-Util.yml
CPAN-1.9402/distroprefs/ILYAZ.Math-Pari.yml
CPAN-1.9402/distroprefs/TSCH.Cairo.yml
CPAN-1.9402/distroprefs/ARJAY.Compress-Bzip2.yml
CPAN-1.9402/distroprefs/JESSE.HTTP-Server-Simple.yml
CPAN-1.9402/distroprefs/JROCKWAY.Chroniton.yml
CPAN-1.9402/distroprefs/FABPOT.Plucene-Plugin-Analyzer-SnowballAnalyzer.yml
CPAN-1.9402/distroprefs/BTROTT.Crypt-DH.yml
CPAN-1.9402/distroprefs/TSCH.Gtk2.yml
CPAN-1.9402/distroprefs/DAMS.RT-Client-REST.yml
CPAN-1.9402/t/
CPAN-1.9402/t/data/
CPAN-1.9402/t/data/META-static.yml
CPAN-1.9402/t/data/META-dynamic.yml
CPAN-1.9402/t/12cpan.t
CPAN-1.9402/t/local_utils.pm
CPAN-1.9402/t/60credentials.t
CPAN-1.9402/t/13tarzip.t
CPAN-1.9402/t/31sessions.t
CPAN-1.9402/t/perlcriticrc
CPAN-1.9402/t/30shell.t
CPAN-1.9402/t/30shell.coverage
CPAN-1.9402/t/42distroprefs.t
CPAN-1.9402/t/41distribution.t
CPAN-1.9402/t/00signature.t
CPAN-1.9402/t/03pkgs.t
CPAN-1.9402/t/14forkbomb.t
CPAN-1.9402/t/70_critic.t
CPAN-1.9402/t/52podcover.t
CPAN-1.9402/t/01loadme.t
CPAN-1.9402/t/43distroprefspref.t
CPAN-1.9402/t/11mirroredby.t
CPAN-1.9402/t/CPAN/
CPAN-1.9402/t/CPAN/TestMirroredBy
CPAN-1.9402/t/CPAN/TestPatch.txt
CPAN-1.9402/t/CPAN/modules/
CPAN-1.9402/t/CPAN/modules/03modlist.data
CPAN-1.9402/t/CPAN/modules/02packages.details.txt
CPAN-1.9402/t/CPAN/authors/
CPAN-1.9402/t/CPAN/authors/id/
CPAN-1.9402/t/CPAN/authors/id/A/
CPAN-1.9402/t/CPAN/authors/id/A/AN/
CPAN-1.9402/t/CPAN/authors/id/A/AN/ANDK/
CPAN-1.9402/t/CPAN/authors/id/A/AN/ANDK/CPAN-Test-Dummy-Perl5-BuildOrMake-1.02.tar.gz
CPAN-1.9402/t/CPAN/authors/id/A/AN/ANDK/CPAN-Test-Dummy-Perl5-Build-1.03.tar.gz
CPAN-1.9402/t/CPAN/authors/id/A/AN/ANDK/CPAN-Test-Dummy-Perl5-Make-CircDepeTwo-1.00.tar.gz
CPAN-1.9402/t/CPAN/authors/id/A/AN/ANDK/CPAN-Test-Dummy-Perl5-Build-Fails-1.03.tar.gz
CPAN-1.9402/t/CPAN/authors/id/A/AN/ANDK/CPAN-Test-Dummy-Perl5-Make-CircDepeOne-1.00.tar.gz
CPAN-1.9402/t/CPAN/authors/id/A/AN/ANDK/CPAN-Test-Dummy-Perl5-Make-ConfReq-1.00.tar.gz
CPAN-1.9402/t/CPAN/authors/id/A/AN/ANDK/CPAN-Test-Dummy-Perl5-Build-DepeFails-1.02.tar.gz
CPAN-1.9402/t/CPAN/authors/id/A/AN/ANDK/NotInChecksums-0.000.tar.gz
CPAN-1.9402/t/CPAN/authors/id/A/AN/ANDK/CPAN-Test-Dummy-Perl5-Make-CircDepeThree-1.00.tar.gz
CPAN-1.9402/t/CPAN/authors/id/A/AN/ANDK/patches/
CPAN-1.9402/t/CPAN/authors/id/A/AN/ANDK/patches/CHECKSUMS
CPAN-1.9402/t/CPAN/authors/id/A/AN/ANDK/CPAN-Test-Dummy-Perl5-Make-Expect-1.00.tar.gz
CPAN-1.9402/t/CPAN/authors/id/A/AN/ANDK/CPAN-Test-Dummy-Perl5-Make-UnsatPrereq-1.00.tar.gz
CPAN-1.9402/t/CPAN/authors/id/A/AN/ANDK/CHECKSUMS
CPAN-1.9402/t/CPAN/authors/id/A/AN/ANDK/cpantestdummies/
CPAN-1.9402/t/CPAN/authors/id/A/AN/ANDK/cpantestdummies/CPAN-Test-Dummy-Perl5-Make-Features-1.05.tgz
CPAN-1.9402/t/CPAN/authors/id/A/AN/ANDK/cpantestdummies/CHECKSUMS
CPAN-1.9402/t/CPAN/authors/id/A/AN/ANDK/CPAN-Test-Dummy-Perl5-Make-Zip-1.03.zip
CPAN-1.9402/t/CPAN/authors/id/A/AN/ANDK/CHECKSUMS.2nd
CPAN-1.9402/t/CPAN/authors/id/A/AN/ANDK/CPAN-Test-Dummy-Perl5-Make-1.05.tar.gz
CPAN-1.9402/t/CPAN/authors/id/A/AN/ANDK/CPAN-Test-Dummy-Perl5-Make-Failearly-1.02.tar.gz
CPAN-1.9402/t/CPAN/authors/id/A/AN/CHECKSUMS
CPAN-1.9402/t/CPAN/authors/id/A/CHECKSUMS
CPAN-1.9402/t/CPAN/authors/id/CHECKSUMS
CPAN-1.9402/t/CPAN/authors/01mailrc.txt
CPAN-1.9402/t/CPAN/CpanTestDummies-1.55.pm
CPAN-1.9402/t/CPAN/TestConfig.pm
CPAN-1.9402/t/51pod.t
CPAN-1.9402/t/02nox.t
CPAN-1.9402/t/50pod.t
CPAN-1.9402/t/10version.t
CPAN-1.9402/t/yaml_code.yml
CPAN-1.9402/t/04clean_load.t
CPAN-1.9402/README
Removing previously used /root/.cpan/build/CPAN-1.9402

  CPAN.pm: Going to build A/AN/ANDK/CPAN-1.9402.tar.gz

Importing PAUSE public key into your GnuPG keychain... done!
(You may wish to trust it locally with 'gpg --lsign-key 450F89EC')
Checking if your kit is complete...
Looks good
Writing Makefile for CPAN
cp lib/CPAN.pm blib/lib/CPAN.pm
cp lib/CPAN/CacheMgr.pm blib/lib/CPAN/CacheMgr.pm
cp lib/CPAN/FTP/netrc.pm blib/lib/CPAN/FTP/netrc.pm
cp lib/CPAN/LWP/UserAgent.pm blib/lib/CPAN/LWP/UserAgent.pm
cp lib/CPAN/FTP.pm blib/lib/CPAN/FTP.pm
cp lib/CPAN/Queue.pm blib/lib/CPAN/Queue.pm
cp lib/CPAN/Distroprefs.pm blib/lib/CPAN/Distroprefs.pm
cp lib/CPAN/Kwalify/distroprefs.yml blib/lib/CPAN/Kwalify/distroprefs.yml
cp lib/CPAN/Kwalify.pm blib/lib/CPAN/Kwalify.pm
cp lib/CPAN/Module.pm blib/lib/CPAN/Module.pm
cp lib/CPAN/Author.pm blib/lib/CPAN/Author.pm
cp lib/CPAN/Debug.pm blib/lib/CPAN/Debug.pm
cp lib/CPAN/API/HOWTO.pod blib/lib/CPAN/API/HOWTO.pod
cp lib/CPAN/Complete.pm blib/lib/CPAN/Complete.pm
cp lib/CPAN/FirstTime.pm blib/lib/CPAN/FirstTime.pm
cp lib/CPAN/Distrostatus.pm blib/lib/CPAN/Distrostatus.pm
cp lib/CPAN/Exception/blocked_urllist.pm blib/lib/CPAN/Exception/blocked_urllist.pm
cp lib/CPAN/Tarzip.pm blib/lib/CPAN/Tarzip.pm
cp lib/CPAN/Admin.pm blib/lib/CPAN/Admin.pm
cp lib/CPAN/Prompt.pm blib/lib/CPAN/Prompt.pm
cp lib/CPAN/URL.pm blib/lib/CPAN/URL.pm
cp lib/CPAN/Version.pm blib/lib/CPAN/Version.pm
cp lib/CPAN/DeferredCode.pm blib/lib/CPAN/DeferredCode.pm
cp lib/CPAN/Distribution.pm blib/lib/CPAN/Distribution.pm
cp lib/CPAN/Nox.pm blib/lib/CPAN/Nox.pm
cp lib/CPAN/Bundle.pm blib/lib/CPAN/Bundle.pm
cp lib/CPAN/Exception/RecursiveDependency.pm blib/lib/CPAN/Exception/RecursiveDependency.pm
cp lib/CPAN/Shell.pm blib/lib/CPAN/Shell.pm
cp lib/CPAN/InfoObj.pm blib/lib/CPAN/InfoObj.pm
cp lib/CPAN/HandleConfig.pm blib/lib/CPAN/HandleConfig.pm
cp lib/CPAN/Exception/yaml_not_installed.pm blib/lib/CPAN/Exception/yaml_not_installed.pm
cp lib/CPAN/Index.pm blib/lib/CPAN/Index.pm
cp lib/CPAN/Kwalify/distroprefs.dd blib/lib/CPAN/Kwalify/distroprefs.dd
cp scripts/cpan blib/script/cpan
/usr/bin/perl -MExtUtils::MY -e 'MY->fixin(shift)' -- blib/script/cpan
Manifying blib/man1/cpan.1
Manifying blib/man3/CPAN.3pm
Manifying blib/man3/CPAN::Tarzip.3pm
Manifying blib/man3/CPAN::Admin.3pm
Manifying blib/man3/CPAN::Debug.3pm
Manifying blib/man3/CPAN::HandleConfig.3pm
Manifying blib/man3/CPAN::Queue.3pm
Manifying blib/man3/CPAN::Distroprefs.3pm
Manifying blib/man3/CPAN::Version.3pm
Manifying blib/man3/CPAN::Kwalify.3pm
Manifying blib/man3/CPAN::API::HOWTO.3pm
Manifying blib/man3/CPAN::Nox.3pm
Manifying blib/man3/CPAN::FirstTime.3pm
  /usr/bin/make  -- OK
Running make test
PERL_DL_NONLAZY=1 /usr/bin/perl "-MExtUtils::Command::MM" "-e" "test_harness(0, 'blib/lib', 'blib/arch')" t/*.t
t/00signature.t ........                               t/00signature.t ........ skipped: No Module::Signature found [INC = /root/.cpan/build/CPAN-1.9402/blib/lib /root/.cpan/build/CPAN-1.9402/blib/arch /usr/lib64/perl5/5.8.5/x86_64-linux-thread-multi /usr/lib/perl5/5.8.5 /usr/lib64/perl5/site_perl/5.8.5/x86_64-linux-thread-multi /usr/lib/perl5/site_perl/5.8.5 /usr/lib/perl5/site_perl /usr/lib64/perl5/vendor_perl/5.8.5/x86_64-linux-thread-multi /usr/lib/perl5/vendor_perl/5.8.5 /usr/lib64/perl5/vendor_perl/5.8.3/x86_64-linux-thread-multi /usr/lib/perl5/vendor_perl .]
t/01loadme.t ........... t/01loadme.t ........... 1/1                               t/01loadme.t ........... ok
t/02nox.t .............. t/02nox.t .............. 1/8                               t/02nox.t .............. ok
t/03pkgs.t ............. t/03pkgs.t ............. 1/25                                 t/03pkgs.t ............. ok
t/04clean_load.t ....... t/04clean_load.t ....... 1/30 t/04clean_load.t ....... 18/30                                 t/04clean_load.t ....... ok
t/10version.t .......... t/10version.t .......... 1/60                                 t/10version.t .......... ok
t/11mirroredby.t ....... t/11mirroredby.t ....... 1/6                               t/11mirroredby.t ....... ok
t/12cpan.t ............. t/12cpan.t ............. 1/28 
gzip: /root/.cpan/build/CPAN-1.9402/t/CPAN/authors/01mailrc.txt: not in gzip format

gzip: /root/.cpan/build/CPAN-1.9402/t/CPAN/modules/02packages.details.txt: not in gzip format

gzip: /root/.cpan/build/CPAN-1.9402/t/CPAN/modules/03modlist.data: not in gzip format
t/12cpan.t ............. 2/28                                 t/12cpan.t ............. ok
t/13tarzip.t ........... t/13tarzip.t ........... 1/1                               t/13tarzip.t ........... ok
t/14forkbomb.t .........                               t/14forkbomb.t ......... skipped: test only run when called with --doit
t/30shell.t ............                               t/30shell.t ............ skipped: no Expect, maybe try env CPAN_RUN_SHELL_TEST_WITHOUT_EXPECT=1
t/31sessions.t ......... t/31sessions.t ......... 1/72 t/31sessions.t ......... 3/72 
#   Failed test 'cmd[test CPAN::Test::Dummy::Perl5::Build::Fails]'
#   at t/31sessions.t line 363.
#                   'Running test for module 'CPAN::Test::Dummy::Perl5::Build::Fails'
# Running make for A/AN/ANDK/CPAN-Test-Dummy-Perl5-Build-Fails-1.03.tar.gz
# Prepending /root/.cpan/build/CPAN-1.9402/t/dot-cpan/build/CPAN-Test-Dummy-Perl5-Make-1.05-n8MQ_C/blib/arch /root/.cpan/build/CPAN-1.9402/t/dot-cpan/build/CPAN-Test-Dummy-Perl5-Make-1.05-n8MQ_C/blib/lib to PERL5LIB for 'get'
# '
#     doesn't match '/(?i:t/00_load.+FAILED)/'
##0(the historically first)/5:{q['test CPAN::Test::Dummy::Perl5::Make']=>q['Running test for module \'CPAN::Test::Dummy::Perl5::Make\'
CPAN: CPAN::Kwalify loaded ok (v5.50)
Running make for A/AN/ANDK/CPAN-Test-Dummy-Perl5-Make-1.05.tar.gz
CPAN: Digest::SHA loaded ok (v5.47)
Checksum for /root/.cpan/build/CPAN-1.9402/t/CPAN/authors/id/A/AN/ANDK/CPAN-Test-Dummy-Perl5-Make-1.05.tar.gz ok
Scanning cache /root/.cpan/build/CPAN-1.9402/t/dot-cpan/build for sizes
DONE
CPAN: Archive::Tar loaded ok (v1.52)
CPAN-Test-Dummy-Perl5-Make-1.05/
CPAN-Test-Dummy-Perl5-Make-1.05/t/
CPAN-Test-Dummy-Perl5-Make-1.05/t/00_load.t
CPAN-Test-Dummy-Perl5-Make-1.05/MANIFEST
CPAN-Test-Dummy-Perl5-Make-1.05/lib/
CPAN-Test-Dummy-Perl5-Make-1.05/lib/Bundle/
CPAN-Test-Dummy-Perl5-Make-1.05/lib/Bundle/CpanTestDummies.pm
CPAN-Test-Dummy-Perl5-Make-1.05/lib/CPAN/
CPAN-Test-Dummy-Perl5-Make-1.05/lib/CPAN/Test/
CPAN-Test-Dummy-Perl5-Make-1.05/lib/CPAN/Test/Dummy/
CPAN-Test-Dummy-Perl5-Make-1.05/lib/CPAN/Test/Dummy/Perl5/
CPAN-Test-Dummy-Perl5-Make-1.05/lib/CPAN/Test/Dummy/Perl5/Make.pm
CPAN-Test-Dummy-Perl5-Make-1.05/Changes
CPAN-Test-Dummy-Perl5-Make-1.05/README
CPAN-Test-Dummy-Perl5-Make-1.05/Makefile.PL
CPAN-Test-Dummy-Perl5-Make-1.05/META.yml
CPAN: File::Temp loaded ok (v0.22)

  CPAN.pm: Going to build A/AN/ANDK/CPAN-Test-Dummy-Perl5-Make-1.05.tar.gz

Checking if your kit is complete...
Looks good
Writing Makefile for CPAN::Test::Dummy::Perl5::Make
make[1]: Entering directory `/root/.cpan/build/CPAN-1.9402/t/dot-cpan/build/CPAN-Test-Dummy-Perl5-Make-1.05-n8MQ_C\'
cp lib/Bundle/CpanTestDummies.pm blib/lib/Bundle/CpanTestDummies.pm
cp lib/CPAN/Test/Dummy/Perl5/Make.pm blib/lib/CPAN/Test/Dummy/Perl5/Make.pm
Manifying blib/man3/Bundle::CpanTestDummies.3pm
Manifying blib/man3/CPAN::Test::Dummy::Perl5::Make.3pm
make[1]: Leaving directory `/root/.cpan/build/CPAN-1.9402/t/dot-cpan/build/CPAN-Test-Dummy-Perl5-Make-1.05-n8MQ_C\'
  ANDK/CPAN-Test-Dummy-Perl5-Make-1.05.tar.gz
  /usr/bin/make -- OK
Running make test
make[1]: Entering directory `/root/.cpan/build/CPAN-1.9402/t/dot-cpan/build/CPAN-Test-Dummy-Perl5-Make-1.05-n8MQ_C\'
PERL_DL_NONLAZY=1 /usr/bin/perl "-MExtUtils::Command::MM" "-e" "test_harness(0, \'blib/lib\', \'blib/arch\')" t/*.t
t/00_load.t .. ok
All tests successful.
Files=1, Tests=2,  0 wallclock secs ( 0.02 usr +  0.01 sys =  0.03 CPU)
Result: PASS
make[1]: Leaving directory `/root/.cpan/build/CPAN-1.9402/t/dot-cpan/build/CPAN-Test-Dummy-Perl5-Make-1.05-n8MQ_C\'
  ANDK/CPAN-Test-Dummy-Perl5-Make-1.05.tar.gz
  /usr/bin/make test -- OK
']}
##0(the historically first)/6:{q['get CPAN::Test::Dummy::Perl5::Make']=>q['Running get for module \'CPAN::Test::Dummy::Perl5::Make\'
Prepending /root/.cpan/build/CPAN-1.9402/t/dot-cpan/build/CPAN-Test-Dummy-Perl5-Make-1.05-n8MQ_C/blib/arch /root/.cpan/build/CPAN-1.9402/t/dot-cpan/build/CPAN-Test-Dummy-Perl5-Make-1.05-n8MQ_C/blib/lib to PERL5LIB for \'get\'
  Has already been unwrapped into directory /root/.cpan/build/CPAN-1.9402/t/dot-cpan/build/CPAN-Test-Dummy-Perl5-Make-1.05-n8MQ_C
']}
##0(the historically first)/7:{q['make CPAN::Test::Dummy::Perl5::Make']=>q['Running make for module \'CPAN::Test::Dummy::Perl5::Make\'
Running make for A/AN/ANDK/CPAN-Test-Dummy-Perl5-Make-1.05.tar.gz
Prepending /root/.cpan/build/CPAN-1.9402/t/dot-cpan/build/CPAN-Test-Dummy-Perl5-Make-1.05-n8MQ_C/blib/arch /root/.cpan/build/CPAN-1.9402/t/dot-cpan/build/CPAN-Test-Dummy-Perl5-Make-1.05-n8MQ_C/blib/lib to PERL5LIB for \'get\'
  Has already been unwrapped into directory /root/.cpan/build/CPAN-1.9402/t/dot-cpan/build/CPAN-Test-Dummy-Perl5-Make-1.05-n8MQ_C
Prepending /root/.cpan/build/CPAN-1.9402/t/dot-cpan/build/CPAN-Test-Dummy-Perl5-Make-1.05-n8MQ_C/blib/arch /root/.cpan/build/CPAN-1.9402/t/dot-cpan/build/CPAN-Test-Dummy-Perl5-Make-1.05-n8MQ_C/blib/lib to PERL5LIB for \'make\'
  Has already been made
']}
##0(the historically first)/8:{q['test CPAN::Test::Dummy::Perl5::Make']=>q['Running test for module \'CPAN::Test::Dummy::Perl5::Make\'
Running make for A/AN/ANDK/CPAN-Test-Dummy-Perl5-Make-1.05.tar.gz
Prepending /root/.cpan/build/CPAN-1.9402/t/dot-cpan/build/CPAN-Test-Dummy-Perl5-Make-1.05-n8MQ_C/blib/arch /root/.cpan/build/CPAN-1.9402/t/dot-cpan/build/CPAN-Test-Dummy-Perl5-Make-1.05-n8MQ_C/blib/lib to PERL5LIB for \'get\'
  Has already been unwrapped into directory /root/.cpan/build/CPAN-1.9402/t/dot-cpan/build/CPAN-Test-Dummy-Perl5-Make-1.05-n8MQ_C
Prepending /root/.cpan/build/CPAN-1.9402/t/dot-cpan/build/CPAN-Test-Dummy-Perl5-Make-1.05-n8MQ_C/blib/arch /root/.cpan/build/CPAN-1.9402/t/dot-cpan/build/CPAN-Test-Dummy-Perl5-Make-1.05-n8MQ_C/blib/lib to PERL5LIB for \'make\'
  Has already been made
Prepending /root/.cpan/build/CPAN-1.9402/t/dot-cpan/build/CPAN-Test-Dummy-Perl5-Make-1.05-n8MQ_C/blib/arch /root/.cpan/build/CPAN-1.9402/t/dot-cpan/build/CPAN-Test-Dummy-Perl5-Make-1.05-n8MQ_C/blib/lib to PERL5LIB for \'test\'
Running make test
  Has already been tested successfully
']}
##0(the historically first)/9:{q['force test CPAN::Test::Dummy::Perl5::Make']=>q['Running test for module \'CPAN::Test::Dummy::Perl5::Make\'
Running make for A/AN/ANDK/CPAN-Test-Dummy-Perl5-Make-1.05.tar.gz
Prepending /root/.cpan/build/CPAN-1.9402/t/dot-cpan/build/CPAN-Test-Dummy-Perl5-Make-1.05-n8MQ_C/blib/arch /root/.cpan/build/CPAN-1.9402/t/dot-cpan/build/CPAN-Test-Dummy-Perl5-Make-1.05-n8MQ_C/blib/lib to PERL5LIB for \'get\'
  Has already been unwrapped into directory /root/.cpan/build/CPAN-1.9402/t/dot-cpan/build/CPAN-Test-Dummy-Perl5-Make-1.05-n8MQ_C
Prepending /root/.cpan/build/CPAN-1.9402/t/dot-cpan/build/CPAN-Test-Dummy-Perl5-Make-1.05-n8MQ_C/blib/arch /root/.cpan/build/CPAN-1.9402/t/dot-cpan/build/CPAN-Test-Dummy-Perl5-Make-1.05-n8MQ_C/blib/lib to PERL5LIB for \'make\'
  Has already been made
Prepending /root/.cpan/build/CPAN-1.9402/t/dot-cpan/build/CPAN-Test-Dummy-Perl5-Make-1.05-n8MQ_C/blib/arch /root/.cpan/build/CPAN-1.9402/t/dot-cpan/build/CPAN-Test-Dummy-Perl5-Make-1.05-n8MQ_C/blib/lib to PERL5LIB for \'test\'
Running make test
make[1]: Entering directory `/root/.cpan/build/CPAN-1.9402/t/dot-cpan/build/CPAN-Test-Dummy-Perl5-Make-1.05-n8MQ_C\'
PERL_DL_NONLAZY=1 /usr/bin/perl "-MExtUtils::Command::MM" "-e" "test_harness(0, \'blib/lib\', \'blib/arch\')" t/*.t
t/00_load.t .. ok
All tests successful.
Files=1, Tests=2,  0 wallclock secs ( 0.02 usr +  0.01 sys =  0.03 CPU)
Result: PASS
make[1]: Leaving directory `/root/.cpan/build/CPAN-1.9402/t/dot-cpan/build/CPAN-Test-Dummy-Perl5-Make-1.05-n8MQ_C\'
  ANDK/CPAN-Test-Dummy-Perl5-Make-1.05.tar.gz
  /usr/bin/make test -- OK
']}
##0(the historically first)/10:{q['test CPAN::Test::Dummy::Perl5::Build::Fails']=>q['Running test for module \'CPAN::Test::Dummy::Perl5::Build::Fails\'
Running make for A/AN/ANDK/CPAN-Test-Dummy-Perl5-Build-Fails-1.03.tar.gz
Prepending /root/.cpan/build/CPAN-1.9402/t/dot-cpan/build/CPAN-Test-Dummy-Perl5-Make-1.05-n8MQ_C/blib/arch /root/.cpan/build/CPAN-1.9402/t/dot-cpan/build/CPAN-Test-Dummy-Perl5-Make-1.05-n8MQ_C/blib/lib to PERL5LIB for \'get\'
']}

#   Failed test 'cmd[test CPAN::Test::Dummy::Perl5::Build::Fails]'
#   at t/31sessions.t line 363.
#                   'Running test for module 'CPAN::Test::Dummy::Perl5::Build::Fails'
# Running make for A/AN/ANDK/CPAN-Test-Dummy-Perl5-Build-Fails-1.03.tar.gz
# Prepending /root/.cpan/build/CPAN-1.9402/t/dot-cpan/build/CPAN-Test-Dummy-Perl5-Make-1.05-n8MQ_C/blib/arch /root/.cpan/build/CPAN-1.9402/t/dot-cpan/build/CPAN-Test-Dummy-Perl5-Make-1.05-n8MQ_C/blib/lib to PERL5LIB for 'get'
# '
#     doesn't match '/(?i:t/00_load.+FAILED)/'
##0(the historically first)/6:{q['get CPAN::Test::Dummy::Perl5::Make']=>q['Running get for module \'CPAN::Test::Dummy::Perl5::Make\'
Prepending /root/.cpan/build/CPAN-1.9402/t/dot-cpan/build/CPAN-Test-Dummy-Perl5-Make-1.05-n8MQ_C/blib/arch /root/.cpan/build/CPAN-1.9402/t/dot-cpan/build/CPAN-Test-Dummy-Perl5-Make-1.05-n8MQ_C/blib/lib to PERL5LIB for \'get\'
  Has already been unwrapped into directory /root/.cpan/build/CPAN-1.9402/t/dot-cpan/build/CPAN-Test-Dummy-Perl5-Make-1.05-n8MQ_C
']}
##0(the historically first)/7:{q['make CPAN::Test::Dummy::Perl5::Make']=>q['Running make for module \'CPAN::Test::Dummy::Perl5::Make\'
Running make for A/AN/ANDK/CPAN-Test-Dummy-Perl5-Make-1.05.tar.gz
Prepending /root/.cpan/build/CPAN-1.9402/t/dot-cpan/build/CPAN-Test-Dummy-Perl5-Make-1.05-n8MQ_C/blib/arch /root/.cpan/build/CPAN-1.9402/t/dot-cpan/build/CPAN-Test-Dummy-Perl5-Make-1.05-n8MQ_C/blib/lib to PERL5LIB for \'get\'
  Has already been unwrapped into directory /root/.cpan/build/CPAN-1.9402/t/dot-cpan/build/CPAN-Test-Dummy-Perl5-Make-1.05-n8MQ_C
Prepending /root/.cpan/build/CPAN-1.9402/t/dot-cpan/build/CPAN-Test-Dummy-Perl5-Make-1.05-n8MQ_C/blib/arch /root/.cpan/build/CPAN-1.9402/t/dot-cpan/build/CPAN-Test-Dummy-Perl5-Make-1.05-n8MQ_C/blib/lib to PERL5LIB for \'make\'
  Has already been made
']}
##0(the historically first)/8:{q['test CPAN::Test::Dummy::Perl5::Make']=>q['Running test for module \'CPAN::Test::Dummy::Perl5::Make\'
Running make for A/AN/ANDK/CPAN-Test-Dummy-Perl5-Make-1.05.tar.gz
Prepending /root/.cpan/build/CPAN-1.9402/t/dot-cpan/build/CPAN-Test-Dummy-Perl5-Make-1.05-n8MQ_C/blib/arch /root/.cpan/build/CPAN-1.9402/t/dot-cpan/build/CPAN-Test-Dummy-Perl5-Make-1.05-n8MQ_C/blib/lib to PERL5LIB for \'get\'
  Has already been unwrapped into directory /root/.cpan/build/CPAN-1.9402/t/dot-cpan/build/CPAN-Test-Dummy-Perl5-Make-1.05-n8MQ_C
Prepending /root/.cpan/build/CPAN-1.9402/t/dot-cpan/build/CPAN-Test-Dummy-Perl5-Make-1.05-n8MQ_C/blib/arch /root/.cpan/build/CPAN-1.9402/t/dot-cpan/build/CPAN-Test-Dummy-Perl5-Make-1.05-n8MQ_C/blib/lib to PERL5LIB for \'make\'
  Has already been made
Prepending /root/.cpan/build/CPAN-1.9402/t/dot-cpan/build/CPAN-Test-Dummy-Perl5-Make-1.05-n8MQ_C/blib/arch /root/.cpan/build/CPAN-1.9402/t/dot-cpan/build/CPAN-Test-Dummy-Perl5-Make-1.05-n8MQ_C/blib/lib to PERL5LIB for \'test\'
Running make test
  Has already been tested successfully
']}
##0(the historically first)/9:{q['force test CPAN::Test::Dummy::Perl5::Make']=>q['Running test for module \'CPAN::Test::Dummy::Perl5::Make\'
Running make for A/AN/ANDK/CPAN-Test-Dummy-Perl5-Make-1.05.tar.gz
Prepending /root/.cpan/build/CPAN-1.9402/t/dot-cpan/build/CPAN-Test-Dummy-Perl5-Make-1.05-n8MQ_C/blib/arch /root/.cpan/build/CPAN-1.9402/t/dot-cpan/build/CPAN-Test-Dummy-Perl5-Make-1.05-n8MQ_C/blib/lib to PERL5LIB for \'get\'
  Has already been unwrapped into directory /root/.cpan/build/CPAN-1.9402/t/dot-cpan/build/CPAN-Test-Dummy-Perl5-Make-1.05-n8MQ_C
Prepending /root/.cpan/build/CPAN-1.9402/t/dot-cpan/build/CPAN-Test-Dummy-Perl5-Make-1.05-n8MQ_C/blib/arch /root/.cpan/build/CPAN-1.9402/t/dot-cpan/build/CPAN-Test-Dummy-Perl5-Make-1.05-n8MQ_C/blib/lib to PERL5LIB for \'make\'
  Has already been made
Prepending /root/.cpan/build/CPAN-1.9402/t/dot-cpan/build/CPAN-Test-Dummy-Perl5-Make-1.05-n8MQ_C/blib/arch /root/.cpan/build/CPAN-1.9402/t/dot-cpan/build/CPAN-Test-Dummy-Perl5-Make-1.05-n8MQ_C/blib/lib to PERL5LIB for \'test\'
Running make test
make[1]: Entering directory `/root/.cpan/build/CPAN-1.9402/t/dot-cpan/build/CPAN-Test-Dummy-Perl5-Make-1.05-n8MQ_C\'
PERL_DL_NONLAZY=1 /usr/bin/perl "-MExtUtils::Command::MM" "-e" "test_harness(0, \'blib/lib\', \'blib/arch\')" t/*.t
t/00_load.t .. ok
All tests successful.
Files=1, Tests=2,  0 wallclock secs ( 0.02 usr +  0.01 sys =  0.03 CPU)
Result: PASS
make[1]: Leaving directory `/root/.cpan/build/CPAN-1.9402/t/dot-cpan/build/CPAN-Test-Dummy-Perl5-Make-1.05-n8MQ_C\'
  ANDK/CPAN-Test-Dummy-Perl5-Make-1.05.tar.gz
  /usr/bin/make test -- OK
']}
##0(the historically first)/10:{q['test CPAN::Test::Dummy::Perl5::Build::Fails']=>q['Running test for module \'CPAN::Test::Dummy::Perl5::Build::Fails\'
Running make for A/AN/ANDK/CPAN-Test-Dummy-Perl5-Build-Fails-1.03.tar.gz
Prepending /root/.cpan/build/CPAN-1.9402/t/dot-cpan/build/CPAN-Test-Dummy-Perl5-Make-1.05-n8MQ_C/blib/arch /root/.cpan/build/CPAN-1.9402/t/dot-cpan/build/CPAN-Test-Dummy-Perl5-Make-1.05-n8MQ_C/blib/lib to PERL5LIB for \'get\'
']}
##0(the historically first)/11:{q['test CPAN::Test::Dummy::Perl5::Build::Fails']=>q['Running test for module \'CPAN::Test::Dummy::Perl5::Build::Fails\'
Running make for A/AN/ANDK/CPAN-Test-Dummy-Perl5-Build-Fails-1.03.tar.gz
Prepending /root/.cpan/build/CPAN-1.9402/t/dot-cpan/build/CPAN-Test-Dummy-Perl5-Make-1.05-n8MQ_C/blib/arch /root/.cpan/build/CPAN-1.9402/t/dot-cpan/build/CPAN-Test-Dummy-Perl5-Make-1.05-n8MQ_C/blib/lib to PERL5LIB for \'get\'
']}

#   Failed test 'cmd[get CPAN::Test::Dummy::Perl5::Build::Fails]'
#   at t/31sessions.t line 363.
#                   'Running get for module 'CPAN::Test::Dummy::Perl5::Build::Fails'
# Prepending /root/.cpan/build/CPAN-1.9402/t/dot-cpan/build/CPAN-Test-Dummy-Perl5-Make-1.05-n8MQ_C/blib/arch /root/.cpan/build/CPAN-1.9402/t/dot-cpan/build/CPAN-Test-Dummy-Perl5-Make-1.05-n8MQ_C/blib/lib to PERL5LIB for 'get'
# '
#     doesn't match '/Has already been unwrapped/'
##0(the historically first)/7:{q['make CPAN::Test::Dummy::Perl5::Make']=>q['Running make for module \'CPAN::Test::Dummy::Perl5::Make\'
Running make for A/AN/ANDK/CPAN-Test-Dummy-Perl5-Make-1.05.tar.gz
Prepending /root/.cpan/build/CPAN-1.9402/t/dot-cpan/build/CPAN-Test-Dummy-Perl5-Make-1.05-n8MQ_C/blib/arch /root/.cpan/build/CPAN-1.9402/t/dot-cpan/build/CPAN-Test-Dummy-Perl5-Make-1.05-n8MQ_C/blib/lib to PERL5LIB for \'get\'
  Has already been unwrapped into directory /root/.cpan/build/CPAN-1.9402/t/dot-cpan/build/CPAN-Test-Dummy-Perl5-Make-1.05-n8MQ_C
Prepending /root/.cpan/build/CPAN-1.9402/t/dot-cpan/build/CPAN-Test-Dummy-Perl5-Make-1.05-n8MQ_C/blib/arch /root/.cpan/build/CPAN-1.9402/t/dot-cpan/build/CPAN-Test-Dummy-Perl5-Make-1.05-n8MQ_C/blib/lib to PERL5LIB for \'make\'
  Has already been made
']}
##0(the historically first)/8:{q['test CPAN::Test::Dummy::Perl5::Make']=>q['Running test for module \'CPAN::Test::Dummy::Perl5::Make\'
Running make for A/AN/ANDK/CPAN-Test-Dummy-Perl5-Make-1.05.tar.gz
Prepending /root/.cpan/build/CPAN-1.9402/t/dot-cpan/build/CPAN-Test-Dummy-Perl5-Make-1.05-n8MQ_C/blib/arch /root/.cpan/build/CPAN-1.9402/t/dot-cpan/build/CPAN-Test-Dummy-Perl5-Make-1.05-n8MQ_C/blib/lib to PERL5LIB for \'get\'
  Has already been unwrapped into directory /root/.cpan/build/CPAN-1.9402/t/dot-cpan/build/CPAN-Test-Dummy-Perl5-Make-1.05-n8MQ_C
Prepending /root/.cpan/build/CPAN-1.9402/t/dot-cpan/build/CPAN-Test-Dummy-Perl5-Make-1.05-n8MQ_C/blib/arch /root/.cpan/build/CPAN-1.9402/t/dot-cpan/build/CPAN-Test-Dummy-Perl5-Make-1.05-n8MQ_C/blib/lib to PERL5LIB for \'make\'
  Has already been made
Prepending /root/.cpan/build/CPAN-1.9402/t/dot-cpan/build/CPAN-Test-Dummy-Perl5-Make-1.05-n8MQ_C/blib/arch /root/.cpan/build/CPAN-1.9402/t/dot-cpan/build/CPAN-Test-Dummy-Perl5-Make-1.05-n8MQ_C/blib/lib to PERL5LIB for \'test\'
Running make test
  Has already been tested successfully
']}
##0(the historically first)/9:{q['force test CPAN::Test::Dummy::Perl5::Make']=>q['Running test for module \'CPAN::Test::Dummy::Perl5::Make\'
Running make for A/AN/ANDK/CPAN-Test-Dummy-Perl5-Make-1.05.tar.gz
Prepending /root/.cpan/build/CPAN-1.9402/t/dot-cpan/build/CPAN-Test-Dummy-Perl5-Make-1.05-n8MQ_C/blib/arch /root/.cpan/build/CPAN-1.9402/t/dot-cpan/build/CPAN-Test-Dummy-Perl5-Make-1.05-n8MQ_C/blib/lib to PERL5LIB for \'get\'
  Has already been unwrapped into directory /root/.cpan/build/CPAN-1.9402/t/dot-cpan/build/CPAN-Test-Dummy-Perl5-Make-1.05-n8MQ_C
Prepending /root/.cpan/build/CPAN-1.9402/t/dot-cpan/build/CPAN-Test-Dummy-Perl5-Make-1.05-n8MQ_C/blib/arch /root/.cpan/build/CPAN-1.9402/t/dot-cpan/build/CPAN-Test-Dummy-Perl5-Make-1.05-n8MQ_C/blib/lib to PERL5LIB for \'make\'
  Has already been made
Prepending /root/.cpan/build/CPAN-1.9402/t/dot-cpan/build/CPAN-Test-Dummy-Perl5-Make-1.05-n8MQ_C/blib/arch /root/.cpan/build/CPAN-1.9402/t/dot-cpan/build/CPAN-Test-Dummy-Perl5-Make-1.05-n8MQ_C/blib/lib to PERL5LIB for \'test\'
Running make test
make[1]: Entering directory `/root/.cpan/build/CPAN-1.9402/t/dot-cpan/build/CPAN-Test-Dummy-Perl5-Make-1.05-n8MQ_C\'
PERL_DL_NONLAZY=1 /usr/bin/perl "-MExtUtils::Command::MM" "-e" "test_harness(0, \'blib/lib\', \'blib/arch\')" t/*.t
t/00_load.t .. ok
All tests successful.
Files=1, Tests=2,  0 wallclock secs ( 0.02 usr +  0.01 sys =  0.03 CPU)
Result: PASS
make[1]: Leaving directory `/root/.cpan/build/CPAN-1.9402/t/dot-cpan/build/CPAN-Test-Dummy-Perl5-Make-1.05-n8MQ_C\'
  ANDK/CPAN-Test-Dummy-Perl5-Make-1.05.tar.gz
  /usr/bin/make test -- OK
']}
##0(the historically first)/10:{q['test CPAN::Test::Dummy::Perl5::Build::Fails']=>q['Running test for module \'CPAN::Test::Dummy::Perl5::Build::Fails\'
Running make for A/AN/ANDK/CPAN-Test-Dummy-Perl5-Build-Fails-1.03.tar.gz
Prepending /root/.cpan/build/CPAN-1.9402/t/dot-cpan/build/CPAN-Test-Dummy-Perl5-Make-1.05-n8MQ_C/blib/arch /root/.cpan/build/CPAN-1.9402/t/dot-cpan/build/CPAN-Test-Dummy-Perl5-Make-1.05-n8MQ_C/blib/lib to PERL5LIB for \'get\'
']}
##0(the historically first)/11:{q['test CPAN::Test::Dummy::Perl5::Build::Fails']=>q['Running test for module \'CPAN::Test::Dummy::Perl5::Build::Fails\'
Running make for A/AN/ANDK/CPAN-Test-Dummy-Perl5-Build-Fails-1.03.tar.gz
Prepending /root/.cpan/build/CPAN-1.9402/t/dot-cpan/build/CPAN-Test-Dummy-Perl5-Make-1.05-n8MQ_C/blib/arch /root/.cpan/build/CPAN-1.9402/t/dot-cpan/build/CPAN-Test-Dummy-Perl5-Make-1.05-n8MQ_C/blib/lib to PERL5LIB for \'get\'
']}
##0(the historically first)/12:{q['get CPAN::Test::Dummy::Perl5::Build::Fails']=>q['Running get for module \'CPAN::Test::Dummy::Perl5::Build::Fails\'
Prepending /root/.cpan/build/CPAN-1.9402/t/dot-cpan/build/CPAN-Test-Dummy-Perl5-Make-1.05-n8MQ_C/blib/arch /root/.cpan/build/CPAN-1.9402/t/dot-cpan/build/CPAN-Test-Dummy-Perl5-Make-1.05-n8MQ_C/blib/lib to PERL5LIB for \'get\'
']}

#   Failed test 'cmd[make CPAN::Test::Dummy::Perl5::Build::Fails]'
#   at t/31sessions.t line 363.
#                   'Running make for module 'CPAN::Test::Dummy::Perl5::Build::Fails'
# Running make for A/AN/ANDK/CPAN-Test-Dummy-Perl5-Build-Fails-1.03.tar.gz
# Prepending /root/.cpan/build/CPAN-1.9402/t/dot-cpan/build/CPAN-Test-Dummy-Perl5-Make-1.05-n8MQ_C/blib/arch /root/.cpan/build/CPAN-1.9402/t/dot-cpan/build/CPAN-Test-Dummy-Perl5-Make-1.05-n8MQ_C/blib/lib to PERL5LIB for 'get'
# '
#     doesn't match '/(?sx:Has.already.been.unwrapped.*
#                                                   Has.already.been.made)/'
##0(the historically first)/8:{q['test CPAN::Test::Dummy::Perl5::Make']=>q['Running test for module \'CPAN::Test::Dummy::Perl5::Make\'
Running make for A/AN/ANDK/CPAN-Test-Dummy-Perl5-Make-1.05.tar.gz
Prepending /root/.cpan/build/CPAN-1.9402/t/dot-cpan/build/CPAN-Test-Dummy-Perl5-Make-1.05-n8MQ_C/blib/arch /root/.cpan/build/CPAN-1.9402/t/dot-cpan/build/CPAN-Test-Dummy-Perl5-Make-1.05-n8MQ_C/blib/lib to PERL5LIB for \'get\'
  Has already been unwrapped into directory /root/.cpan/build/CPAN-1.9402/t/dot-cpan/build/CPAN-Test-Dummy-Perl5-Make-1.05-n8MQ_C
Prepending /root/.cpan/build/CPAN-1.9402/t/dot-cpan/build/CPAN-Test-Dummy-Perl5-Make-1.05-n8MQ_C/blib/arch /root/.cpan/build/CPAN-1.9402/t/dot-cpan/build/CPAN-Test-Dummy-Perl5-Make-1.05-n8MQ_C/blib/lib to PERL5LIB for \'make\'
  Has already been made
Prepending /root/.cpan/build/CPAN-1.9402/t/dot-cpan/build/CPAN-Test-Dummy-Perl5-Make-1.05-n8MQ_C/blib/arch /root/.cpan/build/CPAN-1.9402/t/dot-cpan/build/CPAN-Test-Dummy-Perl5-Make-1.05-n8MQ_C/blib/lib to PERL5LIB for \'test\'
Running make test
  Has already been tested successfully
']}
##0(the historically first)/9:{q['force test CPAN::Test::Dummy::Perl5::Make']=>q['Running test for module \'CPAN::Test::Dummy::Perl5::Make\'
Running make for A/AN/ANDK/CPAN-Test-Dummy-Perl5-Make-1.05.tar.gz
Prepending /root/.cpan/build/CPAN-1.9402/t/dot-cpan/build/CPAN-Test-Dummy-Perl5-Make-1.05-n8MQ_C/blib/arch /root/.cpan/build/CPAN-1.9402/t/dot-cpan/build/CPAN-Test-Dummy-Perl5-Make-1.05-n8MQ_C/blib/lib to PERL5LIB for \'get\'
  Has already been unwrapped into directory /root/.cpan/build/CPAN-1.9402/t/dot-cpan/build/CPAN-Test-Dummy-Perl5-Make-1.05-n8MQ_C
Prepending /root/.cpan/build/CPAN-1.9402/t/dot-cpan/build/CPAN-Test-Dummy-Perl5-Make-1.05-n8MQ_C/blib/arch /root/.cpan/build/CPAN-1.9402/t/dot-cpan/build/CPAN-Test-Dummy-Perl5-Make-1.05-n8MQ_C/blib/lib to PERL5LIB for \'make\'
  Has already been made
Prepending /root/.cpan/build/CPAN-1.9402/t/dot-cpan/build/CPAN-Test-Dummy-Perl5-Make-1.05-n8MQ_C/blib/arch /root/.cpan/build/CPAN-1.9402/t/dot-cpan/build/CPAN-Test-Dummy-Perl5-Make-1.05-n8MQ_C/blib/lib to PERL5LIB for \'test\'
Running make test
make[1]: Entering directory `/root/.cpan/build/CPAN-1.9402/t/dot-cpan/build/CPAN-Test-Dummy-Perl5-Make-1.05-n8MQ_C\'
PERL_DL_NONLAZY=1 /usr/bin/perl "-MExtUtils::Command::MM" "-e" "test_harness(0, \'blib/lib\', \'blib/arch\')" t/*.t
t/00_load.t .. ok
All tests successful.
Files=1, Tests=2,  0 wallclock secs ( 0.02 usr +  0.01 sys =  0.03 CPU)
Result: PASS
make[1]: Leaving directory `/root/.cpan/build/CPAN-1.9402/t/dot-cpan/build/CPAN-Test-Dummy-Perl5-Make-1.05-n8MQ_C\'
  ANDK/CPAN-Test-Dummy-Perl5-Make-1.05.tar.gz
  /usr/bin/make test -- OK
']}
##0(the historically first)/10:{q['test CPAN::Test::Dummy::Perl5::Build::Fails']=>q['Running test for module \'CPAN::Test::Dummy::Perl5::Build::Fails\'
Running make for A/AN/ANDK/CPAN-Test-Dummy-Perl5-Build-Fails-1.03.tar.gz
Prepending /root/.cpan/build/CPAN-1.9402/t/dot-cpan/build/CPAN-Test-Dummy-Perl5-Make-1.05-n8MQ_C/blib/arch /root/.cpan/build/CPAN-1.9402/t/dot-cpan/build/CPAN-Test-Dummy-Perl5-Make-1.05-n8MQ_C/blib/lib to PERL5LIB for \'get\'
']}
##0(the historically first)/11:{q['test CPAN::Test::Dummy::Perl5::Build::Fails']=>q['Running test for module \'CPAN::Test::Dummy::Perl5::Build::Fails\'
Running make for A/AN/ANDK/CPAN-Test-Dummy-Perl5-Build-Fails-1.03.tar.gz
Prepending /root/.cpan/build/CPAN-1.9402/t/dot-cpan/build/CPAN-Test-Dummy-Perl5-Make-1.05-n8MQ_C/blib/arch /root/.cpan/build/CPAN-1.9402/t/dot-cpan/build/CPAN-Test-Dummy-Perl5-Make-1.05-n8MQ_C/blib/lib to PERL5LIB for \'get\'
']}
##0(the historically first)/12:{q['get CPAN::Test::Dummy::Perl5::Build::Fails']=>q['Running get for module \'CPAN::Test::Dummy::Perl5::Build::Fails\'
Prepending /root/.cpan/build/CPAN-1.9402/t/dot-cpan/build/CPAN-Test-Dummy-Perl5-Make-1.05-n8MQ_C/blib/arch /root/.cpan/build/CPAN-1.9402/t/dot-cpan/build/CPAN-Test-Dummy-Perl5-Make-1.05-n8MQ_C/blib/lib to PERL5LIB for \'get\'
']}
##0(the historically first)/13:{q['make CPAN::Test::Dummy::Perl5::Build::Fails']=>q['Running make for module \'CPAN::Test::Dummy::Perl5::Build::Fails\'
Running make for A/AN/ANDK/CPAN-Test-Dummy-Perl5-Build-Fails-1.03.tar.gz
Prepending /root/.cpan/build/CPAN-1.9402/t/dot-cpan/build/CPAN-Test-Dummy-Perl5-Make-1.05-n8MQ_C/blib/arch /root/.cpan/build/CPAN-1.9402/t/dot-cpan/build/CPAN-Test-Dummy-Perl5-Make-1.05-n8MQ_C/blib/lib to PERL5LIB for \'get\'
']}

#   Failed test 'cmd[force get CPAN::Test::Dummy::Perl5::Build::Fails]'
#   at t/31sessions.t line 363.
#                   'Running get for module 'CPAN::Test::Dummy::Perl5::Build::Fails'
# Prepending /root/.cpan/build/CPAN-1.9402/t/dot-cpan/build/CPAN-Test-Dummy-Perl5-Make-1.05-n8MQ_C/blib/arch /root/.cpan/build/CPAN-1.9402/t/dot-cpan/build/CPAN-Test-Dummy-Perl5-Make-1.05-n8MQ_C/blib/lib to PERL5LIB for 'get'
# '
#     doesn't match '/(?sx:security.checks.disabled
#                          |Checksum.for.*/CPAN-Test-Dummy-Perl5-Build-Fails-1.03.tar.gz.ok)/'
##0(the historically first)/9:{q['force test CPAN::Test::Dummy::Perl5::Make']=>q['Running test for module \'CPAN::Test::Dummy::Perl5::Make\'
Running make for A/AN/ANDK/CPAN-Test-Dummy-Perl5-Make-1.05.tar.gz
Prepending /root/.cpan/build/CPAN-1.9402/t/dot-cpan/build/CPAN-Test-Dummy-Perl5-Make-1.05-n8MQ_C/blib/arch /root/.cpan/build/CPAN-1.9402/t/dot-cpan/build/CPAN-Test-Dummy-Perl5-Make-1.05-n8MQ_C/blib/lib to PERL5LIB for \'get\'
  Has already been unwrapped into directory /root/.cpan/build/CPAN-1.9402/t/dot-cpan/build/CPAN-Test-Dummy-Perl5-Make-1.05-n8MQ_C
Prepending /root/.cpan/build/CPAN-1.9402/t/dot-cpan/build/CPAN-Test-Dummy-Perl5-Make-1.05-n8MQ_C/blib/arch /root/.cpan/build/CPAN-1.9402/t/dot-cpan/build/CPAN-Test-Dummy-Perl5-Make-1.05-n8MQ_C/blib/lib to PERL5LIB for \'make\'
  Has already been made
Prepending /root/.cpan/build/CPAN-1.9402/t/dot-cpan/build/CPAN-Test-Dummy-Perl5-Make-1.05-n8MQ_C/blib/arch /root/.cpan/build/CPAN-1.9402/t/dot-cpan/build/CPAN-Test-Dummy-Perl5-Make-1.05-n8MQ_C/blib/lib to PERL5LIB for \'test\'
Running make test
make[1]: Entering directory `/root/.cpan/build/CPAN-1.9402/t/dot-cpan/build/CPAN-Test-Dummy-Perl5-Make-1.05-n8MQ_C\'
PERL_DL_NONLAZY=1 /usr/bin/perl "-MExtUtils::Command::MM" "-e" "test_harness(0, \'blib/lib\', \'blib/arch\')" t/*.t
t/00_load.t .. ok
All tests successful.
Files=1, Tests=2,  0 wallclock secs ( 0.02 usr +  0.01 sys =  0.03 CPU)
Result: PASS
make[1]: Leaving directory `/root/.cpan/build/CPAN-1.9402/t/dot-cpan/build/CPAN-Test-Dummy-Perl5-Make-1.05-n8MQ_C\'
  ANDK/CPAN-Test-Dummy-Perl5-Make-1.05.tar.gz
  /usr/bin/make test -- OK
']}
##0(the historically first)/10:{q['test CPAN::Test::Dummy::Perl5::Build::Fails']=>q['Running test for module \'CPAN::Test::Dummy::Perl5::Build::Fails\'
Running make for A/AN/ANDK/CPAN-Test-Dummy-Perl5-Build-Fails-1.03.tar.gz
Prepending /root/.cpan/build/CPAN-1.9402/t/dot-cpan/build/CPAN-Test-Dummy-Perl5-Make-1.05-n8MQ_C/blib/arch /root/.cpan/build/CPAN-1.9402/t/dot-cpan/build/CPAN-Test-Dummy-Perl5-Make-1.05-n8MQ_C/blib/lib to PERL5LIB for \'get\'
']}
##0(the historically first)/11:{q['test CPAN::Test::Dummy::Perl5::Build::Fails']=>q['Running test for module \'CPAN::Test::Dummy::Perl5::Build::Fails\'
Running make for A/AN/ANDK/CPAN-Test-Dummy-Perl5-Build-Fails-1.03.tar.gz
Prepending /root/.cpan/build/CPAN-1.9402/t/dot-cpan/build/CPAN-Test-Dummy-Perl5-Make-1.05-n8MQ_C/blib/arch /root/.cpan/build/CPAN-1.9402/t/dot-cpan/build/CPAN-Test-Dummy-Perl5-Make-1.05-n8MQ_C/blib/lib to PERL5LIB for \'get\'
']}
##0(the historically first)/12:{q['get CPAN::Test::Dummy::Perl5::Build::Fails']=>q['Running get for module \'CPAN::Test::Dummy::Perl5::Build::Fails\'
Prepending /root/.cpan/build/CPAN-1.9402/t/dot-cpan/build/CPAN-Test-Dummy-Perl5-Make-1.05-n8MQ_C/blib/arch /root/.cpan/build/CPAN-1.9402/t/dot-cpan/build/CPAN-Test-Dummy-Perl5-Make-1.05-n8MQ_C/blib/lib to PERL5LIB for \'get\'
']}
##0(the historically first)/13:{q['make CPAN::Test::Dummy::Perl5::Build::Fails']=>q['Running make for module \'CPAN::Test::Dummy::Perl5::Build::Fails\'
Running make for A/AN/ANDK/CPAN-Test-Dummy-Perl5-Build-Fails-1.03.tar.gz
Prepending /root/.cpan/build/CPAN-1.9402/t/dot-cpan/build/CPAN-Test-Dummy-Perl5-Make-1.05-n8MQ_C/blib/arch /root/.cpan/build/CPAN-1.9402/t/dot-cpan/build/CPAN-Test-Dummy-Perl5-Make-1.05-n8MQ_C/blib/lib to PERL5LIB for \'get\'
']}
##0(the historically first)/14:{q['force get CPAN::Test::Dummy::Perl5::Build::Fails']=>q['Running get for module \'CPAN::Test::Dummy::Perl5::Build::Fails\'
Prepending /root/.cpan/build/CPAN-1.9402/t/dot-cpan/build/CPAN-Test-Dummy-Perl5-Make-1.05-n8MQ_C/blib/arch /root/.cpan/build/CPAN-1.9402/t/dot-cpan/build/CPAN-Test-Dummy-Perl5-Make-1.05-n8MQ_C/blib/lib to PERL5LIB for \'get\'
']}
t/31sessions.t ......... 21/72 
#   Failed test 'cmd[get CPAN::Test::Dummy::Perl5::Build::Fails]'
#   at t/31sessions.t line 363.
#                   'Running get for module 'CPAN::Test::Dummy::Perl5::Build::Fails'
# Prepending /root/.cpan/build/CPAN-1.9402/t/dot-cpan/build/CPAN-Test-Dummy-Perl5-Make-1.05-n8MQ_C/blib/arch /root/.cpan/build/CPAN-1.9402/t/dot-cpan/build/CPAN-Test-Dummy-Perl5-Make-1.05-n8MQ_C/blib/lib to PERL5LIB for 'get'
# CPAN: Digest::SHA loaded ok (v5.47)
# Checksum for /root/.cpan/build/CPAN-1.9402/t/CPAN/authors/id/A/AN/ANDK/CPAN-Test-Dummy-Perl5-Build-Fails-1.03.tar.gz ok
# Scanning cache /root/.cpan/build/CPAN-1.9402/t/dot-cpan/build for sizes
# ............................................................................DONE
# CPAN: Archive::Tar loaded ok (v1.52)
# CPAN-Test-Dummy-Perl5-Build-Fails-1.03/
# CPAN-Test-Dummy-Perl5-Build-Fails-1.03/t/
# CPAN-Test-Dummy-Perl5-Build-Fails-1.03/t/00_load.t
# CPAN-Test-Dummy-Perl5-Build-Fails-1.03/MANIFEST
# CPAN-Test-Dummy-Perl5-Build-Fails-1.03/META.yml
# CPAN-Test-Dummy-Perl5-Build-Fails-1.03/Changes
# CPAN-Test-Dummy-Perl5-Build-Fails-1.03/lib/
# CPAN-Test-Dummy-Perl5-Build-Fails-1.03/lib/CPAN/
# CPAN-Test-Dummy-Perl5-Build-Fails-1.03/lib/CPAN/Test/
# CPAN-Test-Dummy-Perl5-Build-Fails-1.03/lib/CPAN/Test/Dummy/
# CPAN-Test-Dummy-Perl5-Build-Fails-1.03/lib/CPAN/Test/Dummy/Perl5/
# CPAN-Test-Dummy-Perl5-Build-Fails-1.03/lib/CPAN/Test/Dummy/Perl5/Build/
# CPAN-Test-Dummy-Perl5-Build-Fails-1.03/lib/CPAN/Test/Dummy/Perl5/Build/Fails.pm
# CPAN-Test-Dummy-Perl5-Build-Fails-1.03/README
# CPAN-Test-Dummy-Perl5-Build-Fails-1.03/Build.PL
# CPAN: File::Temp loaded ok (v0.22)
# '
#     doesn't match '/Has already been unwrapped/'
##1(the historically second)/0:{q['get CPAN::Test::Dummy::Perl5::Make']=>q["CPAN: Storable loaded ok (v2.20)\cJGoing to read '/root/.cpan/build/CPAN-1.9402/t/dot-cpan/Metadata'\cJWarning: Found only 37 objects in /root/.cpan/build/CPAN-1.9402/t/dot-cpan/Metadata\cJCPAN: LWP::UserAgent loaded ok (v2.031)\cJCPAN: Time::HiRes loaded ok (v1.55)\cJCPAN: URI::URL loaded ok (v5.03)\cJCPAN: YAML loaded ok (v0.68)\cJGoing to read '/root/.cpan/build/CPAN-1.9402/t/CPAN/authors/01mailrc.txt'\cJGoing to read 1 yaml file from /root/.cpan/build/CPAN-1.9402/t/dot-cpan/build/\cJ............................................................................DONE\cJRestored the state of 1 (in 0.0107 secs)\cJ............................................................................DONE\cJGoing to read '/root/.cpan/build/CPAN-1.9402/t/CPAN/modules/02packages.details.txt'\cJ  Database was generated on Tue, 03 Feb 1970 03:17:06 GMT\cJWarning: This index file is 14426 days old.\cJ  Please check the host you chose as your CPAN mirror for staleness.\cJ  I'll continue but problems seem likely to happen.\cG\cJ............................................................................DONE\cJGoing to read '/root/.cpan/build/CPAN-1.9402/t/CPAN/modules/03modlist.data'\cJ............................................................................DONE\cJGoing to write /root/.cpan/build/CPAN-1.9402/t/dot-cpan/Metadata\cJRunning get for module 'CPAN::Test::Dummy::Perl5::Make'\cJCPAN: CPAN::Kwalify loaded ok (v5.50)\cJPrepending /root/.cpan/build/CPAN-1.9402/t/dot-cpan/build/CPAN-Test-Dummy-Perl5-Make-1.05-n8MQ_C/blib/arch /root/.cpan/build/CPAN-1.9402/t/dot-cpan/build/CPAN-Test-Dummy-Perl5-Make-1.05-n8MQ_C/blib/lib to PERL5LIB for 'get'\cJ  Has already been unwrapped into directory /root/.cpan/build/CPAN-1.9402/t/dot-cpan/build/CPAN-Test-Dummy-Perl5-Make-1.05-n8MQ_C\cJ"]}
##1(the historically second)/1:{q['make CPAN::Test::Dummy::Perl5::Make']=>q['Running make for module \'CPAN::Test::Dummy::Perl5::Make\'
Running make for A/AN/ANDK/CPAN-Test-Dummy-Perl5-Make-1.05.tar.gz
Prepending /root/.cpan/build/CPAN-1.9402/t/dot-cpan/build/CPAN-Test-Dummy-Perl5-Make-1.05-n8MQ_C/blib/arch /root/.cpan/build/CPAN-1.9402/t/dot-cpan/build/CPAN-Test-Dummy-Perl5-Make-1.05-n8MQ_C/blib/lib to PERL5LIB for \'get\'
  Has already been unwrapped into directory /root/.cpan/build/CPAN-1.9402/t/dot-cpan/build/CPAN-Test-Dummy-Perl5-Make-1.05-n8MQ_C
Prepending /root/.cpan/build/CPAN-1.9402/t/dot-cpan/build/CPAN-Test-Dummy-Perl5-Make-1.05-n8MQ_C/blib/arch /root/.cpan/build/CPAN-1.9402/t/dot-cpan/build/CPAN-Test-Dummy-Perl5-Make-1.05-n8MQ_C/blib/lib to PERL5LIB for \'make\'
  Has already been made
']}
##1(the historically second)/2:{q['test CPAN::Test::Dummy::Perl5::Make']=>q['Running test for module \'CPAN::Test::Dummy::Perl5::Make\'
Running make for A/AN/ANDK/CPAN-Test-Dummy-Perl5-Make-1.05.tar.gz
Prepending /root/.cpan/build/CPAN-1.9402/t/dot-cpan/build/CPAN-Test-Dummy-Perl5-Make-1.05-n8MQ_C/blib/arch /root/.cpan/build/CPAN-1.9402/t/dot-cpan/build/CPAN-Test-Dummy-Perl5-Make-1.05-n8MQ_C/blib/lib to PERL5LIB for \'get\'
  Has already been unwrapped into directory /root/.cpan/build/CPAN-1.9402/t/dot-cpan/build/CPAN-Test-Dummy-Perl5-Make-1.05-n8MQ_C
Prepending /root/.cpan/build/CPAN-1.9402/t/dot-cpan/build/CPAN-Test-Dummy-Perl5-Make-1.05-n8MQ_C/blib/arch /root/.cpan/build/CPAN-1.9402/t/dot-cpan/build/CPAN-Test-Dummy-Perl5-Make-1.05-n8MQ_C/blib/lib to PERL5LIB for \'make\'
  Has already been made
Prepending /root/.cpan/build/CPAN-1.9402/t/dot-cpan/build/CPAN-Test-Dummy-Perl5-Make-1.05-n8MQ_C/blib/arch /root/.cpan/build/CPAN-1.9402/t/dot-cpan/build/CPAN-Test-Dummy-Perl5-Make-1.05-n8MQ_C/blib/lib to PERL5LIB for \'test\'
Running make test
  Has already been tested successfully
']}
##1(the historically second)/3:{q['get CPAN::Test::Dummy::Perl5::Build::Fails']=>q['Running get for module \'CPAN::Test::Dummy::Perl5::Build::Fails\'
Prepending /root/.cpan/build/CPAN-1.9402/t/dot-cpan/build/CPAN-Test-Dummy-Perl5-Make-1.05-n8MQ_C/blib/arch /root/.cpan/build/CPAN-1.9402/t/dot-cpan/build/CPAN-Test-Dummy-Perl5-Make-1.05-n8MQ_C/blib/lib to PERL5LIB for \'get\'
CPAN: Digest::SHA loaded ok (v5.47)
Checksum for /root/.cpan/build/CPAN-1.9402/t/CPAN/authors/id/A/AN/ANDK/CPAN-Test-Dummy-Perl5-Build-Fails-1.03.tar.gz ok
Scanning cache /root/.cpan/build/CPAN-1.9402/t/dot-cpan/build for sizes
............................................................................DONE
CPAN: Archive::Tar loaded ok (v1.52)
CPAN-Test-Dummy-Perl5-Build-Fails-1.03/
CPAN-Test-Dummy-Perl5-Build-Fails-1.03/t/
CPAN-Test-Dummy-Perl5-Build-Fails-1.03/t/00_load.t
CPAN-Test-Dummy-Perl5-Build-Fails-1.03/MANIFEST
CPAN-Test-Dummy-Perl5-Build-Fails-1.03/META.yml
CPAN-Test-Dummy-Perl5-Build-Fails-1.03/Changes
CPAN-Test-Dummy-Perl5-Build-Fails-1.03/lib/
CPAN-Test-Dummy-Perl5-Build-Fails-1.03/lib/CPAN/
CPAN-Test-Dummy-Perl5-Build-Fails-1.03/lib/CPAN/Test/
CPAN-Test-Dummy-Perl5-Build-Fails-1.03/lib/CPAN/Test/Dummy/
CPAN-Test-Dummy-Perl5-Build-Fails-1.03/lib/CPAN/Test/Dummy/Perl5/
CPAN-Test-Dummy-Perl5-Build-Fails-1.03/lib/CPAN/Test/Dummy/Perl5/Build/
CPAN-Test-Dummy-Perl5-Build-Fails-1.03/lib/CPAN/Test/Dummy/Perl5/Build/Fails.pm
CPAN-Test-Dummy-Perl5-Build-Fails-1.03/README
CPAN-Test-Dummy-Perl5-Build-Fails-1.03/Build.PL
CPAN: File::Temp loaded ok (v0.22)
']}
t/31sessions.t ......... 31/72 
#   Failed test 'cmd[test CPAN::Test::Dummy::Perl5::Make::CircDepeOne]'
#   at t/31sessions.t line 363.
#                   'Running test for module 'CPAN::Test::Dummy::Perl5::Make::CircDepeOne'
# 'YAML' not installed, falling back to Data::Dumper and Storable to read prefs '/root/.cpan/build/CPAN-1.9402/t/dot-cpan/prefs'
# Running make for A/AN/ANDK/CPAN-Test-Dummy-Perl5-Make-CircDepeOne-1.00.tar.gz
# CPAN: Digest::SHA loaded ok (v5.47)
# Warning (usually harmless): 'YAML' not installed, cannot parse '/root/.cpan/build/CPAN-1.9402/t/dot-cpan/FTPstats.yml'
# Checksum for /root/.cpan/build/CPAN-1.9402/t/CPAN/authors/id/A/AN/ANDK/CPAN-Test-Dummy-Perl5-Make-CircDepeOne-1.00.tar.gz ok
# Scanning cache /root/.cpan/build/CPAN-1.9402/t/dot-cpan/build for sizes
# ............................................................................DONE
# CPAN: Archive::Tar loaded ok (v1.52)
# CPAN-Test-Dummy-Perl5-Make-CircDepeOne-1.00/
# CPAN-Test-Dummy-Perl5-Make-CircDepeOne-1.00/t/
# CPAN-Test-Dummy-Perl5-Make-CircDepeOne-1.00/t/00_load.t
# CPAN-Test-Dummy-Perl5-Make-CircDepeOne-1.00/MANIFEST
# CPAN-Test-Dummy-Perl5-Make-CircDepeOne-1.00/lib/
# CPAN-Test-Dummy-Perl5-Make-CircDepeOne-1.00/lib/CPAN/
# CPAN-Test-Dummy-Perl5-Make-CircDepeOne-1.00/lib/CPAN/Test/
# CPAN-Test-Dummy-Perl5-Make-CircDepeOne-1.00/lib/CPAN/Test/Dummy/
# CPAN-Test-Dummy-Perl5-Make-CircDepeOne-1.00/lib/CPAN/Test/Dummy/Perl5/
# CPAN-Test-Dummy-Perl5-Make-CircDepeOne-1.00/lib/CPAN/Test/Dummy/Perl5/Make/
# CPAN-Test-Dummy-Perl5-Make-CircDepeOne-1.00/lib/CPAN/Test/Dummy/Perl5/Make/CircDepeOne.pm
# CPAN-Test-Dummy-Perl5-Make-CircDepeOne-1.00/Changes
# CPAN-Test-Dummy-Perl5-Make-CircDepeOne-1.00/README
# CPAN-Test-Dummy-Perl5-Make-CircDepeOne-1.00/Makefile.PL
# CPAN-Test-Dummy-Perl5-Make-CircDepeOne-1.00/META.yml
# CPAN: File::Temp loaded ok (v0.22)
# Warning (usually harmless): 'YAML' not installed, will not store persistent state
# 
#   CPAN.pm: Going to build A/AN/ANDK/CPAN-Test-Dummy-Perl5-Make-CircDepeOne-1.00.tar.gz
# 
# Checking if your kit is complete...
# Looks good
# Writing Makefile for CPAN::Test::Dummy::Perl5::Make::CircDepeOne
# Could not read '/root/.cpan/build/CPAN-1.9402/t/dot-cpan/build/CPAN-Test-Dummy-Perl5-Make-CircDepeOne-1.00-YsBOzc/META.yml'. Falling back to other methods to determine prerequisites
# ----         Unsatisfied dependencies detected during        ----
# ---- ANDK/CPAN-Test-Dummy-Perl5-Make-CircDepeOne-1.00.tar.gz ----
#     CPAN::Test::Dummy::Perl5::Make::CircDepeThree [requires]
# Running make test
#   Delayed until after prerequisites
# Running test for module 'CPAN::Test::Dummy::Perl5::Make::CircDepeThree'
# 'YAML' not installed, falling back to Data::Dumper and Storable to read prefs '/root/.cpan/build/CPAN-1.9402/t/dot-cpan/prefs'
# Running make for A/AN/ANDK/CPAN-Test-Dummy-Perl5-Make-CircDepeThree-1.00.tar.gz
# Warning (usually harmless): 'YAML' not installed, cannot parse '/root/.cpan/build/CPAN-1.9402/t/dot-cpan/FTPstats.yml'
# '
#     doesn't match '/(?xs:
#   Running.test.for.module.+CPAN::Test::Dummy::Perl5::Make::CircDepeOne.+
#   CPAN::Test::Dummy::Perl5::Make::CircDepeThree.+\[requires\].+
#   CPAN::Test::Dummy::Perl5::Make::CircDepeTwo.+\[requires\].+
#   CPAN::Test::Dummy::Perl5::Make::CircDepeOne.+\[requires\].+
#   Recursive.dependency.detected
# )/'
##3(focussing test circdepe)/0:{q['dump $::x=4*6+1']=>q["CPAN: Storable loaded ok (v2.20)\cJGoing to read '/root/.cpan/build/CPAN-1.9402/t/dot-cpan/Metadata'\cJWarning: Found only 37 objects in /root/.cpan/build/CPAN-1.9402/t/dot-cpan/Metadata\cJCPAN: LWP::UserAgent loaded ok (v2.031)\cJCPAN: Time::HiRes loaded ok (v1.55)\cJCPAN: URI::URL loaded ok (v5.03)\cJGoing to read '/root/.cpan/build/CPAN-1.9402/t/CPAN/authors/01mailrc.txt'\cJ............................................................................DONE\cJGoing to read '/root/.cpan/build/CPAN-1.9402/t/CPAN/modules/02packages.details.txt'\cJ  Database was generated on Tue, 03 Feb 1970 03:17:06 GMT\cJWarning: This index file is 14426 days old.\cJ  Please check the host you chose as your CPAN mirror for staleness.\cJ  I'll continue but problems seem likely to happen.\cG\cJ............................................................................DONE\cJGoing to read '/root/.cpan/build/CPAN-1.9402/t/CPAN/modules/03modlist.data'\cJ............................................................................DONE\cJGoing to write /root/.cpan/build/CPAN-1.9402/t/dot-cpan/Metadata\cJCPAN: Data::Dumper loaded ok (v2.124)\cJ\$VAR1 = 25;\cJ"]}
##3(focussing test circdepe)/1:{q['test CPAN::Test::Dummy::Perl5::Make::CircDepeOne']=>q['Running test for module \'CPAN::Test::Dummy::Perl5::Make::CircDepeOne\'
\'YAML\' not installed, falling back to Data::Dumper and Storable to read prefs \'/root/.cpan/build/CPAN-1.9402/t/dot-cpan/prefs\'
Running make for A/AN/ANDK/CPAN-Test-Dummy-Perl5-Make-CircDepeOne-1.00.tar.gz
CPAN: Digest::SHA loaded ok (v5.47)
Warning (usually harmless): \'YAML\' not installed, cannot parse \'/root/.cpan/build/CPAN-1.9402/t/dot-cpan/FTPstats.yml\'
Checksum for /root/.cpan/build/CPAN-1.9402/t/CPAN/authors/id/A/AN/ANDK/CPAN-Test-Dummy-Perl5-Make-CircDepeOne-1.00.tar.gz ok
Scanning cache /root/.cpan/build/CPAN-1.9402/t/dot-cpan/build for sizes
............................................................................DONE
CPAN: Archive::Tar loaded ok (v1.52)
CPAN-Test-Dummy-Perl5-Make-CircDepeOne-1.00/
CPAN-Test-Dummy-Perl5-Make-CircDepeOne-1.00/t/
CPAN-Test-Dummy-Perl5-Make-CircDepeOne-1.00/t/00_load.t
CPAN-Test-Dummy-Perl5-Make-CircDepeOne-1.00/MANIFEST
CPAN-Test-Dummy-Perl5-Make-CircDepeOne-1.00/lib/
CPAN-Test-Dummy-Perl5-Make-CircDepeOne-1.00/lib/CPAN/
CPAN-Test-Dummy-Perl5-Make-CircDepeOne-1.00/lib/CPAN/Test/
CPAN-Test-Dummy-Perl5-Make-CircDepeOne-1.00/lib/CPAN/Test/Dummy/
CPAN-Test-Dummy-Perl5-Make-CircDepeOne-1.00/lib/CPAN/Test/Dummy/Perl5/
CPAN-Test-Dummy-Perl5-Make-CircDepeOne-1.00/lib/CPAN/Test/Dummy/Perl5/Make/
CPAN-Test-Dummy-Perl5-Make-CircDepeOne-1.00/lib/CPAN/Test/Dummy/Perl5/Make/CircDepeOne.pm
CPAN-Test-Dummy-Perl5-Make-CircDepeOne-1.00/Changes
CPAN-Test-Dummy-Perl5-Make-CircDepeOne-1.00/README
CPAN-Test-Dummy-Perl5-Make-CircDepeOne-1.00/Makefile.PL
CPAN-Test-Dummy-Perl5-Make-CircDepeOne-1.00/META.yml
CPAN: File::Temp loaded ok (v0.22)
Warning (usually harmless): \'YAML\' not installed, will not store persistent state

  CPAN.pm: Going to build A/AN/ANDK/CPAN-Test-Dummy-Perl5-Make-CircDepeOne-1.00.tar.gz

Checking if your kit is complete...
Looks good
Writing Makefile for CPAN::Test::Dummy::Perl5::Make::CircDepeOne
Could not read \'/root/.cpan/build/CPAN-1.9402/t/dot-cpan/build/CPAN-Test-Dummy-Perl5-Make-CircDepeOne-1.00-YsBOzc/META.yml\'. Falling back to other methods to determine prerequisites
----         Unsatisfied dependencies detected during        ----
---- ANDK/CPAN-Test-Dummy-Perl5-Make-CircDepeOne-1.00.tar.gz ----
    CPAN::Test::Dummy::Perl5::Make::CircDepeThree [requires]
Running make test
  Delayed until after prerequisites
Running test for module \'CPAN::Test::Dummy::Perl5::Make::CircDepeThree\'
\'YAML\' not installed, falling back to Data::Dumper and Storable to read prefs \'/root/.cpan/build/CPAN-1.9402/t/dot-cpan/prefs\'
Running make for A/AN/ANDK/CPAN-Test-Dummy-Perl5-Make-CircDepeThree-1.00.tar.gz
Warning (usually harmless): \'YAML\' not installed, cannot parse \'/root/.cpan/build/CPAN-1.9402/t/dot-cpan/FTPstats.yml\'
']}
t/31sessions.t ......... 39/72 
#   Failed test 'cmd[test CPAN::Test::Dummy::Perl5::Make::UnsatPrereq]'
#   at t/31sessions.t line 363.
#                   'Running test for module 'CPAN::Test::Dummy::Perl5::Make::UnsatPrereq'
# 'YAML' not installed, falling back to Data::Dumper and Storable to read prefs '/root/.cpan/build/CPAN-1.9402/t/dot-cpan/prefs'
# Running make for A/AN/ANDK/CPAN-Test-Dummy-Perl5-Make-UnsatPrereq-1.00.tar.gz
# CPAN: Digest::SHA loaded ok (v5.47)
# Warning (usually harmless): 'YAML' not installed, cannot parse '/root/.cpan/build/CPAN-1.9402/t/dot-cpan/FTPstats.yml'
# Checksum for /root/.cpan/build/CPAN-1.9402/t/CPAN/authors/id/A/AN/ANDK/CPAN-Test-Dummy-Perl5-Make-UnsatPrereq-1.00.tar.gz ok
# Scanning cache /root/.cpan/build/CPAN-1.9402/t/dot-cpan/build for sizes
# ............................................................................DONE
# CPAN: Archive::Tar loaded ok (v1.52)
# CPAN-Test-Dummy-Perl5-Make-UnsatPrereq-1.00/
# CPAN-Test-Dummy-Perl5-Make-UnsatPrereq-1.00/t/
# CPAN-Test-Dummy-Perl5-Make-UnsatPrereq-1.00/t/00_load.t
# CPAN-Test-Dummy-Perl5-Make-UnsatPrereq-1.00/MANIFEST
# CPAN-Test-Dummy-Perl5-Make-UnsatPrereq-1.00/lib/
# CPAN-Test-Dummy-Perl5-Make-UnsatPrereq-1.00/lib/CPAN/
# CPAN-Test-Dummy-Perl5-Make-UnsatPrereq-1.00/lib/CPAN/Test/
# CPAN-Test-Dummy-Perl5-Make-UnsatPrereq-1.00/lib/CPAN/Test/Dummy/
# CPAN-Test-Dummy-Perl5-Make-UnsatPrereq-1.00/lib/CPAN/Test/Dummy/Perl5/
# CPAN-Test-Dummy-Perl5-Make-UnsatPrereq-1.00/lib/CPAN/Test/Dummy/Perl5/Make/
# CPAN-Test-Dummy-Perl5-Make-UnsatPrereq-1.00/lib/CPAN/Test/Dummy/Perl5/Make/UnsatPrereq.pm
# CPAN-Test-Dummy-Perl5-Make-UnsatPrereq-1.00/META.yml
# CPAN-Test-Dummy-Perl5-Make-UnsatPrereq-1.00/Changes
# CPAN-Test-Dummy-Perl5-Make-UnsatPrereq-1.00/README
# CPAN-Test-Dummy-Perl5-Make-UnsatPrereq-1.00/Makefile.PL
# CPAN: File::Temp loaded ok (v0.22)
# Warning (usually harmless): 'YAML' not installed, will not store persistent state
# 
#   CPAN.pm: Going to build A/AN/ANDK/CPAN-Test-Dummy-Perl5-Make-UnsatPrereq-1.00.tar.gz
# 
# Checking if your kit is complete...
# Looks good
# Writing Makefile for CPAN::Test::Dummy::Perl5::Make::UnsatPrereq
# Could not read '/root/.cpan/build/CPAN-1.9402/t/dot-cpan/build/CPAN-Test-Dummy-Perl5-Make-UnsatPrereq-1.00-T8P17i/META.yml'. Falling back to other methods to determine prerequisites
# ----         Unsatisfied dependencies detected during        ----
# ---- ANDK/CPAN-Test-Dummy-Perl5-Make-UnsatPrereq-1.00.tar.gz ----
#     CPAN::Test::Dummy::Perl5::Make [requires]
# Running make test
#   Delayed until after prerequisites
# Running test for module 'CPAN::Test::Dummy::Perl5::Make'
# 'YAML' not installed, falling back to Data::Dumper and Storable to read prefs '/root/.cpan/build/CPAN-1.9402/t/dot-cpan/prefs'
# Running make for A/AN/ANDK/CPAN-Test-Dummy-Perl5-Make-1.05.tar.gz
# Warning (usually harmless): 'YAML' not installed, cannot parse '/root/.cpan/build/CPAN-1.9402/t/dot-cpan/FTPstats.yml'
# '
#     doesn't match '/(?xs:
#   Warning:.+?
#   Prerequisite.+?
#   CPAN::Test::Dummy::Perl5::Make.+?
#   99999999.99.+?
#   not[ ]available[ ]according[ ]to[ ]the[ ]ind
# )/'
##4(focussing test unsatprereq)/0:{q['dump $::x=4*6+1']=>q["CPAN: Storable loaded ok (v2.20)\cJGoing to read '/root/.cpan/build/CPAN-1.9402/t/dot-cpan/Metadata'\cJWarning: Found only 37 objects in /root/.cpan/build/CPAN-1.9402/t/dot-cpan/Metadata\cJCPAN: LWP::UserAgent loaded ok (v2.031)\cJCPAN: Time::HiRes loaded ok (v1.55)\cJCPAN: URI::URL loaded ok (v5.03)\cJGoing to read '/root/.cpan/build/CPAN-1.9402/t/CPAN/authors/01mailrc.txt'\cJ............................................................................DONE\cJGoing to read '/root/.cpan/build/CPAN-1.9402/t/CPAN/modules/02packages.details.txt'\cJ  Database was generated on Tue, 03 Feb 1970 03:17:06 GMT\cJWarning: This index file is 14426 days old.\cJ  Please check the host you chose as your CPAN mirror for staleness.\cJ  I'll continue but problems seem likely to happen.\cG\cJ............................................................................DONE\cJGoing to read '/root/.cpan/build/CPAN-1.9402/t/CPAN/modules/03modlist.data'\cJ............................................................................DONE\cJGoing to write /root/.cpan/build/CPAN-1.9402/t/dot-cpan/Metadata\cJCPAN: Data::Dumper loaded ok (v2.124)\cJ\$VAR1 = 25;\cJ"]}
##4(focussing test unsatprereq)/1:{q['test CPAN::Test::Dummy::Perl5::Make::UnsatPrereq']=>q['Running test for module \'CPAN::Test::Dummy::Perl5::Make::UnsatPrereq\'
\'YAML\' not installed, falling back to Data::Dumper and Storable to read prefs \'/root/.cpan/build/CPAN-1.9402/t/dot-cpan/prefs\'
Running make for A/AN/ANDK/CPAN-Test-Dummy-Perl5-Make-UnsatPrereq-1.00.tar.gz
CPAN: Digest::SHA loaded ok (v5.47)
Warning (usually harmless): \'YAML\' not installed, cannot parse \'/root/.cpan/build/CPAN-1.9402/t/dot-cpan/FTPstats.yml\'
Checksum for /root/.cpan/build/CPAN-1.9402/t/CPAN/authors/id/A/AN/ANDK/CPAN-Test-Dummy-Perl5-Make-UnsatPrereq-1.00.tar.gz ok
Scanning cache /root/.cpan/build/CPAN-1.9402/t/dot-cpan/build for sizes
............................................................................DONE
CPAN: Archive::Tar loaded ok (v1.52)
CPAN-Test-Dummy-Perl5-Make-UnsatPrereq-1.00/
CPAN-Test-Dummy-Perl5-Make-UnsatPrereq-1.00/t/
CPAN-Test-Dummy-Perl5-Make-UnsatPrereq-1.00/t/00_load.t
CPAN-Test-Dummy-Perl5-Make-UnsatPrereq-1.00/MANIFEST
CPAN-Test-Dummy-Perl5-Make-UnsatPrereq-1.00/lib/
CPAN-Test-Dummy-Perl5-Make-UnsatPrereq-1.00/lib/CPAN/
CPAN-Test-Dummy-Perl5-Make-UnsatPrereq-1.00/lib/CPAN/Test/
CPAN-Test-Dummy-Perl5-Make-UnsatPrereq-1.00/lib/CPAN/Test/Dummy/
CPAN-Test-Dummy-Perl5-Make-UnsatPrereq-1.00/lib/CPAN/Test/Dummy/Perl5/
CPAN-Test-Dummy-Perl5-Make-UnsatPrereq-1.00/lib/CPAN/Test/Dummy/Perl5/Make/
CPAN-Test-Dummy-Perl5-Make-UnsatPrereq-1.00/lib/CPAN/Test/Dummy/Perl5/Make/UnsatPrereq.pm
CPAN-Test-Dummy-Perl5-Make-UnsatPrereq-1.00/META.yml
CPAN-Test-Dummy-Perl5-Make-UnsatPrereq-1.00/Changes
CPAN-Test-Dummy-Perl5-Make-UnsatPrereq-1.00/README
CPAN-Test-Dummy-Perl5-Make-UnsatPrereq-1.00/Makefile.PL
CPAN: File::Temp loaded ok (v0.22)
Warning (usually harmless): \'YAML\' not installed, will not store persistent state

  CPAN.pm: Going to build A/AN/ANDK/CPAN-Test-Dummy-Perl5-Make-UnsatPrereq-1.00.tar.gz

Checking if your kit is complete...
Looks good
Writing Makefile for CPAN::Test::Dummy::Perl5::Make::UnsatPrereq
Could not read \'/root/.cpan/build/CPAN-1.9402/t/dot-cpan/build/CPAN-Test-Dummy-Perl5-Make-UnsatPrereq-1.00-T8P17i/META.yml\'. Falling back to other methods to determine prerequisites
----         Unsatisfied dependencies detected during        ----
---- ANDK/CPAN-Test-Dummy-Perl5-Make-UnsatPrereq-1.00.tar.gz ----
    CPAN::Test::Dummy::Perl5::Make [requires]
Running make test
  Delayed until after prerequisites
Running test for module \'CPAN::Test::Dummy::Perl5::Make\'
\'YAML\' not installed, falling back to Data::Dumper and Storable to read prefs \'/root/.cpan/build/CPAN-1.9402/t/dot-cpan/prefs\'
Running make for A/AN/ANDK/CPAN-Test-Dummy-Perl5-Make-1.05.tar.gz
Warning (usually harmless): \'YAML\' not installed, cannot parse \'/root/.cpan/build/CPAN-1.9402/t/dot-cpan/FTPstats.yml\'
']}
t/31sessions.t ......... 42/72 t/31sessions.t ......... 50/72 
#   Failed test 'cmd[test CPAN::Test::Dummy::Perl5::Make::Features]'
#   at t/31sessions.t line 363.
#                   'Running test for module 'CPAN::Test::Dummy::Perl5::Make::Features'
# CPAN: CPAN::Kwalify loaded ok (v5.50)
# 
# ______________________ D i s t r o P r e f s ______________________
#                      TestDistroPrefsFile.yml[0]                     
# Running make for A/AN/ANDK/cpantestdummies/CPAN-Test-Dummy-Perl5-Make-Features-1.05.tgz
# Prepending /root/.cpan/build/CPAN-1.9402/t/dot-cpan/build/CPAN-Test-Dummy-Perl5-Make-1.05-n8MQ_C/blib/arch /root/.cpan/build/CPAN-1.9402/t/dot-cpan/build/CPAN-Test-Dummy-Perl5-Make-1.05-n8MQ_C/blib/lib to PERL5LIB for 'get'
# CPAN: Digest::SHA loaded ok (v5.47)
# Checksum for /root/.cpan/build/CPAN-1.9402/t/CPAN/authors/id/A/AN/ANDK/cpantestdummies/CPAN-Test-Dummy-Perl5-Make-Features-1.05.tgz ok
# Scanning cache /root/.cpan/build/CPAN-1.9402/t/dot-cpan/build for sizes
# ............................................................................DONE
# CPAN: Archive::Tar loaded ok (v1.52)
# CPAN-Test-Dummy-Perl5-Make-Features-1.05/
# CPAN-Test-Dummy-Perl5-Make-Features-1.05/lib/
# CPAN-Test-Dummy-Perl5-Make-Features-1.05/lib/CPAN/
# CPAN-Test-Dummy-Perl5-Make-Features-1.05/lib/CPAN/Test/
# CPAN-Test-Dummy-Perl5-Make-Features-1.05/lib/CPAN/Test/Dummy/
# CPAN-Test-Dummy-Perl5-Make-Features-1.05/lib/CPAN/Test/Dummy/Perl5/
# CPAN-Test-Dummy-Perl5-Make-Features-1.05/lib/CPAN/Test/Dummy/Perl5/Make/
# CPAN-Test-Dummy-Perl5-Make-Features-1.05/lib/CPAN/Test/Dummy/Perl5/Make/Features.pm
# CPAN-Test-Dummy-Perl5-Make-Features-1.05/t/
# CPAN-Test-Dummy-Perl5-Make-Features-1.05/t/00_load.t
# CPAN-Test-Dummy-Perl5-Make-Features-1.05/MANIFEST
# CPAN-Test-Dummy-Perl5-Make-Features-1.05/Changes
# CPAN-Test-Dummy-Perl5-Make-Features-1.05/README
# CPAN-Test-Dummy-Perl5-Make-Features-1.05/Makefile.PL
# CPAN-Test-Dummy-Perl5-Make-Features-1.05/META.yml
# CPAN: File::Temp loaded ok (v0.22)
# Found the demanded feature 'rice' that is accompanied by this description:
# Builds rice
# 
# Prepending /root/.cpan/build/CPAN-1.9402/t/dot-cpan/build/CPAN-Test-Dummy-Perl5-Make-1.05-n8MQ_C/blib/arch /root/.cpan/build/CPAN-1.9402/t/dot-cpan/build/CPAN-Test-Dummy-Perl5-Make-1.05-n8MQ_C/blib/lib to PERL5LIB for 'make'
# 
#   CPAN.pm: Going to build A/AN/ANDK/cpantestdummies/CPAN-Test-Dummy-Perl5-Make-Features-1.05.tgz
# 
# Checking if your kit is complete...
# Looks good
# Writing Makefile for CPAN::Test::Dummy::Perl5::Make::Features
# Found the demanded feature 'rice' that is accompanied by this description:
# Builds rice
# 
# ----              Unsatisfied dependencies detected during             ----
# ---- ANDK/cpantestdummies/CPAN-Test-Dummy-Perl5-Make-Features-1.05.tgz ----
#     CPAN::Test::Dummy::Perl5::Build [requires]
# Prepending /root/.cpan/build/CPAN-1.9402/t/dot-cpan/build/CPAN-Test-Dummy-Perl5-Make-1.05-n8MQ_C/blib/arch /root/.cpan/build/CPAN-1.9402/t/dot-cpan/build/CPAN-Test-Dummy-Perl5-Make-1.05-n8MQ_C/blib/lib to PERL5LIB for 'test'
# Running make test
#   Delayed until after prerequisites
# Running test for module 'CPAN::Test::Dummy::Perl5::Build'
# Running make for A/AN/ANDK/CPAN-Test-Dummy-Perl5-Build-1.03.tar.gz
# Prepending /root/.cpan/build/CPAN-1.9402/t/dot-cpan/build/CPAN-Test-Dummy-Perl5-Make-1.05-n8MQ_C/blib/arch /root/.cpan/build/CPAN-1.9402/t/dot-cpan/build/CPAN-Test-Dummy-Perl5-Make-1.05-n8MQ_C/blib/lib to PERL5LIB for 'get'
# '
#     doesn't match '/(?sx:Builds.rice.+
#           ANDK/CPAN-Test-Dummy-Perl5-Build-\d.+
#           \./Build[ ]test[ ]--[ ]OK.+
#           ANDK/cpantestdummies/CPAN-Test-Dummy-Perl5-Make-Features-\d.+
#           make\S*[ ]test[ ]--[ ]OK)/'
##6(optional_features)/0:{q['dump $::x=6*6+9']=>q["CPAN: Storable loaded ok (v2.20)\cJGoing to read '/root/.cpan/build/CPAN-1.9402/t/dot-cpan/Metadata'\cJWarning: Found only 37 objects in /root/.cpan/build/CPAN-1.9402/t/dot-cpan/Metadata\cJCPAN: LWP::UserAgent loaded ok (v2.031)\cJCPAN: Time::HiRes loaded ok (v1.55)\cJCPAN: URI::URL loaded ok (v5.03)\cJCPAN: YAML loaded ok (v0.68)\cJGoing to read '/root/.cpan/build/CPAN-1.9402/t/CPAN/authors/01mailrc.txt'\cJGoing to read 2 yaml files from /root/.cpan/build/CPAN-1.9402/t/dot-cpan/build/\cJ......................................DONE\cJRestored the state of 1 (in 0.0235 secs)\cJ............................................................................DONE\cJGoing to read '/root/.cpan/build/CPAN-1.9402/t/CPAN/modules/02packages.details.txt'\cJ  Database was generated on Tue, 03 Feb 1970 03:17:06 GMT\cJWarning: This index file is 14426 days old.\cJ  Please check the host you chose as your CPAN mirror for staleness.\cJ  I'll continue but problems seem likely to happen.\cG\cJ............................................................................DONE\cJGoing to read '/root/.cpan/build/CPAN-1.9402/t/CPAN/modules/03modlist.data'\cJ............................................................................DONE\cJGoing to write /root/.cpan/build/CPAN-1.9402/t/dot-cpan/Metadata\cJ\$VAR1 = 45;\cJ"]}
##6(optional_features)/1:{q['o conf build_dir']=>q['    build_dir          [/root/.cpan/build/CPAN-1.9402/t/dot-cpan/build]
Type \'o conf\' to view all configuration items

']}
##6(optional_features)/2:{q['o conf prefs_dir /root/.cpan/build/CPAN-1.9402/t/dot-cpan/prefs']=>q['    prefs_dir          [/root/.cpan/build/CPAN-1.9402/t/dot-cpan/prefs]
Please use \'o conf commit\' to make the config permanent!

']}
##6(optional_features)/3:{q['test CPAN::Test::Dummy::Perl5::Make::Features']=>q['Running test for module \'CPAN::Test::Dummy::Perl5::Make::Features\'
CPAN: CPAN::Kwalify loaded ok (v5.50)

______________________ D i s t r o P r e f s ______________________
                     TestDistroPrefsFile.yml[0]                     
Running make for A/AN/ANDK/cpantestdummies/CPAN-Test-Dummy-Perl5-Make-Features-1.05.tgz
Prepending /root/.cpan/build/CPAN-1.9402/t/dot-cpan/build/CPAN-Test-Dummy-Perl5-Make-1.05-n8MQ_C/blib/arch /root/.cpan/build/CPAN-1.9402/t/dot-cpan/build/CPAN-Test-Dummy-Perl5-Make-1.05-n8MQ_C/blib/lib to PERL5LIB for \'get\'
CPAN: Digest::SHA loaded ok (v5.47)
Checksum for /root/.cpan/build/CPAN-1.9402/t/CPAN/authors/id/A/AN/ANDK/cpantestdummies/CPAN-Test-Dummy-Perl5-Make-Features-1.05.tgz ok
Scanning cache /root/.cpan/build/CPAN-1.9402/t/dot-cpan/build for sizes
............................................................................DONE
CPAN: Archive::Tar loaded ok (v1.52)
CPAN-Test-Dummy-Perl5-Make-Features-1.05/
CPAN-Test-Dummy-Perl5-Make-Features-1.05/lib/
CPAN-Test-Dummy-Perl5-Make-Features-1.05/lib/CPAN/
CPAN-Test-Dummy-Perl5-Make-Features-1.05/lib/CPAN/Test/
CPAN-Test-Dummy-Perl5-Make-Features-1.05/lib/CPAN/Test/Dummy/
CPAN-Test-Dummy-Perl5-Make-Features-1.05/lib/CPAN/Test/Dummy/Perl5/
CPAN-Test-Dummy-Perl5-Make-Features-1.05/lib/CPAN/Test/Dummy/Perl5/Make/
CPAN-Test-Dummy-Perl5-Make-Features-1.05/lib/CPAN/Test/Dummy/Perl5/Make/Features.pm
CPAN-Test-Dummy-Perl5-Make-Features-1.05/t/
CPAN-Test-Dummy-Perl5-Make-Features-1.05/t/00_load.t
CPAN-Test-Dummy-Perl5-Make-Features-1.05/MANIFEST
CPAN-Test-Dummy-Perl5-Make-Features-1.05/Changes
CPAN-Test-Dummy-Perl5-Make-Features-1.05/README
CPAN-Test-Dummy-Perl5-Make-Features-1.05/Makefile.PL
CPAN-Test-Dummy-Perl5-Make-Features-1.05/META.yml
CPAN: File::Temp loaded ok (v0.22)
Found the demanded feature \'rice\' that is accompanied by this description:
Builds rice

Prepending /root/.cpan/build/CPAN-1.9402/t/dot-cpan/build/CPAN-Test-Dummy-Perl5-Make-1.05-n8MQ_C/blib/arch /root/.cpan/build/CPAN-1.9402/t/dot-cpan/build/CPAN-Test-Dummy-Perl5-Make-1.05-n8MQ_C/blib/lib to PERL5LIB for \'make\'

  CPAN.pm: Going to build A/AN/ANDK/cpantestdummies/CPAN-Test-Dummy-Perl5-Make-Features-1.05.tgz

Checking if your kit is complete...
Looks good
Writing Makefile for CPAN::Test::Dummy::Perl5::Make::Features
Found the demanded feature \'rice\' that is accompanied by this description:
Builds rice

----              Unsatisfied dependencies detected during             ----
---- ANDK/cpantestdummies/CPAN-Test-Dummy-Perl5-Make-Features-1.05.tgz ----
    CPAN::Test::Dummy::Perl5::Build [requires]
Prepending /root/.cpan/build/CPAN-1.9402/t/dot-cpan/build/CPAN-Test-Dummy-Perl5-Make-1.05-n8MQ_C/blib/arch /root/.cpan/build/CPAN-1.9402/t/dot-cpan/build/CPAN-Test-Dummy-Perl5-Make-1.05-n8MQ_C/blib/lib to PERL5LIB for \'test\'
Running make test
  Delayed until after prerequisites
Running test for module \'CPAN::Test::Dummy::Perl5::Build\'
Running make for A/AN/ANDK/CPAN-Test-Dummy-Perl5-Build-1.03.tar.gz
Prepending /root/.cpan/build/CPAN-1.9402/t/dot-cpan/build/CPAN-Test-Dummy-Perl5-Make-1.05-n8MQ_C/blib/arch /root/.cpan/build/CPAN-1.9402/t/dot-cpan/build/CPAN-Test-Dummy-Perl5-Make-1.05-n8MQ_C/blib/lib to PERL5LIB for \'get\'
']}
t/31sessions.t ......... 55/72 t/31sessions.t ......... 59/72 t/31sessions.t ......... 64/72 t/31sessions.t ......... 70/72 # Looks like you failed 9 tests of 72.
                                t/31sessions.t ......... Dubious, test returned 9 (wstat 2304, 0x900)
Failed 9/72 subtests 
t/41distribution.t ..... t/41distribution.t ..... 1/19                                 t/41distribution.t ..... ok
t/42distroprefs.t ...... t/42distroprefs.t ...... 1/5 t/42distroprefs.t ...... 3/5                               t/42distroprefs.t ...... ok
t/43distroprefspref.t .. t/43distroprefspref.t .. 1/21                                 t/43distroprefspref.t .. ok
t/50pod.t .............. t/50pod.t .............. 1/32                                 t/50pod.t .............. ok
t/51pod.t .............. t/51pod.t .............. 1/80                                 t/51pod.t .............. ok
t/52podcover.t .........                               t/52podcover.t ......... skipped: Test::Pod::Coverage 0.18 required for testing pod coverage
t/60credentials.t ...... t/60credentials.t ...... 1/5                               t/60credentials.t ...... ok
t/70_critic.t ..........                               t/70_critic.t .......... skipped: Test::Perl::Critic required to criticise code

Test Summary Report
-------------------
t/31sessions.t       (Wstat: 2304 Tests: 72 Failed: 9)
  Failed tests:  13-17, 24, 37, 40, 53
  Non-zero exit status: 9
Files=20, Tests=393, 46 wallclock secs ( 0.15 usr  0.02 sys + 20.89 cusr  2.28 csys = 23.34 CPU)
Result: FAIL
Failed 1/20 test programs. 9/393 subtests failed.
make: *** [test_dynamic] Error 255
  /usr/bin/make test -- NOT OK
Running make install
  make test had returned bad status, won't install without force
File::Which is up to date.
Bundle summary: The following items in bundle Bundle::CPAN had installation
problems:
  Module::Build CPAN 

                                                                                                                                                                 [4mcpan>[m [1mq[m[1mu[m[1mi[m[1mt[m
Lockfile removed.
]0;root@server1:~[root@server1 ~]# less typescript 
"typescript" may be a binary file.  See it anyway? 
]0;root@server1:~[root@server1 ~]# less typescript 
"typescript" may be a binary file.  See it anyway? 
[?1049h[?1h=[55;1H[KScript started on Mon 03 Aug 2009 10:34:27 AM BST
[7mESC[27m]0;root@server1:~[7m^G[27m[root@server1 ~]# in[7mESC[27m[[7mESC[27m[[7mESC[27m[Kcpan

cpan shell -- CPAN exploration and modules installation (v1.7601)
ReadLine support enabled

                                                                                                                                                              [1m [0m
 [7m^M^MESC[27m[4mcpan>[7mESC[27m[m [7mESC[27m[1mi[7mESC[27m[m[7mESC[27m[1mn[7mESC[27m[m[7mESC[27m[1ms[7mESC[27m[m[7mESC[27m[1mt[7mESC[27m[m[7mESC[27m[1ma[7mESC[27m[m[7mESC[27m[1ml[7mESC[27m[m[7mESC[27m[1ml[7mESC[27m[m[7mESC[27m[1m [7mESC[27m[m[7mESC[27m[1mB[7mESC[27m[m[7mESC[27m[1mu[7mESC[27m[m[7mESC[27m[1mn[7mESC[27m[m[7mESC[27m[1
mm[7mESC[27m[m[7mESC[27m[1md[7mESC[27m[m[7mESC[27m[1ml[7mESC[27m[m[7mESC[27m[1me[7mESC[27m[m[7mESC[27m[1m:[7mESC[27m[m[7m^MESC[27m[4mcpan>[7mESC[27m[m [7mESC[27m[1minstall Bunmdle[7mESC[27m[m[7m^MESC[27m[4mcpan>[7mESC[27m[m [7mESC[27m[1minstall Bunmdl[7mESC[27m[m[7m^MESC[27m[4mcpan>
[7mESC[27m[m [7mESC[27m[1minstall Bunmd[7mESC[27m[m[7m^MESC[27m[4mcpan>[7mESC[27m[m [7mESC[27m[1minstall Bunm[7mESC[27m[m[7m^MESC[27m[4mcpan>[7mESC[27m[m [7mESC[27m[1minstall Bun[7mESC[27m[m[7mESC[27m[1md[7mESC[27m[m[7mESC[27m[1ml[7mESC[27m[m[7mESC[27m[1me[7mESC[27m[m[7mESC[27m[1m:[7mESC[27m
[m[7mESC[27m[1m:[7mESC[27m[m[7mESC[27m[1mC[7mESC[27m[m[7mESC[27m[1mP[7mESC[27m[m[7mESC[27m[1mA[7mESC[27m[m[7mESC[27m[1mN[7mESC[27m[m[7m^M[27m
CPAN: Storable loaded ok
Going to read /root/.cpan/Metadata
  Database was generated on Mon, 03 Aug 2009 00:27:01 GMT
Test::Harness is up to date.
ExtUtils::CBuilder is up to date.
ExtUtils::MakeMaker is up to date.
Running install for module Module::Build
Running make for D/DA/DAGOLDEN/Module-Build-0.34.tar.gz
CPAN: Digest::MD5 loaded ok
Checksum for /root/.cpan/sources/authors/id/D/DA/DAGOLDEN/Module-Build-0.34.tar.gz ok
Scanning cache /root/.cpan/build for sizes
Module-Build-0.34
Module-Build-0.34/Changes
Module-Build-0.34/MANIFEST
Module-Build-0.34/README
Module-Build-0.34/LICENSE
Module-Build-0.34/Build.PL
Module-Build-0.34/META.yml
Module-Build-0.34/INSTALL
Module-Build-0.34/Makefile.PL
Module-Build-0.34/lib
Module-Build-0.34/lib/Module
Module-Build-0.34/lib/Module/Build.pm
Module-Build-0.34/lib/Module/Build
Module-Build-0.34/lib/Module/Build/PodParser.pm
Module-Build-0.34/lib/Module/Build/Base.pm
Module-Build-0.34/lib/Module/Build/YAML.pm
Module-Build-0.34/lib/Module/Build/API.pod
Module-Build-0.34/lib/Module/Build/Version.pm
Module-Build-0.34/lib/Module/Build/Compat.pm
Module-Build-0.34/lib/Module/Build/ModuleInfo.pm
Module-Build-0.34/lib/Module/Build/Cookbook.pm
Module-Build-0.34/lib/Module/Build/Config.pm
Module-Build-0.34/lib/Module/Build/PPMMaker.pm
Module-Build-0.34/lib/Module/Build/Notes.pm
Module-Build-0.34/lib/Module/Build/Dumper.pm
Module-Build-0.34/lib/Module/Build/Authoring.pod
Module-Build-0.34/lib/Module/Build/Platform
Module-Build-0.34/lib/Module/Build/Platform/darwin.pm
Module-Build-0.34/lib/Module/Build/Platform/Unix.pm
Module-Build-0.34/lib/Module/Build/Platform/EBCDIC.pm
Module-Build-0.34/lib/Module/Build/Platform/aix.pm
Module-Build-0.34/lib/Module/Build/Platform/MPEiX.pm
[55;1H[K[7mtypescript [27m[55;1H[55;1H[K...skipping...
Prepending /root/.cpan/build/CPAN-1.9402/t/dot-cpan/build/CPAN-Test-Dummy-Perl5-Make-1.05-n8MQ_C/blib/arch /root/.cpan/build/CPAN-1.9402/t/dot-cpan/build/CPAN-
Test-Dummy-Perl5-Make-1.05-n8MQ_C/blib/lib to PERL5LIB for \'get\'
']}
[7m^M[27mt/31sessions.t ......... 55/72 [7m^M[27mt/31sessions.t ......... 59/72 [7m^M[27mt/31sessions.t ......... 64/72 [7m^M[27mt/31sessions.t ......... 70/72 # Looks like you failed 9 t
ests of 72.
[7m^M[27m                                [7m^M[27mt/31sessions.t ......... Dubious, test returned 9 (wstat 2304, 0x900)
Failed 9/72 subtests 
t/41distribution.t ..... [7m^M[27mt/41distribution.t ..... 1/19 [7m^M[27m                                [7m^M[27mt/41distribution.t ..... ok
t/42distroprefs.t ...... [7m^M[27mt/42distroprefs.t ...... 1/5 [7m^M[27mt/42distroprefs.t ...... 3/5 [7m^M[27m                              [7m^M[27mt/42distroprefs.t ...... ok
t/43distroprefspref.t .. [7m^M[27mt/43distroprefspref.t .. 1/21 [7m^M[27m                                [7m^M[27mt/43distroprefspref.t .. ok
t/50pod.t .............. [7m^M[27mt/50pod.t .............. 1/32 [7m^M[27m                                [7m^M[27mt/50pod.t .............. ok
t/51pod.t .............. [7m^M[27mt/51pod.t .............. 1/80 [7m^M[27m                                [7m^M[27mt/51pod.t .............. ok
t/52podcover.t ......... [7m^M[27m                              [7m^M[27mt/52podcover.t ......... skipped: Test::Pod::Coverage 0.18 required for testing pod coverage
t/60credentials.t ...... [7m^M[27mt/60credentials.t ...... 1/5 [7m^M[27m                              [7m^M[27mt/60credentials.t ...... ok
t/70_critic.t .......... [7m^M[27m                              [7m^M[27mt/70_critic.t .......... skipped: Test::Perl::Critic required to criticise code

Test Summary Report
-------------------
t/31sessions.t       (Wstat: 2304 Tests: 72 Failed: 9)
  Failed tests:  13-17, 24, 37, 40, 53
  Non-zero exit status: 9
Files=20, Tests=393, 46 wallclock secs ( 0.15 usr  0.02 sys + 20.89 cusr  2.28 csys = 23.34 CPU)
Result: FAIL
Failed 1/20 test programs. 9/393 subtests failed.
make: *** [test_dynamic] Error 255
  /usr/bin/make test -- NOT OK
Running make install
  make test had returned bad status, won't install without force
File::Which is up to date.
Bundle summary: The following items in bundle Bundle::CPAN had installation
problems:
  Module::Build CPAN 

                                                                                                                                                              [1m [0m
 [7m^M^MESC[27m[4mcpan>[7mESC[27m[m [7mESC[27m[1mq[7mESC[27m[m[7mESC[27m[1mu[7mESC[27m[m[7mESC[27m[1mi[7mESC[27m[m[7mESC[27m[1mt[7mESC[27m[m[7m^M[27m
Lockfile removed.
[7mESC[27m]0;root@server1:~[7m^G[27m[root@server1 ~]# less typescript 
"typescript" may be a binary file.  See it anyway? 
[7mESC[27m]0;root@server1:~[7m^G[27m[root@server1 ~]# less typescript 
"typescript" may be a binary file.  See it anyway? 
[7mESC[27m[?1049h[7mESC[27m[?1h[7mESC[27m=[7mESC[27m[55;1H[7mESC[27m[KScript started on Mon 03 Aug 2009 10:34:27 AM BST
[7mESC[27m[7mESC[7mESC[27m[27m]0;root@server1:~[7mESC[27m[7m^G[7mESC[27m[27m[root@server1 ~]# in[7mESC[27m[7mESC[7mESC[27m[27m[[7mESC[27m[7mESC[7mESC[27m[27m[[7mESC[27m[7mESC[7mESC[27m[27m[Kcpan

cpan shell -- CPAN exploration and modules installation (v1.7601)
ReadLine support enabled

                                                                                                                                                              
[7mESC[27m[1m [7mESC[27m[0m
 [7mESC[27m[7m^M^MESC[7mESC[27m[27m[4mcpan>[7mESC[27m[7mESC[7mESC[27m[27m[m [7mESC[27m[7mESC[7mESC[27m[27m[1mi[7mESC[27m[7mESC[7mESC[27m[27m[m[7mESC[27m[7mESC[7mESC[27m[27m[1mn[7mESC[27m[7mESC[7mESC[27m[27m[m[7mESC[27m[7mESC[7mESC[27m[27m[1ms[7mESC[27m[7mESC[7mESC[27m[27
m[m[7mESC[27m[7mESC[7mESC[27m[27m[1mt[7mESC[27m[7mESC[7mESC[27m[27m[m[7mESC[27m[7mESC[7mESC[27m[27m[1ma[7mESC[27m[7mESC[7mESC[27m[27m[m[7mESC[27m[7mESC[7mESC[27m[27m[1ml[7mESC[27m[7mESC[7mESC[27m[27m[m[7mESC[27m[7mESC[7mESC[27m[27m[1ml[7mESC[27m[7mESC[7mESC[27m[27m[m[7mESC[27m[
7mESC[7mESC[27m[27m[1m [7mESC[27m[7mESC[7mESC[27m[27m[m[7mESC[27m[7mESC[7mESC[27m[27m[1mB[7mESC[27m[7mESC[7mESC[27m[27m[m[7mESC[27m[7mESC[7mESC[27m[27m[1mu[7mESC[27m[7mESC[7mESC[27m[27m[m[7mESC[27m[7mESC[7mESC[27m[27m[1mn[7mESC[27m[7mESC[7mESC[27m[27m[m[7mESC[27m[7mESC
[7mESC[27m[27m[1
mm[7mESC[27m[7mESC[7mESC[27m[27m[m[7mESC[27m[7mESC[7mESC[27m[27m[1md[7mESC[27m[7mESC[7mESC[27m[27m[m[7mESC[27m[7mESC[7mESC[27m[27m[1ml[7mESC[27m[7mESC[7mESC[27m[27m[m[7mESC[27m[7mESC[7mESC[27m[27m[1me[7mESC[27m[7mESC[7mESC[27m[27m[m[7mESC[27m[7mESC[7mESC[27m[27m[1m:[7mESC[27m[7
mESC[7mESC[27m[27m[m[7mESC[27m[7m^MESC[7mESC[27m[27m[4mcpan>[7mESC[27m[7mESC[7mESC[27m[27m[m [7mESC[27m[7mESC[7mESC[27m[27m[1m
[55;1H[K[7m(END) [27m[55;1H[HMRunning make for A/AN/ANDK/CPAN-Test-Dummy-Perl5-Build-1.03.tar.gz
[HMRunning test for module \'CPAN::Test::Dummy::Perl5::Build\'
[HM  Delayed until after prerequisites
[HMRunning make test
[HMTest-Dummy-Perl5-Make-1.05-n8MQ_C/blib/lib to PERL5LIB for \'test\'
[HMPrepending /root/.cpan/build/CPAN-1.9402/t/dot-cpan/build/CPAN-Test-Dummy-Perl5-Make-1.05-n8MQ_C/blib/arch /root/.cpan/build/CPAN-1.9402/t/dot-cpan/build/CPAN-
[HM    CPAN::Test::Dummy::Perl5::Build [requires]
[HM---- ANDK/cpantestdummies/CPAN-Test-Dummy-Perl5-Make-Features-1