cpanm (App::cpanminus) 1.5006 on perl 5.010001 built for i486-linux-gnu-thread-multi
Work directory is /home/nick/.cpanm/work/1335437544.15572
You have make /usr/bin/make
You have LWP 5.834
You have /bin/tar: tar (GNU tar) 1.22
Copyright Â© 2009 Free Software Foundation, Inc.
License GPLv3+: GNU GPL version 3 or later <http://gnu.org/licenses/gpl.html>.
This is free software: you are free to change and redistribute it.
There is NO WARRANTY, to the extent permitted by law.

Written by John Gilmore and Jay Fenlason.
You have /usr/bin/unzip
Searching install on cpanmetadb ...
Checking if you have ExtUtils::MakeMaker 6.31 ... Yes (6.55_02)
Checking if you have ExtUtils::Install 1.46 ... Yes (1.54)
--> Working on install
Fetching http://search.cpan.org/CPAN/authors/id/D/DA/DAGOLDEN/install-0.01.tar.gz
-> OK
Unpacking install-0.01.tar.gz
Entering install-0.01
Checking configure dependencies from META.yml
Checking if you have ExtUtils::MakeMaker 0 ... Yes (6.55_02)
Configuring install-0.01
Running Makefile.PL
Checking if your kit is complete...
Looks good
Writing Makefile for install
-> OK
Finding PREREQ from Makefile ...
Building and testing install-0.01
cp lib/install.pm blib/lib/install.pm
Manifying blib/man3/install.3pm
PERL_DL_NONLAZY=1 /usr/bin/perl "-MExtUtils::Command::MM" "-e" "test_harness(0, 'blib/lib', 'blib/arch')" t/*.t
t/install.t .. ok
All tests successful.
Files=1, Tests=1,  0 wallclock secs ( 0.03 usr  0.00 sys +  0.03 cusr  0.01 csys =  0.07 CPU)
Result: PASS
Installing /tmp/pps/lib/perl5/install.pm
Installing /tmp/pps/man/man3/install.3pm
Appending installation info to /tmp/pps/lib/perl5/i486-linux-gnu-thread-multi/perllocal.pod
-> OK
Successfully installed install-0.01
Installing /tmp/pps/lib/perl5/i486-linux-gnu-thread-multi/.meta/install-0.01/install.json
Searching Perl::PrereqScanner on cpanmetadb ...
--> Working on Perl::PrereqScanner
Fetching http://search.cpan.org/CPAN/authors/id/J/JQ/JQUELIN/Perl-PrereqScanner-1.011.tar.gz
-> OK
Unpacking Perl-PrereqScanner-1.011.tar.gz
Entering Perl-PrereqScanner-1.011
Checking configure dependencies from META.yml
Checking if you have ExtUtils::MakeMaker 6.30 ... Yes (6.55_02)
Configuring Perl-PrereqScanner-1.011
Running Makefile.PL
Warning: prerequisite CPAN::Meta::Requirements 2.120630 not found.
Warning: prerequisite Test::More 0.96 not found. We have 0.92.
Checking if your kit is complete...
Looks good
Writing Makefile for Perl::PrereqScanner
-> OK
Finding PREREQ from Makefile ...
Checking if you have PPI 1.205 ... Yes (1.208)
Checking if you have FindBin 0 ... Yes (1.50)
Checking if you have String::RewritePrefix 0.005 ... Yes (0.005)
Checking if you have List::Util 0 ... Yes (1.21)
Checking if you have Params::Util 0 ... Yes (1.00)
Checking if you have PPI::Document 0 ... Yes (1.208)
Checking if you have File::Spec::Functions 0 ... Yes (3.30)
Checking if you have List::MoreUtils 0 ... Yes (0.25_02)
Checking if you have Moose 0 ... Yes (0.94)
Checking if you have Try::Tiny 0 ... Yes (0.04)
Checking if you have warnings 0 ... Yes (1.06)
Checking if you have Moose::Role 0 ... Yes (0.94)
Checking if you have Getopt::Long 0 ... Yes (2.38)
Checking if you have namespace::autoclean 0 ... Yes (0.09)
Checking if you have Test::More 0.96 ... No (0.92 < 0.96)
Checking if you have strict 0 ... Yes (1.04)
Checking if you have CPAN::Meta::Requirements 2.120630 ... No
Checking if you have File::Temp 0 ... Yes (0.22)
==> Found dependencies: Test::More, CPAN::Meta::Requirements
Searching Test::More on cpanmetadb ...
--> Working on Test::More
Fetching http://search.cpan.org/CPAN/authors/id/M/MS/MSCHWERN/Test-Simple-0.98.tar.gz
-> OK
Unpacking Test-Simple-0.98.tar.gz
Entering Test-Simple-0.98
Checking configure dependencies from META.yml
Checking if you have ExtUtils::MakeMaker 0 ... Yes (6.55_02)
Configuring Test-Simple-0.98
Running Makefile.PL
Checking if your kit is complete...
Looks good
Writing Makefile for Test::Simple
-> OK
Finding PREREQ from Makefile ...
Checking if you have Test::Harness 2.03 ... Yes (3.17)
Building and testing Test-Simple-0.98
cp lib/Test/Builder/Tester/Color.pm blib/lib/Test/Builder/Tester/Color.pm
cp lib/Test/Builder.pm blib/lib/Test/Builder.pm
cp lib/Test/Simple.pm blib/lib/Test/Simple.pm
cp lib/Test/Builder/IO/Scalar.pm blib/lib/Test/Builder/IO/Scalar.pm
cp lib/Test/More.pm blib/lib/Test/More.pm
cp lib/Test/Builder/Module.pm blib/lib/Test/Builder/Module.pm
cp lib/Test/Builder/Tester.pm blib/lib/Test/Builder/Tester.pm
cp lib/Test/Tutorial.pod blib/lib/Test/Tutorial.pod
Manifying blib/man3/Test::Builder::Tester::Color.3pm
Manifying blib/man3/Test::Simple.3pm
Manifying blib/man3/Test::Builder.3pm
Manifying blib/man3/Test::Builder::IO::Scalar.3pm
Manifying blib/man3/Test::More.3pm
Manifying blib/man3/Test::Builder::Tester.3pm
Manifying blib/man3/Test::Builder::Module.3pm
Manifying blib/man3/Test::Tutorial.3pm
PERL_DL_NONLAZY=1 /usr/bin/perl "-MExtUtils::Command::MM" "-e" "test_harness(0, 'blib/lib', 'blib/arch')" t/*.t t/*/*.t
t/00compile.t ........................... ok
t/00test_harness_check.t ................ ok
t/bad_plan.t ............................ ok
t/bail_out.t ............................ ok
t/BEGIN_require_ok.t .................... ok
t/BEGIN_use_ok.t ........................ ok
t/buffer.t .............................. ok
t/Builder/Builder.t ..................... ok
t/Builder/carp.t ........................ ok
t/Builder/create.t ...................... ok
t/Builder/current_test.t ................ ok
t/Builder/current_test_without_plan.t ... ok
t/Builder/details.t ..................... ok
t/Builder/done_testing.t ................ ok
t/Builder/done_testing_double.t ......... ok
t/Builder/done_testing_plan_mismatch.t .. ok
t/Builder/done_testing_with_no_plan.t ... ok
t/Builder/done_testing_with_number.t .... ok
t/Builder/done_testing_with_plan.t ...... ok
t/Builder/fork_with_new_stdout.t ........ ok
t/Builder/has_plan.t .................... ok
t/Builder/has_plan2.t ................... ok
t/Builder/is_fh.t ....................... ok
t/Builder/is_passing.t .................. ok
t/Builder/maybe_regex.t ................. ok
t/Builder/no_diag.t ..................... ok
t/Builder/no_ending.t ................... ok
t/Builder/no_header.t ................... ok
t/Builder/no_plan_at_all.t .............. ok
t/Builder/ok_obj.t ...................... ok
t/Builder/output.t ...................... ok
t/Builder/reset.t ....................... ok
t/Builder/reset_outputs.t ............... ok
t/Builder/try.t ......................... ok
t/c_flag.t .............................. ok
t/circular_data.t ....................... ok
t/cmp_ok.t .............................. ok
t/dependents.t .......................... skipped: Dependents only tested when releasing
t/diag.t ................................ ok
t/died.t ................................ ok
t/dont_overwrite_die_handler.t .......... ok
t/eq_set.t .............................. ok
t/exit.t ................................ ok
t/explain.t ............................. ok
t/extra.t ............................... ok
t/extra_one.t ........................... ok
t/fail-like.t ........................... ok
t/fail-more.t ........................... ok
t/fail.t ................................ ok
t/fail_one.t ............................ ok
t/filehandles.t ......................... ok
t/fork.t ................................ ok
t/harness_active.t ...................... ok
t/import.t .............................. ok
t/is_deeply_dne_bug.t ................... ok
t/is_deeply_fail.t ...................... ok
t/is_deeply_with_threads.t .............. skipped: many perls have broken threads.  Enable with AUTHOR_TESTING.
t/missing.t ............................. ok
t/More.t ................................ ok
t/new_ok.t .............................. ok
t/no_plan.t ............................. ok
t/no_tests.t ............................ ok
t/note.t ................................ ok
t/overload.t ............................ ok
t/overload_threads.t .................... ok
t/plan.t ................................ ok
t/plan_bad.t ............................ ok
t/plan_is_noplan.t ...................... ok
t/plan_no_plan.t ........................ ok
t/plan_shouldnt_import.t ................ ok
t/plan_skip_all.t ....................... skipped: Just testing plan & skip_all
t/pod-coverage.t ........................ ok
t/pod.t ................................. ok
t/require_ok.t .......................... ok
t/simple.t .............................. ok
t/Simple/load.t ......................... ok
t/skip.t ................................ ok
t/skipall.t ............................. ok
t/subtest/args.t ........................ ok
t/subtest/basic.t ....................... ok
t/subtest/die.t ......................... ok
t/subtest/do.t .......................... ok
t/subtest/exceptions.t .................. ok
t/subtest/fork.t ........................ ok
t/subtest/implicit_done.t ............... ok
t/subtest/line_numbers.t ................ ok
t/subtest/plan.t ........................ ok
t/subtest/predicate.t ................... ok
t/subtest/singleton.t ................... ok
t/subtest/todo.t ........................ ok
t/subtest/wstat.t ....................... ok
t/tbm_doesnt_set_exported_to.t .......... ok
t/Tester/tbt_01basic.t .................. ok
t/Tester/tbt_02fhrestore.t .............. ok
t/Tester/tbt_03die.t .................... ok
t/Tester/tbt_04line_num.t ............... ok
t/Tester/tbt_05faildiag.t ............... ok
t/Tester/tbt_06errormess.t .............. ok
t/Tester/tbt_07args.t ................... ok
t/thread_taint.t ........................ ok
t/threads.t ............................. ok
t/todo.t ................................ ok
t/undef.t ............................... ok
t/use_ok.t .............................. ok
t/useing.t .............................. ok
t/utf8.t ................................ ok
t/versions.t ............................ ok
All tests successful.
Files=107, Tests=1183,  9 wallclock secs ( 0.65 usr  0.15 sys +  6.37 cusr  1.54 csys =  8.71 CPU)
Result: PASS
Installing /tmp/pps/lib/perl5/Test/Builder.pm
Installing /tmp/pps/lib/perl5/Test/Simple.pm
Installing /tmp/pps/lib/perl5/Test/More.pm
Installing /tmp/pps/lib/perl5/Test/Tutorial.pod
Installing /tmp/pps/lib/perl5/Test/Builder/Module.pm
Installing /tmp/pps/lib/perl5/Test/Builder/Tester.pm
Installing /tmp/pps/lib/perl5/Test/Builder/Tester/Color.pm
Installing /tmp/pps/lib/perl5/Test/Builder/IO/Scalar.pm
Installing /tmp/pps/man/man3/Test::Builder::Tester::Color.3pm
Installing /tmp/pps/man/man3/Test::Simple.3pm
Installing /tmp/pps/man/man3/Test::Builder.3pm
Installing /tmp/pps/man/man3/Test::Builder::IO::Scalar.3pm
Installing /tmp/pps/man/man3/Test::More.3pm
Installing /tmp/pps/man/man3/Test::Builder::Tester.3pm
Installing /tmp/pps/man/man3/Test::Builder::Module.3pm
Installing /tmp/pps/man/man3/Test::Tutorial.3pm
-> OK
Successfully installed Test-Simple-0.98 (upgraded from 0.92)
Installing /tmp/pps/lib/perl5/i486-linux-gnu-thread-multi/.meta/Test-Simple-0.98/install.json
Searching CPAN::Meta::Requirements on cpanmetadb ...
--> Working on CPAN::Meta::Requirements
Fetching http://search.cpan.org/CPAN/authors/id/D/DA/DAGOLDEN/CPAN-Meta-Requirements-2.121.tar.gz
-> OK
Unpacking CPAN-Meta-Requirements-2.121.tar.gz
Entering CPAN-Meta-Requirements-2.121
Checking configure dependencies from META.yml
Checking if you have ExtUtils::MakeMaker 6.17 ... Yes (6.55_02)
Configuring CPAN-Meta-Requirements-2.121
Running Makefile.PL
Checking if your kit is complete...
Looks good
Writing Makefile for CPAN::Meta::Requirements
-> OK
Finding PREREQ from Makefile ...
Checking if you have warnings 0 ... Yes (1.06)
Checking if you have Scalar::Util 0 ... Yes (1.21)
Checking if you have version 0.77 ... Yes (0.95)
Checking if you have Carp 0 ... Yes (1.11)
Checking if you have Test::More 0.88 ... Yes (0.98)
Checking if you have strict 0 ... Yes (1.04)
Checking if you have File::Find 0 ... Yes (1.14)
Checking if you have File::Temp 0 ... Yes (0.22)
Building and testing CPAN-Meta-Requirements-2.121
cp lib/CPAN/Meta/Requirements.pm blib/lib/CPAN/Meta/Requirements.pm
Manifying blib/man3/CPAN::Meta::Requirements.3pm
PERL_DL_NONLAZY=1 /usr/bin/perl "-MExtUtils::Command::MM" "-e" "test_harness(0, 'blib/lib', 'blib/arch')" t/*.t
t/00-compile.t ........ ok
t/accepts.t ........... ok
t/bad_version_hook.t .. ok
t/basic.t ............. ok
t/finalize.t .......... ok
t/from-hash.t ......... ok
t/merge.t ............. ok
All tests successful.
Files=7, Tests=53,  1 wallclock secs ( 0.07 usr  0.00 sys +  0.41 cusr  0.10 csys =  0.58 CPU)
Result: PASS
Installing /tmp/pps/lib/perl5/CPAN/Meta/Requirements.pm
Installing /tmp/pps/man/man3/CPAN::Meta::Requirements.3pm
Appending installation info to /tmp/pps/lib/perl5/i486-linux-gnu-thread-multi/perllocal.pod
-> OK
Successfully installed CPAN-Meta-Requirements-2.121
Installing /tmp/pps/lib/perl5/i486-linux-gnu-thread-multi/.meta/CPAN-Meta-Requirements-2.121/install.json
Building and testing Perl-PrereqScanner-1.011
cp lib/Perl/PrereqScanner/Scanner/Moose.pm blib/lib/Perl/PrereqScanner/Scanner/Moose.pm
cp lib/Perl/PrereqScanner/Scanner/TestMore.pm blib/lib/Perl/PrereqScanner/Scanner/TestMore.pm
cp lib/Perl/PrereqScanner.pm blib/lib/Perl/PrereqScanner.pm
cp lib/Perl/PrereqScanner/Scanner/Aliased.pm blib/lib/Perl/PrereqScanner/Scanner/Aliased.pm
cp lib/Perl/PrereqScanner/Scanner/POE.pm blib/lib/Perl/PrereqScanner/Scanner/POE.pm
cp lib/Perl/PrereqScanner/Scanner/Perl5.pm blib/lib/Perl/PrereqScanner/Scanner/Perl5.pm
cp lib/Perl/PrereqScanner/Scanner.pm blib/lib/Perl/PrereqScanner/Scanner.pm
cp bin/scan_prereqs blib/script/scan_prereqs
/usr/bin/perl -MExtUtils::MY -e 'MY->fixin(shift)' -- blib/script/scan_prereqs
Manifying blib/man1/scan_prereqs.1p
Manifying blib/man3/Perl::PrereqScanner::Scanner::TestMore.3pm
Manifying blib/man3/Perl::PrereqScanner::Scanner::Moose.3pm
Manifying blib/man3/Perl::PrereqScanner.3pm
Manifying blib/man3/Perl::PrereqScanner::Scanner::Aliased.3pm
Manifying blib/man3/Perl::PrereqScanner::Scanner::Perl5.3pm
Manifying blib/man3/Perl::PrereqScanner::Scanner::POE.3pm
Manifying blib/man3/Perl::PrereqScanner::Scanner.3pm
PERL_DL_NONLAZY=1 /usr/bin/perl "-MExtUtils::Command::MM" "-e" "test_harness(0, 'blib/lib', 'blib/arch')" t/*.t

#   Failed test 'require Require; Require->VERSION(q[1.00]);'
#   at t/autoprereq.t line 21.
#     Structures begin differing at:
#          $got->{Require} = '0'
#     $expected->{Require} = '1.00'

#   Failed test 'require Require; Require->VERSION(q[1.00]);'
#   at t/autoprereq.t line 30.
#     Structures begin differing at:
#          $got->{Require} = '0'
#     $expected->{Require} = '1.00'

#   Failed test 'require Require; Require->VERSION(q[1.00]);'
#   at t/autoprereq.t line 42.
#     Structures begin differing at:
#          $got->{Require} = '0'
#     $expected->{Require} = '1.00'
# Looks like you failed 3 tests of 226.
t/autoprereq.t .......... 
Dubious, test returned 3 (wstat 768, 0x300)
Failed 3/226 subtests 
	(3 TODO tests unexpectedly succeeded)
t/release-pod-syntax.t .. skipped: these tests are for release candidate testing
t/scan_prereqs.t ........ ok

Test Summary Report
-------------------
t/autoprereq.t        (Wstat: 768 Tests: 226 Failed: 3)
  Failed tests:  37-39
  TODO passed:   70-72
  Non-zero exit status: 3
Files=3, Tests=228,  3 wallclock secs ( 0.09 usr  0.02 sys +  2.88 cusr  0.24 csys =  3.23 CPU)
Result: FAIL
Failed 1/3 test programs. 3/228 subtests failed.
make: *** [test_dynamic] Error 255
-> FAIL Installing Perl::PrereqScanner failed. See /home/nick/.cpanm/build.log for details.
3 distributions installed
